2025-04-09 20:30:55,315 - INFO - Log file: logs/2025-04-09_20-30-55/loggings.log
2025-04-09 20:30:55,315 - INFO - Starting CholecT50 experiment for Surgical Actions Prediction
2025-04-09 20:30:55,315 - INFO - Experiment configuration: {'max_videos': None, 'recognition': {'train': True, 'inference': True, 'best_model_path': 'best_model_epoch2_map0.5008.pt'}, 'pretrain_next_frame': {'train': False, 'inference': False, 'best_model_path': 'best_model_epoch1_valloss1.190734.pt'}, 'pretrain_reward_model': False, 'calculate_action_rewards': False, 'train_action_policy': False, 'run_tdmpc': False, 'analyze_results': False, 'run_evaluation': False}
2025-04-09 20:30:55,315 - INFO - Using device: cuda
2025-04-09 20:30:55,315 - INFO - Loading CholecT50 data...
2025-04-09 20:31:06,740 - INFO - Starting model training...
2025-04-09 20:31:06,873 - INFO - [TRAIN] Epoch 1/5, Batch 0/4933, Loss: 1.4304
2025-04-09 20:31:08,067 - INFO - [TRAIN] Epoch 1/5, Batch 80/4933, Loss: 0.2556
2025-04-09 20:31:09,276 - INFO - [TRAIN] Epoch 1/5, Batch 160/4933, Loss: 0.1288
2025-04-09 20:31:10,492 - INFO - [TRAIN] Epoch 1/5, Batch 240/4933, Loss: 0.1988
2025-04-09 20:31:11,729 - INFO - [TRAIN] Epoch 1/5, Batch 320/4933, Loss: 0.0883
2025-04-09 20:31:12,999 - INFO - [TRAIN] Epoch 1/5, Batch 400/4933, Loss: 0.1331
2025-04-09 20:31:14,259 - INFO - [TRAIN] Epoch 1/5, Batch 480/4933, Loss: 0.0366
2025-04-09 20:31:15,542 - INFO - [TRAIN] Epoch 1/5, Batch 560/4933, Loss: 0.0385
2025-04-09 20:31:16,835 - INFO - [TRAIN] Epoch 1/5, Batch 640/4933, Loss: 0.0348
2025-04-09 20:31:18,150 - INFO - [TRAIN] Epoch 1/5, Batch 720/4933, Loss: 0.0533
2025-04-09 20:31:19,472 - INFO - [TRAIN] Epoch 1/5, Batch 800/4933, Loss: 0.0548
2025-04-09 20:31:20,844 - INFO - [TRAIN] Epoch 1/5, Batch 880/4933, Loss: 0.0205
2025-04-09 20:31:22,210 - INFO - [TRAIN] Epoch 1/5, Batch 960/4933, Loss: 0.0284
2025-04-09 20:31:23,615 - INFO - [TRAIN] Epoch 1/5, Batch 1040/4933, Loss: 0.0844
2025-04-09 20:31:24,943 - INFO - [TRAIN] Epoch 1/5, Batch 1120/4933, Loss: 0.0342
2025-04-09 20:31:26,244 - INFO - [TRAIN] Epoch 1/5, Batch 1200/4933, Loss: 0.0848
2025-04-09 20:31:27,548 - INFO - [TRAIN] Epoch 1/5, Batch 1280/4933, Loss: 0.1179
2025-04-09 20:31:28,873 - INFO - [TRAIN] Epoch 1/5, Batch 1360/4933, Loss: 0.0946
2025-04-09 20:31:30,220 - INFO - [TRAIN] Epoch 1/5, Batch 1440/4933, Loss: 0.0403
2025-04-09 20:31:31,575 - INFO - [TRAIN] Epoch 1/5, Batch 1520/4933, Loss: 0.0284
2025-04-09 20:31:33,016 - INFO - [TRAIN] Epoch 1/5, Batch 1600/4933, Loss: 0.0222
2025-04-09 20:31:34,477 - INFO - [TRAIN] Epoch 1/5, Batch 1680/4933, Loss: 0.0205
2025-04-09 20:31:35,870 - INFO - [TRAIN] Epoch 1/5, Batch 1760/4933, Loss: 0.0234
2025-04-09 20:31:37,264 - INFO - [TRAIN] Epoch 1/5, Batch 1840/4933, Loss: 0.0693
2025-04-09 20:31:38,649 - INFO - [TRAIN] Epoch 1/5, Batch 1920/4933, Loss: 0.0596
2025-04-09 20:31:40,069 - INFO - [TRAIN] Epoch 1/5, Batch 2000/4933, Loss: 0.0416
2025-04-09 20:31:41,475 - INFO - [TRAIN] Epoch 1/5, Batch 2080/4933, Loss: 0.0598
2025-04-09 20:31:42,901 - INFO - [TRAIN] Epoch 1/5, Batch 2160/4933, Loss: 0.0530
2025-04-09 20:31:44,328 - INFO - [TRAIN] Epoch 1/5, Batch 2240/4933, Loss: 0.0239
2025-04-09 20:31:45,933 - INFO - [TRAIN] Epoch 1/5, Batch 2320/4933, Loss: 0.0744
2025-04-09 20:31:47,944 - INFO - [TRAIN] Epoch 1/5, Batch 2400/4933, Loss: 0.0270
2025-04-09 20:31:50,007 - INFO - [TRAIN] Epoch 1/5, Batch 2480/4933, Loss: 0.0852
2025-04-09 20:31:52,096 - INFO - [TRAIN] Epoch 1/5, Batch 2560/4933, Loss: 0.0342
2025-04-09 20:31:54,197 - INFO - [TRAIN] Epoch 1/5, Batch 2640/4933, Loss: 0.0595
2025-04-09 20:31:56,312 - INFO - [TRAIN] Epoch 1/5, Batch 2720/4933, Loss: 0.0345
2025-04-09 20:31:58,482 - INFO - [TRAIN] Epoch 1/5, Batch 2800/4933, Loss: 0.0467
2025-04-09 20:32:00,671 - INFO - [TRAIN] Epoch 1/5, Batch 2880/4933, Loss: 0.0883
2025-04-09 20:32:02,935 - INFO - [TRAIN] Epoch 1/5, Batch 2960/4933, Loss: 0.0678
2025-04-09 20:32:05,168 - INFO - [TRAIN] Epoch 1/5, Batch 3040/4933, Loss: 0.0538
2025-04-09 20:32:07,417 - INFO - [TRAIN] Epoch 1/5, Batch 3120/4933, Loss: 0.1643
2025-04-09 20:32:09,695 - INFO - [TRAIN] Epoch 1/5, Batch 3200/4933, Loss: 0.0281
2025-04-09 20:32:12,064 - INFO - [TRAIN] Epoch 1/5, Batch 3280/4933, Loss: 0.0476
2025-04-09 20:32:14,434 - INFO - [TRAIN] Epoch 1/5, Batch 3360/4933, Loss: 0.0876
2025-04-09 20:32:16,898 - INFO - [TRAIN] Epoch 1/5, Batch 3440/4933, Loss: 0.1225
2025-04-09 20:32:19,353 - INFO - [TRAIN] Epoch 1/5, Batch 3520/4933, Loss: 0.0480
2025-04-09 20:32:21,885 - INFO - [TRAIN] Epoch 1/5, Batch 3600/4933, Loss: 0.0251
2025-04-09 20:32:24,414 - INFO - [TRAIN] Epoch 1/5, Batch 3680/4933, Loss: 0.1000
2025-04-09 20:32:26,991 - INFO - [TRAIN] Epoch 1/5, Batch 3760/4933, Loss: 0.0222
2025-04-09 20:32:29,594 - INFO - [TRAIN] Epoch 1/5, Batch 3840/4933, Loss: 0.0735
2025-04-09 20:32:32,267 - INFO - [TRAIN] Epoch 1/5, Batch 3920/4933, Loss: 0.0888
2025-04-09 20:32:34,945 - INFO - [TRAIN] Epoch 1/5, Batch 4000/4933, Loss: 0.0366
2025-04-09 20:32:37,687 - INFO - [TRAIN] Epoch 1/5, Batch 4080/4933, Loss: 0.0799
2025-04-09 20:32:40,433 - INFO - [TRAIN] Epoch 1/5, Batch 4160/4933, Loss: 0.0577
2025-04-09 20:32:43,224 - INFO - [TRAIN] Epoch 1/5, Batch 4240/4933, Loss: 0.0138
2025-04-09 20:32:46,004 - INFO - [TRAIN] Epoch 1/5, Batch 4320/4933, Loss: 0.0158
2025-04-09 20:32:48,838 - INFO - [TRAIN] Epoch 1/5, Batch 4400/4933, Loss: 0.0559
2025-04-09 20:32:51,683 - INFO - [TRAIN] Epoch 1/5, Batch 4480/4933, Loss: 0.0275
2025-04-09 20:32:54,600 - INFO - [TRAIN] Epoch 1/5, Batch 4560/4933, Loss: 0.0262
2025-04-09 20:32:57,517 - INFO - [TRAIN] Epoch 1/5, Batch 4640/4933, Loss: 0.0554
2025-04-09 20:33:00,455 - INFO - [TRAIN] Epoch 1/5, Batch 4720/4933, Loss: 0.0150
2025-04-09 20:33:03,409 - INFO - [TRAIN] Epoch 1/5, Batch 4800/4933, Loss: 0.0507
2025-04-09 20:33:06,404 - INFO - [TRAIN] Epoch 1/5, Batch 4880/4933, Loss: 0.0056
2025-04-09 20:33:09,720 - INFO - [TRAIN] Epoch 1/5, Train mAP Action (sklearn): 0.2113
2025-04-09 20:33:09,721 - INFO - [TRAIN] Epoch 1/5, Train mAP Instrument (sklearn): 0.9687
2025-04-09 20:33:09,721 - INFO - [TRAIN] Epoch 1/5, Train Loss: 0.0702
2025-04-09 20:33:17,919 - INFO - [TRAIN] instrument mean AP (ivt_metrics): 0.8405648481902791
2025-04-09 20:33:19,190 - INFO - [TRAIN] action mean AP (ivt_metrics): 0.2113117553532271
2025-04-09 20:33:19,190 - INFO - [TRAIN] Epoch 1/5, Train mAP Instrument (ivt metrics): 0.8406
2025-04-09 20:33:19,190 - INFO - [TRAIN] Epoch 1/5, Train mAP Action (ivt metrics): 0.2113
2025-04-09 20:33:19,384 - INFO - [VALIDATION] Video VID02 | Batch 0/178
2025-04-09 20:33:21,891 - INFO - [VALIDATION] Video VID02 | Batch 80/178
2025-04-09 20:33:22,229 - INFO - [VALIDATION] Video VID02 | Batch 160/178
2025-04-09 20:33:22,388 - INFO - [VALIDATION] Video VID02: Test mAP (sklearn) Action: 0.4493
2025-04-09 20:33:22,388 - INFO - [VALIDATION] Video VID02: Test mAP (sklearn) Instrument: 0.9260
2025-04-09 20:33:22,598 - INFO - [VALIDATION] Video VID06 | Batch 0/135
2025-04-09 20:33:22,914 - INFO - [VALIDATION] Video VID06 | Batch 80/135
2025-04-09 20:33:23,196 - INFO - [VALIDATION] Video VID06: Test mAP (sklearn) Action: 0.4698
2025-04-09 20:33:23,196 - INFO - [VALIDATION] Video VID06: Test mAP (sklearn) Instrument: 0.9444
2025-04-09 20:33:23,379 - INFO - [VALIDATION] Video VID111 | Batch 0/135
2025-04-09 20:33:23,693 - INFO - [VALIDATION] Video VID111 | Batch 80/135
2025-04-09 20:33:23,979 - INFO - [VALIDATION] Video VID111: Test mAP (sklearn) Action: 0.5238
2025-04-09 20:33:23,979 - INFO - [VALIDATION] Video VID111: Test mAP (sklearn) Instrument: 0.9589
2025-04-09 20:33:24,161 - INFO - [VALIDATION] Video VID14 | Batch 0/107
2025-04-09 20:33:24,470 - INFO - [VALIDATION] Video VID14 | Batch 80/107
2025-04-09 20:33:24,644 - INFO - [VALIDATION] Video VID14: Test mAP (sklearn) Action: 0.3619
2025-04-09 20:33:24,644 - INFO - [VALIDATION] Video VID14: Test mAP (sklearn) Instrument: 0.8406
2025-04-09 20:33:24,827 - INFO - [VALIDATION] Video VID23 | Batch 0/103
2025-04-09 20:33:25,132 - INFO - [VALIDATION] Video VID23 | Batch 80/103
2025-04-09 20:33:25,286 - INFO - [VALIDATION] Video VID23: Test mAP (sklearn) Action: 0.4567
2025-04-09 20:33:25,286 - INFO - [VALIDATION] Video VID23: Test mAP (sklearn) Instrument: 0.8933
2025-04-09 20:33:25,465 - INFO - [VALIDATION] Video VID25 | Batch 0/134
2025-04-09 20:33:25,772 - INFO - [VALIDATION] Video VID25 | Batch 80/134
2025-04-09 20:33:26,041 - INFO - [VALIDATION] Video VID25: Test mAP (sklearn) Action: 0.5830
2025-04-09 20:33:26,041 - INFO - [VALIDATION] Video VID25: Test mAP (sklearn) Instrument: 0.9119
2025-04-09 20:33:26,225 - INFO - [VALIDATION] Video VID50 | Batch 0/69
2025-04-09 20:33:26,545 - INFO - [VALIDATION] Video VID50: Test mAP (sklearn) Action: 0.5400
2025-04-09 20:33:26,545 - INFO - [VALIDATION] Video VID50: Test mAP (sklearn) Instrument: 0.9843
2025-04-09 20:33:26,723 - INFO - [VALIDATION] Video VID51 | Batch 0/184
2025-04-09 20:33:27,028 - INFO - [VALIDATION] Video VID51 | Batch 80/184
2025-04-09 20:33:27,343 - INFO - [VALIDATION] Video VID51 | Batch 160/184
2025-04-09 20:33:27,507 - INFO - [VALIDATION] Video VID51: Test mAP (sklearn) Action: 0.4873
2025-04-09 20:33:27,507 - INFO - [VALIDATION] Video VID51: Test mAP (sklearn) Instrument: 0.9587
2025-04-09 20:33:27,682 - INFO - [VALIDATION] Video VID66 | Batch 0/114
2025-04-09 20:33:27,984 - INFO - [VALIDATION] Video VID66 | Batch 80/114
2025-04-09 20:33:28,178 - INFO - [VALIDATION] Video VID66: Test mAP (sklearn) Action: 0.6078
2025-04-09 20:33:28,178 - INFO - [VALIDATION] Video VID66: Test mAP (sklearn) Instrument: 0.9302
2025-04-09 20:33:28,361 - INFO - [VALIDATION] Video VID79 | Batch 0/214
2025-04-09 20:33:28,672 - INFO - [VALIDATION] Video VID79 | Batch 80/214
2025-04-09 20:33:28,994 - INFO - [VALIDATION] Video VID79 | Batch 160/214
2025-04-09 20:33:29,297 - INFO - [VALIDATION] Video VID79: Test mAP (sklearn) Action: 0.4142
2025-04-09 20:33:29,297 - INFO - [VALIDATION] Video VID79: Test mAP (sklearn) Instrument: 0.9801
2025-04-09 20:33:32,013 - INFO - [VALIDATION] Overall action mAP (sklearn): 0.4894
2025-04-09 20:33:32,013 - INFO - [VALIDATION] Overall instrument mAP (sklearn): 0.9328
2025-04-09 20:33:32,013 - INFO - [VALIDATION] Overall action mAP (ivt): 0.3575
2025-04-09 20:33:32,013 - INFO - [VALIDATION] Overall instrument mAP (ivt): 0.9198
2025-04-09 20:33:32,013 - INFO - [VALIDATION] Epoch 1: mAP Action (sklearn): 0.4894
2025-04-09 20:33:32,013 - INFO - [VALIDATION] Epoch 1: mAP Instrument (sklearn): 0.9328
2025-04-09 20:33:32,013 - INFO - [VALIDATION] Epoch 1: mAP Action (ivt): 0.3575
2025-04-09 20:33:32,013 - INFO - [VALIDATION] Epoch 1: mAP Instrument (ivt): 0.9198
2025-04-09 20:33:32,121 - INFO - Saved new best model with mAP: 0.3575
2025-04-09 20:33:32,141 - INFO - [TRAIN] Epoch 2/5, Batch 0/4933, Loss: 0.0085
2025-04-09 20:33:33,357 - INFO - [TRAIN] Epoch 2/5, Batch 80/4933, Loss: 0.0271
2025-04-09 20:33:34,577 - INFO - [TRAIN] Epoch 2/5, Batch 160/4933, Loss: 0.0852
2025-04-09 20:33:35,821 - INFO - [TRAIN] Epoch 2/5, Batch 240/4933, Loss: 0.0184
2025-04-09 20:33:37,084 - INFO - [TRAIN] Epoch 2/5, Batch 320/4933, Loss: 0.0904
2025-04-09 20:33:38,358 - INFO - [TRAIN] Epoch 2/5, Batch 400/4933, Loss: 0.0668
2025-04-09 20:33:39,658 - INFO - [TRAIN] Epoch 2/5, Batch 480/4933, Loss: 0.0592
2025-04-09 20:33:40,970 - INFO - [TRAIN] Epoch 2/5, Batch 560/4933, Loss: 0.0517
2025-04-09 20:33:42,294 - INFO - [TRAIN] Epoch 2/5, Batch 640/4933, Loss: 0.0350
2025-04-09 20:33:43,613 - INFO - [TRAIN] Epoch 2/5, Batch 720/4933, Loss: 0.0114
2025-04-09 20:33:44,964 - INFO - [TRAIN] Epoch 2/5, Batch 800/4933, Loss: 0.1247
2025-04-09 20:33:46,329 - INFO - [TRAIN] Epoch 2/5, Batch 880/4933, Loss: 0.0274
2025-04-09 20:33:47,708 - INFO - [TRAIN] Epoch 2/5, Batch 960/4933, Loss: 0.0158
2025-04-09 20:33:49,088 - INFO - [TRAIN] Epoch 2/5, Batch 1040/4933, Loss: 0.0460
2025-04-09 20:33:50,435 - INFO - [TRAIN] Epoch 2/5, Batch 1120/4933, Loss: 0.0538
2025-04-09 20:33:51,759 - INFO - [TRAIN] Epoch 2/5, Batch 1200/4933, Loss: 0.0286
2025-04-09 20:33:53,090 - INFO - [TRAIN] Epoch 2/5, Batch 1280/4933, Loss: 0.0104
2025-04-09 20:33:54,426 - INFO - [TRAIN] Epoch 2/5, Batch 1360/4933, Loss: 0.0550
2025-04-09 20:33:55,773 - INFO - [TRAIN] Epoch 2/5, Batch 1440/4933, Loss: 0.0103
2025-04-09 20:33:57,123 - INFO - [TRAIN] Epoch 2/5, Batch 1520/4933, Loss: 0.0606
2025-04-09 20:33:58,499 - INFO - [TRAIN] Epoch 2/5, Batch 1600/4933, Loss: 0.1168
2025-04-09 20:33:59,861 - INFO - [TRAIN] Epoch 2/5, Batch 1680/4933, Loss: 0.0518
2025-04-09 20:34:01,249 - INFO - [TRAIN] Epoch 2/5, Batch 1760/4933, Loss: 0.0165
2025-04-09 20:34:02,630 - INFO - [TRAIN] Epoch 2/5, Batch 1840/4933, Loss: 0.0367
2025-04-09 20:34:04,047 - INFO - [TRAIN] Epoch 2/5, Batch 1920/4933, Loss: 0.0326
2025-04-09 20:34:05,427 - INFO - [TRAIN] Epoch 2/5, Batch 2000/4933, Loss: 0.0380
2025-04-09 20:34:06,843 - INFO - [TRAIN] Epoch 2/5, Batch 2080/4933, Loss: 0.0658
2025-04-09 20:34:08,260 - INFO - [TRAIN] Epoch 2/5, Batch 2160/4933, Loss: 0.0445
2025-04-09 20:34:09,699 - INFO - [TRAIN] Epoch 2/5, Batch 2240/4933, Loss: 0.0385
2025-04-09 20:34:11,145 - INFO - [TRAIN] Epoch 2/5, Batch 2320/4933, Loss: 0.0295
2025-04-09 20:34:12,593 - INFO - [TRAIN] Epoch 2/5, Batch 2400/4933, Loss: 0.0569
2025-04-09 20:34:14,056 - INFO - [TRAIN] Epoch 2/5, Batch 2480/4933, Loss: 0.0632
2025-04-09 20:34:15,527 - INFO - [TRAIN] Epoch 2/5, Batch 2560/4933, Loss: 0.0235
2025-04-09 20:34:17,099 - INFO - [TRAIN] Epoch 2/5, Batch 2640/4933, Loss: 0.0571
2025-04-09 20:34:18,936 - INFO - [TRAIN] Epoch 2/5, Batch 2720/4933, Loss: 0.0355
2025-04-09 20:34:20,871 - INFO - [TRAIN] Epoch 2/5, Batch 2800/4933, Loss: 0.0626
2025-04-09 20:34:22,784 - INFO - [TRAIN] Epoch 2/5, Batch 2880/4933, Loss: 0.0469
2025-04-09 20:34:24,731 - INFO - [TRAIN] Epoch 2/5, Batch 2960/4933, Loss: 0.0286
2025-04-09 20:34:26,706 - INFO - [TRAIN] Epoch 2/5, Batch 3040/4933, Loss: 0.0361
2025-04-09 20:34:28,738 - INFO - [TRAIN] Epoch 2/5, Batch 3120/4933, Loss: 0.0511
2025-04-09 20:34:30,781 - INFO - [TRAIN] Epoch 2/5, Batch 3200/4933, Loss: 0.0397
2025-04-09 20:34:32,845 - INFO - [TRAIN] Epoch 2/5, Batch 3280/4933, Loss: 0.0327
2025-04-09 20:34:34,933 - INFO - [TRAIN] Epoch 2/5, Batch 3360/4933, Loss: 0.0384
2025-04-09 20:34:37,064 - INFO - [TRAIN] Epoch 2/5, Batch 3440/4933, Loss: 0.0499
2025-04-09 20:34:39,173 - INFO - [TRAIN] Epoch 2/5, Batch 3520/4933, Loss: 0.0304
2025-04-09 20:34:41,339 - INFO - [TRAIN] Epoch 2/5, Batch 3600/4933, Loss: 0.0441
2025-04-09 20:34:43,509 - INFO - [TRAIN] Epoch 2/5, Batch 3680/4933, Loss: 0.0679
2025-04-09 20:34:45,722 - INFO - [TRAIN] Epoch 2/5, Batch 3760/4933, Loss: 0.0201
2025-04-09 20:34:47,927 - INFO - [TRAIN] Epoch 2/5, Batch 3840/4933, Loss: 0.0256
2025-04-09 20:34:50,174 - INFO - [TRAIN] Epoch 2/5, Batch 3920/4933, Loss: 0.0279
2025-04-09 20:34:52,437 - INFO - [TRAIN] Epoch 2/5, Batch 4000/4933, Loss: 0.0397
2025-04-09 20:34:54,753 - INFO - [TRAIN] Epoch 2/5, Batch 4080/4933, Loss: 0.1614
2025-04-09 20:34:57,100 - INFO - [TRAIN] Epoch 2/5, Batch 4160/4933, Loss: 0.0648
2025-04-09 20:34:59,503 - INFO - [TRAIN] Epoch 2/5, Batch 4240/4933, Loss: 0.0124
2025-04-09 20:35:02,006 - INFO - [TRAIN] Epoch 2/5, Batch 4320/4933, Loss: 0.0297
2025-04-09 20:35:04,632 - INFO - [TRAIN] Epoch 2/5, Batch 4400/4933, Loss: 0.0122
2025-04-09 20:35:07,256 - INFO - [TRAIN] Epoch 2/5, Batch 4480/4933, Loss: 0.0606
2025-04-09 20:35:09,894 - INFO - [TRAIN] Epoch 2/5, Batch 4560/4933, Loss: 0.0590
2025-04-09 20:35:12,862 - INFO - [TRAIN] Epoch 2/5, Batch 4640/4933, Loss: 0.0436
2025-04-09 20:35:15,881 - INFO - [TRAIN] Epoch 2/5, Batch 4720/4933, Loss: 0.0338
2025-04-09 20:35:18,882 - INFO - [TRAIN] Epoch 2/5, Batch 4800/4933, Loss: 0.0214
2025-04-09 20:35:21,924 - INFO - [TRAIN] Epoch 2/5, Batch 4880/4933, Loss: 0.0690
2025-04-09 20:35:25,280 - INFO - [TRAIN] Epoch 2/5, Train mAP Action (sklearn): 0.5677
2025-04-09 20:35:25,280 - INFO - [TRAIN] Epoch 2/5, Train mAP Instrument (sklearn): 0.9825
2025-04-09 20:35:25,280 - INFO - [TRAIN] Epoch 2/5, Train Loss: 0.0470
2025-04-09 20:35:33,451 - INFO - [TRAIN] instrument mean AP (ivt_metrics): 0.9739066541125004
2025-04-09 20:35:34,729 - INFO - [TRAIN] action mean AP (ivt_metrics): 0.5677210565331307
2025-04-09 20:35:34,730 - INFO - [TRAIN] Epoch 2/5, Train mAP Instrument (ivt metrics): 0.9739
2025-04-09 20:35:34,730 - INFO - [TRAIN] Epoch 2/5, Train mAP Action (ivt metrics): 0.5677
2025-04-09 20:35:34,910 - INFO - [VALIDATION] Video VID02 | Batch 0/178
2025-04-09 20:35:35,269 - INFO - [VALIDATION] Video VID02 | Batch 80/178
2025-04-09 20:35:35,610 - INFO - [VALIDATION] Video VID02 | Batch 160/178
2025-04-09 20:35:35,773 - INFO - [VALIDATION] Video VID02: Test mAP (sklearn) Action: 0.4723
2025-04-09 20:35:35,773 - INFO - [VALIDATION] Video VID02: Test mAP (sklearn) Instrument: 0.9214
2025-04-09 20:35:35,965 - INFO - [VALIDATION] Video VID06 | Batch 0/135
2025-04-09 20:35:36,280 - INFO - [VALIDATION] Video VID06 | Batch 80/135
2025-04-09 20:35:36,559 - INFO - [VALIDATION] Video VID06: Test mAP (sklearn) Action: 0.5409
2025-04-09 20:35:36,560 - INFO - [VALIDATION] Video VID06: Test mAP (sklearn) Instrument: 0.9493
2025-04-09 20:35:36,737 - INFO - [VALIDATION] Video VID111 | Batch 0/135
2025-04-09 20:35:37,041 - INFO - [VALIDATION] Video VID111 | Batch 80/135
2025-04-09 20:35:37,334 - INFO - [VALIDATION] Video VID111: Test mAP (sklearn) Action: 0.5217
2025-04-09 20:35:37,334 - INFO - [VALIDATION] Video VID111: Test mAP (sklearn) Instrument: 0.9498
2025-04-09 20:35:37,519 - INFO - [VALIDATION] Video VID14 | Batch 0/107
2025-04-09 20:35:37,848 - INFO - [VALIDATION] Video VID14 | Batch 80/107
2025-04-09 20:35:38,040 - INFO - [VALIDATION] Video VID14: Test mAP (sklearn) Action: 0.3740
2025-04-09 20:35:38,040 - INFO - [VALIDATION] Video VID14: Test mAP (sklearn) Instrument: 0.8406
2025-04-09 20:35:38,246 - INFO - [VALIDATION] Video VID23 | Batch 0/103
2025-04-09 20:35:38,555 - INFO - [VALIDATION] Video VID23 | Batch 80/103
2025-04-09 20:35:38,708 - INFO - [VALIDATION] Video VID23: Test mAP (sklearn) Action: 0.4474
2025-04-09 20:35:38,708 - INFO - [VALIDATION] Video VID23: Test mAP (sklearn) Instrument: 0.8777
2025-04-09 20:35:38,890 - INFO - [VALIDATION] Video VID25 | Batch 0/134
2025-04-09 20:35:39,196 - INFO - [VALIDATION] Video VID25 | Batch 80/134
2025-04-09 20:35:39,478 - INFO - [VALIDATION] Video VID25: Test mAP (sklearn) Action: 0.5763
2025-04-09 20:35:39,479 - INFO - [VALIDATION] Video VID25: Test mAP (sklearn) Instrument: 0.9426
2025-04-09 20:35:39,657 - INFO - [VALIDATION] Video VID50 | Batch 0/69
2025-04-09 20:35:39,975 - INFO - [VALIDATION] Video VID50: Test mAP (sklearn) Action: 0.5496
2025-04-09 20:35:39,975 - INFO - [VALIDATION] Video VID50: Test mAP (sklearn) Instrument: 0.9759
2025-04-09 20:35:40,157 - INFO - [VALIDATION] Video VID51 | Batch 0/184
2025-04-09 20:35:40,470 - INFO - [VALIDATION] Video VID51 | Batch 80/184
2025-04-09 20:35:40,787 - INFO - [VALIDATION] Video VID51 | Batch 160/184
2025-04-09 20:35:40,955 - INFO - [VALIDATION] Video VID51: Test mAP (sklearn) Action: 0.4941
2025-04-09 20:35:40,956 - INFO - [VALIDATION] Video VID51: Test mAP (sklearn) Instrument: 0.9628
2025-04-09 20:35:41,134 - INFO - [VALIDATION] Video VID66 | Batch 0/114
2025-04-09 20:35:41,435 - INFO - [VALIDATION] Video VID66 | Batch 80/114
2025-04-09 20:35:41,630 - INFO - [VALIDATION] Video VID66: Test mAP (sklearn) Action: 0.6118
2025-04-09 20:35:41,630 - INFO - [VALIDATION] Video VID66: Test mAP (sklearn) Instrument: 0.9365
2025-04-09 20:35:41,813 - INFO - [VALIDATION] Video VID79 | Batch 0/214
2025-04-09 20:35:42,120 - INFO - [VALIDATION] Video VID79 | Batch 80/214
2025-04-09 20:35:42,434 - INFO - [VALIDATION] Video VID79 | Batch 160/214
2025-04-09 20:35:42,734 - INFO - [VALIDATION] Video VID79: Test mAP (sklearn) Action: 0.4196
2025-04-09 20:35:42,735 - INFO - [VALIDATION] Video VID79: Test mAP (sklearn) Instrument: 0.9746
2025-04-09 20:35:45,439 - INFO - [VALIDATION] Overall action mAP (sklearn): 0.5008
2025-04-09 20:35:45,439 - INFO - [VALIDATION] Overall instrument mAP (sklearn): 0.9331
2025-04-09 20:35:45,439 - INFO - [VALIDATION] Overall action mAP (ivt): 0.3772
2025-04-09 20:35:45,439 - INFO - [VALIDATION] Overall instrument mAP (ivt): 0.9215
2025-04-09 20:35:45,439 - INFO - [VALIDATION] Epoch 2: mAP Action (sklearn): 0.5008
2025-04-09 20:35:45,439 - INFO - [VALIDATION] Epoch 2: mAP Instrument (sklearn): 0.9331
2025-04-09 20:35:45,439 - INFO - [VALIDATION] Epoch 2: mAP Action (ivt): 0.3772
2025-04-09 20:35:45,439 - INFO - [VALIDATION] Epoch 2: mAP Instrument (ivt): 0.9215
2025-04-09 20:35:45,545 - INFO - Saved new best model with mAP: 0.3772
2025-04-09 20:35:45,574 - INFO - [TRAIN] Epoch 3/5, Batch 0/4933, Loss: 0.0224
2025-04-09 20:35:46,794 - INFO - [TRAIN] Epoch 3/5, Batch 80/4933, Loss: 0.0132
2025-04-09 20:35:48,020 - INFO - [TRAIN] Epoch 3/5, Batch 160/4933, Loss: 0.0647
2025-04-09 20:35:49,262 - INFO - [TRAIN] Epoch 3/5, Batch 240/4933, Loss: 0.0334
2025-04-09 20:35:50,514 - INFO - [TRAIN] Epoch 3/5, Batch 320/4933, Loss: 0.0568
2025-04-09 20:35:51,804 - INFO - [TRAIN] Epoch 3/5, Batch 400/4933, Loss: 0.0709
2025-04-09 20:35:53,111 - INFO - [TRAIN] Epoch 3/5, Batch 480/4933, Loss: 0.0518
2025-04-09 20:35:54,444 - INFO - [TRAIN] Epoch 3/5, Batch 560/4933, Loss: 0.0358
2025-04-09 20:35:55,752 - INFO - [TRAIN] Epoch 3/5, Batch 640/4933, Loss: 0.0785
2025-04-09 20:35:57,085 - INFO - [TRAIN] Epoch 3/5, Batch 720/4933, Loss: 0.0570
2025-04-09 20:35:58,433 - INFO - [TRAIN] Epoch 3/5, Batch 800/4933, Loss: 0.0334
2025-04-09 20:35:59,844 - INFO - [TRAIN] Epoch 3/5, Batch 880/4933, Loss: 0.0190
2025-04-09 20:36:01,255 - INFO - [TRAIN] Epoch 3/5, Batch 960/4933, Loss: 0.0193
2025-04-09 20:36:02,652 - INFO - [TRAIN] Epoch 3/5, Batch 1040/4933, Loss: 0.0270
2025-04-09 20:36:03,989 - INFO - [TRAIN] Epoch 3/5, Batch 1120/4933, Loss: 0.0464
2025-04-09 20:36:05,316 - INFO - [TRAIN] Epoch 3/5, Batch 1200/4933, Loss: 0.1155
2025-04-09 20:36:06,650 - INFO - [TRAIN] Epoch 3/5, Batch 1280/4933, Loss: 0.0453
2025-04-09 20:36:07,984 - INFO - [TRAIN] Epoch 3/5, Batch 1360/4933, Loss: 0.0554
2025-04-09 20:36:09,332 - INFO - [TRAIN] Epoch 3/5, Batch 1440/4933, Loss: 0.0200
2025-04-09 20:36:10,684 - INFO - [TRAIN] Epoch 3/5, Batch 1520/4933, Loss: 0.0144
2025-04-09 20:36:12,059 - INFO - [TRAIN] Epoch 3/5, Batch 1600/4933, Loss: 0.0408
2025-04-09 20:36:13,442 - INFO - [TRAIN] Epoch 3/5, Batch 1680/4933, Loss: 0.0407
2025-04-09 20:36:14,820 - INFO - [TRAIN] Epoch 3/5, Batch 1760/4933, Loss: 0.0586
2025-04-09 20:36:16,209 - INFO - [TRAIN] Epoch 3/5, Batch 1840/4933, Loss: 0.0468
2025-04-09 20:36:17,620 - INFO - [TRAIN] Epoch 3/5, Batch 1920/4933, Loss: 0.0422
2025-04-09 20:36:19,031 - INFO - [TRAIN] Epoch 3/5, Batch 2000/4933, Loss: 0.0476
2025-04-09 20:36:20,453 - INFO - [TRAIN] Epoch 3/5, Batch 2080/4933, Loss: 0.0224
2025-04-09 20:36:21,896 - INFO - [TRAIN] Epoch 3/5, Batch 2160/4933, Loss: 0.0189
2025-04-09 20:36:23,341 - INFO - [TRAIN] Epoch 3/5, Batch 2240/4933, Loss: 0.0461
2025-04-09 20:36:24,790 - INFO - [TRAIN] Epoch 3/5, Batch 2320/4933, Loss: 0.0221
2025-04-09 20:36:26,223 - INFO - [TRAIN] Epoch 3/5, Batch 2400/4933, Loss: 0.0263
2025-04-09 20:36:27,688 - INFO - [TRAIN] Epoch 3/5, Batch 2480/4933, Loss: 0.0535
2025-04-09 20:36:29,163 - INFO - [TRAIN] Epoch 3/5, Batch 2560/4933, Loss: 0.0289
2025-04-09 20:36:30,733 - INFO - [TRAIN] Epoch 3/5, Batch 2640/4933, Loss: 0.0924
2025-04-09 20:36:32,621 - INFO - [TRAIN] Epoch 3/5, Batch 2720/4933, Loss: 0.1247
2025-04-09 20:36:34,546 - INFO - [TRAIN] Epoch 3/5, Batch 2800/4933, Loss: 0.0081
2025-04-09 20:36:36,493 - INFO - [TRAIN] Epoch 3/5, Batch 2880/4933, Loss: 0.0664
2025-04-09 20:36:38,457 - INFO - [TRAIN] Epoch 3/5, Batch 2960/4933, Loss: 0.0087
2025-04-09 20:36:40,452 - INFO - [TRAIN] Epoch 3/5, Batch 3040/4933, Loss: 0.0248
2025-04-09 20:36:42,526 - INFO - [TRAIN] Epoch 3/5, Batch 3120/4933, Loss: 0.0108
2025-04-09 20:36:44,600 - INFO - [TRAIN] Epoch 3/5, Batch 3200/4933, Loss: 0.0363
2025-04-09 20:36:46,718 - INFO - [TRAIN] Epoch 3/5, Batch 3280/4933, Loss: 0.0358
2025-04-09 20:36:48,853 - INFO - [TRAIN] Epoch 3/5, Batch 3360/4933, Loss: 0.0288
2025-04-09 20:36:51,040 - INFO - [TRAIN] Epoch 3/5, Batch 3440/4933, Loss: 0.0630
2025-04-09 20:36:53,197 - INFO - [TRAIN] Epoch 3/5, Batch 3520/4933, Loss: 0.0209
2025-04-09 20:36:55,413 - INFO - [TRAIN] Epoch 3/5, Batch 3600/4933, Loss: 0.0216
2025-04-09 20:36:57,629 - INFO - [TRAIN] Epoch 3/5, Batch 3680/4933, Loss: 0.0803
2025-04-09 20:36:59,870 - INFO - [TRAIN] Epoch 3/5, Batch 3760/4933, Loss: 0.0173
2025-04-09 20:37:02,141 - INFO - [TRAIN] Epoch 3/5, Batch 3840/4933, Loss: 0.0129
2025-04-09 20:37:04,458 - INFO - [TRAIN] Epoch 3/5, Batch 3920/4933, Loss: 0.0189
2025-04-09 20:37:06,788 - INFO - [TRAIN] Epoch 3/5, Batch 4000/4933, Loss: 0.0523
2025-04-09 20:37:09,175 - INFO - [TRAIN] Epoch 3/5, Batch 4080/4933, Loss: 0.0324
2025-04-09 20:37:11,591 - INFO - [TRAIN] Epoch 3/5, Batch 4160/4933, Loss: 0.0370
2025-04-09 20:37:14,024 - INFO - [TRAIN] Epoch 3/5, Batch 4240/4933, Loss: 0.0391
2025-04-09 20:37:16,456 - INFO - [TRAIN] Epoch 3/5, Batch 4320/4933, Loss: 0.0497
2025-04-09 20:37:19,012 - INFO - [TRAIN] Epoch 3/5, Batch 4400/4933, Loss: 0.0402
2025-04-09 20:37:21,707 - INFO - [TRAIN] Epoch 3/5, Batch 4480/4933, Loss: 0.0277
2025-04-09 20:37:24,670 - INFO - [TRAIN] Epoch 3/5, Batch 4560/4933, Loss: 0.0567
2025-04-09 20:37:27,642 - INFO - [TRAIN] Epoch 3/5, Batch 4640/4933, Loss: 0.0699
2025-04-09 20:37:30,644 - INFO - [TRAIN] Epoch 3/5, Batch 4720/4933, Loss: 0.0195
2025-04-09 20:37:33,674 - INFO - [TRAIN] Epoch 3/5, Batch 4800/4933, Loss: 0.0536
2025-04-09 20:37:36,714 - INFO - [TRAIN] Epoch 3/5, Batch 4880/4933, Loss: 0.0187
2025-04-09 20:37:40,084 - INFO - [TRAIN] Epoch 3/5, Train mAP Action (sklearn): 0.6689
2025-04-09 20:37:40,084 - INFO - [TRAIN] Epoch 3/5, Train mAP Instrument (sklearn): 0.9861
2025-04-09 20:37:40,084 - INFO - [TRAIN] Epoch 3/5, Train Loss: 0.0422
2025-04-09 20:37:48,605 - INFO - [TRAIN] instrument mean AP (ivt_metrics): 0.979080442306023
2025-04-09 20:37:49,894 - INFO - [TRAIN] action mean AP (ivt_metrics): 0.6689243790592171
2025-04-09 20:37:49,895 - INFO - [TRAIN] Epoch 3/5, Train mAP Instrument (ivt metrics): 0.9791
2025-04-09 20:37:49,895 - INFO - [TRAIN] Epoch 3/5, Train mAP Action (ivt metrics): 0.6689
2025-04-09 20:37:50,102 - INFO - [VALIDATION] Video VID02 | Batch 0/178
2025-04-09 20:37:50,446 - INFO - [VALIDATION] Video VID02 | Batch 80/178
2025-04-09 20:37:50,760 - INFO - [VALIDATION] Video VID02 | Batch 160/178
2025-04-09 20:37:50,905 - INFO - [VALIDATION] Video VID02: Test mAP (sklearn) Action: 0.4643
2025-04-09 20:37:50,905 - INFO - [VALIDATION] Video VID02: Test mAP (sklearn) Instrument: 0.9414
2025-04-09 20:37:51,090 - INFO - [VALIDATION] Video VID06 | Batch 0/135
2025-04-09 20:37:51,392 - INFO - [VALIDATION] Video VID06 | Batch 80/135
2025-04-09 20:37:51,666 - INFO - [VALIDATION] Video VID06: Test mAP (sklearn) Action: 0.5440
2025-04-09 20:37:51,666 - INFO - [VALIDATION] Video VID06: Test mAP (sklearn) Instrument: 0.9553
2025-04-09 20:37:51,852 - INFO - [VALIDATION] Video VID111 | Batch 0/135
2025-04-09 20:37:52,157 - INFO - [VALIDATION] Video VID111 | Batch 80/135
2025-04-09 20:37:52,434 - INFO - [VALIDATION] Video VID111: Test mAP (sklearn) Action: 0.5074
2025-04-09 20:37:52,434 - INFO - [VALIDATION] Video VID111: Test mAP (sklearn) Instrument: 0.9615
2025-04-09 20:37:52,618 - INFO - [VALIDATION] Video VID14 | Batch 0/107
2025-04-09 20:37:52,941 - INFO - [VALIDATION] Video VID14 | Batch 80/107
2025-04-09 20:37:53,125 - INFO - [VALIDATION] Video VID14: Test mAP (sklearn) Action: 0.3614
2025-04-09 20:37:53,125 - INFO - [VALIDATION] Video VID14: Test mAP (sklearn) Instrument: 0.8410
2025-04-09 20:37:53,334 - INFO - [VALIDATION] Video VID23 | Batch 0/103
2025-04-09 20:37:53,657 - INFO - [VALIDATION] Video VID23 | Batch 80/103
2025-04-09 20:37:53,812 - INFO - [VALIDATION] Video VID23: Test mAP (sklearn) Action: 0.4595
2025-04-09 20:37:53,812 - INFO - [VALIDATION] Video VID23: Test mAP (sklearn) Instrument: 0.8687
2025-04-09 20:37:53,995 - INFO - [VALIDATION] Video VID25 | Batch 0/134
2025-04-09 20:37:54,306 - INFO - [VALIDATION] Video VID25 | Batch 80/134
2025-04-09 20:37:54,578 - INFO - [VALIDATION] Video VID25: Test mAP (sklearn) Action: 0.5825
2025-04-09 20:37:54,579 - INFO - [VALIDATION] Video VID25: Test mAP (sklearn) Instrument: 0.9549
2025-04-09 20:37:54,768 - INFO - [VALIDATION] Video VID50 | Batch 0/69
2025-04-09 20:37:55,089 - INFO - [VALIDATION] Video VID50: Test mAP (sklearn) Action: 0.5570
2025-04-09 20:37:55,089 - INFO - [VALIDATION] Video VID50: Test mAP (sklearn) Instrument: 0.9812
2025-04-09 20:37:55,274 - INFO - [VALIDATION] Video VID51 | Batch 0/184
2025-04-09 20:37:55,579 - INFO - [VALIDATION] Video VID51 | Batch 80/184
2025-04-09 20:37:55,888 - INFO - [VALIDATION] Video VID51 | Batch 160/184
2025-04-09 20:37:56,055 - INFO - [VALIDATION] Video VID51: Test mAP (sklearn) Action: 0.4884
2025-04-09 20:37:56,055 - INFO - [VALIDATION] Video VID51: Test mAP (sklearn) Instrument: 0.9643
2025-04-09 20:37:56,241 - INFO - [VALIDATION] Video VID66 | Batch 0/114
2025-04-09 20:37:56,550 - INFO - [VALIDATION] Video VID66 | Batch 80/114
2025-04-09 20:37:56,749 - INFO - [VALIDATION] Video VID66: Test mAP (sklearn) Action: 0.6144
2025-04-09 20:37:56,749 - INFO - [VALIDATION] Video VID66: Test mAP (sklearn) Instrument: 0.9473
2025-04-09 20:37:56,933 - INFO - [VALIDATION] Video VID79 | Batch 0/214
2025-04-09 20:37:57,240 - INFO - [VALIDATION] Video VID79 | Batch 80/214
2025-04-09 20:37:57,555 - INFO - [VALIDATION] Video VID79 | Batch 160/214
2025-04-09 20:37:57,860 - INFO - [VALIDATION] Video VID79: Test mAP (sklearn) Action: 0.4043
2025-04-09 20:37:57,860 - INFO - [VALIDATION] Video VID79: Test mAP (sklearn) Instrument: 0.9782
2025-04-09 20:38:00,538 - INFO - [VALIDATION] Overall action mAP (sklearn): 0.4983
2025-04-09 20:38:00,539 - INFO - [VALIDATION] Overall instrument mAP (sklearn): 0.9394
2025-04-09 20:38:00,539 - INFO - [VALIDATION] Overall action mAP (ivt): 0.3645
2025-04-09 20:38:00,539 - INFO - [VALIDATION] Overall instrument mAP (ivt): 0.9272
2025-04-09 20:38:00,539 - INFO - [VALIDATION] Epoch 3: mAP Action (sklearn): 0.4983
2025-04-09 20:38:00,539 - INFO - [VALIDATION] Epoch 3: mAP Instrument (sklearn): 0.9394
2025-04-09 20:38:00,539 - INFO - [VALIDATION] Epoch 3: mAP Action (ivt): 0.3645
2025-04-09 20:38:00,539 - INFO - [VALIDATION] Epoch 3: mAP Instrument (ivt): 0.9272
2025-04-09 20:38:00,561 - INFO - [TRAIN] Epoch 4/5, Batch 0/4933, Loss: 0.0805
2025-04-09 20:38:01,843 - INFO - [TRAIN] Epoch 4/5, Batch 80/4933, Loss: 0.0663
2025-04-09 20:38:03,060 - INFO - [TRAIN] Epoch 4/5, Batch 160/4933, Loss: 0.0261
2025-04-09 20:38:04,306 - INFO - [TRAIN] Epoch 4/5, Batch 240/4933, Loss: 0.0562
2025-04-09 20:38:05,567 - INFO - [TRAIN] Epoch 4/5, Batch 320/4933, Loss: 0.0152
2025-04-09 20:38:06,849 - INFO - [TRAIN] Epoch 4/5, Batch 400/4933, Loss: 0.0116
2025-04-09 20:38:08,129 - INFO - [TRAIN] Epoch 4/5, Batch 480/4933, Loss: 0.0657
2025-04-09 20:38:09,433 - INFO - [TRAIN] Epoch 4/5, Batch 560/4933, Loss: 0.0149
2025-04-09 20:38:10,748 - INFO - [TRAIN] Epoch 4/5, Batch 640/4933, Loss: 0.0223
2025-04-09 20:38:12,076 - INFO - [TRAIN] Epoch 4/5, Batch 720/4933, Loss: 0.0122
2025-04-09 20:38:13,428 - INFO - [TRAIN] Epoch 4/5, Batch 800/4933, Loss: 0.0237
2025-04-09 20:38:14,797 - INFO - [TRAIN] Epoch 4/5, Batch 880/4933, Loss: 0.0217
2025-04-09 20:38:16,174 - INFO - [TRAIN] Epoch 4/5, Batch 960/4933, Loss: 0.0777
2025-04-09 20:38:17,561 - INFO - [TRAIN] Epoch 4/5, Batch 1040/4933, Loss: 0.0406
2025-04-09 20:38:18,907 - INFO - [TRAIN] Epoch 4/5, Batch 1120/4933, Loss: 0.0536
2025-04-09 20:38:20,238 - INFO - [TRAIN] Epoch 4/5, Batch 1200/4933, Loss: 0.0242
2025-04-09 20:38:21,571 - INFO - [TRAIN] Epoch 4/5, Batch 1280/4933, Loss: 0.0307
2025-04-09 20:38:22,905 - INFO - [TRAIN] Epoch 4/5, Batch 1360/4933, Loss: 0.1113
2025-04-09 20:38:24,247 - INFO - [TRAIN] Epoch 4/5, Batch 1440/4933, Loss: 0.0493
2025-04-09 20:38:25,605 - INFO - [TRAIN] Epoch 4/5, Batch 1520/4933, Loss: 0.0385
2025-04-09 20:38:26,972 - INFO - [TRAIN] Epoch 4/5, Batch 1600/4933, Loss: 0.0596
2025-04-09 20:38:28,346 - INFO - [TRAIN] Epoch 4/5, Batch 1680/4933, Loss: 0.0167
2025-04-09 20:38:29,745 - INFO - [TRAIN] Epoch 4/5, Batch 1760/4933, Loss: 0.0475
2025-04-09 20:38:31,132 - INFO - [TRAIN] Epoch 4/5, Batch 1840/4933, Loss: 0.0359
2025-04-09 20:38:32,527 - INFO - [TRAIN] Epoch 4/5, Batch 1920/4933, Loss: 0.0229
2025-04-09 20:38:33,927 - INFO - [TRAIN] Epoch 4/5, Batch 2000/4933, Loss: 0.0266
2025-04-09 20:38:35,344 - INFO - [TRAIN] Epoch 4/5, Batch 2080/4933, Loss: 0.0482
2025-04-09 20:38:36,769 - INFO - [TRAIN] Epoch 4/5, Batch 2160/4933, Loss: 0.0130
2025-04-09 20:38:38,208 - INFO - [TRAIN] Epoch 4/5, Batch 2240/4933, Loss: 0.0242
2025-04-09 20:38:39,666 - INFO - [TRAIN] Epoch 4/5, Batch 2320/4933, Loss: 0.0303
2025-04-09 20:38:41,126 - INFO - [TRAIN] Epoch 4/5, Batch 2400/4933, Loss: 0.0129
2025-04-09 20:38:42,601 - INFO - [TRAIN] Epoch 4/5, Batch 2480/4933, Loss: 0.0329
2025-04-09 20:38:44,079 - INFO - [TRAIN] Epoch 4/5, Batch 2560/4933, Loss: 0.0519
2025-04-09 20:38:45,645 - INFO - [TRAIN] Epoch 4/5, Batch 2640/4933, Loss: 0.0285
2025-04-09 20:38:47,565 - INFO - [TRAIN] Epoch 4/5, Batch 2720/4933, Loss: 0.0159
2025-04-09 20:38:49,503 - INFO - [TRAIN] Epoch 4/5, Batch 2800/4933, Loss: 0.0242
2025-04-09 20:38:51,441 - INFO - [TRAIN] Epoch 4/5, Batch 2880/4933, Loss: 0.0595
2025-04-09 20:38:53,456 - INFO - [TRAIN] Epoch 4/5, Batch 2960/4933, Loss: 0.0227
2025-04-09 20:38:55,495 - INFO - [TRAIN] Epoch 4/5, Batch 3040/4933, Loss: 0.0319
2025-04-09 20:38:57,574 - INFO - [TRAIN] Epoch 4/5, Batch 3120/4933, Loss: 0.0252
2025-04-09 20:38:59,667 - INFO - [TRAIN] Epoch 4/5, Batch 3200/4933, Loss: 0.0825
2025-04-09 20:39:01,792 - INFO - [TRAIN] Epoch 4/5, Batch 3280/4933, Loss: 0.0395
2025-04-09 20:39:03,951 - INFO - [TRAIN] Epoch 4/5, Batch 3360/4933, Loss: 0.0313
2025-04-09 20:39:06,135 - INFO - [TRAIN] Epoch 4/5, Batch 3440/4933, Loss: 0.0635
2025-04-09 20:39:08,296 - INFO - [TRAIN] Epoch 4/5, Batch 3520/4933, Loss: 0.0655
2025-04-09 20:39:10,502 - INFO - [TRAIN] Epoch 4/5, Batch 3600/4933, Loss: 0.0241
2025-04-09 20:39:12,706 - INFO - [TRAIN] Epoch 4/5, Batch 3680/4933, Loss: 0.1267
2025-04-09 20:39:14,972 - INFO - [TRAIN] Epoch 4/5, Batch 3760/4933, Loss: 0.0478
2025-04-09 20:39:17,240 - INFO - [TRAIN] Epoch 4/5, Batch 3840/4933, Loss: 0.0622
2025-04-09 20:39:19,566 - INFO - [TRAIN] Epoch 4/5, Batch 3920/4933, Loss: 0.0818
2025-04-09 20:39:21,909 - INFO - [TRAIN] Epoch 4/5, Batch 4000/4933, Loss: 0.0934
2025-04-09 20:39:24,295 - INFO - [TRAIN] Epoch 4/5, Batch 4080/4933, Loss: 0.0719
2025-04-09 20:39:26,692 - INFO - [TRAIN] Epoch 4/5, Batch 4160/4933, Loss: 0.0202
2025-04-09 20:39:29,157 - INFO - [TRAIN] Epoch 4/5, Batch 4240/4933, Loss: 0.0058
2025-04-09 20:39:31,974 - INFO - [TRAIN] Epoch 4/5, Batch 4320/4933, Loss: 0.0189
2025-04-09 20:39:34,894 - INFO - [TRAIN] Epoch 4/5, Batch 4400/4933, Loss: 0.0492
2025-04-09 20:39:37,783 - INFO - [TRAIN] Epoch 4/5, Batch 4480/4933, Loss: 0.0689
2025-04-09 20:39:40,732 - INFO - [TRAIN] Epoch 4/5, Batch 4560/4933, Loss: 0.0285
2025-04-09 20:39:43,678 - INFO - [TRAIN] Epoch 4/5, Batch 4640/4933, Loss: 0.0177
2025-04-09 20:39:46,698 - INFO - [TRAIN] Epoch 4/5, Batch 4720/4933, Loss: 0.0924
2025-04-09 20:39:49,689 - INFO - [TRAIN] Epoch 4/5, Batch 4800/4933, Loss: 0.0331
2025-04-09 20:39:52,708 - INFO - [TRAIN] Epoch 4/5, Batch 4880/4933, Loss: 0.0411
2025-04-09 20:39:56,081 - INFO - [TRAIN] Epoch 4/5, Train mAP Action (sklearn): 0.7285
2025-04-09 20:39:56,082 - INFO - [TRAIN] Epoch 4/5, Train mAP Instrument (sklearn): 0.9882
2025-04-09 20:39:56,082 - INFO - [TRAIN] Epoch 4/5, Train Loss: 0.0387
2025-04-09 20:40:04,553 - INFO - [TRAIN] instrument mean AP (ivt_metrics): 0.9820815884230124
2025-04-09 20:40:05,845 - INFO - [TRAIN] action mean AP (ivt_metrics): 0.7285022422585996
2025-04-09 20:40:05,846 - INFO - [TRAIN] Epoch 4/5, Train mAP Instrument (ivt metrics): 0.9821
2025-04-09 20:40:05,846 - INFO - [TRAIN] Epoch 4/5, Train mAP Action (ivt metrics): 0.7285
2025-04-09 20:40:06,032 - INFO - [VALIDATION] Video VID02 | Batch 0/178
2025-04-09 20:40:06,382 - INFO - [VALIDATION] Video VID02 | Batch 80/178
2025-04-09 20:40:06,700 - INFO - [VALIDATION] Video VID02 | Batch 160/178
2025-04-09 20:40:06,846 - INFO - [VALIDATION] Video VID02: Test mAP (sklearn) Action: 0.4763
2025-04-09 20:40:06,846 - INFO - [VALIDATION] Video VID02: Test mAP (sklearn) Instrument: 0.9446
2025-04-09 20:40:07,028 - INFO - [VALIDATION] Video VID06 | Batch 0/135
2025-04-09 20:40:07,333 - INFO - [VALIDATION] Video VID06 | Batch 80/135
2025-04-09 20:40:07,613 - INFO - [VALIDATION] Video VID06: Test mAP (sklearn) Action: 0.5937
2025-04-09 20:40:07,613 - INFO - [VALIDATION] Video VID06: Test mAP (sklearn) Instrument: 0.9501
2025-04-09 20:40:07,798 - INFO - [VALIDATION] Video VID111 | Batch 0/135
2025-04-09 20:40:08,103 - INFO - [VALIDATION] Video VID111 | Batch 80/135
2025-04-09 20:40:08,377 - INFO - [VALIDATION] Video VID111: Test mAP (sklearn) Action: 0.5151
2025-04-09 20:40:08,377 - INFO - [VALIDATION] Video VID111: Test mAP (sklearn) Instrument: 0.9577
2025-04-09 20:40:08,558 - INFO - [VALIDATION] Video VID14 | Batch 0/107
2025-04-09 20:40:08,872 - INFO - [VALIDATION] Video VID14 | Batch 80/107
2025-04-09 20:40:09,059 - INFO - [VALIDATION] Video VID14: Test mAP (sklearn) Action: 0.3550
2025-04-09 20:40:09,059 - INFO - [VALIDATION] Video VID14: Test mAP (sklearn) Instrument: 0.8450
2025-04-09 20:40:09,273 - INFO - [VALIDATION] Video VID23 | Batch 0/103
2025-04-09 20:40:09,597 - INFO - [VALIDATION] Video VID23 | Batch 80/103
2025-04-09 20:40:09,758 - INFO - [VALIDATION] Video VID23: Test mAP (sklearn) Action: 0.4648
2025-04-09 20:40:09,758 - INFO - [VALIDATION] Video VID23: Test mAP (sklearn) Instrument: 0.9042
2025-04-09 20:40:09,941 - INFO - [VALIDATION] Video VID25 | Batch 0/134
2025-04-09 20:40:10,267 - INFO - [VALIDATION] Video VID25 | Batch 80/134
2025-04-09 20:40:10,538 - INFO - [VALIDATION] Video VID25: Test mAP (sklearn) Action: 0.5859
2025-04-09 20:40:10,538 - INFO - [VALIDATION] Video VID25: Test mAP (sklearn) Instrument: 0.9381
2025-04-09 20:40:10,720 - INFO - [VALIDATION] Video VID50 | Batch 0/69
2025-04-09 20:40:11,040 - INFO - [VALIDATION] Video VID50: Test mAP (sklearn) Action: 0.5571
2025-04-09 20:40:11,040 - INFO - [VALIDATION] Video VID50: Test mAP (sklearn) Instrument: 0.9820
2025-04-09 20:40:11,220 - INFO - [VALIDATION] Video VID51 | Batch 0/184
2025-04-09 20:40:11,525 - INFO - [VALIDATION] Video VID51 | Batch 80/184
2025-04-09 20:40:11,837 - INFO - [VALIDATION] Video VID51 | Batch 160/184
2025-04-09 20:40:12,002 - INFO - [VALIDATION] Video VID51: Test mAP (sklearn) Action: 0.5135
2025-04-09 20:40:12,002 - INFO - [VALIDATION] Video VID51: Test mAP (sklearn) Instrument: 0.9685
2025-04-09 20:40:12,187 - INFO - [VALIDATION] Video VID66 | Batch 0/114
2025-04-09 20:40:12,491 - INFO - [VALIDATION] Video VID66 | Batch 80/114
2025-04-09 20:40:12,685 - INFO - [VALIDATION] Video VID66: Test mAP (sklearn) Action: 0.6254
2025-04-09 20:40:12,685 - INFO - [VALIDATION] Video VID66: Test mAP (sklearn) Instrument: 0.9347
2025-04-09 20:40:12,870 - INFO - [VALIDATION] Video VID79 | Batch 0/214
2025-04-09 20:40:13,180 - INFO - [VALIDATION] Video VID79 | Batch 80/214
2025-04-09 20:40:13,505 - INFO - [VALIDATION] Video VID79 | Batch 160/214
2025-04-09 20:40:13,805 - INFO - [VALIDATION] Video VID79: Test mAP (sklearn) Action: 0.4119
2025-04-09 20:40:13,805 - INFO - [VALIDATION] Video VID79: Test mAP (sklearn) Instrument: 0.9757
2025-04-09 20:40:16,505 - INFO - [VALIDATION] Overall action mAP (sklearn): 0.5099
2025-04-09 20:40:16,505 - INFO - [VALIDATION] Overall instrument mAP (sklearn): 0.9401
2025-04-09 20:40:16,505 - INFO - [VALIDATION] Overall action mAP (ivt): 0.3747
2025-04-09 20:40:16,505 - INFO - [VALIDATION] Overall instrument mAP (ivt): 0.9270
2025-04-09 20:40:16,505 - INFO - [VALIDATION] Epoch 4: mAP Action (sklearn): 0.5099
2025-04-09 20:40:16,505 - INFO - [VALIDATION] Epoch 4: mAP Instrument (sklearn): 0.9401
2025-04-09 20:40:16,505 - INFO - [VALIDATION] Epoch 4: mAP Action (ivt): 0.3747
2025-04-09 20:40:16,505 - INFO - [VALIDATION] Epoch 4: mAP Instrument (ivt): 0.9270
2025-04-09 20:40:16,528 - INFO - [TRAIN] Epoch 5/5, Batch 0/4933, Loss: 0.0288
2025-04-09 20:40:17,799 - INFO - [TRAIN] Epoch 5/5, Batch 80/4933, Loss: 0.0399
2025-04-09 20:40:19,010 - INFO - [TRAIN] Epoch 5/5, Batch 160/4933, Loss: 0.0118
2025-04-09 20:40:20,250 - INFO - [TRAIN] Epoch 5/5, Batch 240/4933, Loss: 0.0494
2025-04-09 20:40:21,525 - INFO - [TRAIN] Epoch 5/5, Batch 320/4933, Loss: 0.0431
2025-04-09 20:40:22,801 - INFO - [TRAIN] Epoch 5/5, Batch 400/4933, Loss: 0.0684
2025-04-09 20:40:24,085 - INFO - [TRAIN] Epoch 5/5, Batch 480/4933, Loss: 0.0151
2025-04-09 20:40:25,380 - INFO - [TRAIN] Epoch 5/5, Batch 560/4933, Loss: 0.0093
2025-04-09 20:40:26,689 - INFO - [TRAIN] Epoch 5/5, Batch 640/4933, Loss: 0.0659
2025-04-09 20:40:28,014 - INFO - [TRAIN] Epoch 5/5, Batch 720/4933, Loss: 0.0097
2025-04-09 20:40:29,369 - INFO - [TRAIN] Epoch 5/5, Batch 800/4933, Loss: 0.0127
2025-04-09 20:40:30,727 - INFO - [TRAIN] Epoch 5/5, Batch 880/4933, Loss: 0.0600
2025-04-09 20:40:32,117 - INFO - [TRAIN] Epoch 5/5, Batch 960/4933, Loss: 0.0138
2025-04-09 20:40:33,509 - INFO - [TRAIN] Epoch 5/5, Batch 1040/4933, Loss: 0.0234
2025-04-09 20:40:34,850 - INFO - [TRAIN] Epoch 5/5, Batch 1120/4933, Loss: 0.0186
2025-04-09 20:40:36,164 - INFO - [TRAIN] Epoch 5/5, Batch 1200/4933, Loss: 0.0292
2025-04-09 20:40:37,503 - INFO - [TRAIN] Epoch 5/5, Batch 1280/4933, Loss: 0.0178
2025-04-09 20:40:38,838 - INFO - [TRAIN] Epoch 5/5, Batch 1360/4933, Loss: 0.0356
2025-04-09 20:40:40,169 - INFO - [TRAIN] Epoch 5/5, Batch 1440/4933, Loss: 0.0542
2025-04-09 20:40:41,512 - INFO - [TRAIN] Epoch 5/5, Batch 1520/4933, Loss: 0.0258
2025-04-09 20:40:42,870 - INFO - [TRAIN] Epoch 5/5, Batch 1600/4933, Loss: 0.1153
2025-04-09 20:40:44,223 - INFO - [TRAIN] Epoch 5/5, Batch 1680/4933, Loss: 0.0197
2025-04-09 20:40:45,601 - INFO - [TRAIN] Epoch 5/5, Batch 1760/4933, Loss: 0.0217
2025-04-09 20:40:47,001 - INFO - [TRAIN] Epoch 5/5, Batch 1840/4933, Loss: 0.0228
2025-04-09 20:40:48,396 - INFO - [TRAIN] Epoch 5/5, Batch 1920/4933, Loss: 0.0276
2025-04-09 20:40:49,797 - INFO - [TRAIN] Epoch 5/5, Batch 2000/4933, Loss: 0.0532
2025-04-09 20:40:51,222 - INFO - [TRAIN] Epoch 5/5, Batch 2080/4933, Loss: 0.0125
2025-04-09 20:40:52,641 - INFO - [TRAIN] Epoch 5/5, Batch 2160/4933, Loss: 0.0878
2025-04-09 20:40:54,067 - INFO - [TRAIN] Epoch 5/5, Batch 2240/4933, Loss: 0.0323
2025-04-09 20:40:55,533 - INFO - [TRAIN] Epoch 5/5, Batch 2320/4933, Loss: 0.0357
2025-04-09 20:40:56,976 - INFO - [TRAIN] Epoch 5/5, Batch 2400/4933, Loss: 0.0276
2025-04-09 20:40:58,445 - INFO - [TRAIN] Epoch 5/5, Batch 2480/4933, Loss: 0.0172
2025-04-09 20:40:59,970 - INFO - [TRAIN] Epoch 5/5, Batch 2560/4933, Loss: 0.0488
2025-04-09 20:41:01,644 - INFO - [TRAIN] Epoch 5/5, Batch 2640/4933, Loss: 0.0208
2025-04-09 20:41:03,707 - INFO - [TRAIN] Epoch 5/5, Batch 2720/4933, Loss: 0.0261
2025-04-09 20:41:05,791 - INFO - [TRAIN] Epoch 5/5, Batch 2800/4933, Loss: 0.0262
2025-04-09 20:41:07,772 - INFO - [TRAIN] Epoch 5/5, Batch 2880/4933, Loss: 0.0087
2025-04-09 20:41:10,003 - INFO - [TRAIN] Epoch 5/5, Batch 2960/4933, Loss: 0.0940
2025-04-09 20:41:12,000 - INFO - [TRAIN] Epoch 5/5, Batch 3040/4933, Loss: 0.0381
2025-04-09 20:41:14,053 - INFO - [TRAIN] Epoch 5/5, Batch 3120/4933, Loss: 0.1067
2025-04-09 20:41:16,098 - INFO - [TRAIN] Epoch 5/5, Batch 3200/4933, Loss: 0.0542
2025-04-09 20:41:18,212 - INFO - [TRAIN] Epoch 5/5, Batch 3280/4933, Loss: 0.0087
2025-04-09 20:41:20,324 - INFO - [TRAIN] Epoch 5/5, Batch 3360/4933, Loss: 0.0473
2025-04-09 20:41:22,494 - INFO - [TRAIN] Epoch 5/5, Batch 3440/4933, Loss: 0.0150
2025-04-09 20:41:24,656 - INFO - [TRAIN] Epoch 5/5, Batch 3520/4933, Loss: 0.0270
2025-04-09 20:41:26,865 - INFO - [TRAIN] Epoch 5/5, Batch 3600/4933, Loss: 0.0314
2025-04-09 20:41:29,086 - INFO - [TRAIN] Epoch 5/5, Batch 3680/4933, Loss: 0.0258
2025-04-09 20:41:31,341 - INFO - [TRAIN] Epoch 5/5, Batch 3760/4933, Loss: 0.0125
2025-04-09 20:41:33,623 - INFO - [TRAIN] Epoch 5/5, Batch 3840/4933, Loss: 0.0527
2025-04-09 20:41:35,885 - INFO - [TRAIN] Epoch 5/5, Batch 3920/4933, Loss: 0.0197
2025-04-09 20:41:38,182 - INFO - [TRAIN] Epoch 5/5, Batch 4000/4933, Loss: 0.0223
2025-04-09 20:41:40,562 - INFO - [TRAIN] Epoch 5/5, Batch 4080/4933, Loss: 0.0088
2025-04-09 20:41:42,968 - INFO - [TRAIN] Epoch 5/5, Batch 4160/4933, Loss: 0.0909
2025-04-09 20:41:45,501 - INFO - [TRAIN] Epoch 5/5, Batch 4240/4933, Loss: 0.0243
2025-04-09 20:41:48,120 - INFO - [TRAIN] Epoch 5/5, Batch 4320/4933, Loss: 0.0546
2025-04-09 20:41:51,044 - INFO - [TRAIN] Epoch 5/5, Batch 4400/4933, Loss: 0.0156
2025-04-09 20:41:53,975 - INFO - [TRAIN] Epoch 5/5, Batch 4480/4933, Loss: 0.0131
2025-04-09 20:41:56,916 - INFO - [TRAIN] Epoch 5/5, Batch 4560/4933, Loss: 0.0568
2025-04-09 20:41:59,880 - INFO - [TRAIN] Epoch 5/5, Batch 4640/4933, Loss: 0.0316
2025-04-09 20:42:02,903 - INFO - [TRAIN] Epoch 5/5, Batch 4720/4933, Loss: 0.0193
2025-04-09 20:42:05,914 - INFO - [TRAIN] Epoch 5/5, Batch 4800/4933, Loss: 0.0706
2025-04-09 20:42:08,964 - INFO - [TRAIN] Epoch 5/5, Batch 4880/4933, Loss: 0.0410
2025-04-09 20:42:12,357 - INFO - [TRAIN] Epoch 5/5, Train mAP Action (sklearn): 0.7665
2025-04-09 20:42:12,358 - INFO - [TRAIN] Epoch 5/5, Train mAP Instrument (sklearn): 0.9901
2025-04-09 20:42:12,358 - INFO - [TRAIN] Epoch 5/5, Train Loss: 0.0357
2025-04-09 20:42:20,579 - INFO - [TRAIN] instrument mean AP (ivt_metrics): 0.9847104272862636
2025-04-09 20:42:21,875 - INFO - [TRAIN] action mean AP (ivt_metrics): 0.7665394379315663
2025-04-09 20:42:21,875 - INFO - [TRAIN] Epoch 5/5, Train mAP Instrument (ivt metrics): 0.9847
2025-04-09 20:42:21,875 - INFO - [TRAIN] Epoch 5/5, Train mAP Action (ivt metrics): 0.7665
2025-04-09 20:42:22,059 - INFO - [VALIDATION] Video VID02 | Batch 0/178
2025-04-09 20:42:22,397 - INFO - [VALIDATION] Video VID02 | Batch 80/178
2025-04-09 20:42:22,716 - INFO - [VALIDATION] Video VID02 | Batch 160/178
2025-04-09 20:42:22,874 - INFO - [VALIDATION] Video VID02: Test mAP (sklearn) Action: 0.4611
2025-04-09 20:42:22,874 - INFO - [VALIDATION] Video VID02: Test mAP (sklearn) Instrument: 0.9333
2025-04-09 20:42:23,061 - INFO - [VALIDATION] Video VID06 | Batch 0/135
2025-04-09 20:42:23,364 - INFO - [VALIDATION] Video VID06 | Batch 80/135
2025-04-09 20:42:23,640 - INFO - [VALIDATION] Video VID06: Test mAP (sklearn) Action: 0.5735
2025-04-09 20:42:23,640 - INFO - [VALIDATION] Video VID06: Test mAP (sklearn) Instrument: 0.9450
2025-04-09 20:42:23,835 - INFO - [VALIDATION] Video VID111 | Batch 0/135
2025-04-09 20:42:24,142 - INFO - [VALIDATION] Video VID111 | Batch 80/135
2025-04-09 20:42:24,434 - INFO - [VALIDATION] Video VID111: Test mAP (sklearn) Action: 0.5028
2025-04-09 20:42:24,434 - INFO - [VALIDATION] Video VID111: Test mAP (sklearn) Instrument: 0.9602
2025-04-09 20:42:24,618 - INFO - [VALIDATION] Video VID14 | Batch 0/107
2025-04-09 20:42:24,942 - INFO - [VALIDATION] Video VID14 | Batch 80/107
2025-04-09 20:42:25,135 - INFO - [VALIDATION] Video VID14: Test mAP (sklearn) Action: 0.3463
2025-04-09 20:42:25,135 - INFO - [VALIDATION] Video VID14: Test mAP (sklearn) Instrument: 0.8507
2025-04-09 20:42:25,344 - INFO - [VALIDATION] Video VID23 | Batch 0/103
2025-04-09 20:42:25,660 - INFO - [VALIDATION] Video VID23 | Batch 80/103
2025-04-09 20:42:25,814 - INFO - [VALIDATION] Video VID23: Test mAP (sklearn) Action: 0.4661
2025-04-09 20:42:25,814 - INFO - [VALIDATION] Video VID23: Test mAP (sklearn) Instrument: 0.8907
2025-04-09 20:42:25,999 - INFO - [VALIDATION] Video VID25 | Batch 0/134
2025-04-09 20:42:26,303 - INFO - [VALIDATION] Video VID25 | Batch 80/134
2025-04-09 20:42:26,583 - INFO - [VALIDATION] Video VID25: Test mAP (sklearn) Action: 0.5777
2025-04-09 20:42:26,583 - INFO - [VALIDATION] Video VID25: Test mAP (sklearn) Instrument: 0.9513
2025-04-09 20:42:26,769 - INFO - [VALIDATION] Video VID50 | Batch 0/69
2025-04-09 20:42:27,097 - INFO - [VALIDATION] Video VID50: Test mAP (sklearn) Action: 0.5689
2025-04-09 20:42:27,097 - INFO - [VALIDATION] Video VID50: Test mAP (sklearn) Instrument: 0.9837
2025-04-09 20:42:27,279 - INFO - [VALIDATION] Video VID51 | Batch 0/184
2025-04-09 20:42:27,582 - INFO - [VALIDATION] Video VID51 | Batch 80/184
2025-04-09 20:42:27,898 - INFO - [VALIDATION] Video VID51 | Batch 160/184
2025-04-09 20:42:28,066 - INFO - [VALIDATION] Video VID51: Test mAP (sklearn) Action: 0.5062
2025-04-09 20:42:28,066 - INFO - [VALIDATION] Video VID51: Test mAP (sklearn) Instrument: 0.9686
2025-04-09 20:42:28,256 - INFO - [VALIDATION] Video VID66 | Batch 0/114
2025-04-09 20:42:28,576 - INFO - [VALIDATION] Video VID66 | Batch 80/114
2025-04-09 20:42:28,771 - INFO - [VALIDATION] Video VID66: Test mAP (sklearn) Action: 0.6214
2025-04-09 20:42:28,771 - INFO - [VALIDATION] Video VID66: Test mAP (sklearn) Instrument: 0.9487
2025-04-09 20:42:28,954 - INFO - [VALIDATION] Video VID79 | Batch 0/214
2025-04-09 20:42:29,252 - INFO - [VALIDATION] Video VID79 | Batch 80/214
2025-04-09 20:42:29,567 - INFO - [VALIDATION] Video VID79 | Batch 160/214
2025-04-09 20:42:29,867 - INFO - [VALIDATION] Video VID79: Test mAP (sklearn) Action: 0.3997
2025-04-09 20:42:29,868 - INFO - [VALIDATION] Video VID79: Test mAP (sklearn) Instrument: 0.9797
2025-04-09 20:42:32,545 - INFO - [VALIDATION] Overall action mAP (sklearn): 0.5024
2025-04-09 20:42:32,545 - INFO - [VALIDATION] Overall instrument mAP (sklearn): 0.9412
2025-04-09 20:42:32,545 - INFO - [VALIDATION] Overall action mAP (ivt): 0.3611
2025-04-09 20:42:32,545 - INFO - [VALIDATION] Overall instrument mAP (ivt): 0.9288
2025-04-09 20:42:32,545 - INFO - [VALIDATION] Epoch 5: mAP Action (sklearn): 0.5024
2025-04-09 20:42:32,545 - INFO - [VALIDATION] Epoch 5: mAP Instrument (sklearn): 0.9412
2025-04-09 20:42:32,545 - INFO - [VALIDATION] Epoch 5: mAP Action (ivt): 0.3611
2025-04-09 20:42:32,545 - INFO - [VALIDATION] Epoch 5: mAP Instrument (ivt): 0.9288
2025-04-09 20:42:32,602 - INFO - Loaded best model with mAP: 0.3772
2025-04-09 20:42:32,641 - INFO - Saved trained model to saved_models/recognition_head_20250409_204232.pt
2025-04-09 20:42:32,641 - INFO - Running inference and evaluation...
2025-04-09 20:42:32,821 - INFO - [TEST] Video VID02 | Batch 0/178
2025-04-09 20:42:33,165 - INFO - [TEST] Video VID02 | Batch 80/178
2025-04-09 20:42:33,480 - INFO - [TEST] Video VID02 | Batch 160/178
2025-04-09 20:42:33,627 - INFO - [TEST] Video VID02: Test mAP (sklearn) Action: 0.4723
2025-04-09 20:42:33,627 - INFO - [TEST] Video VID02: Test mAP (sklearn) Instrument: 0.9214
2025-04-09 20:42:33,835 - INFO - [TEST] Video VID06 | Batch 0/135
2025-04-09 20:42:34,166 - INFO - [TEST] Video VID06 | Batch 80/135
2025-04-09 20:42:34,471 - INFO - [TEST] Video VID06: Test mAP (sklearn) Action: 0.5409
2025-04-09 20:42:34,471 - INFO - [TEST] Video VID06: Test mAP (sklearn) Instrument: 0.9493
2025-04-09 20:42:34,656 - INFO - [TEST] Video VID111 | Batch 0/135
2025-04-09 20:42:34,956 - INFO - [TEST] Video VID111 | Batch 80/135
2025-04-09 20:42:35,235 - INFO - [TEST] Video VID111: Test mAP (sklearn) Action: 0.5217
2025-04-09 20:42:35,236 - INFO - [TEST] Video VID111: Test mAP (sklearn) Instrument: 0.9498
2025-04-09 20:42:35,417 - INFO - [TEST] Video VID14 | Batch 0/107
2025-04-09 20:42:35,749 - INFO - [TEST] Video VID14 | Batch 80/107
2025-04-09 20:42:35,941 - INFO - [TEST] Video VID14: Test mAP (sklearn) Action: 0.3740
2025-04-09 20:42:35,941 - INFO - [TEST] Video VID14: Test mAP (sklearn) Instrument: 0.8406
2025-04-09 20:42:36,145 - INFO - [TEST] Video VID23 | Batch 0/103
2025-04-09 20:42:36,474 - INFO - [TEST] Video VID23 | Batch 80/103
2025-04-09 20:42:36,627 - INFO - [TEST] Video VID23: Test mAP (sklearn) Action: 0.4474
2025-04-09 20:42:36,627 - INFO - [TEST] Video VID23: Test mAP (sklearn) Instrument: 0.8777
2025-04-09 20:42:36,814 - INFO - [TEST] Video VID25 | Batch 0/134
2025-04-09 20:42:37,132 - INFO - [TEST] Video VID25 | Batch 80/134
2025-04-09 20:42:37,411 - INFO - [TEST] Video VID25: Test mAP (sklearn) Action: 0.5763
2025-04-09 20:42:37,411 - INFO - [TEST] Video VID25: Test mAP (sklearn) Instrument: 0.9426
2025-04-09 20:42:37,591 - INFO - [TEST] Video VID50 | Batch 0/69
2025-04-09 20:42:37,911 - INFO - [TEST] Video VID50: Test mAP (sklearn) Action: 0.5496
2025-04-09 20:42:37,911 - INFO - [TEST] Video VID50: Test mAP (sklearn) Instrument: 0.9759
2025-04-09 20:42:38,097 - INFO - [TEST] Video VID51 | Batch 0/184
2025-04-09 20:42:38,403 - INFO - [TEST] Video VID51 | Batch 80/184
2025-04-09 20:42:38,714 - INFO - [TEST] Video VID51 | Batch 160/184
2025-04-09 20:42:38,881 - INFO - [TEST] Video VID51: Test mAP (sklearn) Action: 0.4941
2025-04-09 20:42:38,881 - INFO - [TEST] Video VID51: Test mAP (sklearn) Instrument: 0.9628
2025-04-09 20:42:39,066 - INFO - [TEST] Video VID66 | Batch 0/114
2025-04-09 20:42:39,376 - INFO - [TEST] Video VID66 | Batch 80/114
2025-04-09 20:42:39,572 - INFO - [TEST] Video VID66: Test mAP (sklearn) Action: 0.6118
2025-04-09 20:42:39,572 - INFO - [TEST] Video VID66: Test mAP (sklearn) Instrument: 0.9365
2025-04-09 20:42:39,753 - INFO - [TEST] Video VID79 | Batch 0/214
2025-04-09 20:42:40,074 - INFO - [TEST] Video VID79 | Batch 80/214
2025-04-09 20:42:40,398 - INFO - [TEST] Video VID79 | Batch 160/214
2025-04-09 20:42:40,698 - INFO - [TEST] Video VID79: Test mAP (sklearn) Action: 0.4196
2025-04-09 20:42:40,698 - INFO - [TEST] Video VID79: Test mAP (sklearn) Instrument: 0.9746
2025-04-09 20:42:43,436 - INFO - [TEST] Overall action mAP (sklearn): 0.5008
2025-04-09 20:42:43,436 - INFO - [TEST] Overall instrument mAP (sklearn): 0.9331
2025-04-09 20:42:43,436 - INFO - [TEST] Overall action mAP (ivt): 0.3772
2025-04-09 20:42:43,436 - INFO - [TEST] Overall instrument mAP (ivt): 0.9215
2025-04-09 20:42:43,436 - INFO - [TEST] Test mAP Action (sklearn): 0.5008
2025-04-09 20:42:43,436 - INFO - [TEST] Test mAP Instrument (sklearn): 0.9331
2025-04-09 20:42:43,436 - INFO - [TEST] Test mAP Action (ivt): 0.3772
2025-04-09 20:42:43,436 - INFO - [TEST] Test mAP Instrument (ivt): 0.9215
2025-04-09 20:42:43,437 - INFO - Results: {'sklearn_mAP_a_from_vid_ap': 0.37716987287657194, 'sklearn_mAP_a': 0.5008, 'sklearn_mAP_i': 0.9331, 'ivt_mAP_a_from_vid_ap': 0.37716987287657194, 'ivt_mAP_a': 0.3772, 'ivt_mAP_i': 0.9215}
