2025-03-11 13:02:28,139 - INFO - Log file: logs/2025-03-11_13-02-28/my_application.log
2025-03-11 13:02:28,139 - INFO - Starting CholecT50 experiment for Surgical Actions Prediction
2025-03-11 13:02:28,139 - INFO - Experiment configuration: {'max_videos': 1, 'pretrain_next_frame': True, 'pretrain_reward_model': False, 'calculate_action_rewards': False, 'train_action_policy': False, 'run_tdmpc': False, 'analyze_results': False, 'run_evaluation': False}
2025-03-11 13:02:28,139 - INFO - Using device: cuda
2025-03-11 13:02:28,139 - INFO - Loading CholecT50 data...
2025-03-11 13:02:35,669 - INFO - Epoch 1/2 Training
2025-03-11 13:02:35,851 - INFO - Epoch 1/2, Batch 0/109, Loss: 2.4942
2025-03-11 13:02:36,361 - INFO - Epoch 1/2, Batch 20/109, Loss: 0.7545
2025-03-11 13:02:36,876 - INFO - Epoch 1/2, Batch 40/109, Loss: 0.4678
2025-03-11 13:02:37,396 - INFO - Epoch 1/2, Batch 60/109, Loss: 0.3118
2025-03-11 13:02:37,916 - INFO - Epoch 1/2, Batch 80/109, Loss: 0.2550
2025-03-11 13:02:38,447 - INFO - Epoch 1/2, Batch 100/109, Loss: 0.2192
2025-03-11 13:02:38,659 - INFO - Epoch 1/2, Train Loss: 0.5052
2025-03-11 13:02:38,660 - INFO - Starting validation
2025-03-11 13:02:38,864 - INFO - Epoch 1/2, Batch 0/178, Loss: 19.8636
2025-03-11 13:02:57,441 - INFO - Epoch 1/2, Batch 20/178, Loss: 489.7964
2025-03-11 13:03:19,543 - INFO - Epoch 1/2, Batch 40/178, Loss: 975.2267
2025-03-11 13:03:41,098 - INFO - Epoch 1/2, Batch 60/178, Loss: 1429.3059
2025-03-11 13:03:59,366 - INFO - Epoch 1/2, Batch 80/178, Loss: 1892.2497
2025-03-11 13:04:19,724 - INFO - Epoch 1/2, Batch 100/178, Loss: 2353.7939
2025-03-11 13:04:39,501 - INFO - Epoch 1/2, Batch 120/178, Loss: 2765.4970
2025-03-11 13:05:00,497 - INFO - Epoch 1/2, Batch 140/178, Loss: 3169.8669
2025-03-11 13:05:22,511 - INFO - Epoch 1/2, Batch 160/178, Loss: 3614.7169
2025-03-11 13:05:42,629 - INFO - Epoch 1/2, Val Loss: 1.3991
2025-03-11 13:05:42,629 - INFO - 
Action Prediction Accuracy:
2025-03-11 13:05:42,629 - INFO - --------------------------------------------------
2025-03-11 13:05:42,629 - INFO - Horizon    Top-k      Accuracy  
2025-03-11 13:05:42,629 - INFO - --------------------------------------------------
2025-03-11 13:05:42,629 - INFO - 1          mAP             0.0000
2025-03-11 13:05:42,629 - INFO - 1          1          0.4462
2025-03-11 13:05:42,629 - INFO - 1          3          0.6917
2025-03-11 13:05:42,629 - INFO - 1          5          0.7660
2025-03-11 13:05:42,629 - INFO - 1          10         0.8129
2025-03-11 13:05:42,630 - INFO - 3          mAP             0.0000
2025-03-11 13:05:42,630 - INFO - 3          1          0.4326
2025-03-11 13:05:42,630 - INFO - 3          3          0.6212
2025-03-11 13:05:42,630 - INFO - 3          5          0.7389
2025-03-11 13:05:42,630 - INFO - 3          10         0.8001
2025-03-11 13:05:42,630 - INFO - 5          mAP             0.0000
2025-03-11 13:05:42,630 - INFO - 5          1          0.4254
2025-03-11 13:05:42,630 - INFO - 5          3          0.5958
2025-03-11 13:05:42,630 - INFO - 5          5          0.7252
2025-03-11 13:05:42,630 - INFO - 5          10         0.7930
2025-03-11 13:05:42,630 - INFO - 10         mAP             0.0000
2025-03-11 13:05:42,630 - INFO - 10         1          0.4126
2025-03-11 13:05:42,631 - INFO - 10         3          0.5638
2025-03-11 13:05:42,631 - INFO - 10         5          0.7004
2025-03-11 13:05:42,631 - INFO - 10         10         0.7823
2025-03-11 13:05:42,631 - INFO - 15         mAP             0.0000
2025-03-11 13:05:42,631 - INFO - 15         1          0.4038
2025-03-11 13:05:42,631 - INFO - 15         3          0.5499
2025-03-11 13:05:42,631 - INFO - 15         5          0.6955
2025-03-11 13:05:42,631 - INFO - 15         10         0.7790
2025-03-11 13:05:42,632 - INFO - --------------------------------------------------
2025-03-11 13:22:54,146 - INFO - Model saved to: logs/2025-03-11_13-02-28/checkpoints/best_model_epoch1_valloss1.399096.pt
2025-03-11 13:22:54,147 - INFO - Saved new best model at epoch 1 with validation loss: 1.399096
2025-03-11 13:24:13,156 - INFO - Saved periodic checkpoint at epoch 1
2025-03-11 13:24:13,157 - INFO - Epoch 2/2 Training
2025-03-11 13:24:13,187 - INFO - Epoch 2/2, Batch 0/109, Loss: 0.1900
2025-03-11 13:24:13,725 - INFO - Epoch 2/2, Batch 20/109, Loss: 0.1670
2025-03-11 13:24:14,253 - INFO - Epoch 2/2, Batch 40/109, Loss: 0.1477
2025-03-11 13:24:14,783 - INFO - Epoch 2/2, Batch 60/109, Loss: 0.1764
2025-03-11 13:24:15,330 - INFO - Epoch 2/2, Batch 80/109, Loss: 0.1297
2025-03-11 13:24:15,877 - INFO - Epoch 2/2, Batch 100/109, Loss: 0.1137
2025-03-11 13:24:16,097 - INFO - Epoch 2/2, Train Loss: 0.1652
2025-03-11 13:24:16,098 - INFO - Starting validation
2025-03-11 13:24:16,280 - INFO - Epoch 2/2, Batch 0/178, Loss: 18.9526
2025-03-11 13:24:35,180 - INFO - Epoch 2/2, Batch 20/178, Loss: 476.1606
