2025-04-23 16:25:57,568 - INFO - Log file: logs/2025-04-23_16-25-57/loggings.log
2025-04-23 16:25:57,568 - INFO - Starting CholecT50 experiment for Surgical Actions Prediction
2025-04-23 16:25:57,568 - INFO - Experiment configuration: {'max_videos': 2, 'recognition': {'train': False, 'inference': False, 'best_model_path': './best_checkpoints/best_model_epoch2_map0.5008.pt'}, 'pretrain_world_model': {'train': True, 'inference': False, 'best_model_path': None}, 'pretrain_reward_model': False, 'calculate_action_rewards': False, 'train_action_policy': False, 'run_tdmpc': False, 'analyze_results': False, 'run_evaluation': False}
2025-04-23 16:25:57,568 - INFO - Using device: cuda
2025-04-23 16:25:57,568 - INFO - Loading CholecT50 data...
2025-04-23 16:26:04,053 - INFO - [TRAINING] Starting world model training for 2 epochs
2025-04-23 16:26:04,266 - INFO - [TRAINING] Batch 0/204 | _z_loss: 1.7494
2025-04-23 16:26:04,266 - INFO - [TRAINING] Batch 0/204 | loss: 1.7494
2025-04-23 16:26:07,762 - INFO - [TRAINING] Batch 80/204 | _z_loss: 1.2104
2025-04-23 16:26:07,762 - INFO - [TRAINING] Batch 80/204 | loss: 1.2104
2025-04-23 16:26:11,267 - INFO - [TRAINING] Batch 160/204 | _z_loss: 0.6989
2025-04-23 16:26:11,267 - INFO - [TRAINING] Batch 160/204 | loss: 0.6989
2025-04-23 16:26:13,146 - INFO - [TRAINING] Epoch 1/2 completed in 9.09s | Train loss: 1.0877
2025-04-23 16:26:13,147 - INFO - [EVAL] Evaluating world model on 2 test videos
2025-04-23 16:26:13,147 - INFO - [EVAL] Video IDs: ['VID02', 'VID06']
2025-04-23 16:26:26,880 - INFO - [EVAL] Video VID02 | State Pred Error: 0.5741 | Rollout Error Mean: 0.9356 | Rollout Error Growth: 0.9412
2025-04-23 16:26:37,233 - INFO - [EVAL] Video VID06 | State Pred Error: 0.7944 | Rollout Error Mean: 0.9406 | Rollout Error Growth: 0.8880
2025-04-23 16:26:37,234 - INFO - [EVAL] Validation | Loss: 0.6842 | State Pred Error: 0.6842 | Rollout Error Mean: 0.9381 | Rollout Error Growth: 0.9146 | Action Pred Accuracy: 0.0000
2025-04-23 16:26:37,353 - INFO - New best model saved at logs/2025-04-23_16-25-57/world_model_best_epoch_1.pt
2025-04-23 16:26:37,493 - INFO - [TRAINING] Batch 0/204 | _z_loss: 0.6048
2025-04-23 16:26:37,493 - INFO - [TRAINING] Batch 0/204 | loss: 0.6048
2025-04-23 16:26:41,040 - INFO - [TRAINING] Batch 80/204 | _z_loss: 0.4634
2025-04-23 16:26:41,041 - INFO - [TRAINING] Batch 80/204 | loss: 0.4634
2025-04-23 16:26:44,599 - INFO - [TRAINING] Batch 160/204 | _z_loss: 0.3132
2025-04-23 16:26:44,599 - INFO - [TRAINING] Batch 160/204 | loss: 0.3132
2025-04-23 16:26:46,502 - INFO - [TRAINING] Epoch 2/2 completed in 9.05s | Train loss: 0.4436
2025-04-23 16:26:46,503 - INFO - [EVAL] Evaluating world model on 2 test videos
2025-04-23 16:26:46,503 - INFO - [EVAL] Video IDs: ['VID02', 'VID06']
2025-04-23 16:27:00,234 - INFO - [EVAL] Video VID02 | State Pred Error: 0.3753 | Rollout Error Mean: 1.0835 | Rollout Error Growth: 1.7408
2025-04-23 16:27:10,717 - INFO - [EVAL] Video VID06 | State Pred Error: 0.5809 | Rollout Error Mean: 1.0588 | Rollout Error Growth: 1.6478
2025-04-23 16:27:10,718 - INFO - [EVAL] Validation | Loss: 0.4781 | State Pred Error: 0.4781 | Rollout Error Mean: 1.0712 | Rollout Error Growth: 1.6943 | Action Pred Accuracy: 0.0000
2025-04-23 16:27:10,835 - INFO - New best model saved at logs/2025-04-23_16-25-57/world_model_best_epoch_2.pt
2025-04-23 16:27:11,467 - INFO - Training completed. Best model saved at logs/2025-04-23_16-25-57/world_model_best_epoch_2.pt
