2025-06-03 18:07:56,448 - INFO - logger_surgical_rl_comparison_131956506392192 - Shared experiment log directory: logs/2025-06-03_18-07
2025-06-03 18:07:56,448 - INFO - logger_surgical_rl_comparison_131956506392192 - 🚀 SURGICAL RL COMPARISON INITIALIZED
2025-06-03 18:07:56,448 - INFO - logger_surgical_rl_comparison_131956506392192 - Method 1: Imitation Learning (Baseline)
2025-06-03 18:07:56,448 - INFO - logger_surgical_rl_comparison_131956506392192 - Method 2: RL with World Model Simulation
2025-06-03 18:07:56,448 - INFO - logger_surgical_rl_comparison_131956506392192 - Method 3: RL with Offline Video Episodes
2025-06-03 18:07:56,448 - INFO - logger_surgical_rl_comparison_131956506392192 - Device: cuda
2025-06-03 18:07:56,448 - INFO - logger_surgical_rl_comparison_131956506392192 - Results will be saved to: logs/2025-06-03_18-07/surgical_rl_results
2025-06-03 18:07:56,448 - INFO - logger_surgical_rl_comparison_131956506392192 - ============================================================
2025-06-03 18:07:56,448 - INFO - logger_surgical_rl_comparison_131956506392192 - STEP 1: LOADING DATASET
2025-06-03 18:07:56,448 - INFO - logger_surgical_rl_comparison_131956506392192 - ============================================================
2025-06-03 18:07:56,448 - INFO - logger_surgical_rl_comparison_131956506392192 - Loading train data from /home/maxboels/datasets/CholecT50 with fold 0
2025-06-03 18:07:56,860 - INFO - logger_surgical_rl_comparison_131956506392192 - [Train] Start processing metadata file /home/maxboels/datasets/CholecT50/embeddings_train_set/fold0/embeddings_f0_swin_bas_129_phase_complet_phase_transit_prog_prob_action_risk_glob_outcome.csv
2025-06-03 18:07:56,860 - INFO - logger_surgical_rl_comparison_131956506392192 - [Train] Rewards extraction skipped, using metadata file /home/maxboels/datasets/CholecT50/embeddings_train_set/fold0/embeddings_f0_swin_bas_129_phase_complet_phase_transit_prog_prob_action_risk_glob_outcome.csv
2025-06-03 18:07:56,861 - INFO - logger_surgical_rl_comparison_131956506392192 - [Train] Found 2 videos in metadata file
2025-06-03 18:07:56,861 - INFO - logger_surgical_rl_comparison_131956506392192 - [Train] Loading data for 2 videos
2025-06-03 18:07:57,107 - INFO - logger_surgical_rl_comparison_131956506392192 - Loading test data from /home/maxboels/datasets/CholecT50 with fold 0
2025-06-03 18:07:57,183 - INFO - logger_surgical_rl_comparison_131956506392192 - [Test] Start processing metadata file /home/maxboels/datasets/CholecT50/embeddings_test_set/fold0/embeddings_f0_swin_bas_129_phase_complet_phase_transit_prog_prob_action_risk_glob_outcome.csv
2025-06-03 18:07:57,183 - INFO - logger_surgical_rl_comparison_131956506392192 - [Test] Rewards extraction skipped, using metadata file /home/maxboels/datasets/CholecT50/embeddings_test_set/fold0/embeddings_f0_swin_bas_129_phase_complet_phase_transit_prog_prob_action_risk_glob_outcome.csv
2025-06-03 18:07:57,184 - INFO - logger_surgical_rl_comparison_131956506392192 - [Test] Found 1 videos in metadata file
2025-06-03 18:07:57,184 - INFO - logger_surgical_rl_comparison_131956506392192 - [Test] Loading data for 1 videos
2025-06-03 18:07:57,288 - INFO - logger_surgical_rl_comparison_131956506392192 - ✅ Loaded 2 training videos and 1 test videos
2025-06-03 18:07:57,288 - INFO - logger_surgical_rl_comparison_131956506392192 - ============================================================
2025-06-03 18:07:57,288 - INFO - logger_surgical_rl_comparison_131956506392192 - STEP 2: METHOD 1 - IMITATION LEARNING BASELINE
2025-06-03 18:07:57,288 - INFO - logger_surgical_rl_comparison_131956506392192 - ============================================================
2025-06-03 18:07:57,288 - INFO - logger_surgical_rl_comparison_131956506392192 - 🎓 Training Imitation Learning Baseline...
2025-06-03 18:07:57,288 - INFO - logger_surgical_rl_comparison_131956506392192 - 📋 Approach: Supervised learning on expert demonstrations
2025-06-03 18:07:58,643 - INFO - logger_surgical_rl_comparison_131956506392192 - Starting the Imitation Learning training for autoregressive action prediction
2025-06-03 18:07:59,013 - INFO - logger_surgical_rl_comparison_131956506392192 - Batch 0/204 | Loss: 3.3123
2025-06-03 18:08:03,372 - INFO - logger_surgical_rl_comparison_131956506392192 - Batch 100/204 | Loss: 0.5414
2025-06-03 18:08:07,764 - INFO - logger_surgical_rl_comparison_131956506392192 - Batch 200/204 | Loss: 0.3646
2025-06-03 18:09:04,997 - INFO - logger_surgical_rl_comparison_131956506392192 - New best model saved: logs/2025-06-03_18-07/checkpoints/supervised_best_epoch_1.pt
2025-06-03 18:09:04,997 - INFO - logger_surgical_rl_comparison_131956506392192 - Epoch 1/1 | Train Loss: 0.7761 | Val Loss: 0.4113 | Val Action Acc: 0.0000
2025-06-03 18:09:05,480 - INFO - logger_surgical_rl_comparison_131956506392192 - Training plots saved to logs/2025-06-03_18-07
2025-06-03 18:09:05,602 - INFO - logger_surgical_rl_comparison_131956506392192 - Training completed. Best model: logs/2025-06-03_18-07/checkpoints/supervised_best_epoch_1.pt
2025-06-03 18:09:05,602 - INFO - logger_surgical_rl_comparison_131956506392192 - Final model: logs/2025-06-03_18-07/checkpoints/final_model.pt
2025-06-03 18:09:08,946 - INFO - logger_surgical_rl_comparison_131956506392192 - ✅ Method 1 (IL) completed successfully
2025-06-03 18:09:08,946 - INFO - logger_surgical_rl_comparison_131956506392192 - 📊 IL mAP: 0.2378
2025-06-03 18:09:09,019 - INFO - logger_surgical_rl_comparison_131956506392192 - ============================================================
2025-06-03 18:09:09,020 - INFO - logger_surgical_rl_comparison_131956506392192 - STEP 3: METHOD 2 - RL WITH WORLD MODEL SIMULATION
2025-06-03 18:09:09,020 - INFO - logger_surgical_rl_comparison_131956506392192 - ============================================================
2025-06-03 18:09:09,020 - INFO - logger_surgical_rl_comparison_131956506392192 - 🌍 Training RL with World Model Simulation...
2025-06-03 18:09:09,020 - INFO - logger_surgical_rl_comparison_131956506392192 - 📋 Approach: World model as RL environment simulator
2025-06-03 18:09:09,637 - INFO - logger_surgical_rl_comparison_131956506392192 - ✅ Using world model from Method 1: logs/2025-06-03_18-07/checkpoints/supervised_best_epoch_1.pt
2025-06-03 18:09:09,638 - INFO - logger_surgical_rl_comparison_131956506392192 - 🤖 Training PPO with world model simulation...
2025-06-03 18:09:23,928 - INFO - logger_surgical_rl_comparison_131956506392192 - 🤖 Training A2C with world model simulation...
2025-06-03 18:09:35,110 - INFO - logger_surgical_rl_comparison_131956506392192 - ✅ Method 2 (RL + World Model) completed successfully
2025-06-03 18:09:35,110 - INFO - logger_surgical_rl_comparison_131956506392192 - 📊 Successful RL models: ['ppo', 'a2c']
2025-06-03 18:09:35,110 - INFO - logger_surgical_rl_comparison_131956506392192 - ============================================================
2025-06-03 18:09:35,110 - INFO - logger_surgical_rl_comparison_131956506392192 - STEP 4: METHOD 3 - RL WITH OFFLINE VIDEO EPISODES
2025-06-03 18:09:35,110 - INFO - logger_surgical_rl_comparison_131956506392192 - ============================================================
2025-06-03 18:09:35,110 - INFO - logger_surgical_rl_comparison_131956506392192 - 📹 Training RL with Offline Video Episodes...
2025-06-03 18:09:35,110 - INFO - logger_surgical_rl_comparison_131956506392192 - 📋 Approach: Direct RL on video sequences (no world model)
2025-06-03 18:09:35,112 - INFO - logger_surgical_rl_comparison_131956506392192 - ⚠️ Method 3 (RL + Offline Videos) - Placeholder implementation
2025-06-03 18:09:35,112 - INFO - logger_surgical_rl_comparison_131956506392192 - 📝 Note: Requires DirectVideoEnvironment implementation
2025-06-03 18:09:35,113 - INFO - logger_surgical_rl_comparison_131956506392192 - ============================================================
2025-06-03 18:09:35,113 - INFO - logger_surgical_rl_comparison_131956506392192 - STEP 5: COMPREHENSIVE EVALUATION AND COMPARISON
2025-06-03 18:09:35,113 - INFO - logger_surgical_rl_comparison_131956506392192 - ============================================================
2025-06-03 18:09:35,113 - INFO - logger_surgical_rl_comparison_131956506392192 - 📊 Running comprehensive three-way evaluation...
2025-06-03 18:09:35,750 - INFO - logger_surgical_rl_comparison_131956506392192 - ✅ Loaded IL model for evaluation
2025-06-03 18:09:35,760 - INFO - logger_surgical_rl_comparison_131956506392192 - ✅ Loaded PPO model for evaluation
2025-06-03 18:09:35,768 - INFO - logger_surgical_rl_comparison_131956506392192 - ✅ Loaded A2C model for evaluation
2025-06-03 18:09:36,378 - INFO - logger_surgical_rl_comparison_131956506392192 - 🔧 Evaluation framework using device: cuda
2025-06-03 18:09:36,378 - INFO - logger_surgical_rl_comparison_131956506392192 - 📊 Starting Comprehensive Dual Evaluation...
2025-06-03 18:09:36,378 - INFO - logger_surgical_rl_comparison_131956506392192 - 🔍 Including BOTH traditional and outcome-based metrics
2025-06-03 18:09:36,378 - INFO - logger_surgical_rl_comparison_131956506392192 - 🎓 Evaluating Imitation Learning...
2025-06-03 18:09:36,378 - ERROR - logger_surgical_rl_comparison_131956506392192 - ❌ Comprehensive evaluation failed: 'DualWorldModel' object has no attribute 'get_parameters'
2025-06-03 18:09:36,379 - INFO - logger_surgical_rl_comparison_131956506392192 - ============================================================
2025-06-03 18:09:36,379 - INFO - logger_surgical_rl_comparison_131956506392192 - STEP 6: GENERATING RESEARCH PAPER RESULTS
2025-06-03 18:09:36,379 - INFO - logger_surgical_rl_comparison_131956506392192 - ============================================================
2025-06-03 18:09:36,379 - INFO - logger_surgical_rl_comparison_131956506392192 - 📝 Generating research paper results...
2025-06-03 18:09:36,379 - INFO - logger_surgical_rl_comparison_131956506392192 - 📄 Experiment summary saved to: logs/2025-06-03_18-07/surgical_rl_results/experiment_summary.md
2025-06-03 18:09:36,379 - INFO - logger_surgical_rl_comparison_131956506392192 - 📄 Paper results saved to: logs/2025-06-03_18-07/surgical_rl_results/paper_results.json
2025-06-03 18:09:36,380 - INFO - logger_surgical_rl_comparison_131956506392192 - 💾 Complete results saved to: logs/2025-06-03_18-07/surgical_rl_results/complete_surgical_rl_results.json
2025-06-03 18:09:36,380 - INFO - logger_surgical_rl_comparison_131956506392192 - 📁 All results available in: logs/2025-06-03_18-07/surgical_rl_results
2025-06-03 18:09:36,380 - INFO - logger_surgical_rl_comparison_131956506392192 - ✅ SURGICAL RL COMPARISON COMPLETED SUCCESSFULLY!
