2025-06-05 11:24:05,258 - INFO - SeparateModelsComparison_130159343072176 - 🎯 Experiment: separate_models_comparison_20250605_112405
2025-06-05 11:24:05,259 - INFO - SeparateModelsComparison_130159343072176 - 📁 Results dir: results/separate_models_comparison_20250605_112405
2025-06-05 11:24:05,259 - INFO - SeparateModelsComparison_130159343072176 - 🚀 Starting Complete Separate Models Comparison
2025-06-05 11:24:05,259 - INFO - SeparateModelsComparison_130159343072176 - ============================================================
2025-06-05 11:24:05,266 - INFO - SeparateModelsComparison_130159343072176 - 📂 Loading CholecT50 data...
2025-06-05 11:24:05,266 - INFO - SeparateModelsComparison_130159343072176 - Loading train data from /home/maxboels/datasets/CholecT50 with fold 0
2025-06-05 11:24:05,663 - INFO - SeparateModelsComparison_130159343072176 - ✅ Loaded metadata: /home/maxboels/datasets/CholecT50/embeddings_train_set/fold0/embeddings_f0_swin_bas_129_phase_complet_phase_transit_prog_prob_action_risk_glob_outcome.csv - Shape: (78968, 156)
2025-06-05 11:24:05,663 - INFO - SeparateModelsComparison_130159343072176 - [Train] Start processing metadata file /home/maxboels/datasets/CholecT50/embeddings_train_set/fold0/embeddings_f0_swin_bas_129_phase_complet_phase_transit_prog_prob_action_risk_glob_outcome.csv
2025-06-05 11:24:05,663 - INFO - SeparateModelsComparison_130159343072176 - [Train] Rewards extraction skipped, using metadata file /home/maxboels/datasets/CholecT50/embeddings_train_set/fold0/embeddings_f0_swin_bas_129_phase_complet_phase_transit_prog_prob_action_risk_glob_outcome.csv
2025-06-05 11:24:05,665 - INFO - SeparateModelsComparison_130159343072176 - [Train] Found 2 videos in metadata file
2025-06-05 11:24:05,665 - INFO - SeparateModelsComparison_130159343072176 - [Train] Loading data for 2 videos
2025-06-05 11:24:05,745 - INFO - SeparateModelsComparison_130159343072176 - ✅ Loaded video VID01: 1734 frames, 1024D embeddings
2025-06-05 11:24:05,808 - INFO - SeparateModelsComparison_130159343072176 - ✅ Loaded video VID04: 1523 frames, 1024D embeddings
2025-06-05 11:24:05,808 - INFO - SeparateModelsComparison_130159343072176 - ✅ Successfully loaded 2 videos for train
2025-06-05 11:24:05,808 - INFO - SeparateModelsComparison_130159343072176 - Loading test data from /home/maxboels/datasets/CholecT50 with fold 0
2025-06-05 11:24:05,896 - INFO - SeparateModelsComparison_130159343072176 - ✅ Loaded metadata: /home/maxboels/datasets/CholecT50/embeddings_test_set/fold0/embeddings_f0_swin_bas_129_phase_complet_phase_transit_prog_prob_action_risk_glob_outcome.csv - Shape: (21895, 156)
2025-06-05 11:24:05,896 - INFO - SeparateModelsComparison_130159343072176 - [Test] Start processing metadata file /home/maxboels/datasets/CholecT50/embeddings_test_set/fold0/embeddings_f0_swin_bas_129_phase_complet_phase_transit_prog_prob_action_risk_glob_outcome.csv
2025-06-05 11:24:05,896 - INFO - SeparateModelsComparison_130159343072176 - [Test] Rewards extraction skipped, using metadata file /home/maxboels/datasets/CholecT50/embeddings_test_set/fold0/embeddings_f0_swin_bas_129_phase_complet_phase_transit_prog_prob_action_risk_glob_outcome.csv
2025-06-05 11:24:05,897 - INFO - SeparateModelsComparison_130159343072176 - [Test] Found 1 videos in metadata file
2025-06-05 11:24:05,897 - INFO - SeparateModelsComparison_130159343072176 - [Test] Loading data for 1 videos
2025-06-05 11:24:06,167 - INFO - SeparateModelsComparison_130159343072176 - ✅ Loaded video VID02: 2840 frames, 1024D embeddings
2025-06-05 11:24:06,168 - INFO - SeparateModelsComparison_130159343072176 - ✅ Successfully loaded 1 videos for test
2025-06-05 11:24:06,168 - INFO - SeparateModelsComparison_130159343072176 - ✅ Data loaded successfully
2025-06-05 11:24:06,168 - INFO - SeparateModelsComparison_130159343072176 -    Training videos: 2
2025-06-05 11:24:06,168 - INFO - SeparateModelsComparison_130159343072176 -    Test videos: 1
