2025-05-08 14:14:22,997 - INFO - Log file: logs/2025-05-08_14-14-22/loggings.log
2025-05-08 14:14:22,997 - INFO - Starting CholecT50 experiment for Surgical Actions Prediction
2025-05-08 14:14:22,997 - INFO - Experiment configuration: {'max_videos': None, 'recognition': {'train': False, 'inference': False, 'best_model_path': './best_checkpoints/best_model_epoch2_map0.5008.pt'}, 'pretrain_world_model': {'train': True, 'inference': False, 'best_model_path': None}, 'pretrain_reward_model': False, 'calculate_action_rewards': False, 'train_action_policy': False, 'run_tdmpc': False, 'analyze_results': False, 'run_evaluation': False}
2025-05-08 14:14:22,997 - INFO - Using device: cuda
2025-05-08 14:14:22,998 - INFO - Loading CholecT50 data...
2025-05-08 14:14:22,998 - INFO - Loading train data from /nfs/home/mboels/datasets/CholecT50 with fold 0
2025-05-08 14:14:24,676 - INFO - [train] Start processing metadata file /nfs/home/mboels/datasets/CholecT50/embeddings_train_set/fold0/embeddings_f0_swin_bas_129_phase_complet_phase_transit_prog_prob_action.csv
2025-05-08 14:14:39,225 - INFO - [train] Added risk scores to embeddings_f0_swin_bas_129_phase_complet_phase_transit_prog_prob_action_risk.csv
2025-05-08 14:14:49,564 - INFO - [train] Added global outcome scores to embeddings_f0_swin_bas_129_phase_complet_phase_transit_prog_prob_action_risk_glob_outcome.csv
2025-05-08 14:14:49,570 - INFO - [train] Found 40 videos in metadata file
2025-05-08 14:14:49,570 - INFO - [train] Loading data for 40 videos
2025-05-08 14:15:47,619 - INFO - Loading test data from /nfs/home/mboels/datasets/CholecT50 with fold 0
2025-05-08 14:15:48,131 - INFO - [test] Start processing metadata file /nfs/home/mboels/datasets/CholecT50/embeddings_test_set/fold0/embeddings_f0_swin_bas_129_phase_complet_phase_transit_prog_prob_action.csv
2025-05-08 14:15:56,324 - INFO - [test] Added risk scores to embeddings_f0_swin_bas_129_phase_complet_phase_transit_prog_prob_action_risk.csv
2025-05-08 14:15:59,036 - INFO - [test] Added global outcome scores to embeddings_f0_swin_bas_129_phase_complet_phase_transit_prog_prob_action_risk_glob_outcome.csv
2025-05-08 14:15:59,037 - INFO - [test] Found 10 videos in metadata file
2025-05-08 14:15:59,038 - INFO - [test] Loading data for 10 videos
2025-05-08 14:17:08,361 - INFO - [TRAINING] Starting world model training for 5 epochs
2025-05-08 14:17:09,013 - INFO - [TRAINING] Batch 0/4933 | total_loss: 7.1997
2025-05-08 14:17:12,944 - INFO - [TRAINING] Batch 80/4933 | total_loss: 3.8425
2025-05-08 14:17:16,756 - INFO - [TRAINING] Batch 160/4933 | total_loss: 3.1263
2025-05-08 14:17:20,641 - INFO - [TRAINING] Batch 240/4933 | total_loss: 1.8263
2025-05-08 14:17:24,492 - INFO - [TRAINING] Batch 320/4933 | total_loss: 2.2986
2025-05-08 14:17:28,260 - INFO - [TRAINING] Batch 400/4933 | total_loss: 1.6449
2025-05-08 14:17:32,328 - INFO - [TRAINING] Batch 480/4933 | total_loss: 1.4558
2025-05-08 14:17:35,934 - INFO - [TRAINING] Batch 560/4933 | total_loss: 1.4088
2025-05-08 14:17:39,648 - INFO - [TRAINING] Batch 640/4933 | total_loss: 1.2073
2025-05-08 14:17:43,590 - INFO - [TRAINING] Batch 720/4933 | total_loss: 0.9242
2025-05-08 14:17:47,402 - INFO - [TRAINING] Batch 800/4933 | total_loss: 0.8973
2025-05-08 14:17:51,171 - INFO - [TRAINING] Batch 880/4933 | total_loss: 0.9911
2025-05-08 14:17:54,846 - INFO - [TRAINING] Batch 960/4933 | total_loss: 1.1898
2025-05-08 14:17:58,621 - INFO - [TRAINING] Batch 1040/4933 | total_loss: 0.8460
2025-05-08 14:18:02,418 - INFO - [TRAINING] Batch 1120/4933 | total_loss: 0.8294
2025-05-08 14:18:06,166 - INFO - [TRAINING] Batch 1200/4933 | total_loss: 0.7280
2025-05-08 14:18:10,139 - INFO - [TRAINING] Batch 1280/4933 | total_loss: 0.6817
2025-05-08 14:18:14,073 - INFO - [TRAINING] Batch 1360/4933 | total_loss: 1.0287
2025-05-08 14:18:17,828 - INFO - [TRAINING] Batch 1440/4933 | total_loss: 0.7167
2025-05-08 14:18:21,722 - INFO - [TRAINING] Batch 1520/4933 | total_loss: 0.3626
2025-05-08 14:18:25,559 - INFO - [TRAINING] Batch 1600/4933 | total_loss: 0.6747
2025-05-08 14:18:29,465 - INFO - [TRAINING] Batch 1680/4933 | total_loss: 0.6312
2025-05-08 14:18:33,253 - INFO - [TRAINING] Batch 1760/4933 | total_loss: 0.7435
2025-05-08 14:18:37,032 - INFO - [TRAINING] Batch 1840/4933 | total_loss: 0.8709
2025-05-08 14:18:41,050 - INFO - [TRAINING] Batch 1920/4933 | total_loss: 0.6577
2025-05-08 14:18:44,793 - INFO - [TRAINING] Batch 2000/4933 | total_loss: 0.5475
2025-05-08 14:18:48,925 - INFO - [TRAINING] Batch 2080/4933 | total_loss: 0.4672
2025-05-08 14:18:52,807 - INFO - [TRAINING] Batch 2160/4933 | total_loss: 0.6198
2025-05-08 14:18:56,997 - INFO - [TRAINING] Batch 2240/4933 | total_loss: 0.5245
2025-05-08 14:19:00,970 - INFO - [TRAINING] Batch 2320/4933 | total_loss: 0.6665
2025-05-08 14:19:04,746 - INFO - [TRAINING] Batch 2400/4933 | total_loss: 0.8921
2025-05-08 14:19:08,613 - INFO - [TRAINING] Batch 2480/4933 | total_loss: 0.6131
2025-05-08 14:19:12,525 - INFO - [TRAINING] Batch 2560/4933 | total_loss: 0.3477
2025-05-08 14:19:16,356 - INFO - [TRAINING] Batch 2640/4933 | total_loss: 0.6005
2025-05-08 14:19:20,075 - INFO - [TRAINING] Batch 2720/4933 | total_loss: 0.8518
2025-05-08 14:19:24,138 - INFO - [TRAINING] Batch 2800/4933 | total_loss: 0.5302
2025-05-08 14:19:28,041 - INFO - [TRAINING] Batch 2880/4933 | total_loss: 0.6775
2025-05-08 14:19:31,770 - INFO - [TRAINING] Batch 2960/4933 | total_loss: 0.5626
2025-05-08 14:19:35,881 - INFO - [TRAINING] Batch 3040/4933 | total_loss: 0.3687
2025-05-08 14:19:40,013 - INFO - [TRAINING] Batch 3120/4933 | total_loss: 0.5893
2025-05-08 14:19:43,902 - INFO - [TRAINING] Batch 3200/4933 | total_loss: 0.8909
2025-05-08 14:19:47,865 - INFO - [TRAINING] Batch 3280/4933 | total_loss: 0.6615
2025-05-08 14:19:51,956 - INFO - [TRAINING] Batch 3360/4933 | total_loss: 0.3978
2025-05-08 14:19:56,013 - INFO - [TRAINING] Batch 3440/4933 | total_loss: 0.3543
2025-05-08 14:19:59,903 - INFO - [TRAINING] Batch 3520/4933 | total_loss: 0.4156
2025-05-08 14:20:04,030 - INFO - [TRAINING] Batch 3600/4933 | total_loss: 0.4412
2025-05-08 14:20:08,000 - INFO - [TRAINING] Batch 3680/4933 | total_loss: 0.3320
2025-05-08 14:20:11,798 - INFO - [TRAINING] Batch 3760/4933 | total_loss: 0.3844
2025-05-08 14:20:15,721 - INFO - [TRAINING] Batch 3840/4933 | total_loss: 0.6515
2025-05-08 14:20:19,965 - INFO - [TRAINING] Batch 3920/4933 | total_loss: 0.3550
2025-05-08 14:20:23,904 - INFO - [TRAINING] Batch 4000/4933 | total_loss: 0.4192
2025-05-08 14:20:27,594 - INFO - [TRAINING] Batch 4080/4933 | total_loss: 0.4917
2025-05-08 14:20:31,468 - INFO - [TRAINING] Batch 4160/4933 | total_loss: 0.5547
2025-05-08 14:20:35,296 - INFO - [TRAINING] Batch 4240/4933 | total_loss: 0.6238
2025-05-08 14:20:39,159 - INFO - [TRAINING] Batch 4320/4933 | total_loss: 0.6263
2025-05-08 14:20:43,310 - INFO - [TRAINING] Batch 4400/4933 | total_loss: 0.4366
2025-05-08 14:20:47,053 - INFO - [TRAINING] Batch 4480/4933 | total_loss: 0.5176
2025-05-08 14:20:50,738 - INFO - [TRAINING] Batch 4560/4933 | total_loss: 0.4072
2025-05-08 14:20:54,589 - INFO - [TRAINING] Batch 4640/4933 | total_loss: 0.3891
2025-05-08 14:20:58,368 - INFO - [TRAINING] Batch 4720/4933 | total_loss: 0.4225
2025-05-08 14:21:02,059 - INFO - [TRAINING] Batch 4800/4933 | total_loss: 0.5833
2025-05-08 14:21:05,940 - INFO - [TRAINING] Batch 4880/4933 | total_loss: 0.6594
2025-05-08 14:21:08,490 - INFO - [TRAINING] Epoch 1/5 completed in 240.13s | Train loss: 0.8610
2025-05-08 14:21:08,491 - INFO - [EVAL] Evaluating world model on 10 test videos
2025-05-08 14:21:08,491 - INFO - [EVAL] Video IDs: ['VID02', 'VID06', 'VID111', 'VID14', 'VID23', 'VID25', 'VID50', 'VID51', 'VID66', 'VID79']
2025-05-08 14:21:32,879 - INFO - [EVAL] Video VID02 | State Pred MSE: 0.1688 | Rollout MSE Mean: 1.3295 | Rollout MSE Growth: 3.0836
2025-05-08 14:21:53,264 - INFO - [EVAL] Video VID06 | State Pred MSE: 0.1690 | Rollout MSE Mean: 1.2664 | Rollout MSE Growth: 2.4425
2025-05-08 14:22:12,316 - INFO - [EVAL] Video VID111 | State Pred MSE: 0.1631 | Rollout MSE Mean: 1.4036 | Rollout MSE Growth: 3.2844
2025-05-08 14:22:27,194 - INFO - [EVAL] Video VID14 | State Pred MSE: 0.1746 | Rollout MSE Mean: 1.1546 | Rollout MSE Growth: 1.9387
2025-05-08 14:22:41,492 - INFO - [EVAL] Video VID23 | State Pred MSE: 0.1857 | Rollout MSE Mean: 1.3243 | Rollout MSE Growth: 2.7589
2025-05-08 14:23:00,376 - INFO - [EVAL] Video VID25 | State Pred MSE: 0.1629 | Rollout MSE Mean: 1.4105 | Rollout MSE Growth: 2.5455
2025-05-08 14:23:09,936 - INFO - [EVAL] Video VID50 | State Pred MSE: 0.1568 | Rollout MSE Mean: 1.3318 | Rollout MSE Growth: 2.0515
2025-05-08 14:23:33,880 - INFO - [EVAL] Video VID51 | State Pred MSE: 0.1526 | Rollout MSE Mean: 1.0706 | Rollout MSE Growth: 2.0579
2025-05-08 14:23:49,278 - INFO - [EVAL] Video VID66 | State Pred MSE: 0.1688 | Rollout MSE Mean: 1.0582 | Rollout MSE Growth: 1.8328
2025-05-08 14:24:17,521 - INFO - [EVAL] Video VID79 | State Pred MSE: 0.1729 | Rollout MSE Mean: 1.3824 | Rollout MSE Growth: 2.6335
2025-05-08 14:24:17,523 - INFO - [EVAL] Validation | Loss: 1.1584 | State Pred MSE: 0.1675 | Rollout MSE Mean: 1.2732 | Rollout MSE Growth: 2.4629 | Action Pred Accuracy: 0.0000
2025-05-08 14:24:17,939 - INFO - New best model saved at logs/2025-05-08_14-14-22/checkpoints/world_model_best_epoch_1.pt
2025-05-08 14:24:18,346 - INFO - [TRAINING] Batch 0/4933 | total_loss: 0.7269
2025-05-08 14:24:22,028 - INFO - [TRAINING] Batch 80/4933 | total_loss: 0.3662
2025-05-08 14:24:25,798 - INFO - [TRAINING] Batch 160/4933 | total_loss: 0.4685
2025-05-08 14:24:29,756 - INFO - [TRAINING] Batch 240/4933 | total_loss: 0.6801
2025-05-08 14:24:33,598 - INFO - [TRAINING] Batch 320/4933 | total_loss: 0.5166
2025-05-08 14:24:37,337 - INFO - [TRAINING] Batch 400/4933 | total_loss: 0.4828
2025-05-08 14:24:41,375 - INFO - [TRAINING] Batch 480/4933 | total_loss: 0.3903
2025-05-08 14:24:45,289 - INFO - [TRAINING] Batch 560/4933 | total_loss: 0.3611
2025-05-08 14:24:49,166 - INFO - [TRAINING] Batch 640/4933 | total_loss: 0.2824
2025-05-08 14:24:53,012 - INFO - [TRAINING] Batch 720/4933 | total_loss: 0.3291
2025-05-08 14:24:57,194 - INFO - [TRAINING] Batch 800/4933 | total_loss: 0.4113
2025-05-08 14:25:01,157 - INFO - [TRAINING] Batch 880/4933 | total_loss: 0.4394
2025-05-08 14:25:05,164 - INFO - [TRAINING] Batch 960/4933 | total_loss: 0.2643
2025-05-08 14:25:09,340 - INFO - [TRAINING] Batch 1040/4933 | total_loss: 0.6626
2025-05-08 14:25:13,377 - INFO - [TRAINING] Batch 1120/4933 | total_loss: 0.3483
2025-05-08 14:25:17,374 - INFO - [TRAINING] Batch 1200/4933 | total_loss: 0.2829
2025-05-08 14:25:21,166 - INFO - [TRAINING] Batch 1280/4933 | total_loss: 0.1858
2025-05-08 14:25:24,883 - INFO - [TRAINING] Batch 1360/4933 | total_loss: 0.4268
2025-05-08 14:25:29,170 - INFO - [TRAINING] Batch 1440/4933 | total_loss: 0.4063
2025-05-08 14:25:32,861 - INFO - [TRAINING] Batch 1520/4933 | total_loss: 0.2419
2025-05-08 14:25:36,668 - INFO - [TRAINING] Batch 1600/4933 | total_loss: 0.2825
2025-05-08 14:25:40,966 - INFO - [TRAINING] Batch 1680/4933 | total_loss: 0.2607
2025-05-08 14:25:44,834 - INFO - [TRAINING] Batch 1760/4933 | total_loss: 0.2980
2025-05-08 14:25:48,706 - INFO - [TRAINING] Batch 1840/4933 | total_loss: 0.4315
2025-05-08 14:25:52,729 - INFO - [TRAINING] Batch 1920/4933 | total_loss: 0.2918
2025-05-08 14:25:56,699 - INFO - [TRAINING] Batch 2000/4933 | total_loss: 0.3273
2025-05-08 14:26:00,635 - INFO - [TRAINING] Batch 2080/4933 | total_loss: 0.4319
2025-05-08 14:26:04,531 - INFO - [TRAINING] Batch 2160/4933 | total_loss: 0.3713
2025-05-08 14:26:08,258 - INFO - [TRAINING] Batch 2240/4933 | total_loss: 0.3400
2025-05-08 14:26:12,112 - INFO - [TRAINING] Batch 2320/4933 | total_loss: 0.3691
2025-05-08 14:26:16,016 - INFO - [TRAINING] Batch 2400/4933 | total_loss: 0.2781
2025-05-08 14:26:19,904 - INFO - [TRAINING] Batch 2480/4933 | total_loss: 0.1974
2025-05-08 14:26:23,997 - INFO - [TRAINING] Batch 2560/4933 | total_loss: 0.2828
2025-05-08 14:26:28,020 - INFO - [TRAINING] Batch 2640/4933 | total_loss: 0.2853
2025-05-08 14:26:31,911 - INFO - [TRAINING] Batch 2720/4933 | total_loss: 0.2145
2025-05-08 14:26:36,136 - INFO - [TRAINING] Batch 2800/4933 | total_loss: 0.1936
2025-05-08 14:26:39,919 - INFO - [TRAINING] Batch 2880/4933 | total_loss: 0.3099
2025-05-08 14:26:43,633 - INFO - [TRAINING] Batch 2960/4933 | total_loss: 0.3795
2025-05-08 14:26:47,373 - INFO - [TRAINING] Batch 3040/4933 | total_loss: 0.2243
2025-05-08 14:26:51,343 - INFO - [TRAINING] Batch 3120/4933 | total_loss: 0.1984
2025-05-08 14:26:55,140 - INFO - [TRAINING] Batch 3200/4933 | total_loss: 0.2009
2025-05-08 14:26:59,089 - INFO - [TRAINING] Batch 3280/4933 | total_loss: 0.3804
2025-05-08 14:27:02,842 - INFO - [TRAINING] Batch 3360/4933 | total_loss: 0.4161
2025-05-08 14:27:06,850 - INFO - [TRAINING] Batch 3440/4933 | total_loss: 0.2002
2025-05-08 14:27:10,692 - INFO - [TRAINING] Batch 3520/4933 | total_loss: 0.3886
2025-05-08 14:27:14,681 - INFO - [TRAINING] Batch 3600/4933 | total_loss: 0.3406
2025-05-08 14:27:18,488 - INFO - [TRAINING] Batch 3680/4933 | total_loss: 0.3419
2025-05-08 14:27:22,319 - INFO - [TRAINING] Batch 3760/4933 | total_loss: 0.3102
2025-05-08 14:27:26,275 - INFO - [TRAINING] Batch 3840/4933 | total_loss: 0.2600
2025-05-08 14:27:30,285 - INFO - [TRAINING] Batch 3920/4933 | total_loss: 0.4808
2025-05-08 14:27:34,119 - INFO - [TRAINING] Batch 4000/4933 | total_loss: 0.1428
2025-05-08 14:27:37,912 - INFO - [TRAINING] Batch 4080/4933 | total_loss: 0.2067
2025-05-08 14:27:41,934 - INFO - [TRAINING] Batch 4160/4933 | total_loss: 0.3244
2025-05-08 14:27:45,933 - INFO - [TRAINING] Batch 4240/4933 | total_loss: 0.2376
2025-05-08 14:27:49,753 - INFO - [TRAINING] Batch 4320/4933 | total_loss: 0.3309
2025-05-08 14:27:54,107 - INFO - [TRAINING] Batch 4400/4933 | total_loss: 0.1821
2025-05-08 14:27:58,072 - INFO - [TRAINING] Batch 4480/4933 | total_loss: 0.3765
2025-05-08 14:28:02,138 - INFO - [TRAINING] Batch 4560/4933 | total_loss: 0.3584
2025-05-08 14:28:06,187 - INFO - [TRAINING] Batch 4640/4933 | total_loss: 0.2665
2025-05-08 14:28:10,044 - INFO - [TRAINING] Batch 4720/4933 | total_loss: 0.7380
2025-05-08 14:28:14,096 - INFO - [TRAINING] Batch 4800/4933 | total_loss: 0.2098
2025-05-08 14:28:18,086 - INFO - [TRAINING] Batch 4880/4933 | total_loss: 0.1861
2025-05-08 14:28:20,754 - INFO - [TRAINING] Epoch 2/5 completed in 242.45s | Train loss: 0.3377
2025-05-08 14:28:20,755 - INFO - [EVAL] Evaluating world model on 10 test videos
2025-05-08 14:28:20,755 - INFO - [EVAL] Video IDs: ['VID02', 'VID06', 'VID111', 'VID14', 'VID23', 'VID25', 'VID50', 'VID51', 'VID66', 'VID79']
2025-05-08 14:28:46,121 - INFO - [EVAL] Video VID02 | State Pred MSE: 0.1612 | Rollout MSE Mean: 1.2101 | Rollout MSE Growth: 2.9281
2025-05-08 14:29:04,386 - INFO - [EVAL] Video VID06 | State Pred MSE: 0.1563 | Rollout MSE Mean: 1.2675 | Rollout MSE Growth: 2.4009
2025-05-08 14:29:22,815 - INFO - [EVAL] Video VID111 | State Pred MSE: 0.1516 | Rollout MSE Mean: 1.3813 | Rollout MSE Growth: 2.6848
2025-05-08 14:29:37,275 - INFO - [EVAL] Video VID14 | State Pred MSE: 0.1608 | Rollout MSE Mean: 1.1734 | Rollout MSE Growth: 2.2087
2025-05-08 14:29:51,778 - INFO - [EVAL] Video VID23 | State Pred MSE: 0.1705 | Rollout MSE Mean: 1.2950 | Rollout MSE Growth: 2.8017
2025-05-08 14:30:11,077 - INFO - [EVAL] Video VID25 | State Pred MSE: 0.1580 | Rollout MSE Mean: 1.3191 | Rollout MSE Growth: 2.8406
2025-05-08 14:30:22,000 - INFO - [EVAL] Video VID50 | State Pred MSE: 0.1386 | Rollout MSE Mean: 1.3094 | Rollout MSE Growth: 2.1003
2025-05-08 14:30:46,252 - INFO - [EVAL] Video VID51 | State Pred MSE: 0.1429 | Rollout MSE Mean: 1.1465 | Rollout MSE Growth: 2.2807
2025-05-08 14:31:01,397 - INFO - [EVAL] Video VID66 | State Pred MSE: 0.1556 | Rollout MSE Mean: 1.4828 | Rollout MSE Growth: 2.6466
2025-05-08 14:31:32,127 - INFO - [EVAL] Video VID79 | State Pred MSE: 0.1612 | Rollout MSE Mean: 1.3030 | Rollout MSE Growth: 2.5726
2025-05-08 14:31:32,129 - INFO - [EVAL] Validation | Loss: 1.1558 | State Pred MSE: 0.1557 | Rollout MSE Mean: 1.2888 | Rollout MSE Growth: 2.5465 | Action Pred Accuracy: 0.0000
2025-05-08 14:31:32,603 - INFO - New best model saved at logs/2025-05-08_14-14-22/checkpoints/world_model_best_epoch_2.pt
2025-05-08 14:31:33,154 - INFO - [TRAINING] Batch 0/4933 | total_loss: 0.2163
2025-05-08 14:31:36,994 - INFO - [TRAINING] Batch 80/4933 | total_loss: 0.2285
2025-05-08 14:31:40,984 - INFO - [TRAINING] Batch 160/4933 | total_loss: 0.2214
2025-05-08 14:31:45,006 - INFO - [TRAINING] Batch 240/4933 | total_loss: 0.2637
2025-05-08 14:31:48,810 - INFO - [TRAINING] Batch 320/4933 | total_loss: 0.3136
2025-05-08 14:31:52,479 - INFO - [TRAINING] Batch 400/4933 | total_loss: 0.3184
2025-05-08 14:31:56,177 - INFO - [TRAINING] Batch 480/4933 | total_loss: 0.2548
2025-05-08 14:32:00,050 - INFO - [TRAINING] Batch 560/4933 | total_loss: 0.2279
2025-05-08 14:32:03,847 - INFO - [TRAINING] Batch 640/4933 | total_loss: 0.1814
2025-05-08 14:32:07,557 - INFO - [TRAINING] Batch 720/4933 | total_loss: 0.3244
2025-05-08 14:32:11,513 - INFO - [TRAINING] Batch 800/4933 | total_loss: 0.2260
2025-05-08 14:32:15,305 - INFO - [TRAINING] Batch 880/4933 | total_loss: 0.2710
2025-05-08 14:32:19,035 - INFO - [TRAINING] Batch 960/4933 | total_loss: 0.2907
2025-05-08 14:32:22,792 - INFO - [TRAINING] Batch 1040/4933 | total_loss: 0.5069
2025-05-08 14:32:26,468 - INFO - [TRAINING] Batch 1120/4933 | total_loss: 0.4354
2025-05-08 14:32:30,229 - INFO - [TRAINING] Batch 1200/4933 | total_loss: 0.1654
2025-05-08 14:32:34,376 - INFO - [TRAINING] Batch 1280/4933 | total_loss: 0.2248
2025-05-08 14:32:38,258 - INFO - [TRAINING] Batch 1360/4933 | total_loss: 0.1898
2025-05-08 14:32:42,163 - INFO - [TRAINING] Batch 1440/4933 | total_loss: 0.1836
2025-05-08 14:32:46,101 - INFO - [TRAINING] Batch 1520/4933 | total_loss: 0.2503
2025-05-08 14:32:49,981 - INFO - [TRAINING] Batch 1600/4933 | total_loss: 0.2271
2025-05-08 14:32:53,671 - INFO - [TRAINING] Batch 1680/4933 | total_loss: 0.2423
2025-05-08 14:32:57,331 - INFO - [TRAINING] Batch 1760/4933 | total_loss: 0.2898
2025-05-08 14:33:01,074 - INFO - [TRAINING] Batch 1840/4933 | total_loss: 0.2753
2025-05-08 14:33:05,083 - INFO - [TRAINING] Batch 1920/4933 | total_loss: 0.2906
2025-05-08 14:33:08,860 - INFO - [TRAINING] Batch 2000/4933 | total_loss: 0.2532
2025-05-08 14:33:12,881 - INFO - [TRAINING] Batch 2080/4933 | total_loss: 0.1820
2025-05-08 14:33:16,729 - INFO - [TRAINING] Batch 2160/4933 | total_loss: 0.3268
2025-05-08 14:33:20,534 - INFO - [TRAINING] Batch 2240/4933 | total_loss: 0.3445
2025-05-08 14:33:24,364 - INFO - [TRAINING] Batch 2320/4933 | total_loss: 0.3253
2025-05-08 14:33:28,329 - INFO - [TRAINING] Batch 2400/4933 | total_loss: 0.2086
2025-05-08 14:33:32,321 - INFO - [TRAINING] Batch 2480/4933 | total_loss: 0.1649
2025-05-08 14:33:36,197 - INFO - [TRAINING] Batch 2560/4933 | total_loss: 0.1406
2025-05-08 14:33:39,998 - INFO - [TRAINING] Batch 2640/4933 | total_loss: 0.2588
2025-05-08 14:33:44,031 - INFO - [TRAINING] Batch 2720/4933 | total_loss: 0.3803
2025-05-08 14:33:48,070 - INFO - [TRAINING] Batch 2800/4933 | total_loss: 0.2394
2025-05-08 14:33:51,935 - INFO - [TRAINING] Batch 2880/4933 | total_loss: 0.2633
2025-05-08 14:33:55,906 - INFO - [TRAINING] Batch 2960/4933 | total_loss: 0.2548
2025-05-08 14:33:59,856 - INFO - [TRAINING] Batch 3040/4933 | total_loss: 0.1529
2025-05-08 14:34:03,992 - INFO - [TRAINING] Batch 3120/4933 | total_loss: 0.1563
2025-05-08 14:34:08,083 - INFO - [TRAINING] Batch 3200/4933 | total_loss: 0.1682
2025-05-08 14:34:12,490 - INFO - [TRAINING] Batch 3280/4933 | total_loss: 0.3499
2025-05-08 14:34:16,748 - INFO - [TRAINING] Batch 3360/4933 | total_loss: 0.1432
2025-05-08 14:34:20,952 - INFO - [TRAINING] Batch 3440/4933 | total_loss: 0.3588
2025-05-08 14:34:25,107 - INFO - [TRAINING] Batch 3520/4933 | total_loss: 0.4446
2025-05-08 14:34:29,102 - INFO - [TRAINING] Batch 3600/4933 | total_loss: 0.1316
2025-05-08 14:34:33,443 - INFO - [TRAINING] Batch 3680/4933 | total_loss: 0.1729
2025-05-08 14:34:37,781 - INFO - [TRAINING] Batch 3760/4933 | total_loss: 0.1946
2025-05-08 14:34:41,995 - INFO - [TRAINING] Batch 3840/4933 | total_loss: 0.1838
2025-05-08 14:34:46,283 - INFO - [TRAINING] Batch 3920/4933 | total_loss: 0.2120
2025-05-08 14:34:50,273 - INFO - [TRAINING] Batch 4000/4933 | total_loss: 0.2893
2025-05-08 14:34:54,480 - INFO - [TRAINING] Batch 4080/4933 | total_loss: 0.2278
2025-05-08 14:34:58,827 - INFO - [TRAINING] Batch 4160/4933 | total_loss: 0.1877
2025-05-08 14:35:02,765 - INFO - [TRAINING] Batch 4240/4933 | total_loss: 0.1593
2025-05-08 14:35:06,692 - INFO - [TRAINING] Batch 4320/4933 | total_loss: 0.1823
2025-05-08 14:35:10,798 - INFO - [TRAINING] Batch 4400/4933 | total_loss: 0.2127
2025-05-08 14:35:14,915 - INFO - [TRAINING] Batch 4480/4933 | total_loss: 0.1301
2025-05-08 14:35:18,998 - INFO - [TRAINING] Batch 4560/4933 | total_loss: 0.1789
2025-05-08 14:35:23,256 - INFO - [TRAINING] Batch 4640/4933 | total_loss: 0.1426
2025-05-08 14:35:27,525 - INFO - [TRAINING] Batch 4720/4933 | total_loss: 0.1765
2025-05-08 14:35:31,731 - INFO - [TRAINING] Batch 4800/4933 | total_loss: 0.1632
2025-05-08 14:35:35,920 - INFO - [TRAINING] Batch 4880/4933 | total_loss: 0.2921
2025-05-08 14:35:38,572 - INFO - [TRAINING] Epoch 3/5 completed in 245.51s | Train loss: 0.2402
2025-05-08 14:35:38,575 - INFO - [EVAL] Evaluating world model on 10 test videos
2025-05-08 14:35:38,576 - INFO - [EVAL] Video IDs: ['VID02', 'VID06', 'VID111', 'VID14', 'VID23', 'VID25', 'VID50', 'VID51', 'VID66', 'VID79']
2025-05-08 14:36:03,688 - INFO - [EVAL] Video VID02 | State Pred MSE: 0.1546 | Rollout MSE Mean: 1.1340 | Rollout MSE Growth: 2.5529
2025-05-08 14:36:23,213 - INFO - [EVAL] Video VID06 | State Pred MSE: 0.1524 | Rollout MSE Mean: 1.2207 | Rollout MSE Growth: 2.2750
2025-05-08 14:36:44,051 - INFO - [EVAL] Video VID111 | State Pred MSE: 0.1429 | Rollout MSE Mean: 1.3656 | Rollout MSE Growth: 2.8589
2025-05-08 14:36:59,785 - INFO - [EVAL] Video VID14 | State Pred MSE: 0.1543 | Rollout MSE Mean: 1.0605 | Rollout MSE Growth: 1.8064
2025-05-08 14:37:16,930 - INFO - [EVAL] Video VID23 | State Pred MSE: 0.1639 | Rollout MSE Mean: 1.1593 | Rollout MSE Growth: 2.3537
2025-05-08 14:37:37,239 - INFO - [EVAL] Video VID25 | State Pred MSE: 0.1538 | Rollout MSE Mean: 1.2432 | Rollout MSE Growth: 2.2635
2025-05-08 14:37:48,502 - INFO - [EVAL] Video VID50 | State Pred MSE: 0.1316 | Rollout MSE Mean: 1.2506 | Rollout MSE Growth: 2.0095
2025-05-08 14:38:15,862 - INFO - [EVAL] Video VID51 | State Pred MSE: 0.1378 | Rollout MSE Mean: 1.0531 | Rollout MSE Growth: 2.0379
2025-05-08 14:38:31,864 - INFO - [EVAL] Video VID66 | State Pred MSE: 0.1505 | Rollout MSE Mean: 1.1998 | Rollout MSE Growth: 2.0421
2025-05-08 14:39:03,661 - INFO - [EVAL] Video VID79 | State Pred MSE: 0.1552 | Rollout MSE Mean: 1.2159 | Rollout MSE Growth: 2.2849
2025-05-08 14:39:03,664 - INFO - [EVAL] Validation | Loss: 1.1635 | State Pred MSE: 0.1497 | Rollout MSE Mean: 1.1903 | Rollout MSE Growth: 2.2485 | Action Pred Accuracy: 0.0000
2025-05-08 14:39:04,230 - INFO - [TRAINING] Batch 0/4933 | total_loss: 0.4171
2025-05-08 14:39:08,373 - INFO - [TRAINING] Batch 80/4933 | total_loss: 0.2326
2025-05-08 14:39:12,576 - INFO - [TRAINING] Batch 160/4933 | total_loss: 0.1725
2025-05-08 14:39:16,628 - INFO - [TRAINING] Batch 240/4933 | total_loss: 0.1749
2025-05-08 14:39:20,769 - INFO - [TRAINING] Batch 320/4933 | total_loss: 0.2385
2025-05-08 14:39:25,064 - INFO - [TRAINING] Batch 400/4933 | total_loss: 0.1731
2025-05-08 14:39:29,053 - INFO - [TRAINING] Batch 480/4933 | total_loss: 0.2617
2025-05-08 14:39:33,106 - INFO - [TRAINING] Batch 560/4933 | total_loss: 0.3616
2025-05-08 14:39:37,215 - INFO - [TRAINING] Batch 640/4933 | total_loss: 0.1517
2025-05-08 14:39:41,526 - INFO - [TRAINING] Batch 720/4933 | total_loss: 0.2008
2025-05-08 14:39:45,599 - INFO - [TRAINING] Batch 800/4933 | total_loss: 0.2136
2025-05-08 14:39:49,924 - INFO - [TRAINING] Batch 880/4933 | total_loss: 0.1190
2025-05-08 14:39:54,324 - INFO - [TRAINING] Batch 960/4933 | total_loss: 0.2303
2025-05-08 14:39:58,532 - INFO - [TRAINING] Batch 1040/4933 | total_loss: 0.4064
2025-05-08 14:40:02,594 - INFO - [TRAINING] Batch 1120/4933 | total_loss: 0.2844
2025-05-08 14:40:06,822 - INFO - [TRAINING] Batch 1200/4933 | total_loss: 0.3378
2025-05-08 14:40:10,903 - INFO - [TRAINING] Batch 1280/4933 | total_loss: 0.1998
2025-05-08 14:40:15,003 - INFO - [TRAINING] Batch 1360/4933 | total_loss: 0.2401
2025-05-08 14:40:19,003 - INFO - [TRAINING] Batch 1440/4933 | total_loss: 0.2238
2025-05-08 14:40:23,209 - INFO - [TRAINING] Batch 1520/4933 | total_loss: 0.2616
2025-05-08 14:40:27,427 - INFO - [TRAINING] Batch 1600/4933 | total_loss: 0.2762
2025-05-08 14:40:31,473 - INFO - [TRAINING] Batch 1680/4933 | total_loss: 0.1486
2025-05-08 14:40:35,597 - INFO - [TRAINING] Batch 1760/4933 | total_loss: 0.1280
2025-05-08 14:40:39,519 - INFO - [TRAINING] Batch 1840/4933 | total_loss: 0.1452
2025-05-08 14:40:43,821 - INFO - [TRAINING] Batch 1920/4933 | total_loss: 0.3064
2025-05-08 14:40:48,074 - INFO - [TRAINING] Batch 2000/4933 | total_loss: 0.3115
2025-05-08 14:40:52,417 - INFO - [TRAINING] Batch 2080/4933 | total_loss: 0.1229
2025-05-08 14:40:56,541 - INFO - [TRAINING] Batch 2160/4933 | total_loss: 0.1178
2025-05-08 14:41:00,904 - INFO - [TRAINING] Batch 2240/4933 | total_loss: 0.1550
2025-05-08 14:41:05,412 - INFO - [TRAINING] Batch 2320/4933 | total_loss: 0.1300
2025-05-08 14:41:09,969 - INFO - [TRAINING] Batch 2400/4933 | total_loss: 0.3614
2025-05-08 14:41:14,084 - INFO - [TRAINING] Batch 2480/4933 | total_loss: 0.1420
2025-05-08 14:41:18,416 - INFO - [TRAINING] Batch 2560/4933 | total_loss: 0.2116
2025-05-08 14:41:22,488 - INFO - [TRAINING] Batch 2640/4933 | total_loss: 0.1522
2025-05-08 14:41:26,932 - INFO - [TRAINING] Batch 2720/4933 | total_loss: 0.5018
2025-05-08 14:41:30,945 - INFO - [TRAINING] Batch 2800/4933 | total_loss: 0.1278
2025-05-08 14:41:35,097 - INFO - [TRAINING] Batch 2880/4933 | total_loss: 0.3812
2025-05-08 14:41:39,210 - INFO - [TRAINING] Batch 2960/4933 | total_loss: 0.2183
2025-05-08 14:41:43,303 - INFO - [TRAINING] Batch 3040/4933 | total_loss: 0.2138
2025-05-08 14:41:47,191 - INFO - [TRAINING] Batch 3120/4933 | total_loss: 0.2716
2025-05-08 14:41:51,323 - INFO - [TRAINING] Batch 3200/4933 | total_loss: 0.1587
2025-05-08 14:41:55,340 - INFO - [TRAINING] Batch 3280/4933 | total_loss: 0.2959
2025-05-08 14:41:59,603 - INFO - [TRAINING] Batch 3360/4933 | total_loss: 0.1496
2025-05-08 14:42:03,721 - INFO - [TRAINING] Batch 3440/4933 | total_loss: 0.2661
2025-05-08 14:42:08,286 - INFO - [TRAINING] Batch 3520/4933 | total_loss: 0.1567
2025-05-08 14:42:12,363 - INFO - [TRAINING] Batch 3600/4933 | total_loss: 0.1647
2025-05-08 14:42:16,641 - INFO - [TRAINING] Batch 3680/4933 | total_loss: 0.1715
2025-05-08 14:42:21,097 - INFO - [TRAINING] Batch 3760/4933 | total_loss: 0.2584
2025-05-08 14:42:25,411 - INFO - [TRAINING] Batch 3840/4933 | total_loss: 0.1475
2025-05-08 14:42:29,434 - INFO - [TRAINING] Batch 3920/4933 | total_loss: 0.1670
2025-05-08 14:42:33,595 - INFO - [TRAINING] Batch 4000/4933 | total_loss: 0.1377
2025-05-08 14:42:37,866 - INFO - [TRAINING] Batch 4080/4933 | total_loss: 0.1241
2025-05-08 14:42:42,078 - INFO - [TRAINING] Batch 4160/4933 | total_loss: 0.4716
2025-05-08 14:42:46,334 - INFO - [TRAINING] Batch 4240/4933 | total_loss: 0.1392
2025-05-08 14:42:50,417 - INFO - [TRAINING] Batch 4320/4933 | total_loss: 0.1305
2025-05-08 14:42:54,618 - INFO - [TRAINING] Batch 4400/4933 | total_loss: 0.1486
2025-05-08 14:42:58,755 - INFO - [TRAINING] Batch 4480/4933 | total_loss: 0.1439
2025-05-08 14:43:02,853 - INFO - [TRAINING] Batch 4560/4933 | total_loss: 0.1501
2025-05-08 14:43:07,195 - INFO - [TRAINING] Batch 4640/4933 | total_loss: 0.1399
2025-05-08 14:43:11,454 - INFO - [TRAINING] Batch 4720/4933 | total_loss: 0.1635
2025-05-08 14:43:15,748 - INFO - [TRAINING] Batch 4800/4933 | total_loss: 0.1452
2025-05-08 14:43:20,007 - INFO - [TRAINING] Batch 4880/4933 | total_loss: 0.1723
2025-05-08 14:43:22,604 - INFO - [TRAINING] Epoch 4/5 completed in 258.43s | Train loss: 0.1942
2025-05-08 14:43:22,605 - INFO - [EVAL] Evaluating world model on 10 test videos
2025-05-08 14:43:22,605 - INFO - [EVAL] Video IDs: ['VID02', 'VID06', 'VID111', 'VID14', 'VID23', 'VID25', 'VID50', 'VID51', 'VID66', 'VID79']
2025-05-08 14:43:49,177 - INFO - [EVAL] Video VID02 | State Pred MSE: 0.1525 | Rollout MSE Mean: 1.1839 | Rollout MSE Growth: 2.8462
2025-05-08 14:44:09,288 - INFO - [EVAL] Video VID06 | State Pred MSE: 0.1492 | Rollout MSE Mean: 1.1729 | Rollout MSE Growth: 2.2221
2025-05-08 14:44:29,155 - INFO - [EVAL] Video VID111 | State Pred MSE: 0.1416 | Rollout MSE Mean: 1.4352 | Rollout MSE Growth: 2.8543
2025-05-08 14:44:44,730 - INFO - [EVAL] Video VID14 | State Pred MSE: 0.1527 | Rollout MSE Mean: 1.1115 | Rollout MSE Growth: 1.9432
2025-05-08 14:44:59,903 - INFO - [EVAL] Video VID23 | State Pred MSE: 0.1652 | Rollout MSE Mean: 1.1824 | Rollout MSE Growth: 2.5556
2025-05-08 14:45:18,975 - INFO - [EVAL] Video VID25 | State Pred MSE: 0.1528 | Rollout MSE Mean: 1.3040 | Rollout MSE Growth: 2.6923
2025-05-08 14:45:29,119 - INFO - [EVAL] Video VID50 | State Pred MSE: 0.1300 | Rollout MSE Mean: 1.2399 | Rollout MSE Growth: 2.1501
2025-05-08 14:45:55,373 - INFO - [EVAL] Video VID51 | State Pred MSE: 0.1366 | Rollout MSE Mean: 1.0257 | Rollout MSE Growth: 1.8597
2025-05-08 14:46:11,809 - INFO - [EVAL] Video VID66 | State Pred MSE: 0.1501 | Rollout MSE Mean: 1.1383 | Rollout MSE Growth: 1.8023
2025-05-08 14:46:42,397 - INFO - [EVAL] Video VID79 | State Pred MSE: 0.1536 | Rollout MSE Mean: 1.1922 | Rollout MSE Growth: 2.2586
2025-05-08 14:46:42,401 - INFO - [EVAL] Validation | Loss: 1.2149 | State Pred MSE: 0.1484 | Rollout MSE Mean: 1.1986 | Rollout MSE Growth: 2.3184 | Action Pred Accuracy: 0.0000
2025-05-08 14:46:43,030 - INFO - [TRAINING] Batch 0/4933 | total_loss: 0.1126
2025-05-08 14:46:47,022 - INFO - [TRAINING] Batch 80/4933 | total_loss: 0.1845
2025-05-08 14:46:51,069 - INFO - [TRAINING] Batch 160/4933 | total_loss: 0.1835
2025-05-08 14:46:55,199 - INFO - [TRAINING] Batch 240/4933 | total_loss: 0.1990
2025-05-08 14:46:59,659 - INFO - [TRAINING] Batch 320/4933 | total_loss: 0.1968
2025-05-08 14:47:03,709 - INFO - [TRAINING] Batch 400/4933 | total_loss: 0.1355
2025-05-08 14:47:08,044 - INFO - [TRAINING] Batch 480/4933 | total_loss: 0.1520
2025-05-08 14:47:12,187 - INFO - [TRAINING] Batch 560/4933 | total_loss: 0.1092
2025-05-08 14:47:16,265 - INFO - [TRAINING] Batch 640/4933 | total_loss: 0.1599
2025-05-08 14:47:20,368 - INFO - [TRAINING] Batch 720/4933 | total_loss: 0.1606
2025-05-08 14:47:24,579 - INFO - [TRAINING] Batch 800/4933 | total_loss: 0.1308
2025-05-08 14:47:28,629 - INFO - [TRAINING] Batch 880/4933 | total_loss: 0.1409
2025-05-08 14:47:32,757 - INFO - [TRAINING] Batch 960/4933 | total_loss: 0.1151
2025-05-08 14:47:36,939 - INFO - [TRAINING] Batch 1040/4933 | total_loss: 0.2235
2025-05-08 14:47:41,264 - INFO - [TRAINING] Batch 1120/4933 | total_loss: 0.1077
2025-05-08 14:47:45,476 - INFO - [TRAINING] Batch 1200/4933 | total_loss: 0.1968
2025-05-08 14:47:49,686 - INFO - [TRAINING] Batch 1280/4933 | total_loss: 0.1861
2025-05-08 14:47:53,795 - INFO - [TRAINING] Batch 1360/4933 | total_loss: 0.1754
2025-05-08 14:47:58,108 - INFO - [TRAINING] Batch 1440/4933 | total_loss: 0.1860
2025-05-08 14:48:02,229 - INFO - [TRAINING] Batch 1520/4933 | total_loss: 0.1378
2025-05-08 14:48:06,385 - INFO - [TRAINING] Batch 1600/4933 | total_loss: 0.1403
2025-05-08 14:48:10,662 - INFO - [TRAINING] Batch 1680/4933 | total_loss: 0.1955
2025-05-08 14:48:14,628 - INFO - [TRAINING] Batch 1760/4933 | total_loss: 0.3182
2025-05-08 14:48:18,930 - INFO - [TRAINING] Batch 1840/4933 | total_loss: 0.1953
2025-05-08 14:48:23,405 - INFO - [TRAINING] Batch 1920/4933 | total_loss: 0.2088
2025-05-08 14:48:27,574 - INFO - [TRAINING] Batch 2000/4933 | total_loss: 0.1585
2025-05-08 14:48:32,101 - INFO - [TRAINING] Batch 2080/4933 | total_loss: 0.1698
2025-05-08 14:48:36,313 - INFO - [TRAINING] Batch 2160/4933 | total_loss: 0.1370
2025-05-08 14:48:40,823 - INFO - [TRAINING] Batch 2240/4933 | total_loss: 0.1200
2025-05-08 14:48:45,119 - INFO - [TRAINING] Batch 2320/4933 | total_loss: 0.1396
2025-05-08 14:48:49,213 - INFO - [TRAINING] Batch 2400/4933 | total_loss: 0.2038
2025-05-08 14:48:53,381 - INFO - [TRAINING] Batch 2480/4933 | total_loss: 0.1481
2025-05-08 14:48:57,369 - INFO - [TRAINING] Batch 2560/4933 | total_loss: 0.1388
2025-05-08 14:49:01,547 - INFO - [TRAINING] Batch 2640/4933 | total_loss: 0.1304
2025-05-08 14:49:05,659 - INFO - [TRAINING] Batch 2720/4933 | total_loss: 0.2303
2025-05-08 14:49:09,794 - INFO - [TRAINING] Batch 2800/4933 | total_loss: 0.1540
2025-05-08 14:49:14,050 - INFO - [TRAINING] Batch 2880/4933 | total_loss: 0.1603
2025-05-08 14:49:18,302 - INFO - [TRAINING] Batch 2960/4933 | total_loss: 0.1754
2025-05-08 14:49:22,999 - INFO - [TRAINING] Batch 3040/4933 | total_loss: 0.2146
2025-05-08 14:49:27,259 - INFO - [TRAINING] Batch 3120/4933 | total_loss: 0.1409
2025-05-08 14:49:31,527 - INFO - [TRAINING] Batch 3200/4933 | total_loss: 0.1703
2025-05-08 14:49:35,747 - INFO - [TRAINING] Batch 3280/4933 | total_loss: 0.3490
2025-05-08 14:49:40,040 - INFO - [TRAINING] Batch 3360/4933 | total_loss: 0.1710
2025-05-08 14:49:44,414 - INFO - [TRAINING] Batch 3440/4933 | total_loss: 0.1445
2025-05-08 14:49:48,895 - INFO - [TRAINING] Batch 3520/4933 | total_loss: 0.1493
2025-05-08 14:49:52,858 - INFO - [TRAINING] Batch 3600/4933 | total_loss: 0.2026
2025-05-08 14:49:57,146 - INFO - [TRAINING] Batch 3680/4933 | total_loss: 0.1764
2025-05-08 14:50:01,399 - INFO - [TRAINING] Batch 3760/4933 | total_loss: 0.1114
2025-05-08 14:50:05,729 - INFO - [TRAINING] Batch 3840/4933 | total_loss: 0.1500
2025-05-08 14:50:09,966 - INFO - [TRAINING] Batch 3920/4933 | total_loss: 0.0968
2025-05-08 14:50:14,056 - INFO - [TRAINING] Batch 4000/4933 | total_loss: 0.1167
2025-05-08 14:50:18,370 - INFO - [TRAINING] Batch 4080/4933 | total_loss: 0.2840
2025-05-08 14:50:22,488 - INFO - [TRAINING] Batch 4160/4933 | total_loss: 0.1649
2025-05-08 14:50:26,700 - INFO - [TRAINING] Batch 4240/4933 | total_loss: 0.2274
2025-05-08 14:50:30,977 - INFO - [TRAINING] Batch 4320/4933 | total_loss: 0.1311
2025-05-08 14:50:35,184 - INFO - [TRAINING] Batch 4400/4933 | total_loss: 0.2388
2025-05-08 14:50:39,412 - INFO - [TRAINING] Batch 4480/4933 | total_loss: 0.1199
2025-05-08 14:50:43,545 - INFO - [TRAINING] Batch 4560/4933 | total_loss: 0.1574
2025-05-08 14:50:47,752 - INFO - [TRAINING] Batch 4640/4933 | total_loss: 0.1923
2025-05-08 14:50:52,070 - INFO - [TRAINING] Batch 4720/4933 | total_loss: 0.1156
2025-05-08 14:50:56,151 - INFO - [TRAINING] Batch 4800/4933 | total_loss: 0.0961
2025-05-08 14:50:59,958 - INFO - [TRAINING] Batch 4880/4933 | total_loss: 0.1280
2025-05-08 14:51:02,624 - INFO - [TRAINING] Epoch 5/5 completed in 259.68s | Train loss: 0.1689
2025-05-08 14:51:02,625 - INFO - [EVAL] Evaluating world model on 10 test videos
2025-05-08 14:51:02,625 - INFO - [EVAL] Video IDs: ['VID02', 'VID06', 'VID111', 'VID14', 'VID23', 'VID25', 'VID50', 'VID51', 'VID66', 'VID79']
2025-05-08 14:51:27,844 - INFO - [EVAL] Video VID02 | State Pred MSE: 0.1524 | Rollout MSE Mean: 1.1630 | Rollout MSE Growth: 2.5566
2025-05-08 14:51:47,368 - INFO - [EVAL] Video VID06 | State Pred MSE: 0.1492 | Rollout MSE Mean: 1.2233 | Rollout MSE Growth: 2.2964
2025-05-08 14:52:07,483 - INFO - [EVAL] Video VID111 | State Pred MSE: 0.1405 | Rollout MSE Mean: 1.2827 | Rollout MSE Growth: 2.1497
2025-05-08 14:52:23,038 - INFO - [EVAL] Video VID14 | State Pred MSE: 0.1518 | Rollout MSE Mean: 1.0917 | Rollout MSE Growth: 1.9995
2025-05-08 14:52:37,626 - INFO - [EVAL] Video VID23 | State Pred MSE: 0.1642 | Rollout MSE Mean: 1.2106 | Rollout MSE Growth: 2.5449
2025-05-08 14:52:56,676 - INFO - [EVAL] Video VID25 | State Pred MSE: 0.1533 | Rollout MSE Mean: 1.2906 | Rollout MSE Growth: 2.2924
2025-05-08 14:53:06,635 - INFO - [EVAL] Video VID50 | State Pred MSE: 0.1293 | Rollout MSE Mean: 1.2612 | Rollout MSE Growth: 1.9579
2025-05-08 14:53:35,607 - INFO - [EVAL] Video VID51 | State Pred MSE: 0.1355 | Rollout MSE Mean: 1.0575 | Rollout MSE Growth: 2.0294
2025-05-08 14:53:54,246 - INFO - [EVAL] Video VID66 | State Pred MSE: 0.1499 | Rollout MSE Mean: 1.1573 | Rollout MSE Growth: 1.8054
2025-05-08 14:54:25,098 - INFO - [EVAL] Video VID79 | State Pred MSE: 0.1531 | Rollout MSE Mean: 1.1895 | Rollout MSE Growth: 2.2779
2025-05-08 14:54:25,101 - INFO - [EVAL] Validation | Loss: 1.2758 | State Pred MSE: 0.1479 | Rollout MSE Mean: 1.1927 | Rollout MSE Growth: 2.1910 | Action Pred Accuracy: 0.0000
2025-05-08 14:54:26,494 - INFO - Training completed. Best model saved at logs/2025-05-08_14-14-22/checkpoints/world_model_best_epoch_2.pt
