2025-06-17 20:58:25,813 - INFO - FixedBC_128244322322432 - Shared experiment log directory: fixed_behavioral_cloning_2025-06-17_20-58-25/logs
2025-06-17 20:58:25,813 - INFO - FixedBC_128244322322432 - 🎓 FIXED BEHAVIORAL CLONING WARM-START + SPARSE ACTION RL
2025-06-17 20:58:25,813 - INFO - FixedBC_128244322322432 - ============================================================
2025-06-17 20:58:25,813 - INFO - FixedBC_128244322322432 - Goal: Fix overfitting and optimize for sparse actions (0-3 out of 100)
2025-06-17 20:58:25,813 - INFO - FixedBC_128244322322432 - Key insight: Most predictions should be near zero for this domain!
2025-06-17 20:58:25,813 - INFO - FixedBC_128244322322432 - 📂 Loading data...
2025-06-17 20:58:25,814 - INFO - FixedBC_128244322322432 - Loading train data from /home/maxboels/datasets/CholecT50 with fold 0
2025-06-17 20:58:26,205 - INFO - FixedBC_128244322322432 - ✅ Loaded metadata: /home/maxboels/datasets/CholecT50/embeddings_train_set/fold0/embeddings_f0_swin_bas_129_phase_complet_phase_transit_prog_prob_action_risk_glob_outcome.csv - Shape: (78968, 156)
2025-06-17 20:58:26,206 - INFO - FixedBC_128244322322432 - [Train] Start processing metadata file /home/maxboels/datasets/CholecT50/embeddings_train_set/fold0/embeddings_f0_swin_bas_129_phase_complet_phase_transit_prog_prob_action_risk_glob_outcome.csv
2025-06-17 20:58:26,206 - INFO - FixedBC_128244322322432 - [Train] Rewards extraction skipped, using metadata file /home/maxboels/datasets/CholecT50/embeddings_train_set/fold0/embeddings_f0_swin_bas_129_phase_complet_phase_transit_prog_prob_action_risk_glob_outcome.csv
2025-06-17 20:58:26,208 - INFO - FixedBC_128244322322432 - [Train] Found 15 videos in metadata file
2025-06-17 20:58:26,208 - INFO - FixedBC_128244322322432 - [Train] Loading data for 15 videos
2025-06-17 20:58:26,288 - INFO - FixedBC_128244322322432 - ✅ Loaded video VID01: 1734 frames, 1024-dims embeddings
2025-06-17 20:58:26,350 - INFO - FixedBC_128244322322432 - ✅ Loaded video VID04: 1523 frames, 1024-dims embeddings
2025-06-17 20:58:26,450 - INFO - FixedBC_128244322322432 - ✅ Loaded video VID05: 2345 frames, 1024-dims embeddings
2025-06-17 20:58:26,682 - INFO - FixedBC_128244322322432 - ✅ Loaded video VID08: 1520 frames, 1024-dims embeddings
2025-06-17 20:58:26,754 - INFO - FixedBC_128244322322432 - ✅ Loaded video VID10: 1750 frames, 1024-dims embeddings
2025-06-17 20:58:26,844 - INFO - FixedBC_128244322322432 - ✅ Loaded video VID103: 2220 frames, 1024-dims embeddings
2025-06-17 20:58:26,931 - INFO - FixedBC_128244322322432 - ✅ Loaded video VID110: 2177 frames, 1024-dims embeddings
2025-06-17 20:58:26,978 - INFO - FixedBC_128244322322432 - ✅ Loaded video VID12: 1091 frames, 1024-dims embeddings
2025-06-17 20:58:27,020 - INFO - FixedBC_128244322322432 - ✅ Loaded video VID13: 982 frames, 1024-dims embeddings
2025-06-17 20:58:27,102 - INFO - FixedBC_128244322322432 - ✅ Loaded video VID15: 2059 frames, 1024-dims embeddings
2025-06-17 20:58:27,182 - INFO - FixedBC_128244322322432 - ✅ Loaded video VID18: 1943 frames, 1024-dims embeddings
2025-06-17 20:58:27,250 - INFO - FixedBC_128244322322432 - ✅ Loaded video VID22: 1533 frames, 1024-dims embeddings
2025-06-17 20:58:27,326 - INFO - FixedBC_128244322322432 - ✅ Loaded video VID26: 1774 frames, 1024-dims embeddings
2025-06-17 20:58:27,415 - INFO - FixedBC_128244322322432 - ✅ Loaded video VID27: 2085 frames, 1024-dims embeddings
2025-06-17 20:58:27,514 - INFO - FixedBC_128244322322432 - ✅ Loaded video VID29: 2351 frames, 1024-dims embeddings
2025-06-17 20:58:27,514 - INFO - FixedBC_128244322322432 - 📂 Loaded 15 videos from train split
2025-06-17 20:58:27,514 - INFO - FixedBC_128244322322432 - Loading test data from /home/maxboels/datasets/CholecT50 with fold 0
2025-06-17 20:58:27,618 - INFO - FixedBC_128244322322432 - ✅ Loaded metadata: /home/maxboels/datasets/CholecT50/embeddings_test_set/fold0/embeddings_f0_swin_bas_129_phase_complet_phase_transit_prog_prob_action_risk_glob_outcome.csv - Shape: (21895, 156)
2025-06-17 20:58:27,618 - INFO - FixedBC_128244322322432 - [Test] Start processing metadata file /home/maxboels/datasets/CholecT50/embeddings_test_set/fold0/embeddings_f0_swin_bas_129_phase_complet_phase_transit_prog_prob_action_risk_glob_outcome.csv
2025-06-17 20:58:27,618 - INFO - FixedBC_128244322322432 - [Test] Rewards extraction skipped, using metadata file /home/maxboels/datasets/CholecT50/embeddings_test_set/fold0/embeddings_f0_swin_bas_129_phase_complet_phase_transit_prog_prob_action_risk_glob_outcome.csv
2025-06-17 20:58:27,619 - INFO - FixedBC_128244322322432 - [Test] Found 10 videos in metadata file
2025-06-17 20:58:27,619 - INFO - FixedBC_128244322322432 - [Test] Loading data for 10 videos
2025-06-17 20:58:27,732 - INFO - FixedBC_128244322322432 - ✅ Loaded video VID02: 2840 frames, 1024-dims embeddings
2025-06-17 20:58:27,816 - INFO - FixedBC_128244322322432 - ✅ Loaded video VID06: 2154 frames, 1024-dims embeddings
2025-06-17 20:58:27,899 - INFO - FixedBC_128244322322432 - ✅ Loaded video VID111: 2146 frames, 1024-dims embeddings
2025-06-17 20:58:27,967 - INFO - FixedBC_128244322322432 - ✅ Loaded video VID14: 1709 frames, 1024-dims embeddings
2025-06-17 20:58:28,032 - INFO - FixedBC_128244322322432 - ✅ Loaded video VID23: 1636 frames, 1024-dims embeddings
2025-06-17 20:58:28,118 - INFO - FixedBC_128244322322432 - ✅ Loaded video VID25: 2130 frames, 1024-dims embeddings
2025-06-17 20:58:28,163 - INFO - FixedBC_128244322322432 - ✅ Loaded video VID50: 1095 frames, 1024-dims embeddings
2025-06-17 20:58:28,283 - INFO - FixedBC_128244322322432 - ✅ Loaded video VID51: 2945 frames, 1024-dims embeddings
2025-06-17 20:58:28,354 - INFO - FixedBC_128244322322432 - ✅ Loaded video VID66: 1825 frames, 1024-dims embeddings
2025-06-17 20:58:28,492 - INFO - FixedBC_128244322322432 - ✅ Loaded video VID79: 3415 frames, 1024-dims embeddings
2025-06-17 20:58:28,492 - INFO - FixedBC_128244322322432 - 📂 Loaded 10 videos from test split
2025-06-17 20:58:28,492 - INFO - FixedBC_128244322322432 - 📂 Loading trained models...
2025-06-17 20:58:30,223 - INFO - FixedBC_128244322322432 - ✅ World model loaded successfully
2025-06-17 20:58:30,223 - INFO - FixedBC_128244322322432 - 🔧 Step 1: Creating supervised-to-RL adapter...
2025-06-17 20:58:30,691 - INFO - FixedBC_128244322322432 - ✅ Loaded supervised model for behavioral cloning
2025-06-17 20:58:30,691 - INFO - FixedBC_128244322322432 -    Original performance: 48.3% mAP
2025-06-17 20:58:30,691 - INFO - FixedBC_128244322322432 -    Model handles sparse actions (0-3 out of 100)
2025-06-17 20:58:30,691 - INFO - FixedBC_128244322322432 - 🎯 Step 2: Creating sparse action environment...
2025-06-17 20:58:30,692 - INFO - FixedBC_128244322322432 - 🎯 Sparse Action Environment initialized
2025-06-17 20:58:30,692 - INFO - FixedBC_128244322322432 -    Optimized for 0-3 actions out of 100
2025-06-17 20:58:30,692 - INFO - FixedBC_128244322322432 -    Reward weights: {'sparse_expert_matching': 100.0, 'sparsity_reward': 20.0, 'false_positive_penalty': 30.0, 'completion_bonus': 5.0}
2025-06-17 20:58:30,692 - INFO - FixedBC_128244322322432 - 🎓 Step 3: Creating calibrated RL policy...
2025-06-17 20:58:30,692 - INFO - FixedBC_128244322322432 - 🔧 Creating calibrated RL policy from supervised model...
2025-06-17 20:58:30,708 - INFO - FixedBC_128244322322432 - 🎓 Step 4: Behavioral cloning pre-training...
2025-06-17 20:58:30,708 - INFO - FixedBC_128244322322432 - 🎓 Pre-training RL policy with behavioral cloning...
2025-06-17 20:58:30,708 - INFO - FixedBC_128244322322432 -    Handling sparse action space (0-3 actions out of 100)
