2025-06-05 11:17:28,574 - INFO - SeparateModelsComparison_130081132780752 - 🎯 Experiment: separate_models_comparison_20250605_111728
2025-06-05 11:17:28,574 - INFO - SeparateModelsComparison_130081132780752 - 📁 Results dir: results/separate_models_comparison_20250605_111728
2025-06-05 11:17:28,574 - INFO - SeparateModelsComparison_130081132780752 - 🚀 Starting Complete Separate Models Comparison
2025-06-05 11:17:28,574 - INFO - SeparateModelsComparison_130081132780752 - ============================================================
2025-06-05 11:17:28,574 - INFO - SeparateModelsComparison_130081132780752 - 📂 Loading CholecT50 data...
2025-06-05 11:17:28,574 - INFO - SeparateModelsComparison_130081132780752 - Loading train data from /home/maxboels/datasets/CholecT50 with fold 0
2025-06-05 11:17:28,994 - INFO - SeparateModelsComparison_130081132780752 - ✅ Loaded metadata: /home/maxboels/datasets/CholecT50/embeddings_train_set/fold0/embeddings_f0_swin_bas_129_phase_complet_phase_transit_prog_prob_action_risk_glob_outcome.csv - Shape: (78968, 156)
2025-06-05 11:17:28,994 - INFO - SeparateModelsComparison_130081132780752 - [Train] Start processing metadata file /home/maxboels/datasets/CholecT50/embeddings_train_set/fold0/embeddings_f0_swin_bas_129_phase_complet_phase_transit_prog_prob_action_risk_glob_outcome.csv
2025-06-05 11:17:28,994 - INFO - SeparateModelsComparison_130081132780752 - [Train] Rewards extraction skipped, using metadata file /home/maxboels/datasets/CholecT50/embeddings_train_set/fold0/embeddings_f0_swin_bas_129_phase_complet_phase_transit_prog_prob_action_risk_glob_outcome.csv
2025-06-05 11:17:28,998 - INFO - SeparateModelsComparison_130081132780752 - [Train] Found 40 videos in metadata file
2025-06-05 11:17:28,998 - INFO - SeparateModelsComparison_130081132780752 - [Train] Loading data for 40 videos
2025-06-05 11:17:29,132 - INFO - SeparateModelsComparison_130081132780752 - ✅ Loaded video VID01: 1734 frames, 1024D embeddings
2025-06-05 11:17:29,262 - INFO - SeparateModelsComparison_130081132780752 - ✅ Loaded video VID04: 1523 frames, 1024D embeddings
2025-06-05 11:17:29,446 - INFO - SeparateModelsComparison_130081132780752 - ✅ Loaded video VID05: 2345 frames, 1024D embeddings
2025-06-05 11:17:29,631 - INFO - SeparateModelsComparison_130081132780752 - ✅ Loaded video VID08: 1520 frames, 1024D embeddings
2025-06-05 11:17:29,898 - INFO - SeparateModelsComparison_130081132780752 - ✅ Loaded video VID10: 1750 frames, 1024D embeddings
2025-06-05 11:17:30,067 - INFO - SeparateModelsComparison_130081132780752 - ✅ Loaded video VID103: 2220 frames, 1024D embeddings
2025-06-05 11:17:30,236 - INFO - SeparateModelsComparison_130081132780752 - ✅ Loaded video VID110: 2177 frames, 1024D embeddings
2025-06-05 11:17:30,349 - INFO - SeparateModelsComparison_130081132780752 - ✅ Loaded video VID12: 1091 frames, 1024D embeddings
2025-06-05 11:17:30,428 - INFO - SeparateModelsComparison_130081132780752 - ✅ Loaded video VID13: 982 frames, 1024D embeddings
2025-06-05 11:17:30,594 - INFO - SeparateModelsComparison_130081132780752 - ✅ Loaded video VID15: 2059 frames, 1024D embeddings
2025-06-05 11:17:30,741 - INFO - SeparateModelsComparison_130081132780752 - ✅ Loaded video VID18: 1943 frames, 1024D embeddings
2025-06-05 11:17:30,879 - INFO - SeparateModelsComparison_130081132780752 - ✅ Loaded video VID22: 1533 frames, 1024D embeddings
2025-06-05 11:17:31,018 - INFO - SeparateModelsComparison_130081132780752 - ✅ Loaded video VID26: 1774 frames, 1024D embeddings
2025-06-05 11:17:31,193 - INFO - SeparateModelsComparison_130081132780752 - ✅ Loaded video VID27: 2085 frames, 1024D embeddings
2025-06-05 11:17:31,366 - INFO - SeparateModelsComparison_130081132780752 - ✅ Loaded video VID29: 2351 frames, 1024D embeddings
2025-06-05 11:17:31,677 - INFO - SeparateModelsComparison_130081132780752 - ✅ Loaded video VID31: 3946 frames, 1024D embeddings
2025-06-05 11:17:31,832 - INFO - SeparateModelsComparison_130081132780752 - ✅ Loaded video VID32: 2117 frames, 1024D embeddings
2025-06-05 11:17:31,999 - INFO - SeparateModelsComparison_130081132780752 - ✅ Loaded video VID35: 2107 frames, 1024D embeddings
2025-06-05 11:17:32,184 - INFO - SeparateModelsComparison_130081132780752 - ✅ Loaded video VID36: 2388 frames, 1024D embeddings
2025-06-05 11:17:32,347 - INFO - SeparateModelsComparison_130081132780752 - ✅ Loaded video VID40: 2223 frames, 1024D embeddings
2025-06-05 11:17:32,649 - INFO - SeparateModelsComparison_130081132780752 - ✅ Loaded video VID42: 3713 frames, 1024D embeddings
2025-06-05 11:17:32,826 - INFO - SeparateModelsComparison_130081132780752 - ✅ Loaded video VID43: 2363 frames, 1024D embeddings
2025-06-05 11:17:33,002 - INFO - SeparateModelsComparison_130081132780752 - ✅ Loaded video VID47: 2260 frames, 1024D embeddings
2025-06-05 11:17:33,144 - INFO - SeparateModelsComparison_130081132780752 - ✅ Loaded video VID48: 1835 frames, 1024D embeddings
2025-06-05 11:17:33,273 - INFO - SeparateModelsComparison_130081132780752 - ✅ Loaded video VID49: 1672 frames, 1024D embeddings
2025-06-05 11:17:33,426 - INFO - SeparateModelsComparison_130081132780752 - ✅ Loaded video VID52: 1967 frames, 1024D embeddings
2025-06-05 11:17:33,572 - INFO - SeparateModelsComparison_130081132780752 - ✅ Loaded video VID56: 1837 frames, 1024D embeddings
2025-06-05 11:17:33,766 - INFO - SeparateModelsComparison_130081132780752 - ✅ Loaded video VID57: 2633 frames, 1024D embeddings
2025-06-05 11:17:33,952 - INFO - SeparateModelsComparison_130081132780752 - ✅ Loaded video VID60: 2533 frames, 1024D embeddings
2025-06-05 11:17:34,106 - INFO - SeparateModelsComparison_130081132780752 - ✅ Loaded video VID62: 2033 frames, 1024D embeddings
2025-06-05 11:17:34,266 - INFO - SeparateModelsComparison_130081132780752 - ✅ Loaded video VID65: 1874 frames, 1024D embeddings
2025-06-05 11:17:34,416 - INFO - SeparateModelsComparison_130081132780752 - ✅ Loaded video VID68: 1973 frames, 1024D embeddings
2025-06-05 11:17:34,507 - INFO - SeparateModelsComparison_130081132780752 - ✅ Loaded video VID70: 1195 frames, 1024D embeddings
2025-06-05 11:17:34,609 - INFO - SeparateModelsComparison_130081132780752 - ✅ Loaded video VID73: 1357 frames, 1024D embeddings
2025-06-05 11:17:34,732 - INFO - SeparateModelsComparison_130081132780752 - ✅ Loaded video VID74: 1635 frames, 1024D embeddings
2025-06-05 11:17:34,877 - INFO - SeparateModelsComparison_130081132780752 - ✅ Loaded video VID75: 1924 frames, 1024D embeddings
2025-06-05 11:17:34,933 - INFO - SeparateModelsComparison_130081132780752 - ✅ Loaded video VID78: 740 frames, 1024D embeddings
2025-06-05 11:17:35,062 - INFO - SeparateModelsComparison_130081132780752 - ✅ Loaded video VID80: 1725 frames, 1024D embeddings
2025-06-05 11:17:35,226 - INFO - SeparateModelsComparison_130081132780752 - ✅ Loaded video VID92: 2124 frames, 1024D embeddings
2025-06-05 11:17:35,355 - INFO - SeparateModelsComparison_130081132780752 - ✅ Loaded video VID96: 1707 frames, 1024D embeddings
2025-06-05 11:17:35,355 - INFO - SeparateModelsComparison_130081132780752 - ✅ Successfully loaded 40 videos for train
2025-06-05 11:17:35,360 - ERROR - SeparateModelsComparison_130081132780752 - ❌ Experiment failed: too many values to unpack (expected 2)
