2025-06-13 15:40:52,724 - INFO - SuRL_FixedRL_126695960602064 - Shared experiment log directory: results/fixed_rl_2025-06-13_15-40-52/logs
2025-06-13 15:40:52,724 - INFO - SuRL_FixedRL_126695960602064 - 🎯 FIXED RL Experiment: fixed_rl_2025-06-13_15-40-52
2025-06-13 15:40:52,724 - INFO - SuRL_FixedRL_126695960602064 - 📁 Results dir: results/fixed_rl_2025-06-13_15-40-52
2025-06-13 15:40:52,724 - INFO - SuRL_FixedRL_126695960602064 - 🚀 Starting Complete FIXED RL Comparison
2025-06-13 15:40:52,724 - INFO - SuRL_FixedRL_126695960602064 - ============================================================
2025-06-13 15:40:52,725 - INFO - SuRL_FixedRL_126695960602064 - 📂 Loading CholecT50 data...
2025-06-13 15:40:52,725 - INFO - SuRL_FixedRL_126695960602064 - Loading train data from /home/maxboels/datasets/CholecT50 with fold 0
2025-06-13 15:40:53,128 - INFO - SuRL_FixedRL_126695960602064 - ✅ Loaded metadata: /home/maxboels/datasets/CholecT50/embeddings_train_set/fold0/embeddings_f0_swin_bas_129_phase_complet_phase_transit_prog_prob_action_risk_glob_outcome.csv - Shape: (78968, 156)
2025-06-13 15:40:53,128 - INFO - SuRL_FixedRL_126695960602064 - [Train] Start processing metadata file /home/maxboels/datasets/CholecT50/embeddings_train_set/fold0/embeddings_f0_swin_bas_129_phase_complet_phase_transit_prog_prob_action_risk_glob_outcome.csv
2025-06-13 15:40:53,128 - INFO - SuRL_FixedRL_126695960602064 - [Train] Rewards extraction skipped, using metadata file /home/maxboels/datasets/CholecT50/embeddings_train_set/fold0/embeddings_f0_swin_bas_129_phase_complet_phase_transit_prog_prob_action_risk_glob_outcome.csv
2025-06-13 15:40:53,131 - INFO - SuRL_FixedRL_126695960602064 - [Train] Found 2 videos in metadata file
2025-06-13 15:40:53,131 - INFO - SuRL_FixedRL_126695960602064 - [Train] Loading data for 2 videos
2025-06-13 15:40:53,213 - INFO - SuRL_FixedRL_126695960602064 - ✅ Loaded video VID01: 1734 frames, 1024D embeddings
2025-06-13 15:40:53,278 - INFO - SuRL_FixedRL_126695960602064 - ✅ Loaded video VID04: 1523 frames, 1024D embeddings
2025-06-13 15:40:53,279 - INFO - SuRL_FixedRL_126695960602064 - ✅ Successfully loaded 2 videos for train
2025-06-13 15:40:53,279 - INFO - SuRL_FixedRL_126695960602064 - Loading test data from /home/maxboels/datasets/CholecT50 with fold 0
2025-06-13 15:40:53,366 - INFO - SuRL_FixedRL_126695960602064 - ✅ Loaded metadata: /home/maxboels/datasets/CholecT50/embeddings_test_set/fold0/embeddings_f0_swin_bas_129_phase_complet_phase_transit_prog_prob_action_risk_glob_outcome.csv - Shape: (21895, 156)
2025-06-13 15:40:53,366 - INFO - SuRL_FixedRL_126695960602064 - [Test] Start processing metadata file /home/maxboels/datasets/CholecT50/embeddings_test_set/fold0/embeddings_f0_swin_bas_129_phase_complet_phase_transit_prog_prob_action_risk_glob_outcome.csv
2025-06-13 15:40:53,366 - INFO - SuRL_FixedRL_126695960602064 - [Test] Rewards extraction skipped, using metadata file /home/maxboels/datasets/CholecT50/embeddings_test_set/fold0/embeddings_f0_swin_bas_129_phase_complet_phase_transit_prog_prob_action_risk_glob_outcome.csv
2025-06-13 15:40:53,367 - INFO - SuRL_FixedRL_126695960602064 - [Test] Found 2 videos in metadata file
2025-06-13 15:40:53,367 - INFO - SuRL_FixedRL_126695960602064 - [Test] Loading data for 2 videos
2025-06-13 15:40:53,477 - INFO - SuRL_FixedRL_126695960602064 - ✅ Loaded video VID02: 2840 frames, 1024D embeddings
2025-06-13 15:40:53,563 - INFO - SuRL_FixedRL_126695960602064 - ✅ Loaded video VID06: 2154 frames, 1024D embeddings
2025-06-13 15:40:53,563 - INFO - SuRL_FixedRL_126695960602064 - ✅ Successfully loaded 2 videos for test
2025-06-13 15:40:53,563 - INFO - SuRL_FixedRL_126695960602064 - ✅ Data loaded successfully
2025-06-13 15:40:53,563 - INFO - SuRL_FixedRL_126695960602064 -    Training videos: 2
2025-06-13 15:40:53,563 - INFO - SuRL_FixedRL_126695960602064 -    Test videos: 2
2025-06-13 15:40:53,563 - INFO - SuRL_FixedRL_126695960602064 - 🎓 Running Method 1: Autoregressive IL
2025-06-13 15:40:58,103 - INFO - SuRL_FixedRL_126695960602064 - 🎓 Method 1: Autoregressive IL
2025-06-13 15:40:58,103 - INFO - SuRL_FixedRL_126695960602064 - ----------------------------------------
2025-06-13 15:40:59,539 - INFO - SuRL_FixedRL_126695960602064 - 📂 Loading pretrained IL model from: results/2025-06-10_19-45-51/logs/checkpoints/autoregressive_il_best_epoch_1.pt
2025-06-13 15:41:00,090 - INFO - SuRL_FixedRL_126695960602064 - ✅ Pretrained IL model loaded successfully
2025-06-13 15:41:07,748 - INFO - SuRL_FixedRL_126695960602064 - 🎓 Autoregressive IL Trainer initialized (FINAL)
2025-06-13 15:41:07,748 - INFO - SuRL_FixedRL_126695960602064 -    Device: cuda
2025-06-13 15:41:07,748 - INFO - SuRL_FixedRL_126695960602064 -    Epochs: 5
2025-06-13 15:41:07,748 - INFO - SuRL_FixedRL_126695960602064 -    Learning rate: 0.0001
2025-06-13 15:41:07,748 - INFO - SuRL_FixedRL_126695960602064 -    ✅ Per-video aggregation + shared metrics + efficient validation
2025-06-13 15:41:07,748 - INFO - SuRL_FixedRL_126695960602064 - 📊 Evaluating pretrained IL model...
2025-06-13 15:41:11,593 - INFO - SuRL_FixedRL_126695960602064 - 📊 Evaluating Autoregressive IL Model (PER-VIDEO)...
