2025-06-17 21:09:00,324 - INFO - FixedBC_133753876166080 - Shared experiment log directory: fixed_behavioral_cloning_2025-06-17_21-09-00/logs
2025-06-17 21:09:00,324 - INFO - FixedBC_133753876166080 - 🎓 FIXED BEHAVIORAL CLONING WARM-START + SPARSE ACTION RL
2025-06-17 21:09:00,324 - INFO - FixedBC_133753876166080 - ============================================================
2025-06-17 21:09:00,324 - INFO - FixedBC_133753876166080 - Goal: Fix overfitting and optimize for sparse actions (0-3 out of 100)
2025-06-17 21:09:00,324 - INFO - FixedBC_133753876166080 - Key insight: Most predictions should be near zero for this domain!
2025-06-17 21:09:00,324 - INFO - FixedBC_133753876166080 - 📂 Loading data...
2025-06-17 21:09:00,325 - INFO - FixedBC_133753876166080 - Loading train data from /home/maxboels/datasets/CholecT50 with fold 0
2025-06-17 21:09:00,732 - INFO - FixedBC_133753876166080 - ✅ Loaded metadata: /home/maxboels/datasets/CholecT50/embeddings_train_set/fold0/embeddings_f0_swin_bas_129_phase_complet_phase_transit_prog_prob_action_risk_glob_outcome.csv - Shape: (78968, 156)
2025-06-17 21:09:00,733 - INFO - FixedBC_133753876166080 - [Train] Start processing metadata file /home/maxboels/datasets/CholecT50/embeddings_train_set/fold0/embeddings_f0_swin_bas_129_phase_complet_phase_transit_prog_prob_action_risk_glob_outcome.csv
2025-06-17 21:09:00,733 - INFO - FixedBC_133753876166080 - [Train] Rewards extraction skipped, using metadata file /home/maxboels/datasets/CholecT50/embeddings_train_set/fold0/embeddings_f0_swin_bas_129_phase_complet_phase_transit_prog_prob_action_risk_glob_outcome.csv
2025-06-17 21:09:00,735 - INFO - FixedBC_133753876166080 - [Train] Found 15 videos in metadata file
2025-06-17 21:09:00,735 - INFO - FixedBC_133753876166080 - [Train] Loading data for 15 videos
2025-06-17 21:09:00,819 - INFO - FixedBC_133753876166080 - ✅ Loaded video VID01: 1734 frames, 1024-dims embeddings
2025-06-17 21:09:00,884 - INFO - FixedBC_133753876166080 - ✅ Loaded video VID04: 1523 frames, 1024-dims embeddings
2025-06-17 21:09:00,980 - INFO - FixedBC_133753876166080 - ✅ Loaded video VID05: 2345 frames, 1024-dims embeddings
2025-06-17 21:09:01,044 - INFO - FixedBC_133753876166080 - ✅ Loaded video VID08: 1520 frames, 1024-dims embeddings
2025-06-17 21:09:01,118 - INFO - FixedBC_133753876166080 - ✅ Loaded video VID10: 1750 frames, 1024-dims embeddings
2025-06-17 21:09:01,209 - INFO - FixedBC_133753876166080 - ✅ Loaded video VID103: 2220 frames, 1024-dims embeddings
2025-06-17 21:09:01,299 - INFO - FixedBC_133753876166080 - ✅ Loaded video VID110: 2177 frames, 1024-dims embeddings
2025-06-17 21:09:01,347 - INFO - FixedBC_133753876166080 - ✅ Loaded video VID12: 1091 frames, 1024-dims embeddings
2025-06-17 21:09:01,390 - INFO - FixedBC_133753876166080 - ✅ Loaded video VID13: 982 frames, 1024-dims embeddings
2025-06-17 21:09:01,477 - INFO - FixedBC_133753876166080 - ✅ Loaded video VID15: 2059 frames, 1024-dims embeddings
2025-06-17 21:09:01,559 - INFO - FixedBC_133753876166080 - ✅ Loaded video VID18: 1943 frames, 1024-dims embeddings
2025-06-17 21:09:01,627 - INFO - FixedBC_133753876166080 - ✅ Loaded video VID22: 1533 frames, 1024-dims embeddings
2025-06-17 21:09:01,705 - INFO - FixedBC_133753876166080 - ✅ Loaded video VID26: 1774 frames, 1024-dims embeddings
2025-06-17 21:09:01,795 - INFO - FixedBC_133753876166080 - ✅ Loaded video VID27: 2085 frames, 1024-dims embeddings
2025-06-17 21:09:01,898 - INFO - FixedBC_133753876166080 - ✅ Loaded video VID29: 2351 frames, 1024-dims embeddings
2025-06-17 21:09:01,898 - INFO - FixedBC_133753876166080 - 📂 Loaded 15 videos from train split
2025-06-17 21:09:01,898 - INFO - FixedBC_133753876166080 - Loading test data from /home/maxboels/datasets/CholecT50 with fold 0
2025-06-17 21:09:01,991 - INFO - FixedBC_133753876166080 - ✅ Loaded metadata: /home/maxboels/datasets/CholecT50/embeddings_test_set/fold0/embeddings_f0_swin_bas_129_phase_complet_phase_transit_prog_prob_action_risk_glob_outcome.csv - Shape: (21895, 156)
2025-06-17 21:09:01,991 - INFO - FixedBC_133753876166080 - [Test] Start processing metadata file /home/maxboels/datasets/CholecT50/embeddings_test_set/fold0/embeddings_f0_swin_bas_129_phase_complet_phase_transit_prog_prob_action_risk_glob_outcome.csv
2025-06-17 21:09:01,991 - INFO - FixedBC_133753876166080 - [Test] Rewards extraction skipped, using metadata file /home/maxboels/datasets/CholecT50/embeddings_test_set/fold0/embeddings_f0_swin_bas_129_phase_complet_phase_transit_prog_prob_action_risk_glob_outcome.csv
2025-06-17 21:09:01,992 - INFO - FixedBC_133753876166080 - [Test] Found 10 videos in metadata file
2025-06-17 21:09:01,992 - INFO - FixedBC_133753876166080 - [Test] Loading data for 10 videos
2025-06-17 21:09:02,106 - INFO - FixedBC_133753876166080 - ✅ Loaded video VID02: 2840 frames, 1024-dims embeddings
2025-06-17 21:09:02,193 - INFO - FixedBC_133753876166080 - ✅ Loaded video VID06: 2154 frames, 1024-dims embeddings
2025-06-17 21:09:02,280 - INFO - FixedBC_133753876166080 - ✅ Loaded video VID111: 2146 frames, 1024-dims embeddings
2025-06-17 21:09:02,350 - INFO - FixedBC_133753876166080 - ✅ Loaded video VID14: 1709 frames, 1024-dims embeddings
2025-06-17 21:09:02,418 - INFO - FixedBC_133753876166080 - ✅ Loaded video VID23: 1636 frames, 1024-dims embeddings
2025-06-17 21:09:02,507 - INFO - FixedBC_133753876166080 - ✅ Loaded video VID25: 2130 frames, 1024-dims embeddings
2025-06-17 21:09:02,552 - INFO - FixedBC_133753876166080 - ✅ Loaded video VID50: 1095 frames, 1024-dims embeddings
2025-06-17 21:09:02,676 - INFO - FixedBC_133753876166080 - ✅ Loaded video VID51: 2945 frames, 1024-dims embeddings
2025-06-17 21:09:02,750 - INFO - FixedBC_133753876166080 - ✅ Loaded video VID66: 1825 frames, 1024-dims embeddings
2025-06-17 21:09:02,891 - INFO - FixedBC_133753876166080 - ✅ Loaded video VID79: 3415 frames, 1024-dims embeddings
2025-06-17 21:09:02,892 - INFO - FixedBC_133753876166080 - 📂 Loaded 10 videos from test split
2025-06-17 21:09:02,892 - INFO - FixedBC_133753876166080 - 📂 Loading trained models...
2025-06-17 21:09:04,624 - INFO - FixedBC_133753876166080 - ✅ World model loaded successfully
2025-06-17 21:09:04,624 - INFO - FixedBC_133753876166080 - 🔧 Step 1: Creating supervised-to-RL adapter...
2025-06-17 21:09:05,099 - INFO - FixedBC_133753876166080 - ✅ Loaded supervised model for behavioral cloning
2025-06-17 21:09:05,099 - INFO - FixedBC_133753876166080 -    Original performance: 48.3% mAP
2025-06-17 21:09:05,099 - INFO - FixedBC_133753876166080 -    Model handles sparse actions (0-3 out of 100)
2025-06-17 21:09:05,099 - INFO - FixedBC_133753876166080 - 🎯 Step 2: Creating sparse action environment...
2025-06-17 21:09:05,100 - INFO - FixedBC_133753876166080 - 🎯 Sparse Action Environment initialized
2025-06-17 21:09:05,100 - INFO - FixedBC_133753876166080 -    Optimized for 0-3 actions out of 100
2025-06-17 21:09:05,100 - INFO - FixedBC_133753876166080 -    Reward weights: {'sparse_expert_matching': 100.0, 'sparsity_reward': 20.0, 'false_positive_penalty': 30.0, 'completion_bonus': 5.0}
2025-06-17 21:09:05,100 - INFO - FixedBC_133753876166080 - 🎓 Step 3: Creating calibrated RL policy...
2025-06-17 21:09:05,100 - INFO - FixedBC_133753876166080 - 🔧 Creating calibrated RL policy from supervised model...
2025-06-17 21:09:05,118 - INFO - FixedBC_133753876166080 - 🎓 Step 4: Behavioral cloning pre-training...
2025-06-17 21:09:05,118 - INFO - FixedBC_133753876166080 - 🎓 Pre-training RL policy with behavioral cloning...
2025-06-17 21:09:05,119 - INFO - FixedBC_133753876166080 -    Handling sparse action space (0-3 actions out of 100)
2025-06-17 21:09:05,409 - INFO - FixedBC_133753876166080 - ✅ Collected 100 behavioral cloning samples
2025-06-17 21:09:05,410 - INFO - FixedBC_133753876166080 -    Average active actions per frame: 1.2
2025-06-17 21:09:05,410 - INFO - FixedBC_133753876166080 -    Action sparsity: 98.8%
