2025-05-08 12:15:59,192 - INFO - Log file: logs/2025-05-08_12-15-59/loggings.log
2025-05-08 12:15:59,192 - INFO - Starting CholecT50 experiment for Surgical Actions Prediction
2025-05-08 12:15:59,192 - INFO - Experiment configuration: {'max_videos': None, 'recognition': {'train': False, 'inference': False, 'best_model_path': './best_checkpoints/best_model_epoch2_map0.5008.pt'}, 'pretrain_world_model': {'train': True, 'inference': False, 'best_model_path': None}, 'pretrain_reward_model': False, 'calculate_action_rewards': False, 'train_action_policy': False, 'run_tdmpc': False, 'analyze_results': False, 'run_evaluation': False}
2025-05-08 12:15:59,192 - INFO - Using device: cuda
2025-05-08 12:15:59,192 - INFO - Loading CholecT50 data...
2025-05-08 12:15:59,193 - INFO - Loading train data from /nfs/home/mboels/datasets/CholecT50 with fold 0
2025-05-08 12:16:15,683 - INFO - [train] Start processing metadata file /nfs/home/mboels/datasets/CholecT50/embeddings_train_set/fold0/embeddings_f0_swin_bas_129.csv
2025-05-08 12:16:45,868 - INFO - [train] Added phase completion rewards to embeddings_f0_swin_bas_129_phase_complet.csv
2025-05-08 12:16:52,109 - INFO - [train] Added phase transition rewards to embeddings_f0_swin_bas_129_phase_complet_phase_transit.csv
2025-05-08 12:25:23,787 - INFO - [train] Added phase and global progression rewards to embeddings_f0_swin_bas_129_phase_complet_phase_transit_prog.csv
2025-05-08 12:25:53,935 - INFO - [train] Added action distribution rewards to embeddings_f0_swin_bas_129_phase_complet_phase_transit_prog_prob_action.csv
2025-05-08 12:26:03,730 - INFO - [train] Added risk scores to embeddings_f0_swin_bas_129_phase_complet_phase_transit_prog_prob_action_risk.csv
2025-05-08 12:26:12,201 - INFO - [train] Added global outcome scores to embeddings_f0_swin_bas_129_phase_complet_phase_transit_prog_prob_action_risk_glob_outcome.csv
2025-05-08 12:26:12,205 - INFO - [train] Found 40 videos in metadata file
2025-05-08 12:26:12,205 - INFO - [train] Loading data for 40 videos
2025-05-08 12:29:51,748 - INFO - Loading test data from /nfs/home/mboels/datasets/CholecT50 with fold 0
2025-05-08 12:29:52,854 - INFO - [test] Start processing metadata file /nfs/home/mboels/datasets/CholecT50/embeddings_test_set/fold0/embeddings_f0_swin_bas_129.csv
2025-05-08 12:29:57,708 - INFO - [test] Added phase completion rewards to embeddings_f0_swin_bas_129_phase_complet.csv
2025-05-08 12:30:06,157 - INFO - [test] Added phase transition rewards to embeddings_f0_swin_bas_129_phase_complet_phase_transit.csv
2025-05-08 12:31:24,383 - INFO - [test] Added phase and global progression rewards to embeddings_f0_swin_bas_129_phase_complet_phase_transit_prog.csv
2025-05-08 12:31:32,586 - INFO - [test] Added action distribution rewards to embeddings_f0_swin_bas_129_phase_complet_phase_transit_prog_prob_action.csv
