2025-06-15 07:38:18,323 - INFO - SuRL_FixedRL_139654571754352 - Shared experiment log directory: results/fixed_rl_2025-06-15_07-38-18/logs
2025-06-15 07:38:18,323 - INFO - SuRL_FixedRL_139654571754352 - 🎯 FIXED RL Experiment: fixed_rl_2025-06-15_07-38-18
2025-06-15 07:38:18,323 - INFO - SuRL_FixedRL_139654571754352 - 📁 Results dir: results/fixed_rl_2025-06-15_07-38-18
2025-06-15 07:38:18,323 - INFO - SuRL_FixedRL_139654571754352 - 🚀 Starting Complete FIXED RL Comparison
2025-06-15 07:38:18,323 - INFO - SuRL_FixedRL_139654571754352 - ============================================================
2025-06-15 07:38:18,323 - INFO - SuRL_FixedRL_139654571754352 - 📂 Loading CholecT50 data...
2025-06-15 07:38:18,323 - INFO - SuRL_FixedRL_139654571754352 - Loading train data from /nfs/home/mboels/datasets/CholecT50 with fold 0
2025-06-15 07:38:19,219 - INFO - SuRL_FixedRL_139654571754352 - ✅ Loaded metadata: /nfs/home/mboels/datasets/CholecT50/embeddings_train_set/fold0/embeddings_f0_swin_bas_129_phase_complet_phase_transit_prog_prob_action_risk_glob_outcome.csv - Shape: (78968, 156)
2025-06-15 07:38:19,219 - INFO - SuRL_FixedRL_139654571754352 - [Train] Start processing metadata file /nfs/home/mboels/datasets/CholecT50/embeddings_train_set/fold0/embeddings_f0_swin_bas_129_phase_complet_phase_transit_prog_prob_action_risk_glob_outcome.csv
2025-06-15 07:38:19,219 - INFO - SuRL_FixedRL_139654571754352 - [Train] Rewards extraction skipped, using metadata file /nfs/home/mboels/datasets/CholecT50/embeddings_train_set/fold0/embeddings_f0_swin_bas_129_phase_complet_phase_transit_prog_prob_action_risk_glob_outcome.csv
2025-06-15 07:38:19,223 - INFO - SuRL_FixedRL_139654571754352 - [Train] Found 40 videos in metadata file
2025-06-15 07:38:19,223 - INFO - SuRL_FixedRL_139654571754352 - [Train] Loading data for 40 videos
2025-06-15 07:38:20,254 - INFO - SuRL_FixedRL_139654571754352 - ✅ Loaded video VID01: 1734 frames, 1024D embeddings
2025-06-15 07:38:21,540 - INFO - SuRL_FixedRL_139654571754352 - ✅ Loaded video VID04: 1523 frames, 1024D embeddings
2025-06-15 07:38:22,880 - INFO - SuRL_FixedRL_139654571754352 - ✅ Loaded video VID05: 2345 frames, 1024D embeddings
2025-06-15 07:38:23,742 - INFO - SuRL_FixedRL_139654571754352 - ✅ Loaded video VID08: 1520 frames, 1024D embeddings
2025-06-15 07:38:25,218 - INFO - SuRL_FixedRL_139654571754352 - ✅ Loaded video VID10: 1750 frames, 1024D embeddings
2025-06-15 07:38:27,065 - INFO - SuRL_FixedRL_139654571754352 - ✅ Loaded video VID103: 2220 frames, 1024D embeddings
2025-06-15 07:38:28,844 - INFO - SuRL_FixedRL_139654571754352 - ✅ Loaded video VID110: 2177 frames, 1024D embeddings
2025-06-15 07:38:29,475 - INFO - SuRL_FixedRL_139654571754352 - ✅ Loaded video VID12: 1091 frames, 1024D embeddings
2025-06-15 07:38:30,311 - INFO - SuRL_FixedRL_139654571754352 - ✅ Loaded video VID13: 982 frames, 1024D embeddings
2025-06-15 07:38:31,510 - INFO - SuRL_FixedRL_139654571754352 - ✅ Loaded video VID15: 2059 frames, 1024D embeddings
2025-06-15 07:38:33,156 - INFO - SuRL_FixedRL_139654571754352 - ✅ Loaded video VID18: 1943 frames, 1024D embeddings
2025-06-15 07:38:34,478 - INFO - SuRL_FixedRL_139654571754352 - ✅ Loaded video VID22: 1533 frames, 1024D embeddings
2025-06-15 07:38:35,932 - INFO - SuRL_FixedRL_139654571754352 - ✅ Loaded video VID26: 1774 frames, 1024D embeddings
2025-06-15 07:38:37,120 - INFO - SuRL_FixedRL_139654571754352 - ✅ Loaded video VID27: 2085 frames, 1024D embeddings
2025-06-15 07:38:38,517 - INFO - SuRL_FixedRL_139654571754352 - ✅ Loaded video VID29: 2351 frames, 1024D embeddings
2025-06-15 07:38:40,971 - INFO - SuRL_FixedRL_139654571754352 - ✅ Loaded video VID31: 3946 frames, 1024D embeddings
2025-06-15 07:38:42,743 - INFO - SuRL_FixedRL_139654571754352 - ✅ Loaded video VID32: 2117 frames, 1024D embeddings
2025-06-15 07:38:43,964 - INFO - SuRL_FixedRL_139654571754352 - ✅ Loaded video VID35: 2107 frames, 1024D embeddings
2025-06-15 07:38:45,363 - INFO - SuRL_FixedRL_139654571754352 - ✅ Loaded video VID36: 2388 frames, 1024D embeddings
2025-06-15 07:38:46,669 - INFO - SuRL_FixedRL_139654571754352 - ✅ Loaded video VID40: 2223 frames, 1024D embeddings
2025-06-15 07:38:49,781 - INFO - SuRL_FixedRL_139654571754352 - ✅ Loaded video VID42: 3713 frames, 1024D embeddings
2025-06-15 07:38:51,737 - INFO - SuRL_FixedRL_139654571754352 - ✅ Loaded video VID43: 2363 frames, 1024D embeddings
2025-06-15 07:38:53,621 - INFO - SuRL_FixedRL_139654571754352 - ✅ Loaded video VID47: 2260 frames, 1024D embeddings
2025-06-15 07:38:54,679 - INFO - SuRL_FixedRL_139654571754352 - ✅ Loaded video VID48: 1835 frames, 1024D embeddings
2025-06-15 07:38:56,055 - INFO - SuRL_FixedRL_139654571754352 - ✅ Loaded video VID49: 1672 frames, 1024D embeddings
2025-06-15 07:38:57,209 - INFO - SuRL_FixedRL_139654571754352 - ✅ Loaded video VID52: 1967 frames, 1024D embeddings
2025-06-15 07:38:58,732 - INFO - SuRL_FixedRL_139654571754352 - ✅ Loaded video VID56: 1837 frames, 1024D embeddings
2025-06-15 07:39:00,987 - INFO - SuRL_FixedRL_139654571754352 - ✅ Loaded video VID57: 2633 frames, 1024D embeddings
2025-06-15 07:39:03,081 - INFO - SuRL_FixedRL_139654571754352 - ✅ Loaded video VID60: 2533 frames, 1024D embeddings
2025-06-15 07:39:04,280 - INFO - SuRL_FixedRL_139654571754352 - ✅ Loaded video VID62: 2033 frames, 1024D embeddings
2025-06-15 07:39:05,375 - INFO - SuRL_FixedRL_139654571754352 - ✅ Loaded video VID65: 1874 frames, 1024D embeddings
2025-06-15 07:39:06,527 - INFO - SuRL_FixedRL_139654571754352 - ✅ Loaded video VID68: 1973 frames, 1024D embeddings
2025-06-15 07:39:07,518 - INFO - SuRL_FixedRL_139654571754352 - ✅ Loaded video VID70: 1195 frames, 1024D embeddings
2025-06-15 07:39:08,306 - INFO - SuRL_FixedRL_139654571754352 - ✅ Loaded video VID73: 1357 frames, 1024D embeddings
2025-06-15 07:39:09,246 - INFO - SuRL_FixedRL_139654571754352 - ✅ Loaded video VID74: 1635 frames, 1024D embeddings
2025-06-15 07:39:10,372 - INFO - SuRL_FixedRL_139654571754352 - ✅ Loaded video VID75: 1924 frames, 1024D embeddings
2025-06-15 07:39:10,987 - INFO - SuRL_FixedRL_139654571754352 - ✅ Loaded video VID78: 740 frames, 1024D embeddings
2025-06-15 07:39:12,448 - INFO - SuRL_FixedRL_139654571754352 - ✅ Loaded video VID80: 1725 frames, 1024D embeddings
2025-06-15 07:39:14,208 - INFO - SuRL_FixedRL_139654571754352 - ✅ Loaded video VID92: 2124 frames, 1024D embeddings
2025-06-15 07:39:15,209 - INFO - SuRL_FixedRL_139654571754352 - ✅ Loaded video VID96: 1707 frames, 1024D embeddings
2025-06-15 07:39:15,210 - INFO - SuRL_FixedRL_139654571754352 - ✅ Successfully loaded 40 videos for train
2025-06-15 07:39:15,217 - INFO - SuRL_FixedRL_139654571754352 - Loading test data from /nfs/home/mboels/datasets/CholecT50 with fold 0
2025-06-15 07:39:15,397 - INFO - SuRL_FixedRL_139654571754352 - ✅ Loaded metadata: /nfs/home/mboels/datasets/CholecT50/embeddings_test_set/fold0/embeddings_f0_swin_bas_129_phase_complet_phase_transit_prog_prob_action_risk_glob_outcome.csv - Shape: (21895, 156)
2025-06-15 07:39:15,397 - INFO - SuRL_FixedRL_139654571754352 - [Test] Start processing metadata file /nfs/home/mboels/datasets/CholecT50/embeddings_test_set/fold0/embeddings_f0_swin_bas_129_phase_complet_phase_transit_prog_prob_action_risk_glob_outcome.csv
2025-06-15 07:39:15,397 - INFO - SuRL_FixedRL_139654571754352 - [Test] Rewards extraction skipped, using metadata file /nfs/home/mboels/datasets/CholecT50/embeddings_test_set/fold0/embeddings_f0_swin_bas_129_phase_complet_phase_transit_prog_prob_action_risk_glob_outcome.csv
2025-06-15 07:39:15,398 - INFO - SuRL_FixedRL_139654571754352 - [Test] Found 10 videos in metadata file
2025-06-15 07:39:15,398 - INFO - SuRL_FixedRL_139654571754352 - [Test] Loading data for 10 videos
2025-06-15 07:39:17,427 - INFO - SuRL_FixedRL_139654571754352 - ✅ Loaded video VID02: 2840 frames, 1024D embeddings
2025-06-15 07:39:19,203 - INFO - SuRL_FixedRL_139654571754352 - ✅ Loaded video VID06: 2154 frames, 1024D embeddings
2025-06-15 07:39:20,984 - INFO - SuRL_FixedRL_139654571754352 - ✅ Loaded video VID111: 2146 frames, 1024D embeddings
2025-06-15 07:39:22,404 - INFO - SuRL_FixedRL_139654571754352 - ✅ Loaded video VID14: 1709 frames, 1024D embeddings
2025-06-15 07:39:23,782 - INFO - SuRL_FixedRL_139654571754352 - ✅ Loaded video VID23: 1636 frames, 1024D embeddings
2025-06-15 07:39:25,025 - INFO - SuRL_FixedRL_139654571754352 - ✅ Loaded video VID25: 2130 frames, 1024D embeddings
2025-06-15 07:39:25,930 - INFO - SuRL_FixedRL_139654571754352 - ✅ Loaded video VID50: 1095 frames, 1024D embeddings
2025-06-15 07:39:27,634 - INFO - SuRL_FixedRL_139654571754352 - ✅ Loaded video VID51: 2945 frames, 1024D embeddings
2025-06-15 07:39:28,698 - INFO - SuRL_FixedRL_139654571754352 - ✅ Loaded video VID66: 1825 frames, 1024D embeddings
2025-06-15 07:39:31,544 - INFO - SuRL_FixedRL_139654571754352 - ✅ Loaded video VID79: 3415 frames, 1024D embeddings
2025-06-15 07:39:31,545 - INFO - SuRL_FixedRL_139654571754352 - ✅ Successfully loaded 10 videos for test
2025-06-15 07:39:31,547 - INFO - SuRL_FixedRL_139654571754352 - ✅ Data loaded successfully
2025-06-15 07:39:31,547 - INFO - SuRL_FixedRL_139654571754352 -    Training videos: 40
2025-06-15 07:39:31,547 - INFO - SuRL_FixedRL_139654571754352 -    Test videos: 10
2025-06-15 07:39:31,547 - INFO - SuRL_FixedRL_139654571754352 - 🔍 Testing on training data...
2025-06-15 07:39:31,549 - INFO - SuRL_FixedRL_139654571754352 - 🎓 Method 1: Autoregressive IL is disabled in config, skipping...
2025-06-15 07:39:31,549 - INFO - SuRL_FixedRL_139654571754352 - 🌍 Running Method 2: FIXED Conditional World Model + RL
2025-06-15 07:39:31,549 - INFO - SuRL_FixedRL_139654571754352 - 🌍 Method 2: FIXED Conditional World Model + RL
2025-06-15 07:39:31,550 - INFO - SuRL_FixedRL_139654571754352 - ----------------------------------------
2025-06-15 07:39:31,550 - INFO - SuRL_FixedRL_139654571754352 - 🏋️ Will train world model from scratch
2025-06-15 07:39:32,111 - INFO - SuRL_FixedRL_139654571754352 - ✅ World model initialized for training
2025-06-15 07:40:06,579 - INFO - SuRL_FixedRL_139654571754352 - ✅ Stored test loaders for evaluation: ['VID01', 'VID04', 'VID05', 'VID08', 'VID10', 'VID103', 'VID110', 'VID12', 'VID13', 'VID15', 'VID18', 'VID22', 'VID26', 'VID27', 'VID29', 'VID31', 'VID32', 'VID35', 'VID36', 'VID40', 'VID42', 'VID43', 'VID47', 'VID48', 'VID49', 'VID52', 'VID56', 'VID57', 'VID60', 'VID62', 'VID65', 'VID68', 'VID70', 'VID73', 'VID74', 'VID75', 'VID78', 'VID80', 'VID92', 'VID96']
2025-06-15 07:40:06,593 - INFO - SuRL_FixedRL_139654571754352 - 🌍 World Model Trainer initialized
2025-06-15 07:40:06,593 - INFO - SuRL_FixedRL_139654571754352 -    Device: cuda
2025-06-15 07:40:06,593 - INFO - SuRL_FixedRL_139654571754352 -    Epochs: 5
2025-06-15 07:40:06,593 - INFO - SuRL_FixedRL_139654571754352 -    Learning rate: 3e-05
2025-06-15 07:40:06,593 - INFO - SuRL_FixedRL_139654571754352 -    Focus: Action-conditioned state-reward prediction
2025-06-15 07:40:06,593 - INFO - SuRL_FixedRL_139654571754352 - 🌍 Training world model from scratch...
2025-06-15 07:40:06,593 - INFO - SuRL_FixedRL_139654571754352 - 🌍 Starting World Model Training...
2025-06-15 07:40:06,593 - INFO - SuRL_FixedRL_139654571754352 - 🎯 Goal: Learn action-conditioned state-reward prediction
2025-06-15 07:43:11,542 - INFO - SuRL_FixedRL_139654571754352 - ✅ New best model saved: results/fixed_rl_2025-06-15_07-38-18/logs/checkpoints/world_model_best_epoch_1.pt
2025-06-15 07:43:11,543 - INFO - SuRL_FixedRL_139654571754352 - Epoch 1/5 | Train Loss: 1.2160 | Val Loss: 0.5232 | Val State MSE: 0.1373 | Val Reward MSE: 0.0283
2025-06-15 07:46:18,564 - INFO - SuRL_FixedRL_139654571754352 - ✅ New best model saved: results/fixed_rl_2025-06-15_07-38-18/logs/checkpoints/world_model_best_epoch_2.pt
2025-06-15 07:46:18,565 - INFO - SuRL_FixedRL_139654571754352 - Epoch 2/5 | Train Loss: 0.5761 | Val Loss: 0.3939 | Val State MSE: 0.1106 | Val Reward MSE: 0.0179
2025-06-15 07:49:19,375 - INFO - SuRL_FixedRL_139654571754352 - ✅ New best model saved: results/fixed_rl_2025-06-15_07-38-18/logs/checkpoints/world_model_best_epoch_3.pt
2025-06-15 07:49:19,375 - INFO - SuRL_FixedRL_139654571754352 - Epoch 3/5 | Train Loss: 0.4753 | Val Loss: 0.3425 | Val State MSE: 0.0993 | Val Reward MSE: 0.0141
2025-06-15 07:52:17,178 - INFO - SuRL_FixedRL_139654571754352 - ✅ New best model saved: results/fixed_rl_2025-06-15_07-38-18/logs/checkpoints/world_model_best_epoch_4.pt
2025-06-15 07:52:17,179 - INFO - SuRL_FixedRL_139654571754352 - Epoch 4/5 | Train Loss: 0.4345 | Val Loss: 0.3198 | Val State MSE: 0.0948 | Val Reward MSE: 0.0113
2025-06-15 07:55:19,528 - INFO - SuRL_FixedRL_139654571754352 - ✅ New best model saved: results/fixed_rl_2025-06-15_07-38-18/logs/checkpoints/world_model_best_epoch_5.pt
2025-06-15 07:55:19,622 - INFO - SuRL_FixedRL_139654571754352 - Epoch 5/5 | Train Loss: 0.4185 | Val Loss: 0.3120 | Val State MSE: 0.0931 | Val Reward MSE: 0.0107
2025-06-15 07:55:19,710 - INFO - SuRL_FixedRL_139654571754352 - ✅ World Model Training completed!
2025-06-15 07:55:19,710 - INFO - SuRL_FixedRL_139654571754352 - 📄 Best model: results/fixed_rl_2025-06-15_07-38-18/logs/checkpoints/world_model_best_epoch_5.pt
2025-06-15 07:55:19,710 - INFO - SuRL_FixedRL_139654571754352 - 📄 Final model: results/fixed_rl_2025-06-15_07-38-18/logs/checkpoints/world_model_final.pt
2025-06-15 07:55:19,710 - INFO - SuRL_FixedRL_139654571754352 - 🌍 Evaluating trained world model...
2025-06-15 07:55:19,710 - INFO - SuRL_FixedRL_139654571754352 - 📊 Evaluating World Model...
2025-06-15 07:56:55,653 - INFO - SuRL_FixedRL_139654571754352 - ✅ Evaluation completed
2025-06-15 07:56:55,654 - INFO - SuRL_FixedRL_139654571754352 - 📊 State Loss: 0.0931
2025-06-15 07:56:55,654 - INFO - SuRL_FixedRL_139654571754352 - 📊 Reward Loss: 0.0107
2025-06-15 07:56:55,654 - INFO - SuRL_FixedRL_139654571754352 - 🚀 Starting RL training...
2025-06-15 07:56:55,656 - INFO - SuRL_FixedRL_139654571754352 - 🌍 Training World Model RL for 50000 timesteps...
