2025-06-16 10:57:50,820 - INFO - SuRL_FixedRL_133920440153056 - Shared experiment log directory: results/fixed_rl_2025-06-16_10-57-50/logs
2025-06-16 10:57:50,820 - INFO - SuRL_FixedRL_133920440153056 - 🎯 FIXED RL Experiment: fixed_rl_2025-06-16_10-57-50
2025-06-16 10:57:50,820 - INFO - SuRL_FixedRL_133920440153056 - 📁 Results dir: results/fixed_rl_2025-06-16_10-57-50
2025-06-16 10:57:50,820 - INFO - SuRL_FixedRL_133920440153056 - 🚀 Starting Complete FIXED RL Comparison
2025-06-16 10:57:50,820 - INFO - SuRL_FixedRL_133920440153056 - ============================================================
2025-06-16 10:57:50,820 - INFO - SuRL_FixedRL_133920440153056 - 📂 Loading CholecT50 data...
2025-06-16 10:57:50,820 - INFO - SuRL_FixedRL_133920440153056 -    Training videos: 40
2025-06-16 10:57:50,820 - INFO - SuRL_FixedRL_133920440153056 -    Test videos: 10
2025-06-16 10:57:50,821 - INFO - SuRL_FixedRL_133920440153056 - Loading train data from /home/maxboels/datasets/CholecT50 with fold 0
2025-06-16 10:57:51,256 - INFO - SuRL_FixedRL_133920440153056 - ✅ Loaded metadata: /home/maxboels/datasets/CholecT50/embeddings_train_set/fold0/embeddings_f0_swin_bas_129_phase_complet_phase_transit_prog_prob_action_risk_glob_outcome.csv - Shape: (78968, 156)
2025-06-16 10:57:51,256 - INFO - SuRL_FixedRL_133920440153056 - [Train] Start processing metadata file /home/maxboels/datasets/CholecT50/embeddings_train_set/fold0/embeddings_f0_swin_bas_129_phase_complet_phase_transit_prog_prob_action_risk_glob_outcome.csv
2025-06-16 10:57:51,256 - INFO - SuRL_FixedRL_133920440153056 - [Train] Rewards extraction skipped, using metadata file /home/maxboels/datasets/CholecT50/embeddings_train_set/fold0/embeddings_f0_swin_bas_129_phase_complet_phase_transit_prog_prob_action_risk_glob_outcome.csv
2025-06-16 10:57:51,259 - INFO - SuRL_FixedRL_133920440153056 - [Train] Found 40 videos in metadata file
2025-06-16 10:57:51,259 - INFO - SuRL_FixedRL_133920440153056 - [Train] Loading data for 40 videos
2025-06-16 10:57:51,454 - INFO - SuRL_FixedRL_133920440153056 - ✅ Loaded video VID01: 1734 frames, 1024D embeddings
2025-06-16 10:57:51,606 - INFO - SuRL_FixedRL_133920440153056 - ✅ Loaded video VID04: 1523 frames, 1024D embeddings
2025-06-16 10:57:51,833 - INFO - SuRL_FixedRL_133920440153056 - ✅ Loaded video VID05: 2345 frames, 1024D embeddings
2025-06-16 10:57:51,984 - INFO - SuRL_FixedRL_133920440153056 - ✅ Loaded video VID08: 1520 frames, 1024D embeddings
2025-06-16 10:57:52,156 - INFO - SuRL_FixedRL_133920440153056 - ✅ Loaded video VID10: 1750 frames, 1024D embeddings
2025-06-16 10:57:52,372 - INFO - SuRL_FixedRL_133920440153056 - ✅ Loaded video VID103: 2220 frames, 1024D embeddings
2025-06-16 10:57:52,584 - INFO - SuRL_FixedRL_133920440153056 - ✅ Loaded video VID110: 2177 frames, 1024D embeddings
2025-06-16 10:57:52,697 - INFO - SuRL_FixedRL_133920440153056 - ✅ Loaded video VID12: 1091 frames, 1024D embeddings
2025-06-16 10:57:52,801 - INFO - SuRL_FixedRL_133920440153056 - ✅ Loaded video VID13: 982 frames, 1024D embeddings
2025-06-16 10:57:53,009 - INFO - SuRL_FixedRL_133920440153056 - ✅ Loaded video VID15: 2059 frames, 1024D embeddings
2025-06-16 10:57:53,202 - INFO - SuRL_FixedRL_133920440153056 - ✅ Loaded video VID18: 1943 frames, 1024D embeddings
2025-06-16 10:57:53,363 - INFO - SuRL_FixedRL_133920440153056 - ✅ Loaded video VID22: 1533 frames, 1024D embeddings
2025-06-16 10:57:53,541 - INFO - SuRL_FixedRL_133920440153056 - ✅ Loaded video VID26: 1774 frames, 1024D embeddings
2025-06-16 10:57:53,754 - INFO - SuRL_FixedRL_133920440153056 - ✅ Loaded video VID27: 2085 frames, 1024D embeddings
2025-06-16 10:57:53,985 - INFO - SuRL_FixedRL_133920440153056 - ✅ Loaded video VID29: 2351 frames, 1024D embeddings
2025-06-16 10:57:54,366 - INFO - SuRL_FixedRL_133920440153056 - ✅ Loaded video VID31: 3946 frames, 1024D embeddings
2025-06-16 10:57:54,573 - INFO - SuRL_FixedRL_133920440153056 - ✅ Loaded video VID32: 2117 frames, 1024D embeddings
2025-06-16 10:57:54,782 - INFO - SuRL_FixedRL_133920440153056 - ✅ Loaded video VID35: 2107 frames, 1024D embeddings
2025-06-16 10:57:55,018 - INFO - SuRL_FixedRL_133920440153056 - ✅ Loaded video VID36: 2388 frames, 1024D embeddings
2025-06-16 10:57:55,238 - INFO - SuRL_FixedRL_133920440153056 - ✅ Loaded video VID40: 2223 frames, 1024D embeddings
2025-06-16 10:57:55,599 - INFO - SuRL_FixedRL_133920440153056 - ✅ Loaded video VID42: 3713 frames, 1024D embeddings
2025-06-16 10:57:55,828 - INFO - SuRL_FixedRL_133920440153056 - ✅ Loaded video VID43: 2363 frames, 1024D embeddings
2025-06-16 10:57:56,051 - INFO - SuRL_FixedRL_133920440153056 - ✅ Loaded video VID47: 2260 frames, 1024D embeddings
2025-06-16 10:57:56,234 - INFO - SuRL_FixedRL_133920440153056 - ✅ Loaded video VID48: 1835 frames, 1024D embeddings
2025-06-16 10:57:56,402 - INFO - SuRL_FixedRL_133920440153056 - ✅ Loaded video VID49: 1672 frames, 1024D embeddings
2025-06-16 10:57:56,600 - INFO - SuRL_FixedRL_133920440153056 - ✅ Loaded video VID52: 1967 frames, 1024D embeddings
2025-06-16 10:57:56,786 - INFO - SuRL_FixedRL_133920440153056 - ✅ Loaded video VID56: 1837 frames, 1024D embeddings
2025-06-16 10:57:57,045 - INFO - SuRL_FixedRL_133920440153056 - ✅ Loaded video VID57: 2633 frames, 1024D embeddings
2025-06-16 10:57:57,293 - INFO - SuRL_FixedRL_133920440153056 - ✅ Loaded video VID60: 2533 frames, 1024D embeddings
2025-06-16 10:57:57,493 - INFO - SuRL_FixedRL_133920440153056 - ✅ Loaded video VID62: 2033 frames, 1024D embeddings
2025-06-16 10:57:57,680 - INFO - SuRL_FixedRL_133920440153056 - ✅ Loaded video VID65: 1874 frames, 1024D embeddings
2025-06-16 10:57:57,879 - INFO - SuRL_FixedRL_133920440153056 - ✅ Loaded video VID68: 1973 frames, 1024D embeddings
2025-06-16 10:57:58,004 - INFO - SuRL_FixedRL_133920440153056 - ✅ Loaded video VID70: 1195 frames, 1024D embeddings
2025-06-16 10:57:58,145 - INFO - SuRL_FixedRL_133920440153056 - ✅ Loaded video VID73: 1357 frames, 1024D embeddings
2025-06-16 10:57:58,313 - INFO - SuRL_FixedRL_133920440153056 - ✅ Loaded video VID74: 1635 frames, 1024D embeddings
2025-06-16 10:57:58,507 - INFO - SuRL_FixedRL_133920440153056 - ✅ Loaded video VID75: 1924 frames, 1024D embeddings
2025-06-16 10:57:58,590 - INFO - SuRL_FixedRL_133920440153056 - ✅ Loaded video VID78: 740 frames, 1024D embeddings
2025-06-16 10:57:58,766 - INFO - SuRL_FixedRL_133920440153056 - ✅ Loaded video VID80: 1725 frames, 1024D embeddings
2025-06-16 10:57:58,978 - INFO - SuRL_FixedRL_133920440153056 - ✅ Loaded video VID92: 2124 frames, 1024D embeddings
2025-06-16 10:57:59,150 - INFO - SuRL_FixedRL_133920440153056 - ✅ Loaded video VID96: 1707 frames, 1024D embeddings
2025-06-16 10:57:59,151 - INFO - SuRL_FixedRL_133920440153056 - ✅ Successfully loaded 40 videos for train
2025-06-16 10:57:59,151 - INFO - SuRL_FixedRL_133920440153056 - 📊 Analyzing reward values for 40 videos...
2025-06-16 10:59:33,140 - INFO - SuRL_FixedRL_133920440153056 - ✅ Reward analysis complete! Check: reward_analysis/train/20250616_1057/
2025-06-16 10:59:40,287 - INFO - SuRL_FixedRL_133920440153056 - Loading test data from /home/maxboels/datasets/CholecT50 with fold 0
2025-06-16 10:59:40,398 - INFO - SuRL_FixedRL_133920440153056 - ✅ Loaded metadata: /home/maxboels/datasets/CholecT50/embeddings_test_set/fold0/embeddings_f0_swin_bas_129_phase_complet_phase_transit_prog_prob_action_risk_glob_outcome.csv - Shape: (21895, 156)
2025-06-16 10:59:40,398 - INFO - SuRL_FixedRL_133920440153056 - [Test] Start processing metadata file /home/maxboels/datasets/CholecT50/embeddings_test_set/fold0/embeddings_f0_swin_bas_129_phase_complet_phase_transit_prog_prob_action_risk_glob_outcome.csv
2025-06-16 10:59:40,398 - INFO - SuRL_FixedRL_133920440153056 - [Test] Rewards extraction skipped, using metadata file /home/maxboels/datasets/CholecT50/embeddings_test_set/fold0/embeddings_f0_swin_bas_129_phase_complet_phase_transit_prog_prob_action_risk_glob_outcome.csv
2025-06-16 10:59:40,399 - INFO - SuRL_FixedRL_133920440153056 - [Test] Found 10 videos in metadata file
2025-06-16 10:59:40,400 - INFO - SuRL_FixedRL_133920440153056 - [Test] Loading data for 10 videos
2025-06-16 10:59:40,863 - INFO - SuRL_FixedRL_133920440153056 - ✅ Loaded video VID02: 2840 frames, 1024D embeddings
2025-06-16 10:59:41,223 - INFO - SuRL_FixedRL_133920440153056 - ✅ Loaded video VID06: 2154 frames, 1024D embeddings
2025-06-16 10:59:41,522 - INFO - SuRL_FixedRL_133920440153056 - ✅ Loaded video VID111: 2146 frames, 1024D embeddings
2025-06-16 10:59:41,761 - INFO - SuRL_FixedRL_133920440153056 - ✅ Loaded video VID14: 1709 frames, 1024D embeddings
2025-06-16 10:59:42,021 - INFO - SuRL_FixedRL_133920440153056 - ✅ Loaded video VID23: 1636 frames, 1024D embeddings
2025-06-16 10:59:42,350 - INFO - SuRL_FixedRL_133920440153056 - ✅ Loaded video VID25: 2130 frames, 1024D embeddings
2025-06-16 10:59:42,505 - INFO - SuRL_FixedRL_133920440153056 - ✅ Loaded video VID50: 1095 frames, 1024D embeddings
2025-06-16 10:59:42,894 - INFO - SuRL_FixedRL_133920440153056 - ✅ Loaded video VID51: 2945 frames, 1024D embeddings
2025-06-16 10:59:43,166 - INFO - SuRL_FixedRL_133920440153056 - ✅ Loaded video VID66: 1825 frames, 1024D embeddings
2025-06-16 10:59:43,674 - INFO - SuRL_FixedRL_133920440153056 - ✅ Loaded video VID79: 3415 frames, 1024D embeddings
2025-06-16 10:59:43,675 - INFO - SuRL_FixedRL_133920440153056 - ✅ Successfully loaded 10 videos for test
2025-06-16 10:59:43,675 - INFO - SuRL_FixedRL_133920440153056 - 📊 Analyzing reward values for 10 videos...
2025-06-16 11:00:12,786 - INFO - SuRL_FixedRL_133920440153056 - ✅ Reward analysis complete! Check: reward_analysis/test/20250616_1059/
2025-06-16 11:00:18,938 - INFO - SuRL_FixedRL_133920440153056 - ✅ Data loaded successfully
2025-06-16 11:00:18,939 - INFO - SuRL_FixedRL_133920440153056 -    Training videos: 40
2025-06-16 11:00:18,939 - INFO - SuRL_FixedRL_133920440153056 -    Test videos: 10
