2025-06-04 12:23:43,640 - INFO - SuRL_124557043344368 - Shared experiment log directory: logs/2025-06-04_12-23
2025-06-04 12:23:43,640 - INFO - SuRL_124557043344368 - 🚀 SURGICAL RL COMPARISON INITIALIZED
2025-06-04 12:23:43,640 - INFO - SuRL_124557043344368 - Method 1: Imitation Learning (Baseline)
2025-06-04 12:23:43,640 - INFO - SuRL_124557043344368 - Method 2: RL with World Model Simulation
2025-06-04 12:23:43,640 - INFO - SuRL_124557043344368 - Method 3: RL with Offline Video Episodes
2025-06-04 12:23:43,640 - INFO - SuRL_124557043344368 - Device: cuda
2025-06-04 12:23:43,640 - INFO - SuRL_124557043344368 - Results will be saved to: logs/2025-06-04_12-23/results
2025-06-04 12:23:43,640 - INFO - SuRL_124557043344368 - ============================================================
2025-06-04 12:23:43,640 - INFO - SuRL_124557043344368 - STEP 1: LOADING DATASET
2025-06-04 12:23:43,640 - INFO - SuRL_124557043344368 - ============================================================
2025-06-04 12:23:43,640 - INFO - SuRL_124557043344368 - Loading train data from /home/maxboels/datasets/CholecT50 with fold 0
2025-06-04 12:23:44,046 - INFO - SuRL_124557043344368 - [Train] Start processing metadata file /home/maxboels/datasets/CholecT50/embeddings_train_set/fold0/embeddings_f0_swin_bas_129_phase_complet_phase_transit_prog_prob_action_risk_glob_outcome.csv
2025-06-04 12:23:44,046 - INFO - SuRL_124557043344368 - [Train] Rewards extraction skipped, using metadata file /home/maxboels/datasets/CholecT50/embeddings_train_set/fold0/embeddings_f0_swin_bas_129_phase_complet_phase_transit_prog_prob_action_risk_glob_outcome.csv
2025-06-04 12:23:44,049 - INFO - SuRL_124557043344368 - [Train] Found 2 videos in metadata file
2025-06-04 12:23:44,049 - INFO - SuRL_124557043344368 - [Train] Loading data for 2 videos
2025-06-04 12:23:44,266 - INFO - SuRL_124557043344368 - Loading test data from /home/maxboels/datasets/CholecT50 with fold 0
2025-06-04 12:23:44,359 - INFO - SuRL_124557043344368 - [Test] Start processing metadata file /home/maxboels/datasets/CholecT50/embeddings_test_set/fold0/embeddings_f0_swin_bas_129_phase_complet_phase_transit_prog_prob_action_risk_glob_outcome.csv
2025-06-04 12:23:44,359 - INFO - SuRL_124557043344368 - [Test] Rewards extraction skipped, using metadata file /home/maxboels/datasets/CholecT50/embeddings_test_set/fold0/embeddings_f0_swin_bas_129_phase_complet_phase_transit_prog_prob_action_risk_glob_outcome.csv
2025-06-04 12:23:44,360 - INFO - SuRL_124557043344368 - [Test] Found 1 videos in metadata file
2025-06-04 12:23:44,360 - INFO - SuRL_124557043344368 - [Test] Loading data for 1 videos
2025-06-04 12:23:44,599 - INFO - SuRL_124557043344368 - ✅ Loaded 2 training videos and 1 test videos
2025-06-04 12:23:44,599 - INFO - SuRL_124557043344368 - ============================================================
2025-06-04 12:23:44,599 - INFO - SuRL_124557043344368 - STEP 2: METHOD 1 - IMITATION LEARNING BASELINE
2025-06-04 12:23:44,599 - INFO - SuRL_124557043344368 - ============================================================
2025-06-04 12:23:44,599 - INFO - SuRL_124557043344368 - 🎓 Training Imitation Learning Baseline...
2025-06-04 12:23:44,599 - INFO - SuRL_124557043344368 - 📋 Approach: Supervised learning on expert demonstrations
2025-06-04 12:23:46,117 - INFO - SuRL_124557043344368 - Starting the Imitation Learning training for autoregressive action prediction
2025-06-04 12:23:46,570 - INFO - SuRL_124557043344368 - Batch 0/204 | Loss: 3.3123
2025-06-04 12:23:51,020 - INFO - SuRL_124557043344368 - Batch 100/204 | Loss: 0.5414
2025-06-04 12:23:55,442 - INFO - SuRL_124557043344368 - Batch 200/204 | Loss: 0.3646
2025-06-04 12:24:52,195 - INFO - SuRL_124557043344368 - New best model saved: logs/2025-06-04_12-23/checkpoints/supervised_best_epoch_1.pt
2025-06-04 12:24:52,195 - INFO - SuRL_124557043344368 - Epoch 1/1 | Train Loss: 0.7761 | Val Loss: 0.4113 | Val Action Acc: 0.0000
2025-06-04 12:24:52,673 - INFO - SuRL_124557043344368 - Training plots saved to logs/2025-06-04_12-23
2025-06-04 12:24:52,784 - INFO - SuRL_124557043344368 - Training completed. Best model: logs/2025-06-04_12-23/checkpoints/supervised_best_epoch_1.pt
2025-06-04 12:24:52,784 - INFO - SuRL_124557043344368 - Final model: logs/2025-06-04_12-23/checkpoints/final_model.pt
2025-06-04 12:24:55,782 - INFO - SuRL_124557043344368 - ✅ Method 1 (IL) completed successfully
2025-06-04 12:24:55,782 - INFO - SuRL_124557043344368 - 📊 IL mAP: 0.2378
2025-06-04 12:24:55,844 - INFO - SuRL_124557043344368 - ============================================================
2025-06-04 12:24:55,845 - INFO - SuRL_124557043344368 - STEP 3: METHOD 2 - RL WITH WORLD MODEL SIMULATION
2025-06-04 12:24:55,845 - INFO - SuRL_124557043344368 - ============================================================
2025-06-04 12:24:55,845 - INFO - SuRL_124557043344368 - 🌍 Training RL with World Model Simulation...
2025-06-04 12:24:55,845 - INFO - SuRL_124557043344368 - 📋 Approach: World model as RL environment simulator
2025-06-04 12:24:56,661 - INFO - SuRL_124557043344368 - ✅ Using world model from Method 1: logs/2025-06-04_12-23/checkpoints/supervised_best_epoch_1.pt
2025-06-04 12:24:56,661 - INFO - SuRL_124557043344368 - 🤖 Training PPO with world model simulation...
2025-06-04 12:25:10,328 - INFO - SuRL_124557043344368 - 🤖 Training A2C with world model simulation...
2025-06-04 12:25:18,028 - INFO - SuRL_124557043344368 - ✅ Method 2 (RL + World Model) completed successfully
2025-06-04 12:25:18,028 - INFO - SuRL_124557043344368 - 📊 Successful RL models: ['ppo', 'a2c']
2025-06-04 12:25:18,028 - INFO - SuRL_124557043344368 - ============================================================
2025-06-04 12:25:18,029 - INFO - SuRL_124557043344368 - STEP 4: METHOD 3 - RL WITH OFFLINE VIDEO EPISODES
2025-06-04 12:25:18,029 - INFO - SuRL_124557043344368 - ============================================================
2025-06-04 12:25:18,029 - INFO - SuRL_124557043344368 - 📹 Training RL with Offline Video Episodes...
2025-06-04 12:25:18,029 - INFO - SuRL_124557043344368 - 📋 Approach: Direct RL on video sequences (no world model)
2025-06-04 12:25:18,029 - INFO - SuRL_124557043344368 - 🧪 Testing Direct Video Environment...
2025-06-04 12:25:18,030 - INFO - SuRL_124557043344368 - 🚀 Training RL algorithms on direct video sequences for 10000 timesteps...
2025-06-04 12:25:36,866 - INFO - SuRL_124557043344368 - ✅ ppo Direct Video evaluation completed
2025-06-04 12:25:36,867 - INFO - SuRL_124557043344368 - ✅ a2c Direct Video evaluation completed
2025-06-04 12:25:36,867 - INFO - SuRL_124557043344368 - ✅ Method 3 (RL + Offline Videos) completed successfully
2025-06-04 12:25:36,867 - INFO - SuRL_124557043344368 - 📊 Successful Direct Video RL models: ['ppo', 'a2c']
2025-06-04 12:25:36,867 - INFO - SuRL_124557043344368 - ============================================================
2025-06-04 12:25:36,867 - INFO - SuRL_124557043344368 - STEP 5: COMPREHENSIVE EVALUATION AND COMPARISON
2025-06-04 12:25:36,867 - INFO - SuRL_124557043344368 - ============================================================
2025-06-04 12:25:36,867 - INFO - SuRL_124557043344368 - 📊 Running Integrated Evaluation with Rollout Saving...
2025-06-04 12:25:37,033 - INFO - SuRL_124557043344368 - 🔬 Integrated Evaluation Framework initialized
2025-06-04 12:25:37,033 - INFO - SuRL_124557043344368 - 📁 Results will be saved to: logs/2025-06-04_12-23/results/integrated_evaluation
2025-06-04 12:25:37,662 - INFO - SuRL_124557043344368 - ✅ IL model loaded for evaluation
2025-06-04 12:25:37,672 - INFO - SuRL_124557043344368 - ✅ RL+WorldModel PPO loaded
2025-06-04 12:25:37,680 - INFO - SuRL_124557043344368 - ✅ RL+WorldModel A2C loaded
2025-06-04 12:25:37,691 - INFO - SuRL_124557043344368 - ✅ RL+OfflineVideos PPO loaded
2025-06-04 12:25:37,700 - INFO - SuRL_124557043344368 - ✅ RL+OfflineVideos A2C loaded
2025-06-04 12:25:37,701 - INFO - SuRL_124557043344368 - 📊 Loaded 5 models for integrated evaluation
2025-06-04 12:25:37,701 - INFO - SuRL_124557043344368 - 🎯 Running Integrated Evaluation with Rollout Saving
2025-06-04 12:25:37,701 - INFO - SuRL_124557043344368 - 📊 Evaluating 5 models on 1 videos
2025-06-04 12:25:37,701 - INFO - SuRL_124557043344368 - ⏱️ Prediction horizon: 15 timesteps
2025-06-04 12:25:37,701 - INFO - SuRL_124557043344368 - ============================================================
2025-06-04 12:25:37,701 - INFO - SuRL_124557043344368 - 📹 Video 1/1
2025-06-04 12:25:37,701 - INFO - SuRL_124557043344368 - 📹 Evaluating VID02 with rollouts (horizon: 15)
2025-06-04 12:25:37,701 - INFO - SuRL_124557043344368 -   🤖 Evaluating IL_Baseline with rollouts
2025-06-04 12:25:37,924 - INFO - SuRL_124557043344368 -     📊 Final mAP: 1.000
2025-06-04 12:25:37,924 - INFO - SuRL_124557043344368 -   🤖 Evaluating RL_WorldModel_PPO with rollouts
2025-06-04 12:25:37,980 - INFO - SuRL_124557043344368 -     📊 Final mAP: 1.000
2025-06-04 12:25:37,981 - INFO - SuRL_124557043344368 -   🤖 Evaluating RL_WorldModel_A2C with rollouts
2025-06-04 12:25:38,024 - INFO - SuRL_124557043344368 -     📊 Final mAP: 1.000
2025-06-04 12:25:38,024 - INFO - SuRL_124557043344368 -   🤖 Evaluating RL_OfflineVideos_PPO with rollouts
2025-06-04 12:25:38,068 - INFO - SuRL_124557043344368 -     📊 Final mAP: 0.990
2025-06-04 12:25:38,068 - INFO - SuRL_124557043344368 -   🤖 Evaluating RL_OfflineVideos_A2C with rollouts
2025-06-04 12:25:38,112 - INFO - SuRL_124557043344368 -     📊 Final mAP: 1.000
2025-06-04 12:25:38,134 - INFO - SuRL_124557043344368 - 📊 Visualization data saved to: logs/2025-06-04_12-23/results/integrated_evaluation/visualization_data.json
2025-06-04 12:25:38,134 - INFO - SuRL_124557043344368 - 💾 Saving integrated evaluation results...
2025-06-04 12:25:38,400 - INFO - SuRL_124557043344368 - 📊 Integrated results saved to: logs/2025-06-04_12-23/results/integrated_evaluation
2025-06-04 12:25:38,400 - INFO - SuRL_124557043344368 - 🎉 INTEGRATED EVALUATION COMPLETED!
2025-06-04 12:25:38,400 - INFO - SuRL_124557043344368 - ==================================================
2025-06-04 12:25:38,400 - INFO - SuRL_124557043344368 - 📊 Key Features:
2025-06-04 12:25:38,400 - INFO - SuRL_124557043344368 -   ✅ Unified mAP metrics for all methods
2025-06-04 12:25:38,400 - INFO - SuRL_124557043344368 -   ✅ Detailed rollout saving at every timestep
2025-06-04 12:25:38,400 - INFO - SuRL_124557043344368 -   ✅ Planning horizon visualization data
2025-06-04 12:25:38,400 - INFO - SuRL_124557043344368 -   ✅ Thinking process capture
2025-06-04 12:25:38,400 - INFO - SuRL_124557043344368 -   ✅ Statistical significance testing
2025-06-04 12:25:38,400 - INFO - SuRL_124557043344368 -   ✅ Visualization-ready data export
2025-06-04 12:25:38,401 - INFO - SuRL_124557043344368 - ✅ Integrated evaluation completed successfully!
2025-06-04 12:25:38,401 - INFO - SuRL_124557043344368 - 
📊 METHOD COMPARISON (Unified mAP Metrics)
2025-06-04 12:25:38,401 - INFO - SuRL_124557043344368 - ============================================================
2025-06-04 12:25:38,401 - INFO - SuRL_124557043344368 - 1. IL Baseline:
2025-06-04 12:25:38,401 - INFO - SuRL_124557043344368 -    📈 mAP: 1.0000 ± 0.0000
2025-06-04 12:25:38,401 - INFO - SuRL_124557043344368 -    📉 Degradation: 0.0000
2025-06-04 12:25:38,401 - INFO - SuRL_124557043344368 -    🎯 Stability: -0.0000
2025-06-04 12:25:38,401 - INFO - SuRL_124557043344368 - 
2025-06-04 12:25:38,401 - INFO - SuRL_124557043344368 - 2. RL WorldModel A2C:
2025-06-04 12:25:38,401 - INFO - SuRL_124557043344368 -    📈 mAP: 1.0000 ± 0.0000
2025-06-04 12:25:38,401 - INFO - SuRL_124557043344368 -    📉 Degradation: 0.0000
2025-06-04 12:25:38,401 - INFO - SuRL_124557043344368 -    🎯 Stability: -0.0000
2025-06-04 12:25:38,401 - INFO - SuRL_124557043344368 - 
2025-06-04 12:25:38,401 - INFO - SuRL_124557043344368 - 3. RL OfflineVideos A2C:
2025-06-04 12:25:38,401 - INFO - SuRL_124557043344368 -    📈 mAP: 1.0000 ± 0.0000
2025-06-04 12:25:38,401 - INFO - SuRL_124557043344368 -    📉 Degradation: 0.0000
2025-06-04 12:25:38,401 - INFO - SuRL_124557043344368 -    🎯 Stability: -0.0000
2025-06-04 12:25:38,402 - INFO - SuRL_124557043344368 - 
2025-06-04 12:25:38,402 - INFO - SuRL_124557043344368 - 4. RL WorldModel PPO:
2025-06-04 12:25:38,402 - INFO - SuRL_124557043344368 -    📈 mAP: 1.0000 ± 0.0000
2025-06-04 12:25:38,402 - INFO - SuRL_124557043344368 -    📉 Degradation: 0.0000
2025-06-04 12:25:38,402 - INFO - SuRL_124557043344368 -    🎯 Stability: -0.0000
2025-06-04 12:25:38,402 - INFO - SuRL_124557043344368 - 
2025-06-04 12:25:38,402 - INFO - SuRL_124557043344368 - 5. RL OfflineVideos PPO:
2025-06-04 12:25:38,402 - INFO - SuRL_124557043344368 -    📈 mAP: 0.9900 ± 0.0000
2025-06-04 12:25:38,402 - INFO - SuRL_124557043344368 -    📉 Degradation: 0.0100
2025-06-04 12:25:38,402 - INFO - SuRL_124557043344368 -    🎯 Stability: -0.0100
2025-06-04 12:25:38,402 - INFO - SuRL_124557043344368 - 
2025-06-04 12:25:38,402 - INFO - SuRL_124557043344368 - 🔬 STATISTICAL SIGNIFICANCE TESTS
2025-06-04 12:25:38,402 - INFO - SuRL_124557043344368 - ========================================
2025-06-04 12:25:38,402 - INFO - SuRL_124557043344368 - No statistically significant differences found
2025-06-04 12:25:38,402 - INFO - SuRL_124557043344368 - ============================================================
2025-06-04 12:25:38,402 - INFO - SuRL_124557043344368 - STEP 6: GENERATING RESEARCH PAPER RESULTS
2025-06-04 12:25:38,402 - INFO - SuRL_124557043344368 - ============================================================
2025-06-04 12:25:38,402 - INFO - SuRL_124557043344368 - 📝 Generating enhanced research paper results...
2025-06-04 12:25:38,402 - INFO - SuRL_124557043344368 - 📄 Integrated experiment summary saved to: logs/2025-06-04_12-23/results/integrated_experiment_summary.md
2025-06-04 12:25:38,402 - INFO - SuRL_124557043344368 - 📄 Integrated paper results saved to: logs/2025-06-04_12-23/results/integrated_paper_results.json
2025-06-04 12:25:38,619 - ERROR - SuRL_124557043344368 - ❌ Experimental comparison failed: Object of type PosixPath is not JSON serializable
