2025-05-14 16:38:46,012 - INFO - Log file: logs/2025-05-14_16-38-46/loggings.log
2025-05-14 16:38:46,013 - INFO - Starting CholecT50 experiment for Surgical Actions Prediction
2025-05-14 16:38:46,013 - INFO - Experiment configuration: {'max_videos': 2, 'recognition': {'train': False, 'inference': False, 'best_model_path': './best_checkpoints/best_model_epoch2_map0.5008.pt'}, 'world_model': {'train': False, 'inference': True, 'best_model_path': 'logs/2025-05-08_14-14-22/checkpoints/world_model_best_epoch_2.pt'}, 'pretrain_reward_model': False, 'calculate_action_rewards': False, 'train_action_policy': False, 'run_tdmpc': False, 'analyze_results': False, 'run_evaluation': False}
2025-05-14 16:38:46,013 - INFO - Using device: cuda
2025-05-14 16:38:46,013 - INFO - Loading CholecT50 data...
2025-05-14 16:38:46,013 - INFO - Loading train data from /home/maxboels/datasets/CholecT50 with fold 0
2025-05-14 16:38:46,394 - INFO - [train] Start processing metadata file /home/maxboels/datasets/CholecT50/embeddings_train_set/fold0/embeddings_f0_swin_bas_129_phase_complet_phase_transit_prog_prob_action.csv
2025-05-14 16:38:51,140 - INFO - [train] Added risk scores to embeddings_f0_swin_bas_129_phase_complet_phase_transit_prog_prob_action_risk.csv
2025-05-14 16:38:54,093 - INFO - [train] Added global outcome scores to embeddings_f0_swin_bas_129_phase_complet_phase_transit_prog_prob_action_risk_glob_outcome.csv
2025-05-14 16:38:54,096 - INFO - [train] Found 2 videos in metadata file
2025-05-14 16:38:54,096 - INFO - [train] Loading data for 2 videos
2025-05-14 16:38:54,233 - INFO - Loading test data from /home/maxboels/datasets/CholecT50 with fold 0
2025-05-14 16:38:54,306 - INFO - [test] Start processing metadata file /home/maxboels/datasets/CholecT50/embeddings_test_set/fold0/embeddings_f0_swin_bas_129_phase_complet_phase_transit_prog_prob_action.csv
2025-05-14 16:38:55,322 - INFO - [test] Added risk scores to embeddings_f0_swin_bas_129_phase_complet_phase_transit_prog_prob_action_risk.csv
2025-05-14 16:38:55,731 - INFO - [test] Added global outcome scores to embeddings_f0_swin_bas_129_phase_complet_phase_transit_prog_prob_action_risk_glob_outcome.csv
2025-05-14 16:38:55,732 - INFO - [test] Found 2 videos in metadata file
2025-05-14 16:38:55,732 - INFO - [test] Loading data for 2 videos
2025-05-14 16:38:57,165 - INFO - 
[WORLD MODEL] Running inference...
2025-05-14 16:38:57,165 - INFO - [WORLD MODEL] Using best model from pre existing path: logs/2025-05-08_14-14-22/checkpoints/world_model_best_epoch_2.pt
2025-05-14 16:38:57,871 - INFO - Running evaluation in 'full' mode, saving to results/eval_full_20250514_163857
2025-05-14 16:38:57,872 - INFO - [EVAL] Evaluating world model on 2 test videos
2025-05-14 16:38:57,872 - INFO - [EVAL] Video IDs: ['VID02', 'VID06']
