2025-06-04 12:50:44,726 - INFO - SuRL_123804776639200 - Shared experiment log directory: logs/2025-06-04_12-50
2025-06-04 12:50:44,726 - INFO - SuRL_123804776639200 - 🚀 SURGICAL RL COMPARISON INITIALIZED
2025-06-04 12:50:44,726 - INFO - SuRL_123804776639200 - Method 1: Imitation Learning (Baseline)
2025-06-04 12:50:44,726 - INFO - SuRL_123804776639200 - Method 2: RL with World Model Simulation
2025-06-04 12:50:44,726 - INFO - SuRL_123804776639200 - Method 3: RL with Offline Video Episodes
2025-06-04 12:50:44,726 - INFO - SuRL_123804776639200 - Device: cuda
2025-06-04 12:50:44,726 - INFO - SuRL_123804776639200 - Results will be saved to: logs/2025-06-04_12-50/results
2025-06-04 12:50:44,726 - INFO - SuRL_123804776639200 - ============================================================
2025-06-04 12:50:44,726 - INFO - SuRL_123804776639200 - STEP 1: LOADING DATASET
2025-06-04 12:50:44,726 - INFO - SuRL_123804776639200 - ============================================================
2025-06-04 12:50:44,726 - INFO - SuRL_123804776639200 - Loading train data from /home/maxboels/datasets/CholecT50 with fold 0
2025-06-04 12:50:45,183 - INFO - SuRL_123804776639200 - [Train] Start processing metadata file /home/maxboels/datasets/CholecT50/embeddings_train_set/fold0/embeddings_f0_swin_bas_129_phase_complet_phase_transit_prog_prob_action_risk_glob_outcome.csv
2025-06-04 12:50:45,184 - INFO - SuRL_123804776639200 - [Train] Rewards extraction skipped, using metadata file /home/maxboels/datasets/CholecT50/embeddings_train_set/fold0/embeddings_f0_swin_bas_129_phase_complet_phase_transit_prog_prob_action_risk_glob_outcome.csv
2025-06-04 12:50:45,185 - INFO - SuRL_123804776639200 - [Train] Found 2 videos in metadata file
2025-06-04 12:50:45,185 - INFO - SuRL_123804776639200 - [Train] Loading data for 2 videos
2025-06-04 12:50:45,331 - INFO - SuRL_123804776639200 - Loading test data from /home/maxboels/datasets/CholecT50 with fold 0
2025-06-04 12:50:45,443 - INFO - SuRL_123804776639200 - [Test] Start processing metadata file /home/maxboels/datasets/CholecT50/embeddings_test_set/fold0/embeddings_f0_swin_bas_129_phase_complet_phase_transit_prog_prob_action_risk_glob_outcome.csv
2025-06-04 12:50:45,443 - INFO - SuRL_123804776639200 - [Test] Rewards extraction skipped, using metadata file /home/maxboels/datasets/CholecT50/embeddings_test_set/fold0/embeddings_f0_swin_bas_129_phase_complet_phase_transit_prog_prob_action_risk_glob_outcome.csv
2025-06-04 12:50:45,444 - INFO - SuRL_123804776639200 - [Test] Found 1 videos in metadata file
2025-06-04 12:50:45,444 - INFO - SuRL_123804776639200 - [Test] Loading data for 1 videos
2025-06-04 12:50:45,552 - INFO - SuRL_123804776639200 - ✅ Loaded 2 training videos and 1 test videos
2025-06-04 12:50:45,552 - INFO - SuRL_123804776639200 - ============================================================
2025-06-04 12:50:45,552 - INFO - SuRL_123804776639200 - STEP 2: METHOD 1 - IMITATION LEARNING BASELINE
2025-06-04 12:50:45,552 - INFO - SuRL_123804776639200 - ============================================================
2025-06-04 12:50:45,552 - INFO - SuRL_123804776639200 - 🎓 Training Imitation Learning Baseline...
2025-06-04 12:50:45,552 - INFO - SuRL_123804776639200 - 📋 Approach: Supervised learning on expert demonstrations
2025-06-04 12:50:47,324 - INFO - SuRL_123804776639200 - Starting the Imitation Learning training for autoregressive action prediction
2025-06-04 12:50:47,712 - INFO - SuRL_123804776639200 - Batch 0/204 | Loss: 3.3123
2025-06-04 12:50:52,109 - INFO - SuRL_123804776639200 - Batch 100/204 | Loss: 0.5414
2025-06-04 12:50:56,524 - INFO - SuRL_123804776639200 - Batch 200/204 | Loss: 0.3646
2025-06-04 12:51:53,695 - INFO - SuRL_123804776639200 - New best model saved: logs/2025-06-04_12-50/checkpoints/supervised_best_epoch_1.pt
2025-06-04 12:51:53,695 - INFO - SuRL_123804776639200 - Epoch 1/1 | Train Loss: 0.7761 | Val Loss: 0.4113 | Val Action Acc: 0.0000
2025-06-04 12:51:54,147 - INFO - SuRL_123804776639200 - Training plots saved to logs/2025-06-04_12-50
2025-06-04 12:51:54,256 - INFO - SuRL_123804776639200 - Training completed. Best model: logs/2025-06-04_12-50/checkpoints/supervised_best_epoch_1.pt
2025-06-04 12:51:54,256 - INFO - SuRL_123804776639200 - Final model: logs/2025-06-04_12-50/checkpoints/final_model.pt
2025-06-04 12:51:57,254 - INFO - SuRL_123804776639200 - ✅ Method 1 (IL) completed successfully
2025-06-04 12:51:57,254 - INFO - SuRL_123804776639200 - 📊 IL mAP: 0.2378
2025-06-04 12:51:57,321 - INFO - SuRL_123804776639200 - ============================================================
2025-06-04 12:51:57,321 - INFO - SuRL_123804776639200 - STEP 3: METHOD 2 - RL WITH WORLD MODEL SIMULATION
2025-06-04 12:51:57,321 - INFO - SuRL_123804776639200 - ============================================================
2025-06-04 12:51:57,321 - INFO - SuRL_123804776639200 - 🌍 Training RL with World Model Simulation...
2025-06-04 12:51:57,321 - INFO - SuRL_123804776639200 - 📋 Approach: World model as RL environment simulator
2025-06-04 12:51:57,890 - INFO - SuRL_123804776639200 - ✅ Using world model from Method 1: logs/2025-06-04_12-50/checkpoints/supervised_best_epoch_1.pt
2025-06-04 12:51:57,890 - INFO - SuRL_123804776639200 - 🤖 Training PPO with world model simulation...
2025-06-04 12:52:11,615 - INFO - SuRL_123804776639200 - 🤖 Training A2C with world model simulation...
2025-06-04 12:52:20,002 - INFO - SuRL_123804776639200 - ✅ Method 2 (RL + World Model) completed successfully
2025-06-04 12:52:20,002 - INFO - SuRL_123804776639200 - 📊 Successful RL models: ['ppo', 'a2c']
2025-06-04 12:52:20,002 - INFO - SuRL_123804776639200 - ============================================================
2025-06-04 12:52:20,002 - INFO - SuRL_123804776639200 - STEP 4: METHOD 3 - RL WITH OFFLINE VIDEO EPISODES
2025-06-04 12:52:20,002 - INFO - SuRL_123804776639200 - ============================================================
2025-06-04 12:52:20,002 - INFO - SuRL_123804776639200 - 📹 Training RL with Offline Video Episodes...
2025-06-04 12:52:20,002 - INFO - SuRL_123804776639200 - 📋 Approach: Direct RL on video sequences (no world model)
2025-06-04 12:52:20,002 - INFO - SuRL_123804776639200 - 🧪 Testing Direct Video Environment...
2025-06-04 12:52:20,004 - INFO - SuRL_123804776639200 - 🚀 Training RL algorithms on direct video sequences for 10000 timesteps...
2025-06-04 12:52:35,918 - INFO - SuRL_123804776639200 - ✅ ppo Direct Video evaluation completed
2025-06-04 12:52:35,919 - INFO - SuRL_123804776639200 - ✅ a2c Direct Video evaluation completed
2025-06-04 12:52:35,919 - INFO - SuRL_123804776639200 - ✅ Method 3 (RL + Offline Videos) completed successfully
2025-06-04 12:52:35,919 - INFO - SuRL_123804776639200 - 📊 Successful Direct Video RL models: ['ppo', 'a2c']
2025-06-04 12:52:35,919 - INFO - SuRL_123804776639200 - ============================================================
2025-06-04 12:52:35,919 - INFO - SuRL_123804776639200 - STEP 5: COMPREHENSIVE EVALUATION AND COMPARISON
2025-06-04 12:52:35,919 - INFO - SuRL_123804776639200 - ============================================================
2025-06-04 12:52:35,919 - INFO - SuRL_123804776639200 - 📊 Running Integrated Evaluation with Rollout Saving...
2025-06-04 12:52:36,089 - INFO - SuRL_123804776639200 - 🔬 Integrated Evaluation Framework initialized
2025-06-04 12:52:36,089 - INFO - SuRL_123804776639200 - 📁 Results will be saved to: logs/2025-06-04_12-50/results/integrated_evaluation
2025-06-04 12:52:36,723 - INFO - SuRL_123804776639200 - ✅ IL model loaded for evaluation
2025-06-04 12:52:36,733 - INFO - SuRL_123804776639200 - ✅ RL+WorldModel PPO loaded
2025-06-04 12:52:36,741 - INFO - SuRL_123804776639200 - ✅ RL+WorldModel A2C loaded
2025-06-04 12:52:36,753 - INFO - SuRL_123804776639200 - ✅ RL+OfflineVideos PPO loaded
2025-06-04 12:52:36,764 - INFO - SuRL_123804776639200 - ✅ RL+OfflineVideos A2C loaded
2025-06-04 12:52:36,764 - INFO - SuRL_123804776639200 - 📊 Loaded 5 models for integrated evaluation
2025-06-04 12:52:36,764 - INFO - SuRL_123804776639200 - 🎯 Running Integrated Evaluation with Rollout Saving
2025-06-04 12:52:36,764 - INFO - SuRL_123804776639200 - 📊 Evaluating 5 models on 1 videos
2025-06-04 12:52:36,764 - INFO - SuRL_123804776639200 - ⏱️ Prediction horizon: 15 timesteps
2025-06-04 12:52:36,764 - INFO - SuRL_123804776639200 - ============================================================
2025-06-04 12:52:36,764 - INFO - SuRL_123804776639200 - 📹 Video 1/1
2025-06-04 12:52:36,764 - INFO - SuRL_123804776639200 - 📹 Evaluating VID02 with rollouts (horizon: 15)
2025-06-04 12:52:36,764 - INFO - SuRL_123804776639200 -   🤖 Evaluating IL_Baseline with rollouts
2025-06-04 12:52:36,972 - INFO - SuRL_123804776639200 -     📊 Final mAP: 1.000
2025-06-04 12:52:36,972 - INFO - SuRL_123804776639200 -   🤖 Evaluating RL_WorldModel_PPO with rollouts
2025-06-04 12:52:37,021 - INFO - SuRL_123804776639200 -     📊 Final mAP: 1.000
2025-06-04 12:52:37,021 - INFO - SuRL_123804776639200 -   🤖 Evaluating RL_WorldModel_A2C with rollouts
2025-06-04 12:52:37,063 - INFO - SuRL_123804776639200 -     📊 Final mAP: 1.000
2025-06-04 12:52:37,063 - INFO - SuRL_123804776639200 -   🤖 Evaluating RL_OfflineVideos_PPO with rollouts
2025-06-04 12:52:37,106 - INFO - SuRL_123804776639200 -     📊 Final mAP: 0.990
2025-06-04 12:52:37,106 - INFO - SuRL_123804776639200 -   🤖 Evaluating RL_OfflineVideos_A2C with rollouts
2025-06-04 12:52:37,149 - INFO - SuRL_123804776639200 -     📊 Final mAP: 1.000
2025-06-04 12:52:37,169 - INFO - SuRL_123804776639200 - 📊 Visualization data saved to: logs/2025-06-04_12-50/results/integrated_evaluation/visualization_data.json
2025-06-04 12:52:37,170 - INFO - SuRL_123804776639200 - 💾 Saving integrated evaluation results...
2025-06-04 12:52:37,400 - INFO - SuRL_123804776639200 - 📊 Integrated results saved to: logs/2025-06-04_12-50/results/integrated_evaluation
2025-06-04 12:52:37,400 - INFO - SuRL_123804776639200 - 🎉 INTEGRATED EVALUATION COMPLETED!
2025-06-04 12:52:37,400 - INFO - SuRL_123804776639200 - ==================================================
2025-06-04 12:52:37,401 - INFO - SuRL_123804776639200 - 📊 Key Features:
2025-06-04 12:52:37,401 - INFO - SuRL_123804776639200 -   ✅ Unified mAP metrics for all methods
2025-06-04 12:52:37,401 - INFO - SuRL_123804776639200 -   ✅ Detailed rollout saving at every timestep
2025-06-04 12:52:37,401 - INFO - SuRL_123804776639200 -   ✅ Planning horizon visualization data
2025-06-04 12:52:37,401 - INFO - SuRL_123804776639200 -   ✅ Thinking process capture
2025-06-04 12:52:37,401 - INFO - SuRL_123804776639200 -   ✅ Statistical significance testing
2025-06-04 12:52:37,401 - INFO - SuRL_123804776639200 -   ✅ Visualization-ready data export
2025-06-04 12:52:37,401 - INFO - SuRL_123804776639200 - ✅ Integrated evaluation completed successfully!
2025-06-04 12:52:37,401 - INFO - SuRL_123804776639200 - 
📊 METHOD COMPARISON (Unified mAP Metrics)
2025-06-04 12:52:37,402 - INFO - SuRL_123804776639200 - ============================================================
2025-06-04 12:52:37,402 - INFO - SuRL_123804776639200 - 1. RL WorldModel A2C:
2025-06-04 12:52:37,402 - INFO - SuRL_123804776639200 -    📈 mAP: 1.0000 ± 0.0000
2025-06-04 12:52:37,402 - INFO - SuRL_123804776639200 -    📉 Degradation: 0.0000
2025-06-04 12:52:37,402 - INFO - SuRL_123804776639200 -    🎯 Stability: -0.0000
2025-06-04 12:52:37,402 - INFO - SuRL_123804776639200 - 
2025-06-04 12:52:37,402 - INFO - SuRL_123804776639200 - 2. RL OfflineVideos A2C:
2025-06-04 12:52:37,402 - INFO - SuRL_123804776639200 -    📈 mAP: 1.0000 ± 0.0000
2025-06-04 12:52:37,402 - INFO - SuRL_123804776639200 -    📉 Degradation: 0.0000
2025-06-04 12:52:37,402 - INFO - SuRL_123804776639200 -    🎯 Stability: -0.0000
2025-06-04 12:52:37,402 - INFO - SuRL_123804776639200 - 
2025-06-04 12:52:37,402 - INFO - SuRL_123804776639200 - 3. RL WorldModel PPO:
2025-06-04 12:52:37,402 - INFO - SuRL_123804776639200 -    📈 mAP: 1.0000 ± 0.0000
2025-06-04 12:52:37,402 - INFO - SuRL_123804776639200 -    📉 Degradation: 0.0000
2025-06-04 12:52:37,402 - INFO - SuRL_123804776639200 -    🎯 Stability: -0.0000
2025-06-04 12:52:37,402 - INFO - SuRL_123804776639200 - 
2025-06-04 12:52:37,402 - INFO - SuRL_123804776639200 - 4. IL Baseline:
2025-06-04 12:52:37,402 - INFO - SuRL_123804776639200 -    📈 mAP: 1.0000 ± 0.0000
2025-06-04 12:52:37,402 - INFO - SuRL_123804776639200 -    📉 Degradation: 0.0000
2025-06-04 12:52:37,402 - INFO - SuRL_123804776639200 -    🎯 Stability: -0.0000
2025-06-04 12:52:37,402 - INFO - SuRL_123804776639200 - 
2025-06-04 12:52:37,402 - INFO - SuRL_123804776639200 - 5. RL OfflineVideos PPO:
2025-06-04 12:52:37,402 - INFO - SuRL_123804776639200 -    📈 mAP: 0.9900 ± 0.0000
2025-06-04 12:52:37,402 - INFO - SuRL_123804776639200 -    📉 Degradation: 0.0100
2025-06-04 12:52:37,402 - INFO - SuRL_123804776639200 -    🎯 Stability: -0.0100
2025-06-04 12:52:37,402 - INFO - SuRL_123804776639200 - 
2025-06-04 12:52:37,402 - INFO - SuRL_123804776639200 - 🔬 STATISTICAL SIGNIFICANCE TESTS
2025-06-04 12:52:37,402 - INFO - SuRL_123804776639200 - ========================================
2025-06-04 12:52:37,402 - INFO - SuRL_123804776639200 - No statistically significant differences found
2025-06-04 12:52:37,402 - INFO - SuRL_123804776639200 - ============================================================
2025-06-04 12:52:37,402 - INFO - SuRL_123804776639200 - STEP 6: GENERATING RESEARCH PAPER RESULTS
2025-06-04 12:52:37,402 - INFO - SuRL_123804776639200 - ============================================================
2025-06-04 12:52:37,402 - INFO - SuRL_123804776639200 - 📝 Generating enhanced research paper results...
2025-06-04 12:52:37,402 - INFO - SuRL_123804776639200 - 📄 Integrated experiment summary saved to: logs/2025-06-04_12-50/results/integrated_experiment_summary.md
2025-06-04 12:52:37,402 - INFO - SuRL_123804776639200 - 📄 Integrated paper results saved to: logs/2025-06-04_12-50/results/integrated_paper_results.json
2025-06-04 12:52:37,612 - INFO - SuRL_123804776639200 - 💾 Complete results saved to: logs/2025-06-04_12-50/results/complete_results.json
2025-06-04 12:52:37,612 - INFO - SuRL_123804776639200 - 📁 All results available in: logs/2025-06-04_12-50/results
2025-06-04 12:52:37,613 - INFO - SuRL_123804776639200 - ✅ SURGICAL RL COMPARISON COMPLETED SUCCESSFULLY!
