2025-06-17 21:07:42,316 - INFO - FixedBC_128442102934768 - Shared experiment log directory: fixed_behavioral_cloning_2025-06-17_21-07-42/logs
2025-06-17 21:07:42,316 - INFO - FixedBC_128442102934768 - 🎓 FIXED BEHAVIORAL CLONING WARM-START + SPARSE ACTION RL
2025-06-17 21:07:42,316 - INFO - FixedBC_128442102934768 - ============================================================
2025-06-17 21:07:42,316 - INFO - FixedBC_128442102934768 - Goal: Fix overfitting and optimize for sparse actions (0-3 out of 100)
2025-06-17 21:07:42,316 - INFO - FixedBC_128442102934768 - Key insight: Most predictions should be near zero for this domain!
2025-06-17 21:07:42,316 - INFO - FixedBC_128442102934768 - 📂 Loading data...
2025-06-17 21:07:42,316 - INFO - FixedBC_128442102934768 - Loading train data from /home/maxboels/datasets/CholecT50 with fold 0
2025-06-17 21:07:42,716 - INFO - FixedBC_128442102934768 - ✅ Loaded metadata: /home/maxboels/datasets/CholecT50/embeddings_train_set/fold0/embeddings_f0_swin_bas_129_phase_complet_phase_transit_prog_prob_action_risk_glob_outcome.csv - Shape: (78968, 156)
2025-06-17 21:07:42,716 - INFO - FixedBC_128442102934768 - [Train] Start processing metadata file /home/maxboels/datasets/CholecT50/embeddings_train_set/fold0/embeddings_f0_swin_bas_129_phase_complet_phase_transit_prog_prob_action_risk_glob_outcome.csv
2025-06-17 21:07:42,716 - INFO - FixedBC_128442102934768 - [Train] Rewards extraction skipped, using metadata file /home/maxboels/datasets/CholecT50/embeddings_train_set/fold0/embeddings_f0_swin_bas_129_phase_complet_phase_transit_prog_prob_action_risk_glob_outcome.csv
2025-06-17 21:07:42,719 - INFO - FixedBC_128442102934768 - [Train] Found 15 videos in metadata file
2025-06-17 21:07:42,719 - INFO - FixedBC_128442102934768 - [Train] Loading data for 15 videos
2025-06-17 21:07:42,800 - INFO - FixedBC_128442102934768 - ✅ Loaded video VID01: 1734 frames, 1024-dims embeddings
2025-06-17 21:07:42,864 - INFO - FixedBC_128442102934768 - ✅ Loaded video VID04: 1523 frames, 1024-dims embeddings
2025-06-17 21:07:42,961 - INFO - FixedBC_128442102934768 - ✅ Loaded video VID05: 2345 frames, 1024-dims embeddings
2025-06-17 21:07:43,168 - INFO - FixedBC_128442102934768 - ✅ Loaded video VID08: 1520 frames, 1024-dims embeddings
2025-06-17 21:07:43,240 - INFO - FixedBC_128442102934768 - ✅ Loaded video VID10: 1750 frames, 1024-dims embeddings
2025-06-17 21:07:43,332 - INFO - FixedBC_128442102934768 - ✅ Loaded video VID103: 2220 frames, 1024-dims embeddings
2025-06-17 21:07:43,422 - INFO - FixedBC_128442102934768 - ✅ Loaded video VID110: 2177 frames, 1024-dims embeddings
2025-06-17 21:07:43,470 - INFO - FixedBC_128442102934768 - ✅ Loaded video VID12: 1091 frames, 1024-dims embeddings
2025-06-17 21:07:43,514 - INFO - FixedBC_128442102934768 - ✅ Loaded video VID13: 982 frames, 1024-dims embeddings
2025-06-17 21:07:43,600 - INFO - FixedBC_128442102934768 - ✅ Loaded video VID15: 2059 frames, 1024-dims embeddings
2025-06-17 21:07:43,683 - INFO - FixedBC_128442102934768 - ✅ Loaded video VID18: 1943 frames, 1024-dims embeddings
2025-06-17 21:07:43,749 - INFO - FixedBC_128442102934768 - ✅ Loaded video VID22: 1533 frames, 1024-dims embeddings
2025-06-17 21:07:43,826 - INFO - FixedBC_128442102934768 - ✅ Loaded video VID26: 1774 frames, 1024-dims embeddings
2025-06-17 21:07:43,916 - INFO - FixedBC_128442102934768 - ✅ Loaded video VID27: 2085 frames, 1024-dims embeddings
2025-06-17 21:07:44,016 - INFO - FixedBC_128442102934768 - ✅ Loaded video VID29: 2351 frames, 1024-dims embeddings
2025-06-17 21:07:44,017 - INFO - FixedBC_128442102934768 - 📂 Loaded 15 videos from train split
2025-06-17 21:07:44,017 - INFO - FixedBC_128442102934768 - Loading test data from /home/maxboels/datasets/CholecT50 with fold 0
2025-06-17 21:07:44,109 - INFO - FixedBC_128442102934768 - ✅ Loaded metadata: /home/maxboels/datasets/CholecT50/embeddings_test_set/fold0/embeddings_f0_swin_bas_129_phase_complet_phase_transit_prog_prob_action_risk_glob_outcome.csv - Shape: (21895, 156)
2025-06-17 21:07:44,109 - INFO - FixedBC_128442102934768 - [Test] Start processing metadata file /home/maxboels/datasets/CholecT50/embeddings_test_set/fold0/embeddings_f0_swin_bas_129_phase_complet_phase_transit_prog_prob_action_risk_glob_outcome.csv
2025-06-17 21:07:44,109 - INFO - FixedBC_128442102934768 - [Test] Rewards extraction skipped, using metadata file /home/maxboels/datasets/CholecT50/embeddings_test_set/fold0/embeddings_f0_swin_bas_129_phase_complet_phase_transit_prog_prob_action_risk_glob_outcome.csv
2025-06-17 21:07:44,110 - INFO - FixedBC_128442102934768 - [Test] Found 10 videos in metadata file
2025-06-17 21:07:44,110 - INFO - FixedBC_128442102934768 - [Test] Loading data for 10 videos
2025-06-17 21:07:44,228 - INFO - FixedBC_128442102934768 - ✅ Loaded video VID02: 2840 frames, 1024-dims embeddings
2025-06-17 21:07:44,316 - INFO - FixedBC_128442102934768 - ✅ Loaded video VID06: 2154 frames, 1024-dims embeddings
2025-06-17 21:07:44,402 - INFO - FixedBC_128442102934768 - ✅ Loaded video VID111: 2146 frames, 1024-dims embeddings
2025-06-17 21:07:44,471 - INFO - FixedBC_128442102934768 - ✅ Loaded video VID14: 1709 frames, 1024-dims embeddings
2025-06-17 21:07:44,538 - INFO - FixedBC_128442102934768 - ✅ Loaded video VID23: 1636 frames, 1024-dims embeddings
2025-06-17 21:07:44,627 - INFO - FixedBC_128442102934768 - ✅ Loaded video VID25: 2130 frames, 1024-dims embeddings
2025-06-17 21:07:44,673 - INFO - FixedBC_128442102934768 - ✅ Loaded video VID50: 1095 frames, 1024-dims embeddings
2025-06-17 21:07:44,797 - INFO - FixedBC_128442102934768 - ✅ Loaded video VID51: 2945 frames, 1024-dims embeddings
2025-06-17 21:07:44,872 - INFO - FixedBC_128442102934768 - ✅ Loaded video VID66: 1825 frames, 1024-dims embeddings
2025-06-17 21:07:45,013 - INFO - FixedBC_128442102934768 - ✅ Loaded video VID79: 3415 frames, 1024-dims embeddings
2025-06-17 21:07:45,013 - INFO - FixedBC_128442102934768 - 📂 Loaded 10 videos from test split
2025-06-17 21:07:45,013 - INFO - FixedBC_128442102934768 - 📂 Loading trained models...
2025-06-17 21:07:46,735 - INFO - FixedBC_128442102934768 - ✅ World model loaded successfully
2025-06-17 21:07:46,735 - INFO - FixedBC_128442102934768 - 🔧 Step 1: Creating supervised-to-RL adapter...
2025-06-17 21:07:47,209 - INFO - FixedBC_128442102934768 - ✅ Loaded supervised model for behavioral cloning
2025-06-17 21:07:47,209 - INFO - FixedBC_128442102934768 -    Original performance: 48.3% mAP
2025-06-17 21:07:47,209 - INFO - FixedBC_128442102934768 -    Model handles sparse actions (0-3 out of 100)
2025-06-17 21:07:47,209 - INFO - FixedBC_128442102934768 - 🎯 Step 2: Creating sparse action environment...
2025-06-17 21:07:47,210 - INFO - FixedBC_128442102934768 - 🎯 Sparse Action Environment initialized
2025-06-17 21:07:47,210 - INFO - FixedBC_128442102934768 -    Optimized for 0-3 actions out of 100
2025-06-17 21:07:47,210 - INFO - FixedBC_128442102934768 -    Reward weights: {'sparse_expert_matching': 100.0, 'sparsity_reward': 20.0, 'false_positive_penalty': 30.0, 'completion_bonus': 5.0}
2025-06-17 21:07:47,210 - INFO - FixedBC_128442102934768 - 🎓 Step 3: Creating calibrated RL policy...
2025-06-17 21:07:47,210 - INFO - FixedBC_128442102934768 - 🔧 Creating calibrated RL policy from supervised model...
2025-06-17 21:07:47,226 - INFO - FixedBC_128442102934768 - 🎓 Step 4: Behavioral cloning pre-training...
2025-06-17 21:07:47,226 - INFO - FixedBC_128442102934768 - 🎓 Pre-training RL policy with behavioral cloning...
2025-06-17 21:07:47,226 - INFO - FixedBC_128442102934768 -    Handling sparse action space (0-3 actions out of 100)
2025-06-17 21:07:51,696 - INFO - FixedBC_128442102934768 - ✅ Collected 100 behavioral cloning samples
2025-06-17 21:07:51,697 - INFO - FixedBC_128442102934768 -    Average active actions per frame: 1.2
2025-06-17 21:07:51,697 - INFO - FixedBC_128442102934768 -    Action sparsity: 98.8%
