2025-05-28 16:46:12,927 - INFO - Log file: logs/2025-05-28_16-46-12/il_vs_rl_comparison.log
2025-05-28 16:46:12,927 - INFO - 🚀 Starting IL vs RL Comparison Experiment
2025-05-28 16:46:12,927 - INFO - Device: cuda
2025-05-28 16:46:12,927 - INFO - Results will be saved to: logs/2025-05-28_16-46-12/comparison_results
2025-05-28 16:46:12,927 - INFO - 📊 Loading dataset...
2025-05-28 16:46:12,928 - INFO - Loading train data from /home/maxboels/datasets/CholecT50 with fold 0
2025-05-28 16:46:13,320 - INFO - [Train] Start processing metadata file /home/maxboels/datasets/CholecT50/embeddings_train_set/fold0/embeddings_f0_swin_bas_129_phase_complet_phase_transit_prog_prob_action_risk_glob_outcome.csv
2025-05-28 16:46:13,320 - INFO - [Train] Rewards extraction skipped, using metadata file /home/maxboels/datasets/CholecT50/embeddings_train_set/fold0/embeddings_f0_swin_bas_129_phase_complet_phase_transit_prog_prob_action_risk_glob_outcome.csv
2025-05-28 16:46:13,322 - INFO - [Train] Found 1 videos in metadata file
2025-05-28 16:46:13,322 - INFO - [Train] Loading data for 1 videos
2025-05-28 16:46:13,396 - INFO - Loading test data from /home/maxboels/datasets/CholecT50 with fold 0
2025-05-28 16:46:13,487 - INFO - [Test] Start processing metadata file /home/maxboels/datasets/CholecT50/embeddings_test_set/fold0/embeddings_f0_swin_bas_129_phase_complet_phase_transit_prog_prob_action_risk_glob_outcome.csv
2025-05-28 16:46:13,487 - INFO - [Test] Rewards extraction skipped, using metadata file /home/maxboels/datasets/CholecT50/embeddings_test_set/fold0/embeddings_f0_swin_bas_129_phase_complet_phase_transit_prog_prob_action_risk_glob_outcome.csv
2025-05-28 16:46:13,488 - INFO - [Test] Found 1 videos in metadata file
2025-05-28 16:46:13,488 - INFO - [Test] Loading data for 1 videos
2025-05-28 16:46:13,592 - INFO - Loaded 1 training videos and 1 test videos
2025-05-28 16:46:13,592 - INFO - 🎓 Training Imitation Learning Model...
2025-05-28 16:46:13,592 - INFO - Training supervised imitation learning model
2025-05-28 16:46:14,957 - INFO - Model parameters: 48,924,145 total, 48,924,145 trainable
2025-05-28 16:46:14,960 - INFO - Starting supervised training for autoregressive action prediction
2025-05-28 16:46:15,358 - INFO - Batch 0/109 | Loss: 3.3153
2025-05-28 16:46:19,813 - INFO - Batch 100/109 | Loss: 0.5771
2025-05-28 16:47:16,212 - INFO - New best model saved: logs/2025-05-28_16-46-12/checkpoints/supervised_best_epoch_1.pt
2025-05-28 16:47:16,212 - INFO - Epoch 1/2 | Train Loss: 1.0436 | Val Loss: 0.5192 | Val Action Acc: 0.0000
2025-05-28 16:47:16,376 - INFO - Batch 0/109 | Loss: 0.5085
2025-05-28 16:47:20,806 - INFO - Batch 100/109 | Loss: 0.3063
2025-05-28 16:48:17,233 - INFO - New best model saved: logs/2025-05-28_16-46-12/checkpoints/supervised_best_epoch_2.pt
2025-05-28 16:48:17,233 - INFO - Epoch 2/2 | Train Loss: 0.3539 | Val Loss: 0.4213 | Val Action Acc: 0.0000
2025-05-28 16:48:17,650 - INFO - Training plots saved to logs/2025-05-28_16-46-12
2025-05-28 16:48:17,757 - INFO - Training completed. Best model: logs/2025-05-28_16-46-12/checkpoints/supervised_best_epoch_2.pt
2025-05-28 16:48:17,757 - INFO - Final model: logs/2025-05-28_16-46-12/checkpoints/final_model.pt
2025-05-28 16:48:17,757 - INFO - ✅ IL training completed. Model saved: logs/2025-05-28_16-46-12/checkpoints/supervised_best_epoch_2.pt
2025-05-28 16:48:17,812 - INFO - 🤖 Training RL Models...
2025-05-28 16:48:18,425 - ERROR - ❌ Comparison experiment failed: name 'SB3Trainer' is not defined
