2025-06-06 19:21:40,764 - INFO - SuRL_134699538564448 - Shared experiment log directory: results/2025-06-06_19-21-40/2025-06-06_19-21
2025-06-06 19:21:40,764 - INFO - SuRL_134699538564448 - 🎯 Experiment: 2025-06-06_19-21-40
2025-06-06 19:21:40,764 - INFO - SuRL_134699538564448 - 📁 Results dir: results/2025-06-06_19-21-40
2025-06-06 19:21:40,764 - INFO - SuRL_134699538564448 - 🚀 Starting Complete Separate Models Comparison
2025-06-06 19:21:40,764 - INFO - SuRL_134699538564448 - ============================================================
2025-06-06 19:21:40,764 - INFO - SuRL_134699538564448 - 📂 Loading CholecT50 data...
2025-06-06 19:21:40,764 - INFO - SuRL_134699538564448 - Loading train data from /home/maxboels/datasets/CholecT50 with fold 0
2025-06-06 19:21:41,163 - INFO - SuRL_134699538564448 - ✅ Loaded metadata: /home/maxboels/datasets/CholecT50/embeddings_train_set/fold0/embeddings_f0_swin_bas_129_phase_complet_phase_transit_prog_prob_action_risk_glob_outcome.csv - Shape: (78968, 156)
2025-06-06 19:21:41,163 - INFO - SuRL_134699538564448 - [Train] Start processing metadata file /home/maxboels/datasets/CholecT50/embeddings_train_set/fold0/embeddings_f0_swin_bas_129_phase_complet_phase_transit_prog_prob_action_risk_glob_outcome.csv
2025-06-06 19:21:41,163 - INFO - SuRL_134699538564448 - [Train] Rewards extraction skipped, using metadata file /home/maxboels/datasets/CholecT50/embeddings_train_set/fold0/embeddings_f0_swin_bas_129_phase_complet_phase_transit_prog_prob_action_risk_glob_outcome.csv
2025-06-06 19:21:41,164 - INFO - SuRL_134699538564448 - [Train] Found 2 videos in metadata file
2025-06-06 19:21:41,164 - INFO - SuRL_134699538564448 - [Train] Loading data for 2 videos
2025-06-06 19:21:41,235 - INFO - SuRL_134699538564448 - ✅ Loaded video VID01: 1734 frames, 1024D embeddings
2025-06-06 19:21:41,297 - INFO - SuRL_134699538564448 - ✅ Loaded video VID04: 1523 frames, 1024D embeddings
2025-06-06 19:21:41,297 - INFO - SuRL_134699538564448 - ✅ Successfully loaded 2 videos for train
2025-06-06 19:21:41,299 - INFO - SuRL_134699538564448 - Loading test data from /home/maxboels/datasets/CholecT50 with fold 0
2025-06-06 19:21:41,374 - INFO - SuRL_134699538564448 - ✅ Loaded metadata: /home/maxboels/datasets/CholecT50/embeddings_test_set/fold0/embeddings_f0_swin_bas_129_phase_complet_phase_transit_prog_prob_action_risk_glob_outcome.csv - Shape: (21895, 156)
2025-06-06 19:21:41,374 - INFO - SuRL_134699538564448 - [Test] Start processing metadata file /home/maxboels/datasets/CholecT50/embeddings_test_set/fold0/embeddings_f0_swin_bas_129_phase_complet_phase_transit_prog_prob_action_risk_glob_outcome.csv
2025-06-06 19:21:41,374 - INFO - SuRL_134699538564448 - [Test] Rewards extraction skipped, using metadata file /home/maxboels/datasets/CholecT50/embeddings_test_set/fold0/embeddings_f0_swin_bas_129_phase_complet_phase_transit_prog_prob_action_risk_glob_outcome.csv
2025-06-06 19:21:41,374 - INFO - SuRL_134699538564448 - [Test] Found 2 videos in metadata file
2025-06-06 19:21:41,374 - INFO - SuRL_134699538564448 - [Test] Loading data for 2 videos
2025-06-06 19:21:41,484 - INFO - SuRL_134699538564448 - ✅ Loaded video VID02: 2840 frames, 1024D embeddings
2025-06-06 19:21:41,699 - INFO - SuRL_134699538564448 - ✅ Loaded video VID06: 2154 frames, 1024D embeddings
2025-06-06 19:21:41,699 - INFO - SuRL_134699538564448 - ✅ Successfully loaded 2 videos for test
2025-06-06 19:21:41,699 - INFO - SuRL_134699538564448 - ✅ Data loaded successfully
2025-06-06 19:21:41,700 - INFO - SuRL_134699538564448 -    Training videos: 2
2025-06-06 19:21:41,700 - INFO - SuRL_134699538564448 -    Test videos: 2
2025-06-06 19:21:41,700 - INFO - SuRL_134699538564448 - 🎓 Running Method 1: Autoregressive IL
2025-06-06 19:21:41,700 - INFO - SuRL_134699538564448 - 🎓 Method 1: Autoregressive IL Training
2025-06-06 19:21:41,700 - INFO - SuRL_134699538564448 - ----------------------------------------
2025-06-06 19:21:42,406 - INFO - SuRL_134699538564448 - 🎓 Autoregressive IL Trainer initialized
2025-06-06 19:21:42,406 - INFO - SuRL_134699538564448 -    Device: cuda
2025-06-06 19:21:42,406 - INFO - SuRL_134699538564448 -    Epochs: 1
2025-06-06 19:21:42,406 - INFO - SuRL_134699538564448 -    Learning rate: 0.0001
2025-06-06 19:21:42,406 - INFO - SuRL_134699538564448 -    Focus: Causal frame generation → action prediction
2025-06-06 19:21:42,406 - INFO - SuRL_134699538564448 - 🎓 Starting Autoregressive IL Training...
2025-06-06 19:21:42,406 - INFO - SuRL_134699538564448 - 🎯 Goal: Learn causal frame generation → action prediction
2025-06-06 19:22:03,734 - INFO - SuRL_134699538564448 - ✅ New best model saved: results/2025-06-06_19-21-40/2025-06-06_19-21/checkpoints/autoregressive_il_best_epoch_1.pt
2025-06-06 19:22:03,734 - INFO - SuRL_134699538564448 - Epoch 1/1 | Train Loss: 0.6869 | Val Loss: 1.3324 | Action mAP: 0.6611 | Frame MSE: 0.4446
2025-06-06 19:22:03,850 - INFO - SuRL_134699538564448 - ✅ Autoregressive IL Training completed!
2025-06-06 19:22:03,851 - INFO - SuRL_134699538564448 - 📄 Best model: results/2025-06-06_19-21-40/2025-06-06_19-21/checkpoints/autoregressive_il_best_epoch_1.pt
2025-06-06 19:22:03,851 - INFO - SuRL_134699538564448 - 📄 Final model: results/2025-06-06_19-21-40/2025-06-06_19-21/checkpoints/autoregressive_il_final.pt
2025-06-06 19:22:03,851 - INFO - SuRL_134699538564448 - 📊 Evaluating Autoregressive IL Model...
2025-06-06 19:22:16,242 - INFO - SuRL_134699538564448 - 📊 Evaluating generation quality...
2025-06-06 19:22:19,906 - INFO - SuRL_134699538564448 - ✅ Evaluation completed
2025-06-06 19:22:19,906 - INFO - SuRL_134699538564448 - 📊 Action mAP: 0.6611
2025-06-06 19:22:19,906 - INFO - SuRL_134699538564448 - 📊 Frame MSE: 0.4446
2025-06-06 19:22:19,906 - INFO - SuRL_134699538564448 - 📊 Exact Match: 0.3278
2025-06-06 19:22:19,936 - INFO - SuRL_134699538564448 - 🌍 Running Method 2: Conditional World Model + RL
2025-06-06 19:22:19,936 - INFO - SuRL_134699538564448 - 🌍 Method 2: Conditional World Model + RL
2025-06-06 19:22:19,936 - INFO - SuRL_134699538564448 - ----------------------------------------
2025-06-06 19:22:21,188 - INFO - SuRL_134699538564448 - ✅ Stored test loaders for evaluation: ['VID02', 'VID06']
2025-06-06 19:22:21,191 - INFO - SuRL_134699538564448 - 🌍 World Model Trainer initialized
2025-06-06 19:22:21,191 - INFO - SuRL_134699538564448 -    Device: cuda
2025-06-06 19:22:21,191 - INFO - SuRL_134699538564448 -    Epochs: 1
2025-06-06 19:22:21,191 - INFO - SuRL_134699538564448 -    Learning rate: 0.0001
2025-06-06 19:22:21,191 - INFO - SuRL_134699538564448 -    Focus: Action-conditioned state-reward prediction
2025-06-06 19:22:21,191 - INFO - SuRL_134699538564448 - 🌍 Training world model...
2025-06-06 19:22:21,191 - INFO - SuRL_134699538564448 - 🌍 Starting World Model Training...
2025-06-06 19:22:21,191 - INFO - SuRL_134699538564448 - 🎯 Goal: Learn action-conditioned state-reward prediction
2025-06-06 19:22:33,397 - INFO - SuRL_134699538564448 - ✅ New best model saved: results/2025-06-06_19-21-40/2025-06-06_19-21/checkpoints/world_model_best_epoch_1.pt
2025-06-06 19:22:33,398 - INFO - SuRL_134699538564448 - Epoch 1/1 | Train Loss: 5.1476 | Val Loss: 2.7881 | State MSE: 0.4866 | Reward MSE: 0.3097
2025-06-06 19:22:33,511 - INFO - SuRL_134699538564448 - ✅ World Model Training completed!
2025-06-06 19:22:33,511 - INFO - SuRL_134699538564448 - 📄 Best model: results/2025-06-06_19-21-40/2025-06-06_19-21/checkpoints/world_model_best_epoch_1.pt
2025-06-06 19:22:33,511 - INFO - SuRL_134699538564448 - 📄 Final model: results/2025-06-06_19-21-40/2025-06-06_19-21/checkpoints/world_model_final.pt
2025-06-06 19:22:33,511 - INFO - SuRL_134699538564448 - 🌍 Evaluating world model...
2025-06-06 19:22:33,511 - INFO - SuRL_134699538564448 - 📊 Evaluating World Model...
2025-06-06 19:22:36,820 - INFO - SuRL_134699538564448 - ✅ Evaluation completed
2025-06-06 19:22:36,820 - INFO - SuRL_134699538564448 - 📊 State Loss: 0.4866
2025-06-06 19:22:36,820 - INFO - SuRL_134699538564448 - 📊 Reward Loss: 0.3097
2025-06-06 19:22:51,272 - INFO - SuRL_134699538564448 - 📹 Running Method 3: Direct Video RL
2025-06-06 19:22:51,273 - INFO - SuRL_134699538564448 - 📹 Method 3: Direct Video RL
2025-06-06 19:22:51,273 - INFO - SuRL_134699538564448 - ----------------------------------------
2025-06-06 19:22:54,149 - INFO - SuRL_134699538564448 - 📊 Running Comprehensive Evaluation
2025-06-06 19:22:54,149 - INFO - SuRL_134699538564448 - 🎯 FIXED INTEGRATED EVALUATION
2025-06-06 19:22:54,149 - INFO - SuRL_134699538564448 - ==================================================
2025-06-06 19:22:54,149 - INFO - SuRL_134699538564448 - 🔧 Fixed Issues:
2025-06-06 19:22:54,149 - INFO - SuRL_134699538564448 -    ✅ Eliminated ground truth future state leakage
2025-06-06 19:22:54,149 - INFO - SuRL_134699538564448 -    ✅ Proper world model usage for Method 2
2025-06-06 19:22:54,149 - INFO - SuRL_134699538564448 -    ✅ Fair single-step comparison as primary evaluation
2025-06-06 19:22:54,150 - INFO - SuRL_134699538564448 -    ✅ Method-specific planning analysis as secondary
2025-06-06 19:22:54,150 - INFO - SuRL_134699538564448 -    ✅ Respects each paradigm's training environment
2025-06-06 19:22:54,150 - INFO - SuRL_134699538564448 -    ✅ Fixed action shape mismatches in planning evaluation
2025-06-06 19:22:54,150 - INFO - SuRL_134699538564448 -    ✅ Fixed world model trainer test loader handling
2025-06-06 19:22:54,150 - INFO - SuRL_134699538564448 - 🔬 Corrected Evaluation Framework initialized
2025-06-06 19:22:54,150 - INFO - SuRL_134699538564448 - 📁 Results will be saved to: results/2025-06-06_19-21-40/corrected_integrated_evaluation
2025-06-06 19:22:54,643 - INFO - SuRL_134699538564448 - ✅ Loaded AutoregressiveIL model
2025-06-06 19:22:54,937 - INFO - SuRL_134699538564448 - ✅ Loaded ConditionalWorldModel (for planning analysis)
2025-06-06 19:22:54,948 - INFO - SuRL_134699538564448 - ✅ Loaded ppo RL policy (trained with world model)
2025-06-06 19:22:54,957 - INFO - SuRL_134699538564448 - ✅ Loaded a2c RL policy (trained with world model)
2025-06-06 19:22:54,970 - INFO - SuRL_134699538564448 - ✅ Loaded ppo RL policy (trained on direct video)
2025-06-06 19:22:54,982 - INFO - SuRL_134699538564448 - ✅ Loaded a2c RL policy (trained on direct video)
2025-06-06 19:22:54,982 - INFO - SuRL_134699538564448 - 📊 Loaded 5 models for comprehensive evaluation
2025-06-06 19:22:54,982 - INFO - SuRL_134699538564448 - 🎯 Evaluation approach:
2025-06-06 19:22:54,982 - INFO - SuRL_134699538564448 -    Primary: Single-step action prediction (fair comparison)
2025-06-06 19:22:54,982 - INFO - SuRL_134699538564448 -    Secondary: Multi-step planning analysis (paradigm-specific)
2025-06-06 19:22:54,982 - INFO - SuRL_134699538564448 - 📊 Loaded models for corrected evaluation:
2025-06-06 19:22:54,982 - INFO - SuRL_134699538564448 -    AutoregressiveIL: supervised_imitation_learning
2025-06-06 19:22:54,982 - INFO - SuRL_134699538564448 -    WorldModelRL_ppo: rl_with_world_model_simulation
2025-06-06 19:22:54,982 - INFO - SuRL_134699538564448 -    WorldModelRL_a2c: rl_with_world_model_simulation
2025-06-06 19:22:54,982 - INFO - SuRL_134699538564448 -    DirectVideoRL_ppo: rl_with_direct_video_episodes
2025-06-06 19:22:54,983 - INFO - SuRL_134699538564448 -    DirectVideoRL_a2c: rl_with_direct_video_episodes
2025-06-06 19:22:54,983 - INFO - SuRL_134699538564448 - 🚀 Running corrected evaluation on 2 videos...
2025-06-06 19:22:54,983 - INFO - SuRL_134699538564448 - 🚀 Starting comprehensive fair evaluation
2025-06-06 19:22:54,983 - INFO - SuRL_134699538564448 - 📊 Models: 5, Videos: 2
2025-06-06 19:22:54,983 - INFO - SuRL_134699538564448 - 🎯 Two-tier evaluation approach:
2025-06-06 19:22:54,983 - INFO - SuRL_134699538564448 -    1️⃣ Primary: Single-step action prediction (fair)
2025-06-06 19:22:54,983 - INFO - SuRL_134699538564448 -    2️⃣ Secondary: Planning capability analysis (paradigm-specific)
2025-06-06 19:22:54,983 - INFO - SuRL_134699538564448 - 📹 Evaluating video: VID02
2025-06-06 19:22:55,882 - INFO - SuRL_134699538564448 - 📹 Comprehensive evaluation: VID02 (2839 frames)
2025-06-06 19:22:55,883 - INFO - SuRL_134699538564448 - 🎯 PRIMARY: Single-step action prediction (fair comparison)
2025-06-06 19:22:55,883 - INFO - SuRL_134699538564448 -   🤖 AutoregressiveIL: Single-step action prediction
2025-06-06 19:23:02,024 - INFO - SuRL_134699538564448 -     📊 Single-step mAP: 0.7168
2025-06-06 19:23:02,025 - INFO - SuRL_134699538564448 -   🤖 WorldModelRL_ppo: Single-step action prediction
2025-06-06 19:23:02,878 - INFO - SuRL_134699538564448 -     📊 Single-step mAP: 0.6799
2025-06-06 19:23:02,878 - INFO - SuRL_134699538564448 -   🤖 WorldModelRL_a2c: Single-step action prediction
2025-06-06 19:23:03,700 - INFO - SuRL_134699538564448 -     📊 Single-step mAP: 0.6805
2025-06-06 19:23:03,701 - INFO - SuRL_134699538564448 -   🤖 DirectVideoRL_ppo: Single-step action prediction
2025-06-06 19:23:04,555 - INFO - SuRL_134699538564448 -     📊 Single-step mAP: 0.6799
2025-06-06 19:23:04,555 - INFO - SuRL_134699538564448 -   🤖 DirectVideoRL_a2c: Single-step action prediction
2025-06-06 19:23:05,406 - INFO - SuRL_134699538564448 -     📊 Single-step mAP: 0.6825
2025-06-06 19:23:05,406 - INFO - SuRL_134699538564448 - 🚀 SECONDARY: Planning capability analysis
2025-06-06 19:23:05,406 - INFO - SuRL_134699538564448 -   🧠 AutoregressiveIL: Planning capability analysis
2025-06-06 19:23:05,624 - INFO - SuRL_134699538564448 -     📊 Planning stability: 0.9986
2025-06-06 19:23:05,624 - INFO - SuRL_134699538564448 -   🧠 WorldModelRL_ppo: Planning capability analysis
2025-06-06 19:23:05,872 - INFO - SuRL_134699538564448 -     📊 Planning stability: 0.9999
2025-06-06 19:23:05,872 - INFO - SuRL_134699538564448 -   🧠 WorldModelRL_a2c: Planning capability analysis
2025-06-06 19:23:06,112 - INFO - SuRL_134699538564448 -     📊 Planning stability: 1.0000
2025-06-06 19:23:06,112 - INFO - SuRL_134699538564448 -   🧠 DirectVideoRL_ppo: Planning capability analysis
2025-06-06 19:23:06,139 - INFO - SuRL_134699538564448 -     📊 Planning stability: 1.0000
2025-06-06 19:23:06,139 - INFO - SuRL_134699538564448 -   🧠 DirectVideoRL_a2c: Planning capability analysis
2025-06-06 19:23:06,166 - INFO - SuRL_134699538564448 -     📊 Planning stability: 1.0000
2025-06-06 19:23:06,166 - INFO - SuRL_134699538564448 -   AutoregressiveIL: Single-step mAP = 0.7168
2025-06-06 19:23:06,166 - INFO - SuRL_134699538564448 -   WorldModelRL_ppo: Single-step mAP = 0.6799
2025-06-06 19:23:06,166 - INFO - SuRL_134699538564448 -   WorldModelRL_a2c: Single-step mAP = 0.6805
2025-06-06 19:23:06,166 - INFO - SuRL_134699538564448 -   DirectVideoRL_ppo: Single-step mAP = 0.6799
2025-06-06 19:23:06,167 - INFO - SuRL_134699538564448 -   DirectVideoRL_a2c: Single-step mAP = 0.6825
2025-06-06 19:23:06,167 - INFO - SuRL_134699538564448 - 📹 Evaluating video: VID06
2025-06-06 19:23:06,757 - INFO - SuRL_134699538564448 - 📹 Comprehensive evaluation: VID06 (2153 frames)
2025-06-06 19:23:06,757 - INFO - SuRL_134699538564448 - 🎯 PRIMARY: Single-step action prediction (fair comparison)
2025-06-06 19:23:06,757 - INFO - SuRL_134699538564448 -   🤖 AutoregressiveIL: Single-step action prediction
2025-06-06 19:23:11,381 - INFO - SuRL_134699538564448 -     📊 Single-step mAP: 0.7568
2025-06-06 19:23:11,381 - INFO - SuRL_134699538564448 -   🤖 WorldModelRL_ppo: Single-step action prediction
2025-06-06 19:23:12,012 - INFO - SuRL_134699538564448 -     📊 Single-step mAP: 0.7239
2025-06-06 19:23:12,012 - INFO - SuRL_134699538564448 -   🤖 WorldModelRL_a2c: Single-step action prediction
2025-06-06 19:23:12,642 - INFO - SuRL_134699538564448 -     📊 Single-step mAP: 0.7220
2025-06-06 19:23:12,643 - INFO - SuRL_134699538564448 -   🤖 DirectVideoRL_ppo: Single-step action prediction
2025-06-06 19:23:13,284 - INFO - SuRL_134699538564448 -     📊 Single-step mAP: 0.7309
2025-06-06 19:23:13,285 - INFO - SuRL_134699538564448 -   🤖 DirectVideoRL_a2c: Single-step action prediction
2025-06-06 19:23:13,929 - INFO - SuRL_134699538564448 -     📊 Single-step mAP: 0.7288
2025-06-06 19:23:13,930 - INFO - SuRL_134699538564448 - 🚀 SECONDARY: Planning capability analysis
2025-06-06 19:23:13,930 - INFO - SuRL_134699538564448 -   🧠 AutoregressiveIL: Planning capability analysis
2025-06-06 19:23:14,152 - INFO - SuRL_134699538564448 -     📊 Planning stability: 0.9977
2025-06-06 19:23:14,153 - INFO - SuRL_134699538564448 -   🧠 WorldModelRL_ppo: Planning capability analysis
2025-06-06 19:23:14,406 - INFO - SuRL_134699538564448 -     📊 Planning stability: 0.9999
2025-06-06 19:23:14,406 - INFO - SuRL_134699538564448 -   🧠 WorldModelRL_a2c: Planning capability analysis
2025-06-06 19:23:14,656 - INFO - SuRL_134699538564448 -     📊 Planning stability: 1.0000
2025-06-06 19:23:14,656 - INFO - SuRL_134699538564448 -   🧠 DirectVideoRL_ppo: Planning capability analysis
2025-06-06 19:23:14,692 - INFO - SuRL_134699538564448 -     📊 Planning stability: 1.0000
2025-06-06 19:23:14,692 - INFO - SuRL_134699538564448 -   🧠 DirectVideoRL_a2c: Planning capability analysis
2025-06-06 19:23:14,727 - INFO - SuRL_134699538564448 -     📊 Planning stability: 1.0000
2025-06-06 19:23:14,727 - INFO - SuRL_134699538564448 -   AutoregressiveIL: Single-step mAP = 0.7568
2025-06-06 19:23:14,727 - INFO - SuRL_134699538564448 -   WorldModelRL_ppo: Single-step mAP = 0.7239
2025-06-06 19:23:14,727 - INFO - SuRL_134699538564448 -   WorldModelRL_a2c: Single-step mAP = 0.7220
2025-06-06 19:23:14,727 - INFO - SuRL_134699538564448 -   DirectVideoRL_ppo: Single-step mAP = 0.7309
2025-06-06 19:23:14,727 - INFO - SuRL_134699538564448 -   DirectVideoRL_a2c: Single-step mAP = 0.7288
2025-06-06 19:23:14,727 - INFO - SuRL_134699538564448 - 📊 Computing aggregate results...
2025-06-06 19:23:14,728 - INFO - SuRL_134699538564448 - 📈 Performing statistical tests...
2025-06-06 19:23:14,737 - INFO - SuRL_134699538564448 - 
2025-06-06 19:23:14,737 - INFO - SuRL_134699538564448 - 🎉 COMPREHENSIVE EVALUATION COMPLETED!
2025-06-06 19:23:14,737 - INFO - SuRL_134699538564448 - ============================================================
2025-06-06 19:23:14,737 - INFO - SuRL_134699538564448 - 🎯 PRIMARY RESULTS: Single-step Action Prediction (Fair Comparison)
2025-06-06 19:23:14,737 - INFO - SuRL_134699538564448 -    Supervised IL: 0.7368 ± 0.0200 mAP
2025-06-06 19:23:14,737 - INFO - SuRL_134699538564448 -    RL + Direct Video (A2C): 0.7057 ± 0.0232 mAP
2025-06-06 19:23:14,737 - INFO - SuRL_134699538564448 -    RL + Direct Video (PPO): 0.7054 ± 0.0255 mAP
2025-06-06 19:23:14,737 - INFO - SuRL_134699538564448 -    RL + World Model (PPO): 0.7019 ± 0.0220 mAP
2025-06-06 19:23:14,737 - INFO - SuRL_134699538564448 -    RL + World Model (A2C): 0.7012 ± 0.0208 mAP
2025-06-06 19:23:14,737 - INFO - SuRL_134699538564448 - 
2025-06-06 19:23:14,737 - INFO - SuRL_134699538564448 - 🚀 SECONDARY RESULTS: Planning Capability Analysis
2025-06-06 19:23:14,737 - INFO - SuRL_134699538564448 -    RL + Direct Video (A2C): 1.0000 stability (rl_with_direct_video_episodes)
2025-06-06 19:23:14,737 - INFO - SuRL_134699538564448 -    RL + Direct Video (PPO): 1.0000 stability (rl_with_direct_video_episodes)
2025-06-06 19:23:14,737 - INFO - SuRL_134699538564448 -    RL + World Model (A2C): 1.0000 stability (rl_with_world_model_simulation)
2025-06-06 19:23:14,737 - INFO - SuRL_134699538564448 -    RL + World Model (PPO): 0.9999 stability (rl_with_world_model_simulation)
2025-06-06 19:23:14,737 - INFO - SuRL_134699538564448 -    Supervised IL: 0.9981 stability (supervised_imitation_learning)
2025-06-06 19:23:14,737 - INFO - SuRL_134699538564448 - 
2025-06-06 19:23:14,737 - INFO - SuRL_134699538564448 - 🔍 KEY INSIGHTS:
2025-06-06 19:23:14,737 - INFO - SuRL_134699538564448 -    ✅ Fair single-step comparison shows paradigm performance
2025-06-06 19:23:14,737 - INFO - SuRL_134699538564448 -    ✅ Planning analysis reveals paradigm-specific strengths
2025-06-06 19:23:14,737 - INFO - SuRL_134699538564448 -    ✅ No ground truth leakage or environment mismatches
2025-06-06 19:23:14,737 - INFO - SuRL_134699538564448 -    ✅ Each method evaluated according to its training paradigm
2025-06-06 19:23:14,737 - INFO - SuRL_134699538564448 - 
2025-06-06 19:23:14,737 - INFO - SuRL_134699538564448 - ⚖️ EVALUATION FAIRNESS:
2025-06-06 19:23:14,737 - INFO - SuRL_134699538564448 -    Primary task: single_step_action_prediction
2025-06-06 19:23:14,737 - INFO - SuRL_134699538564448 -    Primary purpose: fair_comparison_across_paradigms
2025-06-06 19:23:14,737 - INFO - SuRL_134699538564448 -    Secondary task: multi_step_planning_analysis
2025-06-06 19:23:14,737 - INFO - SuRL_134699538564448 -    Fairness approach: respects_training_paradigms
2025-06-06 19:23:14,737 - INFO - SuRL_134699538564448 - 💾 Saving corrected evaluation results...
2025-06-06 19:23:14,738 - INFO - SuRL_134699538564448 - 📊 Corrected evaluation results saved
2025-06-06 19:23:14,738 - INFO - SuRL_134699538564448 - 📁 Location: results/2025-06-06_19-21-40/corrected_integrated_evaluation
2025-06-06 19:23:14,738 - INFO - SuRL_134699538564448 - 🎉 FIXED EVALUATION COMPLETED!
2025-06-06 19:23:14,738 - INFO - SuRL_134699538564448 - ==================================================
2025-06-06 19:23:14,738 - INFO - SuRL_134699538564448 - 📊 Key Improvements:
2025-06-06 19:23:14,738 - INFO - SuRL_134699538564448 -   ✅ Fair primary comparison: Single-step action prediction
2025-06-06 19:23:14,738 - INFO - SuRL_134699538564448 -   ✅ Insightful secondary analysis: Planning capabilities
2025-06-06 19:23:14,738 - INFO - SuRL_134699538564448 -   ✅ No ground truth leakage or environment mismatches
2025-06-06 19:23:14,738 - INFO - SuRL_134699538564448 -   ✅ Each paradigm evaluated according to its strengths
2025-06-06 19:23:14,738 - INFO - SuRL_134699538564448 -   ✅ Fixed all technical issues (shapes, loaders, etc.)
2025-06-06 19:23:14,738 - INFO - SuRL_134699538564448 - 
2025-06-06 19:23:14,738 - INFO - SuRL_134699538564448 - 📄 Results Structure:
2025-06-06 19:23:14,738 - INFO - SuRL_134699538564448 -   • Primary: single_step_evaluation (fair comparison)
2025-06-06 19:23:14,738 - INFO - SuRL_134699538564448 -   • Secondary: planning_evaluation (paradigm analysis)
2025-06-06 19:23:14,738 - INFO - SuRL_134699538564448 -   • Aggregate: combined statistical analysis
2025-06-06 19:23:14,738 - INFO - SuRL_134699538564448 -   • Fairness: evaluation validity reporting
2025-06-06 19:23:14,739 - INFO - SuRL_134699538564448 - 🏆 Analyzing Results and Architectural Insights
2025-06-06 19:23:14,739 - INFO - SuRL_134699538564448 - 🏆 THREE-METHOD COMPARISON RESULTS
2025-06-06 19:23:14,739 - INFO - SuRL_134699538564448 - ============================================================
2025-06-06 19:23:14,739 - INFO - SuRL_134699538564448 - 🎓 Method 1 (Autoregressive IL):
2025-06-06 19:23:14,739 - INFO - SuRL_134699538564448 -    Status: ✅ Success
2025-06-06 19:23:14,739 - INFO - SuRL_134699538564448 -    Action mAP: 0.6611
2025-06-06 19:23:14,739 - INFO - SuRL_134699538564448 -    Exact Match: 0.3278
2025-06-06 19:23:14,739 - INFO - SuRL_134699538564448 -    Approach: Pure causal generation → actions
2025-06-06 19:23:14,739 - INFO - SuRL_134699538564448 - 🌍 Method 2 (Conditional World Model + RL):
2025-06-06 19:23:14,739 - INFO - SuRL_134699538564448 -    Status: ✅ Success
2025-06-06 19:23:14,739 - INFO - SuRL_134699538564448 -    World Model State Loss: 0.4866
2025-06-06 19:23:14,739 - INFO - SuRL_134699538564448 -    World Model Reward Loss: 0.3097
2025-06-06 19:23:14,739 - INFO - SuRL_134699538564448 -    RL Algorithms: ['ppo', 'a2c']
2025-06-06 19:23:14,739 - INFO - SuRL_134699538564448 -      ppo: -483.859 reward
2025-06-06 19:23:14,739 - INFO - SuRL_134699538564448 -      a2c: -485.000 reward
2025-06-06 19:23:14,739 - INFO - SuRL_134699538564448 -    Approach: Action-conditioned simulation + RL
2025-06-06 19:23:14,740 - INFO - SuRL_134699538564448 - 📹 Method 3 (Direct Video RL):
2025-06-06 19:23:14,740 - INFO - SuRL_134699538564448 -    Status: ✅ Success
2025-06-06 19:23:14,740 - INFO - SuRL_134699538564448 -    RL Algorithms: ['ppo', 'a2c']
2025-06-06 19:23:14,740 - INFO - SuRL_134699538564448 -      ppo: 76.247 reward
2025-06-06 19:23:14,740 - INFO - SuRL_134699538564448 -      a2c: 76.483 reward
2025-06-06 19:23:14,740 - INFO - SuRL_134699538564448 -    Approach: Model-free RL on real video frames
2025-06-06 19:23:14,740 - INFO - SuRL_134699538564448 - 
2025-06-06 19:23:14,740 - INFO - SuRL_134699538564448 - 🎯 Successful Methods: ['Method 1 (IL)', 'Method 2 (World Model RL)', 'Method 3 (Direct RL)']
2025-06-06 19:23:14,740 - INFO - SuRL_134699538564448 - 📊 Total Methods Tested: 3
2025-06-06 19:23:14,740 - INFO - SuRL_134699538564448 - ✅ Success Rate: 3/3
2025-06-06 19:23:14,740 - INFO - SuRL_134699538564448 - 
2025-06-06 19:23:14,740 - INFO - SuRL_134699538564448 - 🏗️ ARCHITECTURAL INSIGHTS
2025-06-06 19:23:14,740 - INFO - SuRL_134699538564448 - ==================================================
2025-06-06 19:23:14,740 - INFO - SuRL_134699538564448 - 🎓 Method 1 (Autoregressive IL):
2025-06-06 19:23:14,740 - INFO - SuRL_134699538564448 -    • Pure causal modeling without action conditioning
2025-06-06 19:23:14,740 - INFO - SuRL_134699538564448 -    • Actions emerge from learned frame representations
2025-06-06 19:23:14,740 - INFO - SuRL_134699538564448 -    • Good for capturing temporal patterns in demonstrations
2025-06-06 19:23:14,740 - INFO - SuRL_134699538564448 -    • Limited exploration beyond expert behavior
2025-06-06 19:23:14,740 - INFO - SuRL_134699538564448 - 🌍 Method 2 (Conditional World Model):
2025-06-06 19:23:14,740 - INFO - SuRL_134699538564448 -    • Explicit action conditioning enables true simulation
2025-06-06 19:23:14,740 - INFO - SuRL_134699538564448 -    • Can explore beyond expert demonstrations
2025-06-06 19:23:14,740 - INFO - SuRL_134699538564448 -    • Learns forward dynamics: state + action → next_state
2025-06-06 19:23:14,740 - INFO - SuRL_134699538564448 -    • Enables model-based RL and planning
2025-06-06 19:23:14,740 - INFO - SuRL_134699538564448 - 📹 Method 3 (Direct Video RL):
2025-06-06 19:23:14,740 - INFO - SuRL_134699538564448 -    • Model-free approach using real video frames
2025-06-06 19:23:14,740 - INFO - SuRL_134699538564448 -    • No simulation, limited to existing video sequences
2025-06-06 19:23:14,740 - INFO - SuRL_134699538564448 -    • Direct policy optimization on offline data
2025-06-06 19:23:14,740 - INFO - SuRL_134699538564448 -    • Baseline for comparison with model-based approaches
2025-06-06 19:23:14,740 - INFO - SuRL_134699538564448 - 
2025-06-06 19:23:14,740 - INFO - SuRL_134699538564448 - 🔬 RESEARCH IMPLICATIONS:
2025-06-06 19:23:14,740 - INFO - SuRL_134699538564448 -    Autoregressive IL:
2025-06-06 19:23:14,740 - INFO - SuRL_134699538564448 -      • Simple training objective (supervised learning)
2025-06-06 19:23:14,740 - INFO - SuRL_134699538564448 -      • Leverages pre-trained language model knowledge
2025-06-06 19:23:14,740 - INFO - SuRL_134699538564448 -      • Good for dense action sequence modeling
2025-06-06 19:23:14,740 - INFO - SuRL_134699538564448 -      • Interpretable causal generation process
2025-06-06 19:23:14,740 - INFO - SuRL_134699538564448 -    Conditional World Model:
2025-06-06 19:23:14,740 - INFO - SuRL_134699538564448 -      • Enables true counterfactual simulation
2025-06-06 19:23:14,740 - INFO - SuRL_134699538564448 -      • Can explore beyond expert demonstrations
2025-06-06 19:23:14,740 - INFO - SuRL_134699538564448 -      • Supports model-based planning and control
2025-06-06 19:23:14,740 - INFO - SuRL_134699538564448 -      • Explicit action conditioning for controllability
2025-06-06 19:23:14,740 - INFO - SuRL_134699538564448 -    Direct Video RL:
2025-06-06 19:23:14,740 - INFO - SuRL_134699538564448 -      • No model bias or simulation errors
2025-06-06 19:23:14,740 - INFO - SuRL_134699538564448 -      • Direct optimization on real data
2025-06-06 19:23:14,740 - INFO - SuRL_134699538564448 -      • Simple implementation and debugging
2025-06-06 19:23:14,740 - INFO - SuRL_134699538564448 -      • Good baseline for model-based comparisons
2025-06-06 19:23:17,033 - INFO - SuRL_134699538564448 - 📄 Generating complete research paper...
2025-06-06 19:23:17,466 - INFO - SuRL_134699538564448 - 📄 Research Paper Generator initialized
2025-06-06 19:23:17,466 - INFO - SuRL_134699538564448 - 📁 Paper files will be saved to: results/2025-06-06_19-21-40/paper
2025-06-06 19:23:17,466 - INFO - SuRL_134699538564448 - 📝 Generating complete research paper...
2025-06-06 19:23:17,466 - INFO - SuRL_134699538564448 - 📊 Generating publication figures...
2025-06-06 19:23:20,071 - INFO - SuRL_134699538564448 - 📊 All figures saved to: results/2025-06-06_19-21-40/paper/figures
2025-06-06 19:23:20,071 - INFO - SuRL_134699538564448 - 📋 Generating LaTeX tables...
2025-06-06 19:23:20,078 - INFO - SuRL_134699538564448 - 📋 All tables saved to: results/2025-06-06_19-21-40/paper/tables
2025-06-06 19:23:20,079 - INFO - SuRL_134699538564448 - 📄 Complete research paper generated in: results/2025-06-06_19-21-40/paper
2025-06-06 19:23:20,079 - INFO - SuRL_134699538564448 - 🔧 Run compile_paper.sh to build the PDF
2025-06-06 19:23:20,079 - INFO - SuRL_134699538564448 - 🎯 Paper reflects correct paradigm comparison approach
2025-06-06 19:23:20,091 - INFO - SuRL_134699538564448 - 📄 Research paper generated: results/2025-06-06_19-21-40/paper
2025-06-06 19:23:20,092 - INFO - SuRL_134699538564448 - 💾 All results saved to: results/2025-06-06_19-21-40
2025-06-06 19:23:20,092 - INFO - SuRL_134699538564448 - 📄 Complete results: results/2025-06-06_19-21-40/complete_results.json
2025-06-06 19:23:20,092 - INFO - SuRL_134699538564448 - 📄 Summary: results/2025-06-06_19-21-40/experiment_summary.json
