2025-06-06 19:48:52,838 - INFO - SuRL_123224999479824 - Shared experiment log directory: results/2025-06-06_19-48-52/2025-06-06_19-48
2025-06-06 19:48:52,838 - INFO - SuRL_123224999479824 - 🎯 Experiment: 2025-06-06_19-48-52
2025-06-06 19:48:52,838 - INFO - SuRL_123224999479824 - 📁 Results dir: results/2025-06-06_19-48-52
2025-06-06 19:48:52,838 - INFO - SuRL_123224999479824 - 🚀 Starting Complete Separate Models Comparison
2025-06-06 19:48:52,838 - INFO - SuRL_123224999479824 - ============================================================
2025-06-06 19:48:52,838 - INFO - SuRL_123224999479824 - 📂 Loading CholecT50 data...
2025-06-06 19:48:52,838 - INFO - SuRL_123224999479824 - Loading train data from /home/maxboels/datasets/CholecT50 with fold 0
2025-06-06 19:48:53,237 - INFO - SuRL_123224999479824 - ✅ Loaded metadata: /home/maxboels/datasets/CholecT50/embeddings_train_set/fold0/embeddings_f0_swin_bas_129_phase_complet_phase_transit_prog_prob_action_risk_glob_outcome.csv - Shape: (78968, 156)
2025-06-06 19:48:53,237 - INFO - SuRL_123224999479824 - [Train] Start processing metadata file /home/maxboels/datasets/CholecT50/embeddings_train_set/fold0/embeddings_f0_swin_bas_129_phase_complet_phase_transit_prog_prob_action_risk_glob_outcome.csv
2025-06-06 19:48:53,238 - INFO - SuRL_123224999479824 - [Train] Rewards extraction skipped, using metadata file /home/maxboels/datasets/CholecT50/embeddings_train_set/fold0/embeddings_f0_swin_bas_129_phase_complet_phase_transit_prog_prob_action_risk_glob_outcome.csv
2025-06-06 19:48:53,239 - INFO - SuRL_123224999479824 - [Train] Found 2 videos in metadata file
2025-06-06 19:48:53,239 - INFO - SuRL_123224999479824 - [Train] Loading data for 2 videos
2025-06-06 19:48:53,310 - INFO - SuRL_123224999479824 - ✅ Loaded video VID01: 1734 frames, 1024D embeddings
2025-06-06 19:48:53,372 - INFO - SuRL_123224999479824 - ✅ Loaded video VID04: 1523 frames, 1024D embeddings
2025-06-06 19:48:53,372 - INFO - SuRL_123224999479824 - ✅ Successfully loaded 2 videos for train
2025-06-06 19:48:53,374 - INFO - SuRL_123224999479824 - Loading test data from /home/maxboels/datasets/CholecT50 with fold 0
2025-06-06 19:48:53,451 - INFO - SuRL_123224999479824 - ✅ Loaded metadata: /home/maxboels/datasets/CholecT50/embeddings_test_set/fold0/embeddings_f0_swin_bas_129_phase_complet_phase_transit_prog_prob_action_risk_glob_outcome.csv - Shape: (21895, 156)
2025-06-06 19:48:53,451 - INFO - SuRL_123224999479824 - [Test] Start processing metadata file /home/maxboels/datasets/CholecT50/embeddings_test_set/fold0/embeddings_f0_swin_bas_129_phase_complet_phase_transit_prog_prob_action_risk_glob_outcome.csv
2025-06-06 19:48:53,451 - INFO - SuRL_123224999479824 - [Test] Rewards extraction skipped, using metadata file /home/maxboels/datasets/CholecT50/embeddings_test_set/fold0/embeddings_f0_swin_bas_129_phase_complet_phase_transit_prog_prob_action_risk_glob_outcome.csv
2025-06-06 19:48:53,452 - INFO - SuRL_123224999479824 - [Test] Found 2 videos in metadata file
2025-06-06 19:48:53,452 - INFO - SuRL_123224999479824 - [Test] Loading data for 2 videos
2025-06-06 19:48:53,563 - INFO - SuRL_123224999479824 - ✅ Loaded video VID02: 2840 frames, 1024D embeddings
2025-06-06 19:48:53,754 - INFO - SuRL_123224999479824 - ✅ Loaded video VID06: 2154 frames, 1024D embeddings
2025-06-06 19:48:53,755 - INFO - SuRL_123224999479824 - ✅ Successfully loaded 2 videos for test
2025-06-06 19:48:53,755 - INFO - SuRL_123224999479824 - ✅ Data loaded successfully
2025-06-06 19:48:53,755 - INFO - SuRL_123224999479824 -    Training videos: 2
2025-06-06 19:48:53,755 - INFO - SuRL_123224999479824 -    Test videos: 2
2025-06-06 19:48:53,755 - INFO - SuRL_123224999479824 - 🎓 Running Method 1: Autoregressive IL
2025-06-06 19:48:53,755 - INFO - SuRL_123224999479824 - 🎓 Method 1: Autoregressive IL Training
2025-06-06 19:48:53,755 - INFO - SuRL_123224999479824 - ----------------------------------------
2025-06-06 19:48:54,438 - INFO - SuRL_123224999479824 - 🎓 Autoregressive IL Trainer initialized
2025-06-06 19:48:54,438 - INFO - SuRL_123224999479824 -    Device: cuda
2025-06-06 19:48:54,438 - INFO - SuRL_123224999479824 -    Epochs: 1
2025-06-06 19:48:54,438 - INFO - SuRL_123224999479824 -    Learning rate: 0.0001
2025-06-06 19:48:54,438 - INFO - SuRL_123224999479824 -    Focus: Causal frame generation → action prediction
2025-06-06 19:48:54,438 - INFO - SuRL_123224999479824 - 🎓 Starting Autoregressive IL Training...
2025-06-06 19:48:54,438 - INFO - SuRL_123224999479824 - 🎯 Goal: Learn causal frame generation → action prediction
2025-06-06 19:49:15,870 - INFO - SuRL_123224999479824 - ✅ New best model saved: results/2025-06-06_19-48-52/2025-06-06_19-48/checkpoints/autoregressive_il_best_epoch_1.pt
2025-06-06 19:49:15,870 - INFO - SuRL_123224999479824 - Epoch 1/1 | Train Loss: 0.6869 | Val Loss: 1.3324 | Action mAP: 0.6611 | Frame MSE: 0.4446
2025-06-06 19:49:15,983 - INFO - SuRL_123224999479824 - ✅ Autoregressive IL Training completed!
2025-06-06 19:49:15,983 - INFO - SuRL_123224999479824 - 📄 Best model: results/2025-06-06_19-48-52/2025-06-06_19-48/checkpoints/autoregressive_il_best_epoch_1.pt
2025-06-06 19:49:15,983 - INFO - SuRL_123224999479824 - 📄 Final model: results/2025-06-06_19-48-52/2025-06-06_19-48/checkpoints/autoregressive_il_final.pt
2025-06-06 19:49:15,983 - INFO - SuRL_123224999479824 - 📊 Evaluating Autoregressive IL Model...
2025-06-06 19:49:28,620 - INFO - SuRL_123224999479824 - 📊 Evaluating generation quality...
2025-06-06 19:49:32,299 - INFO - SuRL_123224999479824 - ✅ Evaluation completed
2025-06-06 19:49:32,299 - INFO - SuRL_123224999479824 - 📊 Action mAP: 0.6611
2025-06-06 19:49:32,299 - INFO - SuRL_123224999479824 - 📊 Frame MSE: 0.4446
2025-06-06 19:49:32,299 - INFO - SuRL_123224999479824 - 📊 Exact Match: 0.3278
2025-06-06 19:49:32,330 - INFO - SuRL_123224999479824 - 🌍 Running Method 2: Conditional World Model + RL
2025-06-06 19:49:32,330 - INFO - SuRL_123224999479824 - 🌍 Method 2: Conditional World Model + RL
2025-06-06 19:49:32,330 - INFO - SuRL_123224999479824 - ----------------------------------------
2025-06-06 19:49:33,602 - INFO - SuRL_123224999479824 - ✅ Stored test loaders for evaluation: ['VID02', 'VID06']
2025-06-06 19:49:33,605 - INFO - SuRL_123224999479824 - 🌍 World Model Trainer initialized
2025-06-06 19:49:33,605 - INFO - SuRL_123224999479824 -    Device: cuda
2025-06-06 19:49:33,605 - INFO - SuRL_123224999479824 -    Epochs: 1
2025-06-06 19:49:33,605 - INFO - SuRL_123224999479824 -    Learning rate: 0.0001
2025-06-06 19:49:33,605 - INFO - SuRL_123224999479824 -    Focus: Action-conditioned state-reward prediction
2025-06-06 19:49:33,605 - INFO - SuRL_123224999479824 - 🌍 Training world model...
2025-06-06 19:49:33,605 - INFO - SuRL_123224999479824 - 🌍 Starting World Model Training...
2025-06-06 19:49:33,605 - INFO - SuRL_123224999479824 - 🎯 Goal: Learn action-conditioned state-reward prediction
2025-06-06 19:49:45,772 - INFO - SuRL_123224999479824 - ✅ New best model saved: results/2025-06-06_19-48-52/2025-06-06_19-48/checkpoints/world_model_best_epoch_1.pt
2025-06-06 19:49:45,772 - INFO - SuRL_123224999479824 - Epoch 1/1 | Train Loss: 5.1476 | Val Loss: 2.7881 | State MSE: 0.4866 | Reward MSE: 0.3097
2025-06-06 19:49:45,881 - INFO - SuRL_123224999479824 - ✅ World Model Training completed!
2025-06-06 19:49:45,881 - INFO - SuRL_123224999479824 - 📄 Best model: results/2025-06-06_19-48-52/2025-06-06_19-48/checkpoints/world_model_best_epoch_1.pt
2025-06-06 19:49:45,881 - INFO - SuRL_123224999479824 - 📄 Final model: results/2025-06-06_19-48-52/2025-06-06_19-48/checkpoints/world_model_final.pt
2025-06-06 19:49:45,881 - INFO - SuRL_123224999479824 - 🌍 Evaluating world model...
2025-06-06 19:49:45,881 - INFO - SuRL_123224999479824 - 📊 Evaluating World Model...
2025-06-06 19:49:49,204 - INFO - SuRL_123224999479824 - ✅ Evaluation completed
2025-06-06 19:49:49,205 - INFO - SuRL_123224999479824 - 📊 State Loss: 0.4866
2025-06-06 19:49:49,205 - INFO - SuRL_123224999479824 - 📊 Reward Loss: 0.3097
2025-06-06 19:50:03,565 - INFO - SuRL_123224999479824 - 📹 Running Method 3: Direct Video RL
2025-06-06 19:50:03,566 - INFO - SuRL_123224999479824 - 📹 Method 3: Direct Video RL
2025-06-06 19:50:03,566 - INFO - SuRL_123224999479824 - ----------------------------------------
2025-06-06 19:50:06,071 - INFO - SuRL_123224999479824 - 📊 Running Comprehensive Evaluation
2025-06-06 19:50:06,071 - INFO - SuRL_123224999479824 - 🎯 FIXED INTEGRATED EVALUATION
2025-06-06 19:50:06,071 - INFO - SuRL_123224999479824 - ==================================================
2025-06-06 19:50:06,072 - INFO - SuRL_123224999479824 - 🔧 Fixed Issues:
2025-06-06 19:50:06,072 - INFO - SuRL_123224999479824 -    ✅ Eliminated ground truth future state leakage
2025-06-06 19:50:06,072 - INFO - SuRL_123224999479824 -    ✅ Proper world model usage for Method 2
2025-06-06 19:50:06,072 - INFO - SuRL_123224999479824 -    ✅ Fair single-step comparison as primary evaluation
2025-06-06 19:50:06,072 - INFO - SuRL_123224999479824 -    ✅ Method-specific planning analysis as secondary
2025-06-06 19:50:06,072 - INFO - SuRL_123224999479824 -    ✅ Respects each paradigm's training environment
2025-06-06 19:50:06,072 - INFO - SuRL_123224999479824 -    ✅ Fixed action shape mismatches in planning evaluation
2025-06-06 19:50:06,072 - INFO - SuRL_123224999479824 -    ✅ Fixed world model trainer test loader handling
2025-06-06 19:50:06,072 - INFO - SuRL_123224999479824 - 🔬 Corrected Evaluation Framework initialized
2025-06-06 19:50:06,072 - INFO - SuRL_123224999479824 - 📁 Results will be saved to: results/2025-06-06_19-48-52/corrected_integrated_evaluation
2025-06-06 19:50:06,572 - INFO - SuRL_123224999479824 - ✅ Loaded AutoregressiveIL model
2025-06-06 19:50:06,868 - INFO - SuRL_123224999479824 - ✅ Loaded ConditionalWorldModel (for planning analysis)
2025-06-06 19:50:06,878 - INFO - SuRL_123224999479824 - ✅ Loaded ppo RL policy (trained with world model)
2025-06-06 19:50:06,887 - INFO - SuRL_123224999479824 - ✅ Loaded a2c RL policy (trained with world model)
2025-06-06 19:50:06,900 - INFO - SuRL_123224999479824 - ✅ Loaded ppo RL policy (trained on direct video)
2025-06-06 19:50:06,914 - INFO - SuRL_123224999479824 - ✅ Loaded a2c RL policy (trained on direct video)
2025-06-06 19:50:06,914 - INFO - SuRL_123224999479824 - 📊 Loaded 5 models for comprehensive evaluation
2025-06-06 19:50:06,914 - INFO - SuRL_123224999479824 - 🎯 Evaluation approach:
2025-06-06 19:50:06,914 - INFO - SuRL_123224999479824 -    Primary: Single-step action prediction (fair comparison)
2025-06-06 19:50:06,914 - INFO - SuRL_123224999479824 -    Secondary: Multi-step planning analysis (paradigm-specific)
2025-06-06 19:50:06,915 - INFO - SuRL_123224999479824 - 📊 Loaded models for corrected evaluation:
2025-06-06 19:50:06,915 - INFO - SuRL_123224999479824 -    AutoregressiveIL: supervised_imitation_learning
2025-06-06 19:50:06,915 - INFO - SuRL_123224999479824 -    WorldModelRL_ppo: rl_with_world_model_simulation
2025-06-06 19:50:06,915 - INFO - SuRL_123224999479824 -    WorldModelRL_a2c: rl_with_world_model_simulation
2025-06-06 19:50:06,915 - INFO - SuRL_123224999479824 -    DirectVideoRL_ppo: rl_with_direct_video_episodes
2025-06-06 19:50:06,915 - INFO - SuRL_123224999479824 -    DirectVideoRL_a2c: rl_with_direct_video_episodes
2025-06-06 19:50:06,915 - INFO - SuRL_123224999479824 - 🚀 Running corrected evaluation on 2 videos...
2025-06-06 19:50:06,915 - INFO - SuRL_123224999479824 - 🚀 Starting comprehensive fair evaluation
2025-06-06 19:50:06,915 - INFO - SuRL_123224999479824 - 📊 Models: 5, Videos: 2
2025-06-06 19:50:06,915 - INFO - SuRL_123224999479824 - 🎯 Two-tier evaluation approach:
2025-06-06 19:50:06,915 - INFO - SuRL_123224999479824 -    1️⃣ Primary: Single-step action prediction (fair)
2025-06-06 19:50:06,915 - INFO - SuRL_123224999479824 -    2️⃣ Secondary: Planning capability analysis (paradigm-specific)
2025-06-06 19:50:06,915 - INFO - SuRL_123224999479824 - 📹 Evaluating video: VID02
2025-06-06 19:50:07,853 - INFO - SuRL_123224999479824 - 📹 Comprehensive evaluation: VID02 (2839 frames)
2025-06-06 19:50:07,853 - INFO - SuRL_123224999479824 - 🎯 PRIMARY: Single-step action prediction (fair comparison)
2025-06-06 19:50:07,853 - INFO - SuRL_123224999479824 -   🤖 AutoregressiveIL: Single-step action prediction
2025-06-06 19:50:14,111 - INFO - SuRL_123224999479824 -     📊 Single-step mAP: 0.7168
2025-06-06 19:50:14,111 - INFO - SuRL_123224999479824 -   🤖 WorldModelRL_ppo: Single-step action prediction
2025-06-06 19:50:14,968 - INFO - SuRL_123224999479824 -     📊 Single-step mAP: 0.6799
2025-06-06 19:50:14,968 - INFO - SuRL_123224999479824 -   🤖 WorldModelRL_a2c: Single-step action prediction
2025-06-06 19:50:15,819 - INFO - SuRL_123224999479824 -     📊 Single-step mAP: 0.6805
2025-06-06 19:50:15,819 - INFO - SuRL_123224999479824 -   🤖 DirectVideoRL_ppo: Single-step action prediction
2025-06-06 19:50:16,679 - INFO - SuRL_123224999479824 -     📊 Single-step mAP: 0.6843
2025-06-06 19:50:16,679 - INFO - SuRL_123224999479824 -   🤖 DirectVideoRL_a2c: Single-step action prediction
2025-06-06 19:50:17,545 - INFO - SuRL_123224999479824 -     📊 Single-step mAP: 0.6824
2025-06-06 19:50:17,545 - INFO - SuRL_123224999479824 - 🚀 SECONDARY: Planning capability analysis
2025-06-06 19:50:17,545 - INFO - SuRL_123224999479824 -   🧠 AutoregressiveIL: Planning capability analysis
2025-06-06 19:50:17,761 - INFO - SuRL_123224999479824 -     📊 Planning stability: 0.9986
2025-06-06 19:50:17,761 - INFO - SuRL_123224999479824 -   🧠 WorldModelRL_ppo: Planning capability analysis
2025-06-06 19:50:18,006 - INFO - SuRL_123224999479824 -     📊 Planning stability: 0.9999
2025-06-06 19:50:18,006 - INFO - SuRL_123224999479824 -   🧠 WorldModelRL_a2c: Planning capability analysis
2025-06-06 19:50:18,251 - INFO - SuRL_123224999479824 -     📊 Planning stability: 1.0000
2025-06-06 19:50:18,251 - INFO - SuRL_123224999479824 -   🧠 DirectVideoRL_ppo: Planning capability analysis
2025-06-06 19:50:18,278 - INFO - SuRL_123224999479824 -     📊 Planning stability: 1.0000
2025-06-06 19:50:18,278 - INFO - SuRL_123224999479824 -   🧠 DirectVideoRL_a2c: Planning capability analysis
2025-06-06 19:50:18,305 - INFO - SuRL_123224999479824 -     📊 Planning stability: 1.0000
2025-06-06 19:50:18,305 - INFO - SuRL_123224999479824 -   AutoregressiveIL: Single-step mAP = 0.7168
2025-06-06 19:50:18,305 - INFO - SuRL_123224999479824 -   WorldModelRL_ppo: Single-step mAP = 0.6799
2025-06-06 19:50:18,305 - INFO - SuRL_123224999479824 -   WorldModelRL_a2c: Single-step mAP = 0.6805
2025-06-06 19:50:18,305 - INFO - SuRL_123224999479824 -   DirectVideoRL_ppo: Single-step mAP = 0.6843
2025-06-06 19:50:18,305 - INFO - SuRL_123224999479824 -   DirectVideoRL_a2c: Single-step mAP = 0.6824
2025-06-06 19:50:18,305 - INFO - SuRL_123224999479824 - 📹 Evaluating video: VID06
2025-06-06 19:50:18,902 - INFO - SuRL_123224999479824 - 📹 Comprehensive evaluation: VID06 (2153 frames)
2025-06-06 19:50:18,903 - INFO - SuRL_123224999479824 - 🎯 PRIMARY: Single-step action prediction (fair comparison)
2025-06-06 19:50:18,903 - INFO - SuRL_123224999479824 -   🤖 AutoregressiveIL: Single-step action prediction
2025-06-06 19:50:23,629 - INFO - SuRL_123224999479824 -     📊 Single-step mAP: 0.7568
2025-06-06 19:50:23,629 - INFO - SuRL_123224999479824 -   🤖 WorldModelRL_ppo: Single-step action prediction
2025-06-06 19:50:24,284 - INFO - SuRL_123224999479824 -     📊 Single-step mAP: 0.7239
2025-06-06 19:50:24,284 - INFO - SuRL_123224999479824 -   🤖 WorldModelRL_a2c: Single-step action prediction
2025-06-06 19:50:24,939 - INFO - SuRL_123224999479824 -     📊 Single-step mAP: 0.7220
2025-06-06 19:50:24,939 - INFO - SuRL_123224999479824 -   🤖 DirectVideoRL_ppo: Single-step action prediction
2025-06-06 19:50:25,588 - INFO - SuRL_123224999479824 -     📊 Single-step mAP: 0.7229
2025-06-06 19:50:25,588 - INFO - SuRL_123224999479824 -   🤖 DirectVideoRL_a2c: Single-step action prediction
2025-06-06 19:50:26,253 - INFO - SuRL_123224999479824 -     📊 Single-step mAP: 0.7239
2025-06-06 19:50:26,253 - INFO - SuRL_123224999479824 - 🚀 SECONDARY: Planning capability analysis
2025-06-06 19:50:26,253 - INFO - SuRL_123224999479824 -   🧠 AutoregressiveIL: Planning capability analysis
2025-06-06 19:50:26,478 - INFO - SuRL_123224999479824 -     📊 Planning stability: 0.9977
2025-06-06 19:50:26,478 - INFO - SuRL_123224999479824 -   🧠 WorldModelRL_ppo: Planning capability analysis
2025-06-06 19:50:26,732 - INFO - SuRL_123224999479824 -     📊 Planning stability: 0.9999
2025-06-06 19:50:26,732 - INFO - SuRL_123224999479824 -   🧠 WorldModelRL_a2c: Planning capability analysis
2025-06-06 19:50:26,983 - INFO - SuRL_123224999479824 -     📊 Planning stability: 1.0000
2025-06-06 19:50:26,983 - INFO - SuRL_123224999479824 -   🧠 DirectVideoRL_ppo: Planning capability analysis
2025-06-06 19:50:27,019 - INFO - SuRL_123224999479824 -     📊 Planning stability: 1.0000
2025-06-06 19:50:27,019 - INFO - SuRL_123224999479824 -   🧠 DirectVideoRL_a2c: Planning capability analysis
2025-06-06 19:50:27,054 - INFO - SuRL_123224999479824 -     📊 Planning stability: 1.0000
2025-06-06 19:50:27,055 - INFO - SuRL_123224999479824 -   AutoregressiveIL: Single-step mAP = 0.7568
2025-06-06 19:50:27,055 - INFO - SuRL_123224999479824 -   WorldModelRL_ppo: Single-step mAP = 0.7239
2025-06-06 19:50:27,055 - INFO - SuRL_123224999479824 -   WorldModelRL_a2c: Single-step mAP = 0.7220
2025-06-06 19:50:27,055 - INFO - SuRL_123224999479824 -   DirectVideoRL_ppo: Single-step mAP = 0.7229
2025-06-06 19:50:27,055 - INFO - SuRL_123224999479824 -   DirectVideoRL_a2c: Single-step mAP = 0.7239
2025-06-06 19:50:27,055 - INFO - SuRL_123224999479824 - 📊 Computing aggregate results...
2025-06-06 19:50:27,055 - INFO - SuRL_123224999479824 - 📈 Performing statistical tests...
2025-06-06 19:50:27,064 - INFO - SuRL_123224999479824 - 
2025-06-06 19:50:27,064 - INFO - SuRL_123224999479824 - 🎉 COMPREHENSIVE EVALUATION COMPLETED!
2025-06-06 19:50:27,064 - INFO - SuRL_123224999479824 - ============================================================
2025-06-06 19:50:27,064 - INFO - SuRL_123224999479824 - 🎯 PRIMARY RESULTS: Single-step Action Prediction (Fair Comparison)
2025-06-06 19:50:27,064 - INFO - SuRL_123224999479824 -    Supervised IL: 0.7368 ± 0.0200 mAP
2025-06-06 19:50:27,064 - INFO - SuRL_123224999479824 -    RL + Direct Video (PPO): 0.7036 ± 0.0193 mAP
2025-06-06 19:50:27,064 - INFO - SuRL_123224999479824 -    RL + Direct Video (A2C): 0.7032 ± 0.0207 mAP
2025-06-06 19:50:27,064 - INFO - SuRL_123224999479824 -    RL + World Model (PPO): 0.7019 ± 0.0220 mAP
2025-06-06 19:50:27,064 - INFO - SuRL_123224999479824 -    RL + World Model (A2C): 0.7012 ± 0.0208 mAP
2025-06-06 19:50:27,064 - INFO - SuRL_123224999479824 - 
2025-06-06 19:50:27,064 - INFO - SuRL_123224999479824 - 🚀 SECONDARY RESULTS: Planning Capability Analysis
2025-06-06 19:50:27,065 - INFO - SuRL_123224999479824 -    RL + Direct Video (PPO): 1.0000 stability (rl_with_direct_video_episodes)
2025-06-06 19:50:27,065 - INFO - SuRL_123224999479824 -    RL + Direct Video (A2C): 1.0000 stability (rl_with_direct_video_episodes)
2025-06-06 19:50:27,065 - INFO - SuRL_123224999479824 -    RL + World Model (A2C): 1.0000 stability (rl_with_world_model_simulation)
2025-06-06 19:50:27,065 - INFO - SuRL_123224999479824 -    RL + World Model (PPO): 0.9999 stability (rl_with_world_model_simulation)
2025-06-06 19:50:27,065 - INFO - SuRL_123224999479824 -    Supervised IL: 0.9981 stability (supervised_imitation_learning)
2025-06-06 19:50:27,065 - INFO - SuRL_123224999479824 - 
2025-06-06 19:50:27,065 - INFO - SuRL_123224999479824 - 🔍 KEY INSIGHTS:
2025-06-06 19:50:27,065 - INFO - SuRL_123224999479824 -    ✅ Fair single-step comparison shows paradigm performance
2025-06-06 19:50:27,065 - INFO - SuRL_123224999479824 -    ✅ Planning analysis reveals paradigm-specific strengths
2025-06-06 19:50:27,065 - INFO - SuRL_123224999479824 -    ✅ No ground truth leakage or environment mismatches
2025-06-06 19:50:27,065 - INFO - SuRL_123224999479824 -    ✅ Each method evaluated according to its training paradigm
2025-06-06 19:50:27,065 - INFO - SuRL_123224999479824 - 
2025-06-06 19:50:27,065 - INFO - SuRL_123224999479824 - ⚖️ EVALUATION FAIRNESS:
2025-06-06 19:50:27,065 - INFO - SuRL_123224999479824 -    Primary task: single_step_action_prediction
2025-06-06 19:50:27,065 - INFO - SuRL_123224999479824 -    Primary purpose: fair_comparison_across_paradigms
2025-06-06 19:50:27,065 - INFO - SuRL_123224999479824 -    Secondary task: multi_step_planning_analysis
2025-06-06 19:50:27,065 - INFO - SuRL_123224999479824 -    Fairness approach: respects_training_paradigms
2025-06-06 19:50:27,065 - INFO - SuRL_123224999479824 - 💾 Saving corrected evaluation results...
2025-06-06 19:50:27,065 - INFO - SuRL_123224999479824 - 📊 Corrected evaluation results saved
2025-06-06 19:50:27,065 - INFO - SuRL_123224999479824 - 📁 Location: results/2025-06-06_19-48-52/corrected_integrated_evaluation
2025-06-06 19:50:27,065 - INFO - SuRL_123224999479824 - 🎉 FIXED EVALUATION COMPLETED!
2025-06-06 19:50:27,065 - INFO - SuRL_123224999479824 - ==================================================
2025-06-06 19:50:27,065 - INFO - SuRL_123224999479824 - 📊 Key Improvements:
2025-06-06 19:50:27,065 - INFO - SuRL_123224999479824 -   ✅ Fair primary comparison: Single-step action prediction
2025-06-06 19:50:27,065 - INFO - SuRL_123224999479824 -   ✅ Insightful secondary analysis: Planning capabilities
2025-06-06 19:50:27,065 - INFO - SuRL_123224999479824 -   ✅ No ground truth leakage or environment mismatches
2025-06-06 19:50:27,065 - INFO - SuRL_123224999479824 -   ✅ Each paradigm evaluated according to its strengths
2025-06-06 19:50:27,065 - INFO - SuRL_123224999479824 -   ✅ Fixed all technical issues (shapes, loaders, etc.)
2025-06-06 19:50:27,065 - INFO - SuRL_123224999479824 - 
2025-06-06 19:50:27,065 - INFO - SuRL_123224999479824 - 📄 Results Structure:
2025-06-06 19:50:27,065 - INFO - SuRL_123224999479824 -   • Primary: single_step_evaluation (fair comparison)
2025-06-06 19:50:27,065 - INFO - SuRL_123224999479824 -   • Secondary: planning_evaluation (paradigm analysis)
2025-06-06 19:50:27,065 - INFO - SuRL_123224999479824 -   • Aggregate: combined statistical analysis
2025-06-06 19:50:27,065 - INFO - SuRL_123224999479824 -   • Fairness: evaluation validity reporting
2025-06-06 19:50:27,067 - INFO - SuRL_123224999479824 - 🏆 Analyzing Results and Architectural Insights
2025-06-06 19:50:27,067 - INFO - SuRL_123224999479824 - 🏆 THREE-METHOD COMPARISON RESULTS
2025-06-06 19:50:27,067 - INFO - SuRL_123224999479824 - ============================================================
2025-06-06 19:50:27,067 - INFO - SuRL_123224999479824 - 🎓 Method 1 (Autoregressive IL):
2025-06-06 19:50:27,067 - INFO - SuRL_123224999479824 -    Status: ✅ Success
2025-06-06 19:50:27,067 - INFO - SuRL_123224999479824 -    Action mAP: 0.6611
2025-06-06 19:50:27,067 - INFO - SuRL_123224999479824 -    Exact Match: 0.3278
2025-06-06 19:50:27,067 - INFO - SuRL_123224999479824 -    Approach: Pure causal generation → actions
2025-06-06 19:50:27,067 - INFO - SuRL_123224999479824 - 🌍 Method 2 (Conditional World Model + RL):
2025-06-06 19:50:27,067 - INFO - SuRL_123224999479824 -    Status: ✅ Success
2025-06-06 19:50:27,067 - INFO - SuRL_123224999479824 -    World Model State Loss: 0.4866
2025-06-06 19:50:27,067 - INFO - SuRL_123224999479824 -    World Model Reward Loss: 0.3097
2025-06-06 19:50:27,067 - INFO - SuRL_123224999479824 -    RL Algorithms: ['ppo', 'a2c']
2025-06-06 19:50:27,067 - INFO - SuRL_123224999479824 -      ppo: -483.859 reward
2025-06-06 19:50:27,067 - INFO - SuRL_123224999479824 -      a2c: -485.000 reward
2025-06-06 19:50:27,067 - INFO - SuRL_123224999479824 -    Approach: Action-conditioned simulation + RL
2025-06-06 19:50:27,067 - INFO - SuRL_123224999479824 - 📹 Method 3 (Direct Video RL):
2025-06-06 19:50:27,067 - INFO - SuRL_123224999479824 -    Status: ✅ Success
2025-06-06 19:50:27,067 - INFO - SuRL_123224999479824 -    RL Algorithms: ['ppo', 'a2c']
2025-06-06 19:50:27,067 - INFO - SuRL_123224999479824 -      ppo: 80.023 reward
2025-06-06 19:50:27,067 - INFO - SuRL_123224999479824 -      a2c: 77.206 reward
2025-06-06 19:50:27,067 - INFO - SuRL_123224999479824 -    Approach: Model-free RL on real video frames
2025-06-06 19:50:27,067 - INFO - SuRL_123224999479824 - 
2025-06-06 19:50:27,067 - INFO - SuRL_123224999479824 - 🎯 Successful Methods: ['Method 1 (IL)', 'Method 2 (World Model RL)', 'Method 3 (Direct RL)']
2025-06-06 19:50:27,067 - INFO - SuRL_123224999479824 - 📊 Total Methods Tested: 3
2025-06-06 19:50:27,067 - INFO - SuRL_123224999479824 - ✅ Success Rate: 3/3
2025-06-06 19:50:27,067 - INFO - SuRL_123224999479824 - 
2025-06-06 19:50:27,067 - INFO - SuRL_123224999479824 - 🏗️ ARCHITECTURAL INSIGHTS
2025-06-06 19:50:27,067 - INFO - SuRL_123224999479824 - ==================================================
2025-06-06 19:50:27,067 - INFO - SuRL_123224999479824 - 🎓 Method 1 (Autoregressive IL):
2025-06-06 19:50:27,067 - INFO - SuRL_123224999479824 -    • Pure causal modeling without action conditioning
2025-06-06 19:50:27,067 - INFO - SuRL_123224999479824 -    • Actions emerge from learned frame representations
2025-06-06 19:50:27,067 - INFO - SuRL_123224999479824 -    • Good for capturing temporal patterns in demonstrations
2025-06-06 19:50:27,067 - INFO - SuRL_123224999479824 -    • Limited exploration beyond expert behavior
2025-06-06 19:50:27,067 - INFO - SuRL_123224999479824 - 🌍 Method 2 (Conditional World Model):
2025-06-06 19:50:27,067 - INFO - SuRL_123224999479824 -    • Explicit action conditioning enables true simulation
2025-06-06 19:50:27,067 - INFO - SuRL_123224999479824 -    • Can explore beyond expert demonstrations
2025-06-06 19:50:27,067 - INFO - SuRL_123224999479824 -    • Learns forward dynamics: state + action → next_state
2025-06-06 19:50:27,067 - INFO - SuRL_123224999479824 -    • Enables model-based RL and planning
2025-06-06 19:50:27,067 - INFO - SuRL_123224999479824 - 📹 Method 3 (Direct Video RL):
2025-06-06 19:50:27,067 - INFO - SuRL_123224999479824 -    • Model-free approach using real video frames
2025-06-06 19:50:27,067 - INFO - SuRL_123224999479824 -    • No simulation, limited to existing video sequences
2025-06-06 19:50:27,067 - INFO - SuRL_123224999479824 -    • Direct policy optimization on offline data
2025-06-06 19:50:27,067 - INFO - SuRL_123224999479824 -    • Baseline for comparison with model-based approaches
2025-06-06 19:50:27,067 - INFO - SuRL_123224999479824 - 
2025-06-06 19:50:27,067 - INFO - SuRL_123224999479824 - 🔬 RESEARCH IMPLICATIONS:
2025-06-06 19:50:27,067 - INFO - SuRL_123224999479824 -    Autoregressive IL:
2025-06-06 19:50:27,067 - INFO - SuRL_123224999479824 -      • Simple training objective (supervised learning)
2025-06-06 19:50:27,067 - INFO - SuRL_123224999479824 -      • Leverages pre-trained language model knowledge
2025-06-06 19:50:27,067 - INFO - SuRL_123224999479824 -      • Good for dense action sequence modeling
2025-06-06 19:50:27,067 - INFO - SuRL_123224999479824 -      • Interpretable causal generation process
2025-06-06 19:50:27,067 - INFO - SuRL_123224999479824 -    Conditional World Model:
2025-06-06 19:50:27,067 - INFO - SuRL_123224999479824 -      • Enables true counterfactual simulation
2025-06-06 19:50:27,067 - INFO - SuRL_123224999479824 -      • Can explore beyond expert demonstrations
2025-06-06 19:50:27,067 - INFO - SuRL_123224999479824 -      • Supports model-based planning and control
2025-06-06 19:50:27,067 - INFO - SuRL_123224999479824 -      • Explicit action conditioning for controllability
2025-06-06 19:50:27,067 - INFO - SuRL_123224999479824 -    Direct Video RL:
2025-06-06 19:50:27,067 - INFO - SuRL_123224999479824 -      • No model bias or simulation errors
2025-06-06 19:50:27,067 - INFO - SuRL_123224999479824 -      • Direct optimization on real data
2025-06-06 19:50:27,068 - INFO - SuRL_123224999479824 -      • Simple implementation and debugging
2025-06-06 19:50:27,068 - INFO - SuRL_123224999479824 -      • Good baseline for model-based comparisons
2025-06-06 19:50:29,411 - INFO - SuRL_123224999479824 - 📄 Generating publication-ready conference paper...
2025-06-06 19:50:29,857 - INFO - SuRL_123224999479824 - 📄 Enhanced Research Paper Generator initialized
2025-06-06 19:50:29,857 - INFO - SuRL_123224999479824 - 📁 Publication files will be saved to: results/2025-06-06_19-48-52/publication_paper
2025-06-06 19:50:29,857 - INFO - SuRL_123224999479824 - 📄 Generating publication-ready conference paper...
2025-06-06 19:50:29,857 - INFO - SuRL_123224999479824 - 📊 Creating publication-quality figures...
2025-06-06 19:50:32,813 - INFO - SuRL_123224999479824 - 📋 Generating tables with experimental results...
2025-06-06 19:50:32,814 - INFO - SuRL_123224999479824 - 📄 Writing enhanced paper content...
2025-06-06 19:50:32,814 - INFO - SuRL_123224999479824 - 📚 Creating supplementary materials...
2025-06-06 19:50:32,814 - INFO - SuRL_123224999479824 - 📄 Publication-ready paper generated in: results/2025-06-06_19-48-52/publication_paper
2025-06-06 19:50:32,814 - INFO - SuRL_123224999479824 - 🔧 Run compile_enhanced_paper.sh to build the PDF
2025-06-06 19:50:32,814 - INFO - SuRL_123224999479824 - ✨ Paper reflects your actual experimental results!
2025-06-06 19:50:32,827 - INFO - SuRL_123224999479824 - 📄 Research paper generated: results/2025-06-06_19-48-52/publication_paper
2025-06-06 19:50:32,827 - INFO - SuRL_123224999479824 - 💾 All results saved to: results/2025-06-06_19-48-52
2025-06-06 19:50:32,827 - INFO - SuRL_123224999479824 - 📄 Complete results: results/2025-06-06_19-48-52/complete_results.json
2025-06-06 19:50:32,827 - INFO - SuRL_123224999479824 - 📄 Summary: results/2025-06-06_19-48-52/experiment_summary.json
