2025-03-11 21:01:21,390 - INFO - Log file: logs/2025-03-11_21-01-21/loggings.log
2025-03-11 21:01:21,390 - INFO - Starting CholecT50 experiment for Surgical Actions Prediction
2025-03-11 21:01:21,391 - INFO - Experiment configuration: {'max_videos': 1, 'pretrain_next_frame': {'train': True, 'inference': True}, 'pretrain_reward_model': False, 'calculate_action_rewards': False, 'train_action_policy': False, 'run_tdmpc': False, 'analyze_results': False, 'run_evaluation': False}
2025-03-11 21:01:21,391 - INFO - Using device: cuda
2025-03-11 21:01:21,391 - INFO - Loading CholecT50 data...
2025-03-11 21:01:27,892 - INFO - Best model path: best_model_epoch1_valloss1.190734.pt
2025-03-11 21:01:28,068 - INFO - Loaded best model from best_model_epoch1_valloss1.190734.pt
2025-03-11 21:01:28,068 - INFO - Skip training and start validation
2025-03-11 21:01:28,068 - INFO - Epoch 1/1 Validation
2025-03-11 21:01:28,068 - INFO - Starting validation
2025-03-11 21:01:28,239 - INFO - Epoch 1/1, Batch 0/178, Loss: 17.0696
2025-03-11 21:02:03,786 - INFO - Epoch 1/1, Batch 40/178, Loss: 18.8383
2025-03-11 21:02:38,696 - INFO - Epoch 1/1, Batch 80/178, Loss: 19.3656
2025-03-11 21:03:13,497 - INFO - Epoch 1/1, Batch 120/178, Loss: 21.6542
2025-03-11 21:03:51,223 - INFO - Epoch 1/1, Batch 160/178, Loss: 18.8364
2025-03-11 21:04:09,260 - INFO - Epoch 1/1, Val Loss: 1.1950
2025-03-11 21:04:09,265 - INFO - 
Comprehensive Evaluation Results:
2025-03-11 21:04:09,265 - INFO - 
--- Prediction Horizon: 1 ---
2025-03-11 21:04:09,265 - INFO - mAP: 1.0000
2025-03-11 21:04:09,265 - INFO - 
Accuracy Metrics:
2025-03-11 21:04:09,265 - INFO - Metric               Value     
2025-03-11 21:04:09,265 - INFO - ------------------------------
2025-03-11 21:04:09,265 - INFO - 
Accuracy Metrics:
2025-03-11 21:04:09,265 - INFO - Metric               Value     
2025-03-11 21:04:09,265 - INFO - ------------------------------
2025-03-11 21:04:09,265 - INFO - top_1_any_match      1.0000
2025-03-11 21:04:09,265 - INFO - top_3_any_match      1.0000
2025-03-11 21:04:09,265 - INFO - top_5_any_match      1.0000
2025-03-11 21:04:09,265 - INFO - top_10_any_match     1.0000
2025-03-11 21:04:09,265 - INFO - top_1_exact_match    1.0000
2025-03-11 21:04:09,265 - INFO - top_3_exact_match    1.0000
2025-03-11 21:04:09,265 - INFO - top_5_exact_match    1.0000
2025-03-11 21:04:09,265 - INFO - top_10_exact_match   1.0000
2025-03-11 21:04:09,265 - INFO - 
Recall Metrics:
2025-03-11 21:04:09,265 - INFO - Metric               Value     
2025-03-11 21:04:09,265 - INFO - ------------------------------
2025-03-11 21:04:09,266 - INFO - top_1_recall         1.0000
2025-03-11 21:04:09,266 - INFO - top_3_recall         1.0000
2025-03-11 21:04:09,266 - INFO - top_5_recall         1.0000
2025-03-11 21:04:09,266 - INFO - top_10_recall        1.0000
2025-03-11 21:04:09,266 - INFO - 
Precision Metrics:
2025-03-11 21:04:09,266 - INFO - Metric               Value     
2025-03-11 21:04:09,266 - INFO - ------------------------------
2025-03-11 21:04:09,266 - INFO - top_1_precision      1.0000
2025-03-11 21:04:09,266 - INFO - top_3_precision      0.3333
2025-03-11 21:04:09,266 - INFO - top_5_precision      0.2000
2025-03-11 21:04:09,266 - INFO - top_10_precision     0.1000
2025-03-11 21:04:09,266 - INFO - 
F1-Score Metrics:
2025-03-11 21:04:09,266 - INFO - Metric               Value     
2025-03-11 21:04:09,266 - INFO - ------------------------------
2025-03-11 21:04:09,266 - INFO - top_1_f1             1.0000
2025-03-11 21:04:09,266 - INFO - top_3_f1             0.5000
2025-03-11 21:04:09,266 - INFO - top_5_f1             0.3333
2025-03-11 21:04:09,266 - INFO - top_10_f1            0.1818
2025-03-11 21:04:09,266 - INFO - 
--- Prediction Horizon: 3 ---
2025-03-11 21:04:09,266 - INFO - mAP: 1.0000
2025-03-11 21:04:09,266 - INFO - 
Accuracy Metrics:
2025-03-11 21:04:09,266 - INFO - Metric               Value     
2025-03-11 21:04:09,266 - INFO - ------------------------------
2025-03-11 21:04:09,266 - INFO - 
Accuracy Metrics:
2025-03-11 21:04:09,266 - INFO - Metric               Value     
2025-03-11 21:04:09,266 - INFO - ------------------------------
2025-03-11 21:04:09,266 - INFO - top_1_any_match      1.0000
2025-03-11 21:04:09,266 - INFO - top_3_any_match      1.0000
2025-03-11 21:04:09,266 - INFO - top_5_any_match      1.0000
2025-03-11 21:04:09,266 - INFO - top_10_any_match     1.0000
2025-03-11 21:04:09,266 - INFO - top_1_exact_match    1.0000
2025-03-11 21:04:09,266 - INFO - top_3_exact_match    1.0000
2025-03-11 21:04:09,266 - INFO - top_5_exact_match    1.0000
2025-03-11 21:04:09,266 - INFO - top_10_exact_match   1.0000
2025-03-11 21:04:09,266 - INFO - 
Recall Metrics:
2025-03-11 21:04:09,266 - INFO - Metric               Value     
2025-03-11 21:04:09,266 - INFO - ------------------------------
2025-03-11 21:04:09,266 - INFO - top_1_recall         1.0000
2025-03-11 21:04:09,266 - INFO - top_3_recall         1.0000
2025-03-11 21:04:09,266 - INFO - top_5_recall         1.0000
2025-03-11 21:04:09,266 - INFO - top_10_recall        1.0000
2025-03-11 21:04:09,266 - INFO - 
Precision Metrics:
2025-03-11 21:04:09,266 - INFO - Metric               Value     
2025-03-11 21:04:09,266 - INFO - ------------------------------
2025-03-11 21:04:09,266 - INFO - top_1_precision      1.0000
2025-03-11 21:04:09,266 - INFO - top_3_precision      0.3333
2025-03-11 21:04:09,266 - INFO - top_5_precision      0.2000
2025-03-11 21:04:09,266 - INFO - top_10_precision     0.1000
2025-03-11 21:04:09,266 - INFO - 
F1-Score Metrics:
2025-03-11 21:04:09,266 - INFO - Metric               Value     
2025-03-11 21:04:09,266 - INFO - ------------------------------
2025-03-11 21:04:09,266 - INFO - top_1_f1             1.0000
2025-03-11 21:04:09,266 - INFO - top_3_f1             0.5000
2025-03-11 21:04:09,266 - INFO - top_5_f1             0.3333
2025-03-11 21:04:09,266 - INFO - top_10_f1            0.1818
2025-03-11 21:04:09,266 - INFO - 
--- Prediction Horizon: 5 ---
2025-03-11 21:04:09,266 - INFO - mAP: 1.0000
2025-03-11 21:04:09,266 - INFO - 
Accuracy Metrics:
2025-03-11 21:04:09,266 - INFO - Metric               Value     
2025-03-11 21:04:09,266 - INFO - ------------------------------
2025-03-11 21:04:09,266 - INFO - 
Accuracy Metrics:
2025-03-11 21:04:09,267 - INFO - Metric               Value     
2025-03-11 21:04:09,267 - INFO - ------------------------------
2025-03-11 21:04:09,267 - INFO - top_1_any_match      1.0000
2025-03-11 21:04:09,267 - INFO - top_3_any_match      1.0000
2025-03-11 21:04:09,267 - INFO - top_5_any_match      1.0000
2025-03-11 21:04:09,267 - INFO - top_10_any_match     1.0000
2025-03-11 21:04:09,267 - INFO - top_1_exact_match    1.0000
2025-03-11 21:04:09,267 - INFO - top_3_exact_match    1.0000
2025-03-11 21:04:09,267 - INFO - top_5_exact_match    1.0000
2025-03-11 21:04:09,267 - INFO - top_10_exact_match   1.0000
2025-03-11 21:04:09,267 - INFO - 
Recall Metrics:
2025-03-11 21:04:09,267 - INFO - Metric               Value     
2025-03-11 21:04:09,267 - INFO - ------------------------------
2025-03-11 21:04:09,267 - INFO - top_1_recall         1.0000
2025-03-11 21:04:09,267 - INFO - top_3_recall         1.0000
2025-03-11 21:04:09,267 - INFO - top_5_recall         1.0000
2025-03-11 21:04:09,267 - INFO - top_10_recall        1.0000
2025-03-11 21:04:09,267 - INFO - 
Precision Metrics:
2025-03-11 21:04:09,267 - INFO - Metric               Value     
2025-03-11 21:04:09,267 - INFO - ------------------------------
2025-03-11 21:04:09,267 - INFO - top_1_precision      1.0000
2025-03-11 21:04:09,267 - INFO - top_3_precision      0.3333
2025-03-11 21:04:09,267 - INFO - top_5_precision      0.2000
2025-03-11 21:04:09,267 - INFO - top_10_precision     0.1000
2025-03-11 21:04:09,267 - INFO - 
F1-Score Metrics:
2025-03-11 21:04:09,267 - INFO - Metric               Value     
2025-03-11 21:04:09,267 - INFO - ------------------------------
2025-03-11 21:04:09,267 - INFO - top_1_f1             1.0000
2025-03-11 21:04:09,267 - INFO - top_3_f1             0.5000
2025-03-11 21:04:09,267 - INFO - top_5_f1             0.3333
2025-03-11 21:04:09,267 - INFO - top_10_f1            0.1818
2025-03-11 21:04:09,267 - INFO - 
--- Prediction Horizon: 10 ---
2025-03-11 21:04:09,267 - INFO - mAP: 1.0000
2025-03-11 21:04:09,267 - INFO - 
Accuracy Metrics:
2025-03-11 21:04:09,267 - INFO - Metric               Value     
2025-03-11 21:04:09,267 - INFO - ------------------------------
2025-03-11 21:04:09,267 - INFO - 
Accuracy Metrics:
2025-03-11 21:04:09,267 - INFO - Metric               Value     
2025-03-11 21:04:09,267 - INFO - ------------------------------
2025-03-11 21:04:09,267 - INFO - top_1_any_match      1.0000
2025-03-11 21:04:09,267 - INFO - top_3_any_match      1.0000
2025-03-11 21:04:09,267 - INFO - top_5_any_match      1.0000
2025-03-11 21:04:09,267 - INFO - top_10_any_match     1.0000
2025-03-11 21:04:09,267 - INFO - top_1_exact_match    1.0000
2025-03-11 21:04:09,267 - INFO - top_3_exact_match    1.0000
2025-03-11 21:04:09,267 - INFO - top_5_exact_match    1.0000
2025-03-11 21:04:09,267 - INFO - top_10_exact_match   1.0000
2025-03-11 21:04:09,267 - INFO - 
Recall Metrics:
2025-03-11 21:04:09,267 - INFO - Metric               Value     
2025-03-11 21:04:09,267 - INFO - ------------------------------
2025-03-11 21:04:09,267 - INFO - top_1_recall         1.0000
2025-03-11 21:04:09,267 - INFO - top_3_recall         1.0000
2025-03-11 21:04:09,267 - INFO - top_5_recall         1.0000
2025-03-11 21:04:09,267 - INFO - top_10_recall        1.0000
2025-03-11 21:04:09,267 - INFO - 
Precision Metrics:
2025-03-11 21:04:09,267 - INFO - Metric               Value     
2025-03-11 21:04:09,267 - INFO - ------------------------------
2025-03-11 21:04:09,268 - INFO - top_1_precision      1.0000
2025-03-11 21:04:09,268 - INFO - top_3_precision      0.3333
2025-03-11 21:04:09,268 - INFO - top_5_precision      0.2000
2025-03-11 21:04:09,268 - INFO - top_10_precision     0.1000
2025-03-11 21:04:09,268 - INFO - 
F1-Score Metrics:
2025-03-11 21:04:09,268 - INFO - Metric               Value     
2025-03-11 21:04:09,268 - INFO - ------------------------------
2025-03-11 21:04:09,268 - INFO - top_1_f1             1.0000
2025-03-11 21:04:09,268 - INFO - top_3_f1             0.5000
2025-03-11 21:04:09,268 - INFO - top_5_f1             0.3333
2025-03-11 21:04:09,268 - INFO - top_10_f1            0.1818
2025-03-11 21:04:09,268 - INFO - 
--- Prediction Horizon: 15 ---
2025-03-11 21:04:09,268 - INFO - mAP: 1.0000
2025-03-11 21:04:09,268 - INFO - 
Accuracy Metrics:
2025-03-11 21:04:09,268 - INFO - Metric               Value     
2025-03-11 21:04:09,268 - INFO - ------------------------------
2025-03-11 21:04:09,268 - INFO - 
Accuracy Metrics:
2025-03-11 21:04:09,268 - INFO - Metric               Value     
2025-03-11 21:04:09,268 - INFO - ------------------------------
2025-03-11 21:04:09,268 - INFO - top_1_any_match      1.0000
2025-03-11 21:04:09,268 - INFO - top_3_any_match      1.0000
2025-03-11 21:04:09,268 - INFO - top_5_any_match      1.0000
2025-03-11 21:04:09,268 - INFO - top_10_any_match     1.0000
2025-03-11 21:04:09,268 - INFO - top_1_exact_match    1.0000
2025-03-11 21:04:09,268 - INFO - top_3_exact_match    1.0000
2025-03-11 21:04:09,268 - INFO - top_5_exact_match    1.0000
2025-03-11 21:04:09,268 - INFO - top_10_exact_match   1.0000
2025-03-11 21:04:09,268 - INFO - 
Recall Metrics:
2025-03-11 21:04:09,268 - INFO - Metric               Value     
2025-03-11 21:04:09,268 - INFO - ------------------------------
2025-03-11 21:04:09,268 - INFO - top_1_recall         1.0000
2025-03-11 21:04:09,268 - INFO - top_3_recall         1.0000
2025-03-11 21:04:09,268 - INFO - top_5_recall         1.0000
2025-03-11 21:04:09,268 - INFO - top_10_recall        1.0000
2025-03-11 21:04:09,268 - INFO - 
Precision Metrics:
2025-03-11 21:04:09,268 - INFO - Metric               Value     
2025-03-11 21:04:09,268 - INFO - ------------------------------
2025-03-11 21:04:09,268 - INFO - top_1_precision      1.0000
2025-03-11 21:04:09,268 - INFO - top_3_precision      0.3333
2025-03-11 21:04:09,268 - INFO - top_5_precision      0.2000
2025-03-11 21:04:09,268 - INFO - top_10_precision     0.1000
2025-03-11 21:04:09,268 - INFO - 
F1-Score Metrics:
2025-03-11 21:04:09,268 - INFO - Metric               Value     
2025-03-11 21:04:09,268 - INFO - ------------------------------
2025-03-11 21:04:09,268 - INFO - top_1_f1             1.0000
2025-03-11 21:04:09,268 - INFO - top_3_f1             0.5000
2025-03-11 21:04:09,268 - INFO - top_5_f1             0.3333
2025-03-11 21:04:09,268 - INFO - top_10_f1            0.1818
2025-03-11 21:04:10,481 - INFO - 
Action Prediction Accuracy:
2025-03-11 21:04:10,482 - INFO - --------------------------------------------------
2025-03-11 21:04:10,482 - INFO - Horizon    Top-k      Accuracy  
2025-03-11 21:04:10,482 - INFO - --------------------------------------------------
2025-03-11 21:04:10,482 - INFO - 1          mAP             1.0000
2025-03-11 21:04:10,482 - INFO - 3          mAP             1.0000
2025-03-11 21:04:10,482 - INFO - 5          mAP             1.0000
2025-03-11 21:04:10,482 - INFO - 10         mAP             1.0000
2025-03-11 21:04:10,482 - INFO - 15         mAP             1.0000
2025-03-11 21:04:10,482 - INFO - --------------------------------------------------
