2025-05-28 16:58:50,514 - INFO - Log file: logs/2025-05-28_16-58-50/il_vs_rl_comparison.log
2025-05-28 16:58:50,514 - INFO - 🚀 Starting IL vs RL Comparison Experiment
2025-05-28 16:58:50,514 - INFO - Device: cuda
2025-05-28 16:58:50,514 - INFO - Results will be saved to: logs/2025-05-28_16-58-50/comparison_results
2025-05-28 16:58:50,514 - INFO - 📊 Loading dataset...
2025-05-28 16:58:50,514 - INFO - Loading train data from /home/maxboels/datasets/CholecT50 with fold 0
2025-05-28 16:58:50,913 - INFO - [Train] Start processing metadata file /home/maxboels/datasets/CholecT50/embeddings_train_set/fold0/embeddings_f0_swin_bas_129_phase_complet_phase_transit_prog_prob_action_risk_glob_outcome.csv
2025-05-28 16:58:50,913 - INFO - [Train] Rewards extraction skipped, using metadata file /home/maxboels/datasets/CholecT50/embeddings_train_set/fold0/embeddings_f0_swin_bas_129_phase_complet_phase_transit_prog_prob_action_risk_glob_outcome.csv
2025-05-28 16:58:50,915 - INFO - [Train] Found 1 videos in metadata file
2025-05-28 16:58:50,915 - INFO - [Train] Loading data for 1 videos
2025-05-28 16:58:50,989 - INFO - Loading test data from /home/maxboels/datasets/CholecT50 with fold 0
2025-05-28 16:58:51,074 - INFO - [Test] Start processing metadata file /home/maxboels/datasets/CholecT50/embeddings_test_set/fold0/embeddings_f0_swin_bas_129_phase_complet_phase_transit_prog_prob_action_risk_glob_outcome.csv
2025-05-28 16:58:51,074 - INFO - [Test] Rewards extraction skipped, using metadata file /home/maxboels/datasets/CholecT50/embeddings_test_set/fold0/embeddings_f0_swin_bas_129_phase_complet_phase_transit_prog_prob_action_risk_glob_outcome.csv
2025-05-28 16:58:51,074 - INFO - [Test] Found 1 videos in metadata file
2025-05-28 16:58:51,074 - INFO - [Test] Loading data for 1 videos
2025-05-28 16:58:51,193 - INFO - Loaded 1 training videos and 1 test videos
2025-05-28 16:58:51,193 - INFO - 🎓 Training Imitation Learning Model...
2025-05-28 16:58:51,193 - INFO - Training supervised imitation learning model
2025-05-28 16:58:52,610 - INFO - Model parameters: 48,924,145 total, 48,924,145 trainable
2025-05-28 16:58:52,612 - INFO - Starting supervised training for autoregressive action prediction
2025-05-28 16:58:52,996 - INFO - Batch 0/109 | Loss: 3.3153
2025-05-28 16:58:57,383 - INFO - Batch 100/109 | Loss: 0.5771
2025-05-28 16:59:53,997 - INFO - New best model saved: logs/2025-05-28_16-58-50/checkpoints/supervised_best_epoch_1.pt
2025-05-28 16:59:53,998 - INFO - Epoch 1/2 | Train Loss: 1.0436 | Val Loss: 0.5192 | Val Action Acc: 0.0000
2025-05-28 16:59:54,166 - INFO - Batch 0/109 | Loss: 0.5085
2025-05-28 16:59:58,595 - INFO - Batch 100/109 | Loss: 0.3063
2025-05-28 17:00:55,669 - INFO - New best model saved: logs/2025-05-28_16-58-50/checkpoints/supervised_best_epoch_2.pt
2025-05-28 17:00:55,670 - INFO - Epoch 2/2 | Train Loss: 0.3539 | Val Loss: 0.4213 | Val Action Acc: 0.0000
2025-05-28 17:00:56,104 - INFO - Training plots saved to logs/2025-05-28_16-58-50
2025-05-28 17:00:56,214 - INFO - Training completed. Best model: logs/2025-05-28_16-58-50/checkpoints/supervised_best_epoch_2.pt
2025-05-28 17:00:56,214 - INFO - Final model: logs/2025-05-28_16-58-50/checkpoints/final_model.pt
2025-05-28 17:00:56,215 - INFO - ✅ IL training completed. Model saved: logs/2025-05-28_16-58-50/checkpoints/supervised_best_epoch_2.pt
2025-05-28 17:00:56,278 - INFO - 🤖 Training RL Models...
2025-05-28 17:01:06,512 - INFO - 📈 Running comprehensive evaluation...
2025-05-28 17:01:06,512 - INFO - 📊 Evaluating Imitation Learning model...
2025-05-28 17:01:07,504 - INFO - Starting comprehensive evaluation of both modes
2025-05-28 17:01:07,504 - INFO - Starting supervised mode evaluation (autoregressive action prediction)
2025-05-28 17:01:07,505 - INFO - Evaluating 1 videos with horizons [1, 3, 5, 10, 15] and top-k [1, 3, 5, 10]
2025-05-28 17:01:07,505 - INFO - Evaluating video: VID02 (1/1)
2025-05-28 17:02:21,352 - INFO - Supervised evaluation completed. Processed 2839 samples from 1 videos.
2025-05-28 17:02:21,353 - INFO - Starting RL mode evaluation (state and reward prediction)
2025-05-28 17:02:21,353 - INFO - Evaluating RL mode on video: VID02
2025-05-28 17:02:23,653 - INFO - RL evaluation completed. Processed 2839 samples from 1 videos.
2025-05-28 17:02:24,303 - INFO - Supervised evaluation results saved to logs/2025-05-28_16-58-50/comparison_results/il_evaluation
2025-05-28 17:02:24,503 - INFO - RL evaluation results saved to logs/2025-05-28_16-58-50/comparison_results/il_evaluation
2025-05-28 17:02:24,726 - INFO - Comparison visualizations saved to logs/2025-05-28_16-58-50/comparison_results/il_evaluation
2025-05-28 17:02:24,726 - INFO - Comprehensive evaluation completed
2025-05-28 17:02:24,726 - INFO - ✅ IL evaluation completed
2025-05-28 17:02:24,763 - INFO - 🔬 Performing statistical analysis...
2025-05-28 17:02:24,764 - INFO - 📝 Generating reports and visualizations...
2025-05-28 17:02:24,764 - INFO - 📄 Final report saved to: logs/2025-05-28_16-58-50/comparison_results/comparison_report.md
2025-05-28 17:02:24,766 - INFO - 💾 Complete results saved to: logs/2025-05-28_16-58-50/comparison_results/complete_comparison_results.json
2025-05-28 17:02:24,766 - INFO - 📋 Experiment summary saved to: logs/2025-05-28_16-58-50/comparison_results/experiment_summary.json
2025-05-28 17:02:24,766 - INFO - ✅ Complete IL vs RL comparison finished successfully!
