2025-04-09 16:49:08,688 - INFO - Log file: logs/2025-04-09_16-49-08/loggings.log
2025-04-09 16:49:08,688 - INFO - Starting CholecT50 experiment for Surgical Actions Prediction
2025-04-09 16:49:08,688 - INFO - Experiment configuration: {'max_videos': None, 'recognition': {'train': False, 'inference': True, 'best_model_path': 'best_model_epoch2_map0.5008.pt'}, 'pretrain_next_frame': {'train': False, 'inference': False, 'best_model_path': 'best_model_epoch1_valloss1.190734.pt'}, 'pretrain_reward_model': False, 'calculate_action_rewards': False, 'train_action_policy': False, 'run_tdmpc': False, 'analyze_results': False, 'run_evaluation': False}
2025-04-09 16:49:08,688 - INFO - Using device: cuda
2025-04-09 16:49:08,688 - INFO - Loading CholecT50 data...
2025-04-09 16:49:20,444 - INFO - Loading pre-trained model from best_model_epoch2_map0.5008.pt
2025-04-09 16:49:20,507 - INFO - Running inference and evaluation...
2025-04-09 16:49:20,769 - INFO - [TEST] Video VID02 | Batch 0/178
2025-04-09 16:49:20,928 - INFO - [TEST] Video VID02 | Batch 40/178
2025-04-09 16:49:21,082 - INFO - [TEST] Video VID02 | Batch 80/178
2025-04-09 16:49:21,232 - INFO - [TEST] Video VID02 | Batch 120/178
2025-04-09 16:49:21,382 - INFO - [TEST] Video VID02 | Batch 160/178
2025-04-09 16:49:21,518 - INFO - [TEST] Video VID02: Test mAP (sklearn) Action: 0.4723
2025-04-09 16:49:21,518 - INFO - [TEST] Video VID02: Test mAP (sklearn) Instrument: 0.9214
2025-04-09 16:49:21,694 - INFO - [TEST] Video VID06 | Batch 0/135
2025-04-09 16:49:21,839 - INFO - [TEST] Video VID06 | Batch 40/135
2025-04-09 16:49:21,986 - INFO - [TEST] Video VID06 | Batch 80/135
2025-04-09 16:49:22,142 - INFO - [TEST] Video VID06 | Batch 120/135
2025-04-09 16:49:22,262 - INFO - [TEST] Video VID06: Test mAP (sklearn) Action: 0.5409
2025-04-09 16:49:22,263 - INFO - [TEST] Video VID06: Test mAP (sklearn) Instrument: 0.9493
2025-04-09 16:49:22,432 - INFO - [TEST] Video VID111 | Batch 0/135
2025-04-09 16:49:22,580 - INFO - [TEST] Video VID111 | Batch 40/135
2025-04-09 16:49:22,725 - INFO - [TEST] Video VID111 | Batch 80/135
2025-04-09 16:49:22,885 - INFO - [TEST] Video VID111 | Batch 120/135
2025-04-09 16:49:23,014 - INFO - [TEST] Video VID111: Test mAP (sklearn) Action: 0.5217
2025-04-09 16:49:23,014 - INFO - [TEST] Video VID111: Test mAP (sklearn) Instrument: 0.9498
2025-04-09 16:49:23,185 - INFO - [TEST] Video VID14 | Batch 0/107
2025-04-09 16:49:23,324 - INFO - [TEST] Video VID14 | Batch 40/107
2025-04-09 16:49:23,471 - INFO - [TEST] Video VID14 | Batch 80/107
2025-04-09 16:49:23,639 - INFO - [TEST] Video VID14: Test mAP (sklearn) Action: 0.3740
2025-04-09 16:49:23,639 - INFO - [TEST] Video VID14: Test mAP (sklearn) Instrument: 0.8406
2025-04-09 16:49:23,807 - INFO - [TEST] Video VID23 | Batch 0/103
2025-04-09 16:49:23,955 - INFO - [TEST] Video VID23 | Batch 40/103
2025-04-09 16:49:24,105 - INFO - [TEST] Video VID23 | Batch 80/103
2025-04-09 16:49:24,255 - INFO - [TEST] Video VID23: Test mAP (sklearn) Action: 0.4474
2025-04-09 16:49:24,256 - INFO - [TEST] Video VID23: Test mAP (sklearn) Instrument: 0.8777
2025-04-09 16:49:24,432 - INFO - [TEST] Video VID25 | Batch 0/134
2025-04-09 16:49:24,575 - INFO - [TEST] Video VID25 | Batch 40/134
2025-04-09 16:49:24,722 - INFO - [TEST] Video VID25 | Batch 80/134
2025-04-09 16:49:24,880 - INFO - [TEST] Video VID25 | Batch 120/134
2025-04-09 16:49:24,990 - INFO - [TEST] Video VID25: Test mAP (sklearn) Action: 0.5763
2025-04-09 16:49:24,990 - INFO - [TEST] Video VID25: Test mAP (sklearn) Instrument: 0.9426
2025-04-09 16:49:25,157 - INFO - [TEST] Video VID50 | Batch 0/69
2025-04-09 16:49:25,309 - INFO - [TEST] Video VID50 | Batch 40/69
2025-04-09 16:49:25,471 - INFO - [TEST] Video VID50: Test mAP (sklearn) Action: 0.5496
2025-04-09 16:49:25,472 - INFO - [TEST] Video VID50: Test mAP (sklearn) Instrument: 0.9759
2025-04-09 16:49:25,642 - INFO - [TEST] Video VID51 | Batch 0/184
2025-04-09 16:49:25,784 - INFO - [TEST] Video VID51 | Batch 40/184
2025-04-09 16:49:25,941 - INFO - [TEST] Video VID51 | Batch 80/184
2025-04-09 16:49:26,104 - INFO - [TEST] Video VID51 | Batch 120/184
2025-04-09 16:49:26,259 - INFO - [TEST] Video VID51 | Batch 160/184
2025-04-09 16:49:26,418 - INFO - [TEST] Video VID51: Test mAP (sklearn) Action: 0.4941
2025-04-09 16:49:26,418 - INFO - [TEST] Video VID51: Test mAP (sklearn) Instrument: 0.9628
2025-04-09 16:49:26,589 - INFO - [TEST] Video VID66 | Batch 0/114
2025-04-09 16:49:26,730 - INFO - [TEST] Video VID66 | Batch 40/114
2025-04-09 16:49:26,876 - INFO - [TEST] Video VID66 | Batch 80/114
2025-04-09 16:49:27,066 - INFO - [TEST] Video VID66: Test mAP (sklearn) Action: 0.6118
2025-04-09 16:49:27,066 - INFO - [TEST] Video VID66: Test mAP (sklearn) Instrument: 0.9365
2025-04-09 16:49:27,254 - INFO - [TEST] Video VID79 | Batch 0/214
2025-04-09 16:49:27,398 - INFO - [TEST] Video VID79 | Batch 40/214
2025-04-09 16:49:27,544 - INFO - [TEST] Video VID79 | Batch 80/214
2025-04-09 16:49:27,703 - INFO - [TEST] Video VID79 | Batch 120/214
2025-04-09 16:49:27,860 - INFO - [TEST] Video VID79 | Batch 160/214
2025-04-09 16:49:28,025 - INFO - [TEST] Video VID79 | Batch 200/214
2025-04-09 16:49:28,155 - INFO - [TEST] Video VID79: Test mAP (sklearn) Action: 0.4196
2025-04-09 16:49:28,155 - INFO - [TEST] Video VID79: Test mAP (sklearn) Instrument: 0.9746
2025-04-09 16:49:30,797 - INFO - [TEST] Overall action mAP (sklearn): 0.5008
2025-04-09 16:49:30,797 - INFO - [TEST] Overall instrument mAP (sklearn): 0.9331
2025-04-09 16:49:30,797 - INFO - [TEST] Overall action mAP (ivt): 0.3772
2025-04-09 16:49:30,797 - INFO - [TEST] Overall instrument mAP (ivt): 0.9215
2025-04-09 16:49:30,798 - INFO - [TEST] Test mAP Action (sklearn): 0.5008
2025-04-09 16:49:30,798 - INFO - [TEST] Test mAP Instrument (sklearn): 0.9331
2025-04-09 16:49:30,798 - INFO - [TEST] Test mAP Action (ivt): 0.3772
2025-04-09 16:49:30,798 - INFO - [TEST] Test mAP Instrument (ivt): 0.9215
2025-04-09 16:49:30,798 - INFO - Results: {'sklearn_mAP_a': 0.5008, 'sklearn_mAP_i': 0.9331, 'ivt_mAP_a': 0.3772, 'ivt_mAP_i': 0.9215}
