2025-06-03 17:55:16,493 - INFO - logger_three_way_experiment_133607484284784 - Shared experiment log directory: logs/2025-06-03_17-55-16
2025-06-03 17:55:16,497 - INFO - logger_three_way_experiment_133607484284784 - 🚀 THREE-WAY EXPERIMENTAL COMPARISON INITIALIZED
2025-06-03 17:55:16,498 - INFO - logger_three_way_experiment_133607484284784 - Method 1: Imitation Learning (Baseline)
2025-06-03 17:55:16,498 - INFO - logger_three_way_experiment_133607484284784 - Method 2: RL with World Model Simulation
2025-06-03 17:55:16,498 - INFO - logger_three_way_experiment_133607484284784 - Method 3: RL with Offline Video Episodes
2025-06-03 17:55:16,498 - INFO - logger_three_way_experiment_133607484284784 - Device: cuda
2025-06-03 17:55:16,498 - INFO - logger_three_way_experiment_133607484284784 - Results will be saved to: logs/2025-06-03_17-55-16/three_way_results
2025-06-03 17:55:16,498 - INFO - logger_three_way_experiment_133607484284784 - ================================================================================
2025-06-03 17:55:16,498 - INFO - logger_three_way_experiment_133607484284784 - STEP 1: LOADING DATASET
2025-06-03 17:55:16,498 - INFO - logger_three_way_experiment_133607484284784 - ================================================================================
2025-06-03 17:55:16,498 - INFO - logger_three_way_experiment_133607484284784 - Loading train data from /home/maxboels/datasets/CholecT50 with fold 0
2025-06-03 17:55:16,893 - INFO - logger_three_way_experiment_133607484284784 - [Train] Start processing metadata file /home/maxboels/datasets/CholecT50/embeddings_train_set/fold0/embeddings_f0_swin_bas_129_phase_complet_phase_transit_prog_prob_action_risk_glob_outcome.csv
2025-06-03 17:55:16,893 - INFO - logger_three_way_experiment_133607484284784 - [Train] Rewards extraction skipped, using metadata file /home/maxboels/datasets/CholecT50/embeddings_train_set/fold0/embeddings_f0_swin_bas_129_phase_complet_phase_transit_prog_prob_action_risk_glob_outcome.csv
2025-06-03 17:55:16,895 - INFO - logger_three_way_experiment_133607484284784 - [Train] Found 2 videos in metadata file
2025-06-03 17:55:16,895 - INFO - logger_three_way_experiment_133607484284784 - [Train] Loading data for 2 videos
2025-06-03 17:55:17,146 - INFO - logger_three_way_experiment_133607484284784 - Loading test data from /home/maxboels/datasets/CholecT50 with fold 0
2025-06-03 17:55:17,225 - INFO - logger_three_way_experiment_133607484284784 - [Test] Start processing metadata file /home/maxboels/datasets/CholecT50/embeddings_test_set/fold0/embeddings_f0_swin_bas_129_phase_complet_phase_transit_prog_prob_action_risk_glob_outcome.csv
2025-06-03 17:55:17,225 - INFO - logger_three_way_experiment_133607484284784 - [Test] Rewards extraction skipped, using metadata file /home/maxboels/datasets/CholecT50/embeddings_test_set/fold0/embeddings_f0_swin_bas_129_phase_complet_phase_transit_prog_prob_action_risk_glob_outcome.csv
2025-06-03 17:55:17,225 - INFO - logger_three_way_experiment_133607484284784 - [Test] Found 1 videos in metadata file
2025-06-03 17:55:17,225 - INFO - logger_three_way_experiment_133607484284784 - [Test] Loading data for 1 videos
2025-06-03 17:55:17,328 - INFO - logger_three_way_experiment_133607484284784 - ✅ Loaded 2 training videos and 1 test videos
2025-06-03 17:55:17,328 - INFO - logger_three_way_experiment_133607484284784 - ================================================================================
2025-06-03 17:55:17,328 - INFO - logger_three_way_experiment_133607484284784 - STEP 2: METHOD 1 - IMITATION LEARNING BASELINE
2025-06-03 17:55:17,328 - INFO - logger_three_way_experiment_133607484284784 - ================================================================================
2025-06-03 17:55:17,328 - INFO - logger_three_way_experiment_133607484284784 - 🎓 Training Imitation Learning Baseline...
2025-06-03 17:55:17,328 - INFO - logger_three_way_experiment_133607484284784 - 📋 Approach: Supervised learning on expert demonstrations
2025-06-03 17:55:18,679 - INFO - logger_three_way_experiment_133607484284784 - Starting the Imitation Learning training for autoregressive action prediction
2025-06-03 17:55:19,077 - INFO - logger_three_way_experiment_133607484284784 - Batch 0/204 | Loss: 3.3805
2025-06-03 17:55:23,450 - INFO - logger_three_way_experiment_133607484284784 - Batch 100/204 | Loss: 0.6051
2025-06-03 17:55:27,834 - INFO - logger_three_way_experiment_133607484284784 - Batch 200/204 | Loss: 0.3607
2025-06-03 17:55:33,893 - ERROR - logger_three_way_experiment_133607484284784 - ❌ Method 1 (IL) failed: [Errno 2] No such file or directory
2025-06-03 17:55:33,991 - INFO - logger_three_way_experiment_133607484284784 - ================================================================================
2025-06-03 17:55:33,991 - INFO - logger_three_way_experiment_133607484284784 - STEP 3: METHOD 2 - RL WITH WORLD MODEL SIMULATION
2025-06-03 17:55:33,992 - INFO - logger_three_way_experiment_133607484284784 - ================================================================================
2025-06-03 17:55:33,992 - INFO - logger_three_way_experiment_133607484284784 - 🌍 Training RL with World Model Simulation...
2025-06-03 17:55:33,992 - INFO - logger_three_way_experiment_133607484284784 - 📋 Approach: World model as RL environment simulator
2025-06-03 17:55:33,992 - INFO - logger_three_way_experiment_133607484284784 - 🔧 Training world model for RL simulation...
2025-06-03 17:55:33,992 - ERROR - logger_three_way_experiment_133607484284784 - ❌ Method 2 (RL + World Model) failed: 'ThreeWayExperimentalComparison' object has no attribute '_train_world_model_for_rl'
2025-06-03 17:55:33,992 - INFO - logger_three_way_experiment_133607484284784 - ================================================================================
2025-06-03 17:55:33,992 - INFO - logger_three_way_experiment_133607484284784 - STEP 4: METHOD 3 - RL WITH OFFLINE VIDEO EPISODES
2025-06-03 17:55:33,992 - INFO - logger_three_way_experiment_133607484284784 - ================================================================================
2025-06-03 17:55:33,992 - INFO - logger_three_way_experiment_133607484284784 - 📹 Training RL with Offline Video Episodes...
2025-06-03 17:55:33,992 - INFO - logger_three_way_experiment_133607484284784 - 📋 Approach: Direct RL on video sequences (no world model)
2025-06-03 17:55:33,992 - ERROR - logger_three_way_experiment_133607484284784 - ❌ Method 3 (RL + Offline Videos) failed: cannot import name 'DirectVideoEnvironment' from 'environment' (unknown location)
2025-06-03 17:55:33,992 - INFO - logger_three_way_experiment_133607484284784 - ================================================================================
2025-06-03 17:55:33,992 - INFO - logger_three_way_experiment_133607484284784 - STEP 5: COMPREHENSIVE EVALUATION AND COMPARISON
2025-06-03 17:55:33,992 - INFO - logger_three_way_experiment_133607484284784 - ================================================================================
2025-06-03 17:55:33,992 - INFO - logger_three_way_experiment_133607484284784 - 📊 Running comprehensive three-way evaluation...
2025-06-03 17:55:33,992 - WARNING - logger_three_way_experiment_133607484284784 - ⚠️ No models available for comprehensive evaluation
2025-06-03 17:55:33,992 - INFO - logger_three_way_experiment_133607484284784 - ================================================================================
2025-06-03 17:55:33,992 - INFO - logger_three_way_experiment_133607484284784 - STEP 6: GENERATING RESEARCH PAPER RESULTS
2025-06-03 17:55:33,992 - INFO - logger_three_way_experiment_133607484284784 - ================================================================================
2025-06-03 17:55:33,992 - INFO - logger_three_way_experiment_133607484284784 - 📝 Generating research paper results...
2025-06-03 17:55:33,992 - INFO - logger_three_way_experiment_133607484284784 - 📄 Experiment summary saved to: logs/2025-06-03_17-55-16/three_way_results/experiment_summary.md
2025-06-03 17:55:33,992 - INFO - logger_three_way_experiment_133607484284784 - 📄 Paper results saved to: logs/2025-06-03_17-55-16/three_way_results/paper_results.json
2025-06-03 17:55:33,993 - INFO - logger_three_way_experiment_133607484284784 - 💾 Complete results saved to: logs/2025-06-03_17-55-16/three_way_results/complete_three_way_results.json
2025-06-03 17:55:33,993 - INFO - logger_three_way_experiment_133607484284784 - 📁 All results available in: logs/2025-06-03_17-55-16/three_way_results
2025-06-03 17:55:33,993 - INFO - logger_three_way_experiment_133607484284784 - ✅ THREE-WAY EXPERIMENTAL COMPARISON COMPLETED SUCCESSFULLY!
