2025-03-11 17:59:18,921 - INFO - Log file: logs/2025-03-11_17-59-18/loggings.log
2025-03-11 17:59:18,921 - INFO - Starting CholecT50 experiment for Surgical Actions Prediction
2025-03-11 17:59:18,921 - INFO - Experiment configuration: {'max_videos': 1, 'pretrain_next_frame': {'train': True, 'inference': True}, 'pretrain_reward_model': False, 'calculate_action_rewards': False, 'train_action_policy': False, 'run_tdmpc': False, 'analyze_results': False, 'run_evaluation': False}
2025-03-11 17:59:18,922 - INFO - Using device: cuda
2025-03-11 17:59:18,922 - INFO - Loading CholecT50 data...
2025-03-11 17:59:27,058 - INFO - Best model path: best_model_epoch1_valloss1.190734.pt
2025-03-11 17:59:27,358 - INFO - Loaded best model from best_model_epoch1_valloss1.190734.pt
2025-03-11 17:59:27,358 - INFO - Epoch 1/1 Validation
2025-03-11 17:59:27,358 - INFO - Starting validation
2025-03-11 18:01:06,028 - INFO - Epoch 1/1, Batch 0/178, Loss: 17.0696
2025-03-11 18:01:44,826 - INFO - Epoch 1/1, Batch 40/178, Loss: 18.8383
2025-03-11 18:02:24,193 - INFO - Epoch 1/1, Batch 80/178, Loss: 19.3656
2025-03-11 18:03:04,778 - INFO - Epoch 1/1, Batch 120/178, Loss: 21.6542
2025-03-11 18:03:49,303 - INFO - Epoch 1/1, Batch 160/178, Loss: 18.8364
2025-03-11 18:04:10,200 - INFO - Epoch 1/1, Val Loss: 1.1950
2025-03-11 18:04:10,208 - INFO - 
Comprehensive Evaluation Results:
2025-03-11 18:06:44,012 - INFO - 
--- Prediction Horizon: 1 ---
2025-03-11 18:06:44,012 - INFO - mAP: 0.0000
2025-03-11 18:06:44,012 - INFO - 
Accuracy Metrics:
2025-03-11 18:06:44,012 - INFO - Metric               Value     
2025-03-11 18:06:44,012 - INFO - ------------------------------
2025-03-11 18:06:44,013 - INFO - 
Accuracy Metrics:
2025-03-11 18:06:44,013 - INFO - Metric               Value     
2025-03-11 18:06:44,013 - INFO - ------------------------------
2025-03-11 18:06:44,013 - INFO - top_1_any_match      0.0000
2025-03-11 18:06:44,013 - INFO - top_3_any_match      0.0000
2025-03-11 18:06:44,013 - INFO - top_5_any_match      0.0000
2025-03-11 18:06:44,013 - INFO - top_10_any_match     0.0000
2025-03-11 18:06:44,013 - INFO - top_1_exact_match    0.0000
2025-03-11 18:06:44,013 - INFO - top_3_exact_match    0.0000
2025-03-11 18:06:44,013 - INFO - top_5_exact_match    0.0000
2025-03-11 18:06:44,013 - INFO - top_10_exact_match   0.0000
2025-03-11 18:06:44,013 - INFO - 
Recall Metrics:
2025-03-11 18:06:44,013 - INFO - Metric               Value     
2025-03-11 18:06:44,013 - INFO - ------------------------------
2025-03-11 18:06:44,013 - INFO - top_1_recall         0.0000
2025-03-11 18:06:44,013 - INFO - top_3_recall         0.0000
2025-03-11 18:06:44,013 - INFO - top_5_recall         0.0000
2025-03-11 18:06:44,013 - INFO - top_10_recall        0.0000
2025-03-11 18:06:44,013 - INFO - 
Precision Metrics:
2025-03-11 18:06:44,013 - INFO - Metric               Value     
2025-03-11 18:06:44,013 - INFO - ------------------------------
2025-03-11 18:06:44,013 - INFO - top_1_precision      0.0000
2025-03-11 18:06:44,013 - INFO - top_3_precision      0.0000
2025-03-11 18:06:44,013 - INFO - top_5_precision      0.0000
2025-03-11 18:06:44,013 - INFO - top_10_precision     0.0000
2025-03-11 18:06:44,013 - INFO - 
F1-Score Metrics:
2025-03-11 18:06:44,014 - INFO - Metric               Value     
2025-03-11 18:06:44,014 - INFO - ------------------------------
2025-03-11 18:06:44,014 - INFO - top_1_f1             0.0000
2025-03-11 18:06:44,014 - INFO - top_3_f1             0.0000
2025-03-11 18:06:44,014 - INFO - top_5_f1             0.0000
2025-03-11 18:06:44,014 - INFO - top_10_f1            0.0000
2025-03-11 18:07:09,933 - INFO - 
--- Prediction Horizon: 3 ---
2025-03-11 18:07:09,933 - INFO - mAP: 0.0000
2025-03-11 18:07:09,933 - INFO - 
Accuracy Metrics:
2025-03-11 18:07:09,933 - INFO - Metric               Value     
2025-03-11 18:07:09,933 - INFO - ------------------------------
2025-03-11 18:07:09,933 - INFO - 
Accuracy Metrics:
2025-03-11 18:07:09,933 - INFO - Metric               Value     
2025-03-11 18:07:09,934 - INFO - ------------------------------
2025-03-11 18:07:09,934 - INFO - top_1_any_match      0.0000
2025-03-11 18:07:09,934 - INFO - top_3_any_match      0.0000
2025-03-11 18:07:09,934 - INFO - top_5_any_match      0.0000
2025-03-11 18:07:09,934 - INFO - top_10_any_match     0.0000
2025-03-11 18:07:09,934 - INFO - top_1_exact_match    0.0000
2025-03-11 18:07:09,934 - INFO - top_3_exact_match    0.0000
2025-03-11 18:07:09,934 - INFO - top_5_exact_match    0.0000
2025-03-11 18:07:09,934 - INFO - top_10_exact_match   0.0000
2025-03-11 18:07:09,934 - INFO - 
Recall Metrics:
2025-03-11 18:07:09,934 - INFO - Metric               Value     
2025-03-11 18:07:09,934 - INFO - ------------------------------
2025-03-11 18:07:09,934 - INFO - top_1_recall         0.0000
2025-03-11 18:07:09,934 - INFO - top_3_recall         0.0000
2025-03-11 18:07:09,935 - INFO - top_5_recall         0.0000
2025-03-11 18:07:09,935 - INFO - top_10_recall        0.0000
2025-03-11 18:07:09,935 - INFO - 
Precision Metrics:
2025-03-11 18:07:09,935 - INFO - Metric               Value     
2025-03-11 18:07:09,935 - INFO - ------------------------------
2025-03-11 18:07:09,935 - INFO - top_1_precision      0.0000
2025-03-11 18:07:09,935 - INFO - top_3_precision      0.0000
2025-03-11 18:07:09,935 - INFO - top_5_precision      0.0000
2025-03-11 18:07:09,935 - INFO - top_10_precision     0.0000
2025-03-11 18:07:09,935 - INFO - 
F1-Score Metrics:
2025-03-11 18:07:09,935 - INFO - Metric               Value     
2025-03-11 18:07:09,935 - INFO - ------------------------------
2025-03-11 18:07:09,935 - INFO - top_1_f1             0.0000
2025-03-11 18:07:09,935 - INFO - top_3_f1             0.0000
2025-03-11 18:07:09,936 - INFO - top_5_f1             0.0000
2025-03-11 18:07:09,936 - INFO - top_10_f1            0.0000
2025-03-11 18:07:11,586 - INFO - 
--- Prediction Horizon: 5 ---
2025-03-11 18:07:11,587 - INFO - mAP: 0.0000
2025-03-11 18:07:11,587 - INFO - 
Accuracy Metrics:
2025-03-11 18:07:11,587 - INFO - Metric               Value     
2025-03-11 18:07:11,587 - INFO - ------------------------------
2025-03-11 18:07:11,587 - INFO - 
Accuracy Metrics:
2025-03-11 18:07:11,587 - INFO - Metric               Value     
2025-03-11 18:07:11,587 - INFO - ------------------------------
2025-03-11 18:07:11,587 - INFO - top_1_any_match      0.0000
2025-03-11 18:07:11,587 - INFO - top_3_any_match      0.0000
2025-03-11 18:07:11,587 - INFO - top_5_any_match      0.0000
2025-03-11 18:07:11,587 - INFO - top_10_any_match     0.0000
2025-03-11 18:07:11,587 - INFO - top_1_exact_match    0.0000
2025-03-11 18:07:11,588 - INFO - top_3_exact_match    0.0000
2025-03-11 18:07:11,588 - INFO - top_5_exact_match    0.0000
2025-03-11 18:07:11,588 - INFO - top_10_exact_match   0.0000
2025-03-11 18:07:11,588 - INFO - 
Recall Metrics:
2025-03-11 18:07:11,588 - INFO - Metric               Value     
2025-03-11 18:07:11,588 - INFO - ------------------------------
2025-03-11 18:07:11,588 - INFO - top_1_recall         0.0000
2025-03-11 18:07:11,588 - INFO - top_3_recall         0.0000
2025-03-11 18:07:11,588 - INFO - top_5_recall         0.0000
2025-03-11 18:07:11,588 - INFO - top_10_recall        0.0000
2025-03-11 18:07:11,588 - INFO - 
Precision Metrics:
2025-03-11 18:07:11,589 - INFO - Metric               Value     
2025-03-11 18:07:11,589 - INFO - ------------------------------
2025-03-11 18:07:11,589 - INFO - top_1_precision      0.0000
2025-03-11 18:07:11,589 - INFO - top_3_precision      0.0000
2025-03-11 18:07:11,589 - INFO - top_5_precision      0.0000
2025-03-11 18:07:11,589 - INFO - top_10_precision     0.0000
2025-03-11 18:07:11,589 - INFO - 
F1-Score Metrics:
2025-03-11 18:07:11,589 - INFO - Metric               Value     
2025-03-11 18:07:11,589 - INFO - ------------------------------
2025-03-11 18:07:11,590 - INFO - top_1_f1             0.0000
2025-03-11 18:07:11,590 - INFO - top_3_f1             0.0000
2025-03-11 18:07:11,590 - INFO - top_5_f1             0.0000
2025-03-11 18:07:11,590 - INFO - top_10_f1            0.0000
2025-03-11 18:07:12,919 - INFO - 
--- Prediction Horizon: 10 ---
2025-03-11 18:07:12,920 - INFO - mAP: 0.0000
2025-03-11 18:07:12,920 - INFO - 
Accuracy Metrics:
2025-03-11 18:07:12,920 - INFO - Metric               Value     
2025-03-11 18:07:12,920 - INFO - ------------------------------
2025-03-11 18:07:12,920 - INFO - 
Accuracy Metrics:
2025-03-11 18:07:12,920 - INFO - Metric               Value     
2025-03-11 18:07:12,920 - INFO - ------------------------------
2025-03-11 18:07:12,920 - INFO - top_1_any_match      0.0000
2025-03-11 18:07:12,920 - INFO - top_3_any_match      0.0000
2025-03-11 18:07:12,920 - INFO - top_5_any_match      0.0000
2025-03-11 18:07:12,920 - INFO - top_10_any_match     0.0000
2025-03-11 18:07:12,920 - INFO - top_1_exact_match    0.0000
2025-03-11 18:07:12,920 - INFO - top_3_exact_match    0.0000
2025-03-11 18:07:12,920 - INFO - top_5_exact_match    0.0000
2025-03-11 18:07:12,920 - INFO - top_10_exact_match   0.0000
2025-03-11 18:07:12,920 - INFO - 
Recall Metrics:
2025-03-11 18:07:12,920 - INFO - Metric               Value     
2025-03-11 18:07:12,920 - INFO - ------------------------------
2025-03-11 18:07:12,920 - INFO - top_1_recall         0.0000
2025-03-11 18:07:12,920 - INFO - top_3_recall         0.0000
2025-03-11 18:07:12,920 - INFO - top_5_recall         0.0000
2025-03-11 18:07:12,920 - INFO - top_10_recall        0.0000
2025-03-11 18:07:12,921 - INFO - 
Precision Metrics:
2025-03-11 18:07:12,921 - INFO - Metric               Value     
2025-03-11 18:07:12,921 - INFO - ------------------------------
2025-03-11 18:07:12,921 - INFO - top_1_precision      0.0000
2025-03-11 18:07:12,921 - INFO - top_3_precision      0.0000
2025-03-11 18:07:12,921 - INFO - top_5_precision      0.0000
2025-03-11 18:07:12,921 - INFO - top_10_precision     0.0000
2025-03-11 18:07:12,921 - INFO - 
F1-Score Metrics:
2025-03-11 18:07:12,921 - INFO - Metric               Value     
2025-03-11 18:07:12,921 - INFO - ------------------------------
2025-03-11 18:07:12,921 - INFO - top_1_f1             0.0000
2025-03-11 18:07:12,921 - INFO - top_3_f1             0.0000
2025-03-11 18:07:12,921 - INFO - top_5_f1             0.0000
2025-03-11 18:07:12,921 - INFO - top_10_f1            0.0000
2025-03-11 18:07:14,189 - INFO - 
--- Prediction Horizon: 15 ---
2025-03-11 18:07:14,189 - INFO - mAP: 0.0000
2025-03-11 18:07:14,189 - INFO - 
Accuracy Metrics:
2025-03-11 18:07:14,189 - INFO - Metric               Value     
2025-03-11 18:07:14,189 - INFO - ------------------------------
2025-03-11 18:07:14,189 - INFO - 
Accuracy Metrics:
2025-03-11 18:07:14,189 - INFO - Metric               Value     
2025-03-11 18:07:14,189 - INFO - ------------------------------
2025-03-11 18:07:14,189 - INFO - top_1_any_match      0.0000
2025-03-11 18:07:14,189 - INFO - top_3_any_match      0.0000
2025-03-11 18:07:14,190 - INFO - top_5_any_match      0.0000
2025-03-11 18:07:14,190 - INFO - top_10_any_match     0.0000
2025-03-11 18:07:14,190 - INFO - top_1_exact_match    0.0000
2025-03-11 18:07:14,190 - INFO - top_3_exact_match    0.0000
2025-03-11 18:07:14,190 - INFO - top_5_exact_match    0.0000
2025-03-11 18:07:14,190 - INFO - top_10_exact_match   0.0000
2025-03-11 18:07:14,190 - INFO - 
Recall Metrics:
2025-03-11 18:07:14,190 - INFO - Metric               Value     
2025-03-11 18:07:14,190 - INFO - ------------------------------
2025-03-11 18:07:14,190 - INFO - top_1_recall         0.0000
2025-03-11 18:07:14,190 - INFO - top_3_recall         0.0000
2025-03-11 18:07:14,190 - INFO - top_5_recall         0.0000
2025-03-11 18:07:14,190 - INFO - top_10_recall        0.0000
2025-03-11 18:07:14,190 - INFO - 
Precision Metrics:
2025-03-11 18:07:14,190 - INFO - Metric               Value     
2025-03-11 18:07:14,190 - INFO - ------------------------------
2025-03-11 18:07:14,190 - INFO - top_1_precision      0.0000
2025-03-11 18:07:14,190 - INFO - top_3_precision      0.0000
2025-03-11 18:07:14,190 - INFO - top_5_precision      0.0000
2025-03-11 18:07:14,190 - INFO - top_10_precision     0.0000
2025-03-11 18:07:14,190 - INFO - 
F1-Score Metrics:
2025-03-11 18:07:14,190 - INFO - Metric               Value     
2025-03-11 18:07:14,190 - INFO - ------------------------------
2025-03-11 18:07:14,190 - INFO - top_1_f1             0.0000
2025-03-11 18:07:14,190 - INFO - top_3_f1             0.0000
2025-03-11 18:07:14,190 - INFO - top_5_f1             0.0000
2025-03-11 18:07:14,190 - INFO - top_10_f1            0.0000
2025-03-11 18:07:36,704 - INFO - 
Action Prediction Accuracy:
2025-03-11 18:07:36,704 - INFO - --------------------------------------------------
2025-03-11 18:07:36,705 - INFO - Horizon    Top-k      Accuracy  
2025-03-11 18:07:36,705 - INFO - --------------------------------------------------
2025-03-11 18:07:36,705 - INFO - 1          mAP             0.0000
2025-03-11 18:07:36,705 - INFO - 3          mAP             0.0000
2025-03-11 18:07:36,705 - INFO - 5          mAP             0.0000
2025-03-11 18:07:36,706 - INFO - 10         mAP             0.0000
2025-03-11 18:07:36,706 - INFO - 15         mAP             0.0000
2025-03-11 18:07:36,706 - INFO - --------------------------------------------------
