2025-06-23 10:36:28,683 - INFO - SuRL_FixedRL_132980011794064 - Shared experiment log directory: results/2025-06-23_10-36-28/logs
2025-06-23 10:36:28,683 - INFO - SuRL_FixedRL_132980011794064 - 🎯 RL Experiment: 2025-06-23_10-36-28
2025-06-23 10:36:28,683 - INFO - SuRL_FixedRL_132980011794064 - 📁 Results dir: results/2025-06-23_10-36-28
2025-06-23 10:36:28,683 - INFO - SuRL_FixedRL_132980011794064 - 🚀 Starting Complete RL Comparison
2025-06-23 10:36:28,683 - INFO - SuRL_FixedRL_132980011794064 - ============================================================
2025-06-23 10:36:28,684 - INFO - SuRL_FixedRL_132980011794064 - 📂 Loading CholecT50 data...
2025-06-23 10:36:28,684 - INFO - SuRL_FixedRL_132980011794064 -    Training videos: 40
2025-06-23 10:36:28,684 - INFO - SuRL_FixedRL_132980011794064 -    Test videos: 10
2025-06-23 10:36:28,684 - INFO - SuRL_FixedRL_132980011794064 - Loading train data from /home/maxboels/datasets/CholecT50 with fold 1
2025-06-23 10:36:29,030 - INFO - SuRL_FixedRL_132980011794064 - ✅ Loaded metadata: /home/maxboels/datasets/CholecT50/embeddings_train_set/fold1/embeddings_f1_swin_bas_129.csv - Shape: (81623, 144)
2025-06-23 10:36:29,030 - INFO - SuRL_FixedRL_132980011794064 - [Train] Start processing metadata file /home/maxboels/datasets/CholecT50/embeddings_train_set/fold1/embeddings_f1_swin_bas_129.csv
2025-06-23 10:36:53,368 - INFO - SuRL_FixedRL_132980011794064 - [Train] Rewards extraction skipped, using metadata file /home/maxboels/datasets/CholecT50/embeddings_train_set/fold1/embeddings_f1_swin_bas_129.csv
2025-06-23 10:36:53,372 - INFO - SuRL_FixedRL_132980011794064 - [Train] Found 40 videos in metadata file
2025-06-23 10:36:53,372 - INFO - SuRL_FixedRL_132980011794064 - [Train] Loading data for 40 videos
2025-06-23 10:36:53,544 - WARNING - SuRL_FixedRL_132980011794064 - Reward column risk_score_max not found for VID01
2025-06-23 10:36:53,544 - WARNING - SuRL_FixedRL_132980011794064 - Reward column phase_completion_reward not found for VID01
2025-06-23 10:36:53,544 - WARNING - SuRL_FixedRL_132980011794064 - Reward column phase_initiation_reward not found for VID01
2025-06-23 10:36:53,544 - WARNING - SuRL_FixedRL_132980011794064 - Reward column phase_prog not found for VID01
2025-06-23 10:36:53,544 - WARNING - SuRL_FixedRL_132980011794064 - Reward column global_prog not found for VID01
2025-06-23 10:36:53,544 - WARNING - SuRL_FixedRL_132980011794064 - Reward column action_reward not found for VID01
2025-06-23 10:36:53,545 - WARNING - SuRL_FixedRL_132980011794064 - Outcome column glob_avg_risk not found for VID01
2025-06-23 10:36:53,545 - WARNING - SuRL_FixedRL_132980011794064 - Outcome column glob_critical_risk_events not found for VID01
2025-06-23 10:36:53,545 - WARNING - SuRL_FixedRL_132980011794064 - Outcome column glob_global_outcome_score not found for VID01
2025-06-23 10:36:53,558 - INFO - SuRL_FixedRL_132980011794064 - ✅ Loaded video VID01: 1734 frames, 1024-dims embeddings
2025-06-23 10:36:53,887 - WARNING - SuRL_FixedRL_132980011794064 - Reward column risk_score_max not found for VID02
2025-06-23 10:36:53,888 - WARNING - SuRL_FixedRL_132980011794064 - Reward column phase_completion_reward not found for VID02
2025-06-23 10:36:53,888 - WARNING - SuRL_FixedRL_132980011794064 - Reward column phase_initiation_reward not found for VID02
2025-06-23 10:36:53,888 - WARNING - SuRL_FixedRL_132980011794064 - Reward column phase_prog not found for VID02
2025-06-23 10:36:53,888 - WARNING - SuRL_FixedRL_132980011794064 - Reward column global_prog not found for VID02
2025-06-23 10:36:53,888 - WARNING - SuRL_FixedRL_132980011794064 - Reward column action_reward not found for VID02
2025-06-23 10:36:53,888 - WARNING - SuRL_FixedRL_132980011794064 - Outcome column glob_avg_risk not found for VID02
2025-06-23 10:36:53,888 - WARNING - SuRL_FixedRL_132980011794064 - Outcome column glob_critical_risk_events not found for VID02
2025-06-23 10:36:53,888 - WARNING - SuRL_FixedRL_132980011794064 - Outcome column glob_global_outcome_score not found for VID02
2025-06-23 10:36:53,900 - INFO - SuRL_FixedRL_132980011794064 - ✅ Loaded video VID02: 2840 frames, 1024-dims embeddings
2025-06-23 10:36:54,073 - WARNING - SuRL_FixedRL_132980011794064 - Reward column risk_score_max not found for VID04
2025-06-23 10:36:54,073 - WARNING - SuRL_FixedRL_132980011794064 - Reward column phase_completion_reward not found for VID04
2025-06-23 10:36:54,073 - WARNING - SuRL_FixedRL_132980011794064 - Reward column phase_initiation_reward not found for VID04
2025-06-23 10:36:54,073 - WARNING - SuRL_FixedRL_132980011794064 - Reward column phase_prog not found for VID04
2025-06-23 10:36:54,073 - WARNING - SuRL_FixedRL_132980011794064 - Reward column global_prog not found for VID04
2025-06-23 10:36:54,073 - WARNING - SuRL_FixedRL_132980011794064 - Reward column action_reward not found for VID04
2025-06-23 10:36:54,073 - WARNING - SuRL_FixedRL_132980011794064 - Outcome column glob_avg_risk not found for VID04
2025-06-23 10:36:54,073 - WARNING - SuRL_FixedRL_132980011794064 - Outcome column glob_critical_risk_events not found for VID04
2025-06-23 10:36:54,073 - WARNING - SuRL_FixedRL_132980011794064 - Outcome column glob_global_outcome_score not found for VID04
2025-06-23 10:36:54,085 - INFO - SuRL_FixedRL_132980011794064 - ✅ Loaded video VID04: 1523 frames, 1024-dims embeddings
2025-06-23 10:36:54,332 - WARNING - SuRL_FixedRL_132980011794064 - Reward column risk_score_max not found for VID06
2025-06-23 10:36:54,332 - WARNING - SuRL_FixedRL_132980011794064 - Reward column phase_completion_reward not found for VID06
2025-06-23 10:36:54,332 - WARNING - SuRL_FixedRL_132980011794064 - Reward column phase_initiation_reward not found for VID06
2025-06-23 10:36:54,332 - WARNING - SuRL_FixedRL_132980011794064 - Reward column phase_prog not found for VID06
2025-06-23 10:36:54,332 - WARNING - SuRL_FixedRL_132980011794064 - Reward column global_prog not found for VID06
2025-06-23 10:36:54,332 - WARNING - SuRL_FixedRL_132980011794064 - Reward column action_reward not found for VID06
2025-06-23 10:36:54,333 - WARNING - SuRL_FixedRL_132980011794064 - Outcome column glob_avg_risk not found for VID06
2025-06-23 10:36:54,333 - WARNING - SuRL_FixedRL_132980011794064 - Outcome column glob_critical_risk_events not found for VID06
2025-06-23 10:36:54,333 - WARNING - SuRL_FixedRL_132980011794064 - Outcome column glob_global_outcome_score not found for VID06
2025-06-23 10:36:54,345 - INFO - SuRL_FixedRL_132980011794064 - ✅ Loaded video VID06: 2154 frames, 1024-dims embeddings
2025-06-23 10:36:54,520 - WARNING - SuRL_FixedRL_132980011794064 - Reward column risk_score_max not found for VID08
2025-06-23 10:36:54,520 - WARNING - SuRL_FixedRL_132980011794064 - Reward column phase_completion_reward not found for VID08
2025-06-23 10:36:54,520 - WARNING - SuRL_FixedRL_132980011794064 - Reward column phase_initiation_reward not found for VID08
2025-06-23 10:36:54,521 - WARNING - SuRL_FixedRL_132980011794064 - Reward column phase_prog not found for VID08
2025-06-23 10:36:54,521 - WARNING - SuRL_FixedRL_132980011794064 - Reward column global_prog not found for VID08
2025-06-23 10:36:54,521 - WARNING - SuRL_FixedRL_132980011794064 - Reward column action_reward not found for VID08
2025-06-23 10:36:54,521 - WARNING - SuRL_FixedRL_132980011794064 - Outcome column glob_avg_risk not found for VID08
2025-06-23 10:36:54,521 - WARNING - SuRL_FixedRL_132980011794064 - Outcome column glob_critical_risk_events not found for VID08
2025-06-23 10:36:54,521 - WARNING - SuRL_FixedRL_132980011794064 - Outcome column glob_global_outcome_score not found for VID08
2025-06-23 10:36:54,533 - INFO - SuRL_FixedRL_132980011794064 - ✅ Loaded video VID08: 1520 frames, 1024-dims embeddings
2025-06-23 10:36:54,733 - WARNING - SuRL_FixedRL_132980011794064 - Reward column risk_score_max not found for VID10
2025-06-23 10:36:54,733 - WARNING - SuRL_FixedRL_132980011794064 - Reward column phase_completion_reward not found for VID10
2025-06-23 10:36:54,733 - WARNING - SuRL_FixedRL_132980011794064 - Reward column phase_initiation_reward not found for VID10
2025-06-23 10:36:54,734 - WARNING - SuRL_FixedRL_132980011794064 - Reward column phase_prog not found for VID10
2025-06-23 10:36:54,734 - WARNING - SuRL_FixedRL_132980011794064 - Reward column global_prog not found for VID10
2025-06-23 10:36:54,734 - WARNING - SuRL_FixedRL_132980011794064 - Reward column action_reward not found for VID10
2025-06-23 10:36:54,734 - WARNING - SuRL_FixedRL_132980011794064 - Outcome column glob_avg_risk not found for VID10
2025-06-23 10:36:54,734 - WARNING - SuRL_FixedRL_132980011794064 - Outcome column glob_critical_risk_events not found for VID10
2025-06-23 10:36:54,734 - WARNING - SuRL_FixedRL_132980011794064 - Outcome column glob_global_outcome_score not found for VID10
2025-06-23 10:36:54,746 - INFO - SuRL_FixedRL_132980011794064 - ✅ Loaded video VID10: 1750 frames, 1024-dims embeddings
2025-06-23 10:36:55,002 - WARNING - SuRL_FixedRL_132980011794064 - Reward column risk_score_max not found for VID103
2025-06-23 10:36:55,002 - WARNING - SuRL_FixedRL_132980011794064 - Reward column phase_completion_reward not found for VID103
2025-06-23 10:36:55,002 - WARNING - SuRL_FixedRL_132980011794064 - Reward column phase_initiation_reward not found for VID103
2025-06-23 10:36:55,002 - WARNING - SuRL_FixedRL_132980011794064 - Reward column phase_prog not found for VID103
2025-06-23 10:36:55,002 - WARNING - SuRL_FixedRL_132980011794064 - Reward column global_prog not found for VID103
2025-06-23 10:36:55,002 - WARNING - SuRL_FixedRL_132980011794064 - Reward column action_reward not found for VID103
2025-06-23 10:36:55,002 - WARNING - SuRL_FixedRL_132980011794064 - Outcome column glob_avg_risk not found for VID103
2025-06-23 10:36:55,002 - WARNING - SuRL_FixedRL_132980011794064 - Outcome column glob_critical_risk_events not found for VID103
2025-06-23 10:36:55,002 - WARNING - SuRL_FixedRL_132980011794064 - Outcome column glob_global_outcome_score not found for VID103
2025-06-23 10:36:55,015 - INFO - SuRL_FixedRL_132980011794064 - ✅ Loaded video VID103: 2220 frames, 1024-dims embeddings
2025-06-23 10:36:55,259 - WARNING - SuRL_FixedRL_132980011794064 - Reward column risk_score_max not found for VID110
2025-06-23 10:36:55,259 - WARNING - SuRL_FixedRL_132980011794064 - Reward column phase_completion_reward not found for VID110
2025-06-23 10:36:55,260 - WARNING - SuRL_FixedRL_132980011794064 - Reward column phase_initiation_reward not found for VID110
2025-06-23 10:36:55,260 - WARNING - SuRL_FixedRL_132980011794064 - Reward column phase_prog not found for VID110
2025-06-23 10:36:55,260 - WARNING - SuRL_FixedRL_132980011794064 - Reward column global_prog not found for VID110
2025-06-23 10:36:55,260 - WARNING - SuRL_FixedRL_132980011794064 - Reward column action_reward not found for VID110
2025-06-23 10:36:55,260 - WARNING - SuRL_FixedRL_132980011794064 - Outcome column glob_avg_risk not found for VID110
2025-06-23 10:36:55,260 - WARNING - SuRL_FixedRL_132980011794064 - Outcome column glob_critical_risk_events not found for VID110
2025-06-23 10:36:55,260 - WARNING - SuRL_FixedRL_132980011794064 - Outcome column glob_global_outcome_score not found for VID110
2025-06-23 10:36:55,272 - INFO - SuRL_FixedRL_132980011794064 - ✅ Loaded video VID110: 2177 frames, 1024-dims embeddings
2025-06-23 10:36:55,514 - WARNING - SuRL_FixedRL_132980011794064 - Reward column risk_score_max not found for VID111
2025-06-23 10:36:55,515 - WARNING - SuRL_FixedRL_132980011794064 - Reward column phase_completion_reward not found for VID111
2025-06-23 10:36:55,515 - WARNING - SuRL_FixedRL_132980011794064 - Reward column phase_initiation_reward not found for VID111
2025-06-23 10:36:55,515 - WARNING - SuRL_FixedRL_132980011794064 - Reward column phase_prog not found for VID111
2025-06-23 10:36:55,515 - WARNING - SuRL_FixedRL_132980011794064 - Reward column global_prog not found for VID111
2025-06-23 10:36:55,515 - WARNING - SuRL_FixedRL_132980011794064 - Reward column action_reward not found for VID111
2025-06-23 10:36:55,515 - WARNING - SuRL_FixedRL_132980011794064 - Outcome column glob_avg_risk not found for VID111
2025-06-23 10:36:55,515 - WARNING - SuRL_FixedRL_132980011794064 - Outcome column glob_critical_risk_events not found for VID111
2025-06-23 10:36:55,515 - WARNING - SuRL_FixedRL_132980011794064 - Outcome column glob_global_outcome_score not found for VID111
2025-06-23 10:36:55,529 - INFO - SuRL_FixedRL_132980011794064 - ✅ Loaded video VID111: 2146 frames, 1024-dims embeddings
2025-06-23 10:36:55,652 - WARNING - SuRL_FixedRL_132980011794064 - Reward column risk_score_max not found for VID12
2025-06-23 10:36:55,652 - WARNING - SuRL_FixedRL_132980011794064 - Reward column phase_completion_reward not found for VID12
2025-06-23 10:36:55,652 - WARNING - SuRL_FixedRL_132980011794064 - Reward column phase_initiation_reward not found for VID12
2025-06-23 10:36:55,653 - WARNING - SuRL_FixedRL_132980011794064 - Reward column phase_prog not found for VID12
2025-06-23 10:36:55,653 - WARNING - SuRL_FixedRL_132980011794064 - Reward column global_prog not found for VID12
2025-06-23 10:36:55,653 - WARNING - SuRL_FixedRL_132980011794064 - Reward column action_reward not found for VID12
2025-06-23 10:36:55,653 - WARNING - SuRL_FixedRL_132980011794064 - Outcome column glob_avg_risk not found for VID12
2025-06-23 10:36:55,653 - WARNING - SuRL_FixedRL_132980011794064 - Outcome column glob_critical_risk_events not found for VID12
2025-06-23 10:36:55,653 - WARNING - SuRL_FixedRL_132980011794064 - Outcome column glob_global_outcome_score not found for VID12
2025-06-23 10:36:55,665 - INFO - SuRL_FixedRL_132980011794064 - ✅ Loaded video VID12: 1091 frames, 1024-dims embeddings
2025-06-23 10:36:55,779 - WARNING - SuRL_FixedRL_132980011794064 - Reward column risk_score_max not found for VID13
2025-06-23 10:36:55,779 - WARNING - SuRL_FixedRL_132980011794064 - Reward column phase_completion_reward not found for VID13
2025-06-23 10:36:55,779 - WARNING - SuRL_FixedRL_132980011794064 - Reward column phase_initiation_reward not found for VID13
2025-06-23 10:36:55,779 - WARNING - SuRL_FixedRL_132980011794064 - Reward column phase_prog not found for VID13
2025-06-23 10:36:55,779 - WARNING - SuRL_FixedRL_132980011794064 - Reward column global_prog not found for VID13
2025-06-23 10:36:55,779 - WARNING - SuRL_FixedRL_132980011794064 - Reward column action_reward not found for VID13
2025-06-23 10:36:55,779 - WARNING - SuRL_FixedRL_132980011794064 - Outcome column glob_avg_risk not found for VID13
2025-06-23 10:36:55,779 - WARNING - SuRL_FixedRL_132980011794064 - Outcome column glob_critical_risk_events not found for VID13
2025-06-23 10:36:55,779 - WARNING - SuRL_FixedRL_132980011794064 - Outcome column glob_global_outcome_score not found for VID13
2025-06-23 10:36:55,791 - INFO - SuRL_FixedRL_132980011794064 - ✅ Loaded video VID13: 982 frames, 1024-dims embeddings
2025-06-23 10:36:55,992 - WARNING - SuRL_FixedRL_132980011794064 - Reward column risk_score_max not found for VID14
2025-06-23 10:36:55,992 - WARNING - SuRL_FixedRL_132980011794064 - Reward column phase_completion_reward not found for VID14
2025-06-23 10:36:55,992 - WARNING - SuRL_FixedRL_132980011794064 - Reward column phase_initiation_reward not found for VID14
2025-06-23 10:36:55,992 - WARNING - SuRL_FixedRL_132980011794064 - Reward column phase_prog not found for VID14
2025-06-23 10:36:55,992 - WARNING - SuRL_FixedRL_132980011794064 - Reward column global_prog not found for VID14
2025-06-23 10:36:55,992 - WARNING - SuRL_FixedRL_132980011794064 - Reward column action_reward not found for VID14
2025-06-23 10:36:55,992 - WARNING - SuRL_FixedRL_132980011794064 - Outcome column glob_avg_risk not found for VID14
2025-06-23 10:36:55,992 - WARNING - SuRL_FixedRL_132980011794064 - Outcome column glob_critical_risk_events not found for VID14
2025-06-23 10:36:55,992 - WARNING - SuRL_FixedRL_132980011794064 - Outcome column glob_global_outcome_score not found for VID14
2025-06-23 10:36:56,004 - INFO - SuRL_FixedRL_132980011794064 - ✅ Loaded video VID14: 1709 frames, 1024-dims embeddings
2025-06-23 10:36:56,229 - WARNING - SuRL_FixedRL_132980011794064 - Reward column risk_score_max not found for VID18
2025-06-23 10:36:56,229 - WARNING - SuRL_FixedRL_132980011794064 - Reward column phase_completion_reward not found for VID18
2025-06-23 10:36:56,229 - WARNING - SuRL_FixedRL_132980011794064 - Reward column phase_initiation_reward not found for VID18
2025-06-23 10:36:56,229 - WARNING - SuRL_FixedRL_132980011794064 - Reward column phase_prog not found for VID18
2025-06-23 10:36:56,229 - WARNING - SuRL_FixedRL_132980011794064 - Reward column global_prog not found for VID18
2025-06-23 10:36:56,229 - WARNING - SuRL_FixedRL_132980011794064 - Reward column action_reward not found for VID18
2025-06-23 10:36:56,229 - WARNING - SuRL_FixedRL_132980011794064 - Outcome column glob_avg_risk not found for VID18
2025-06-23 10:36:56,229 - WARNING - SuRL_FixedRL_132980011794064 - Outcome column glob_critical_risk_events not found for VID18
2025-06-23 10:36:56,230 - WARNING - SuRL_FixedRL_132980011794064 - Outcome column glob_global_outcome_score not found for VID18
2025-06-23 10:36:56,241 - INFO - SuRL_FixedRL_132980011794064 - ✅ Loaded video VID18: 1943 frames, 1024-dims embeddings
2025-06-23 10:36:56,417 - WARNING - SuRL_FixedRL_132980011794064 - Reward column risk_score_max not found for VID22
2025-06-23 10:36:56,417 - WARNING - SuRL_FixedRL_132980011794064 - Reward column phase_completion_reward not found for VID22
2025-06-23 10:36:56,417 - WARNING - SuRL_FixedRL_132980011794064 - Reward column phase_initiation_reward not found for VID22
2025-06-23 10:36:56,417 - WARNING - SuRL_FixedRL_132980011794064 - Reward column phase_prog not found for VID22
2025-06-23 10:36:56,417 - WARNING - SuRL_FixedRL_132980011794064 - Reward column global_prog not found for VID22
2025-06-23 10:36:56,417 - WARNING - SuRL_FixedRL_132980011794064 - Reward column action_reward not found for VID22
2025-06-23 10:36:56,417 - WARNING - SuRL_FixedRL_132980011794064 - Outcome column glob_avg_risk not found for VID22
2025-06-23 10:36:56,417 - WARNING - SuRL_FixedRL_132980011794064 - Outcome column glob_critical_risk_events not found for VID22
2025-06-23 10:36:56,417 - WARNING - SuRL_FixedRL_132980011794064 - Outcome column glob_global_outcome_score not found for VID22
2025-06-23 10:36:56,429 - INFO - SuRL_FixedRL_132980011794064 - ✅ Loaded video VID22: 1533 frames, 1024-dims embeddings
2025-06-23 10:36:56,617 - WARNING - SuRL_FixedRL_132980011794064 - Reward column risk_score_max not found for VID23
2025-06-23 10:36:56,617 - WARNING - SuRL_FixedRL_132980011794064 - Reward column phase_completion_reward not found for VID23
2025-06-23 10:36:56,617 - WARNING - SuRL_FixedRL_132980011794064 - Reward column phase_initiation_reward not found for VID23
2025-06-23 10:36:56,617 - WARNING - SuRL_FixedRL_132980011794064 - Reward column phase_prog not found for VID23
2025-06-23 10:36:56,617 - WARNING - SuRL_FixedRL_132980011794064 - Reward column global_prog not found for VID23
2025-06-23 10:36:56,617 - WARNING - SuRL_FixedRL_132980011794064 - Reward column action_reward not found for VID23
2025-06-23 10:36:56,617 - WARNING - SuRL_FixedRL_132980011794064 - Outcome column glob_avg_risk not found for VID23
2025-06-23 10:36:56,618 - WARNING - SuRL_FixedRL_132980011794064 - Outcome column glob_critical_risk_events not found for VID23
2025-06-23 10:36:56,618 - WARNING - SuRL_FixedRL_132980011794064 - Outcome column glob_global_outcome_score not found for VID23
2025-06-23 10:36:56,629 - INFO - SuRL_FixedRL_132980011794064 - ✅ Loaded video VID23: 1636 frames, 1024-dims embeddings
2025-06-23 10:36:56,874 - WARNING - SuRL_FixedRL_132980011794064 - Reward column risk_score_max not found for VID25
2025-06-23 10:36:56,874 - WARNING - SuRL_FixedRL_132980011794064 - Reward column phase_completion_reward not found for VID25
2025-06-23 10:36:56,874 - WARNING - SuRL_FixedRL_132980011794064 - Reward column phase_initiation_reward not found for VID25
2025-06-23 10:36:56,874 - WARNING - SuRL_FixedRL_132980011794064 - Reward column phase_prog not found for VID25
2025-06-23 10:36:56,874 - WARNING - SuRL_FixedRL_132980011794064 - Reward column global_prog not found for VID25
2025-06-23 10:36:56,874 - WARNING - SuRL_FixedRL_132980011794064 - Reward column action_reward not found for VID25
2025-06-23 10:36:56,874 - WARNING - SuRL_FixedRL_132980011794064 - Outcome column glob_avg_risk not found for VID25
2025-06-23 10:36:56,874 - WARNING - SuRL_FixedRL_132980011794064 - Outcome column glob_critical_risk_events not found for VID25
2025-06-23 10:36:56,874 - WARNING - SuRL_FixedRL_132980011794064 - Outcome column glob_global_outcome_score not found for VID25
2025-06-23 10:36:56,886 - INFO - SuRL_FixedRL_132980011794064 - ✅ Loaded video VID25: 2130 frames, 1024-dims embeddings
2025-06-23 10:36:57,126 - WARNING - SuRL_FixedRL_132980011794064 - Reward column risk_score_max not found for VID27
2025-06-23 10:36:57,126 - WARNING - SuRL_FixedRL_132980011794064 - Reward column phase_completion_reward not found for VID27
2025-06-23 10:36:57,126 - WARNING - SuRL_FixedRL_132980011794064 - Reward column phase_initiation_reward not found for VID27
2025-06-23 10:36:57,126 - WARNING - SuRL_FixedRL_132980011794064 - Reward column phase_prog not found for VID27
2025-06-23 10:36:57,126 - WARNING - SuRL_FixedRL_132980011794064 - Reward column global_prog not found for VID27
2025-06-23 10:36:57,127 - WARNING - SuRL_FixedRL_132980011794064 - Reward column action_reward not found for VID27
2025-06-23 10:36:57,127 - WARNING - SuRL_FixedRL_132980011794064 - Outcome column glob_avg_risk not found for VID27
2025-06-23 10:36:57,127 - WARNING - SuRL_FixedRL_132980011794064 - Outcome column glob_critical_risk_events not found for VID27
2025-06-23 10:36:57,127 - WARNING - SuRL_FixedRL_132980011794064 - Outcome column glob_global_outcome_score not found for VID27
2025-06-23 10:36:57,139 - INFO - SuRL_FixedRL_132980011794064 - ✅ Loaded video VID27: 2085 frames, 1024-dims embeddings
2025-06-23 10:36:57,407 - WARNING - SuRL_FixedRL_132980011794064 - Reward column risk_score_max not found for VID29
2025-06-23 10:36:57,407 - WARNING - SuRL_FixedRL_132980011794064 - Reward column phase_completion_reward not found for VID29
2025-06-23 10:36:57,407 - WARNING - SuRL_FixedRL_132980011794064 - Reward column phase_initiation_reward not found for VID29
2025-06-23 10:36:57,407 - WARNING - SuRL_FixedRL_132980011794064 - Reward column phase_prog not found for VID29
2025-06-23 10:36:57,407 - WARNING - SuRL_FixedRL_132980011794064 - Reward column global_prog not found for VID29
2025-06-23 10:36:57,407 - WARNING - SuRL_FixedRL_132980011794064 - Reward column action_reward not found for VID29
2025-06-23 10:36:57,407 - WARNING - SuRL_FixedRL_132980011794064 - Outcome column glob_avg_risk not found for VID29
2025-06-23 10:36:57,407 - WARNING - SuRL_FixedRL_132980011794064 - Outcome column glob_critical_risk_events not found for VID29
2025-06-23 10:36:57,407 - WARNING - SuRL_FixedRL_132980011794064 - Outcome column glob_global_outcome_score not found for VID29
2025-06-23 10:36:57,420 - INFO - SuRL_FixedRL_132980011794064 - ✅ Loaded video VID29: 2351 frames, 1024-dims embeddings
2025-06-23 10:36:57,881 - WARNING - SuRL_FixedRL_132980011794064 - Reward column risk_score_max not found for VID31
2025-06-23 10:36:57,881 - WARNING - SuRL_FixedRL_132980011794064 - Reward column phase_completion_reward not found for VID31
2025-06-23 10:36:57,881 - WARNING - SuRL_FixedRL_132980011794064 - Reward column phase_initiation_reward not found for VID31
2025-06-23 10:36:57,881 - WARNING - SuRL_FixedRL_132980011794064 - Reward column phase_prog not found for VID31
2025-06-23 10:36:57,881 - WARNING - SuRL_FixedRL_132980011794064 - Reward column global_prog not found for VID31
2025-06-23 10:36:57,881 - WARNING - SuRL_FixedRL_132980011794064 - Reward column action_reward not found for VID31
2025-06-23 10:36:57,881 - WARNING - SuRL_FixedRL_132980011794064 - Outcome column glob_avg_risk not found for VID31
2025-06-23 10:36:57,881 - WARNING - SuRL_FixedRL_132980011794064 - Outcome column glob_critical_risk_events not found for VID31
2025-06-23 10:36:57,881 - WARNING - SuRL_FixedRL_132980011794064 - Outcome column glob_global_outcome_score not found for VID31
2025-06-23 10:36:57,894 - INFO - SuRL_FixedRL_132980011794064 - ✅ Loaded video VID31: 3946 frames, 1024-dims embeddings
2025-06-23 10:36:58,134 - WARNING - SuRL_FixedRL_132980011794064 - Reward column risk_score_max not found for VID35
2025-06-23 10:36:58,134 - WARNING - SuRL_FixedRL_132980011794064 - Reward column phase_completion_reward not found for VID35
2025-06-23 10:36:58,134 - WARNING - SuRL_FixedRL_132980011794064 - Reward column phase_initiation_reward not found for VID35
2025-06-23 10:36:58,134 - WARNING - SuRL_FixedRL_132980011794064 - Reward column phase_prog not found for VID35
2025-06-23 10:36:58,134 - WARNING - SuRL_FixedRL_132980011794064 - Reward column global_prog not found for VID35
2025-06-23 10:36:58,134 - WARNING - SuRL_FixedRL_132980011794064 - Reward column action_reward not found for VID35
2025-06-23 10:36:58,134 - WARNING - SuRL_FixedRL_132980011794064 - Outcome column glob_avg_risk not found for VID35
2025-06-23 10:36:58,134 - WARNING - SuRL_FixedRL_132980011794064 - Outcome column glob_critical_risk_events not found for VID35
2025-06-23 10:36:58,135 - WARNING - SuRL_FixedRL_132980011794064 - Outcome column glob_global_outcome_score not found for VID35
2025-06-23 10:36:58,146 - INFO - SuRL_FixedRL_132980011794064 - ✅ Loaded video VID35: 2107 frames, 1024-dims embeddings
2025-06-23 10:36:58,420 - WARNING - SuRL_FixedRL_132980011794064 - Reward column risk_score_max not found for VID36
2025-06-23 10:36:58,420 - WARNING - SuRL_FixedRL_132980011794064 - Reward column phase_completion_reward not found for VID36
2025-06-23 10:36:58,420 - WARNING - SuRL_FixedRL_132980011794064 - Reward column phase_initiation_reward not found for VID36
2025-06-23 10:36:58,420 - WARNING - SuRL_FixedRL_132980011794064 - Reward column phase_prog not found for VID36
2025-06-23 10:36:58,420 - WARNING - SuRL_FixedRL_132980011794064 - Reward column global_prog not found for VID36
2025-06-23 10:36:58,420 - WARNING - SuRL_FixedRL_132980011794064 - Reward column action_reward not found for VID36
2025-06-23 10:36:58,420 - WARNING - SuRL_FixedRL_132980011794064 - Outcome column glob_avg_risk not found for VID36
2025-06-23 10:36:58,420 - WARNING - SuRL_FixedRL_132980011794064 - Outcome column glob_critical_risk_events not found for VID36
2025-06-23 10:36:58,420 - WARNING - SuRL_FixedRL_132980011794064 - Outcome column glob_global_outcome_score not found for VID36
2025-06-23 10:36:58,432 - INFO - SuRL_FixedRL_132980011794064 - ✅ Loaded video VID36: 2388 frames, 1024-dims embeddings
2025-06-23 10:36:58,857 - WARNING - SuRL_FixedRL_132980011794064 - Reward column risk_score_max not found for VID42
2025-06-23 10:36:58,857 - WARNING - SuRL_FixedRL_132980011794064 - Reward column phase_completion_reward not found for VID42
2025-06-23 10:36:58,857 - WARNING - SuRL_FixedRL_132980011794064 - Reward column phase_initiation_reward not found for VID42
2025-06-23 10:36:58,857 - WARNING - SuRL_FixedRL_132980011794064 - Reward column phase_prog not found for VID42
2025-06-23 10:36:58,857 - WARNING - SuRL_FixedRL_132980011794064 - Reward column global_prog not found for VID42
2025-06-23 10:36:58,857 - WARNING - SuRL_FixedRL_132980011794064 - Reward column action_reward not found for VID42
2025-06-23 10:36:58,857 - WARNING - SuRL_FixedRL_132980011794064 - Outcome column glob_avg_risk not found for VID42
2025-06-23 10:36:58,857 - WARNING - SuRL_FixedRL_132980011794064 - Outcome column glob_critical_risk_events not found for VID42
2025-06-23 10:36:58,858 - WARNING - SuRL_FixedRL_132980011794064 - Outcome column glob_global_outcome_score not found for VID42
2025-06-23 10:36:58,870 - INFO - SuRL_FixedRL_132980011794064 - ✅ Loaded video VID42: 3713 frames, 1024-dims embeddings
2025-06-23 10:36:59,146 - WARNING - SuRL_FixedRL_132980011794064 - Reward column risk_score_max not found for VID43
2025-06-23 10:36:59,147 - WARNING - SuRL_FixedRL_132980011794064 - Reward column phase_completion_reward not found for VID43
2025-06-23 10:36:59,147 - WARNING - SuRL_FixedRL_132980011794064 - Reward column phase_initiation_reward not found for VID43
2025-06-23 10:36:59,147 - WARNING - SuRL_FixedRL_132980011794064 - Reward column phase_prog not found for VID43
2025-06-23 10:36:59,147 - WARNING - SuRL_FixedRL_132980011794064 - Reward column global_prog not found for VID43
2025-06-23 10:36:59,147 - WARNING - SuRL_FixedRL_132980011794064 - Reward column action_reward not found for VID43
2025-06-23 10:36:59,147 - WARNING - SuRL_FixedRL_132980011794064 - Outcome column glob_avg_risk not found for VID43
2025-06-23 10:36:59,147 - WARNING - SuRL_FixedRL_132980011794064 - Outcome column glob_critical_risk_events not found for VID43
2025-06-23 10:36:59,147 - WARNING - SuRL_FixedRL_132980011794064 - Outcome column glob_global_outcome_score not found for VID43
2025-06-23 10:36:59,163 - INFO - SuRL_FixedRL_132980011794064 - ✅ Loaded video VID43: 2363 frames, 1024-dims embeddings
2025-06-23 10:36:59,368 - WARNING - SuRL_FixedRL_132980011794064 - Reward column risk_score_max not found for VID49
2025-06-23 10:36:59,368 - WARNING - SuRL_FixedRL_132980011794064 - Reward column phase_completion_reward not found for VID49
2025-06-23 10:36:59,368 - WARNING - SuRL_FixedRL_132980011794064 - Reward column phase_initiation_reward not found for VID49
2025-06-23 10:36:59,368 - WARNING - SuRL_FixedRL_132980011794064 - Reward column phase_prog not found for VID49
2025-06-23 10:36:59,368 - WARNING - SuRL_FixedRL_132980011794064 - Reward column global_prog not found for VID49
2025-06-23 10:36:59,368 - WARNING - SuRL_FixedRL_132980011794064 - Reward column action_reward not found for VID49
2025-06-23 10:36:59,368 - WARNING - SuRL_FixedRL_132980011794064 - Outcome column glob_avg_risk not found for VID49
2025-06-23 10:36:59,368 - WARNING - SuRL_FixedRL_132980011794064 - Outcome column glob_critical_risk_events not found for VID49
2025-06-23 10:36:59,368 - WARNING - SuRL_FixedRL_132980011794064 - Outcome column glob_global_outcome_score not found for VID49
2025-06-23 10:36:59,381 - INFO - SuRL_FixedRL_132980011794064 - ✅ Loaded video VID49: 1672 frames, 1024-dims embeddings
2025-06-23 10:36:59,506 - WARNING - SuRL_FixedRL_132980011794064 - Reward column risk_score_max not found for VID50
2025-06-23 10:36:59,506 - WARNING - SuRL_FixedRL_132980011794064 - Reward column phase_completion_reward not found for VID50
2025-06-23 10:36:59,506 - WARNING - SuRL_FixedRL_132980011794064 - Reward column phase_initiation_reward not found for VID50
2025-06-23 10:36:59,506 - WARNING - SuRL_FixedRL_132980011794064 - Reward column phase_prog not found for VID50
2025-06-23 10:36:59,506 - WARNING - SuRL_FixedRL_132980011794064 - Reward column global_prog not found for VID50
2025-06-23 10:36:59,506 - WARNING - SuRL_FixedRL_132980011794064 - Reward column action_reward not found for VID50
2025-06-23 10:36:59,507 - WARNING - SuRL_FixedRL_132980011794064 - Outcome column glob_avg_risk not found for VID50
2025-06-23 10:36:59,507 - WARNING - SuRL_FixedRL_132980011794064 - Outcome column glob_critical_risk_events not found for VID50
2025-06-23 10:36:59,507 - WARNING - SuRL_FixedRL_132980011794064 - Outcome column glob_global_outcome_score not found for VID50
2025-06-23 10:36:59,519 - INFO - SuRL_FixedRL_132980011794064 - ✅ Loaded video VID50: 1095 frames, 1024-dims embeddings
2025-06-23 10:36:59,853 - WARNING - SuRL_FixedRL_132980011794064 - Reward column risk_score_max not found for VID51
2025-06-23 10:36:59,853 - WARNING - SuRL_FixedRL_132980011794064 - Reward column phase_completion_reward not found for VID51
2025-06-23 10:36:59,853 - WARNING - SuRL_FixedRL_132980011794064 - Reward column phase_initiation_reward not found for VID51
2025-06-23 10:36:59,853 - WARNING - SuRL_FixedRL_132980011794064 - Reward column phase_prog not found for VID51
2025-06-23 10:36:59,853 - WARNING - SuRL_FixedRL_132980011794064 - Reward column global_prog not found for VID51
2025-06-23 10:36:59,854 - WARNING - SuRL_FixedRL_132980011794064 - Reward column action_reward not found for VID51
2025-06-23 10:36:59,854 - WARNING - SuRL_FixedRL_132980011794064 - Outcome column glob_avg_risk not found for VID51
2025-06-23 10:36:59,854 - WARNING - SuRL_FixedRL_132980011794064 - Outcome column glob_critical_risk_events not found for VID51
2025-06-23 10:36:59,854 - WARNING - SuRL_FixedRL_132980011794064 - Outcome column glob_global_outcome_score not found for VID51
2025-06-23 10:36:59,866 - INFO - SuRL_FixedRL_132980011794064 - ✅ Loaded video VID51: 2945 frames, 1024-dims embeddings
2025-06-23 10:37:00,103 - WARNING - SuRL_FixedRL_132980011794064 - Reward column risk_score_max not found for VID52
2025-06-23 10:37:00,103 - WARNING - SuRL_FixedRL_132980011794064 - Reward column phase_completion_reward not found for VID52
2025-06-23 10:37:00,103 - WARNING - SuRL_FixedRL_132980011794064 - Reward column phase_initiation_reward not found for VID52
2025-06-23 10:37:00,103 - WARNING - SuRL_FixedRL_132980011794064 - Reward column phase_prog not found for VID52
2025-06-23 10:37:00,103 - WARNING - SuRL_FixedRL_132980011794064 - Reward column global_prog not found for VID52
2025-06-23 10:37:00,103 - WARNING - SuRL_FixedRL_132980011794064 - Reward column action_reward not found for VID52
2025-06-23 10:37:00,103 - WARNING - SuRL_FixedRL_132980011794064 - Outcome column glob_avg_risk not found for VID52
2025-06-23 10:37:00,103 - WARNING - SuRL_FixedRL_132980011794064 - Outcome column glob_critical_risk_events not found for VID52
2025-06-23 10:37:00,103 - WARNING - SuRL_FixedRL_132980011794064 - Outcome column glob_global_outcome_score not found for VID52
2025-06-23 10:37:00,115 - INFO - SuRL_FixedRL_132980011794064 - ✅ Loaded video VID52: 1967 frames, 1024-dims embeddings
2025-06-23 10:37:00,324 - WARNING - SuRL_FixedRL_132980011794064 - Reward column risk_score_max not found for VID56
2025-06-23 10:37:00,324 - WARNING - SuRL_FixedRL_132980011794064 - Reward column phase_completion_reward not found for VID56
2025-06-23 10:37:00,324 - WARNING - SuRL_FixedRL_132980011794064 - Reward column phase_initiation_reward not found for VID56
2025-06-23 10:37:00,324 - WARNING - SuRL_FixedRL_132980011794064 - Reward column phase_prog not found for VID56
2025-06-23 10:37:00,324 - WARNING - SuRL_FixedRL_132980011794064 - Reward column global_prog not found for VID56
2025-06-23 10:37:00,324 - WARNING - SuRL_FixedRL_132980011794064 - Reward column action_reward not found for VID56
2025-06-23 10:37:00,324 - WARNING - SuRL_FixedRL_132980011794064 - Outcome column glob_avg_risk not found for VID56
2025-06-23 10:37:00,324 - WARNING - SuRL_FixedRL_132980011794064 - Outcome column glob_critical_risk_events not found for VID56
2025-06-23 10:37:00,324 - WARNING - SuRL_FixedRL_132980011794064 - Outcome column glob_global_outcome_score not found for VID56
2025-06-23 10:37:00,336 - INFO - SuRL_FixedRL_132980011794064 - ✅ Loaded video VID56: 1837 frames, 1024-dims embeddings
2025-06-23 10:37:00,641 - WARNING - SuRL_FixedRL_132980011794064 - Reward column risk_score_max not found for VID57
2025-06-23 10:37:00,642 - WARNING - SuRL_FixedRL_132980011794064 - Reward column phase_completion_reward not found for VID57
2025-06-23 10:37:00,642 - WARNING - SuRL_FixedRL_132980011794064 - Reward column phase_initiation_reward not found for VID57
2025-06-23 10:37:00,642 - WARNING - SuRL_FixedRL_132980011794064 - Reward column phase_prog not found for VID57
2025-06-23 10:37:00,642 - WARNING - SuRL_FixedRL_132980011794064 - Reward column global_prog not found for VID57
2025-06-23 10:37:00,642 - WARNING - SuRL_FixedRL_132980011794064 - Reward column action_reward not found for VID57
2025-06-23 10:37:00,642 - WARNING - SuRL_FixedRL_132980011794064 - Outcome column glob_avg_risk not found for VID57
2025-06-23 10:37:00,642 - WARNING - SuRL_FixedRL_132980011794064 - Outcome column glob_critical_risk_events not found for VID57
2025-06-23 10:37:00,642 - WARNING - SuRL_FixedRL_132980011794064 - Outcome column glob_global_outcome_score not found for VID57
2025-06-23 10:37:00,654 - INFO - SuRL_FixedRL_132980011794064 - ✅ Loaded video VID57: 2633 frames, 1024-dims embeddings
2025-06-23 10:37:00,947 - WARNING - SuRL_FixedRL_132980011794064 - Reward column risk_score_max not found for VID60
2025-06-23 10:37:00,948 - WARNING - SuRL_FixedRL_132980011794064 - Reward column phase_completion_reward not found for VID60
2025-06-23 10:37:00,948 - WARNING - SuRL_FixedRL_132980011794064 - Reward column phase_initiation_reward not found for VID60
2025-06-23 10:37:00,948 - WARNING - SuRL_FixedRL_132980011794064 - Reward column phase_prog not found for VID60
2025-06-23 10:37:00,948 - WARNING - SuRL_FixedRL_132980011794064 - Reward column global_prog not found for VID60
2025-06-23 10:37:00,948 - WARNING - SuRL_FixedRL_132980011794064 - Reward column action_reward not found for VID60
2025-06-23 10:37:00,948 - WARNING - SuRL_FixedRL_132980011794064 - Outcome column glob_avg_risk not found for VID60
2025-06-23 10:37:00,948 - WARNING - SuRL_FixedRL_132980011794064 - Outcome column glob_critical_risk_events not found for VID60
2025-06-23 10:37:00,948 - WARNING - SuRL_FixedRL_132980011794064 - Outcome column glob_global_outcome_score not found for VID60
2025-06-23 10:37:00,960 - INFO - SuRL_FixedRL_132980011794064 - ✅ Loaded video VID60: 2533 frames, 1024-dims embeddings
2025-06-23 10:37:01,192 - WARNING - SuRL_FixedRL_132980011794064 - Reward column risk_score_max not found for VID62
2025-06-23 10:37:01,192 - WARNING - SuRL_FixedRL_132980011794064 - Reward column phase_completion_reward not found for VID62
2025-06-23 10:37:01,192 - WARNING - SuRL_FixedRL_132980011794064 - Reward column phase_initiation_reward not found for VID62
2025-06-23 10:37:01,192 - WARNING - SuRL_FixedRL_132980011794064 - Reward column phase_prog not found for VID62
2025-06-23 10:37:01,192 - WARNING - SuRL_FixedRL_132980011794064 - Reward column global_prog not found for VID62
2025-06-23 10:37:01,192 - WARNING - SuRL_FixedRL_132980011794064 - Reward column action_reward not found for VID62
2025-06-23 10:37:01,192 - WARNING - SuRL_FixedRL_132980011794064 - Outcome column glob_avg_risk not found for VID62
2025-06-23 10:37:01,192 - WARNING - SuRL_FixedRL_132980011794064 - Outcome column glob_critical_risk_events not found for VID62
2025-06-23 10:37:01,192 - WARNING - SuRL_FixedRL_132980011794064 - Outcome column glob_global_outcome_score not found for VID62
2025-06-23 10:37:01,204 - INFO - SuRL_FixedRL_132980011794064 - ✅ Loaded video VID62: 2033 frames, 1024-dims embeddings
2025-06-23 10:37:01,419 - WARNING - SuRL_FixedRL_132980011794064 - Reward column risk_score_max not found for VID65
2025-06-23 10:37:01,419 - WARNING - SuRL_FixedRL_132980011794064 - Reward column phase_completion_reward not found for VID65
2025-06-23 10:37:01,419 - WARNING - SuRL_FixedRL_132980011794064 - Reward column phase_initiation_reward not found for VID65
2025-06-23 10:37:01,420 - WARNING - SuRL_FixedRL_132980011794064 - Reward column phase_prog not found for VID65
2025-06-23 10:37:01,420 - WARNING - SuRL_FixedRL_132980011794064 - Reward column global_prog not found for VID65
2025-06-23 10:37:01,420 - WARNING - SuRL_FixedRL_132980011794064 - Reward column action_reward not found for VID65
2025-06-23 10:37:01,420 - WARNING - SuRL_FixedRL_132980011794064 - Outcome column glob_avg_risk not found for VID65
2025-06-23 10:37:01,420 - WARNING - SuRL_FixedRL_132980011794064 - Outcome column glob_critical_risk_events not found for VID65
2025-06-23 10:37:01,420 - WARNING - SuRL_FixedRL_132980011794064 - Outcome column glob_global_outcome_score not found for VID65
2025-06-23 10:37:01,432 - INFO - SuRL_FixedRL_132980011794064 - ✅ Loaded video VID65: 1874 frames, 1024-dims embeddings
2025-06-23 10:37:01,645 - WARNING - SuRL_FixedRL_132980011794064 - Reward column risk_score_max not found for VID66
2025-06-23 10:37:01,645 - WARNING - SuRL_FixedRL_132980011794064 - Reward column phase_completion_reward not found for VID66
2025-06-23 10:37:01,645 - WARNING - SuRL_FixedRL_132980011794064 - Reward column phase_initiation_reward not found for VID66
2025-06-23 10:37:01,645 - WARNING - SuRL_FixedRL_132980011794064 - Reward column phase_prog not found for VID66
2025-06-23 10:37:01,645 - WARNING - SuRL_FixedRL_132980011794064 - Reward column global_prog not found for VID66
2025-06-23 10:37:01,645 - WARNING - SuRL_FixedRL_132980011794064 - Reward column action_reward not found for VID66
2025-06-23 10:37:01,645 - WARNING - SuRL_FixedRL_132980011794064 - Outcome column glob_avg_risk not found for VID66
2025-06-23 10:37:01,645 - WARNING - SuRL_FixedRL_132980011794064 - Outcome column glob_critical_risk_events not found for VID66
2025-06-23 10:37:01,645 - WARNING - SuRL_FixedRL_132980011794064 - Outcome column glob_global_outcome_score not found for VID66
2025-06-23 10:37:01,657 - INFO - SuRL_FixedRL_132980011794064 - ✅ Loaded video VID66: 1825 frames, 1024-dims embeddings
2025-06-23 10:37:01,887 - WARNING - SuRL_FixedRL_132980011794064 - Reward column risk_score_max not found for VID68
2025-06-23 10:37:01,887 - WARNING - SuRL_FixedRL_132980011794064 - Reward column phase_completion_reward not found for VID68
2025-06-23 10:37:01,887 - WARNING - SuRL_FixedRL_132980011794064 - Reward column phase_initiation_reward not found for VID68
2025-06-23 10:37:01,887 - WARNING - SuRL_FixedRL_132980011794064 - Reward column phase_prog not found for VID68
2025-06-23 10:37:01,887 - WARNING - SuRL_FixedRL_132980011794064 - Reward column global_prog not found for VID68
2025-06-23 10:37:01,887 - WARNING - SuRL_FixedRL_132980011794064 - Reward column action_reward not found for VID68
2025-06-23 10:37:01,888 - WARNING - SuRL_FixedRL_132980011794064 - Outcome column glob_avg_risk not found for VID68
2025-06-23 10:37:01,888 - WARNING - SuRL_FixedRL_132980011794064 - Outcome column glob_critical_risk_events not found for VID68
2025-06-23 10:37:01,888 - WARNING - SuRL_FixedRL_132980011794064 - Outcome column glob_global_outcome_score not found for VID68
2025-06-23 10:37:01,900 - INFO - SuRL_FixedRL_132980011794064 - ✅ Loaded video VID68: 1973 frames, 1024-dims embeddings
2025-06-23 10:37:02,055 - WARNING - SuRL_FixedRL_132980011794064 - Reward column risk_score_max not found for VID73
2025-06-23 10:37:02,055 - WARNING - SuRL_FixedRL_132980011794064 - Reward column phase_completion_reward not found for VID73
2025-06-23 10:37:02,055 - WARNING - SuRL_FixedRL_132980011794064 - Reward column phase_initiation_reward not found for VID73
2025-06-23 10:37:02,055 - WARNING - SuRL_FixedRL_132980011794064 - Reward column phase_prog not found for VID73
2025-06-23 10:37:02,056 - WARNING - SuRL_FixedRL_132980011794064 - Reward column global_prog not found for VID73
2025-06-23 10:37:02,056 - WARNING - SuRL_FixedRL_132980011794064 - Reward column action_reward not found for VID73
2025-06-23 10:37:02,056 - WARNING - SuRL_FixedRL_132980011794064 - Outcome column glob_avg_risk not found for VID73
2025-06-23 10:37:02,056 - WARNING - SuRL_FixedRL_132980011794064 - Outcome column glob_critical_risk_events not found for VID73
2025-06-23 10:37:02,056 - WARNING - SuRL_FixedRL_132980011794064 - Outcome column glob_global_outcome_score not found for VID73
2025-06-23 10:37:02,068 - INFO - SuRL_FixedRL_132980011794064 - ✅ Loaded video VID73: 1357 frames, 1024-dims embeddings
2025-06-23 10:37:02,257 - WARNING - SuRL_FixedRL_132980011794064 - Reward column risk_score_max not found for VID74
2025-06-23 10:37:02,257 - WARNING - SuRL_FixedRL_132980011794064 - Reward column phase_completion_reward not found for VID74
2025-06-23 10:37:02,257 - WARNING - SuRL_FixedRL_132980011794064 - Reward column phase_initiation_reward not found for VID74
2025-06-23 10:37:02,257 - WARNING - SuRL_FixedRL_132980011794064 - Reward column phase_prog not found for VID74
2025-06-23 10:37:02,257 - WARNING - SuRL_FixedRL_132980011794064 - Reward column global_prog not found for VID74
2025-06-23 10:37:02,257 - WARNING - SuRL_FixedRL_132980011794064 - Reward column action_reward not found for VID74
2025-06-23 10:37:02,257 - WARNING - SuRL_FixedRL_132980011794064 - Outcome column glob_avg_risk not found for VID74
2025-06-23 10:37:02,257 - WARNING - SuRL_FixedRL_132980011794064 - Outcome column glob_critical_risk_events not found for VID74
2025-06-23 10:37:02,257 - WARNING - SuRL_FixedRL_132980011794064 - Outcome column glob_global_outcome_score not found for VID74
2025-06-23 10:37:02,270 - INFO - SuRL_FixedRL_132980011794064 - ✅ Loaded video VID74: 1635 frames, 1024-dims embeddings
2025-06-23 10:37:02,491 - WARNING - SuRL_FixedRL_132980011794064 - Reward column risk_score_max not found for VID75
2025-06-23 10:37:02,491 - WARNING - SuRL_FixedRL_132980011794064 - Reward column phase_completion_reward not found for VID75
2025-06-23 10:37:02,491 - WARNING - SuRL_FixedRL_132980011794064 - Reward column phase_initiation_reward not found for VID75
2025-06-23 10:37:02,491 - WARNING - SuRL_FixedRL_132980011794064 - Reward column phase_prog not found for VID75
2025-06-23 10:37:02,492 - WARNING - SuRL_FixedRL_132980011794064 - Reward column global_prog not found for VID75
2025-06-23 10:37:02,492 - WARNING - SuRL_FixedRL_132980011794064 - Reward column action_reward not found for VID75
2025-06-23 10:37:02,492 - WARNING - SuRL_FixedRL_132980011794064 - Outcome column glob_avg_risk not found for VID75
2025-06-23 10:37:02,492 - WARNING - SuRL_FixedRL_132980011794064 - Outcome column glob_critical_risk_events not found for VID75
2025-06-23 10:37:02,492 - WARNING - SuRL_FixedRL_132980011794064 - Outcome column glob_global_outcome_score not found for VID75
2025-06-23 10:37:02,504 - INFO - SuRL_FixedRL_132980011794064 - ✅ Loaded video VID75: 1924 frames, 1024-dims embeddings
2025-06-23 10:37:02,590 - WARNING - SuRL_FixedRL_132980011794064 - Reward column risk_score_max not found for VID78
2025-06-23 10:37:02,590 - WARNING - SuRL_FixedRL_132980011794064 - Reward column phase_completion_reward not found for VID78
2025-06-23 10:37:02,590 - WARNING - SuRL_FixedRL_132980011794064 - Reward column phase_initiation_reward not found for VID78
2025-06-23 10:37:02,590 - WARNING - SuRL_FixedRL_132980011794064 - Reward column phase_prog not found for VID78
2025-06-23 10:37:02,590 - WARNING - SuRL_FixedRL_132980011794064 - Reward column global_prog not found for VID78
2025-06-23 10:37:02,590 - WARNING - SuRL_FixedRL_132980011794064 - Reward column action_reward not found for VID78
2025-06-23 10:37:02,590 - WARNING - SuRL_FixedRL_132980011794064 - Outcome column glob_avg_risk not found for VID78
2025-06-23 10:37:02,591 - WARNING - SuRL_FixedRL_132980011794064 - Outcome column glob_critical_risk_events not found for VID78
2025-06-23 10:37:02,591 - WARNING - SuRL_FixedRL_132980011794064 - Outcome column glob_global_outcome_score not found for VID78
2025-06-23 10:37:02,603 - INFO - SuRL_FixedRL_132980011794064 - ✅ Loaded video VID78: 740 frames, 1024-dims embeddings
2025-06-23 10:37:02,998 - WARNING - SuRL_FixedRL_132980011794064 - Reward column risk_score_max not found for VID79
2025-06-23 10:37:02,999 - WARNING - SuRL_FixedRL_132980011794064 - Reward column phase_completion_reward not found for VID79
2025-06-23 10:37:02,999 - WARNING - SuRL_FixedRL_132980011794064 - Reward column phase_initiation_reward not found for VID79
2025-06-23 10:37:02,999 - WARNING - SuRL_FixedRL_132980011794064 - Reward column phase_prog not found for VID79
2025-06-23 10:37:02,999 - WARNING - SuRL_FixedRL_132980011794064 - Reward column global_prog not found for VID79
2025-06-23 10:37:02,999 - WARNING - SuRL_FixedRL_132980011794064 - Reward column action_reward not found for VID79
2025-06-23 10:37:02,999 - WARNING - SuRL_FixedRL_132980011794064 - Outcome column glob_avg_risk not found for VID79
2025-06-23 10:37:02,999 - WARNING - SuRL_FixedRL_132980011794064 - Outcome column glob_critical_risk_events not found for VID79
2025-06-23 10:37:02,999 - WARNING - SuRL_FixedRL_132980011794064 - Outcome column glob_global_outcome_score not found for VID79
2025-06-23 10:37:03,012 - INFO - SuRL_FixedRL_132980011794064 - ✅ Loaded video VID79: 3415 frames, 1024-dims embeddings
2025-06-23 10:37:03,253 - WARNING - SuRL_FixedRL_132980011794064 - Reward column risk_score_max not found for VID92
2025-06-23 10:37:03,253 - WARNING - SuRL_FixedRL_132980011794064 - Reward column phase_completion_reward not found for VID92
2025-06-23 10:37:03,253 - WARNING - SuRL_FixedRL_132980011794064 - Reward column phase_initiation_reward not found for VID92
2025-06-23 10:37:03,253 - WARNING - SuRL_FixedRL_132980011794064 - Reward column phase_prog not found for VID92
2025-06-23 10:37:03,253 - WARNING - SuRL_FixedRL_132980011794064 - Reward column global_prog not found for VID92
2025-06-23 10:37:03,253 - WARNING - SuRL_FixedRL_132980011794064 - Reward column action_reward not found for VID92
2025-06-23 10:37:03,253 - WARNING - SuRL_FixedRL_132980011794064 - Outcome column glob_avg_risk not found for VID92
2025-06-23 10:37:03,253 - WARNING - SuRL_FixedRL_132980011794064 - Outcome column glob_critical_risk_events not found for VID92
2025-06-23 10:37:03,253 - WARNING - SuRL_FixedRL_132980011794064 - Outcome column glob_global_outcome_score not found for VID92
2025-06-23 10:37:03,265 - INFO - SuRL_FixedRL_132980011794064 - ✅ Loaded video VID92: 2124 frames, 1024-dims embeddings
2025-06-23 10:37:03,265 - INFO - SuRL_FixedRL_132980011794064 - 📂 Loaded 40 videos from train split
2025-06-23 10:37:06,168 - INFO - SuRL_FixedRL_132980011794064 - Loading test data from /home/maxboels/datasets/CholecT50 with fold 1
2025-06-23 10:37:06,275 - INFO - SuRL_FixedRL_132980011794064 - ✅ Loaded metadata: /home/maxboels/datasets/CholecT50/embeddings_test_set/fold1/embeddings_f1_swin_bas_129.csv - Shape: (19240, 144)
2025-06-23 10:37:06,275 - INFO - SuRL_FixedRL_132980011794064 - [Test] Start processing metadata file /home/maxboels/datasets/CholecT50/embeddings_test_set/fold1/embeddings_f1_swin_bas_129.csv
2025-06-23 10:37:08,597 - INFO - SuRL_FixedRL_132980011794064 - [Test] Cleaned metadata file paths in /home/maxboels/datasets/CholecT50/embeddings_test_set/fold1/embeddings_f1_swin_bas_129.csv
2025-06-23 10:37:09,102 - INFO - SuRL_FixedRL_132980011794064 - [Test] Saved cleaned metadata to /home/maxboels/datasets/CholecT50/embeddings_test_set/fold1/embeddings_f1_swin_bas_129.csv
2025-06-23 10:37:14,657 - INFO - SuRL_FixedRL_132980011794064 - [Test] Rewards extraction skipped, using metadata file /home/maxboels/datasets/CholecT50/embeddings_test_set/fold1/embeddings_f1_swin_bas_129.csv
2025-06-23 10:37:14,659 - INFO - SuRL_FixedRL_132980011794064 - [Test] Found 10 videos in metadata file
2025-06-23 10:37:14,659 - INFO - SuRL_FixedRL_132980011794064 - [Test] Loading data for 10 videos
2025-06-23 10:37:15,019 - WARNING - SuRL_FixedRL_132980011794064 - Reward column risk_score_max not found for VID05
2025-06-23 10:37:15,019 - WARNING - SuRL_FixedRL_132980011794064 - Reward column phase_completion_reward not found for VID05
2025-06-23 10:37:15,019 - WARNING - SuRL_FixedRL_132980011794064 - Reward column phase_initiation_reward not found for VID05
2025-06-23 10:37:15,019 - WARNING - SuRL_FixedRL_132980011794064 - Reward column phase_prog not found for VID05
2025-06-23 10:37:15,019 - WARNING - SuRL_FixedRL_132980011794064 - Reward column global_prog not found for VID05
2025-06-23 10:37:15,019 - WARNING - SuRL_FixedRL_132980011794064 - Reward column action_reward not found for VID05
2025-06-23 10:37:15,019 - WARNING - SuRL_FixedRL_132980011794064 - Outcome column glob_avg_risk not found for VID05
2025-06-23 10:37:15,020 - WARNING - SuRL_FixedRL_132980011794064 - Outcome column glob_critical_risk_events not found for VID05
2025-06-23 10:37:15,020 - WARNING - SuRL_FixedRL_132980011794064 - Outcome column glob_global_outcome_score not found for VID05
2025-06-23 10:37:15,034 - INFO - SuRL_FixedRL_132980011794064 - ✅ Loaded video VID05: 2345 frames, 1024-dims embeddings
2025-06-23 10:37:15,300 - WARNING - SuRL_FixedRL_132980011794064 - Reward column risk_score_max not found for VID15
2025-06-23 10:37:15,300 - WARNING - SuRL_FixedRL_132980011794064 - Reward column phase_completion_reward not found for VID15
2025-06-23 10:37:15,300 - WARNING - SuRL_FixedRL_132980011794064 - Reward column phase_initiation_reward not found for VID15
2025-06-23 10:37:15,300 - WARNING - SuRL_FixedRL_132980011794064 - Reward column phase_prog not found for VID15
2025-06-23 10:37:15,300 - WARNING - SuRL_FixedRL_132980011794064 - Reward column global_prog not found for VID15
2025-06-23 10:37:15,300 - WARNING - SuRL_FixedRL_132980011794064 - Reward column action_reward not found for VID15
2025-06-23 10:37:15,300 - WARNING - SuRL_FixedRL_132980011794064 - Outcome column glob_avg_risk not found for VID15
2025-06-23 10:37:15,300 - WARNING - SuRL_FixedRL_132980011794064 - Outcome column glob_critical_risk_events not found for VID15
2025-06-23 10:37:15,300 - WARNING - SuRL_FixedRL_132980011794064 - Outcome column glob_global_outcome_score not found for VID15
2025-06-23 10:37:15,315 - INFO - SuRL_FixedRL_132980011794064 - ✅ Loaded video VID15: 2059 frames, 1024-dims embeddings
2025-06-23 10:37:15,537 - WARNING - SuRL_FixedRL_132980011794064 - Reward column risk_score_max not found for VID26
2025-06-23 10:37:15,538 - WARNING - SuRL_FixedRL_132980011794064 - Reward column phase_completion_reward not found for VID26
2025-06-23 10:37:15,538 - WARNING - SuRL_FixedRL_132980011794064 - Reward column phase_initiation_reward not found for VID26
2025-06-23 10:37:15,538 - WARNING - SuRL_FixedRL_132980011794064 - Reward column phase_prog not found for VID26
2025-06-23 10:37:15,538 - WARNING - SuRL_FixedRL_132980011794064 - Reward column global_prog not found for VID26
2025-06-23 10:37:15,538 - WARNING - SuRL_FixedRL_132980011794064 - Reward column action_reward not found for VID26
2025-06-23 10:37:15,538 - WARNING - SuRL_FixedRL_132980011794064 - Outcome column glob_avg_risk not found for VID26
2025-06-23 10:37:15,538 - WARNING - SuRL_FixedRL_132980011794064 - Outcome column glob_critical_risk_events not found for VID26
2025-06-23 10:37:15,538 - WARNING - SuRL_FixedRL_132980011794064 - Outcome column glob_global_outcome_score not found for VID26
2025-06-23 10:37:15,551 - INFO - SuRL_FixedRL_132980011794064 - ✅ Loaded video VID26: 1774 frames, 1024-dims embeddings
2025-06-23 10:37:15,813 - WARNING - SuRL_FixedRL_132980011794064 - Reward column risk_score_max not found for VID32
2025-06-23 10:37:15,813 - WARNING - SuRL_FixedRL_132980011794064 - Reward column phase_completion_reward not found for VID32
2025-06-23 10:37:15,813 - WARNING - SuRL_FixedRL_132980011794064 - Reward column phase_initiation_reward not found for VID32
2025-06-23 10:37:15,813 - WARNING - SuRL_FixedRL_132980011794064 - Reward column phase_prog not found for VID32
2025-06-23 10:37:15,813 - WARNING - SuRL_FixedRL_132980011794064 - Reward column global_prog not found for VID32
2025-06-23 10:37:15,813 - WARNING - SuRL_FixedRL_132980011794064 - Reward column action_reward not found for VID32
2025-06-23 10:37:15,814 - WARNING - SuRL_FixedRL_132980011794064 - Outcome column glob_avg_risk not found for VID32
2025-06-23 10:37:15,814 - WARNING - SuRL_FixedRL_132980011794064 - Outcome column glob_critical_risk_events not found for VID32
2025-06-23 10:37:15,814 - WARNING - SuRL_FixedRL_132980011794064 - Outcome column glob_global_outcome_score not found for VID32
2025-06-23 10:37:15,826 - INFO - SuRL_FixedRL_132980011794064 - ✅ Loaded video VID32: 2117 frames, 1024-dims embeddings
2025-06-23 10:37:16,103 - WARNING - SuRL_FixedRL_132980011794064 - Reward column risk_score_max not found for VID40
2025-06-23 10:37:16,103 - WARNING - SuRL_FixedRL_132980011794064 - Reward column phase_completion_reward not found for VID40
2025-06-23 10:37:16,103 - WARNING - SuRL_FixedRL_132980011794064 - Reward column phase_initiation_reward not found for VID40
2025-06-23 10:37:16,103 - WARNING - SuRL_FixedRL_132980011794064 - Reward column phase_prog not found for VID40
2025-06-23 10:37:16,103 - WARNING - SuRL_FixedRL_132980011794064 - Reward column global_prog not found for VID40
2025-06-23 10:37:16,103 - WARNING - SuRL_FixedRL_132980011794064 - Reward column action_reward not found for VID40
2025-06-23 10:37:16,104 - WARNING - SuRL_FixedRL_132980011794064 - Outcome column glob_avg_risk not found for VID40
2025-06-23 10:37:16,104 - WARNING - SuRL_FixedRL_132980011794064 - Outcome column glob_critical_risk_events not found for VID40
2025-06-23 10:37:16,104 - WARNING - SuRL_FixedRL_132980011794064 - Outcome column glob_global_outcome_score not found for VID40
2025-06-23 10:37:16,117 - INFO - SuRL_FixedRL_132980011794064 - ✅ Loaded video VID40: 2223 frames, 1024-dims embeddings
2025-06-23 10:37:16,415 - WARNING - SuRL_FixedRL_132980011794064 - Reward column risk_score_max not found for VID47
2025-06-23 10:37:16,415 - WARNING - SuRL_FixedRL_132980011794064 - Reward column phase_completion_reward not found for VID47
2025-06-23 10:37:16,415 - WARNING - SuRL_FixedRL_132980011794064 - Reward column phase_initiation_reward not found for VID47
2025-06-23 10:37:16,415 - WARNING - SuRL_FixedRL_132980011794064 - Reward column phase_prog not found for VID47
2025-06-23 10:37:16,415 - WARNING - SuRL_FixedRL_132980011794064 - Reward column global_prog not found for VID47
2025-06-23 10:37:16,415 - WARNING - SuRL_FixedRL_132980011794064 - Reward column action_reward not found for VID47
2025-06-23 10:37:16,416 - WARNING - SuRL_FixedRL_132980011794064 - Outcome column glob_avg_risk not found for VID47
2025-06-23 10:37:16,416 - WARNING - SuRL_FixedRL_132980011794064 - Outcome column glob_critical_risk_events not found for VID47
2025-06-23 10:37:16,416 - WARNING - SuRL_FixedRL_132980011794064 - Outcome column glob_global_outcome_score not found for VID47
2025-06-23 10:37:16,428 - INFO - SuRL_FixedRL_132980011794064 - ✅ Loaded video VID47: 2260 frames, 1024-dims embeddings
2025-06-23 10:37:16,670 - WARNING - SuRL_FixedRL_132980011794064 - Reward column risk_score_max not found for VID48
2025-06-23 10:37:16,670 - WARNING - SuRL_FixedRL_132980011794064 - Reward column phase_completion_reward not found for VID48
2025-06-23 10:37:16,671 - WARNING - SuRL_FixedRL_132980011794064 - Reward column phase_initiation_reward not found for VID48
2025-06-23 10:37:16,671 - WARNING - SuRL_FixedRL_132980011794064 - Reward column phase_prog not found for VID48
2025-06-23 10:37:16,671 - WARNING - SuRL_FixedRL_132980011794064 - Reward column global_prog not found for VID48
2025-06-23 10:37:16,671 - WARNING - SuRL_FixedRL_132980011794064 - Reward column action_reward not found for VID48
2025-06-23 10:37:16,671 - WARNING - SuRL_FixedRL_132980011794064 - Outcome column glob_avg_risk not found for VID48
2025-06-23 10:37:16,671 - WARNING - SuRL_FixedRL_132980011794064 - Outcome column glob_critical_risk_events not found for VID48
2025-06-23 10:37:16,672 - WARNING - SuRL_FixedRL_132980011794064 - Outcome column glob_global_outcome_score not found for VID48
2025-06-23 10:37:16,684 - INFO - SuRL_FixedRL_132980011794064 - ✅ Loaded video VID48: 1835 frames, 1024-dims embeddings
2025-06-23 10:37:16,842 - WARNING - SuRL_FixedRL_132980011794064 - Reward column risk_score_max not found for VID70
2025-06-23 10:37:16,842 - WARNING - SuRL_FixedRL_132980011794064 - Reward column phase_completion_reward not found for VID70
2025-06-23 10:37:16,842 - WARNING - SuRL_FixedRL_132980011794064 - Reward column phase_initiation_reward not found for VID70
2025-06-23 10:37:16,842 - WARNING - SuRL_FixedRL_132980011794064 - Reward column phase_prog not found for VID70
2025-06-23 10:37:16,842 - WARNING - SuRL_FixedRL_132980011794064 - Reward column global_prog not found for VID70
2025-06-23 10:37:16,843 - WARNING - SuRL_FixedRL_132980011794064 - Reward column action_reward not found for VID70
2025-06-23 10:37:16,843 - WARNING - SuRL_FixedRL_132980011794064 - Outcome column glob_avg_risk not found for VID70
2025-06-23 10:37:16,843 - WARNING - SuRL_FixedRL_132980011794064 - Outcome column glob_critical_risk_events not found for VID70
2025-06-23 10:37:16,843 - WARNING - SuRL_FixedRL_132980011794064 - Outcome column glob_global_outcome_score not found for VID70
2025-06-23 10:37:16,854 - INFO - SuRL_FixedRL_132980011794064 - ✅ Loaded video VID70: 1195 frames, 1024-dims embeddings
2025-06-23 10:37:17,073 - WARNING - SuRL_FixedRL_132980011794064 - Reward column risk_score_max not found for VID80
2025-06-23 10:37:17,073 - WARNING - SuRL_FixedRL_132980011794064 - Reward column phase_completion_reward not found for VID80
2025-06-23 10:37:17,073 - WARNING - SuRL_FixedRL_132980011794064 - Reward column phase_initiation_reward not found for VID80
2025-06-23 10:37:17,073 - WARNING - SuRL_FixedRL_132980011794064 - Reward column phase_prog not found for VID80
2025-06-23 10:37:17,073 - WARNING - SuRL_FixedRL_132980011794064 - Reward column global_prog not found for VID80
2025-06-23 10:37:17,073 - WARNING - SuRL_FixedRL_132980011794064 - Reward column action_reward not found for VID80
2025-06-23 10:37:17,073 - WARNING - SuRL_FixedRL_132980011794064 - Outcome column glob_avg_risk not found for VID80
2025-06-23 10:37:17,073 - WARNING - SuRL_FixedRL_132980011794064 - Outcome column glob_critical_risk_events not found for VID80
2025-06-23 10:37:17,073 - WARNING - SuRL_FixedRL_132980011794064 - Outcome column glob_global_outcome_score not found for VID80
2025-06-23 10:37:17,085 - INFO - SuRL_FixedRL_132980011794064 - ✅ Loaded video VID80: 1725 frames, 1024-dims embeddings
2025-06-23 10:37:17,299 - WARNING - SuRL_FixedRL_132980011794064 - Reward column risk_score_max not found for VID96
2025-06-23 10:37:17,300 - WARNING - SuRL_FixedRL_132980011794064 - Reward column phase_completion_reward not found for VID96
2025-06-23 10:37:17,300 - WARNING - SuRL_FixedRL_132980011794064 - Reward column phase_initiation_reward not found for VID96
2025-06-23 10:37:17,300 - WARNING - SuRL_FixedRL_132980011794064 - Reward column phase_prog not found for VID96
2025-06-23 10:37:17,300 - WARNING - SuRL_FixedRL_132980011794064 - Reward column global_prog not found for VID96
2025-06-23 10:37:17,300 - WARNING - SuRL_FixedRL_132980011794064 - Reward column action_reward not found for VID96
2025-06-23 10:37:17,300 - WARNING - SuRL_FixedRL_132980011794064 - Outcome column glob_avg_risk not found for VID96
2025-06-23 10:37:17,300 - WARNING - SuRL_FixedRL_132980011794064 - Outcome column glob_critical_risk_events not found for VID96
2025-06-23 10:37:17,300 - WARNING - SuRL_FixedRL_132980011794064 - Outcome column glob_global_outcome_score not found for VID96
2025-06-23 10:37:17,312 - INFO - SuRL_FixedRL_132980011794064 - ✅ Loaded video VID96: 1707 frames, 1024-dims embeddings
2025-06-23 10:37:17,312 - INFO - SuRL_FixedRL_132980011794064 - 📂 Loaded 10 videos from test split
2025-06-23 10:37:30,824 - INFO - SuRL_FixedRL_132980011794064 - ✅ Data loaded successfully
2025-06-23 10:37:30,824 - INFO - SuRL_FixedRL_132980011794064 -    Training videos: 40
2025-06-23 10:37:30,824 - INFO - SuRL_FixedRL_132980011794064 -    Test videos: 10
2025-06-23 10:37:30,824 - INFO - SuRL_FixedRL_132980011794064 - 🎓 Running Method 1: Autoregressive IL
2025-06-23 10:37:30,824 - INFO - SuRL_FixedRL_132980011794064 - 🎓 Method 1: Autoregressive IL
2025-06-23 10:37:30,824 - INFO - SuRL_FixedRL_132980011794064 - ----------------------------------------
2025-06-23 10:37:34,981 - WARNING - SuRL_FixedRL_132980011794064 - ⚠️ Pretrained model enabled but no path specified
2025-06-23 10:37:34,981 - INFO - SuRL_FixedRL_132980011794064 - 🔄 Falling back to training from scratch...
2025-06-23 10:37:39,737 - INFO - SuRL_FixedRL_132980011794064 - 🎓 Autoregressive IL Trainer initialized (FINAL)
2025-06-23 10:37:39,737 - INFO - SuRL_FixedRL_132980011794064 -    Device: cuda
2025-06-23 10:37:39,737 - INFO - SuRL_FixedRL_132980011794064 -    Epochs: 1
2025-06-23 10:37:39,737 - INFO - SuRL_FixedRL_132980011794064 -    Learning rate: 3e-05
2025-06-23 10:37:39,737 - INFO - SuRL_FixedRL_132980011794064 -    ✅ Per-video aggregation + shared metrics + efficient validation
2025-06-23 10:37:39,737 - INFO - SuRL_FixedRL_132980011794064 - 🎓 Starting Autoregressive IL Training...
2025-06-23 10:37:39,737 - INFO - SuRL_FixedRL_132980011794064 - 🎯 Goal: Learn causal frame generation → action prediction
2025-06-23 10:37:39,737 - INFO - SuRL_FixedRL_132980011794064 - 📊 Evaluation: Per-video aggregation for robust metrics
2025-06-23 10:41:43,087 - INFO - SuRL_FixedRL_132980011794064 - ✅ Video VID05 validation:    Loss: 0.3608,    Action mAP: 0.5548
2025-06-23 10:41:52,467 - INFO - SuRL_FixedRL_132980011794064 - ✅ Video VID15 validation:    Loss: 0.8529,    Action mAP: 0.3457
2025-06-23 10:42:01,715 - INFO - SuRL_FixedRL_132980011794064 - ✅ Video VID26 validation:    Loss: 0.3059,    Action mAP: 0.5833
2025-06-23 10:42:11,347 - INFO - SuRL_FixedRL_132980011794064 - ✅ Video VID32 validation:    Loss: 1.4238,    Action mAP: 0.3651
2025-06-23 10:42:20,983 - INFO - SuRL_FixedRL_132980011794064 - ✅ Video VID40 validation:    Loss: 0.3605,    Action mAP: 0.6057
2025-06-23 10:42:30,608 - INFO - SuRL_FixedRL_132980011794064 - ✅ Video VID47 validation:    Loss: 0.7733,    Action mAP: 0.4356
2025-06-23 10:42:39,952 - INFO - SuRL_FixedRL_132980011794064 - ✅ Video VID48 validation:    Loss: 0.3619,    Action mAP: 0.5765
2025-06-23 10:42:48,725 - INFO - SuRL_FixedRL_132980011794064 - ✅ Video VID70 validation:    Loss: 0.6913,    Action mAP: 0.5322
2025-06-23 10:42:58,027 - INFO - SuRL_FixedRL_132980011794064 - ✅ Video VID80 validation:    Loss: 0.5809,    Action mAP: 0.5625
2025-06-23 10:43:06,987 - INFO - SuRL_FixedRL_132980011794064 - ✅ Video VID96 validation:    Loss: 1.4545,    Action mAP: 0.3898
2025-06-23 10:43:06,988 - INFO - SuRL_FixedRL_132980011794064 - 📊 Validation Summary (averaged across 10 videos):
2025-06-23 10:43:06,988 - INFO - SuRL_FixedRL_132980011794064 -    🎯 Main mAP (surgical actions): 0.4951 ± 0.0948
2025-06-23 10:43:06,988 - INFO - SuRL_FixedRL_132980011794064 -    📊 mAP with null verbs: 0.4542
2025-06-23 10:43:06,988 - INFO - SuRL_FixedRL_132980011794064 -    📋 Actions evaluated: 23/94 surgical actions
2025-06-23 10:43:06,988 - INFO - SuRL_FixedRL_132980011794064 -    📈 Surgical action sparsity: 0.7553
2025-06-23 10:43:06,988 - INFO - SuRL_FixedRL_132980011794064 -    🔄 Total Loss: 0.7166
2025-06-23 10:43:07,105 - INFO - SuRL_FixedRL_132980011794064 - ✅ New best model saved: results/2025-06-23_10-36-28/logs/checkpoints/autoregressive_il_best_epoch_1.pt
2025-06-23 10:43:07,105 - INFO - SuRL_FixedRL_132980011794064 - Epoch 1/1 | Train Loss: 0.3915 | Val Loss: 0.7166 | Action mAP: 0.4951±0.0948 (10 videos) | Frame MSE: 0.1477
2025-06-23 10:43:08,014 - INFO - SuRL_FixedRL_132980011794064 - 📊 Per-video analysis saved to: results/2025-06-23_10-36-28/logs/per_video_performance_analysis.png
2025-06-23 10:43:08,014 - INFO - SuRL_FixedRL_132980011794064 - 📊 Performance data saved to: results/2025-06-23_10-36-28/logs/per_video_performance_data.json
2025-06-23 10:43:08,014 - INFO - SuRL_FixedRL_132980011794064 - ✅ Autoregressive IL Training completed!
2025-06-23 10:43:08,014 - INFO - SuRL_FixedRL_132980011794064 - 📄 Best model: results/2025-06-23_10-36-28/logs/checkpoints/autoregressive_il_best_epoch_1.pt
2025-06-23 10:43:08,014 - INFO - SuRL_FixedRL_132980011794064 - 📄 Final model: results/2025-06-23_10-36-28/logs/checkpoints/autoregressive_il_final.pt
2025-06-23 10:43:08,014 - INFO - SuRL_FixedRL_132980011794064 - 📊 Per-video analysis saved
2025-06-23 10:43:08,014 - INFO - SuRL_FixedRL_132980011794064 - 📊 Evaluating Autoregressive IL Model (PER-VIDEO)...
2025-06-23 10:43:17,651 - INFO - SuRL_FixedRL_132980011794064 - ✅ Video VID05 validation:    Loss: 0.3608,    Action mAP: 0.5548
2025-06-23 10:43:27,187 - INFO - SuRL_FixedRL_132980011794064 - ✅ Video VID15 validation:    Loss: 0.8529,    Action mAP: 0.3457
2025-06-23 10:43:36,281 - INFO - SuRL_FixedRL_132980011794064 - ✅ Video VID26 validation:    Loss: 0.3059,    Action mAP: 0.5833
2025-06-23 10:43:45,896 - INFO - SuRL_FixedRL_132980011794064 - ✅ Video VID32 validation:    Loss: 1.4238,    Action mAP: 0.3651
2025-06-23 10:43:55,463 - INFO - SuRL_FixedRL_132980011794064 - ✅ Video VID40 validation:    Loss: 0.3605,    Action mAP: 0.6057
2025-06-23 10:44:04,978 - INFO - SuRL_FixedRL_132980011794064 - ✅ Video VID47 validation:    Loss: 0.7733,    Action mAP: 0.4356
