2025-06-14 21:47:48,472 - INFO - SuRL_FixedRL_140209611280480 - Shared experiment log directory: results/fixed_rl_2025-06-14_21-47-48/logs
2025-06-14 21:47:48,472 - INFO - SuRL_FixedRL_140209611280480 - 🎯 FIXED RL Experiment: fixed_rl_2025-06-14_21-47-48
2025-06-14 21:47:48,472 - INFO - SuRL_FixedRL_140209611280480 - 📁 Results dir: results/fixed_rl_2025-06-14_21-47-48
2025-06-14 21:47:48,472 - INFO - SuRL_FixedRL_140209611280480 - 🚀 Starting Complete FIXED RL Comparison
2025-06-14 21:47:48,472 - INFO - SuRL_FixedRL_140209611280480 - ============================================================
2025-06-14 21:47:48,472 - INFO - SuRL_FixedRL_140209611280480 - 📂 Loading CholecT50 data...
2025-06-14 21:47:48,472 - INFO - SuRL_FixedRL_140209611280480 - Loading train data from /nfs/home/mboels/datasets/CholecT50 with fold 0
2025-06-14 21:47:49,289 - INFO - SuRL_FixedRL_140209611280480 - ✅ Loaded metadata: /nfs/home/mboels/datasets/CholecT50/embeddings_train_set/fold0/embeddings_f0_swin_bas_129_phase_complet_phase_transit_prog_prob_action_risk_glob_outcome.csv - Shape: (78968, 156)
2025-06-14 21:47:49,289 - INFO - SuRL_FixedRL_140209611280480 - [Train] Start processing metadata file /nfs/home/mboels/datasets/CholecT50/embeddings_train_set/fold0/embeddings_f0_swin_bas_129_phase_complet_phase_transit_prog_prob_action_risk_glob_outcome.csv
2025-06-14 21:47:49,289 - INFO - SuRL_FixedRL_140209611280480 - [Train] Rewards extraction skipped, using metadata file /nfs/home/mboels/datasets/CholecT50/embeddings_train_set/fold0/embeddings_f0_swin_bas_129_phase_complet_phase_transit_prog_prob_action_risk_glob_outcome.csv
2025-06-14 21:47:49,293 - INFO - SuRL_FixedRL_140209611280480 - [Train] Found 40 videos in metadata file
2025-06-14 21:47:49,294 - INFO - SuRL_FixedRL_140209611280480 - [Train] Loading data for 40 videos
2025-06-14 21:47:51,057 - INFO - SuRL_FixedRL_140209611280480 - ✅ Loaded video VID01: 1734 frames, 1024D embeddings
2025-06-14 21:47:53,181 - INFO - SuRL_FixedRL_140209611280480 - ✅ Loaded video VID04: 1523 frames, 1024D embeddings
2025-06-14 21:47:55,564 - INFO - SuRL_FixedRL_140209611280480 - ✅ Loaded video VID05: 2345 frames, 1024D embeddings
2025-06-14 21:47:57,107 - INFO - SuRL_FixedRL_140209611280480 - ✅ Loaded video VID08: 1520 frames, 1024D embeddings
2025-06-14 21:47:59,596 - INFO - SuRL_FixedRL_140209611280480 - ✅ Loaded video VID10: 1750 frames, 1024D embeddings
2025-06-14 21:48:02,508 - INFO - SuRL_FixedRL_140209611280480 - ✅ Loaded video VID103: 2220 frames, 1024D embeddings
2025-06-14 21:48:05,403 - INFO - SuRL_FixedRL_140209611280480 - ✅ Loaded video VID110: 2177 frames, 1024D embeddings
2025-06-14 21:48:06,457 - INFO - SuRL_FixedRL_140209611280480 - ✅ Loaded video VID12: 1091 frames, 1024D embeddings
2025-06-14 21:48:07,808 - INFO - SuRL_FixedRL_140209611280480 - ✅ Loaded video VID13: 982 frames, 1024D embeddings
2025-06-14 21:48:09,948 - INFO - SuRL_FixedRL_140209611280480 - ✅ Loaded video VID15: 2059 frames, 1024D embeddings
2025-06-14 21:48:12,602 - INFO - SuRL_FixedRL_140209611280480 - ✅ Loaded video VID18: 1943 frames, 1024D embeddings
2025-06-14 21:48:14,720 - INFO - SuRL_FixedRL_140209611280480 - ✅ Loaded video VID22: 1533 frames, 1024D embeddings
2025-06-14 21:48:17,172 - INFO - SuRL_FixedRL_140209611280480 - ✅ Loaded video VID26: 1774 frames, 1024D embeddings
2025-06-14 21:48:19,247 - INFO - SuRL_FixedRL_140209611280480 - ✅ Loaded video VID27: 2085 frames, 1024D embeddings
2025-06-14 21:48:21,755 - INFO - SuRL_FixedRL_140209611280480 - ✅ Loaded video VID29: 2351 frames, 1024D embeddings
2025-06-14 21:48:25,765 - INFO - SuRL_FixedRL_140209611280480 - ✅ Loaded video VID31: 3946 frames, 1024D embeddings
2025-06-14 21:48:28,615 - INFO - SuRL_FixedRL_140209611280480 - ✅ Loaded video VID32: 2117 frames, 1024D embeddings
2025-06-14 21:48:30,671 - INFO - SuRL_FixedRL_140209611280480 - ✅ Loaded video VID35: 2107 frames, 1024D embeddings
2025-06-14 21:48:33,045 - INFO - SuRL_FixedRL_140209611280480 - ✅ Loaded video VID36: 2388 frames, 1024D embeddings
2025-06-14 21:48:35,250 - INFO - SuRL_FixedRL_140209611280480 - ✅ Loaded video VID40: 2223 frames, 1024D embeddings
2025-06-14 21:48:40,298 - INFO - SuRL_FixedRL_140209611280480 - ✅ Loaded video VID42: 3713 frames, 1024D embeddings
2025-06-14 21:48:43,493 - INFO - SuRL_FixedRL_140209611280480 - ✅ Loaded video VID43: 2363 frames, 1024D embeddings
2025-06-14 21:48:46,615 - INFO - SuRL_FixedRL_140209611280480 - ✅ Loaded video VID47: 2260 frames, 1024D embeddings
2025-06-14 21:48:48,549 - INFO - SuRL_FixedRL_140209611280480 - ✅ Loaded video VID48: 1835 frames, 1024D embeddings
2025-06-14 21:48:50,798 - INFO - SuRL_FixedRL_140209611280480 - ✅ Loaded video VID49: 1672 frames, 1024D embeddings
2025-06-14 21:48:52,862 - INFO - SuRL_FixedRL_140209611280480 - ✅ Loaded video VID52: 1967 frames, 1024D embeddings
2025-06-14 21:48:55,296 - INFO - SuRL_FixedRL_140209611280480 - ✅ Loaded video VID56: 1837 frames, 1024D embeddings
2025-06-14 21:48:58,826 - INFO - SuRL_FixedRL_140209611280480 - ✅ Loaded video VID57: 2633 frames, 1024D embeddings
2025-06-14 21:49:02,325 - INFO - SuRL_FixedRL_140209611280480 - ✅ Loaded video VID60: 2533 frames, 1024D embeddings
2025-06-14 21:49:04,348 - INFO - SuRL_FixedRL_140209611280480 - ✅ Loaded video VID62: 2033 frames, 1024D embeddings
2025-06-14 21:49:06,179 - INFO - SuRL_FixedRL_140209611280480 - ✅ Loaded video VID65: 1874 frames, 1024D embeddings
2025-06-14 21:49:08,186 - INFO - SuRL_FixedRL_140209611280480 - ✅ Loaded video VID68: 1973 frames, 1024D embeddings
2025-06-14 21:49:09,849 - INFO - SuRL_FixedRL_140209611280480 - ✅ Loaded video VID70: 1195 frames, 1024D embeddings
2025-06-14 21:49:11,271 - INFO - SuRL_FixedRL_140209611280480 - ✅ Loaded video VID73: 1357 frames, 1024D embeddings
2025-06-14 21:49:12,906 - INFO - SuRL_FixedRL_140209611280480 - ✅ Loaded video VID74: 1635 frames, 1024D embeddings
2025-06-14 21:49:14,771 - INFO - SuRL_FixedRL_140209611280480 - ✅ Loaded video VID75: 1924 frames, 1024D embeddings
2025-06-14 21:49:15,752 - INFO - SuRL_FixedRL_140209611280480 - ✅ Loaded video VID78: 740 frames, 1024D embeddings
2025-06-14 21:49:18,065 - INFO - SuRL_FixedRL_140209611280480 - ✅ Loaded video VID80: 1725 frames, 1024D embeddings
2025-06-14 21:49:20,892 - INFO - SuRL_FixedRL_140209611280480 - ✅ Loaded video VID92: 2124 frames, 1024D embeddings
2025-06-14 21:49:22,536 - INFO - SuRL_FixedRL_140209611280480 - ✅ Loaded video VID96: 1707 frames, 1024D embeddings
2025-06-14 21:49:22,536 - INFO - SuRL_FixedRL_140209611280480 - ✅ Successfully loaded 40 videos for train
2025-06-14 21:49:22,544 - INFO - SuRL_FixedRL_140209611280480 - Loading test data from /nfs/home/mboels/datasets/CholecT50 with fold 0
2025-06-14 21:49:22,781 - INFO - SuRL_FixedRL_140209611280480 - ✅ Loaded metadata: /nfs/home/mboels/datasets/CholecT50/embeddings_test_set/fold0/embeddings_f0_swin_bas_129_phase_complet_phase_transit_prog_prob_action_risk_glob_outcome.csv - Shape: (21895, 156)
2025-06-14 21:49:22,781 - INFO - SuRL_FixedRL_140209611280480 - [Test] Start processing metadata file /nfs/home/mboels/datasets/CholecT50/embeddings_test_set/fold0/embeddings_f0_swin_bas_129_phase_complet_phase_transit_prog_prob_action_risk_glob_outcome.csv
2025-06-14 21:49:22,781 - INFO - SuRL_FixedRL_140209611280480 - [Test] Rewards extraction skipped, using metadata file /nfs/home/mboels/datasets/CholecT50/embeddings_test_set/fold0/embeddings_f0_swin_bas_129_phase_complet_phase_transit_prog_prob_action_risk_glob_outcome.csv
2025-06-14 21:49:22,782 - INFO - SuRL_FixedRL_140209611280480 - [Test] Found 10 videos in metadata file
2025-06-14 21:49:22,782 - INFO - SuRL_FixedRL_140209611280480 - [Test] Loading data for 10 videos
2025-06-14 21:49:27,849 - INFO - SuRL_FixedRL_140209611280480 - ✅ Loaded video VID02: 2840 frames, 1024D embeddings
2025-06-14 21:49:30,832 - INFO - SuRL_FixedRL_140209611280480 - ✅ Loaded video VID06: 2154 frames, 1024D embeddings
2025-06-14 21:49:33,831 - INFO - SuRL_FixedRL_140209611280480 - ✅ Loaded video VID111: 2146 frames, 1024D embeddings
2025-06-14 21:49:36,138 - INFO - SuRL_FixedRL_140209611280480 - ✅ Loaded video VID14: 1709 frames, 1024D embeddings
2025-06-14 21:49:38,301 - INFO - SuRL_FixedRL_140209611280480 - ✅ Loaded video VID23: 1636 frames, 1024D embeddings
2025-06-14 21:49:40,354 - INFO - SuRL_FixedRL_140209611280480 - ✅ Loaded video VID25: 2130 frames, 1024D embeddings
2025-06-14 21:49:41,817 - INFO - SuRL_FixedRL_140209611280480 - ✅ Loaded video VID50: 1095 frames, 1024D embeddings
2025-06-14 21:49:44,744 - INFO - SuRL_FixedRL_140209611280480 - ✅ Loaded video VID51: 2945 frames, 1024D embeddings
2025-06-14 21:49:46,567 - INFO - SuRL_FixedRL_140209611280480 - ✅ Loaded video VID66: 1825 frames, 1024D embeddings
2025-06-14 21:49:51,372 - INFO - SuRL_FixedRL_140209611280480 - ✅ Loaded video VID79: 3415 frames, 1024D embeddings
2025-06-14 21:49:51,373 - INFO - SuRL_FixedRL_140209611280480 - ✅ Successfully loaded 10 videos for test
2025-06-14 21:49:51,375 - INFO - SuRL_FixedRL_140209611280480 - ✅ Data loaded successfully
2025-06-14 21:49:51,375 - INFO - SuRL_FixedRL_140209611280480 -    Training videos: 40
2025-06-14 21:49:51,375 - INFO - SuRL_FixedRL_140209611280480 -    Test videos: 10
2025-06-14 21:49:51,375 - INFO - SuRL_FixedRL_140209611280480 - 🎓 Method 1: Autoregressive IL is disabled in config, skipping...
2025-06-14 21:49:51,375 - INFO - SuRL_FixedRL_140209611280480 - 🌍 Running Method 2: FIXED Conditional World Model + RL
2025-06-14 21:49:51,375 - INFO - SuRL_FixedRL_140209611280480 - 🌍 Method 2: FIXED Conditional World Model + RL
2025-06-14 21:49:51,375 - INFO - SuRL_FixedRL_140209611280480 - ----------------------------------------
2025-06-14 21:49:51,375 - INFO - SuRL_FixedRL_140209611280480 - 🏋️ Will train world model from scratch
2025-06-14 21:49:52,193 - INFO - SuRL_FixedRL_140209611280480 - ✅ World model initialized for training
2025-06-14 21:50:15,405 - INFO - SuRL_FixedRL_140209611280480 - ✅ Stored test loaders for evaluation: ['VID02', 'VID06', 'VID111', 'VID14', 'VID23', 'VID25', 'VID50', 'VID51', 'VID66', 'VID79']
2025-06-14 21:50:15,417 - INFO - SuRL_FixedRL_140209611280480 - 🌍 World Model Trainer initialized
2025-06-14 21:50:15,418 - INFO - SuRL_FixedRL_140209611280480 -    Device: cuda
2025-06-14 21:50:15,418 - INFO - SuRL_FixedRL_140209611280480 -    Epochs: 5
2025-06-14 21:50:15,418 - INFO - SuRL_FixedRL_140209611280480 -    Learning rate: 3e-05
2025-06-14 21:50:15,418 - INFO - SuRL_FixedRL_140209611280480 -    Focus: Action-conditioned state-reward prediction
2025-06-14 21:50:15,418 - INFO - SuRL_FixedRL_140209611280480 - 🌍 Training world model from scratch...
2025-06-14 21:50:15,418 - INFO - SuRL_FixedRL_140209611280480 - 🌍 Starting World Model Training...
2025-06-14 21:50:15,418 - INFO - SuRL_FixedRL_140209611280480 - 🎯 Goal: Learn action-conditioned state-reward prediction
2025-06-14 21:52:03,754 - INFO - SuRL_FixedRL_140209611280480 - ✅ New best model saved: results/fixed_rl_2025-06-14_21-47-48/logs/checkpoints/world_model_best_epoch_1.pt
2025-06-14 21:52:03,755 - INFO - SuRL_FixedRL_140209611280480 - Epoch 1/5 | Train Loss: 1.2160 | Val Loss: 0.9805 | Val State MSE: 0.1748 | Val Reward MSE: 0.0583
2025-06-14 21:53:49,693 - INFO - SuRL_FixedRL_140209611280480 - ✅ New best model saved: results/fixed_rl_2025-06-14_21-47-48/logs/checkpoints/world_model_best_epoch_2.pt
2025-06-14 21:53:49,693 - INFO - SuRL_FixedRL_140209611280480 - Epoch 2/5 | Train Loss: 0.5760 | Val Loss: 0.9606 | Val State MSE: 0.1569 | Val Reward MSE: 0.0573
2025-06-14 21:55:38,470 - INFO - SuRL_FixedRL_140209611280480 - ✅ New best model saved: results/fixed_rl_2025-06-14_21-47-48/logs/checkpoints/world_model_best_epoch_3.pt
2025-06-14 21:55:38,470 - INFO - SuRL_FixedRL_140209611280480 - Epoch 3/5 | Train Loss: 0.4750 | Val Loss: 0.9347 | Val State MSE: 0.1492 | Val Reward MSE: 0.0545
2025-06-14 21:57:25,307 - INFO - SuRL_FixedRL_140209611280480 - Epoch 4/5 | Train Loss: 0.4344 | Val Loss: 0.9513 | Val State MSE: 0.1454 | Val Reward MSE: 0.0550
2025-06-14 21:59:13,892 - INFO - SuRL_FixedRL_140209611280480 - Epoch 5/5 | Train Loss: 0.4182 | Val Loss: 0.9544 | Val State MSE: 0.1442 | Val Reward MSE: 0.0556
2025-06-14 21:59:13,977 - INFO - SuRL_FixedRL_140209611280480 - ✅ World Model Training completed!
2025-06-14 21:59:13,977 - INFO - SuRL_FixedRL_140209611280480 - 📄 Best model: results/fixed_rl_2025-06-14_21-47-48/logs/checkpoints/world_model_best_epoch_3.pt
2025-06-14 21:59:13,977 - INFO - SuRL_FixedRL_140209611280480 - 📄 Final model: results/fixed_rl_2025-06-14_21-47-48/logs/checkpoints/world_model_final.pt
2025-06-14 21:59:13,977 - INFO - SuRL_FixedRL_140209611280480 - 🌍 Evaluating trained world model...
2025-06-14 21:59:13,977 - INFO - SuRL_FixedRL_140209611280480 - 📊 Evaluating World Model...
2025-06-14 21:59:36,840 - INFO - SuRL_FixedRL_140209611280480 - ✅ Evaluation completed
2025-06-14 21:59:36,840 - INFO - SuRL_FixedRL_140209611280480 - 📊 State Loss: 0.1442
2025-06-14 21:59:36,841 - INFO - SuRL_FixedRL_140209611280480 - 📊 Reward Loss: 0.0556
2025-06-14 21:59:36,841 - INFO - SuRL_FixedRL_140209611280480 - 🚀 Starting RL training...
2025-06-14 21:59:36,842 - INFO - SuRL_FixedRL_140209611280480 - 🌍 Training World Model RL for 50000 timesteps...
2025-06-14 22:14:45,295 - INFO - SuRL_FixedRL_140209611280480 - 🎬 Training Direct Video RL for 50000 timesteps...
2025-06-14 22:14:45,923 - INFO - SuRL_FixedRL_140209611280480 - 📹 Running Method 3: FIXED Direct Video RL
2025-06-14 22:14:45,923 - INFO - SuRL_FixedRL_140209611280480 - 📹 Method 3: FIXED Direct Video RL
2025-06-14 22:14:45,923 - INFO - SuRL_FixedRL_140209611280480 - ----------------------------------------
2025-06-14 22:14:45,929 - INFO - SuRL_FixedRL_140209611280480 - 🚀 Training FIXED RL algorithms for 50000 timesteps...
2025-06-14 22:18:32,800 - INFO - SuRL_FixedRL_140209611280480 - 📊 Running Comprehensive Evaluation
2025-06-14 22:18:32,802 - INFO - SuRL_FixedRL_140209611280480 - 🔬 Evaluation Framework initialized
2025-06-14 22:18:32,802 - INFO - SuRL_FixedRL_140209611280480 - 📁 Results will be saved to: results/fixed_rl_2025-06-14_21-47-48/integrated_evaluation
2025-06-14 22:18:32,802 - INFO - SuRL_FixedRL_140209611280480 - 🔬 Evaluation Framework initialized with METRICS MODULE
2025-06-14 22:18:33,255 - INFO - SuRL_FixedRL_140209611280480 - ✅ Loaded ConditionalWorldModel (for planning analysis)
2025-06-14 22:18:33,616 - INFO - SuRL_FixedRL_140209611280480 - ✅ Loaded world_model_ppo RL policy (trained with world model)
2025-06-14 22:18:33,694 - INFO - SuRL_FixedRL_140209611280480 - ✅ Loaded ppo RL policy (trained on direct video)
2025-06-14 22:18:33,716 - INFO - SuRL_FixedRL_140209611280480 - ✅ Loaded a2c RL policy (trained on direct video)
2025-06-14 22:18:33,716 - INFO - SuRL_FixedRL_140209611280480 - 📊 Loaded 3 models for comprehensive evaluation
2025-06-14 22:18:33,716 - INFO - SuRL_FixedRL_140209611280480 - 🎯 Evaluation approach:
2025-06-14 22:18:33,716 - INFO - SuRL_FixedRL_140209611280480 -    Primary: Single-step action prediction (fair comparison)
2025-06-14 22:18:33,716 - INFO - SuRL_FixedRL_140209611280480 -    Secondary: Multi-step planning analysis (paradigm-specific)
2025-06-14 22:18:33,716 - INFO - SuRL_FixedRL_140209611280480 - 📊 Loaded models for evaluation:
2025-06-14 22:18:33,716 - INFO - SuRL_FixedRL_140209611280480 -    WorldModelRL_world_model_ppo: rl_with_world_model_simulation
2025-06-14 22:18:33,716 - INFO - SuRL_FixedRL_140209611280480 -    DirectVideoRL_ppo: rl_with_direct_video_episodes
2025-06-14 22:18:33,716 - INFO - SuRL_FixedRL_140209611280480 -    DirectVideoRL_a2c: rl_with_direct_video_episodes
2025-06-14 22:18:33,716 - INFO - SuRL_FixedRL_140209611280480 - 🚀 Running evaluation on 10 videos...
2025-06-14 22:18:33,716 - INFO - SuRL_FixedRL_140209611280480 - 🚀 Starting FIXED comprehensive evaluation (using proper batches)
2025-06-14 22:18:33,716 - INFO - SuRL_FixedRL_140209611280480 - 📊 Models: 3, Videos: 10
2025-06-14 22:18:33,716 - INFO - SuRL_FixedRL_140209611280480 - 🎯 Evaluation approach:
2025-06-14 22:18:33,716 - INFO - SuRL_FixedRL_140209611280480 -    ✅ Uses DataLoader batches directly (like training)
2025-06-14 22:18:33,717 - INFO - SuRL_FixedRL_140209611280480 -    ✅ Maintains temporal structure for IL model
2025-06-14 22:18:33,717 - INFO - SuRL_FixedRL_140209611280480 -    ✅ Consistent model interfaces
2025-06-14 22:18:33,717 - INFO - SuRL_FixedRL_140209611280480 - 📹 Evaluating video: VID02
2025-06-14 22:18:35,160 - INFO - SuRL_FixedRL_140209611280480 - 📹 Comprehensive evaluation: VID02
2025-06-14 22:18:35,160 - INFO - SuRL_FixedRL_140209611280480 - 🎯 PRIMARY: Single-step action prediction
2025-06-14 22:18:35,160 - INFO - SuRL_FixedRL_140209611280480 -   🤖 WorldModelRL_world_model_ppo: Single-step action prediction
2025-06-14 22:18:38,750 - INFO - SuRL_FixedRL_140209611280480 -   WorldModelRL_world_model_ppo evaluation completed: 178 batches processed
2025-06-14 22:18:40,515 - INFO - SuRL_FixedRL_140209611280480 -     📊 Single-step mAP: 0.0500
2025-06-14 22:18:40,515 - INFO - SuRL_FixedRL_140209611280480 -   🤖 DirectVideoRL_ppo: Single-step action prediction
2025-06-14 22:18:43,728 - INFO - SuRL_FixedRL_140209611280480 -   DirectVideoRL_ppo evaluation completed: 178 batches processed
2025-06-14 22:18:45,459 - INFO - SuRL_FixedRL_140209611280480 -     📊 Single-step mAP: 0.0634
2025-06-14 22:18:45,459 - INFO - SuRL_FixedRL_140209611280480 -   🤖 DirectVideoRL_a2c: Single-step action prediction
2025-06-14 22:18:48,781 - INFO - SuRL_FixedRL_140209611280480 -   DirectVideoRL_a2c evaluation completed: 178 batches processed
2025-06-14 22:18:50,611 - INFO - SuRL_FixedRL_140209611280480 -     📊 Single-step mAP: 0.0544
2025-06-14 22:18:50,611 - INFO - SuRL_FixedRL_140209611280480 - 🚀 SECONDARY: Planning capability analysis
2025-06-14 22:18:50,611 - INFO - SuRL_FixedRL_140209611280480 -   🧠 WorldModelRL_world_model_ppo: Planning capability analysis
2025-06-14 22:18:58,492 - INFO - SuRL_FixedRL_140209611280480 -     📊 Planning stability: 0.9995
2025-06-14 22:18:58,492 - INFO - SuRL_FixedRL_140209611280480 -   🧠 DirectVideoRL_ppo: Planning capability analysis
2025-06-14 22:19:00,884 - INFO - SuRL_FixedRL_140209611280480 -     📊 Planning stability: 0.9988
2025-06-14 22:19:00,884 - INFO - SuRL_FixedRL_140209611280480 -   🧠 DirectVideoRL_a2c: Planning capability analysis
2025-06-14 22:19:03,384 - INFO - SuRL_FixedRL_140209611280480 -     📊 Planning stability: 0.9988
2025-06-14 22:19:03,384 - INFO - SuRL_FixedRL_140209611280480 -   WorldModelRL_world_model_ppo: mAP = 0.0500
2025-06-14 22:19:03,384 - INFO - SuRL_FixedRL_140209611280480 -   DirectVideoRL_ppo: mAP = 0.0634
2025-06-14 22:19:03,384 - INFO - SuRL_FixedRL_140209611280480 -   DirectVideoRL_a2c: mAP = 0.0544
2025-06-14 22:19:03,384 - INFO - SuRL_FixedRL_140209611280480 - 📹 Evaluating video: VID06
2025-06-14 22:19:04,739 - INFO - SuRL_FixedRL_140209611280480 - 📹 Comprehensive evaluation: VID06
2025-06-14 22:19:04,740 - INFO - SuRL_FixedRL_140209611280480 - 🎯 PRIMARY: Single-step action prediction
2025-06-14 22:19:04,740 - INFO - SuRL_FixedRL_140209611280480 -   🤖 WorldModelRL_world_model_ppo: Single-step action prediction
2025-06-14 22:19:07,735 - INFO - SuRL_FixedRL_140209611280480 -   WorldModelRL_world_model_ppo evaluation completed: 135 batches processed
2025-06-14 22:19:09,134 - INFO - SuRL_FixedRL_140209611280480 -     📊 Single-step mAP: 0.0752
2025-06-14 22:19:09,135 - INFO - SuRL_FixedRL_140209611280480 -   🤖 DirectVideoRL_ppo: Single-step action prediction
2025-06-14 22:19:11,948 - INFO - SuRL_FixedRL_140209611280480 -   DirectVideoRL_ppo evaluation completed: 135 batches processed
2025-06-14 22:19:13,330 - INFO - SuRL_FixedRL_140209611280480 -     📊 Single-step mAP: 0.0875
2025-06-14 22:19:13,331 - INFO - SuRL_FixedRL_140209611280480 -   🤖 DirectVideoRL_a2c: Single-step action prediction
2025-06-14 22:19:16,198 - INFO - SuRL_FixedRL_140209611280480 -   DirectVideoRL_a2c evaluation completed: 135 batches processed
2025-06-14 22:19:17,610 - INFO - SuRL_FixedRL_140209611280480 -     📊 Single-step mAP: 0.0701
2025-06-14 22:19:17,610 - INFO - SuRL_FixedRL_140209611280480 - 🚀 SECONDARY: Planning capability analysis
2025-06-14 22:19:17,610 - INFO - SuRL_FixedRL_140209611280480 -   🧠 WorldModelRL_world_model_ppo: Planning capability analysis
2025-06-14 22:19:24,354 - INFO - SuRL_FixedRL_140209611280480 -     📊 Planning stability: 0.9995
2025-06-14 22:19:24,354 - INFO - SuRL_FixedRL_140209611280480 -   🧠 DirectVideoRL_ppo: Planning capability analysis
2025-06-14 22:19:26,639 - INFO - SuRL_FixedRL_140209611280480 -     📊 Planning stability: 0.9988
2025-06-14 22:19:26,640 - INFO - SuRL_FixedRL_140209611280480 -   🧠 DirectVideoRL_a2c: Planning capability analysis
2025-06-14 22:19:29,132 - INFO - SuRL_FixedRL_140209611280480 -     📊 Planning stability: 0.9988
2025-06-14 22:19:29,133 - INFO - SuRL_FixedRL_140209611280480 -   WorldModelRL_world_model_ppo: mAP = 0.0752
2025-06-14 22:19:29,133 - INFO - SuRL_FixedRL_140209611280480 -   DirectVideoRL_ppo: mAP = 0.0875
2025-06-14 22:19:29,133 - INFO - SuRL_FixedRL_140209611280480 -   DirectVideoRL_a2c: mAP = 0.0701
2025-06-14 22:19:29,133 - INFO - SuRL_FixedRL_140209611280480 - 📹 Evaluating video: VID111
2025-06-14 22:19:30,619 - INFO - SuRL_FixedRL_140209611280480 - 📹 Comprehensive evaluation: VID111
2025-06-14 22:19:30,620 - INFO - SuRL_FixedRL_140209611280480 - 🎯 PRIMARY: Single-step action prediction
2025-06-14 22:19:30,620 - INFO - SuRL_FixedRL_140209611280480 -   🤖 WorldModelRL_world_model_ppo: Single-step action prediction
2025-06-14 22:19:33,697 - INFO - SuRL_FixedRL_140209611280480 -   WorldModelRL_world_model_ppo evaluation completed: 135 batches processed
2025-06-14 22:19:34,858 - INFO - SuRL_FixedRL_140209611280480 -     📊 Single-step mAP: 0.0660
2025-06-14 22:19:34,858 - INFO - SuRL_FixedRL_140209611280480 -   🤖 DirectVideoRL_ppo: Single-step action prediction
2025-06-14 22:19:38,164 - INFO - SuRL_FixedRL_140209611280480 -   DirectVideoRL_ppo evaluation completed: 135 batches processed
2025-06-14 22:19:39,292 - INFO - SuRL_FixedRL_140209611280480 -     📊 Single-step mAP: 0.0426
2025-06-14 22:19:39,292 - INFO - SuRL_FixedRL_140209611280480 -   🤖 DirectVideoRL_a2c: Single-step action prediction
2025-06-14 22:19:41,983 - INFO - SuRL_FixedRL_140209611280480 -   DirectVideoRL_a2c evaluation completed: 135 batches processed
2025-06-14 22:19:43,125 - INFO - SuRL_FixedRL_140209611280480 -     📊 Single-step mAP: 0.0425
2025-06-14 22:19:43,125 - INFO - SuRL_FixedRL_140209611280480 - 🚀 SECONDARY: Planning capability analysis
2025-06-14 22:19:43,125 - INFO - SuRL_FixedRL_140209611280480 -   🧠 WorldModelRL_world_model_ppo: Planning capability analysis
2025-06-14 22:19:50,093 - INFO - SuRL_FixedRL_140209611280480 -     📊 Planning stability: 0.9994
2025-06-14 22:19:50,093 - INFO - SuRL_FixedRL_140209611280480 -   🧠 DirectVideoRL_ppo: Planning capability analysis
2025-06-14 22:19:52,205 - INFO - SuRL_FixedRL_140209611280480 -     📊 Planning stability: 0.9988
2025-06-14 22:19:52,205 - INFO - SuRL_FixedRL_140209611280480 -   🧠 DirectVideoRL_a2c: Planning capability analysis
2025-06-14 22:19:54,236 - INFO - SuRL_FixedRL_140209611280480 -     📊 Planning stability: 0.9988
2025-06-14 22:19:54,237 - INFO - SuRL_FixedRL_140209611280480 -   WorldModelRL_world_model_ppo: mAP = 0.0660
2025-06-14 22:19:54,237 - INFO - SuRL_FixedRL_140209611280480 -   DirectVideoRL_ppo: mAP = 0.0426
2025-06-14 22:19:54,237 - INFO - SuRL_FixedRL_140209611280480 -   DirectVideoRL_a2c: mAP = 0.0425
2025-06-14 22:19:54,237 - INFO - SuRL_FixedRL_140209611280480 - 📹 Evaluating video: VID14
2025-06-14 22:19:55,761 - INFO - SuRL_FixedRL_140209611280480 - 📹 Comprehensive evaluation: VID14
2025-06-14 22:19:55,761 - INFO - SuRL_FixedRL_140209611280480 - 🎯 PRIMARY: Single-step action prediction
2025-06-14 22:19:55,762 - INFO - SuRL_FixedRL_140209611280480 -   🤖 WorldModelRL_world_model_ppo: Single-step action prediction
2025-06-14 22:19:58,449 - INFO - SuRL_FixedRL_140209611280480 -   WorldModelRL_world_model_ppo evaluation completed: 107 batches processed
2025-06-14 22:19:59,523 - INFO - SuRL_FixedRL_140209611280480 -     📊 Single-step mAP: 0.0434
2025-06-14 22:19:59,523 - INFO - SuRL_FixedRL_140209611280480 -   🤖 DirectVideoRL_ppo: Single-step action prediction
2025-06-14 22:20:01,985 - INFO - SuRL_FixedRL_140209611280480 -   DirectVideoRL_ppo evaluation completed: 107 batches processed
2025-06-14 22:20:03,066 - INFO - SuRL_FixedRL_140209611280480 -     📊 Single-step mAP: 0.0534
2025-06-14 22:20:03,066 - INFO - SuRL_FixedRL_140209611280480 -   🤖 DirectVideoRL_a2c: Single-step action prediction
2025-06-14 22:20:05,758 - INFO - SuRL_FixedRL_140209611280480 -   DirectVideoRL_a2c evaluation completed: 107 batches processed
2025-06-14 22:20:06,858 - INFO - SuRL_FixedRL_140209611280480 -     📊 Single-step mAP: 0.0401
2025-06-14 22:20:06,858 - INFO - SuRL_FixedRL_140209611280480 - 🚀 SECONDARY: Planning capability analysis
2025-06-14 22:20:06,858 - INFO - SuRL_FixedRL_140209611280480 -   🧠 WorldModelRL_world_model_ppo: Planning capability analysis
2025-06-14 22:20:12,177 - INFO - SuRL_FixedRL_140209611280480 -     📊 Planning stability: 0.9992
2025-06-14 22:20:12,177 - INFO - SuRL_FixedRL_140209611280480 -   🧠 DirectVideoRL_ppo: Planning capability analysis
2025-06-14 22:20:13,988 - INFO - SuRL_FixedRL_140209611280480 -     📊 Planning stability: 0.9988
2025-06-14 22:20:13,988 - INFO - SuRL_FixedRL_140209611280480 -   🧠 DirectVideoRL_a2c: Planning capability analysis
2025-06-14 22:20:15,925 - INFO - SuRL_FixedRL_140209611280480 -     📊 Planning stability: 0.9988
2025-06-14 22:20:15,926 - INFO - SuRL_FixedRL_140209611280480 -   WorldModelRL_world_model_ppo: mAP = 0.0434
2025-06-14 22:20:15,926 - INFO - SuRL_FixedRL_140209611280480 -   DirectVideoRL_ppo: mAP = 0.0534
2025-06-14 22:20:15,926 - INFO - SuRL_FixedRL_140209611280480 -   DirectVideoRL_a2c: mAP = 0.0401
2025-06-14 22:20:15,926 - INFO - SuRL_FixedRL_140209611280480 - 📹 Evaluating video: VID23
2025-06-14 22:20:17,240 - INFO - SuRL_FixedRL_140209611280480 - 📹 Comprehensive evaluation: VID23
2025-06-14 22:20:17,240 - INFO - SuRL_FixedRL_140209611280480 - 🎯 PRIMARY: Single-step action prediction
2025-06-14 22:20:17,240 - INFO - SuRL_FixedRL_140209611280480 -   🤖 WorldModelRL_world_model_ppo: Single-step action prediction
2025-06-14 22:20:19,729 - INFO - SuRL_FixedRL_140209611280480 -   WorldModelRL_world_model_ppo evaluation completed: 103 batches processed
2025-06-14 22:20:20,789 - INFO - SuRL_FixedRL_140209611280480 -     📊 Single-step mAP: 0.0506
2025-06-14 22:20:20,789 - INFO - SuRL_FixedRL_140209611280480 -   🤖 DirectVideoRL_ppo: Single-step action prediction
2025-06-14 22:20:23,364 - INFO - SuRL_FixedRL_140209611280480 -   DirectVideoRL_ppo evaluation completed: 103 batches processed
2025-06-14 22:20:24,459 - INFO - SuRL_FixedRL_140209611280480 -     📊 Single-step mAP: 0.0790
2025-06-14 22:20:24,459 - INFO - SuRL_FixedRL_140209611280480 -   🤖 DirectVideoRL_a2c: Single-step action prediction
2025-06-14 22:20:26,988 - INFO - SuRL_FixedRL_140209611280480 -   DirectVideoRL_a2c evaluation completed: 103 batches processed
2025-06-14 22:20:28,078 - INFO - SuRL_FixedRL_140209611280480 -     📊 Single-step mAP: 0.0633
2025-06-14 22:20:28,078 - INFO - SuRL_FixedRL_140209611280480 - 🚀 SECONDARY: Planning capability analysis
2025-06-14 22:20:28,078 - INFO - SuRL_FixedRL_140209611280480 -   🧠 WorldModelRL_world_model_ppo: Planning capability analysis
2025-06-14 22:20:33,387 - INFO - SuRL_FixedRL_140209611280480 -     📊 Planning stability: 0.9993
2025-06-14 22:20:33,387 - INFO - SuRL_FixedRL_140209611280480 -   🧠 DirectVideoRL_ppo: Planning capability analysis
2025-06-14 22:20:35,386 - INFO - SuRL_FixedRL_140209611280480 -     📊 Planning stability: 0.9988
2025-06-14 22:20:35,386 - INFO - SuRL_FixedRL_140209611280480 -   🧠 DirectVideoRL_a2c: Planning capability analysis
2025-06-14 22:20:37,287 - INFO - SuRL_FixedRL_140209611280480 -     📊 Planning stability: 0.9988
2025-06-14 22:20:37,287 - INFO - SuRL_FixedRL_140209611280480 -   WorldModelRL_world_model_ppo: mAP = 0.0506
2025-06-14 22:20:37,287 - INFO - SuRL_FixedRL_140209611280480 -   DirectVideoRL_ppo: mAP = 0.0790
2025-06-14 22:20:37,287 - INFO - SuRL_FixedRL_140209611280480 -   DirectVideoRL_a2c: mAP = 0.0633
2025-06-14 22:20:37,288 - INFO - SuRL_FixedRL_140209611280480 - 📹 Evaluating video: VID25
2025-06-14 22:20:38,623 - INFO - SuRL_FixedRL_140209611280480 - 📹 Comprehensive evaluation: VID25
2025-06-14 22:20:38,623 - INFO - SuRL_FixedRL_140209611280480 - 🎯 PRIMARY: Single-step action prediction
2025-06-14 22:20:38,623 - INFO - SuRL_FixedRL_140209611280480 -   🤖 WorldModelRL_world_model_ppo: Single-step action prediction
2025-06-14 22:20:41,663 - INFO - SuRL_FixedRL_140209611280480 -   WorldModelRL_world_model_ppo evaluation completed: 134 batches processed
2025-06-14 22:20:43,017 - INFO - SuRL_FixedRL_140209611280480 -     📊 Single-step mAP: 0.0690
2025-06-14 22:20:43,018 - INFO - SuRL_FixedRL_140209611280480 -   🤖 DirectVideoRL_ppo: Single-step action prediction
2025-06-14 22:20:45,966 - INFO - SuRL_FixedRL_140209611280480 -   DirectVideoRL_ppo evaluation completed: 134 batches processed
2025-06-14 22:20:47,322 - INFO - SuRL_FixedRL_140209611280480 -     📊 Single-step mAP: 0.1007
2025-06-14 22:20:47,322 - INFO - SuRL_FixedRL_140209611280480 -   🤖 DirectVideoRL_a2c: Single-step action prediction
2025-06-14 22:20:50,151 - INFO - SuRL_FixedRL_140209611280480 -   DirectVideoRL_a2c evaluation completed: 134 batches processed
2025-06-14 22:20:51,461 - INFO - SuRL_FixedRL_140209611280480 -     📊 Single-step mAP: 0.0731
2025-06-14 22:20:51,461 - INFO - SuRL_FixedRL_140209611280480 - 🚀 SECONDARY: Planning capability analysis
2025-06-14 22:20:51,461 - INFO - SuRL_FixedRL_140209611280480 -   🧠 WorldModelRL_world_model_ppo: Planning capability analysis
2025-06-14 22:20:57,841 - INFO - SuRL_FixedRL_140209611280480 -     📊 Planning stability: 0.9994
2025-06-14 22:20:57,842 - INFO - SuRL_FixedRL_140209611280480 -   🧠 DirectVideoRL_ppo: Planning capability analysis
2025-06-14 22:21:00,389 - INFO - SuRL_FixedRL_140209611280480 -     📊 Planning stability: 0.9988
2025-06-14 22:21:00,389 - INFO - SuRL_FixedRL_140209611280480 -   🧠 DirectVideoRL_a2c: Planning capability analysis
2025-06-14 22:21:02,946 - INFO - SuRL_FixedRL_140209611280480 -     📊 Planning stability: 0.9988
2025-06-14 22:21:02,946 - INFO - SuRL_FixedRL_140209611280480 -   WorldModelRL_world_model_ppo: mAP = 0.0690
2025-06-14 22:21:02,946 - INFO - SuRL_FixedRL_140209611280480 -   DirectVideoRL_ppo: mAP = 0.1007
2025-06-14 22:21:02,946 - INFO - SuRL_FixedRL_140209611280480 -   DirectVideoRL_a2c: mAP = 0.0731
2025-06-14 22:21:02,946 - INFO - SuRL_FixedRL_140209611280480 - 📹 Evaluating video: VID50
2025-06-14 22:21:04,287 - INFO - SuRL_FixedRL_140209611280480 - 📹 Comprehensive evaluation: VID50
2025-06-14 22:21:04,287 - INFO - SuRL_FixedRL_140209611280480 - 🎯 PRIMARY: Single-step action prediction
2025-06-14 22:21:04,287 - INFO - SuRL_FixedRL_140209611280480 -   🤖 WorldModelRL_world_model_ppo: Single-step action prediction
2025-06-14 22:21:06,685 - INFO - SuRL_FixedRL_140209611280480 -   WorldModelRL_world_model_ppo evaluation completed: 69 batches processed
2025-06-14 22:21:07,458 - INFO - SuRL_FixedRL_140209611280480 -     📊 Single-step mAP: 0.0961
2025-06-14 22:21:07,458 - INFO - SuRL_FixedRL_140209611280480 -   🤖 DirectVideoRL_ppo: Single-step action prediction
2025-06-14 22:21:09,474 - INFO - SuRL_FixedRL_140209611280480 -   DirectVideoRL_ppo evaluation completed: 69 batches processed
2025-06-14 22:21:10,164 - INFO - SuRL_FixedRL_140209611280480 -     📊 Single-step mAP: 0.1129
2025-06-14 22:21:10,164 - INFO - SuRL_FixedRL_140209611280480 -   🤖 DirectVideoRL_a2c: Single-step action prediction
2025-06-14 22:21:12,113 - INFO - SuRL_FixedRL_140209611280480 -   DirectVideoRL_a2c evaluation completed: 69 batches processed
2025-06-14 22:21:12,803 - INFO - SuRL_FixedRL_140209611280480 -     📊 Single-step mAP: 0.0988
2025-06-14 22:21:12,803 - INFO - SuRL_FixedRL_140209611280480 - 🚀 SECONDARY: Planning capability analysis
2025-06-14 22:21:12,803 - INFO - SuRL_FixedRL_140209611280480 -   🧠 WorldModelRL_world_model_ppo: Planning capability analysis
2025-06-14 22:21:16,644 - INFO - SuRL_FixedRL_140209611280480 -     📊 Planning stability: 0.9996
2025-06-14 22:21:16,644 - INFO - SuRL_FixedRL_140209611280480 -   🧠 DirectVideoRL_ppo: Planning capability analysis
2025-06-14 22:21:18,485 - INFO - SuRL_FixedRL_140209611280480 -     📊 Planning stability: 0.9988
2025-06-14 22:21:18,485 - INFO - SuRL_FixedRL_140209611280480 -   🧠 DirectVideoRL_a2c: Planning capability analysis
2025-06-14 22:21:20,677 - INFO - SuRL_FixedRL_140209611280480 -     📊 Planning stability: 0.9988
2025-06-14 22:21:20,678 - INFO - SuRL_FixedRL_140209611280480 -   WorldModelRL_world_model_ppo: mAP = 0.0961
2025-06-14 22:21:20,678 - INFO - SuRL_FixedRL_140209611280480 -   DirectVideoRL_ppo: mAP = 0.1129
2025-06-14 22:21:20,678 - INFO - SuRL_FixedRL_140209611280480 -   DirectVideoRL_a2c: mAP = 0.0988
2025-06-14 22:21:20,678 - INFO - SuRL_FixedRL_140209611280480 - 📹 Evaluating video: VID51
2025-06-14 22:21:22,073 - INFO - SuRL_FixedRL_140209611280480 - 📹 Comprehensive evaluation: VID51
2025-06-14 22:21:22,073 - INFO - SuRL_FixedRL_140209611280480 - 🎯 PRIMARY: Single-step action prediction
2025-06-14 22:21:22,073 - INFO - SuRL_FixedRL_140209611280480 -   🤖 WorldModelRL_world_model_ppo: Single-step action prediction
2025-06-14 22:21:26,445 - INFO - SuRL_FixedRL_140209611280480 -   WorldModelRL_world_model_ppo evaluation completed: 184 batches processed
2025-06-14 22:21:28,212 - INFO - SuRL_FixedRL_140209611280480 -     📊 Single-step mAP: 0.0546
2025-06-14 22:21:28,213 - INFO - SuRL_FixedRL_140209611280480 -   🤖 DirectVideoRL_ppo: Single-step action prediction
2025-06-14 22:21:31,715 - INFO - SuRL_FixedRL_140209611280480 -   DirectVideoRL_ppo evaluation completed: 184 batches processed
2025-06-14 22:21:33,463 - INFO - SuRL_FixedRL_140209611280480 -     📊 Single-step mAP: 0.0807
2025-06-14 22:21:33,463 - INFO - SuRL_FixedRL_140209611280480 -   🤖 DirectVideoRL_a2c: Single-step action prediction
2025-06-14 22:21:36,760 - INFO - SuRL_FixedRL_140209611280480 -   DirectVideoRL_a2c evaluation completed: 184 batches processed
2025-06-14 22:21:38,510 - INFO - SuRL_FixedRL_140209611280480 -     📊 Single-step mAP: 0.0628
2025-06-14 22:21:38,510 - INFO - SuRL_FixedRL_140209611280480 - 🚀 SECONDARY: Planning capability analysis
2025-06-14 22:21:38,510 - INFO - SuRL_FixedRL_140209611280480 -   🧠 WorldModelRL_world_model_ppo: Planning capability analysis
2025-06-14 22:21:46,769 - INFO - SuRL_FixedRL_140209611280480 -     📊 Planning stability: 0.9995
2025-06-14 22:21:46,769 - INFO - SuRL_FixedRL_140209611280480 -   🧠 DirectVideoRL_ppo: Planning capability analysis
2025-06-14 22:21:49,268 - INFO - SuRL_FixedRL_140209611280480 -     📊 Planning stability: 0.9988
2025-06-14 22:21:49,268 - INFO - SuRL_FixedRL_140209611280480 -   🧠 DirectVideoRL_a2c: Planning capability analysis
2025-06-14 22:21:51,609 - INFO - SuRL_FixedRL_140209611280480 -     📊 Planning stability: 0.9988
2025-06-14 22:21:51,609 - INFO - SuRL_FixedRL_140209611280480 -   WorldModelRL_world_model_ppo: mAP = 0.0546
2025-06-14 22:21:51,609 - INFO - SuRL_FixedRL_140209611280480 -   DirectVideoRL_ppo: mAP = 0.0807
2025-06-14 22:21:51,609 - INFO - SuRL_FixedRL_140209611280480 -   DirectVideoRL_a2c: mAP = 0.0628
2025-06-14 22:21:51,609 - INFO - SuRL_FixedRL_140209611280480 - 📹 Evaluating video: VID66
2025-06-14 22:21:52,918 - INFO - SuRL_FixedRL_140209611280480 - 📹 Comprehensive evaluation: VID66
2025-06-14 22:21:52,918 - INFO - SuRL_FixedRL_140209611280480 - 🎯 PRIMARY: Single-step action prediction
2025-06-14 22:21:52,918 - INFO - SuRL_FixedRL_140209611280480 -   🤖 WorldModelRL_world_model_ppo: Single-step action prediction
2025-06-14 22:21:55,458 - INFO - SuRL_FixedRL_140209611280480 -   WorldModelRL_world_model_ppo evaluation completed: 114 batches processed
2025-06-14 22:21:56,579 - INFO - SuRL_FixedRL_140209611280480 -     📊 Single-step mAP: 0.0781
2025-06-14 22:21:56,580 - INFO - SuRL_FixedRL_140209611280480 -   🤖 DirectVideoRL_ppo: Single-step action prediction
2025-06-14 22:21:59,084 - INFO - SuRL_FixedRL_140209611280480 -   DirectVideoRL_ppo evaluation completed: 114 batches processed
2025-06-14 22:22:00,205 - INFO - SuRL_FixedRL_140209611280480 -     📊 Single-step mAP: 0.1044
2025-06-14 22:22:00,205 - INFO - SuRL_FixedRL_140209611280480 -   🤖 DirectVideoRL_a2c: Single-step action prediction
2025-06-14 22:22:02,898 - INFO - SuRL_FixedRL_140209611280480 -   DirectVideoRL_a2c evaluation completed: 114 batches processed
2025-06-14 22:22:04,017 - INFO - SuRL_FixedRL_140209611280480 -     📊 Single-step mAP: 0.1097
2025-06-14 22:22:04,017 - INFO - SuRL_FixedRL_140209611280480 - 🚀 SECONDARY: Planning capability analysis
2025-06-14 22:22:04,017 - INFO - SuRL_FixedRL_140209611280480 -   🧠 WorldModelRL_world_model_ppo: Planning capability analysis
2025-06-14 22:22:09,777 - INFO - SuRL_FixedRL_140209611280480 -     📊 Planning stability: 0.9995
2025-06-14 22:22:09,777 - INFO - SuRL_FixedRL_140209611280480 -   🧠 DirectVideoRL_ppo: Planning capability analysis
2025-06-14 22:22:11,870 - INFO - SuRL_FixedRL_140209611280480 -     📊 Planning stability: 0.9988
2025-06-14 22:22:11,870 - INFO - SuRL_FixedRL_140209611280480 -   🧠 DirectVideoRL_a2c: Planning capability analysis
2025-06-14 22:22:14,285 - INFO - SuRL_FixedRL_140209611280480 -     📊 Planning stability: 0.9988
2025-06-14 22:22:14,286 - INFO - SuRL_FixedRL_140209611280480 -   WorldModelRL_world_model_ppo: mAP = 0.0781
2025-06-14 22:22:14,286 - INFO - SuRL_FixedRL_140209611280480 -   DirectVideoRL_ppo: mAP = 0.1044
2025-06-14 22:22:14,286 - INFO - SuRL_FixedRL_140209611280480 -   DirectVideoRL_a2c: mAP = 0.1097
2025-06-14 22:22:14,286 - INFO - SuRL_FixedRL_140209611280480 - 📹 Evaluating video: VID79
2025-06-14 22:22:15,594 - INFO - SuRL_FixedRL_140209611280480 - 📹 Comprehensive evaluation: VID79
2025-06-14 22:22:15,594 - INFO - SuRL_FixedRL_140209611280480 - 🎯 PRIMARY: Single-step action prediction
2025-06-14 22:22:15,594 - INFO - SuRL_FixedRL_140209611280480 -   🤖 WorldModelRL_world_model_ppo: Single-step action prediction
2025-06-14 22:22:19,648 - INFO - SuRL_FixedRL_140209611280480 -   WorldModelRL_world_model_ppo evaluation completed: 214 batches processed
2025-06-14 22:22:21,802 - INFO - SuRL_FixedRL_140209611280480 -     📊 Single-step mAP: 0.0517
2025-06-14 22:22:21,802 - INFO - SuRL_FixedRL_140209611280480 -   🤖 DirectVideoRL_ppo: Single-step action prediction
2025-06-14 22:22:25,684 - INFO - SuRL_FixedRL_140209611280480 -   DirectVideoRL_ppo evaluation completed: 214 batches processed
2025-06-14 22:22:27,891 - INFO - SuRL_FixedRL_140209611280480 -     📊 Single-step mAP: 0.0626
2025-06-14 22:22:27,892 - INFO - SuRL_FixedRL_140209611280480 -   🤖 DirectVideoRL_a2c: Single-step action prediction
2025-06-14 22:22:31,745 - INFO - SuRL_FixedRL_140209611280480 -   DirectVideoRL_a2c evaluation completed: 214 batches processed
2025-06-14 22:22:33,890 - INFO - SuRL_FixedRL_140209611280480 -     📊 Single-step mAP: 0.0550
2025-06-14 22:22:33,890 - INFO - SuRL_FixedRL_140209611280480 - 🚀 SECONDARY: Planning capability analysis
2025-06-14 22:22:33,890 - INFO - SuRL_FixedRL_140209611280480 -   🧠 WorldModelRL_world_model_ppo: Planning capability analysis
2025-06-14 22:22:43,023 - INFO - SuRL_FixedRL_140209611280480 -     📊 Planning stability: 0.9995
2025-06-14 22:22:43,023 - INFO - SuRL_FixedRL_140209611280480 -   🧠 DirectVideoRL_ppo: Planning capability analysis
2025-06-14 22:22:45,699 - INFO - SuRL_FixedRL_140209611280480 -     📊 Planning stability: 0.9988
2025-06-14 22:22:45,699 - INFO - SuRL_FixedRL_140209611280480 -   🧠 DirectVideoRL_a2c: Planning capability analysis
2025-06-14 22:22:48,217 - INFO - SuRL_FixedRL_140209611280480 -     📊 Planning stability: 0.9988
2025-06-14 22:22:48,217 - INFO - SuRL_FixedRL_140209611280480 -   WorldModelRL_world_model_ppo: mAP = 0.0517
2025-06-14 22:22:48,217 - INFO - SuRL_FixedRL_140209611280480 -   DirectVideoRL_ppo: mAP = 0.0626
2025-06-14 22:22:48,217 - INFO - SuRL_FixedRL_140209611280480 -   DirectVideoRL_a2c: mAP = 0.0550
2025-06-14 22:22:48,220 - INFO - SuRL_FixedRL_140209611280480 - 📂 Main video results saved to results/fixed_rl_2025-06-14_21-47-48/integrated_evaluation/main_video_results.json
2025-06-14 22:22:48,227 - INFO - SuRL_FixedRL_140209611280480 - 📂 Video results saved to results/fixed_rl_2025-06-14_21-47-48/integrated_evaluation/videos_results.json
2025-06-14 22:22:48,227 - INFO - SuRL_FixedRL_140209611280480 - 📊 Computing aggregate results...
2025-06-14 22:22:48,227 - INFO - SuRL_FixedRL_140209611280480 - 📈 Performing statistical tests...
2025-06-14 22:22:48,233 - INFO - SuRL_FixedRL_140209611280480 - 
2025-06-14 22:22:48,233 - INFO - SuRL_FixedRL_140209611280480 - 🎉 COMPREHENSIVE EVALUATION COMPLETED!
2025-06-14 22:22:48,233 - INFO - SuRL_FixedRL_140209611280480 - ============================================================
2025-06-14 22:22:48,233 - INFO - SuRL_FixedRL_140209611280480 - 🎯 PRIMARY RESULTS: Single-step Action Prediction (Fair Comparison)
2025-06-14 22:22:48,233 - INFO - SuRL_FixedRL_140209611280480 -    RL + Direct Video (PPO): 0.0787 ± 0.0220 mAP
2025-06-14 22:22:48,233 - INFO - SuRL_FixedRL_140209611280480 -    RL + Direct Video (A2C): 0.0670 ± 0.0213 mAP
2025-06-14 22:22:48,233 - INFO - SuRL_FixedRL_140209611280480 -    WorldModelRL_world_model_ppo: 0.0635 ± 0.0156 mAP
2025-06-14 22:22:48,233 - INFO - SuRL_FixedRL_140209611280480 - 
2025-06-14 22:22:48,233 - INFO - SuRL_FixedRL_140209611280480 - 🚀 SECONDARY RESULTS: Planning Capability Analysis
2025-06-14 22:22:48,233 - INFO - SuRL_FixedRL_140209611280480 - 
2025-06-14 22:22:48,233 - INFO - SuRL_FixedRL_140209611280480 - 🔍 KEY INSIGHTS:
2025-06-14 22:22:48,233 - INFO - SuRL_FixedRL_140209611280480 -    ✅ Fair single-step comparison shows paradigm performance
2025-06-14 22:22:48,233 - INFO - SuRL_FixedRL_140209611280480 -    ✅ Planning analysis reveals paradigm-specific strengths
2025-06-14 22:22:48,233 - INFO - SuRL_FixedRL_140209611280480 -    ✅ No ground truth leakage or environment mismatches
2025-06-14 22:22:48,234 - INFO - SuRL_FixedRL_140209611280480 -    ✅ Each method evaluated according to its training paradigm
2025-06-14 22:22:48,234 - INFO - SuRL_FixedRL_140209611280480 - 
2025-06-14 22:22:48,234 - INFO - SuRL_FixedRL_140209611280480 - ⚖️ EVALUATION FAIRNESS:
2025-06-14 22:22:48,234 - INFO - SuRL_FixedRL_140209611280480 -    Primary task: single_step_action_prediction_with_proper_context
2025-06-14 22:22:48,234 - INFO - SuRL_FixedRL_140209611280480 -    Secondary task: multi_step_planning_analysis
2025-06-14 22:22:48,234 - INFO - SuRL_FixedRL_140209611280480 -    Fairness approach: respects_training_paradigms_and_data_structure
2025-06-14 22:22:48,234 - INFO - SuRL_FixedRL_140209611280480 - 💾 Saving evaluation results...
2025-06-14 22:22:48,234 - INFO - SuRL_FixedRL_140209611280480 - 📊 evaluation results saved
2025-06-14 22:22:48,234 - INFO - SuRL_FixedRL_140209611280480 - 📁 Location: results/fixed_rl_2025-06-14_21-47-48/integrated_evaluation
2025-06-14 22:22:48,236 - INFO - SuRL_FixedRL_140209611280480 - 🏆 Analyzing FIXED Results and Architectural Insights
2025-06-14 22:22:48,236 - INFO - SuRL_FixedRL_140209611280480 - 🏆 THREE-METHOD COMPARISON RESULTS (FIXED RL)
2025-06-14 22:22:48,236 - INFO - SuRL_FixedRL_140209611280480 - ============================================================
2025-06-14 22:22:48,236 - INFO - SuRL_FixedRL_140209611280480 - 🎓 Method 1: ❌ Failed - Unknown
2025-06-14 22:22:48,236 - INFO - SuRL_FixedRL_140209611280480 - 🌍 Method 2 (FIXED Conditional World Model + RL):
2025-06-14 22:22:48,236 - INFO - SuRL_FixedRL_140209611280480 -    Status: ✅ Success
2025-06-14 22:22:48,236 - INFO - SuRL_FixedRL_140209611280480 -    World Model State Loss: 0.1442
2025-06-14 22:22:48,236 - INFO - SuRL_FixedRL_140209611280480 -    World Model Reward Loss: 0.0556
2025-06-14 22:22:48,236 - INFO - SuRL_FixedRL_140209611280480 -    FIXED RL Algorithms: ['world_model_ppo']
2025-06-14 22:22:48,236 - INFO - SuRL_FixedRL_140209611280480 -      world_model_ppo: -90.817 reward (IMPROVED)
2025-06-14 22:22:48,236 - INFO - SuRL_FixedRL_140209611280480 -    Approach: FIXED Action-conditioned simulation + RL
2025-06-14 22:22:48,236 - INFO - SuRL_FixedRL_140209611280480 -    🔧 FIXED Issues:
2025-06-14 22:22:48,236 - INFO - SuRL_FixedRL_140209611280480 -      ✅ Expert demonstration matching rewards
2025-06-14 22:22:48,236 - INFO - SuRL_FixedRL_140209611280480 -      ✅ Proper action space handling
2025-06-14 22:22:48,236 - INFO - SuRL_FixedRL_140209611280480 -      ✅ Enhanced monitoring and debugging
2025-06-14 22:22:48,236 - INFO - SuRL_FixedRL_140209611280480 -      ✅ Optimized hyperparameters
2025-06-14 22:22:48,237 - INFO - SuRL_FixedRL_140209611280480 -      ✅ Trained world model from scratch
2025-06-14 22:22:48,237 - INFO - SuRL_FixedRL_140209611280480 - 📹 Method 3 (FIXED Direct Video RL):
2025-06-14 22:22:48,237 - INFO - SuRL_FixedRL_140209611280480 -    Status: ✅ Success
2025-06-14 22:22:48,237 - INFO - SuRL_FixedRL_140209611280480 -    FIXED RL Algorithms: ['ppo', 'a2c']
2025-06-14 22:22:48,237 - INFO - SuRL_FixedRL_140209611280480 -      ppo: 40.936 reward (IMPROVED)
2025-06-14 22:22:48,237 - INFO - SuRL_FixedRL_140209611280480 -      a2c: 49.920 reward (IMPROVED)
2025-06-14 22:22:48,237 - INFO - SuRL_FixedRL_140209611280480 -    Approach: FIXED Model-free RL on real video frames
2025-06-14 22:22:48,237 - INFO - SuRL_FixedRL_140209611280480 -    🔧 FIXED Issues:
2025-06-14 22:22:48,237 - INFO - SuRL_FixedRL_140209611280480 -      ✅ Expert demonstration matching rewards
2025-06-14 22:22:48,237 - INFO - SuRL_FixedRL_140209611280480 -      ✅ Proper continuous action space [0,1]
2025-06-14 22:22:48,237 - INFO - SuRL_FixedRL_140209611280480 -      ✅ Better episode termination
2025-06-14 22:22:48,237 - INFO - SuRL_FixedRL_140209611280480 -      ✅ Meaningful reward functions
2025-06-14 22:22:48,237 - INFO - SuRL_FixedRL_140209611280480 - 
2025-06-14 22:22:48,237 - INFO - SuRL_FixedRL_140209611280480 - 🎯 Successful Methods: ['Method 2 (FIXED World Model RL)', 'Method 3 (FIXED Direct RL)']
2025-06-14 22:22:48,237 - INFO - SuRL_FixedRL_140209611280480 - 📊 Total Methods Tested: 3
2025-06-14 22:22:48,237 - INFO - SuRL_FixedRL_140209611280480 - ✅ Success Rate: 2/3
2025-06-14 22:22:48,237 - INFO - SuRL_FixedRL_140209611280480 - 
2025-06-14 22:22:48,237 - INFO - SuRL_FixedRL_140209611280480 -      Method 2 world_model_ppo: -90.817 (FIXED)
2025-06-14 22:22:48,237 - INFO - SuRL_FixedRL_140209611280480 -      Method 3 ppo: 40.936 (FIXED)
2025-06-14 22:22:48,237 - INFO - SuRL_FixedRL_140209611280480 -      Method 3 a2c: 49.920 (FIXED)
2025-06-14 22:22:48,245 - INFO - SuRL_FixedRL_140209611280480 - 📄 Generating publication-ready conference paper...
2025-06-14 22:22:48,253 - INFO - SuRL_FixedRL_140209611280480 - 📄 Enhanced Research Paper Generator initialized
2025-06-14 22:22:48,253 - INFO - SuRL_FixedRL_140209611280480 - 📁 Publication files will be saved to: results/fixed_rl_2025-06-14_21-47-48/publication_paper
2025-06-14 22:22:48,253 - INFO - SuRL_FixedRL_140209611280480 - 📄 Generating publication-ready conference paper...
2025-06-14 22:22:48,253 - INFO - SuRL_FixedRL_140209611280480 - 📊 Creating publication-quality figures...
2025-06-14 22:22:48,253 - WARNING - SuRL_FixedRL_140209611280480 - No method results found, creating example figure
2025-06-14 22:22:53,337 - INFO - SuRL_FixedRL_140209611280480 - 📋 Generating tables with experimental results...
2025-06-14 22:22:53,338 - INFO - SuRL_FixedRL_140209611280480 - 📄 Writing enhanced paper content...
2025-06-14 22:22:53,340 - INFO - SuRL_FixedRL_140209611280480 - 📚 Creating supplementary materials...
2025-06-14 22:22:53,342 - INFO - SuRL_FixedRL_140209611280480 - 📄 Publication-ready paper generated in: results/fixed_rl_2025-06-14_21-47-48/publication_paper
2025-06-14 22:22:53,342 - INFO - SuRL_FixedRL_140209611280480 - 🔧 Run compile_paper.sh to build the PDF
2025-06-14 22:22:53,342 - INFO - SuRL_FixedRL_140209611280480 - ✨ Paper reflects your actual experimental results!
2025-06-14 22:22:53,342 - INFO - SuRL_FixedRL_140209611280480 - 📄 Research paper generated: results/fixed_rl_2025-06-14_21-47-48/publication_paper
2025-06-14 22:22:53,342 - INFO - SuRL_FixedRL_140209611280480 - 💾 All FIXED RL results saved to: results/fixed_rl_2025-06-14_21-47-48
2025-06-14 22:22:53,342 - INFO - SuRL_FixedRL_140209611280480 - 📄 Complete results: results/fixed_rl_2025-06-14_21-47-48/complete_results_fixed_rl.json
2025-06-14 22:22:53,342 - INFO - SuRL_FixedRL_140209611280480 - 📄 Summary: results/fixed_rl_2025-06-14_21-47-48/experiment_summary_fixed_rl.json
