2025-06-04 14:29:26,604 - INFO - SuRL_129152090215088 - Shared experiment log directory: logs/2025-06-04_14-29
2025-06-04 14:29:26,605 - INFO - SuRL_129152090215088 - 🚀 SURGICAL RL COMPARISON INITIALIZED
2025-06-04 14:29:26,605 - INFO - SuRL_129152090215088 - Method 1: Imitation Learning (Baseline)
2025-06-04 14:29:26,605 - INFO - SuRL_129152090215088 - Method 2: RL with World Model Simulation
2025-06-04 14:29:26,605 - INFO - SuRL_129152090215088 - Method 3: RL with Offline Video Episodes
2025-06-04 14:29:26,605 - INFO - SuRL_129152090215088 - Device: cuda
2025-06-04 14:29:26,605 - INFO - SuRL_129152090215088 - Results will be saved to: logs/2025-06-04_14-29/results
2025-06-04 14:29:26,605 - INFO - SuRL_129152090215088 - ============================================================
2025-06-04 14:29:26,605 - INFO - SuRL_129152090215088 - STEP 1: LOADING DATASET
2025-06-04 14:29:26,605 - INFO - SuRL_129152090215088 - ============================================================
2025-06-04 14:29:26,605 - INFO - SuRL_129152090215088 - Loading train data from /home/maxboels/datasets/CholecT50 with fold 0
2025-06-04 14:29:27,003 - INFO - SuRL_129152090215088 - [Train] Start processing metadata file /home/maxboels/datasets/CholecT50/embeddings_train_set/fold0/embeddings_f0_swin_bas_129_phase_complet_phase_transit_prog_prob_action_risk_glob_outcome.csv
2025-06-04 14:29:27,003 - INFO - SuRL_129152090215088 - [Train] Rewards extraction skipped, using metadata file /home/maxboels/datasets/CholecT50/embeddings_train_set/fold0/embeddings_f0_swin_bas_129_phase_complet_phase_transit_prog_prob_action_risk_glob_outcome.csv
2025-06-04 14:29:27,005 - INFO - SuRL_129152090215088 - [Train] Found 2 videos in metadata file
2025-06-04 14:29:27,005 - INFO - SuRL_129152090215088 - [Train] Loading data for 2 videos
2025-06-04 14:29:27,257 - INFO - SuRL_129152090215088 - Loading test data from /home/maxboels/datasets/CholecT50 with fold 0
2025-06-04 14:29:27,342 - INFO - SuRL_129152090215088 - [Test] Start processing metadata file /home/maxboels/datasets/CholecT50/embeddings_test_set/fold0/embeddings_f0_swin_bas_129_phase_complet_phase_transit_prog_prob_action_risk_glob_outcome.csv
2025-06-04 14:29:27,342 - INFO - SuRL_129152090215088 - [Test] Rewards extraction skipped, using metadata file /home/maxboels/datasets/CholecT50/embeddings_test_set/fold0/embeddings_f0_swin_bas_129_phase_complet_phase_transit_prog_prob_action_risk_glob_outcome.csv
2025-06-04 14:29:27,342 - INFO - SuRL_129152090215088 - [Test] Found 1 videos in metadata file
2025-06-04 14:29:27,342 - INFO - SuRL_129152090215088 - [Test] Loading data for 1 videos
2025-06-04 14:29:27,447 - INFO - SuRL_129152090215088 - ✅ Loaded 2 training videos and 1 test videos
2025-06-04 14:29:27,447 - INFO - SuRL_129152090215088 - ============================================================
2025-06-04 14:29:27,447 - INFO - SuRL_129152090215088 - STEP 2: METHOD 1 - IMITATION LEARNING BASELINE
2025-06-04 14:29:27,447 - INFO - SuRL_129152090215088 - ============================================================
2025-06-04 14:29:27,447 - INFO - SuRL_129152090215088 - 🎓 Training Imitation Learning Baseline...
2025-06-04 14:29:27,447 - INFO - SuRL_129152090215088 - 📋 Approach: Supervised learning on expert demonstrations
2025-06-04 14:29:28,852 - INFO - SuRL_129152090215088 - Starting the Imitation Learning training for autoregressive action prediction
2025-06-04 14:29:29,232 - INFO - SuRL_129152090215088 - Batch 0/204 | Loss: 3.3123
2025-06-04 14:29:33,613 - INFO - SuRL_129152090215088 - Batch 100/204 | Loss: 0.5414
2025-06-04 14:29:38,005 - INFO - SuRL_129152090215088 - Batch 200/204 | Loss: 0.3646
2025-06-04 14:30:34,680 - INFO - SuRL_129152090215088 - New best model saved: logs/2025-06-04_14-29/checkpoints/supervised_best_epoch_1.pt
2025-06-04 14:30:34,680 - INFO - SuRL_129152090215088 - Epoch 1/1 | Train Loss: 0.7761 | Val Loss: 0.4113 | Val Action Acc: 0.0000
2025-06-04 14:30:35,110 - INFO - SuRL_129152090215088 - Training plots saved to logs/2025-06-04_14-29
2025-06-04 14:30:35,219 - INFO - SuRL_129152090215088 - Training completed. Best model: logs/2025-06-04_14-29/checkpoints/supervised_best_epoch_1.pt
2025-06-04 14:30:35,219 - INFO - SuRL_129152090215088 - Final model: logs/2025-06-04_14-29/checkpoints/final_model.pt
2025-06-04 14:30:38,268 - INFO - SuRL_129152090215088 - ✅ Method 1 (IL) completed successfully
2025-06-04 14:30:38,269 - INFO - SuRL_129152090215088 - 📊 IL mAP: 0.2378
2025-06-04 14:30:38,333 - INFO - SuRL_129152090215088 - ============================================================
2025-06-04 14:30:38,333 - INFO - SuRL_129152090215088 - STEP 3: METHOD 2 - RL WITH WORLD MODEL SIMULATION
2025-06-04 14:30:38,333 - INFO - SuRL_129152090215088 - ============================================================
2025-06-04 14:30:38,333 - INFO - SuRL_129152090215088 - 🌍 Training RL with World Model Simulation...
2025-06-04 14:30:38,333 - INFO - SuRL_129152090215088 - 📋 Approach: World model as RL environment simulator
2025-06-04 14:30:38,924 - INFO - SuRL_129152090215088 - ✅ Using world model from Method 1: logs/2025-06-04_14-29/checkpoints/supervised_best_epoch_1.pt
2025-06-04 14:30:38,924 - INFO - SuRL_129152090215088 - 🤖 Training PPO with world model simulation...
2025-06-04 14:30:49,970 - INFO - SuRL_129152090215088 - 🤖 Training A2C with world model simulation...
2025-06-04 14:30:58,463 - INFO - SuRL_129152090215088 - ✅ Method 2 (RL + World Model) completed successfully
2025-06-04 14:30:58,463 - INFO - SuRL_129152090215088 - 📊 Successful RL models: ['ppo', 'a2c']
2025-06-04 14:30:58,463 - INFO - SuRL_129152090215088 - ============================================================
2025-06-04 14:30:58,463 - INFO - SuRL_129152090215088 - STEP 4: METHOD 3 - RL WITH OFFLINE VIDEO EPISODES
2025-06-04 14:30:58,463 - INFO - SuRL_129152090215088 - ============================================================
2025-06-04 14:30:58,463 - INFO - SuRL_129152090215088 - 📹 Training RL with Offline Video Episodes...
2025-06-04 14:30:58,463 - INFO - SuRL_129152090215088 - 📋 Approach: Direct RL on video sequences (no world model)
2025-06-04 14:30:58,463 - INFO - SuRL_129152090215088 - 🧪 Testing Direct Video Environment...
2025-06-04 14:30:58,465 - INFO - SuRL_129152090215088 - 🚀 Training RL algorithms on direct video sequences for 10000 timesteps...
2025-06-04 14:31:13,971 - INFO - SuRL_129152090215088 - ✅ ppo Direct Video evaluation completed
2025-06-04 14:31:13,971 - INFO - SuRL_129152090215088 - ✅ a2c Direct Video evaluation completed
2025-06-04 14:31:13,971 - INFO - SuRL_129152090215088 - ✅ Method 3 (RL + Offline Videos) completed successfully
2025-06-04 14:31:13,971 - INFO - SuRL_129152090215088 - 📊 Successful Direct Video RL models: ['ppo', 'a2c']
2025-06-04 14:31:13,971 - INFO - SuRL_129152090215088 - ============================================================
2025-06-04 14:31:13,971 - INFO - SuRL_129152090215088 - STEP 5: COMPREHENSIVE EVALUATION AND COMPARISON
2025-06-04 14:31:13,972 - INFO - SuRL_129152090215088 - ============================================================
2025-06-04 14:31:13,972 - INFO - SuRL_129152090215088 - 📊 Running Integrated Evaluation with Rollout Saving...
2025-06-04 14:31:13,973 - INFO - SuRL_129152090215088 - 🔬 Integrated Evaluation Framework initialized
2025-06-04 14:31:13,973 - INFO - SuRL_129152090215088 - 📁 Results will be saved to: logs/2025-06-04_14-29/results/integrated_evaluation
2025-06-04 14:31:14,609 - INFO - SuRL_129152090215088 - ✅ IL model loaded for evaluation
2025-06-04 14:31:14,619 - INFO - SuRL_129152090215088 - ✅ RL+WorldModel PPO loaded
2025-06-04 14:31:14,627 - INFO - SuRL_129152090215088 - ✅ RL+WorldModel A2C loaded
2025-06-04 14:31:14,637 - INFO - SuRL_129152090215088 - ✅ RL+OfflineVideos PPO loaded
2025-06-04 14:31:14,647 - INFO - SuRL_129152090215088 - ✅ RL+OfflineVideos A2C loaded
2025-06-04 14:31:14,647 - INFO - SuRL_129152090215088 - 📊 Loaded 5 models for integrated evaluation
2025-06-04 14:31:14,647 - INFO - SuRL_129152090215088 - 🎯 Running Integrated Evaluation with Rollout Saving
2025-06-04 14:31:14,647 - INFO - SuRL_129152090215088 - 📊 Evaluating 5 models on 1 videos
2025-06-04 14:31:14,647 - INFO - SuRL_129152090215088 - ⏱️ Prediction horizon: 15 timesteps
2025-06-04 14:31:14,647 - INFO - SuRL_129152090215088 - ============================================================
2025-06-04 14:31:14,647 - INFO - SuRL_129152090215088 - 📹 Video 1/1
2025-06-04 14:31:14,647 - INFO - SuRL_129152090215088 - 📹 Evaluating VID02 with rollouts (horizon: 15)
2025-06-04 14:31:14,648 - INFO - SuRL_129152090215088 -   🤖 Evaluating IL_Baseline with rollouts
2025-06-04 14:31:14,853 - INFO - SuRL_129152090215088 -     📊 Final mAP: 1.000
2025-06-04 14:31:14,853 - INFO - SuRL_129152090215088 -   🤖 Evaluating RL_WorldModel_PPO with rollouts
2025-06-04 14:31:14,898 - INFO - SuRL_129152090215088 -     📊 Final mAP: 1.000
2025-06-04 14:31:14,898 - INFO - SuRL_129152090215088 -   🤖 Evaluating RL_WorldModel_A2C with rollouts
2025-06-04 14:31:14,942 - INFO - SuRL_129152090215088 -     📊 Final mAP: 1.000
2025-06-04 14:31:14,942 - INFO - SuRL_129152090215088 -   🤖 Evaluating RL_OfflineVideos_PPO with rollouts
2025-06-04 14:31:14,985 - INFO - SuRL_129152090215088 -     📊 Final mAP: 0.960
2025-06-04 14:31:14,985 - INFO - SuRL_129152090215088 -   🤖 Evaluating RL_OfflineVideos_A2C with rollouts
2025-06-04 14:31:15,028 - INFO - SuRL_129152090215088 -     📊 Final mAP: 1.000
2025-06-04 14:31:15,051 - INFO - SuRL_129152090215088 - 📊 Visualization data saved to: logs/2025-06-04_14-29/results/integrated_evaluation/visualization_data.json
2025-06-04 14:31:15,051 - INFO - SuRL_129152090215088 - 💾 Saving integrated evaluation results...
2025-06-04 14:31:15,301 - INFO - SuRL_129152090215088 - 📊 Integrated results saved to: logs/2025-06-04_14-29/results/integrated_evaluation
2025-06-04 14:31:15,301 - INFO - SuRL_129152090215088 - 🎉 INTEGRATED EVALUATION COMPLETED!
2025-06-04 14:31:15,301 - INFO - SuRL_129152090215088 - ==================================================
2025-06-04 14:31:15,301 - INFO - SuRL_129152090215088 - 📊 Key Features:
2025-06-04 14:31:15,301 - INFO - SuRL_129152090215088 -   ✅ Unified mAP metrics for all methods
2025-06-04 14:31:15,301 - INFO - SuRL_129152090215088 -   ✅ Detailed rollout saving at every timestep
2025-06-04 14:31:15,301 - INFO - SuRL_129152090215088 -   ✅ Planning horizon visualization data
2025-06-04 14:31:15,301 - INFO - SuRL_129152090215088 -   ✅ Thinking process capture
2025-06-04 14:31:15,301 - INFO - SuRL_129152090215088 -   ✅ Statistical significance testing
2025-06-04 14:31:15,301 - INFO - SuRL_129152090215088 -   ✅ Visualization-ready data export
2025-06-04 14:31:15,302 - INFO - SuRL_129152090215088 - ✅ Integrated evaluation completed successfully!
2025-06-04 14:31:15,302 - INFO - SuRL_129152090215088 - 
📊 METHOD COMPARISON (Unified mAP Metrics)
2025-06-04 14:31:15,302 - INFO - SuRL_129152090215088 - ============================================================
2025-06-04 14:31:15,302 - INFO - SuRL_129152090215088 - 1. RL WorldModel PPO:
2025-06-04 14:31:15,302 - INFO - SuRL_129152090215088 -    📈 mAP: 1.0000 ± 0.0000
2025-06-04 14:31:15,302 - INFO - SuRL_129152090215088 -    📉 Degradation: 0.0000
2025-06-04 14:31:15,302 - INFO - SuRL_129152090215088 -    🎯 Stability: -0.0000
2025-06-04 14:31:15,302 - INFO - SuRL_129152090215088 - 
2025-06-04 14:31:15,302 - INFO - SuRL_129152090215088 - 2. RL OfflineVideos A2C:
2025-06-04 14:31:15,302 - INFO - SuRL_129152090215088 -    📈 mAP: 1.0000 ± 0.0000
2025-06-04 14:31:15,302 - INFO - SuRL_129152090215088 -    📉 Degradation: 0.0000
2025-06-04 14:31:15,302 - INFO - SuRL_129152090215088 -    🎯 Stability: -0.0000
2025-06-04 14:31:15,302 - INFO - SuRL_129152090215088 - 
2025-06-04 14:31:15,302 - INFO - SuRL_129152090215088 - 3. IL Baseline:
2025-06-04 14:31:15,302 - INFO - SuRL_129152090215088 -    📈 mAP: 1.0000 ± 0.0000
2025-06-04 14:31:15,302 - INFO - SuRL_129152090215088 -    📉 Degradation: 0.0000
2025-06-04 14:31:15,302 - INFO - SuRL_129152090215088 -    🎯 Stability: -0.0000
2025-06-04 14:31:15,302 - INFO - SuRL_129152090215088 - 
2025-06-04 14:31:15,302 - INFO - SuRL_129152090215088 - 4. RL WorldModel A2C:
2025-06-04 14:31:15,303 - INFO - SuRL_129152090215088 -    📈 mAP: 1.0000 ± 0.0000
2025-06-04 14:31:15,303 - INFO - SuRL_129152090215088 -    📉 Degradation: 0.0000
2025-06-04 14:31:15,303 - INFO - SuRL_129152090215088 -    🎯 Stability: -0.0000
2025-06-04 14:31:15,303 - INFO - SuRL_129152090215088 - 
2025-06-04 14:31:15,303 - INFO - SuRL_129152090215088 - 5. RL OfflineVideos PPO:
2025-06-04 14:31:15,303 - INFO - SuRL_129152090215088 -    📈 mAP: 0.9600 ± 0.0000
2025-06-04 14:31:15,303 - INFO - SuRL_129152090215088 -    📉 Degradation: 0.0100
2025-06-04 14:31:15,303 - INFO - SuRL_129152090215088 -    🎯 Stability: -0.0100
2025-06-04 14:31:15,303 - INFO - SuRL_129152090215088 - 
2025-06-04 14:31:15,303 - INFO - SuRL_129152090215088 - 🔬 STATISTICAL SIGNIFICANCE TESTS
2025-06-04 14:31:15,303 - INFO - SuRL_129152090215088 - ========================================
2025-06-04 14:31:15,303 - INFO - SuRL_129152090215088 - No statistically significant differences found
2025-06-04 14:31:15,303 - INFO - SuRL_129152090215088 - ============================================================
2025-06-04 14:31:15,303 - INFO - SuRL_129152090215088 - STEP 6: GENERATING RESEARCH PAPER RESULTS
2025-06-04 14:31:15,303 - INFO - SuRL_129152090215088 - ============================================================
2025-06-04 14:31:15,303 - INFO - SuRL_129152090215088 - 📝 Generating enhanced research paper results...
2025-06-04 14:31:15,303 - INFO - SuRL_129152090215088 - 📄 Integrated experiment summary saved to: logs/2025-06-04_14-29/results/integrated_experiment_summary.md
2025-06-04 14:31:15,303 - INFO - SuRL_129152090215088 - 📄 Generating complete research paper...
2025-06-04 14:31:15,338 - INFO - SuRL_129152090215088 - 📄 Research Paper Generator initialized
2025-06-04 14:31:15,338 - INFO - SuRL_129152090215088 - 📁 Paper files will be saved to: logs/2025-06-04_14-29/results/paper
2025-06-04 14:31:15,338 - INFO - SuRL_129152090215088 - 📝 Generating complete research paper...
2025-06-04 14:31:15,338 - INFO - SuRL_129152090215088 - 📊 Generating publication figures...
2025-06-04 14:31:17,672 - INFO - SuRL_129152090215088 - 📊 All figures saved to: logs/2025-06-04_14-29/results/paper/figures
2025-06-04 14:31:17,672 - INFO - SuRL_129152090215088 - 📋 Generating LaTeX tables...
2025-06-04 14:31:17,673 - INFO - SuRL_129152090215088 - 📋 All tables saved to: logs/2025-06-04_14-29/results/paper/tables
2025-06-04 14:31:17,673 - INFO - SuRL_129152090215088 - 📄 Complete research paper generated in: logs/2025-06-04_14-29/results/paper
2025-06-04 14:31:17,673 - INFO - SuRL_129152090215088 - 🔧 Run compile_paper.sh to build the PDF
2025-06-04 14:31:17,675 - INFO - SuRL_129152090215088 - 📄 Integrated paper results saved to: logs/2025-06-04_14-29/results/integrated_paper_results.json
2025-06-04 14:31:17,675 - INFO - SuRL_129152090215088 - 📄 Complete research paper generated: logs/2025-06-04_14-29/results/paper
2025-06-04 14:31:17,675 - INFO - SuRL_129152090215088 - 📊 Includes: LaTeX tables, publication figures, complete paper.tex
2025-06-04 14:31:17,675 - INFO - SuRL_129152090215088 - 🔧 Run compile_paper.sh to generate PDF
2025-06-04 14:31:17,681 - INFO - SuRL_129152090215088 - 📄 Integrated experiment summary saved to: logs/2025-06-04_14-29/results/integrated_experiment_summary.md
2025-06-04 14:31:17,681 - INFO - SuRL_129152090215088 - 📄 Integrated paper results saved to: logs/2025-06-04_14-29/results/integrated_paper_results.json
2025-06-04 14:31:17,887 - INFO - SuRL_129152090215088 - 💾 Complete results saved to: logs/2025-06-04_14-29/results/complete_results.json
2025-06-04 14:31:17,888 - INFO - SuRL_129152090215088 - 📁 All results available in: logs/2025-06-04_14-29/results
2025-06-04 14:31:17,889 - INFO - SuRL_129152090215088 - ✅ SURGICAL RL COMPARISON COMPLETED SUCCESSFULLY!
