2025-05-28 16:42:28,342 - INFO - Log file: logs/2025-05-28_16-42-28/il_vs_rl_comparison.log
2025-05-28 16:42:28,342 - INFO - 🚀 Starting IL vs RL Comparison Experiment
2025-05-28 16:42:28,342 - INFO - Device: cuda
2025-05-28 16:42:28,342 - INFO - Results will be saved to: logs/2025-05-28_16-42-28/comparison_results
2025-05-28 16:42:28,342 - INFO - 📊 Loading dataset...
2025-05-28 16:42:28,342 - INFO - Loading train data from /home/maxboels/datasets/CholecT50 with fold 0
2025-05-28 16:42:28,736 - INFO - [Train] Start processing metadata file /home/maxboels/datasets/CholecT50/embeddings_train_set/fold0/embeddings_f0_swin_bas_129_phase_complet_phase_transit_prog_prob_action_risk_glob_outcome.csv
2025-05-28 16:42:28,736 - INFO - [Train] Rewards extraction skipped, using metadata file /home/maxboels/datasets/CholecT50/embeddings_train_set/fold0/embeddings_f0_swin_bas_129_phase_complet_phase_transit_prog_prob_action_risk_glob_outcome.csv
2025-05-28 16:42:28,738 - INFO - [Train] Found 1 videos in metadata file
2025-05-28 16:42:28,738 - INFO - [Train] Loading data for 1 videos
2025-05-28 16:42:28,811 - INFO - Loading test data from /home/maxboels/datasets/CholecT50 with fold 0
2025-05-28 16:42:28,905 - INFO - [Test] Start processing metadata file /home/maxboels/datasets/CholecT50/embeddings_test_set/fold0/embeddings_f0_swin_bas_129_phase_complet_phase_transit_prog_prob_action_risk_glob_outcome.csv
2025-05-28 16:42:28,905 - INFO - [Test] Rewards extraction skipped, using metadata file /home/maxboels/datasets/CholecT50/embeddings_test_set/fold0/embeddings_f0_swin_bas_129_phase_complet_phase_transit_prog_prob_action_risk_glob_outcome.csv
2025-05-28 16:42:28,905 - INFO - [Test] Found 1 videos in metadata file
2025-05-28 16:42:28,905 - INFO - [Test] Loading data for 1 videos
2025-05-28 16:42:29,011 - INFO - Loaded 1 training videos and 1 test videos
2025-05-28 16:42:29,011 - INFO - 🎓 Training Imitation Learning Model...
2025-05-28 16:42:29,011 - INFO - Training supervised imitation learning model
2025-05-28 16:42:30,387 - INFO - Model parameters: 48,924,145 total, 48,924,145 trainable
2025-05-28 16:42:30,388 - INFO - Starting supervised training for autoregressive action prediction
2025-05-28 16:42:30,789 - INFO - Batch 0/109 | Loss: 3.3153
2025-05-28 16:42:35,255 - INFO - Batch 100/109 | Loss: 0.5771
2025-05-28 16:43:32,785 - INFO - New best model saved: logs/2025-05-28_16-42-28/checkpoints/supervised_best_epoch_1.pt
2025-05-28 16:43:32,785 - INFO - Epoch 1/2 | Train Loss: 1.0436 | Val Loss: 0.5192 | Val Action Acc: 0.0000
2025-05-28 16:43:32,951 - INFO - Batch 0/109 | Loss: 0.5085
2025-05-28 16:43:37,417 - INFO - Batch 100/109 | Loss: 0.3063
2025-05-28 16:44:35,704 - INFO - New best model saved: logs/2025-05-28_16-42-28/checkpoints/supervised_best_epoch_2.pt
2025-05-28 16:44:35,704 - INFO - Epoch 2/2 | Train Loss: 0.3539 | Val Loss: 0.4213 | Val Action Acc: 0.0000
2025-05-28 16:44:36,159 - INFO - Training plots saved to logs/2025-05-28_16-42-28
2025-05-28 16:44:36,270 - INFO - Training completed. Best model: logs/2025-05-28_16-42-28/checkpoints/supervised_best_epoch_2.pt
2025-05-28 16:44:36,270 - INFO - Final model: logs/2025-05-28_16-42-28/checkpoints/final_model.pt
2025-05-28 16:44:36,271 - INFO - ✅ IL training completed. Model saved: logs/2025-05-28_16-42-28/checkpoints/supervised_best_epoch_2.pt
2025-05-28 16:44:36,325 - INFO - 🤖 Training RL Models...
2025-05-28 16:44:36,939 - ERROR - ❌ Comparison experiment failed: name 'SB3Trainer' is not defined
