2025-06-03 21:12:52,436 - INFO - SuRL_137537432462176 - Shared experiment log directory: logs/2025-06-03_21-12
2025-06-03 21:12:52,436 - INFO - SuRL_137537432462176 - 🚀 SURGICAL RL COMPARISON INITIALIZED
2025-06-03 21:12:52,436 - INFO - SuRL_137537432462176 - Method 1: Imitation Learning (Baseline)
2025-06-03 21:12:52,436 - INFO - SuRL_137537432462176 - Method 2: RL with World Model Simulation
2025-06-03 21:12:52,436 - INFO - SuRL_137537432462176 - Method 3: RL with Offline Video Episodes
2025-06-03 21:12:52,436 - INFO - SuRL_137537432462176 - Device: cuda
2025-06-03 21:12:52,436 - INFO - SuRL_137537432462176 - Results will be saved to: logs/2025-06-03_21-12/surgical_rl_results
2025-06-03 21:12:52,436 - INFO - SuRL_137537432462176 - ============================================================
2025-06-03 21:12:52,436 - INFO - SuRL_137537432462176 - STEP 1: LOADING DATASET
2025-06-03 21:12:52,436 - INFO - SuRL_137537432462176 - ============================================================
2025-06-03 21:12:52,436 - INFO - SuRL_137537432462176 - Loading train data from /home/maxboels/datasets/CholecT50 with fold 0
2025-06-03 21:12:52,835 - INFO - SuRL_137537432462176 - [Train] Start processing metadata file /home/maxboels/datasets/CholecT50/embeddings_train_set/fold0/embeddings_f0_swin_bas_129_phase_complet_phase_transit_prog_prob_action_risk_glob_outcome.csv
2025-06-03 21:12:52,835 - INFO - SuRL_137537432462176 - [Train] Rewards extraction skipped, using metadata file /home/maxboels/datasets/CholecT50/embeddings_train_set/fold0/embeddings_f0_swin_bas_129_phase_complet_phase_transit_prog_prob_action_risk_glob_outcome.csv
2025-06-03 21:12:52,837 - INFO - SuRL_137537432462176 - [Train] Found 2 videos in metadata file
2025-06-03 21:12:52,837 - INFO - SuRL_137537432462176 - [Train] Loading data for 2 videos
2025-06-03 21:12:52,973 - INFO - SuRL_137537432462176 - Loading test data from /home/maxboels/datasets/CholecT50 with fold 0
2025-06-03 21:12:53,062 - INFO - SuRL_137537432462176 - [Test] Start processing metadata file /home/maxboels/datasets/CholecT50/embeddings_test_set/fold0/embeddings_f0_swin_bas_129_phase_complet_phase_transit_prog_prob_action_risk_glob_outcome.csv
2025-06-03 21:12:53,062 - INFO - SuRL_137537432462176 - [Test] Rewards extraction skipped, using metadata file /home/maxboels/datasets/CholecT50/embeddings_test_set/fold0/embeddings_f0_swin_bas_129_phase_complet_phase_transit_prog_prob_action_risk_glob_outcome.csv
2025-06-03 21:12:53,062 - INFO - SuRL_137537432462176 - [Test] Found 1 videos in metadata file
2025-06-03 21:12:53,062 - INFO - SuRL_137537432462176 - [Test] Loading data for 1 videos
2025-06-03 21:12:53,167 - INFO - SuRL_137537432462176 - ✅ Loaded 2 training videos and 1 test videos
2025-06-03 21:12:53,168 - INFO - SuRL_137537432462176 - ============================================================
2025-06-03 21:12:53,168 - INFO - SuRL_137537432462176 - STEP 2: METHOD 1 - IMITATION LEARNING BASELINE
2025-06-03 21:12:53,168 - INFO - SuRL_137537432462176 - ============================================================
2025-06-03 21:12:53,168 - INFO - SuRL_137537432462176 - 🎓 Training Imitation Learning Baseline...
2025-06-03 21:12:53,168 - INFO - SuRL_137537432462176 - 📋 Approach: Supervised learning on expert demonstrations
2025-06-03 21:12:54,988 - INFO - SuRL_137537432462176 - Starting the Imitation Learning training for autoregressive action prediction
2025-06-03 21:12:55,368 - INFO - SuRL_137537432462176 - Batch 0/204 | Loss: 3.3123
2025-06-03 21:12:59,814 - INFO - SuRL_137537432462176 - Batch 100/204 | Loss: 0.5414
2025-06-03 21:13:04,228 - INFO - SuRL_137537432462176 - Batch 200/204 | Loss: 0.3646
2025-06-03 21:14:04,129 - INFO - SuRL_137537432462176 - New best model saved: logs/2025-06-03_21-12/checkpoints/supervised_best_epoch_1.pt
2025-06-03 21:14:04,129 - INFO - SuRL_137537432462176 - Epoch 1/1 | Train Loss: 0.7761 | Val Loss: 0.4113 | Val Action Acc: 0.0000
2025-06-03 21:14:04,588 - INFO - SuRL_137537432462176 - Training plots saved to logs/2025-06-03_21-12
2025-06-03 21:14:04,715 - INFO - SuRL_137537432462176 - Training completed. Best model: logs/2025-06-03_21-12/checkpoints/supervised_best_epoch_1.pt
2025-06-03 21:14:04,715 - INFO - SuRL_137537432462176 - Final model: logs/2025-06-03_21-12/checkpoints/final_model.pt
2025-06-03 21:14:08,190 - INFO - SuRL_137537432462176 - ✅ Method 1 (IL) completed successfully
2025-06-03 21:14:08,191 - INFO - SuRL_137537432462176 - 📊 IL mAP: 0.2378
2025-06-03 21:14:08,267 - INFO - SuRL_137537432462176 - ============================================================
2025-06-03 21:14:08,267 - INFO - SuRL_137537432462176 - STEP 3: METHOD 2 - RL WITH WORLD MODEL SIMULATION
2025-06-03 21:14:08,267 - INFO - SuRL_137537432462176 - ============================================================
2025-06-03 21:14:08,268 - INFO - SuRL_137537432462176 - 🌍 Training RL with World Model Simulation...
2025-06-03 21:14:08,268 - INFO - SuRL_137537432462176 - 📋 Approach: World model as RL environment simulator
2025-06-03 21:14:08,880 - INFO - SuRL_137537432462176 - ✅ Using world model from Method 1: logs/2025-06-03_21-12/checkpoints/supervised_best_epoch_1.pt
2025-06-03 21:14:08,880 - INFO - SuRL_137537432462176 - 🤖 Training PPO with world model simulation...
2025-06-03 21:14:22,614 - INFO - SuRL_137537432462176 - 🤖 Training A2C with world model simulation...
2025-06-03 21:14:32,472 - INFO - SuRL_137537432462176 - ✅ Method 2 (RL + World Model) completed successfully
2025-06-03 21:14:32,472 - INFO - SuRL_137537432462176 - 📊 Successful RL models: ['ppo', 'a2c']
2025-06-03 21:14:32,472 - INFO - SuRL_137537432462176 - ============================================================
2025-06-03 21:14:32,472 - INFO - SuRL_137537432462176 - STEP 4: METHOD 3 - RL WITH OFFLINE VIDEO EPISODES
2025-06-03 21:14:32,472 - INFO - SuRL_137537432462176 - ============================================================
2025-06-03 21:14:32,472 - INFO - SuRL_137537432462176 - 📹 Training RL with Offline Video Episodes...
2025-06-03 21:14:32,472 - INFO - SuRL_137537432462176 - 📋 Approach: Direct RL on video sequences (no world model)
2025-06-03 21:14:32,472 - INFO - SuRL_137537432462176 - 🧪 Testing Direct Video Environment...
2025-06-03 21:14:32,474 - INFO - SuRL_137537432462176 - 🚀 Training RL algorithms on direct video sequences for 10000 timesteps...
2025-06-03 21:14:56,149 - INFO - SuRL_137537432462176 - ✅ ppo Direct Video evaluation completed
2025-06-03 21:14:56,149 - INFO - SuRL_137537432462176 - ✅ a2c Direct Video evaluation completed
2025-06-03 21:14:56,149 - INFO - SuRL_137537432462176 - ✅ Method 3 (RL + Offline Videos) completed successfully
2025-06-03 21:14:56,149 - INFO - SuRL_137537432462176 - 📊 Successful Direct Video RL models: ['ppo', 'a2c']
2025-06-03 21:14:56,150 - INFO - SuRL_137537432462176 - ============================================================
2025-06-03 21:14:56,150 - INFO - SuRL_137537432462176 - STEP 5: COMPREHENSIVE EVALUATION AND COMPARISON
2025-06-03 21:14:56,150 - INFO - SuRL_137537432462176 - ============================================================
2025-06-03 21:14:56,150 - INFO - SuRL_137537432462176 - 📊 Running comprehensive three-way evaluation...
2025-06-03 21:14:56,799 - INFO - SuRL_137537432462176 - ✅ Loaded IL model for evaluation
2025-06-03 21:14:56,809 - INFO - SuRL_137537432462176 - ✅ Loaded PPO model for evaluation
2025-06-03 21:14:56,828 - INFO - SuRL_137537432462176 - ✅ Loaded A2C model for evaluation
2025-06-03 21:14:57,473 - INFO - SuRL_137537432462176 - 🔧 Evaluation framework using device: cuda
2025-06-03 21:14:57,473 - INFO - SuRL_137537432462176 - 📊 Starting Comprehensive Dual Evaluation...
2025-06-03 21:14:57,473 - INFO - SuRL_137537432462176 - 🔍 Including BOTH traditional and outcome-based metrics
2025-06-03 21:14:57,473 - INFO - SuRL_137537432462176 - 🎓 Evaluating Imitation Learning...
2025-06-03 21:14:57,473 - INFO - SuRL_137537432462176 - 🔧 Model device: cuda:0
2025-06-03 21:14:57,474 - INFO - SuRL_137537432462176 - 🔧 Evaluating video VID02
2025-06-03 21:14:57,874 - INFO - SuRL_137537432462176 - 🔧 Batch shapes - States: torch.Size([16, 20, 1024]), Actions: torch.Size([16, 20, 100])
2025-06-03 21:14:59,809 - INFO - SuRL_137537432462176 - 🔧 Final shapes - Predictions: (2839, 20, 100), Targets: (2839, 20, 100)
2025-06-03 21:15:06,028 - INFO - SuRL_137537432462176 - 🤖 Evaluating RL_WM_PPO...
2025-06-03 21:15:06,028 - INFO - SuRL_137537432462176 - 🔧 Model device: cuda
2025-06-03 21:15:06,786 - INFO - SuRL_137537432462176 - 🔧 Final shapes - Predictions: (1, 512, 100), Targets: (1, 512, 100)
2025-06-03 21:15:07,562 - INFO - SuRL_137537432462176 - 🤖 Evaluating RL_WM_A2C...
2025-06-03 21:15:07,562 - INFO - SuRL_137537432462176 - 🔧 Model device: cuda
2025-06-03 21:15:08,320 - INFO - SuRL_137537432462176 - 🔧 Final shapes - Predictions: (1, 512, 100), Targets: (1, 512, 100)
2025-06-03 21:15:09,094 - INFO - SuRL_137537432462176 - 🔍 Analyzing evaluation bias...
2025-06-03 21:15:09,094 - INFO - SuRL_137537432462176 - ⚖️ Creating comprehensive comparison...
2025-06-03 21:15:09,096 - INFO - SuRL_137537432462176 - ============================================================
2025-06-03 21:15:09,096 - INFO - SuRL_137537432462176 - STEP 6: GENERATING RESEARCH PAPER RESULTS
2025-06-03 21:15:09,096 - INFO - SuRL_137537432462176 - ============================================================
2025-06-03 21:15:09,096 - INFO - SuRL_137537432462176 - 📝 Generating research paper results...
2025-06-03 21:15:09,096 - INFO - SuRL_137537432462176 - 📄 Experiment summary saved to: logs/2025-06-03_21-12/surgical_rl_results/experiment_summary.md
2025-06-03 21:15:09,096 - INFO - SuRL_137537432462176 - 📄 Paper results saved to: logs/2025-06-03_21-12/surgical_rl_results/paper_results.json
2025-06-03 21:15:09,097 - INFO - SuRL_137537432462176 - 💾 Complete results saved to: logs/2025-06-03_21-12/surgical_rl_results/complete_surgical_rl_results.json
2025-06-03 21:15:09,097 - INFO - SuRL_137537432462176 - 📁 All results available in: logs/2025-06-03_21-12/surgical_rl_results
2025-06-03 21:15:09,097 - INFO - SuRL_137537432462176 - ✅ SURGICAL RL COMPARISON COMPLETED SUCCESSFULLY!
