2025-06-23 10:39:53,135 - INFO - SuRL_FixedRL_140174106231088 - Shared experiment log directory: results/2025-06-23_10-39-53/logs
2025-06-23 10:39:53,135 - INFO - SuRL_FixedRL_140174106231088 - 🎯 RL Experiment: 2025-06-23_10-39-53
2025-06-23 10:39:53,135 - INFO - SuRL_FixedRL_140174106231088 - 📁 Results dir: results/2025-06-23_10-39-53
2025-06-23 10:39:53,135 - INFO - SuRL_FixedRL_140174106231088 - 🚀 Starting Complete RL Comparison
2025-06-23 10:39:53,135 - INFO - SuRL_FixedRL_140174106231088 - ============================================================
2025-06-23 10:39:53,135 - INFO - SuRL_FixedRL_140174106231088 - 📂 Loading CholecT50 data...
2025-06-23 10:39:53,135 - INFO - SuRL_FixedRL_140174106231088 -    Training videos: 40
2025-06-23 10:39:53,135 - INFO - SuRL_FixedRL_140174106231088 -    Test videos: 10
2025-06-23 10:39:53,136 - INFO - SuRL_FixedRL_140174106231088 - Loading train data from /nfs/home/mboels/datasets/CholecT50 with fold 3
2025-06-23 10:39:54,825 - INFO - SuRL_FixedRL_140174106231088 - ✅ Loaded metadata: /nfs/home/mboels/datasets/CholecT50/embeddings_train_set/fold3/embeddings_f3_swin_bas_129.csv - Shape: (79910, 144)
2025-06-23 10:39:54,826 - INFO - SuRL_FixedRL_140174106231088 - [Train] Start processing metadata file /nfs/home/mboels/datasets/CholecT50/embeddings_train_set/fold3/embeddings_f3_swin_bas_129.csv
2025-06-23 10:39:54,942 - INFO - SuRL_FixedRL_140174106231088 - [Train] Cleaned metadata file paths in /nfs/home/mboels/datasets/CholecT50/embeddings_train_set/fold3/embeddings_f3_swin_bas_129.csv
2025-06-23 10:40:04,200 - INFO - SuRL_FixedRL_140174106231088 - [Train] Saved cleaned metadata to /nfs/home/mboels/datasets/CholecT50/embeddings_train_set/fold3/embeddings_f3_swin_bas_129.csv
2025-06-23 10:40:04,200 - INFO - SuRL_FixedRL_140174106231088 - [Train] Rewards extraction skipped, using metadata file /nfs/home/mboels/datasets/CholecT50/embeddings_train_set/fold3/embeddings_f3_swin_bas_129.csv
2025-06-23 10:40:04,206 - INFO - SuRL_FixedRL_140174106231088 - [Train] Found 40 videos in metadata file
2025-06-23 10:40:04,206 - INFO - SuRL_FixedRL_140174106231088 - [Train] Loading data for 40 videos
2025-06-23 10:40:06,393 - WARNING - SuRL_FixedRL_140174106231088 - Reward column risk_score_max not found for VID01
2025-06-23 10:40:06,394 - WARNING - SuRL_FixedRL_140174106231088 - Reward column phase_completion_reward not found for VID01
2025-06-23 10:40:06,394 - WARNING - SuRL_FixedRL_140174106231088 - Reward column phase_initiation_reward not found for VID01
2025-06-23 10:40:06,394 - WARNING - SuRL_FixedRL_140174106231088 - Reward column phase_prog not found for VID01
2025-06-23 10:40:06,394 - WARNING - SuRL_FixedRL_140174106231088 - Reward column global_prog not found for VID01
2025-06-23 10:40:06,394 - WARNING - SuRL_FixedRL_140174106231088 - Reward column action_reward not found for VID01
2025-06-23 10:40:06,394 - WARNING - SuRL_FixedRL_140174106231088 - Outcome column glob_avg_risk not found for VID01
2025-06-23 10:40:06,395 - WARNING - SuRL_FixedRL_140174106231088 - Outcome column glob_critical_risk_events not found for VID01
2025-06-23 10:40:06,395 - WARNING - SuRL_FixedRL_140174106231088 - Outcome column glob_global_outcome_score not found for VID01
2025-06-23 10:40:06,400 - INFO - SuRL_FixedRL_140174106231088 - ✅ Loaded video VID01: 1734 frames, 1024-dims embeddings
2025-06-23 10:40:09,922 - WARNING - SuRL_FixedRL_140174106231088 - Reward column risk_score_max not found for VID02
2025-06-23 10:40:09,922 - WARNING - SuRL_FixedRL_140174106231088 - Reward column phase_completion_reward not found for VID02
2025-06-23 10:40:09,923 - WARNING - SuRL_FixedRL_140174106231088 - Reward column phase_initiation_reward not found for VID02
2025-06-23 10:40:09,923 - WARNING - SuRL_FixedRL_140174106231088 - Reward column phase_prog not found for VID02
2025-06-23 10:40:09,923 - WARNING - SuRL_FixedRL_140174106231088 - Reward column global_prog not found for VID02
2025-06-23 10:40:09,923 - WARNING - SuRL_FixedRL_140174106231088 - Reward column action_reward not found for VID02
2025-06-23 10:40:09,923 - WARNING - SuRL_FixedRL_140174106231088 - Outcome column glob_avg_risk not found for VID02
2025-06-23 10:40:09,923 - WARNING - SuRL_FixedRL_140174106231088 - Outcome column glob_critical_risk_events not found for VID02
2025-06-23 10:40:09,923 - WARNING - SuRL_FixedRL_140174106231088 - Outcome column glob_global_outcome_score not found for VID02
2025-06-23 10:40:09,931 - INFO - SuRL_FixedRL_140174106231088 - ✅ Loaded video VID02: 2840 frames, 1024-dims embeddings
2025-06-23 10:40:11,816 - WARNING - SuRL_FixedRL_140174106231088 - Reward column risk_score_max not found for VID04
2025-06-23 10:40:11,816 - WARNING - SuRL_FixedRL_140174106231088 - Reward column phase_completion_reward not found for VID04
2025-06-23 10:40:11,816 - WARNING - SuRL_FixedRL_140174106231088 - Reward column phase_initiation_reward not found for VID04
2025-06-23 10:40:11,816 - WARNING - SuRL_FixedRL_140174106231088 - Reward column phase_prog not found for VID04
2025-06-23 10:40:11,816 - WARNING - SuRL_FixedRL_140174106231088 - Reward column global_prog not found for VID04
2025-06-23 10:40:11,816 - WARNING - SuRL_FixedRL_140174106231088 - Reward column action_reward not found for VID04
2025-06-23 10:40:11,816 - WARNING - SuRL_FixedRL_140174106231088 - Outcome column glob_avg_risk not found for VID04
2025-06-23 10:40:11,816 - WARNING - SuRL_FixedRL_140174106231088 - Outcome column glob_critical_risk_events not found for VID04
2025-06-23 10:40:11,816 - WARNING - SuRL_FixedRL_140174106231088 - Outcome column glob_global_outcome_score not found for VID04
2025-06-23 10:40:11,822 - INFO - SuRL_FixedRL_140174106231088 - ✅ Loaded video VID04: 1523 frames, 1024-dims embeddings
2025-06-23 10:40:15,839 - WARNING - SuRL_FixedRL_140174106231088 - Reward column risk_score_max not found for VID05
2025-06-23 10:40:15,839 - WARNING - SuRL_FixedRL_140174106231088 - Reward column phase_completion_reward not found for VID05
2025-06-23 10:40:15,839 - WARNING - SuRL_FixedRL_140174106231088 - Reward column phase_initiation_reward not found for VID05
2025-06-23 10:40:15,840 - WARNING - SuRL_FixedRL_140174106231088 - Reward column phase_prog not found for VID05
2025-06-23 10:40:15,840 - WARNING - SuRL_FixedRL_140174106231088 - Reward column global_prog not found for VID05
2025-06-23 10:40:15,840 - WARNING - SuRL_FixedRL_140174106231088 - Reward column action_reward not found for VID05
2025-06-23 10:40:15,840 - WARNING - SuRL_FixedRL_140174106231088 - Outcome column glob_avg_risk not found for VID05
2025-06-23 10:40:15,840 - WARNING - SuRL_FixedRL_140174106231088 - Outcome column glob_critical_risk_events not found for VID05
2025-06-23 10:40:15,840 - WARNING - SuRL_FixedRL_140174106231088 - Outcome column glob_global_outcome_score not found for VID05
2025-06-23 10:40:15,849 - INFO - SuRL_FixedRL_140174106231088 - ✅ Loaded video VID05: 2345 frames, 1024-dims embeddings
2025-06-23 10:40:18,782 - WARNING - SuRL_FixedRL_140174106231088 - Reward column risk_score_max not found for VID06
2025-06-23 10:40:18,782 - WARNING - SuRL_FixedRL_140174106231088 - Reward column phase_completion_reward not found for VID06
2025-06-23 10:40:18,782 - WARNING - SuRL_FixedRL_140174106231088 - Reward column phase_initiation_reward not found for VID06
2025-06-23 10:40:18,782 - WARNING - SuRL_FixedRL_140174106231088 - Reward column phase_prog not found for VID06
2025-06-23 10:40:18,782 - WARNING - SuRL_FixedRL_140174106231088 - Reward column global_prog not found for VID06
2025-06-23 10:40:18,782 - WARNING - SuRL_FixedRL_140174106231088 - Reward column action_reward not found for VID06
2025-06-23 10:40:18,782 - WARNING - SuRL_FixedRL_140174106231088 - Outcome column glob_avg_risk not found for VID06
2025-06-23 10:40:18,782 - WARNING - SuRL_FixedRL_140174106231088 - Outcome column glob_critical_risk_events not found for VID06
2025-06-23 10:40:18,782 - WARNING - SuRL_FixedRL_140174106231088 - Outcome column glob_global_outcome_score not found for VID06
2025-06-23 10:40:18,790 - INFO - SuRL_FixedRL_140174106231088 - ✅ Loaded video VID06: 2154 frames, 1024-dims embeddings
2025-06-23 10:40:20,631 - WARNING - SuRL_FixedRL_140174106231088 - Reward column risk_score_max not found for VID08
2025-06-23 10:40:20,631 - WARNING - SuRL_FixedRL_140174106231088 - Reward column phase_completion_reward not found for VID08
2025-06-23 10:40:20,631 - WARNING - SuRL_FixedRL_140174106231088 - Reward column phase_initiation_reward not found for VID08
2025-06-23 10:40:20,631 - WARNING - SuRL_FixedRL_140174106231088 - Reward column phase_prog not found for VID08
2025-06-23 10:40:20,631 - WARNING - SuRL_FixedRL_140174106231088 - Reward column global_prog not found for VID08
2025-06-23 10:40:20,631 - WARNING - SuRL_FixedRL_140174106231088 - Reward column action_reward not found for VID08
2025-06-23 10:40:20,631 - WARNING - SuRL_FixedRL_140174106231088 - Outcome column glob_avg_risk not found for VID08
2025-06-23 10:40:20,631 - WARNING - SuRL_FixedRL_140174106231088 - Outcome column glob_critical_risk_events not found for VID08
2025-06-23 10:40:20,632 - WARNING - SuRL_FixedRL_140174106231088 - Outcome column glob_global_outcome_score not found for VID08
2025-06-23 10:40:20,635 - INFO - SuRL_FixedRL_140174106231088 - ✅ Loaded video VID08: 1520 frames, 1024-dims embeddings
2025-06-23 10:40:22,758 - WARNING - SuRL_FixedRL_140174106231088 - Reward column risk_score_max not found for VID10
2025-06-23 10:40:22,758 - WARNING - SuRL_FixedRL_140174106231088 - Reward column phase_completion_reward not found for VID10
2025-06-23 10:40:22,759 - WARNING - SuRL_FixedRL_140174106231088 - Reward column phase_initiation_reward not found for VID10
2025-06-23 10:40:22,759 - WARNING - SuRL_FixedRL_140174106231088 - Reward column phase_prog not found for VID10
2025-06-23 10:40:22,759 - WARNING - SuRL_FixedRL_140174106231088 - Reward column global_prog not found for VID10
2025-06-23 10:40:22,759 - WARNING - SuRL_FixedRL_140174106231088 - Reward column action_reward not found for VID10
2025-06-23 10:40:22,759 - WARNING - SuRL_FixedRL_140174106231088 - Outcome column glob_avg_risk not found for VID10
2025-06-23 10:40:22,759 - WARNING - SuRL_FixedRL_140174106231088 - Outcome column glob_critical_risk_events not found for VID10
2025-06-23 10:40:22,759 - WARNING - SuRL_FixedRL_140174106231088 - Outcome column glob_global_outcome_score not found for VID10
2025-06-23 10:40:22,765 - INFO - SuRL_FixedRL_140174106231088 - ✅ Loaded video VID10: 1750 frames, 1024-dims embeddings
2025-06-23 10:40:26,304 - WARNING - SuRL_FixedRL_140174106231088 - Reward column risk_score_max not found for VID103
2025-06-23 10:40:26,305 - WARNING - SuRL_FixedRL_140174106231088 - Reward column phase_completion_reward not found for VID103
2025-06-23 10:40:26,305 - WARNING - SuRL_FixedRL_140174106231088 - Reward column phase_initiation_reward not found for VID103
2025-06-23 10:40:26,305 - WARNING - SuRL_FixedRL_140174106231088 - Reward column phase_prog not found for VID103
2025-06-23 10:40:26,305 - WARNING - SuRL_FixedRL_140174106231088 - Reward column global_prog not found for VID103
2025-06-23 10:40:26,305 - WARNING - SuRL_FixedRL_140174106231088 - Reward column action_reward not found for VID103
2025-06-23 10:40:26,305 - WARNING - SuRL_FixedRL_140174106231088 - Outcome column glob_avg_risk not found for VID103
2025-06-23 10:40:26,305 - WARNING - SuRL_FixedRL_140174106231088 - Outcome column glob_critical_risk_events not found for VID103
2025-06-23 10:40:26,305 - WARNING - SuRL_FixedRL_140174106231088 - Outcome column glob_global_outcome_score not found for VID103
2025-06-23 10:40:26,312 - INFO - SuRL_FixedRL_140174106231088 - ✅ Loaded video VID103: 2220 frames, 1024-dims embeddings
2025-06-23 10:40:29,609 - WARNING - SuRL_FixedRL_140174106231088 - Reward column risk_score_max not found for VID111
2025-06-23 10:40:29,610 - WARNING - SuRL_FixedRL_140174106231088 - Reward column phase_completion_reward not found for VID111
2025-06-23 10:40:29,610 - WARNING - SuRL_FixedRL_140174106231088 - Reward column phase_initiation_reward not found for VID111
2025-06-23 10:40:29,611 - WARNING - SuRL_FixedRL_140174106231088 - Reward column phase_prog not found for VID111
2025-06-23 10:40:29,611 - WARNING - SuRL_FixedRL_140174106231088 - Reward column global_prog not found for VID111
2025-06-23 10:40:29,611 - WARNING - SuRL_FixedRL_140174106231088 - Reward column action_reward not found for VID111
2025-06-23 10:40:29,611 - WARNING - SuRL_FixedRL_140174106231088 - Outcome column glob_avg_risk not found for VID111
2025-06-23 10:40:29,611 - WARNING - SuRL_FixedRL_140174106231088 - Outcome column glob_critical_risk_events not found for VID111
2025-06-23 10:40:29,612 - WARNING - SuRL_FixedRL_140174106231088 - Outcome column glob_global_outcome_score not found for VID111
2025-06-23 10:40:29,620 - INFO - SuRL_FixedRL_140174106231088 - ✅ Loaded video VID111: 2146 frames, 1024-dims embeddings
2025-06-23 10:40:31,246 - WARNING - SuRL_FixedRL_140174106231088 - Reward column risk_score_max not found for VID13
2025-06-23 10:40:31,247 - WARNING - SuRL_FixedRL_140174106231088 - Reward column phase_completion_reward not found for VID13
2025-06-23 10:40:31,247 - WARNING - SuRL_FixedRL_140174106231088 - Reward column phase_initiation_reward not found for VID13
2025-06-23 10:40:31,247 - WARNING - SuRL_FixedRL_140174106231088 - Reward column phase_prog not found for VID13
2025-06-23 10:40:31,247 - WARNING - SuRL_FixedRL_140174106231088 - Reward column global_prog not found for VID13
2025-06-23 10:40:31,247 - WARNING - SuRL_FixedRL_140174106231088 - Reward column action_reward not found for VID13
2025-06-23 10:40:31,247 - WARNING - SuRL_FixedRL_140174106231088 - Outcome column glob_avg_risk not found for VID13
2025-06-23 10:40:31,247 - WARNING - SuRL_FixedRL_140174106231088 - Outcome column glob_critical_risk_events not found for VID13
2025-06-23 10:40:31,247 - WARNING - SuRL_FixedRL_140174106231088 - Outcome column glob_global_outcome_score not found for VID13
2025-06-23 10:40:31,252 - INFO - SuRL_FixedRL_140174106231088 - ✅ Loaded video VID13: 982 frames, 1024-dims embeddings
2025-06-23 10:40:33,319 - WARNING - SuRL_FixedRL_140174106231088 - Reward column risk_score_max not found for VID14
2025-06-23 10:40:33,319 - WARNING - SuRL_FixedRL_140174106231088 - Reward column phase_completion_reward not found for VID14
2025-06-23 10:40:33,319 - WARNING - SuRL_FixedRL_140174106231088 - Reward column phase_initiation_reward not found for VID14
2025-06-23 10:40:33,319 - WARNING - SuRL_FixedRL_140174106231088 - Reward column phase_prog not found for VID14
2025-06-23 10:40:33,319 - WARNING - SuRL_FixedRL_140174106231088 - Reward column global_prog not found for VID14
2025-06-23 10:40:33,319 - WARNING - SuRL_FixedRL_140174106231088 - Reward column action_reward not found for VID14
2025-06-23 10:40:33,320 - WARNING - SuRL_FixedRL_140174106231088 - Outcome column glob_avg_risk not found for VID14
2025-06-23 10:40:33,320 - WARNING - SuRL_FixedRL_140174106231088 - Outcome column glob_critical_risk_events not found for VID14
2025-06-23 10:40:33,320 - WARNING - SuRL_FixedRL_140174106231088 - Outcome column glob_global_outcome_score not found for VID14
2025-06-23 10:40:33,332 - INFO - SuRL_FixedRL_140174106231088 - ✅ Loaded video VID14: 1709 frames, 1024-dims embeddings
2025-06-23 10:40:36,518 - WARNING - SuRL_FixedRL_140174106231088 - Reward column risk_score_max not found for VID15
2025-06-23 10:40:36,519 - WARNING - SuRL_FixedRL_140174106231088 - Reward column phase_completion_reward not found for VID15
2025-06-23 10:40:36,519 - WARNING - SuRL_FixedRL_140174106231088 - Reward column phase_initiation_reward not found for VID15
2025-06-23 10:40:36,519 - WARNING - SuRL_FixedRL_140174106231088 - Reward column phase_prog not found for VID15
2025-06-23 10:40:36,519 - WARNING - SuRL_FixedRL_140174106231088 - Reward column global_prog not found for VID15
2025-06-23 10:40:36,519 - WARNING - SuRL_FixedRL_140174106231088 - Reward column action_reward not found for VID15
2025-06-23 10:40:36,520 - WARNING - SuRL_FixedRL_140174106231088 - Outcome column glob_avg_risk not found for VID15
2025-06-23 10:40:36,520 - WARNING - SuRL_FixedRL_140174106231088 - Outcome column glob_critical_risk_events not found for VID15
2025-06-23 10:40:36,520 - WARNING - SuRL_FixedRL_140174106231088 - Outcome column glob_global_outcome_score not found for VID15
2025-06-23 10:40:36,527 - INFO - SuRL_FixedRL_140174106231088 - ✅ Loaded video VID15: 2059 frames, 1024-dims embeddings
2025-06-23 10:40:39,066 - WARNING - SuRL_FixedRL_140174106231088 - Reward column risk_score_max not found for VID18
2025-06-23 10:40:39,066 - WARNING - SuRL_FixedRL_140174106231088 - Reward column phase_completion_reward not found for VID18
2025-06-23 10:40:39,067 - WARNING - SuRL_FixedRL_140174106231088 - Reward column phase_initiation_reward not found for VID18
2025-06-23 10:40:39,067 - WARNING - SuRL_FixedRL_140174106231088 - Reward column phase_prog not found for VID18
2025-06-23 10:40:39,067 - WARNING - SuRL_FixedRL_140174106231088 - Reward column global_prog not found for VID18
2025-06-23 10:40:39,067 - WARNING - SuRL_FixedRL_140174106231088 - Reward column action_reward not found for VID18
2025-06-23 10:40:39,067 - WARNING - SuRL_FixedRL_140174106231088 - Outcome column glob_avg_risk not found for VID18
2025-06-23 10:40:39,067 - WARNING - SuRL_FixedRL_140174106231088 - Outcome column glob_critical_risk_events not found for VID18
2025-06-23 10:40:39,067 - WARNING - SuRL_FixedRL_140174106231088 - Outcome column glob_global_outcome_score not found for VID18
2025-06-23 10:40:39,073 - INFO - SuRL_FixedRL_140174106231088 - ✅ Loaded video VID18: 1943 frames, 1024-dims embeddings
2025-06-23 10:40:41,612 - WARNING - SuRL_FixedRL_140174106231088 - Reward column risk_score_max not found for VID23
2025-06-23 10:40:41,612 - WARNING - SuRL_FixedRL_140174106231088 - Reward column phase_completion_reward not found for VID23
2025-06-23 10:40:41,612 - WARNING - SuRL_FixedRL_140174106231088 - Reward column phase_initiation_reward not found for VID23
2025-06-23 10:40:41,612 - WARNING - SuRL_FixedRL_140174106231088 - Reward column phase_prog not found for VID23
2025-06-23 10:40:41,612 - WARNING - SuRL_FixedRL_140174106231088 - Reward column global_prog not found for VID23
2025-06-23 10:40:41,612 - WARNING - SuRL_FixedRL_140174106231088 - Reward column action_reward not found for VID23
2025-06-23 10:40:41,612 - WARNING - SuRL_FixedRL_140174106231088 - Outcome column glob_avg_risk not found for VID23
2025-06-23 10:40:41,612 - WARNING - SuRL_FixedRL_140174106231088 - Outcome column glob_critical_risk_events not found for VID23
2025-06-23 10:40:41,613 - WARNING - SuRL_FixedRL_140174106231088 - Outcome column glob_global_outcome_score not found for VID23
2025-06-23 10:40:41,618 - INFO - SuRL_FixedRL_140174106231088 - ✅ Loaded video VID23: 1636 frames, 1024-dims embeddings
2025-06-23 10:40:44,975 - WARNING - SuRL_FixedRL_140174106231088 - Reward column risk_score_max not found for VID25
2025-06-23 10:40:44,976 - WARNING - SuRL_FixedRL_140174106231088 - Reward column phase_completion_reward not found for VID25
2025-06-23 10:40:44,976 - WARNING - SuRL_FixedRL_140174106231088 - Reward column phase_initiation_reward not found for VID25
2025-06-23 10:40:44,976 - WARNING - SuRL_FixedRL_140174106231088 - Reward column phase_prog not found for VID25
2025-06-23 10:40:44,976 - WARNING - SuRL_FixedRL_140174106231088 - Reward column global_prog not found for VID25
2025-06-23 10:40:44,976 - WARNING - SuRL_FixedRL_140174106231088 - Reward column action_reward not found for VID25
2025-06-23 10:40:44,976 - WARNING - SuRL_FixedRL_140174106231088 - Outcome column glob_avg_risk not found for VID25
2025-06-23 10:40:44,977 - WARNING - SuRL_FixedRL_140174106231088 - Outcome column glob_critical_risk_events not found for VID25
2025-06-23 10:40:44,977 - WARNING - SuRL_FixedRL_140174106231088 - Outcome column glob_global_outcome_score not found for VID25
2025-06-23 10:40:44,984 - INFO - SuRL_FixedRL_140174106231088 - ✅ Loaded video VID25: 2130 frames, 1024-dims embeddings
2025-06-23 10:40:47,822 - WARNING - SuRL_FixedRL_140174106231088 - Reward column risk_score_max not found for VID26
2025-06-23 10:40:47,823 - WARNING - SuRL_FixedRL_140174106231088 - Reward column phase_completion_reward not found for VID26
2025-06-23 10:40:47,823 - WARNING - SuRL_FixedRL_140174106231088 - Reward column phase_initiation_reward not found for VID26
2025-06-23 10:40:47,823 - WARNING - SuRL_FixedRL_140174106231088 - Reward column phase_prog not found for VID26
2025-06-23 10:40:47,823 - WARNING - SuRL_FixedRL_140174106231088 - Reward column global_prog not found for VID26
2025-06-23 10:40:47,823 - WARNING - SuRL_FixedRL_140174106231088 - Reward column action_reward not found for VID26
2025-06-23 10:40:47,823 - WARNING - SuRL_FixedRL_140174106231088 - Outcome column glob_avg_risk not found for VID26
2025-06-23 10:40:47,823 - WARNING - SuRL_FixedRL_140174106231088 - Outcome column glob_critical_risk_events not found for VID26
2025-06-23 10:40:47,823 - WARNING - SuRL_FixedRL_140174106231088 - Outcome column glob_global_outcome_score not found for VID26
2025-06-23 10:40:47,827 - INFO - SuRL_FixedRL_140174106231088 - ✅ Loaded video VID26: 1774 frames, 1024-dims embeddings
2025-06-23 10:40:52,677 - WARNING - SuRL_FixedRL_140174106231088 - Reward column risk_score_max not found for VID31
2025-06-23 10:40:52,677 - WARNING - SuRL_FixedRL_140174106231088 - Reward column phase_completion_reward not found for VID31
2025-06-23 10:40:52,678 - WARNING - SuRL_FixedRL_140174106231088 - Reward column phase_initiation_reward not found for VID31
2025-06-23 10:40:52,678 - WARNING - SuRL_FixedRL_140174106231088 - Reward column phase_prog not found for VID31
2025-06-23 10:40:52,678 - WARNING - SuRL_FixedRL_140174106231088 - Reward column global_prog not found for VID31
2025-06-23 10:40:52,678 - WARNING - SuRL_FixedRL_140174106231088 - Reward column action_reward not found for VID31
2025-06-23 10:40:52,678 - WARNING - SuRL_FixedRL_140174106231088 - Outcome column glob_avg_risk not found for VID31
2025-06-23 10:40:52,678 - WARNING - SuRL_FixedRL_140174106231088 - Outcome column glob_critical_risk_events not found for VID31
2025-06-23 10:40:52,678 - WARNING - SuRL_FixedRL_140174106231088 - Outcome column glob_global_outcome_score not found for VID31
2025-06-23 10:40:52,685 - INFO - SuRL_FixedRL_140174106231088 - ✅ Loaded video VID31: 3946 frames, 1024-dims embeddings
2025-06-23 10:40:55,294 - WARNING - SuRL_FixedRL_140174106231088 - Reward column risk_score_max not found for VID32
2025-06-23 10:40:55,295 - WARNING - SuRL_FixedRL_140174106231088 - Reward column phase_completion_reward not found for VID32
2025-06-23 10:40:55,295 - WARNING - SuRL_FixedRL_140174106231088 - Reward column phase_initiation_reward not found for VID32
2025-06-23 10:40:55,295 - WARNING - SuRL_FixedRL_140174106231088 - Reward column phase_prog not found for VID32
2025-06-23 10:40:55,295 - WARNING - SuRL_FixedRL_140174106231088 - Reward column global_prog not found for VID32
2025-06-23 10:40:55,295 - WARNING - SuRL_FixedRL_140174106231088 - Reward column action_reward not found for VID32
2025-06-23 10:40:55,295 - WARNING - SuRL_FixedRL_140174106231088 - Outcome column glob_avg_risk not found for VID32
2025-06-23 10:40:55,295 - WARNING - SuRL_FixedRL_140174106231088 - Outcome column glob_critical_risk_events not found for VID32
2025-06-23 10:40:55,296 - WARNING - SuRL_FixedRL_140174106231088 - Outcome column glob_global_outcome_score not found for VID32
2025-06-23 10:40:55,302 - INFO - SuRL_FixedRL_140174106231088 - ✅ Loaded video VID32: 2117 frames, 1024-dims embeddings
2025-06-23 10:40:57,907 - WARNING - SuRL_FixedRL_140174106231088 - Reward column risk_score_max not found for VID35
2025-06-23 10:40:57,908 - WARNING - SuRL_FixedRL_140174106231088 - Reward column phase_completion_reward not found for VID35
2025-06-23 10:40:57,908 - WARNING - SuRL_FixedRL_140174106231088 - Reward column phase_initiation_reward not found for VID35
2025-06-23 10:40:57,908 - WARNING - SuRL_FixedRL_140174106231088 - Reward column phase_prog not found for VID35
2025-06-23 10:40:57,908 - WARNING - SuRL_FixedRL_140174106231088 - Reward column global_prog not found for VID35
2025-06-23 10:40:57,908 - WARNING - SuRL_FixedRL_140174106231088 - Reward column action_reward not found for VID35
2025-06-23 10:40:57,908 - WARNING - SuRL_FixedRL_140174106231088 - Outcome column glob_avg_risk not found for VID35
2025-06-23 10:40:57,908 - WARNING - SuRL_FixedRL_140174106231088 - Outcome column glob_critical_risk_events not found for VID35
2025-06-23 10:40:57,908 - WARNING - SuRL_FixedRL_140174106231088 - Outcome column glob_global_outcome_score not found for VID35
2025-06-23 10:40:57,915 - INFO - SuRL_FixedRL_140174106231088 - ✅ Loaded video VID35: 2107 frames, 1024-dims embeddings
2025-06-23 10:41:00,872 - WARNING - SuRL_FixedRL_140174106231088 - Reward column risk_score_max not found for VID36
2025-06-23 10:41:00,873 - WARNING - SuRL_FixedRL_140174106231088 - Reward column phase_completion_reward not found for VID36
2025-06-23 10:41:00,873 - WARNING - SuRL_FixedRL_140174106231088 - Reward column phase_initiation_reward not found for VID36
2025-06-23 10:41:00,873 - WARNING - SuRL_FixedRL_140174106231088 - Reward column phase_prog not found for VID36
2025-06-23 10:41:00,873 - WARNING - SuRL_FixedRL_140174106231088 - Reward column global_prog not found for VID36
2025-06-23 10:41:00,873 - WARNING - SuRL_FixedRL_140174106231088 - Reward column action_reward not found for VID36
2025-06-23 10:41:00,873 - WARNING - SuRL_FixedRL_140174106231088 - Outcome column glob_avg_risk not found for VID36
2025-06-23 10:41:00,873 - WARNING - SuRL_FixedRL_140174106231088 - Outcome column glob_critical_risk_events not found for VID36
2025-06-23 10:41:00,873 - WARNING - SuRL_FixedRL_140174106231088 - Outcome column glob_global_outcome_score not found for VID36
2025-06-23 10:41:00,879 - INFO - SuRL_FixedRL_140174106231088 - ✅ Loaded video VID36: 2388 frames, 1024-dims embeddings
2025-06-23 10:41:03,694 - WARNING - SuRL_FixedRL_140174106231088 - Reward column risk_score_max not found for VID40
2025-06-23 10:41:03,694 - WARNING - SuRL_FixedRL_140174106231088 - Reward column phase_completion_reward not found for VID40
2025-06-23 10:41:03,694 - WARNING - SuRL_FixedRL_140174106231088 - Reward column phase_initiation_reward not found for VID40
2025-06-23 10:41:03,694 - WARNING - SuRL_FixedRL_140174106231088 - Reward column phase_prog not found for VID40
2025-06-23 10:41:03,694 - WARNING - SuRL_FixedRL_140174106231088 - Reward column global_prog not found for VID40
2025-06-23 10:41:03,694 - WARNING - SuRL_FixedRL_140174106231088 - Reward column action_reward not found for VID40
2025-06-23 10:41:03,694 - WARNING - SuRL_FixedRL_140174106231088 - Outcome column glob_avg_risk not found for VID40
2025-06-23 10:41:03,695 - WARNING - SuRL_FixedRL_140174106231088 - Outcome column glob_critical_risk_events not found for VID40
2025-06-23 10:41:03,695 - WARNING - SuRL_FixedRL_140174106231088 - Outcome column glob_global_outcome_score not found for VID40
2025-06-23 10:41:03,701 - INFO - SuRL_FixedRL_140174106231088 - ✅ Loaded video VID40: 2223 frames, 1024-dims embeddings
2025-06-23 10:41:06,727 - WARNING - SuRL_FixedRL_140174106231088 - Reward column risk_score_max not found for VID43
2025-06-23 10:41:06,727 - WARNING - SuRL_FixedRL_140174106231088 - Reward column phase_completion_reward not found for VID43
2025-06-23 10:41:06,727 - WARNING - SuRL_FixedRL_140174106231088 - Reward column phase_initiation_reward not found for VID43
2025-06-23 10:41:06,728 - WARNING - SuRL_FixedRL_140174106231088 - Reward column phase_prog not found for VID43
2025-06-23 10:41:06,728 - WARNING - SuRL_FixedRL_140174106231088 - Reward column global_prog not found for VID43
2025-06-23 10:41:06,728 - WARNING - SuRL_FixedRL_140174106231088 - Reward column action_reward not found for VID43
2025-06-23 10:41:06,728 - WARNING - SuRL_FixedRL_140174106231088 - Outcome column glob_avg_risk not found for VID43
2025-06-23 10:41:06,728 - WARNING - SuRL_FixedRL_140174106231088 - Outcome column glob_critical_risk_events not found for VID43
2025-06-23 10:41:06,728 - WARNING - SuRL_FixedRL_140174106231088 - Outcome column glob_global_outcome_score not found for VID43
2025-06-23 10:41:06,736 - INFO - SuRL_FixedRL_140174106231088 - ✅ Loaded video VID43: 2363 frames, 1024-dims embeddings
2025-06-23 10:41:10,398 - WARNING - SuRL_FixedRL_140174106231088 - Reward column risk_score_max not found for VID47
2025-06-23 10:41:10,399 - WARNING - SuRL_FixedRL_140174106231088 - Reward column phase_completion_reward not found for VID47
2025-06-23 10:41:10,399 - WARNING - SuRL_FixedRL_140174106231088 - Reward column phase_initiation_reward not found for VID47
2025-06-23 10:41:10,399 - WARNING - SuRL_FixedRL_140174106231088 - Reward column phase_prog not found for VID47
2025-06-23 10:41:10,399 - WARNING - SuRL_FixedRL_140174106231088 - Reward column global_prog not found for VID47
2025-06-23 10:41:10,399 - WARNING - SuRL_FixedRL_140174106231088 - Reward column action_reward not found for VID47
2025-06-23 10:41:10,399 - WARNING - SuRL_FixedRL_140174106231088 - Outcome column glob_avg_risk not found for VID47
2025-06-23 10:41:10,400 - WARNING - SuRL_FixedRL_140174106231088 - Outcome column glob_critical_risk_events not found for VID47
2025-06-23 10:41:10,400 - WARNING - SuRL_FixedRL_140174106231088 - Outcome column glob_global_outcome_score not found for VID47
2025-06-23 10:41:10,407 - INFO - SuRL_FixedRL_140174106231088 - ✅ Loaded video VID47: 2260 frames, 1024-dims embeddings
2025-06-23 10:41:13,327 - WARNING - SuRL_FixedRL_140174106231088 - Reward column risk_score_max not found for VID48
2025-06-23 10:41:13,327 - WARNING - SuRL_FixedRL_140174106231088 - Reward column phase_completion_reward not found for VID48
2025-06-23 10:41:13,328 - WARNING - SuRL_FixedRL_140174106231088 - Reward column phase_initiation_reward not found for VID48
2025-06-23 10:41:13,328 - WARNING - SuRL_FixedRL_140174106231088 - Reward column phase_prog not found for VID48
2025-06-23 10:41:13,328 - WARNING - SuRL_FixedRL_140174106231088 - Reward column global_prog not found for VID48
2025-06-23 10:41:13,328 - WARNING - SuRL_FixedRL_140174106231088 - Reward column action_reward not found for VID48
2025-06-23 10:41:13,328 - WARNING - SuRL_FixedRL_140174106231088 - Outcome column glob_avg_risk not found for VID48
2025-06-23 10:41:13,328 - WARNING - SuRL_FixedRL_140174106231088 - Outcome column glob_critical_risk_events not found for VID48
2025-06-23 10:41:13,328 - WARNING - SuRL_FixedRL_140174106231088 - Outcome column glob_global_outcome_score not found for VID48
2025-06-23 10:41:13,335 - INFO - SuRL_FixedRL_140174106231088 - ✅ Loaded video VID48: 1835 frames, 1024-dims embeddings
2025-06-23 10:41:15,163 - WARNING - SuRL_FixedRL_140174106231088 - Reward column risk_score_max not found for VID50
2025-06-23 10:41:15,164 - WARNING - SuRL_FixedRL_140174106231088 - Reward column phase_completion_reward not found for VID50
2025-06-23 10:41:15,164 - WARNING - SuRL_FixedRL_140174106231088 - Reward column phase_initiation_reward not found for VID50
2025-06-23 10:41:15,164 - WARNING - SuRL_FixedRL_140174106231088 - Reward column phase_prog not found for VID50
2025-06-23 10:41:15,164 - WARNING - SuRL_FixedRL_140174106231088 - Reward column global_prog not found for VID50
2025-06-23 10:41:15,165 - WARNING - SuRL_FixedRL_140174106231088 - Reward column action_reward not found for VID50
2025-06-23 10:41:15,165 - WARNING - SuRL_FixedRL_140174106231088 - Outcome column glob_avg_risk not found for VID50
2025-06-23 10:41:15,165 - WARNING - SuRL_FixedRL_140174106231088 - Outcome column glob_critical_risk_events not found for VID50
2025-06-23 10:41:15,165 - WARNING - SuRL_FixedRL_140174106231088 - Outcome column glob_global_outcome_score not found for VID50
2025-06-23 10:41:15,169 - INFO - SuRL_FixedRL_140174106231088 - ✅ Loaded video VID50: 1095 frames, 1024-dims embeddings
2025-06-23 10:41:18,894 - WARNING - SuRL_FixedRL_140174106231088 - Reward column risk_score_max not found for VID51
2025-06-23 10:41:18,895 - WARNING - SuRL_FixedRL_140174106231088 - Reward column phase_completion_reward not found for VID51
2025-06-23 10:41:18,895 - WARNING - SuRL_FixedRL_140174106231088 - Reward column phase_initiation_reward not found for VID51
2025-06-23 10:41:18,895 - WARNING - SuRL_FixedRL_140174106231088 - Reward column phase_prog not found for VID51
2025-06-23 10:41:18,896 - WARNING - SuRL_FixedRL_140174106231088 - Reward column global_prog not found for VID51
2025-06-23 10:41:18,896 - WARNING - SuRL_FixedRL_140174106231088 - Reward column action_reward not found for VID51
2025-06-23 10:41:18,896 - WARNING - SuRL_FixedRL_140174106231088 - Outcome column glob_avg_risk not found for VID51
2025-06-23 10:41:18,896 - WARNING - SuRL_FixedRL_140174106231088 - Outcome column glob_critical_risk_events not found for VID51
2025-06-23 10:41:18,896 - WARNING - SuRL_FixedRL_140174106231088 - Outcome column glob_global_outcome_score not found for VID51
2025-06-23 10:41:18,905 - INFO - SuRL_FixedRL_140174106231088 - ✅ Loaded video VID51: 2945 frames, 1024-dims embeddings
2025-06-23 10:41:21,955 - WARNING - SuRL_FixedRL_140174106231088 - Reward column risk_score_max not found for VID52
2025-06-23 10:41:21,956 - WARNING - SuRL_FixedRL_140174106231088 - Reward column phase_completion_reward not found for VID52
2025-06-23 10:41:21,956 - WARNING - SuRL_FixedRL_140174106231088 - Reward column phase_initiation_reward not found for VID52
2025-06-23 10:41:21,956 - WARNING - SuRL_FixedRL_140174106231088 - Reward column phase_prog not found for VID52
2025-06-23 10:41:21,956 - WARNING - SuRL_FixedRL_140174106231088 - Reward column global_prog not found for VID52
2025-06-23 10:41:21,956 - WARNING - SuRL_FixedRL_140174106231088 - Reward column action_reward not found for VID52
2025-06-23 10:41:21,956 - WARNING - SuRL_FixedRL_140174106231088 - Outcome column glob_avg_risk not found for VID52
2025-06-23 10:41:21,956 - WARNING - SuRL_FixedRL_140174106231088 - Outcome column glob_critical_risk_events not found for VID52
2025-06-23 10:41:21,957 - WARNING - SuRL_FixedRL_140174106231088 - Outcome column glob_global_outcome_score not found for VID52
2025-06-23 10:41:21,963 - INFO - SuRL_FixedRL_140174106231088 - ✅ Loaded video VID52: 1967 frames, 1024-dims embeddings
2025-06-23 10:41:24,393 - WARNING - SuRL_FixedRL_140174106231088 - Reward column risk_score_max not found for VID56
2025-06-23 10:41:24,393 - WARNING - SuRL_FixedRL_140174106231088 - Reward column phase_completion_reward not found for VID56
2025-06-23 10:41:24,393 - WARNING - SuRL_FixedRL_140174106231088 - Reward column phase_initiation_reward not found for VID56
2025-06-23 10:41:24,393 - WARNING - SuRL_FixedRL_140174106231088 - Reward column phase_prog not found for VID56
2025-06-23 10:41:24,393 - WARNING - SuRL_FixedRL_140174106231088 - Reward column global_prog not found for VID56
2025-06-23 10:41:24,393 - WARNING - SuRL_FixedRL_140174106231088 - Reward column action_reward not found for VID56
2025-06-23 10:41:24,394 - WARNING - SuRL_FixedRL_140174106231088 - Outcome column glob_avg_risk not found for VID56
2025-06-23 10:41:24,394 - WARNING - SuRL_FixedRL_140174106231088 - Outcome column glob_critical_risk_events not found for VID56
2025-06-23 10:41:24,394 - WARNING - SuRL_FixedRL_140174106231088 - Outcome column glob_global_outcome_score not found for VID56
2025-06-23 10:41:24,399 - INFO - SuRL_FixedRL_140174106231088 - ✅ Loaded video VID56: 1837 frames, 1024-dims embeddings
2025-06-23 10:41:28,542 - WARNING - SuRL_FixedRL_140174106231088 - Reward column risk_score_max not found for VID57
2025-06-23 10:41:28,543 - WARNING - SuRL_FixedRL_140174106231088 - Reward column phase_completion_reward not found for VID57
2025-06-23 10:41:28,543 - WARNING - SuRL_FixedRL_140174106231088 - Reward column phase_initiation_reward not found for VID57
2025-06-23 10:41:28,543 - WARNING - SuRL_FixedRL_140174106231088 - Reward column phase_prog not found for VID57
2025-06-23 10:41:28,543 - WARNING - SuRL_FixedRL_140174106231088 - Reward column global_prog not found for VID57
2025-06-23 10:41:28,543 - WARNING - SuRL_FixedRL_140174106231088 - Reward column action_reward not found for VID57
2025-06-23 10:41:28,543 - WARNING - SuRL_FixedRL_140174106231088 - Outcome column glob_avg_risk not found for VID57
2025-06-23 10:41:28,543 - WARNING - SuRL_FixedRL_140174106231088 - Outcome column glob_critical_risk_events not found for VID57
2025-06-23 10:41:28,543 - WARNING - SuRL_FixedRL_140174106231088 - Outcome column glob_global_outcome_score not found for VID57
2025-06-23 10:41:28,550 - INFO - SuRL_FixedRL_140174106231088 - ✅ Loaded video VID57: 2633 frames, 1024-dims embeddings
2025-06-23 10:41:31,857 - WARNING - SuRL_FixedRL_140174106231088 - Reward column risk_score_max not found for VID62
2025-06-23 10:41:31,858 - WARNING - SuRL_FixedRL_140174106231088 - Reward column phase_completion_reward not found for VID62
2025-06-23 10:41:31,858 - WARNING - SuRL_FixedRL_140174106231088 - Reward column phase_initiation_reward not found for VID62
2025-06-23 10:41:31,858 - WARNING - SuRL_FixedRL_140174106231088 - Reward column phase_prog not found for VID62
2025-06-23 10:41:31,858 - WARNING - SuRL_FixedRL_140174106231088 - Reward column global_prog not found for VID62
2025-06-23 10:41:31,858 - WARNING - SuRL_FixedRL_140174106231088 - Reward column action_reward not found for VID62
2025-06-23 10:41:31,858 - WARNING - SuRL_FixedRL_140174106231088 - Outcome column glob_avg_risk not found for VID62
2025-06-23 10:41:31,858 - WARNING - SuRL_FixedRL_140174106231088 - Outcome column glob_critical_risk_events not found for VID62
2025-06-23 10:41:31,858 - WARNING - SuRL_FixedRL_140174106231088 - Outcome column glob_global_outcome_score not found for VID62
2025-06-23 10:41:31,864 - INFO - SuRL_FixedRL_140174106231088 - ✅ Loaded video VID62: 2033 frames, 1024-dims embeddings
2025-06-23 10:41:34,808 - WARNING - SuRL_FixedRL_140174106231088 - Reward column risk_score_max not found for VID66
2025-06-23 10:41:34,808 - WARNING - SuRL_FixedRL_140174106231088 - Reward column phase_completion_reward not found for VID66
2025-06-23 10:41:34,808 - WARNING - SuRL_FixedRL_140174106231088 - Reward column phase_initiation_reward not found for VID66
2025-06-23 10:41:34,809 - WARNING - SuRL_FixedRL_140174106231088 - Reward column phase_prog not found for VID66
2025-06-23 10:41:34,809 - WARNING - SuRL_FixedRL_140174106231088 - Reward column global_prog not found for VID66
2025-06-23 10:41:34,809 - WARNING - SuRL_FixedRL_140174106231088 - Reward column action_reward not found for VID66
2025-06-23 10:41:34,809 - WARNING - SuRL_FixedRL_140174106231088 - Outcome column glob_avg_risk not found for VID66
2025-06-23 10:41:34,809 - WARNING - SuRL_FixedRL_140174106231088 - Outcome column glob_critical_risk_events not found for VID66
2025-06-23 10:41:34,809 - WARNING - SuRL_FixedRL_140174106231088 - Outcome column glob_global_outcome_score not found for VID66
2025-06-23 10:41:34,817 - INFO - SuRL_FixedRL_140174106231088 - ✅ Loaded video VID66: 1825 frames, 1024-dims embeddings
2025-06-23 10:41:37,243 - WARNING - SuRL_FixedRL_140174106231088 - Reward column risk_score_max not found for VID68
2025-06-23 10:41:37,244 - WARNING - SuRL_FixedRL_140174106231088 - Reward column phase_completion_reward not found for VID68
2025-06-23 10:41:37,244 - WARNING - SuRL_FixedRL_140174106231088 - Reward column phase_initiation_reward not found for VID68
2025-06-23 10:41:37,244 - WARNING - SuRL_FixedRL_140174106231088 - Reward column phase_prog not found for VID68
2025-06-23 10:41:37,244 - WARNING - SuRL_FixedRL_140174106231088 - Reward column global_prog not found for VID68
2025-06-23 10:41:37,244 - WARNING - SuRL_FixedRL_140174106231088 - Reward column action_reward not found for VID68
2025-06-23 10:41:37,244 - WARNING - SuRL_FixedRL_140174106231088 - Outcome column glob_avg_risk not found for VID68
2025-06-23 10:41:37,244 - WARNING - SuRL_FixedRL_140174106231088 - Outcome column glob_critical_risk_events not found for VID68
2025-06-23 10:41:37,244 - WARNING - SuRL_FixedRL_140174106231088 - Outcome column glob_global_outcome_score not found for VID68
2025-06-23 10:41:37,250 - INFO - SuRL_FixedRL_140174106231088 - ✅ Loaded video VID68: 1973 frames, 1024-dims embeddings
2025-06-23 10:41:39,255 - WARNING - SuRL_FixedRL_140174106231088 - Reward column risk_score_max not found for VID70
2025-06-23 10:41:39,255 - WARNING - SuRL_FixedRL_140174106231088 - Reward column phase_completion_reward not found for VID70
2025-06-23 10:41:39,256 - WARNING - SuRL_FixedRL_140174106231088 - Reward column phase_initiation_reward not found for VID70
2025-06-23 10:41:39,256 - WARNING - SuRL_FixedRL_140174106231088 - Reward column phase_prog not found for VID70
2025-06-23 10:41:39,256 - WARNING - SuRL_FixedRL_140174106231088 - Reward column global_prog not found for VID70
2025-06-23 10:41:39,256 - WARNING - SuRL_FixedRL_140174106231088 - Reward column action_reward not found for VID70
2025-06-23 10:41:39,256 - WARNING - SuRL_FixedRL_140174106231088 - Outcome column glob_avg_risk not found for VID70
2025-06-23 10:41:39,256 - WARNING - SuRL_FixedRL_140174106231088 - Outcome column glob_critical_risk_events not found for VID70
2025-06-23 10:41:39,256 - WARNING - SuRL_FixedRL_140174106231088 - Outcome column glob_global_outcome_score not found for VID70
2025-06-23 10:41:39,261 - INFO - SuRL_FixedRL_140174106231088 - ✅ Loaded video VID70: 1195 frames, 1024-dims embeddings
2025-06-23 10:41:40,926 - WARNING - SuRL_FixedRL_140174106231088 - Reward column risk_score_max not found for VID73
2025-06-23 10:41:40,926 - WARNING - SuRL_FixedRL_140174106231088 - Reward column phase_completion_reward not found for VID73
2025-06-23 10:41:40,926 - WARNING - SuRL_FixedRL_140174106231088 - Reward column phase_initiation_reward not found for VID73
2025-06-23 10:41:40,927 - WARNING - SuRL_FixedRL_140174106231088 - Reward column phase_prog not found for VID73
2025-06-23 10:41:40,927 - WARNING - SuRL_FixedRL_140174106231088 - Reward column global_prog not found for VID73
2025-06-23 10:41:40,927 - WARNING - SuRL_FixedRL_140174106231088 - Reward column action_reward not found for VID73
2025-06-23 10:41:40,927 - WARNING - SuRL_FixedRL_140174106231088 - Outcome column glob_avg_risk not found for VID73
2025-06-23 10:41:40,927 - WARNING - SuRL_FixedRL_140174106231088 - Outcome column glob_critical_risk_events not found for VID73
2025-06-23 10:41:40,927 - WARNING - SuRL_FixedRL_140174106231088 - Outcome column glob_global_outcome_score not found for VID73
2025-06-23 10:41:40,931 - INFO - SuRL_FixedRL_140174106231088 - ✅ Loaded video VID73: 1357 frames, 1024-dims embeddings
2025-06-23 10:41:42,981 - WARNING - SuRL_FixedRL_140174106231088 - Reward column risk_score_max not found for VID74
2025-06-23 10:41:42,982 - WARNING - SuRL_FixedRL_140174106231088 - Reward column phase_completion_reward not found for VID74
2025-06-23 10:41:42,982 - WARNING - SuRL_FixedRL_140174106231088 - Reward column phase_initiation_reward not found for VID74
2025-06-23 10:41:42,982 - WARNING - SuRL_FixedRL_140174106231088 - Reward column phase_prog not found for VID74
2025-06-23 10:41:42,982 - WARNING - SuRL_FixedRL_140174106231088 - Reward column global_prog not found for VID74
2025-06-23 10:41:42,982 - WARNING - SuRL_FixedRL_140174106231088 - Reward column action_reward not found for VID74
2025-06-23 10:41:42,982 - WARNING - SuRL_FixedRL_140174106231088 - Outcome column glob_avg_risk not found for VID74
2025-06-23 10:41:42,982 - WARNING - SuRL_FixedRL_140174106231088 - Outcome column glob_critical_risk_events not found for VID74
2025-06-23 10:41:42,983 - WARNING - SuRL_FixedRL_140174106231088 - Outcome column glob_global_outcome_score not found for VID74
2025-06-23 10:41:42,989 - INFO - SuRL_FixedRL_140174106231088 - ✅ Loaded video VID74: 1635 frames, 1024-dims embeddings
2025-06-23 10:41:43,923 - WARNING - SuRL_FixedRL_140174106231088 - Reward column risk_score_max not found for VID78
2025-06-23 10:41:43,924 - WARNING - SuRL_FixedRL_140174106231088 - Reward column phase_completion_reward not found for VID78
2025-06-23 10:41:43,924 - WARNING - SuRL_FixedRL_140174106231088 - Reward column phase_initiation_reward not found for VID78
2025-06-23 10:41:43,924 - WARNING - SuRL_FixedRL_140174106231088 - Reward column phase_prog not found for VID78
2025-06-23 10:41:43,924 - WARNING - SuRL_FixedRL_140174106231088 - Reward column global_prog not found for VID78
2025-06-23 10:41:43,924 - WARNING - SuRL_FixedRL_140174106231088 - Reward column action_reward not found for VID78
2025-06-23 10:41:43,924 - WARNING - SuRL_FixedRL_140174106231088 - Outcome column glob_avg_risk not found for VID78
2025-06-23 10:41:43,924 - WARNING - SuRL_FixedRL_140174106231088 - Outcome column glob_critical_risk_events not found for VID78
2025-06-23 10:41:43,924 - WARNING - SuRL_FixedRL_140174106231088 - Outcome column glob_global_outcome_score not found for VID78
2025-06-23 10:41:43,928 - INFO - SuRL_FixedRL_140174106231088 - ✅ Loaded video VID78: 740 frames, 1024-dims embeddings
2025-06-23 10:41:48,158 - WARNING - SuRL_FixedRL_140174106231088 - Reward column risk_score_max not found for VID79
2025-06-23 10:41:48,159 - WARNING - SuRL_FixedRL_140174106231088 - Reward column phase_completion_reward not found for VID79
2025-06-23 10:41:48,159 - WARNING - SuRL_FixedRL_140174106231088 - Reward column phase_initiation_reward not found for VID79
2025-06-23 10:41:48,159 - WARNING - SuRL_FixedRL_140174106231088 - Reward column phase_prog not found for VID79
2025-06-23 10:41:48,159 - WARNING - SuRL_FixedRL_140174106231088 - Reward column global_prog not found for VID79
2025-06-23 10:41:48,159 - WARNING - SuRL_FixedRL_140174106231088 - Reward column action_reward not found for VID79
2025-06-23 10:41:48,159 - WARNING - SuRL_FixedRL_140174106231088 - Outcome column glob_avg_risk not found for VID79
2025-06-23 10:41:48,159 - WARNING - SuRL_FixedRL_140174106231088 - Outcome column glob_critical_risk_events not found for VID79
2025-06-23 10:41:48,160 - WARNING - SuRL_FixedRL_140174106231088 - Outcome column glob_global_outcome_score not found for VID79
2025-06-23 10:41:48,168 - INFO - SuRL_FixedRL_140174106231088 - ✅ Loaded video VID79: 3415 frames, 1024-dims embeddings
2025-06-23 10:41:50,272 - WARNING - SuRL_FixedRL_140174106231088 - Reward column risk_score_max not found for VID80
2025-06-23 10:41:50,272 - WARNING - SuRL_FixedRL_140174106231088 - Reward column phase_completion_reward not found for VID80
2025-06-23 10:41:50,272 - WARNING - SuRL_FixedRL_140174106231088 - Reward column phase_initiation_reward not found for VID80
2025-06-23 10:41:50,272 - WARNING - SuRL_FixedRL_140174106231088 - Reward column phase_prog not found for VID80
2025-06-23 10:41:50,273 - WARNING - SuRL_FixedRL_140174106231088 - Reward column global_prog not found for VID80
2025-06-23 10:41:50,273 - WARNING - SuRL_FixedRL_140174106231088 - Reward column action_reward not found for VID80
2025-06-23 10:41:50,273 - WARNING - SuRL_FixedRL_140174106231088 - Outcome column glob_avg_risk not found for VID80
2025-06-23 10:41:50,273 - WARNING - SuRL_FixedRL_140174106231088 - Outcome column glob_critical_risk_events not found for VID80
2025-06-23 10:41:50,273 - WARNING - SuRL_FixedRL_140174106231088 - Outcome column glob_global_outcome_score not found for VID80
2025-06-23 10:41:50,278 - INFO - SuRL_FixedRL_140174106231088 - ✅ Loaded video VID80: 1725 frames, 1024-dims embeddings
2025-06-23 10:41:53,590 - WARNING - SuRL_FixedRL_140174106231088 - Reward column risk_score_max not found for VID92
2025-06-23 10:41:53,590 - WARNING - SuRL_FixedRL_140174106231088 - Reward column phase_completion_reward not found for VID92
2025-06-23 10:41:53,591 - WARNING - SuRL_FixedRL_140174106231088 - Reward column phase_initiation_reward not found for VID92
2025-06-23 10:41:53,591 - WARNING - SuRL_FixedRL_140174106231088 - Reward column phase_prog not found for VID92
2025-06-23 10:41:53,591 - WARNING - SuRL_FixedRL_140174106231088 - Reward column global_prog not found for VID92
2025-06-23 10:41:53,591 - WARNING - SuRL_FixedRL_140174106231088 - Reward column action_reward not found for VID92
2025-06-23 10:41:53,591 - WARNING - SuRL_FixedRL_140174106231088 - Outcome column glob_avg_risk not found for VID92
2025-06-23 10:41:53,591 - WARNING - SuRL_FixedRL_140174106231088 - Outcome column glob_critical_risk_events not found for VID92
2025-06-23 10:41:53,591 - WARNING - SuRL_FixedRL_140174106231088 - Outcome column glob_global_outcome_score not found for VID92
2025-06-23 10:41:53,596 - INFO - SuRL_FixedRL_140174106231088 - ✅ Loaded video VID92: 2124 frames, 1024-dims embeddings
2025-06-23 10:41:56,274 - WARNING - SuRL_FixedRL_140174106231088 - Reward column risk_score_max not found for VID96
2025-06-23 10:41:56,274 - WARNING - SuRL_FixedRL_140174106231088 - Reward column phase_completion_reward not found for VID96
2025-06-23 10:41:56,275 - WARNING - SuRL_FixedRL_140174106231088 - Reward column phase_initiation_reward not found for VID96
2025-06-23 10:41:56,275 - WARNING - SuRL_FixedRL_140174106231088 - Reward column phase_prog not found for VID96
2025-06-23 10:41:56,275 - WARNING - SuRL_FixedRL_140174106231088 - Reward column global_prog not found for VID96
2025-06-23 10:41:56,275 - WARNING - SuRL_FixedRL_140174106231088 - Reward column action_reward not found for VID96
2025-06-23 10:41:56,275 - WARNING - SuRL_FixedRL_140174106231088 - Outcome column glob_avg_risk not found for VID96
2025-06-23 10:41:56,275 - WARNING - SuRL_FixedRL_140174106231088 - Outcome column glob_critical_risk_events not found for VID96
2025-06-23 10:41:56,275 - WARNING - SuRL_FixedRL_140174106231088 - Outcome column glob_global_outcome_score not found for VID96
2025-06-23 10:41:56,279 - INFO - SuRL_FixedRL_140174106231088 - ✅ Loaded video VID96: 1707 frames, 1024-dims embeddings
2025-06-23 10:41:56,280 - INFO - SuRL_FixedRL_140174106231088 - 📂 Loaded 40 videos from train split
2025-06-23 10:41:56,309 - INFO - SuRL_FixedRL_140174106231088 - Loading test data from /nfs/home/mboels/datasets/CholecT50 with fold 3
2025-06-23 10:41:56,776 - INFO - SuRL_FixedRL_140174106231088 - ✅ Loaded metadata: /nfs/home/mboels/datasets/CholecT50/embeddings_test_set/fold3/embeddings_f3_swin_bas_129.csv - Shape: (20953, 144)
2025-06-23 10:41:56,777 - INFO - SuRL_FixedRL_140174106231088 - [Test] Start processing metadata file /nfs/home/mboels/datasets/CholecT50/embeddings_test_set/fold3/embeddings_f3_swin_bas_129.csv
2025-06-23 10:41:56,808 - INFO - SuRL_FixedRL_140174106231088 - [Test] Cleaned metadata file paths in /nfs/home/mboels/datasets/CholecT50/embeddings_test_set/fold3/embeddings_f3_swin_bas_129.csv
2025-06-23 10:41:59,328 - INFO - SuRL_FixedRL_140174106231088 - [Test] Saved cleaned metadata to /nfs/home/mboels/datasets/CholecT50/embeddings_test_set/fold3/embeddings_f3_swin_bas_129.csv
2025-06-23 10:41:59,328 - INFO - SuRL_FixedRL_140174106231088 - [Test] Rewards extraction skipped, using metadata file /nfs/home/mboels/datasets/CholecT50/embeddings_test_set/fold3/embeddings_f3_swin_bas_129.csv
2025-06-23 10:41:59,331 - INFO - SuRL_FixedRL_140174106231088 - [Test] Found 10 videos in metadata file
2025-06-23 10:41:59,331 - INFO - SuRL_FixedRL_140174106231088 - [Test] Loading data for 10 videos
2025-06-23 10:42:02,111 - WARNING - SuRL_FixedRL_140174106231088 - Reward column risk_score_max not found for VID110
2025-06-23 10:42:02,112 - WARNING - SuRL_FixedRL_140174106231088 - Reward column phase_completion_reward not found for VID110
2025-06-23 10:42:02,112 - WARNING - SuRL_FixedRL_140174106231088 - Reward column phase_initiation_reward not found for VID110
2025-06-23 10:42:02,112 - WARNING - SuRL_FixedRL_140174106231088 - Reward column phase_prog not found for VID110
2025-06-23 10:42:02,112 - WARNING - SuRL_FixedRL_140174106231088 - Reward column global_prog not found for VID110
2025-06-23 10:42:02,112 - WARNING - SuRL_FixedRL_140174106231088 - Reward column action_reward not found for VID110
2025-06-23 10:42:02,112 - WARNING - SuRL_FixedRL_140174106231088 - Outcome column glob_avg_risk not found for VID110
2025-06-23 10:42:02,112 - WARNING - SuRL_FixedRL_140174106231088 - Outcome column glob_critical_risk_events not found for VID110
2025-06-23 10:42:02,112 - WARNING - SuRL_FixedRL_140174106231088 - Outcome column glob_global_outcome_score not found for VID110
2025-06-23 10:42:02,119 - INFO - SuRL_FixedRL_140174106231088 - ✅ Loaded video VID110: 2177 frames, 1024-dims embeddings
2025-06-23 10:42:03,860 - WARNING - SuRL_FixedRL_140174106231088 - Reward column risk_score_max not found for VID12
2025-06-23 10:42:03,861 - WARNING - SuRL_FixedRL_140174106231088 - Reward column phase_completion_reward not found for VID12
2025-06-23 10:42:03,861 - WARNING - SuRL_FixedRL_140174106231088 - Reward column phase_initiation_reward not found for VID12
2025-06-23 10:42:03,861 - WARNING - SuRL_FixedRL_140174106231088 - Reward column phase_prog not found for VID12
2025-06-23 10:42:03,861 - WARNING - SuRL_FixedRL_140174106231088 - Reward column global_prog not found for VID12
2025-06-23 10:42:03,861 - WARNING - SuRL_FixedRL_140174106231088 - Reward column action_reward not found for VID12
2025-06-23 10:42:03,861 - WARNING - SuRL_FixedRL_140174106231088 - Outcome column glob_avg_risk not found for VID12
2025-06-23 10:42:03,861 - WARNING - SuRL_FixedRL_140174106231088 - Outcome column glob_critical_risk_events not found for VID12
2025-06-23 10:42:03,861 - WARNING - SuRL_FixedRL_140174106231088 - Outcome column glob_global_outcome_score not found for VID12
2025-06-23 10:42:03,866 - INFO - SuRL_FixedRL_140174106231088 - ✅ Loaded video VID12: 1091 frames, 1024-dims embeddings
2025-06-23 10:42:05,925 - WARNING - SuRL_FixedRL_140174106231088 - Reward column risk_score_max not found for VID22
2025-06-23 10:42:05,926 - WARNING - SuRL_FixedRL_140174106231088 - Reward column phase_completion_reward not found for VID22
2025-06-23 10:42:05,931 - WARNING - SuRL_FixedRL_140174106231088 - Reward column phase_initiation_reward not found for VID22
2025-06-23 10:42:05,931 - WARNING - SuRL_FixedRL_140174106231088 - Reward column phase_prog not found for VID22
2025-06-23 10:42:05,931 - WARNING - SuRL_FixedRL_140174106231088 - Reward column global_prog not found for VID22
2025-06-23 10:42:05,931 - WARNING - SuRL_FixedRL_140174106231088 - Reward column action_reward not found for VID22
2025-06-23 10:42:05,931 - WARNING - SuRL_FixedRL_140174106231088 - Outcome column glob_avg_risk not found for VID22
2025-06-23 10:42:05,932 - WARNING - SuRL_FixedRL_140174106231088 - Outcome column glob_critical_risk_events not found for VID22
2025-06-23 10:42:05,932 - WARNING - SuRL_FixedRL_140174106231088 - Outcome column glob_global_outcome_score not found for VID22
2025-06-23 10:42:05,937 - INFO - SuRL_FixedRL_140174106231088 - ✅ Loaded video VID22: 1533 frames, 1024-dims embeddings
2025-06-23 10:42:09,260 - WARNING - SuRL_FixedRL_140174106231088 - Reward column risk_score_max not found for VID27
2025-06-23 10:42:09,260 - WARNING - SuRL_FixedRL_140174106231088 - Reward column phase_completion_reward not found for VID27
2025-06-23 10:42:09,260 - WARNING - SuRL_FixedRL_140174106231088 - Reward column phase_initiation_reward not found for VID27
2025-06-23 10:42:09,261 - WARNING - SuRL_FixedRL_140174106231088 - Reward column phase_prog not found for VID27
2025-06-23 10:42:09,261 - WARNING - SuRL_FixedRL_140174106231088 - Reward column global_prog not found for VID27
2025-06-23 10:42:09,261 - WARNING - SuRL_FixedRL_140174106231088 - Reward column action_reward not found for VID27
2025-06-23 10:42:09,261 - WARNING - SuRL_FixedRL_140174106231088 - Outcome column glob_avg_risk not found for VID27
2025-06-23 10:42:09,261 - WARNING - SuRL_FixedRL_140174106231088 - Outcome column glob_critical_risk_events not found for VID27
2025-06-23 10:42:09,261 - WARNING - SuRL_FixedRL_140174106231088 - Outcome column glob_global_outcome_score not found for VID27
2025-06-23 10:42:09,267 - INFO - SuRL_FixedRL_140174106231088 - ✅ Loaded video VID27: 2085 frames, 1024-dims embeddings
2025-06-23 10:42:13,128 - WARNING - SuRL_FixedRL_140174106231088 - Reward column risk_score_max not found for VID29
2025-06-23 10:42:13,129 - WARNING - SuRL_FixedRL_140174106231088 - Reward column phase_completion_reward not found for VID29
2025-06-23 10:42:13,129 - WARNING - SuRL_FixedRL_140174106231088 - Reward column phase_initiation_reward not found for VID29
2025-06-23 10:42:13,129 - WARNING - SuRL_FixedRL_140174106231088 - Reward column phase_prog not found for VID29
2025-06-23 10:42:13,129 - WARNING - SuRL_FixedRL_140174106231088 - Reward column global_prog not found for VID29
2025-06-23 10:42:13,130 - WARNING - SuRL_FixedRL_140174106231088 - Reward column action_reward not found for VID29
2025-06-23 10:42:13,130 - WARNING - SuRL_FixedRL_140174106231088 - Outcome column glob_avg_risk not found for VID29
2025-06-23 10:42:13,130 - WARNING - SuRL_FixedRL_140174106231088 - Outcome column glob_critical_risk_events not found for VID29
2025-06-23 10:42:13,130 - WARNING - SuRL_FixedRL_140174106231088 - Outcome column glob_global_outcome_score not found for VID29
2025-06-23 10:42:13,137 - INFO - SuRL_FixedRL_140174106231088 - ✅ Loaded video VID29: 2351 frames, 1024-dims embeddings
2025-06-23 10:42:19,161 - WARNING - SuRL_FixedRL_140174106231088 - Reward column risk_score_max not found for VID42
2025-06-23 10:42:19,162 - WARNING - SuRL_FixedRL_140174106231088 - Reward column phase_completion_reward not found for VID42
2025-06-23 10:42:19,162 - WARNING - SuRL_FixedRL_140174106231088 - Reward column phase_initiation_reward not found for VID42
2025-06-23 10:42:19,162 - WARNING - SuRL_FixedRL_140174106231088 - Reward column phase_prog not found for VID42
2025-06-23 10:42:19,162 - WARNING - SuRL_FixedRL_140174106231088 - Reward column global_prog not found for VID42
2025-06-23 10:42:19,163 - WARNING - SuRL_FixedRL_140174106231088 - Reward column action_reward not found for VID42
2025-06-23 10:42:19,163 - WARNING - SuRL_FixedRL_140174106231088 - Outcome column glob_avg_risk not found for VID42
2025-06-23 10:42:19,163 - WARNING - SuRL_FixedRL_140174106231088 - Outcome column glob_critical_risk_events not found for VID42
2025-06-23 10:42:19,163 - WARNING - SuRL_FixedRL_140174106231088 - Outcome column glob_global_outcome_score not found for VID42
2025-06-23 10:42:19,172 - INFO - SuRL_FixedRL_140174106231088 - ✅ Loaded video VID42: 3713 frames, 1024-dims embeddings
2025-06-23 10:42:21,253 - WARNING - SuRL_FixedRL_140174106231088 - Reward column risk_score_max not found for VID49
2025-06-23 10:42:21,254 - WARNING - SuRL_FixedRL_140174106231088 - Reward column phase_completion_reward not found for VID49
2025-06-23 10:42:21,254 - WARNING - SuRL_FixedRL_140174106231088 - Reward column phase_initiation_reward not found for VID49
2025-06-23 10:42:21,254 - WARNING - SuRL_FixedRL_140174106231088 - Reward column phase_prog not found for VID49
2025-06-23 10:42:21,254 - WARNING - SuRL_FixedRL_140174106231088 - Reward column global_prog not found for VID49
2025-06-23 10:42:21,254 - WARNING - SuRL_FixedRL_140174106231088 - Reward column action_reward not found for VID49
2025-06-23 10:42:21,255 - WARNING - SuRL_FixedRL_140174106231088 - Outcome column glob_avg_risk not found for VID49
2025-06-23 10:42:21,255 - WARNING - SuRL_FixedRL_140174106231088 - Outcome column glob_critical_risk_events not found for VID49
2025-06-23 10:42:21,255 - WARNING - SuRL_FixedRL_140174106231088 - Outcome column glob_global_outcome_score not found for VID49
2025-06-23 10:42:21,261 - INFO - SuRL_FixedRL_140174106231088 - ✅ Loaded video VID49: 1672 frames, 1024-dims embeddings
2025-06-23 10:42:25,499 - WARNING - SuRL_FixedRL_140174106231088 - Reward column risk_score_max not found for VID60
2025-06-23 10:42:25,499 - WARNING - SuRL_FixedRL_140174106231088 - Reward column phase_completion_reward not found for VID60
2025-06-23 10:42:25,499 - WARNING - SuRL_FixedRL_140174106231088 - Reward column phase_initiation_reward not found for VID60
2025-06-23 10:42:25,500 - WARNING - SuRL_FixedRL_140174106231088 - Reward column phase_prog not found for VID60
2025-06-23 10:42:25,500 - WARNING - SuRL_FixedRL_140174106231088 - Reward column global_prog not found for VID60
2025-06-23 10:42:25,500 - WARNING - SuRL_FixedRL_140174106231088 - Reward column action_reward not found for VID60
2025-06-23 10:42:25,500 - WARNING - SuRL_FixedRL_140174106231088 - Outcome column glob_avg_risk not found for VID60
2025-06-23 10:42:25,500 - WARNING - SuRL_FixedRL_140174106231088 - Outcome column glob_critical_risk_events not found for VID60
2025-06-23 10:42:25,500 - WARNING - SuRL_FixedRL_140174106231088 - Outcome column glob_global_outcome_score not found for VID60
2025-06-23 10:42:25,509 - INFO - SuRL_FixedRL_140174106231088 - ✅ Loaded video VID60: 2533 frames, 1024-dims embeddings
2025-06-23 10:42:27,831 - WARNING - SuRL_FixedRL_140174106231088 - Reward column risk_score_max not found for VID65
2025-06-23 10:42:27,831 - WARNING - SuRL_FixedRL_140174106231088 - Reward column phase_completion_reward not found for VID65
2025-06-23 10:42:27,831 - WARNING - SuRL_FixedRL_140174106231088 - Reward column phase_initiation_reward not found for VID65
2025-06-23 10:42:27,831 - WARNING - SuRL_FixedRL_140174106231088 - Reward column phase_prog not found for VID65
2025-06-23 10:42:27,831 - WARNING - SuRL_FixedRL_140174106231088 - Reward column global_prog not found for VID65
2025-06-23 10:42:27,832 - WARNING - SuRL_FixedRL_140174106231088 - Reward column action_reward not found for VID65
2025-06-23 10:42:27,832 - WARNING - SuRL_FixedRL_140174106231088 - Outcome column glob_avg_risk not found for VID65
2025-06-23 10:42:27,832 - WARNING - SuRL_FixedRL_140174106231088 - Outcome column glob_critical_risk_events not found for VID65
2025-06-23 10:42:27,832 - WARNING - SuRL_FixedRL_140174106231088 - Outcome column glob_global_outcome_score not found for VID65
2025-06-23 10:42:27,837 - INFO - SuRL_FixedRL_140174106231088 - ✅ Loaded video VID65: 1874 frames, 1024-dims embeddings
2025-06-23 10:42:30,240 - WARNING - SuRL_FixedRL_140174106231088 - Reward column risk_score_max not found for VID75
2025-06-23 10:42:30,241 - WARNING - SuRL_FixedRL_140174106231088 - Reward column phase_completion_reward not found for VID75
2025-06-23 10:42:30,241 - WARNING - SuRL_FixedRL_140174106231088 - Reward column phase_initiation_reward not found for VID75
2025-06-23 10:42:30,241 - WARNING - SuRL_FixedRL_140174106231088 - Reward column phase_prog not found for VID75
2025-06-23 10:42:30,241 - WARNING - SuRL_FixedRL_140174106231088 - Reward column global_prog not found for VID75
2025-06-23 10:42:30,241 - WARNING - SuRL_FixedRL_140174106231088 - Reward column action_reward not found for VID75
2025-06-23 10:42:30,241 - WARNING - SuRL_FixedRL_140174106231088 - Outcome column glob_avg_risk not found for VID75
2025-06-23 10:42:30,241 - WARNING - SuRL_FixedRL_140174106231088 - Outcome column glob_critical_risk_events not found for VID75
2025-06-23 10:42:30,241 - WARNING - SuRL_FixedRL_140174106231088 - Outcome column glob_global_outcome_score not found for VID75
2025-06-23 10:42:30,248 - INFO - SuRL_FixedRL_140174106231088 - ✅ Loaded video VID75: 1924 frames, 1024-dims embeddings
2025-06-23 10:42:30,248 - INFO - SuRL_FixedRL_140174106231088 - 📂 Loaded 10 videos from test split
2025-06-23 10:42:30,257 - INFO - SuRL_FixedRL_140174106231088 - ✅ Data loaded successfully
2025-06-23 10:42:30,258 - INFO - SuRL_FixedRL_140174106231088 -    Training videos: 40
2025-06-23 10:42:30,258 - INFO - SuRL_FixedRL_140174106231088 -    Test videos: 10
2025-06-23 10:42:30,258 - INFO - SuRL_FixedRL_140174106231088 - 🎓 Running Method 1: Autoregressive IL
2025-06-23 10:42:30,258 - INFO - SuRL_FixedRL_140174106231088 - 🎓 Method 1: Autoregressive IL
2025-06-23 10:42:30,258 - INFO - SuRL_FixedRL_140174106231088 - ----------------------------------------
2025-06-23 10:42:45,836 - WARNING - SuRL_FixedRL_140174106231088 - ⚠️ Pretrained model enabled but no path specified
2025-06-23 10:42:45,836 - INFO - SuRL_FixedRL_140174106231088 - 🔄 Falling back to training from scratch...
2025-06-23 10:43:05,400 - INFO - SuRL_FixedRL_140174106231088 - 🎓 Autoregressive IL Trainer initialized (FINAL)
2025-06-23 10:43:05,400 - INFO - SuRL_FixedRL_140174106231088 -    Device: cuda
2025-06-23 10:43:05,400 - INFO - SuRL_FixedRL_140174106231088 -    Epochs: 2
2025-06-23 10:43:05,400 - INFO - SuRL_FixedRL_140174106231088 -    Learning rate: 3e-05
2025-06-23 10:43:05,400 - INFO - SuRL_FixedRL_140174106231088 -    ✅ Per-video aggregation + shared metrics + efficient validation
2025-06-23 10:43:05,401 - INFO - SuRL_FixedRL_140174106231088 - 🎓 Starting Autoregressive IL Training...
2025-06-23 10:43:05,401 - INFO - SuRL_FixedRL_140174106231088 - 🎯 Goal: Learn causal frame generation → action prediction
2025-06-23 10:43:05,401 - INFO - SuRL_FixedRL_140174106231088 - 📊 Evaluation: Per-video aggregation for robust metrics
2025-06-23 10:46:22,888 - INFO - SuRL_FixedRL_140174106231088 - ✅ Video VID110 validation:    Loss: 1.8730,    Action mAP: 0.4180
2025-06-23 10:46:25,717 - INFO - SuRL_FixedRL_140174106231088 - ✅ Video VID12 validation:    Loss: 0.7704,    Action mAP: 0.5481
2025-06-23 10:46:29,588 - INFO - SuRL_FixedRL_140174106231088 - ✅ Video VID22 validation:    Loss: 0.4459,    Action mAP: 0.5419
2025-06-23 10:46:34,829 - INFO - SuRL_FixedRL_140174106231088 - ✅ Video VID27 validation:    Loss: 0.5822,    Action mAP: 0.3640
2025-06-23 10:46:40,619 - INFO - SuRL_FixedRL_140174106231088 - ✅ Video VID29 validation:    Loss: 0.5256,    Action mAP: 0.4840
2025-06-23 10:46:49,170 - INFO - SuRL_FixedRL_140174106231088 - ✅ Video VID42 validation:    Loss: 0.4561,    Action mAP: 0.5588
2025-06-23 10:46:53,480 - INFO - SuRL_FixedRL_140174106231088 - ✅ Video VID49 validation:    Loss: 0.4341,    Action mAP: 0.4106
2025-06-23 10:46:59,452 - INFO - SuRL_FixedRL_140174106231088 - ✅ Video VID60 validation:    Loss: 0.7538,    Action mAP: 0.4018
2025-06-23 10:47:03,919 - INFO - SuRL_FixedRL_140174106231088 - ✅ Video VID65 validation:    Loss: 0.4009,    Action mAP: 0.6976
2025-06-23 10:47:08,843 - INFO - SuRL_FixedRL_140174106231088 - ✅ Video VID75 validation:    Loss: 0.4988,    Action mAP: 0.5023
2025-06-23 10:47:08,846 - INFO - SuRL_FixedRL_140174106231088 - 📊 Validation Summary (averaged across 10 videos):
2025-06-23 10:47:08,846 - INFO - SuRL_FixedRL_140174106231088 -    🎯 Main mAP (surgical actions): 0.4927 ± 0.0944
2025-06-23 10:47:08,846 - INFO - SuRL_FixedRL_140174106231088 -    📊 mAP with null verbs: 0.4551
2025-06-23 10:47:08,846 - INFO - SuRL_FixedRL_140174106231088 -    📋 Actions evaluated: 21/94 surgical actions
2025-06-23 10:47:08,847 - INFO - SuRL_FixedRL_140174106231088 -    📈 Surgical action sparsity: 0.7734
2025-06-23 10:47:08,847 - INFO - SuRL_FixedRL_140174106231088 -    🔄 Total Loss: 0.6741
2025-06-23 10:47:09,361 - INFO - SuRL_FixedRL_140174106231088 - ✅ New best model saved: results/2025-06-23_10-39-53/logs/checkpoints/autoregressive_il_best_epoch_1.pt
2025-06-23 10:47:09,362 - INFO - SuRL_FixedRL_140174106231088 - Epoch 1/2 | Train Loss: 0.5231 | Val Loss: 0.6741 | Action mAP: 0.4927±0.0944 (10 videos) | Frame MSE: 0.2211
2025-06-23 10:50:25,228 - INFO - SuRL_FixedRL_140174106231088 - ✅ Video VID110 validation:    Loss: 2.1642,    Action mAP: 0.4214
2025-06-23 10:50:28,149 - INFO - SuRL_FixedRL_140174106231088 - ✅ Video VID12 validation:    Loss: 0.8320,    Action mAP: 0.5400
2025-06-23 10:50:32,315 - INFO - SuRL_FixedRL_140174106231088 - ✅ Video VID22 validation:    Loss: 0.4345,    Action mAP: 0.5350
2025-06-23 10:50:37,769 - INFO - SuRL_FixedRL_140174106231088 - ✅ Video VID27 validation:    Loss: 0.6056,    Action mAP: 0.3681
2025-06-23 10:50:43,597 - INFO - SuRL_FixedRL_140174106231088 - ✅ Video VID29 validation:    Loss: 0.5429,    Action mAP: 0.4859
2025-06-23 10:50:52,523 - INFO - SuRL_FixedRL_140174106231088 - ✅ Video VID42 validation:    Loss: 0.4446,    Action mAP: 0.5631
2025-06-23 10:50:56,833 - INFO - SuRL_FixedRL_140174106231088 - ✅ Video VID49 validation:    Loss: 0.3952,    Action mAP: 0.4222
2025-06-23 10:51:02,758 - INFO - SuRL_FixedRL_140174106231088 - ✅ Video VID60 validation:    Loss: 0.8719,    Action mAP: 0.4022
2025-06-23 10:51:07,292 - INFO - SuRL_FixedRL_140174106231088 - ✅ Video VID65 validation:    Loss: 0.4199,    Action mAP: 0.6966
2025-06-23 10:51:12,581 - INFO - SuRL_FixedRL_140174106231088 - ✅ Video VID75 validation:    Loss: 0.5128,    Action mAP: 0.4868
2025-06-23 10:51:12,585 - INFO - SuRL_FixedRL_140174106231088 - 📊 Validation Summary (averaged across 10 videos):
2025-06-23 10:51:12,585 - INFO - SuRL_FixedRL_140174106231088 -    🎯 Main mAP (surgical actions): 0.4921 ± 0.0919
2025-06-23 10:51:12,585 - INFO - SuRL_FixedRL_140174106231088 -    📊 mAP with null verbs: 0.4548
2025-06-23 10:51:12,585 - INFO - SuRL_FixedRL_140174106231088 -    📋 Actions evaluated: 21/94 surgical actions
2025-06-23 10:51:12,586 - INFO - SuRL_FixedRL_140174106231088 -    📈 Surgical action sparsity: 0.7734
2025-06-23 10:51:12,586 - INFO - SuRL_FixedRL_140174106231088 -    🔄 Total Loss: 0.7224
2025-06-23 10:51:12,610 - INFO - SuRL_FixedRL_140174106231088 - Epoch 2/2 | Train Loss: 0.3045 | Val Loss: 0.7224 | Action mAP: 0.4921±0.0919 (10 videos) | Frame MSE: 0.2092
2025-06-23 10:51:16,049 - INFO - SuRL_FixedRL_140174106231088 - 📊 Per-video analysis saved to: results/2025-06-23_10-39-53/logs/per_video_performance_analysis.png
2025-06-23 10:51:16,050 - INFO - SuRL_FixedRL_140174106231088 - 📊 Performance data saved to: results/2025-06-23_10-39-53/logs/per_video_performance_data.json
2025-06-23 10:51:16,050 - INFO - SuRL_FixedRL_140174106231088 - ✅ Autoregressive IL Training completed!
2025-06-23 10:51:16,050 - INFO - SuRL_FixedRL_140174106231088 - 📄 Best model: results/2025-06-23_10-39-53/logs/checkpoints/autoregressive_il_best_epoch_1.pt
2025-06-23 10:51:16,050 - INFO - SuRL_FixedRL_140174106231088 - 📄 Final model: results/2025-06-23_10-39-53/logs/checkpoints/autoregressive_il_final.pt
2025-06-23 10:51:16,050 - INFO - SuRL_FixedRL_140174106231088 - 📊 Per-video analysis saved
2025-06-23 10:51:16,051 - INFO - SuRL_FixedRL_140174106231088 - 📊 Evaluating Autoregressive IL Model (PER-VIDEO)...
2025-06-23 10:51:21,161 - INFO - SuRL_FixedRL_140174106231088 - ✅ Video VID110 validation:    Loss: 2.1642,    Action mAP: 0.4214
2025-06-23 10:51:24,125 - INFO - SuRL_FixedRL_140174106231088 - ✅ Video VID12 validation:    Loss: 0.8320,    Action mAP: 0.5400
2025-06-23 10:51:28,289 - INFO - SuRL_FixedRL_140174106231088 - ✅ Video VID22 validation:    Loss: 0.4345,    Action mAP: 0.5350
2025-06-23 10:51:33,890 - INFO - SuRL_FixedRL_140174106231088 - ✅ Video VID27 validation:    Loss: 0.6056,    Action mAP: 0.3681
2025-06-23 10:51:39,703 - INFO - SuRL_FixedRL_140174106231088 - ✅ Video VID29 validation:    Loss: 0.5429,    Action mAP: 0.4859
2025-06-23 10:51:48,531 - INFO - SuRL_FixedRL_140174106231088 - ✅ Video VID42 validation:    Loss: 0.4446,    Action mAP: 0.5631
2025-06-23 10:51:52,851 - INFO - SuRL_FixedRL_140174106231088 - ✅ Video VID49 validation:    Loss: 0.3952,    Action mAP: 0.4222
2025-06-23 10:51:58,837 - INFO - SuRL_FixedRL_140174106231088 - ✅ Video VID60 validation:    Loss: 0.8719,    Action mAP: 0.4022
2025-06-23 10:52:03,588 - INFO - SuRL_FixedRL_140174106231088 - ✅ Video VID65 validation:    Loss: 0.4199,    Action mAP: 0.6966
2025-06-23 10:52:08,408 - INFO - SuRL_FixedRL_140174106231088 - ✅ Video VID75 validation:    Loss: 0.5128,    Action mAP: 0.4868
2025-06-23 10:52:08,414 - INFO - SuRL_FixedRL_140174106231088 - 📊 Validation Summary (averaged across 10 videos):
2025-06-23 10:52:08,414 - INFO - SuRL_FixedRL_140174106231088 -    🎯 Main mAP (surgical actions): 0.4921 ± 0.0919
2025-06-23 10:52:08,414 - INFO - SuRL_FixedRL_140174106231088 -    📊 mAP with null verbs: 0.4548
2025-06-23 10:52:08,414 - INFO - SuRL_FixedRL_140174106231088 -    📋 Actions evaluated: 21/94 surgical actions
2025-06-23 10:52:08,414 - INFO - SuRL_FixedRL_140174106231088 -    📈 Surgical action sparsity: 0.7734
2025-06-23 10:52:08,414 - INFO - SuRL_FixedRL_140174106231088 -    🔄 Total Loss: 0.7224
2025-06-23 10:52:08,416 - INFO - SuRL_FixedRL_140174106231088 - 📊 Evaluating generation quality...
2025-06-23 10:52:10,509 - INFO - SuRL_FixedRL_140174106231088 - ✅ Per-video evaluation completed
2025-06-23 10:52:10,510 - INFO - SuRL_FixedRL_140174106231088 - 📊 Overall Action mAP: 0.4921 ± 0.0000
2025-06-23 10:52:10,510 - INFO - SuRL_FixedRL_140174106231088 - 📊 Videos evaluated: 10
2025-06-23 10:52:10,510 - INFO - SuRL_FixedRL_140174106231088 - 🎯 Aggregation: Per-video metrics → averaged
2025-06-23 10:52:13,195 - INFO - SuRL_FixedRL_140174106231088 - ----------------------------------------
2025-06-23 10:52:13,195 - INFO - SuRL_FixedRL_140174106231088 - ----------------------------------------
2025-06-23 10:52:13,195 - INFO - SuRL_FixedRL_140174106231088 - 🌍 Method 2: Conditional World Model + RL
2025-06-23 10:52:13,196 - INFO - SuRL_FixedRL_140174106231088 - ----------------------------------------
2025-06-23 10:52:13,196 - INFO - SuRL_FixedRL_140174106231088 - ----------------------------------------
2025-06-23 10:52:13,198 - INFO - SuRL_FixedRL_140174106231088 - 📂 Using pretrained world model from: results/fixed_rl_2025-06-13_19-22-25/logs/checkpoints/world_model_best_epoch_1.pt
2025-06-23 10:52:14,324 - INFO - SuRL_FixedRL_140174106231088 - ✅ Pretrained world model loaded successfully
2025-06-23 10:52:24,087 - INFO - SuRL_FixedRL_140174106231088 - ✅ Stored test loaders for evaluation: ['VID110', 'VID12', 'VID22', 'VID27', 'VID29', 'VID42', 'VID49', 'VID60', 'VID65', 'VID75']
2025-06-23 10:52:24,102 - INFO - SuRL_FixedRL_140174106231088 - 🌍 World Model Trainer initialized
2025-06-23 10:52:24,102 - INFO - SuRL_FixedRL_140174106231088 -    Device: cuda
2025-06-23 10:52:24,103 - INFO - SuRL_FixedRL_140174106231088 -    Epochs: 2
2025-06-23 10:52:24,103 - INFO - SuRL_FixedRL_140174106231088 -    Learning rate: 3e-05
2025-06-23 10:52:24,103 - INFO - SuRL_FixedRL_140174106231088 -    Focus: Action-conditioned state-reward prediction
2025-06-23 10:52:24,103 - INFO - SuRL_FixedRL_140174106231088 - 📊 Step 1: Evaluating pretrained world model...
2025-06-23 10:52:24,103 - INFO - SuRL_FixedRL_140174106231088 - 📊 Evaluating World Model...
2025-06-23 10:52:50,872 - INFO - SuRL_FixedRL_140174106231088 - ✅ Evaluation completed
2025-06-23 10:52:50,872 - INFO - SuRL_FixedRL_140174106231088 - 📊 State Loss: 1.6728
2025-06-23 10:52:50,872 - INFO - SuRL_FixedRL_140174106231088 - 📊 Reward Loss: 2.1692
2025-06-23 10:52:50,872 - INFO - SuRL_FixedRL_140174106231088 - 🚀 Step 2: Starting RL Policy training...
2025-06-23 10:52:50,874 - INFO - SuRL_FixedRL_140174106231088 - 🔧 RL Trainer initialized with config: {'debug': False, 'experiment': {'train': {'max_videos': 40}, 'test': {'max_videos': 10, 'test_on_train': False}, 'autoregressive_il': {'enabled': True, 'il_model_path': None}, 'world_model': {'enabled': False, 'wm_model_path': 'results/fixed_rl_2025-06-13_19-22-25/logs/checkpoints/world_model_best_epoch_1.pt'}, 'rl_experiments': {'enabled': False, 'eval_episodes': 10}}, 'training': {'epochs': 2, 'batch_size': 16, 'learning_rate': 3e-05, 'log_every_n_steps': 50, 'scheduler': {'type': 'cosine', 'warmup_steps': 100}, 'weight_decay': 0.01, 'gradient_clip_val': 1.0, 'dropout': 0.1, 'num_workers': 4, 'pin_memory': True, 'log_dir': 'logs', 'checkpoint_dir': 'checkpoints', 'eval_epoch_interval': 1, 'save_model': True}, 'evaluation': {'prediction_horizon': 15, 'supervised': {'action_prediction': True}, 'rl': {'rollout_horizon': 15, 'use_best_actions': True}, 'comparison': {'statistical_tests': True, 'effect_size_threshold': 0.2}, 'world_model': {'use_memory': False, 'overall_horizon': 1}}, 'rl_training': {'action_space_type': 'continuous', 'outcome_based_rewards': True, 'rl_horizon': 30, 'reward_mode': 'dense', 'normalize_rewards': True, 'early_termination': True, 'timesteps': 50000, 'reward_weights': {'expert_matching': 10.0, 'action_sparsity': 1.0, 'world_model_rewards': 0.5, 'completion_bonus': 5.0, 'consistency_bonus': 1.0, 'phase_completion': 1.0, 'risk_penalty': -0.5}, 'ppo': {'learning_rate': '5e-5', 'n_steps': 512, 'batch_size': 64, 'n_epochs': 10, 'gamma': 0.95, 'gae_lambda': 0.9, 'clip_range': 0.1, 'ent_coef': 0.05, 'vf_coef': 0.5, 'max_grad_norm': 0.5}, 'a2c': {'learning_rate': '1e-4', 'n_steps': 32, 'gamma': 0.95, 'gae_lambda': 0.9, 'ent_coef': 0.05, 'vf_coef': 0.25, 'max_grad_norm': 0.5}}, 'data': {'context_length': 20, 'train_shift': 1, 'padding_value': 0.0, 'max_horizon': 15, 'paths': {'data_dir': '/nfs/home/mboels/datasets/CholecT50', 'class_labels_file_path': './data/labels.json', 'fold': 3, 'metadata_file': 'embeddings_f3_swin_bas_129.csv', 'video_global_outcome_file': 'embeddings_f1_swin_bas_129_with_enhanced_global_metrics.csv'}, 'frame_risk_agg': 'max'}, 'training_mode': 'rl', 'preprocess': {'extract_rewards': False, 'analyze_rewards': False, 'rewards': {'grounded': {'phase_completion': True, 'phase_transition': True, 'phase_progression': True, 'global_progression': True}, 'imitation': {'action_distribution': True}, 'expert_knowledge': {'risk_score': True, 'frame_risk_agg': 'max'}}}, 'models': {'autoregressive_il': {'hidden_dim': 768, 'embedding_dim': 1024, 'n_layer': 6, 'num_action_classes': 100, 'num_phase_classes': 7, 'dropout': 0.1, 'max_length': 1024}, 'conditional_world_model': {'hidden_dim': 512, 'embedding_dim': 1024, 'action_embedding_dim': 128, 'n_layer': 4, 'num_action_classes': 100, 'num_phase_classes': 7, 'dropout': 0.1, 'max_sequence_length': 512}}, 'fair_evaluation': {'enabled': True, 'include_traditional_metrics': True, 'include_clinical_metrics': True, 'clinical_outcome_weights': {'phase_progression': 2.0, 'innovation': 0.5}}, 'supervised_learning': {'data_augmentation': False}, 'research_comparison': {'methods': ['autoregressive_il', 'conditional_world_model', 'direct_video_rl']}, 'advanced': {'mixed_precision': False}, 'hardware': {'persistent_workers': True}, 'rl_debugging': {'enabled': True, 'save_training_curves': True, 'monitor_expert_matching': True, 'log_action_distributions': True, 'convergence_analysis': True, 'episode_log_frequency': 10, 'eval_frequency': 1000, 'reward_improvement_threshold': 0.1, 'expert_matching_threshold': 0.5, 'debug_dir': 'rl_debug', 'plot_dir': 'rl_plots'}}
2025-06-23 10:52:50,874 - INFO - SuRL_FixedRL_140174106231088 - 📂 Results will be saved to: results/2025-06-23_10-39-53/logs/rl_training
2025-06-23 10:52:50,874 - INFO - SuRL_FixedRL_140174106231088 - 🌍 Training World Model RL with PPO...
2025-06-23 10:52:50,874 - INFO - SuRL_FixedRL_140174106231088 - --------------------------------------------------
2025-06-23 10:52:50,874 - INFO - SuRL_FixedRL_140174106231088 - 🌍 Training PPO with World Model
2025-06-23 10:52:50,874 - INFO - SuRL_FixedRL_140174106231088 - --------------------------------------------------
2025-06-23 10:52:50,875 - INFO - SuRL_FixedRL_140174106231088 - 🌍 World Model Simulation Environment initialized
2025-06-23 10:52:50,876 - INFO - SuRL_FixedRL_140174106231088 - 🔧 Action space: Box(0.0, 1.0, (100,), float32)
2025-06-23 10:52:50,876 - INFO - SuRL_FixedRL_140174106231088 - 📊 Max episode steps: 30
2025-06-23 10:52:50,876 - INFO - SuRL_FixedRL_140174106231088 - 🎯 Focus: Expert demonstration matching + world model simulation
2025-06-23 10:52:50,877 - INFO - SuRL_FixedRL_140174106231088 - 🌍 World Model Simulation Environment initialized
2025-06-23 10:52:50,877 - INFO - SuRL_FixedRL_140174106231088 - 🔧 Action space: Box(0.0, 1.0, (100,), float32)
2025-06-23 10:52:50,877 - INFO - SuRL_FixedRL_140174106231088 - 📊 Max episode steps: 30
2025-06-23 10:52:50,877 - INFO - SuRL_FixedRL_140174106231088 - 🎯 Focus: Expert demonstration matching + world model simulation
2025-06-23 10:52:50,891 - INFO - SuRL_FixedRL_140174106231088 - ✅ Environment test: Reward=5.215, Action shape=(100,)
2025-06-23 10:52:52,312 - INFO - SuRL_FixedRL_140174106231088 - 🚀 Training for 50000 timesteps with enhanced monitoring...
