2025-06-05 12:04:32,673 - INFO - SeparateModelsComparison_137552679723344 - 🎯 Experiment: separate_models_comparison_20250605_120432
2025-06-05 12:04:32,673 - INFO - SeparateModelsComparison_137552679723344 - 📁 Results dir: results/separate_models_comparison_20250605_120432
2025-06-05 12:04:32,673 - INFO - SeparateModelsComparison_137552679723344 - 🚀 Starting Complete Separate Models Comparison
2025-06-05 12:04:32,673 - INFO - SeparateModelsComparison_137552679723344 - ============================================================
2025-06-05 12:04:32,673 - INFO - SeparateModelsComparison_137552679723344 - 📂 Loading CholecT50 data...
2025-06-05 12:04:32,674 - INFO - SeparateModelsComparison_137552679723344 - Loading train data from /home/maxboels/datasets/CholecT50 with fold 0
2025-06-05 12:04:33,068 - INFO - SeparateModelsComparison_137552679723344 - ✅ Loaded metadata: /home/maxboels/datasets/CholecT50/embeddings_train_set/fold0/embeddings_f0_swin_bas_129_phase_complet_phase_transit_prog_prob_action_risk_glob_outcome.csv - Shape: (78968, 156)
2025-06-05 12:04:33,068 - INFO - SeparateModelsComparison_137552679723344 - [Train] Start processing metadata file /home/maxboels/datasets/CholecT50/embeddings_train_set/fold0/embeddings_f0_swin_bas_129_phase_complet_phase_transit_prog_prob_action_risk_glob_outcome.csv
2025-06-05 12:04:33,069 - INFO - SeparateModelsComparison_137552679723344 - [Train] Rewards extraction skipped, using metadata file /home/maxboels/datasets/CholecT50/embeddings_train_set/fold0/embeddings_f0_swin_bas_129_phase_complet_phase_transit_prog_prob_action_risk_glob_outcome.csv
2025-06-05 12:04:33,071 - INFO - SeparateModelsComparison_137552679723344 - [Train] Found 2 videos in metadata file
2025-06-05 12:04:33,071 - INFO - SeparateModelsComparison_137552679723344 - [Train] Loading data for 2 videos
2025-06-05 12:04:33,151 - INFO - SeparateModelsComparison_137552679723344 - ✅ Loaded video VID01: 1734 frames, 1024D embeddings
2025-06-05 12:04:33,215 - INFO - SeparateModelsComparison_137552679723344 - ✅ Loaded video VID04: 1523 frames, 1024D embeddings
2025-06-05 12:04:33,216 - INFO - SeparateModelsComparison_137552679723344 - ✅ Successfully loaded 2 videos for train
2025-06-05 12:04:33,216 - INFO - SeparateModelsComparison_137552679723344 - Loading test data from /home/maxboels/datasets/CholecT50 with fold 0
2025-06-05 12:04:33,302 - INFO - SeparateModelsComparison_137552679723344 - ✅ Loaded metadata: /home/maxboels/datasets/CholecT50/embeddings_test_set/fold0/embeddings_f0_swin_bas_129_phase_complet_phase_transit_prog_prob_action_risk_glob_outcome.csv - Shape: (21895, 156)
2025-06-05 12:04:33,302 - INFO - SeparateModelsComparison_137552679723344 - [Test] Start processing metadata file /home/maxboels/datasets/CholecT50/embeddings_test_set/fold0/embeddings_f0_swin_bas_129_phase_complet_phase_transit_prog_prob_action_risk_glob_outcome.csv
2025-06-05 12:04:33,302 - INFO - SeparateModelsComparison_137552679723344 - [Test] Rewards extraction skipped, using metadata file /home/maxboels/datasets/CholecT50/embeddings_test_set/fold0/embeddings_f0_swin_bas_129_phase_complet_phase_transit_prog_prob_action_risk_glob_outcome.csv
2025-06-05 12:04:33,303 - INFO - SeparateModelsComparison_137552679723344 - [Test] Found 1 videos in metadata file
2025-06-05 12:04:33,303 - INFO - SeparateModelsComparison_137552679723344 - [Test] Loading data for 1 videos
2025-06-05 12:04:33,414 - INFO - SeparateModelsComparison_137552679723344 - ✅ Loaded video VID02: 2840 frames, 1024D embeddings
2025-06-05 12:04:33,414 - INFO - SeparateModelsComparison_137552679723344 - ✅ Successfully loaded 1 videos for test
2025-06-05 12:04:33,414 - INFO - SeparateModelsComparison_137552679723344 - ✅ Data loaded successfully
2025-06-05 12:04:33,414 - INFO - SeparateModelsComparison_137552679723344 -    Training videos: 2
2025-06-05 12:04:33,414 - INFO - SeparateModelsComparison_137552679723344 -    Test videos: 1
2025-06-05 12:05:33,299 - INFO - SeparateModelsComparison_137552679723344 - 🎓 Running Method 1: Autoregressive IL
2025-06-05 12:05:33,300 - INFO - SeparateModelsComparison_137552679723344 - 🎓 Method 1: Autoregressive IL Training
2025-06-05 12:05:33,300 - INFO - SeparateModelsComparison_137552679723344 - ----------------------------------------
2025-06-05 12:05:33,991 - INFO - SeparateModelsComparison_137552679723344 - 🎓 Autoregressive IL Trainer initialized
2025-06-05 12:05:33,991 - INFO - SeparateModelsComparison_137552679723344 -    Device: cuda
2025-06-05 12:05:33,991 - INFO - SeparateModelsComparison_137552679723344 -    Epochs: 1
2025-06-05 12:05:33,991 - INFO - SeparateModelsComparison_137552679723344 -    Learning rate: 0.0001
2025-06-05 12:05:33,991 - INFO - SeparateModelsComparison_137552679723344 -    Focus: Causal frame generation → action prediction
