2025-05-08 13:29:58,861 - INFO - Log file: logs/2025-05-08_13-29-58/loggings.log
2025-05-08 13:29:58,861 - INFO - Starting CholecT50 experiment for Surgical Actions Prediction
2025-05-08 13:29:58,861 - INFO - Experiment configuration: {'max_videos': None, 'recognition': {'train': False, 'inference': False, 'best_model_path': './best_checkpoints/best_model_epoch2_map0.5008.pt'}, 'pretrain_world_model': {'train': True, 'inference': False, 'best_model_path': None}, 'pretrain_reward_model': False, 'calculate_action_rewards': False, 'train_action_policy': False, 'run_tdmpc': False, 'analyze_results': False, 'run_evaluation': False}
2025-05-08 13:29:58,861 - INFO - Using device: cuda
2025-05-08 13:29:58,861 - INFO - Loading CholecT50 data...
2025-05-08 13:29:58,861 - INFO - Loading train data from /nfs/home/mboels/datasets/CholecT50 with fold 0
2025-05-08 13:30:00,013 - INFO - [train] Start processing metadata file /nfs/home/mboels/datasets/CholecT50/embeddings_train_set/fold0/embeddings_f0_swin_bas_129.csv
2025-05-08 13:30:09,764 - INFO - [train] Added phase completion rewards to embeddings_f0_swin_bas_129_phase_complet.csv
2025-05-08 13:30:18,204 - INFO - [train] Added phase transition rewards to embeddings_f0_swin_bas_129_phase_complet_phase_transit.csv
2025-05-08 13:40:16,691 - INFO - [train] Added phase and global progression rewards to embeddings_f0_swin_bas_129_phase_complet_phase_transit_prog.csv
2025-05-08 13:40:59,567 - INFO - [train] Added action distribution rewards to embeddings_f0_swin_bas_129_phase_complet_phase_transit_prog_prob_action.csv
2025-05-08 13:41:12,424 - INFO - [train] Added risk scores to embeddings_f0_swin_bas_129_phase_complet_phase_transit_prog_prob_action_risk.csv
2025-05-08 13:41:20,546 - INFO - [train] Added global outcome scores to embeddings_f0_swin_bas_129_phase_complet_phase_transit_prog_prob_action_risk_glob_outcome.csv
2025-05-08 13:41:20,550 - INFO - [train] Found 40 videos in metadata file
2025-05-08 13:41:20,550 - INFO - [train] Loading data for 40 videos
2025-05-08 13:42:16,225 - INFO - Loading test data from /nfs/home/mboels/datasets/CholecT50 with fold 0
2025-05-08 13:42:16,582 - INFO - [test] Start processing metadata file /nfs/home/mboels/datasets/CholecT50/embeddings_test_set/fold0/embeddings_f0_swin_bas_129.csv
2025-05-08 13:42:19,579 - INFO - [test] Added phase completion rewards to embeddings_f0_swin_bas_129_phase_complet.csv
2025-05-08 13:42:21,560 - INFO - [test] Added phase transition rewards to embeddings_f0_swin_bas_129_phase_complet_phase_transit.csv
2025-05-08 13:43:44,090 - INFO - [test] Added phase and global progression rewards to embeddings_f0_swin_bas_129_phase_complet_phase_transit_prog.csv
2025-05-08 13:43:56,296 - INFO - [test] Added action distribution rewards to embeddings_f0_swin_bas_129_phase_complet_phase_transit_prog_prob_action.csv
