2025-04-09 16:25:03,450 - INFO - Log file: logs/2025-04-09_16-25-03/loggings.log
2025-04-09 16:25:03,451 - INFO - Starting CholecT50 experiment for Surgical Actions Prediction
2025-04-09 16:25:03,451 - INFO - Experiment configuration: {'max_videos': 2, 'recognition': {'train': False, 'inference': True, 'best_model_path': 'best_model_epoch2_map0.5008.pt'}, 'pretrain_next_frame': {'train': False, 'inference': False, 'best_model_path': 'best_model_epoch1_valloss1.190734.pt'}, 'pretrain_reward_model': False, 'calculate_action_rewards': False, 'train_action_policy': False, 'run_tdmpc': False, 'analyze_results': False, 'run_evaluation': False}
2025-04-09 16:25:03,451 - INFO - Using device: cuda
2025-04-09 16:25:03,451 - INFO - Loading CholecT50 data...
2025-04-09 16:25:10,910 - INFO - Loading pre-trained model from best_model_epoch2_map0.5008.pt
2025-04-09 16:25:10,979 - INFO - Running inference and evaluation...
2025-04-09 16:25:11,779 - INFO - [TEST] Video VID02 | Batch 0/178
2025-04-09 16:25:13,824 - INFO - [TEST] Video VID02 | Batch 40/178
2025-04-09 16:25:14,007 - INFO - [TEST] Video VID02 | Batch 80/178
2025-04-09 16:25:14,167 - INFO - [TEST] Video VID02 | Batch 120/178
2025-04-09 16:25:14,336 - INFO - [TEST] Video VID02 | Batch 160/178
2025-04-09 16:25:22,584 - INFO - [TEST] Video VID02: Test mAP (sklearn) Action: 0.4723
2025-04-09 16:25:22,584 - INFO - [TEST] Video VID02: Test mAP (sklearn) Instrument: 0.9214
2025-04-09 16:25:23,221 - INFO - [TEST] Video VID06 | Batch 0/135
2025-04-09 16:25:25,223 - INFO - [TEST] Video VID06 | Batch 40/135
2025-04-09 16:25:25,396 - INFO - [TEST] Video VID06 | Batch 80/135
2025-04-09 16:25:25,559 - INFO - [TEST] Video VID06 | Batch 120/135
2025-04-09 16:25:26,550 - INFO - [TEST] Video VID06: Test mAP (sklearn) Action: 0.5409
2025-04-09 16:25:26,550 - INFO - [TEST] Video VID06: Test mAP (sklearn) Instrument: 0.9493
2025-04-09 16:25:27,164 - INFO - [TEST] Overall action mAP (sklearn): 0.5066
2025-04-09 16:25:27,164 - INFO - [TEST] Overall instrument mAP (sklearn): 0.9353
2025-04-09 16:25:27,164 - INFO - [TEST] Overall action mAP (ivt): 0.4847
2025-04-09 16:25:27,164 - INFO - [TEST] Overall instrument mAP (ivt): 0.8948
2025-04-09 16:25:27,165 - INFO - [TEST] Test mAP Action (sklearn): 0.5066
2025-04-09 16:25:27,165 - INFO - [TEST] Test mAP Instrument (sklearn): 0.9353
2025-04-09 16:25:27,165 - INFO - [TEST] Test mAP Action (ivt): 0.4847
2025-04-09 16:25:27,165 - INFO - [TEST] Test mAP Instrument (ivt): 0.8948
