2025-06-13 14:02:02,977 - INFO - SuRL_FixedRL_138726054163424 - Shared experiment log directory: results/fixed_rl_2025-06-13_14-02-02/logs
2025-06-13 14:02:02,978 - INFO - SuRL_FixedRL_138726054163424 - 🎯 FIXED RL Experiment: fixed_rl_2025-06-13_14-02-02
2025-06-13 14:02:02,978 - INFO - SuRL_FixedRL_138726054163424 - 📁 Results dir: results/fixed_rl_2025-06-13_14-02-02
2025-06-13 14:02:02,978 - INFO - SuRL_FixedRL_138726054163424 - 🚀 Starting Complete FIXED RL Comparison
2025-06-13 14:02:02,978 - INFO - SuRL_FixedRL_138726054163424 - ============================================================
2025-06-13 14:02:02,978 - INFO - SuRL_FixedRL_138726054163424 - 📂 Loading CholecT50 data...
2025-06-13 14:02:02,978 - INFO - SuRL_FixedRL_138726054163424 - Loading train data from /home/maxboels/datasets/CholecT50 with fold 0
2025-06-13 14:02:03,381 - INFO - SuRL_FixedRL_138726054163424 - ✅ Loaded metadata: /home/maxboels/datasets/CholecT50/embeddings_train_set/fold0/embeddings_f0_swin_bas_129_phase_complet_phase_transit_prog_prob_action_risk_glob_outcome.csv - Shape: (78968, 156)
2025-06-13 14:02:03,381 - INFO - SuRL_FixedRL_138726054163424 - [Train] Start processing metadata file /home/maxboels/datasets/CholecT50/embeddings_train_set/fold0/embeddings_f0_swin_bas_129_phase_complet_phase_transit_prog_prob_action_risk_glob_outcome.csv
2025-06-13 14:02:03,381 - INFO - SuRL_FixedRL_138726054163424 - [Train] Rewards extraction skipped, using metadata file /home/maxboels/datasets/CholecT50/embeddings_train_set/fold0/embeddings_f0_swin_bas_129_phase_complet_phase_transit_prog_prob_action_risk_glob_outcome.csv
2025-06-13 14:02:03,383 - INFO - SuRL_FixedRL_138726054163424 - [Train] Found 2 videos in metadata file
2025-06-13 14:02:03,383 - INFO - SuRL_FixedRL_138726054163424 - [Train] Loading data for 2 videos
2025-06-13 14:02:03,462 - INFO - SuRL_FixedRL_138726054163424 - ✅ Loaded video VID01: 1734 frames, 1024D embeddings
2025-06-13 14:02:03,526 - INFO - SuRL_FixedRL_138726054163424 - ✅ Loaded video VID04: 1523 frames, 1024D embeddings
2025-06-13 14:02:03,527 - INFO - SuRL_FixedRL_138726054163424 - ✅ Successfully loaded 2 videos for train
2025-06-13 14:02:03,527 - INFO - SuRL_FixedRL_138726054163424 - Loading test data from /home/maxboels/datasets/CholecT50 with fold 0
2025-06-13 14:02:03,621 - INFO - SuRL_FixedRL_138726054163424 - ✅ Loaded metadata: /home/maxboels/datasets/CholecT50/embeddings_test_set/fold0/embeddings_f0_swin_bas_129_phase_complet_phase_transit_prog_prob_action_risk_glob_outcome.csv - Shape: (21895, 156)
2025-06-13 14:02:03,621 - INFO - SuRL_FixedRL_138726054163424 - [Test] Start processing metadata file /home/maxboels/datasets/CholecT50/embeddings_test_set/fold0/embeddings_f0_swin_bas_129_phase_complet_phase_transit_prog_prob_action_risk_glob_outcome.csv
2025-06-13 14:02:03,621 - INFO - SuRL_FixedRL_138726054163424 - [Test] Rewards extraction skipped, using metadata file /home/maxboels/datasets/CholecT50/embeddings_test_set/fold0/embeddings_f0_swin_bas_129_phase_complet_phase_transit_prog_prob_action_risk_glob_outcome.csv
2025-06-13 14:02:03,622 - INFO - SuRL_FixedRL_138726054163424 - [Test] Found 2 videos in metadata file
2025-06-13 14:02:03,622 - INFO - SuRL_FixedRL_138726054163424 - [Test] Loading data for 2 videos
2025-06-13 14:02:03,734 - INFO - SuRL_FixedRL_138726054163424 - ✅ Loaded video VID02: 2840 frames, 1024D embeddings
2025-06-13 14:02:03,819 - INFO - SuRL_FixedRL_138726054163424 - ✅ Loaded video VID06: 2154 frames, 1024D embeddings
2025-06-13 14:02:03,819 - INFO - SuRL_FixedRL_138726054163424 - ✅ Successfully loaded 2 videos for test
2025-06-13 14:02:03,819 - INFO - SuRL_FixedRL_138726054163424 - ✅ Data loaded successfully
2025-06-13 14:02:03,819 - INFO - SuRL_FixedRL_138726054163424 -    Training videos: 2
2025-06-13 14:02:03,819 - INFO - SuRL_FixedRL_138726054163424 -    Test videos: 2
2025-06-13 14:02:03,819 - INFO - SuRL_FixedRL_138726054163424 - 🎓 Running Method 1: Autoregressive IL
2025-06-13 14:05:19,174 - INFO - SuRL_FixedRL_138726054163424 - 🎓 Method 1: Autoregressive IL
2025-06-13 14:05:19,174 - INFO - SuRL_FixedRL_138726054163424 - ----------------------------------------
2025-06-13 14:05:24,968 - INFO - SuRL_FixedRL_138726054163424 - 📂 Loading pretrained IL model from: results/2025-06-10_19-45-51/logs/checkpoints/autoregressive_il_best_epoch_1.pt
2025-06-13 14:05:25,553 - INFO - SuRL_FixedRL_138726054163424 - ✅ Pretrained IL model loaded successfully
2025-06-13 14:05:36,511 - INFO - SuRL_FixedRL_138726054163424 - 🎓 Autoregressive IL Trainer initialized
2025-06-13 14:05:36,511 - INFO - SuRL_FixedRL_138726054163424 -    Device: cuda
2025-06-13 14:05:36,511 - INFO - SuRL_FixedRL_138726054163424 -    Epochs: 5
2025-06-13 14:05:36,511 - INFO - SuRL_FixedRL_138726054163424 -    Learning rate: 0.0001
2025-06-13 14:05:36,511 - INFO - SuRL_FixedRL_138726054163424 -    Focus: Causal frame generation → action prediction
2025-06-13 14:05:36,511 - INFO - SuRL_FixedRL_138726054163424 - 📊 Evaluating pretrained IL model...
2025-06-13 14:05:52,714 - INFO - SuRL_FixedRL_138726054163424 - 📊 Evaluating Autoregressive IL Model...
2025-06-13 14:06:26,423 - INFO - SuRL_FixedRL_138726054163424 - 📊 Evaluating generation quality...
2025-06-13 14:06:51,202 - INFO - SuRL_FixedRL_138726054163424 - ✅ Evaluation completed
2025-06-13 14:06:51,202 - INFO - SuRL_FixedRL_138726054163424 - 📊 Action mAP: 0.6817
2025-06-13 14:06:51,202 - INFO - SuRL_FixedRL_138726054163424 - 📊 Frame MSE: 0.1685
2025-06-13 14:06:51,202 - INFO - SuRL_FixedRL_138726054163424 - 📊 Exact Match: 0.3836
2025-06-13 14:06:51,203 - INFO - SuRL_FixedRL_138726054163424 - 🌍 Running Method 2: FIXED Conditional World Model + RL
