2025-03-11 20:35:17,765 - INFO - Log file: logs/2025-03-11_20-35-17/loggings.log
2025-03-11 20:35:17,765 - INFO - Starting CholecT50 experiment for Surgical Actions Prediction
2025-03-11 20:35:17,766 - INFO - Experiment configuration: {'max_videos': 1, 'pretrain_next_frame': {'train': True, 'inference': True}, 'pretrain_reward_model': False, 'calculate_action_rewards': False, 'train_action_policy': False, 'run_tdmpc': False, 'analyze_results': False, 'run_evaluation': False}
2025-03-11 20:35:17,766 - INFO - Using device: cuda
2025-03-11 20:35:17,766 - INFO - Loading CholecT50 data...
2025-03-11 20:35:25,343 - INFO - Best model path: best_model_epoch1_valloss1.190734.pt
2025-03-11 20:35:25,538 - INFO - Loaded best model from best_model_epoch1_valloss1.190734.pt
2025-03-11 20:35:25,538 - INFO - Skip training and start validation
2025-03-11 20:35:25,539 - INFO - Epoch 1/1 Validation
2025-03-11 20:35:25,539 - INFO - Starting validation
2025-03-11 20:35:25,719 - INFO - Epoch 1/1, Batch 0/178, Loss: 17.0696
2025-03-11 20:37:27,472 - INFO - Epoch 1/1, Batch 40/178, Loss: 18.8383
2025-03-11 20:38:03,419 - INFO - Epoch 1/1, Batch 80/178, Loss: 19.3656
2025-03-11 20:38:38,475 - INFO - Epoch 1/1, Batch 120/178, Loss: 21.6542
2025-03-11 20:39:16,692 - INFO - Epoch 1/1, Batch 160/178, Loss: 18.8364
2025-03-11 20:39:35,150 - INFO - Epoch 1/1, Val Loss: 1.1950
2025-03-11 20:39:35,157 - INFO - 
Comprehensive Evaluation Results:
2025-03-11 20:39:35,157 - INFO - 
--- Prediction Horizon: 1 ---
2025-03-11 20:39:35,157 - INFO - mAP: 1.0000
2025-03-11 20:39:35,157 - INFO - 
Accuracy Metrics:
2025-03-11 20:39:35,157 - INFO - Metric               Value     
2025-03-11 20:39:35,157 - INFO - ------------------------------
2025-03-11 20:39:35,157 - INFO - 
Accuracy Metrics:
2025-03-11 20:39:35,157 - INFO - Metric               Value     
2025-03-11 20:39:35,157 - INFO - ------------------------------
2025-03-11 20:39:35,157 - INFO - top_1_any_match      1.0000
2025-03-11 20:39:35,157 - INFO - top_3_any_match      1.0000
2025-03-11 20:39:35,157 - INFO - top_5_any_match      1.0000
2025-03-11 20:39:35,157 - INFO - top_10_any_match     1.0000
2025-03-11 20:39:35,157 - INFO - top_1_exact_match    1.0000
2025-03-11 20:39:35,157 - INFO - top_3_exact_match    1.0000
2025-03-11 20:39:35,157 - INFO - top_5_exact_match    1.0000
2025-03-11 20:39:35,157 - INFO - top_10_exact_match   1.0000
2025-03-11 20:39:35,157 - INFO - 
Recall Metrics:
2025-03-11 20:39:35,157 - INFO - Metric               Value     
2025-03-11 20:39:35,157 - INFO - ------------------------------
2025-03-11 20:39:35,157 - INFO - top_1_recall         1.0000
2025-03-11 20:39:35,157 - INFO - top_3_recall         1.0000
2025-03-11 20:39:35,157 - INFO - top_5_recall         1.0000
2025-03-11 20:39:35,157 - INFO - top_10_recall        1.0000
2025-03-11 20:39:35,158 - INFO - 
Precision Metrics:
2025-03-11 20:39:35,158 - INFO - Metric               Value     
2025-03-11 20:39:35,158 - INFO - ------------------------------
2025-03-11 20:39:35,158 - INFO - top_1_precision      1.0000
2025-03-11 20:39:35,158 - INFO - top_3_precision      0.3333
2025-03-11 20:39:35,158 - INFO - top_5_precision      0.2000
2025-03-11 20:39:35,158 - INFO - top_10_precision     0.1000
2025-03-11 20:39:35,158 - INFO - 
F1-Score Metrics:
2025-03-11 20:39:35,158 - INFO - Metric               Value     
2025-03-11 20:39:35,158 - INFO - ------------------------------
2025-03-11 20:39:35,158 - INFO - top_1_f1             1.0000
2025-03-11 20:39:35,158 - INFO - top_3_f1             0.5000
2025-03-11 20:39:35,158 - INFO - top_5_f1             0.3333
2025-03-11 20:39:35,158 - INFO - top_10_f1            0.1818
2025-03-11 20:39:35,158 - INFO - 
--- Prediction Horizon: 3 ---
2025-03-11 20:39:35,158 - INFO - mAP: 1.0000
2025-03-11 20:39:35,158 - INFO - 
Accuracy Metrics:
2025-03-11 20:39:35,158 - INFO - Metric               Value     
2025-03-11 20:39:35,158 - INFO - ------------------------------
2025-03-11 20:39:35,158 - INFO - 
Accuracy Metrics:
2025-03-11 20:39:35,158 - INFO - Metric               Value     
2025-03-11 20:39:35,158 - INFO - ------------------------------
2025-03-11 20:39:35,158 - INFO - top_1_any_match      1.0000
2025-03-11 20:39:35,158 - INFO - top_3_any_match      1.0000
2025-03-11 20:39:35,158 - INFO - top_5_any_match      1.0000
2025-03-11 20:39:35,158 - INFO - top_10_any_match     1.0000
2025-03-11 20:39:35,159 - INFO - top_1_exact_match    1.0000
2025-03-11 20:39:35,159 - INFO - top_3_exact_match    1.0000
2025-03-11 20:39:35,159 - INFO - top_5_exact_match    1.0000
2025-03-11 20:39:35,159 - INFO - top_10_exact_match   1.0000
2025-03-11 20:39:35,159 - INFO - 
Recall Metrics:
2025-03-11 20:39:35,159 - INFO - Metric               Value     
2025-03-11 20:39:35,159 - INFO - ------------------------------
2025-03-11 20:39:35,159 - INFO - top_1_recall         1.0000
2025-03-11 20:39:35,159 - INFO - top_3_recall         1.0000
2025-03-11 20:39:35,159 - INFO - top_5_recall         1.0000
2025-03-11 20:39:35,159 - INFO - top_10_recall        1.0000
2025-03-11 20:39:35,159 - INFO - 
Precision Metrics:
2025-03-11 20:39:35,159 - INFO - Metric               Value     
2025-03-11 20:39:35,159 - INFO - ------------------------------
2025-03-11 20:39:35,159 - INFO - top_1_precision      1.0000
2025-03-11 20:39:35,159 - INFO - top_3_precision      0.3333
2025-03-11 20:39:35,159 - INFO - top_5_precision      0.2000
2025-03-11 20:39:35,159 - INFO - top_10_precision     0.1000
2025-03-11 20:39:35,159 - INFO - 
F1-Score Metrics:
2025-03-11 20:39:35,159 - INFO - Metric               Value     
2025-03-11 20:39:35,159 - INFO - ------------------------------
2025-03-11 20:39:35,159 - INFO - top_1_f1             1.0000
2025-03-11 20:39:35,159 - INFO - top_3_f1             0.5000
2025-03-11 20:39:35,159 - INFO - top_5_f1             0.3333
2025-03-11 20:39:35,159 - INFO - top_10_f1            0.1818
2025-03-11 20:39:35,159 - INFO - 
--- Prediction Horizon: 5 ---
2025-03-11 20:39:35,159 - INFO - mAP: 1.0000
2025-03-11 20:39:35,159 - INFO - 
Accuracy Metrics:
2025-03-11 20:39:35,159 - INFO - Metric               Value     
2025-03-11 20:39:35,159 - INFO - ------------------------------
2025-03-11 20:39:35,159 - INFO - 
Accuracy Metrics:
2025-03-11 20:39:35,160 - INFO - Metric               Value     
2025-03-11 20:39:35,160 - INFO - ------------------------------
2025-03-11 20:39:35,160 - INFO - top_1_any_match      1.0000
2025-03-11 20:39:35,160 - INFO - top_3_any_match      1.0000
2025-03-11 20:39:35,160 - INFO - top_5_any_match      1.0000
2025-03-11 20:39:35,160 - INFO - top_10_any_match     1.0000
2025-03-11 20:39:35,160 - INFO - top_1_exact_match    1.0000
2025-03-11 20:39:35,160 - INFO - top_3_exact_match    1.0000
2025-03-11 20:39:35,160 - INFO - top_5_exact_match    1.0000
2025-03-11 20:39:35,160 - INFO - top_10_exact_match   1.0000
2025-03-11 20:39:35,160 - INFO - 
Recall Metrics:
2025-03-11 20:39:35,160 - INFO - Metric               Value     
2025-03-11 20:39:35,160 - INFO - ------------------------------
2025-03-11 20:39:35,160 - INFO - top_1_recall         1.0000
2025-03-11 20:39:35,160 - INFO - top_3_recall         1.0000
2025-03-11 20:39:35,160 - INFO - top_5_recall         1.0000
2025-03-11 20:39:35,160 - INFO - top_10_recall        1.0000
2025-03-11 20:39:35,160 - INFO - 
Precision Metrics:
2025-03-11 20:39:35,160 - INFO - Metric               Value     
2025-03-11 20:39:35,160 - INFO - ------------------------------
2025-03-11 20:39:35,160 - INFO - top_1_precision      1.0000
2025-03-11 20:39:35,160 - INFO - top_3_precision      0.3333
2025-03-11 20:39:35,160 - INFO - top_5_precision      0.2000
2025-03-11 20:39:35,160 - INFO - top_10_precision     0.1000
2025-03-11 20:39:35,160 - INFO - 
F1-Score Metrics:
2025-03-11 20:39:35,160 - INFO - Metric               Value     
2025-03-11 20:39:35,160 - INFO - ------------------------------
2025-03-11 20:39:35,160 - INFO - top_1_f1             1.0000
2025-03-11 20:39:35,160 - INFO - top_3_f1             0.5000
2025-03-11 20:39:35,160 - INFO - top_5_f1             0.3333
2025-03-11 20:39:35,160 - INFO - top_10_f1            0.1818
2025-03-11 20:39:35,160 - INFO - 
--- Prediction Horizon: 10 ---
2025-03-11 20:39:35,161 - INFO - mAP: 1.0000
2025-03-11 20:39:35,161 - INFO - 
Accuracy Metrics:
2025-03-11 20:39:35,161 - INFO - Metric               Value     
2025-03-11 20:39:35,161 - INFO - ------------------------------
2025-03-11 20:39:35,161 - INFO - 
Accuracy Metrics:
2025-03-11 20:39:35,161 - INFO - Metric               Value     
2025-03-11 20:39:35,161 - INFO - ------------------------------
2025-03-11 20:39:35,161 - INFO - top_1_any_match      1.0000
2025-03-11 20:39:35,161 - INFO - top_3_any_match      1.0000
2025-03-11 20:39:35,161 - INFO - top_5_any_match      1.0000
2025-03-11 20:39:35,161 - INFO - top_10_any_match     1.0000
2025-03-11 20:39:35,161 - INFO - top_1_exact_match    1.0000
2025-03-11 20:39:35,161 - INFO - top_3_exact_match    1.0000
2025-03-11 20:39:35,161 - INFO - top_5_exact_match    1.0000
2025-03-11 20:39:35,161 - INFO - top_10_exact_match   1.0000
2025-03-11 20:39:35,161 - INFO - 
Recall Metrics:
2025-03-11 20:39:35,161 - INFO - Metric               Value     
2025-03-11 20:39:35,161 - INFO - ------------------------------
2025-03-11 20:39:35,161 - INFO - top_1_recall         1.0000
2025-03-11 20:39:35,161 - INFO - top_3_recall         1.0000
2025-03-11 20:39:35,161 - INFO - top_5_recall         1.0000
2025-03-11 20:39:35,161 - INFO - top_10_recall        1.0000
2025-03-11 20:39:35,161 - INFO - 
Precision Metrics:
2025-03-11 20:39:35,161 - INFO - Metric               Value     
2025-03-11 20:39:35,161 - INFO - ------------------------------
2025-03-11 20:39:35,161 - INFO - top_1_precision      1.0000
2025-03-11 20:39:35,161 - INFO - top_3_precision      0.3333
2025-03-11 20:39:35,161 - INFO - top_5_precision      0.2000
2025-03-11 20:39:35,161 - INFO - top_10_precision     0.1000
2025-03-11 20:39:35,161 - INFO - 
F1-Score Metrics:
2025-03-11 20:39:35,161 - INFO - Metric               Value     
2025-03-11 20:39:35,161 - INFO - ------------------------------
2025-03-11 20:39:35,161 - INFO - top_1_f1             1.0000
2025-03-11 20:39:35,161 - INFO - top_3_f1             0.5000
2025-03-11 20:39:35,161 - INFO - top_5_f1             0.3333
2025-03-11 20:39:35,161 - INFO - top_10_f1            0.1818
2025-03-11 20:39:35,161 - INFO - 
--- Prediction Horizon: 15 ---
2025-03-11 20:39:35,161 - INFO - mAP: 1.0000
2025-03-11 20:39:35,161 - INFO - 
Accuracy Metrics:
2025-03-11 20:39:35,162 - INFO - Metric               Value     
2025-03-11 20:39:35,162 - INFO - ------------------------------
2025-03-11 20:39:35,162 - INFO - 
Accuracy Metrics:
2025-03-11 20:39:35,162 - INFO - Metric               Value     
2025-03-11 20:39:35,162 - INFO - ------------------------------
2025-03-11 20:39:35,162 - INFO - top_1_any_match      1.0000
2025-03-11 20:39:35,162 - INFO - top_3_any_match      1.0000
2025-03-11 20:39:35,162 - INFO - top_5_any_match      1.0000
2025-03-11 20:39:35,162 - INFO - top_10_any_match     1.0000
2025-03-11 20:39:35,162 - INFO - top_1_exact_match    1.0000
2025-03-11 20:39:35,162 - INFO - top_3_exact_match    1.0000
2025-03-11 20:39:35,162 - INFO - top_5_exact_match    1.0000
2025-03-11 20:39:35,162 - INFO - top_10_exact_match   1.0000
2025-03-11 20:39:35,162 - INFO - 
Recall Metrics:
2025-03-11 20:39:35,162 - INFO - Metric               Value     
2025-03-11 20:39:35,162 - INFO - ------------------------------
2025-03-11 20:39:35,162 - INFO - top_1_recall         1.0000
2025-03-11 20:39:35,162 - INFO - top_3_recall         1.0000
2025-03-11 20:39:35,162 - INFO - top_5_recall         1.0000
2025-03-11 20:39:35,162 - INFO - top_10_recall        1.0000
2025-03-11 20:39:35,162 - INFO - 
Precision Metrics:
2025-03-11 20:39:35,162 - INFO - Metric               Value     
2025-03-11 20:39:35,162 - INFO - ------------------------------
2025-03-11 20:39:35,162 - INFO - top_1_precision      1.0000
2025-03-11 20:39:35,162 - INFO - top_3_precision      0.3333
2025-03-11 20:39:35,162 - INFO - top_5_precision      0.2000
2025-03-11 20:39:35,162 - INFO - top_10_precision     0.1000
2025-03-11 20:39:35,162 - INFO - 
F1-Score Metrics:
2025-03-11 20:39:35,162 - INFO - Metric               Value     
2025-03-11 20:39:35,162 - INFO - ------------------------------
2025-03-11 20:39:35,162 - INFO - top_1_f1             1.0000
2025-03-11 20:39:35,163 - INFO - top_3_f1             0.5000
2025-03-11 20:39:35,163 - INFO - top_5_f1             0.3333
2025-03-11 20:39:35,163 - INFO - top_10_f1            0.1818
2025-03-11 20:39:36,295 - INFO - 
Action Prediction Accuracy:
2025-03-11 20:39:36,296 - INFO - --------------------------------------------------
2025-03-11 20:39:36,296 - INFO - Horizon    Top-k      Accuracy  
2025-03-11 20:39:36,296 - INFO - --------------------------------------------------
2025-03-11 20:39:36,296 - INFO - 1          mAP             1.0000
2025-03-11 20:39:36,296 - INFO - 3          mAP             1.0000
2025-03-11 20:39:36,296 - INFO - 5          mAP             1.0000
2025-03-11 20:39:36,296 - INFO - 10         mAP             1.0000
2025-03-11 20:39:36,296 - INFO - 15         mAP             1.0000
2025-03-11 20:39:36,296 - INFO - --------------------------------------------------
