2025-06-16 10:55:08,349 - INFO - SuRL_FixedRL_138657603368384 - Shared experiment log directory: results/fixed_rl_2025-06-16_10-55-08/logs
2025-06-16 10:55:08,350 - INFO - SuRL_FixedRL_138657603368384 - 🎯 FIXED RL Experiment: fixed_rl_2025-06-16_10-55-08
2025-06-16 10:55:08,350 - INFO - SuRL_FixedRL_138657603368384 - 📁 Results dir: results/fixed_rl_2025-06-16_10-55-08
2025-06-16 10:55:08,350 - INFO - SuRL_FixedRL_138657603368384 - 🚀 Starting Complete FIXED RL Comparison
2025-06-16 10:55:08,350 - INFO - SuRL_FixedRL_138657603368384 - ============================================================
2025-06-16 10:55:08,350 - INFO - SuRL_FixedRL_138657603368384 - 📂 Loading CholecT50 data...
2025-06-16 10:55:08,350 - INFO - SuRL_FixedRL_138657603368384 -    Training videos: 40
2025-06-16 10:55:08,350 - INFO - SuRL_FixedRL_138657603368384 -    Test videos: 10
2025-06-16 10:55:08,351 - INFO - SuRL_FixedRL_138657603368384 - Loading train data from /home/maxboels/datasets/CholecT50 with fold 0
2025-06-16 10:55:08,829 - INFO - SuRL_FixedRL_138657603368384 - ✅ Loaded metadata: /home/maxboels/datasets/CholecT50/embeddings_train_set/fold0/embeddings_f0_swin_bas_129_phase_complet_phase_transit_prog_prob_action_risk_glob_outcome.csv - Shape: (78968, 156)
2025-06-16 10:55:08,829 - INFO - SuRL_FixedRL_138657603368384 - [Train] Start processing metadata file /home/maxboels/datasets/CholecT50/embeddings_train_set/fold0/embeddings_f0_swin_bas_129_phase_complet_phase_transit_prog_prob_action_risk_glob_outcome.csv
2025-06-16 10:55:08,829 - INFO - SuRL_FixedRL_138657603368384 - [Train] Rewards extraction skipped, using metadata file /home/maxboels/datasets/CholecT50/embeddings_train_set/fold0/embeddings_f0_swin_bas_129_phase_complet_phase_transit_prog_prob_action_risk_glob_outcome.csv
2025-06-16 10:55:08,831 - INFO - SuRL_FixedRL_138657603368384 - [Train] Found 40 videos in metadata file
2025-06-16 10:55:08,831 - INFO - SuRL_FixedRL_138657603368384 - [Train] Loading data for 40 videos
2025-06-16 10:55:09,013 - INFO - SuRL_FixedRL_138657603368384 - ✅ Loaded video VID01: 1734 frames, 1024D embeddings
2025-06-16 10:55:09,170 - INFO - SuRL_FixedRL_138657603368384 - ✅ Loaded video VID04: 1523 frames, 1024D embeddings
2025-06-16 10:55:09,404 - INFO - SuRL_FixedRL_138657603368384 - ✅ Loaded video VID05: 2345 frames, 1024D embeddings
2025-06-16 10:55:09,561 - INFO - SuRL_FixedRL_138657603368384 - ✅ Loaded video VID08: 1520 frames, 1024D embeddings
2025-06-16 10:55:09,738 - INFO - SuRL_FixedRL_138657603368384 - ✅ Loaded video VID10: 1750 frames, 1024D embeddings
2025-06-16 10:55:09,954 - INFO - SuRL_FixedRL_138657603368384 - ✅ Loaded video VID103: 2220 frames, 1024D embeddings
2025-06-16 10:55:10,166 - INFO - SuRL_FixedRL_138657603368384 - ✅ Loaded video VID110: 2177 frames, 1024D embeddings
2025-06-16 10:55:10,287 - INFO - SuRL_FixedRL_138657603368384 - ✅ Loaded video VID12: 1091 frames, 1024D embeddings
2025-06-16 10:55:10,397 - INFO - SuRL_FixedRL_138657603368384 - ✅ Loaded video VID13: 982 frames, 1024D embeddings
2025-06-16 10:55:10,599 - INFO - SuRL_FixedRL_138657603368384 - ✅ Loaded video VID15: 2059 frames, 1024D embeddings
2025-06-16 10:55:10,793 - INFO - SuRL_FixedRL_138657603368384 - ✅ Loaded video VID18: 1943 frames, 1024D embeddings
2025-06-16 10:55:10,952 - INFO - SuRL_FixedRL_138657603368384 - ✅ Loaded video VID22: 1533 frames, 1024D embeddings
2025-06-16 10:55:11,131 - INFO - SuRL_FixedRL_138657603368384 - ✅ Loaded video VID26: 1774 frames, 1024D embeddings
2025-06-16 10:55:11,339 - INFO - SuRL_FixedRL_138657603368384 - ✅ Loaded video VID27: 2085 frames, 1024D embeddings
2025-06-16 10:55:11,577 - INFO - SuRL_FixedRL_138657603368384 - ✅ Loaded video VID29: 2351 frames, 1024D embeddings
2025-06-16 10:55:11,961 - INFO - SuRL_FixedRL_138657603368384 - ✅ Loaded video VID31: 3946 frames, 1024D embeddings
2025-06-16 10:55:12,174 - INFO - SuRL_FixedRL_138657603368384 - ✅ Loaded video VID32: 2117 frames, 1024D embeddings
2025-06-16 10:55:12,384 - INFO - SuRL_FixedRL_138657603368384 - ✅ Loaded video VID35: 2107 frames, 1024D embeddings
2025-06-16 10:55:12,623 - INFO - SuRL_FixedRL_138657603368384 - ✅ Loaded video VID36: 2388 frames, 1024D embeddings
2025-06-16 10:55:12,852 - INFO - SuRL_FixedRL_138657603368384 - ✅ Loaded video VID40: 2223 frames, 1024D embeddings
2025-06-16 10:55:13,215 - INFO - SuRL_FixedRL_138657603368384 - ✅ Loaded video VID42: 3713 frames, 1024D embeddings
2025-06-16 10:55:13,451 - INFO - SuRL_FixedRL_138657603368384 - ✅ Loaded video VID43: 2363 frames, 1024D embeddings
2025-06-16 10:55:13,677 - INFO - SuRL_FixedRL_138657603368384 - ✅ Loaded video VID47: 2260 frames, 1024D embeddings
2025-06-16 10:55:13,864 - INFO - SuRL_FixedRL_138657603368384 - ✅ Loaded video VID48: 1835 frames, 1024D embeddings
2025-06-16 10:55:14,037 - INFO - SuRL_FixedRL_138657603368384 - ✅ Loaded video VID49: 1672 frames, 1024D embeddings
2025-06-16 10:55:14,239 - INFO - SuRL_FixedRL_138657603368384 - ✅ Loaded video VID52: 1967 frames, 1024D embeddings
2025-06-16 10:55:14,431 - INFO - SuRL_FixedRL_138657603368384 - ✅ Loaded video VID56: 1837 frames, 1024D embeddings
2025-06-16 10:55:14,714 - INFO - SuRL_FixedRL_138657603368384 - ✅ Loaded video VID57: 2633 frames, 1024D embeddings
2025-06-16 10:55:14,968 - INFO - SuRL_FixedRL_138657603368384 - ✅ Loaded video VID60: 2533 frames, 1024D embeddings
2025-06-16 10:55:15,170 - INFO - SuRL_FixedRL_138657603368384 - ✅ Loaded video VID62: 2033 frames, 1024D embeddings
2025-06-16 10:55:15,359 - INFO - SuRL_FixedRL_138657603368384 - ✅ Loaded video VID65: 1874 frames, 1024D embeddings
2025-06-16 10:55:15,560 - INFO - SuRL_FixedRL_138657603368384 - ✅ Loaded video VID68: 1973 frames, 1024D embeddings
2025-06-16 10:55:15,685 - INFO - SuRL_FixedRL_138657603368384 - ✅ Loaded video VID70: 1195 frames, 1024D embeddings
2025-06-16 10:55:15,827 - INFO - SuRL_FixedRL_138657603368384 - ✅ Loaded video VID73: 1357 frames, 1024D embeddings
2025-06-16 10:55:15,996 - INFO - SuRL_FixedRL_138657603368384 - ✅ Loaded video VID74: 1635 frames, 1024D embeddings
2025-06-16 10:55:16,189 - INFO - SuRL_FixedRL_138657603368384 - ✅ Loaded video VID75: 1924 frames, 1024D embeddings
2025-06-16 10:55:16,271 - INFO - SuRL_FixedRL_138657603368384 - ✅ Loaded video VID78: 740 frames, 1024D embeddings
2025-06-16 10:55:16,450 - INFO - SuRL_FixedRL_138657603368384 - ✅ Loaded video VID80: 1725 frames, 1024D embeddings
2025-06-16 10:55:16,669 - INFO - SuRL_FixedRL_138657603368384 - ✅ Loaded video VID92: 2124 frames, 1024D embeddings
2025-06-16 10:55:16,840 - INFO - SuRL_FixedRL_138657603368384 - ✅ Loaded video VID96: 1707 frames, 1024D embeddings
2025-06-16 10:55:29,517 - INFO - SuRL_FixedRL_138657603368384 - ✅ Successfully loaded 40 videos for train
2025-06-16 10:55:29,518 - INFO - SuRL_FixedRL_138657603368384 - 📊 Analyzing reward values for 40 videos...
2025-06-16 10:55:29,519 - WARNING - SuRL_FixedRL_138657603368384 - ⚠️ Reward analysis failed: [Errno 2] No such file or directory: 'reward_analysis/train/20250616_105529'
