2025-06-04 12:44:40,685 - INFO - SuRL_140572572297328 - Shared experiment log directory: logs/2025-06-04_12-44
2025-06-04 12:44:40,685 - INFO - SuRL_140572572297328 - 🚀 SURGICAL RL COMPARISON INITIALIZED
2025-06-04 12:44:40,685 - INFO - SuRL_140572572297328 - Method 1: Imitation Learning (Baseline)
2025-06-04 12:44:40,685 - INFO - SuRL_140572572297328 - Method 2: RL with World Model Simulation
2025-06-04 12:44:40,685 - INFO - SuRL_140572572297328 - Method 3: RL with Offline Video Episodes
2025-06-04 12:44:40,685 - INFO - SuRL_140572572297328 - Device: cuda
2025-06-04 12:44:40,686 - INFO - SuRL_140572572297328 - Results will be saved to: logs/2025-06-04_12-44/results
2025-06-04 12:44:40,686 - INFO - SuRL_140572572297328 - ============================================================
2025-06-04 12:44:40,686 - INFO - SuRL_140572572297328 - STEP 1: LOADING DATASET
2025-06-04 12:44:40,686 - INFO - SuRL_140572572297328 - ============================================================
2025-06-04 12:44:40,686 - INFO - SuRL_140572572297328 - Loading train data from /home/maxboels/datasets/CholecT50 with fold 0
2025-06-04 12:44:41,135 - INFO - SuRL_140572572297328 - [Train] Start processing metadata file /home/maxboels/datasets/CholecT50/embeddings_train_set/fold0/embeddings_f0_swin_bas_129_phase_complet_phase_transit_prog_prob_action_risk_glob_outcome.csv
2025-06-04 12:44:41,135 - INFO - SuRL_140572572297328 - [Train] Rewards extraction skipped, using metadata file /home/maxboels/datasets/CholecT50/embeddings_train_set/fold0/embeddings_f0_swin_bas_129_phase_complet_phase_transit_prog_prob_action_risk_glob_outcome.csv
2025-06-04 12:44:41,137 - INFO - SuRL_140572572297328 - [Train] Found 2 videos in metadata file
2025-06-04 12:44:41,137 - INFO - SuRL_140572572297328 - [Train] Loading data for 2 videos
2025-06-04 12:44:41,278 - INFO - SuRL_140572572297328 - Loading test data from /home/maxboels/datasets/CholecT50 with fold 0
2025-06-04 12:44:41,379 - INFO - SuRL_140572572297328 - [Test] Start processing metadata file /home/maxboels/datasets/CholecT50/embeddings_test_set/fold0/embeddings_f0_swin_bas_129_phase_complet_phase_transit_prog_prob_action_risk_glob_outcome.csv
2025-06-04 12:44:41,379 - INFO - SuRL_140572572297328 - [Test] Rewards extraction skipped, using metadata file /home/maxboels/datasets/CholecT50/embeddings_test_set/fold0/embeddings_f0_swin_bas_129_phase_complet_phase_transit_prog_prob_action_risk_glob_outcome.csv
2025-06-04 12:44:41,380 - INFO - SuRL_140572572297328 - [Test] Found 1 videos in metadata file
2025-06-04 12:44:41,380 - INFO - SuRL_140572572297328 - [Test] Loading data for 1 videos
2025-06-04 12:44:41,492 - INFO - SuRL_140572572297328 - ✅ Loaded 2 training videos and 1 test videos
2025-06-04 12:44:41,492 - INFO - SuRL_140572572297328 - ============================================================
2025-06-04 12:44:41,492 - INFO - SuRL_140572572297328 - STEP 2: METHOD 1 - IMITATION LEARNING BASELINE
2025-06-04 12:44:41,492 - INFO - SuRL_140572572297328 - ============================================================
2025-06-04 12:44:41,492 - INFO - SuRL_140572572297328 - 🎓 Training Imitation Learning Baseline...
2025-06-04 12:44:41,492 - INFO - SuRL_140572572297328 - 📋 Approach: Supervised learning on expert demonstrations
2025-06-04 12:44:43,727 - INFO - SuRL_140572572297328 - Starting the Imitation Learning training for autoregressive action prediction
2025-06-04 12:44:44,157 - INFO - SuRL_140572572297328 - Batch 0/204 | Loss: 3.3123
2025-06-04 12:44:48,664 - INFO - SuRL_140572572297328 - Batch 100/204 | Loss: 0.5414
2025-06-04 12:44:53,114 - INFO - SuRL_140572572297328 - Batch 200/204 | Loss: 0.3646
2025-06-04 12:45:51,411 - INFO - SuRL_140572572297328 - New best model saved: logs/2025-06-04_12-44/checkpoints/supervised_best_epoch_1.pt
2025-06-04 12:45:51,411 - INFO - SuRL_140572572297328 - Epoch 1/1 | Train Loss: 0.7761 | Val Loss: 0.4113 | Val Action Acc: 0.0000
2025-06-04 12:45:51,859 - INFO - SuRL_140572572297328 - Training plots saved to logs/2025-06-04_12-44
2025-06-04 12:45:51,972 - INFO - SuRL_140572572297328 - Training completed. Best model: logs/2025-06-04_12-44/checkpoints/supervised_best_epoch_1.pt
2025-06-04 12:45:51,972 - INFO - SuRL_140572572297328 - Final model: logs/2025-06-04_12-44/checkpoints/final_model.pt
2025-06-04 12:45:55,233 - INFO - SuRL_140572572297328 - ✅ Method 1 (IL) completed successfully
2025-06-04 12:45:55,233 - INFO - SuRL_140572572297328 - 📊 IL mAP: 0.2378
2025-06-04 12:45:55,302 - INFO - SuRL_140572572297328 - ============================================================
2025-06-04 12:45:55,302 - INFO - SuRL_140572572297328 - STEP 3: METHOD 2 - RL WITH WORLD MODEL SIMULATION
2025-06-04 12:45:55,302 - INFO - SuRL_140572572297328 - ============================================================
2025-06-04 12:45:55,302 - INFO - SuRL_140572572297328 - 🌍 Training RL with World Model Simulation...
2025-06-04 12:45:55,302 - INFO - SuRL_140572572297328 - 📋 Approach: World model as RL environment simulator
2025-06-04 12:45:55,905 - INFO - SuRL_140572572297328 - ✅ Using world model from Method 1: logs/2025-06-04_12-44/checkpoints/supervised_best_epoch_1.pt
2025-06-04 12:45:55,905 - INFO - SuRL_140572572297328 - 🤖 Training PPO with world model simulation...
2025-06-04 12:46:07,565 - INFO - SuRL_140572572297328 - 🤖 Training A2C with world model simulation...
2025-06-04 12:46:15,248 - INFO - SuRL_140572572297328 - ✅ Method 2 (RL + World Model) completed successfully
2025-06-04 12:46:15,248 - INFO - SuRL_140572572297328 - 📊 Successful RL models: ['ppo', 'a2c']
2025-06-04 12:46:15,248 - INFO - SuRL_140572572297328 - ============================================================
2025-06-04 12:46:15,248 - INFO - SuRL_140572572297328 - STEP 4: METHOD 3 - RL WITH OFFLINE VIDEO EPISODES
2025-06-04 12:46:15,248 - INFO - SuRL_140572572297328 - ============================================================
2025-06-04 12:46:15,248 - INFO - SuRL_140572572297328 - 📹 Training RL with Offline Video Episodes...
2025-06-04 12:46:15,248 - INFO - SuRL_140572572297328 - 📋 Approach: Direct RL on video sequences (no world model)
2025-06-04 12:46:15,248 - INFO - SuRL_140572572297328 - 🧪 Testing Direct Video Environment...
2025-06-04 12:46:15,250 - INFO - SuRL_140572572297328 - 🚀 Training RL algorithms on direct video sequences for 10000 timesteps...
2025-06-04 12:46:33,670 - INFO - SuRL_140572572297328 - ✅ ppo Direct Video evaluation completed
2025-06-04 12:46:33,670 - INFO - SuRL_140572572297328 - ✅ a2c Direct Video evaluation completed
2025-06-04 12:46:33,670 - INFO - SuRL_140572572297328 - ✅ Method 3 (RL + Offline Videos) completed successfully
2025-06-04 12:46:33,670 - INFO - SuRL_140572572297328 - 📊 Successful Direct Video RL models: ['ppo', 'a2c']
2025-06-04 12:46:33,670 - INFO - SuRL_140572572297328 - ============================================================
2025-06-04 12:46:33,670 - INFO - SuRL_140572572297328 - STEP 5: COMPREHENSIVE EVALUATION AND COMPARISON
2025-06-04 12:46:33,670 - INFO - SuRL_140572572297328 - ============================================================
2025-06-04 12:46:33,670 - INFO - SuRL_140572572297328 - 📊 Running Integrated Evaluation with Rollout Saving...
2025-06-04 12:46:33,834 - INFO - SuRL_140572572297328 - 🔬 Integrated Evaluation Framework initialized
2025-06-04 12:46:33,834 - INFO - SuRL_140572572297328 - 📁 Results will be saved to: logs/2025-06-04_12-44/results/integrated_evaluation
2025-06-04 12:46:34,595 - INFO - SuRL_140572572297328 - ✅ IL model loaded for evaluation
2025-06-04 12:46:34,606 - INFO - SuRL_140572572297328 - ✅ RL+WorldModel PPO loaded
2025-06-04 12:46:34,614 - INFO - SuRL_140572572297328 - ✅ RL+WorldModel A2C loaded
2025-06-04 12:46:34,626 - INFO - SuRL_140572572297328 - ✅ RL+OfflineVideos PPO loaded
2025-06-04 12:46:34,638 - INFO - SuRL_140572572297328 - ✅ RL+OfflineVideos A2C loaded
2025-06-04 12:46:34,639 - INFO - SuRL_140572572297328 - 📊 Loaded 5 models for integrated evaluation
2025-06-04 12:46:34,639 - INFO - SuRL_140572572297328 - 🎯 Running Integrated Evaluation with Rollout Saving
2025-06-04 12:46:34,639 - INFO - SuRL_140572572297328 - 📊 Evaluating 5 models on 1 videos
2025-06-04 12:46:34,639 - INFO - SuRL_140572572297328 - ⏱️ Prediction horizon: 15 timesteps
2025-06-04 12:46:34,639 - INFO - SuRL_140572572297328 - ============================================================
2025-06-04 12:46:34,639 - INFO - SuRL_140572572297328 - 📹 Video 1/1
2025-06-04 12:46:34,639 - INFO - SuRL_140572572297328 - 📹 Evaluating VID02 with rollouts (horizon: 15)
2025-06-04 12:46:34,639 - INFO - SuRL_140572572297328 -   🤖 Evaluating IL_Baseline with rollouts
2025-06-04 12:46:34,839 - INFO - SuRL_140572572297328 -     📊 Final mAP: 1.000
2025-06-04 12:46:34,839 - INFO - SuRL_140572572297328 -   🤖 Evaluating RL_WorldModel_PPO with rollouts
2025-06-04 12:46:34,883 - INFO - SuRL_140572572297328 -     📊 Final mAP: 1.000
2025-06-04 12:46:34,883 - INFO - SuRL_140572572297328 -   🤖 Evaluating RL_WorldModel_A2C with rollouts
2025-06-04 12:46:34,925 - INFO - SuRL_140572572297328 -     📊 Final mAP: 1.000
2025-06-04 12:46:34,925 - INFO - SuRL_140572572297328 -   🤖 Evaluating RL_OfflineVideos_PPO with rollouts
2025-06-04 12:46:34,968 - INFO - SuRL_140572572297328 -     📊 Final mAP: 0.980
2025-06-04 12:46:34,968 - INFO - SuRL_140572572297328 -   🤖 Evaluating RL_OfflineVideos_A2C with rollouts
2025-06-04 12:46:35,010 - INFO - SuRL_140572572297328 -     📊 Final mAP: 1.000
2025-06-04 12:46:35,031 - INFO - SuRL_140572572297328 - 📊 Visualization data saved to: logs/2025-06-04_12-44/results/integrated_evaluation/visualization_data.json
2025-06-04 12:46:35,031 - INFO - SuRL_140572572297328 - 💾 Saving integrated evaluation results...
2025-06-04 12:46:35,269 - INFO - SuRL_140572572297328 - 📊 Integrated results saved to: logs/2025-06-04_12-44/results/integrated_evaluation
2025-06-04 12:46:35,269 - INFO - SuRL_140572572297328 - 🎉 INTEGRATED EVALUATION COMPLETED!
2025-06-04 12:46:35,269 - INFO - SuRL_140572572297328 - ==================================================
2025-06-04 12:46:35,269 - INFO - SuRL_140572572297328 - 📊 Key Features:
2025-06-04 12:46:35,269 - INFO - SuRL_140572572297328 -   ✅ Unified mAP metrics for all methods
2025-06-04 12:46:35,269 - INFO - SuRL_140572572297328 -   ✅ Detailed rollout saving at every timestep
2025-06-04 12:46:35,269 - INFO - SuRL_140572572297328 -   ✅ Planning horizon visualization data
2025-06-04 12:46:35,269 - INFO - SuRL_140572572297328 -   ✅ Thinking process capture
2025-06-04 12:46:35,269 - INFO - SuRL_140572572297328 -   ✅ Statistical significance testing
2025-06-04 12:46:35,269 - INFO - SuRL_140572572297328 -   ✅ Visualization-ready data export
2025-06-04 12:46:35,270 - INFO - SuRL_140572572297328 - ✅ Integrated evaluation completed successfully!
2025-06-04 12:46:35,270 - INFO - SuRL_140572572297328 - 
📊 METHOD COMPARISON (Unified mAP Metrics)
2025-06-04 12:46:35,270 - INFO - SuRL_140572572297328 - ============================================================
2025-06-04 12:46:35,270 - INFO - SuRL_140572572297328 - 1. IL Baseline:
2025-06-04 12:46:35,270 - INFO - SuRL_140572572297328 -    📈 mAP: 1.0000 ± 0.0000
2025-06-04 12:46:35,270 - INFO - SuRL_140572572297328 -    📉 Degradation: 0.0000
2025-06-04 12:46:35,270 - INFO - SuRL_140572572297328 -    🎯 Stability: -0.0000
2025-06-04 12:46:35,270 - INFO - SuRL_140572572297328 - 
2025-06-04 12:46:35,270 - INFO - SuRL_140572572297328 - 2. RL WorldModel PPO:
2025-06-04 12:46:35,270 - INFO - SuRL_140572572297328 -    📈 mAP: 1.0000 ± 0.0000
2025-06-04 12:46:35,270 - INFO - SuRL_140572572297328 -    📉 Degradation: 0.0000
2025-06-04 12:46:35,270 - INFO - SuRL_140572572297328 -    🎯 Stability: -0.0000
2025-06-04 12:46:35,270 - INFO - SuRL_140572572297328 - 
2025-06-04 12:46:35,270 - INFO - SuRL_140572572297328 - 3. RL OfflineVideos A2C:
2025-06-04 12:46:35,270 - INFO - SuRL_140572572297328 -    📈 mAP: 1.0000 ± 0.0000
2025-06-04 12:46:35,270 - INFO - SuRL_140572572297328 -    📉 Degradation: 0.0000
2025-06-04 12:46:35,270 - INFO - SuRL_140572572297328 -    🎯 Stability: -0.0000
2025-06-04 12:46:35,270 - INFO - SuRL_140572572297328 - 
2025-06-04 12:46:35,270 - INFO - SuRL_140572572297328 - 4. RL WorldModel A2C:
2025-06-04 12:46:35,270 - INFO - SuRL_140572572297328 -    📈 mAP: 1.0000 ± 0.0000
2025-06-04 12:46:35,270 - INFO - SuRL_140572572297328 -    📉 Degradation: 0.0000
2025-06-04 12:46:35,270 - INFO - SuRL_140572572297328 -    🎯 Stability: -0.0000
2025-06-04 12:46:35,270 - INFO - SuRL_140572572297328 - 
2025-06-04 12:46:35,270 - INFO - SuRL_140572572297328 - 5. RL OfflineVideos PPO:
2025-06-04 12:46:35,270 - INFO - SuRL_140572572297328 -    📈 mAP: 0.9800 ± 0.0000
2025-06-04 12:46:35,270 - INFO - SuRL_140572572297328 -    📉 Degradation: 0.0100
2025-06-04 12:46:35,270 - INFO - SuRL_140572572297328 -    🎯 Stability: -0.0100
2025-06-04 12:46:35,270 - INFO - SuRL_140572572297328 - 
2025-06-04 12:46:35,270 - INFO - SuRL_140572572297328 - 🔬 STATISTICAL SIGNIFICANCE TESTS
2025-06-04 12:46:35,270 - INFO - SuRL_140572572297328 - ========================================
2025-06-04 12:46:35,271 - INFO - SuRL_140572572297328 - No statistically significant differences found
2025-06-04 12:46:35,271 - INFO - SuRL_140572572297328 - ============================================================
2025-06-04 12:46:35,271 - INFO - SuRL_140572572297328 - STEP 6: GENERATING RESEARCH PAPER RESULTS
2025-06-04 12:46:35,271 - INFO - SuRL_140572572297328 - ============================================================
2025-06-04 12:46:35,271 - INFO - SuRL_140572572297328 - 📝 Generating enhanced research paper results...
2025-06-04 12:46:35,271 - INFO - SuRL_140572572297328 - 📄 Integrated experiment summary saved to: logs/2025-06-04_12-44/results/integrated_experiment_summary.md
2025-06-04 12:46:35,271 - INFO - SuRL_140572572297328 - 📄 Integrated paper results saved to: logs/2025-06-04_12-44/results/integrated_paper_results.json
2025-06-04 12:46:35,271 - ERROR - SuRL_140572572297328 - ❌ Experimental comparison failed: name 'convert_numpy_types' is not defined
