2025-04-09 15:28:34,649 - INFO - Log file: logs/2025-04-09_15-28-34/loggings.log
2025-04-09 15:28:34,649 - INFO - Starting CholecT50 experiment for Surgical Actions Prediction
2025-04-09 15:28:34,649 - INFO - Experiment configuration: {'max_videos': 2, 'recognition': {'train': True, 'inference': True, 'best_model_path': 'best_model_epoch1_valloss1.190734.pt'}, 'pretrain_next_frame': {'train': False, 'inference': False, 'best_model_path': 'best_model_epoch1_valloss1.190734.pt'}, 'pretrain_reward_model': False, 'calculate_action_rewards': False, 'train_action_policy': False, 'run_tdmpc': False, 'analyze_results': False, 'run_evaluation': False}
2025-04-09 15:28:34,649 - INFO - Using device: cuda
2025-04-09 15:28:34,649 - INFO - Loading CholecT50 data...
2025-04-09 15:28:42,033 - INFO - Starting model training...
2025-04-09 15:28:42,157 - INFO - [TRAIN] Epoch 1/3, Batch 0/204, Loss: 1.4355
2025-04-09 15:28:42,751 - INFO - [TRAIN] Epoch 1/3, Batch 40/204, Loss: 0.4657
2025-04-09 15:28:43,341 - INFO - [TRAIN] Epoch 1/3, Batch 80/204, Loss: 0.2089
2025-04-09 15:28:43,939 - INFO - [TRAIN] Epoch 1/3, Batch 120/204, Loss: 0.1037
2025-04-09 15:28:44,544 - INFO - [TRAIN] Epoch 1/3, Batch 160/204, Loss: 0.0946
2025-04-09 15:28:45,146 - INFO - [TRAIN] Epoch 1/3, Batch 200/204, Loss: 0.1010
2025-04-09 15:28:45,220 - INFO - Epoch 1/3, Validation mAP Action (sklearn): 0.1005
2025-04-09 15:28:45,220 - INFO - Epoch 1/3, Validation mAP Instrument (sklearn): 0.7665
2025-04-09 15:28:45,220 - INFO - Epoch 1/3, Train Loss: 0.3016
2025-04-09 15:28:45,563 - INFO - [TRAIN] instrument mean AP (ivt_metrics): 0.3153686175708767
2025-04-09 15:28:45,616 - INFO - [TRAIN] action mean AP (ivt_metrics): 0.1004615125463905
2025-04-09 15:28:45,616 - INFO - [TRAIN] Epoch 1/3, Train mAP Instrument (ivt metrics): 0.3154
2025-04-09 15:28:45,617 - INFO - [TRAIN] Epoch 1/3, Train mAP Action (ivt metrics): 0.1005
2025-04-09 15:28:46,279 - INFO - [TEST] Video VID02 | Batch 0/178
2025-04-09 15:28:48,293 - INFO - [TEST] Video VID02 | Batch 40/178
2025-04-09 15:28:48,472 - INFO - [TEST] Video VID02 | Batch 80/178
2025-04-09 15:28:48,643 - INFO - [TEST] Video VID02 | Batch 120/178
2025-04-09 15:28:48,809 - INFO - [TEST] Video VID02 | Batch 160/178
