2025-05-13 19:04:33,252 - INFO - Log file: logs/2025-05-13_19-04-33/loggings.log
2025-05-13 19:04:33,252 - INFO - Starting CholecT50 experiment for Surgical Actions Prediction
2025-05-13 19:04:33,252 - INFO - Experiment configuration: {'max_videos': 5, 'recognition': {'train': False, 'inference': False, 'best_model_path': './best_checkpoints/best_model_epoch2_map0.5008.pt'}, 'world_model': {'train': False, 'inference': True, 'best_model_path': 'logs/2025-05-08_14-14-22/checkpoints/world_model_best_epoch_2.pt'}, 'pretrain_reward_model': False, 'calculate_action_rewards': False, 'train_action_policy': False, 'run_tdmpc': False, 'analyze_results': False, 'run_evaluation': False}
2025-05-13 19:04:33,252 - INFO - Using device: cuda
2025-05-13 19:04:33,252 - INFO - Loading CholecT50 data...
2025-05-13 19:04:33,252 - INFO - Loading train data from /home/maxboels/datasets/CholecT50 with fold 0
2025-05-13 19:04:33,636 - INFO - [train] Start processing metadata file /home/maxboels/datasets/CholecT50/embeddings_train_set/fold0/embeddings_f0_swin_bas_129_phase_complet_phase_transit_prog_prob_action.csv
2025-05-13 19:04:38,431 - INFO - [train] Added risk scores to embeddings_f0_swin_bas_129_phase_complet_phase_transit_prog_prob_action_risk.csv
2025-05-13 19:04:41,270 - INFO - [train] Added global outcome scores to embeddings_f0_swin_bas_129_phase_complet_phase_transit_prog_prob_action_risk_glob_outcome.csv
2025-05-13 19:04:41,272 - INFO - [train] Found 5 videos in metadata file
2025-05-13 19:04:41,272 - INFO - [train] Loading data for 5 videos
2025-05-13 19:04:41,628 - INFO - Loading test data from /home/maxboels/datasets/CholecT50 with fold 0
2025-05-13 19:04:41,715 - INFO - [test] Start processing metadata file /home/maxboels/datasets/CholecT50/embeddings_test_set/fold0/embeddings_f0_swin_bas_129_phase_complet_phase_transit_prog_prob_action.csv
2025-05-13 19:04:42,730 - INFO - [test] Added risk scores to embeddings_f0_swin_bas_129_phase_complet_phase_transit_prog_prob_action_risk.csv
2025-05-13 19:04:43,131 - INFO - [test] Added global outcome scores to embeddings_f0_swin_bas_129_phase_complet_phase_transit_prog_prob_action_risk_glob_outcome.csv
2025-05-13 19:04:43,131 - INFO - [test] Found 5 videos in metadata file
2025-05-13 19:04:43,131 - INFO - [test] Loading data for 5 videos
2025-05-13 19:04:45,958 - INFO - 
[WORLD MODEL] Running inference...
2025-05-13 19:04:45,959 - INFO - [WORLD MODEL] Using best model from pre existing path: logs/2025-05-08_14-14-22/checkpoints/world_model_best_epoch_2.pt
