2025-05-14 19:44:59,838 - INFO - Log file: logs/2025-05-14_19-44-59/loggings.log
2025-05-14 19:44:59,838 - INFO - Starting CholecT50 experiment for Surgical Actions Prediction
2025-05-14 19:44:59,838 - INFO - Experiment configuration: {'max_videos': 2, 'recognition': {'train': False, 'inference': False, 'best_model_path': './best_checkpoints/best_model_epoch2_map0.5008.pt'}, 'world_model': {'train': False, 'inference': True, 'best_model_path': 'logs/2025-05-08_14-14-22/checkpoints/world_model_best_epoch_2.pt'}, 'pretrain_reward_model': False, 'calculate_action_rewards': False, 'train_action_policy': False, 'run_tdmpc': False, 'analyze_results': False, 'run_evaluation': False}
2025-05-14 19:44:59,838 - INFO - Using device: cuda
2025-05-14 19:44:59,838 - INFO - Loading CholecT50 data...
2025-05-14 19:44:59,838 - INFO - Loading train data from /home/maxboels/datasets/CholecT50 with fold 0
2025-05-14 19:45:00,217 - INFO - [train] Start processing metadata file /home/maxboels/datasets/CholecT50/embeddings_train_set/fold0/embeddings_f0_swin_bas_129_phase_complet_phase_transit_prog_prob_action.csv
2025-05-14 19:45:04,035 - INFO - [train] Added risk scores to embeddings_f0_swin_bas_129_phase_complet_phase_transit_prog_prob_action_risk.csv
2025-05-14 19:45:06,867 - INFO - [train] Added global outcome scores to embeddings_f0_swin_bas_129_phase_complet_phase_transit_prog_prob_action_risk_glob_outcome.csv
2025-05-14 19:45:06,868 - INFO - [train] Found 2 videos in metadata file
2025-05-14 19:45:06,868 - INFO - [train] Loading data for 2 videos
2025-05-14 19:45:07,002 - INFO - Loading test data from /home/maxboels/datasets/CholecT50 with fold 0
2025-05-14 19:45:07,089 - INFO - [test] Start processing metadata file /home/maxboels/datasets/CholecT50/embeddings_test_set/fold0/embeddings_f0_swin_bas_129_phase_complet_phase_transit_prog_prob_action.csv
2025-05-14 19:45:07,789 - INFO - [test] Added risk scores to embeddings_f0_swin_bas_129_phase_complet_phase_transit_prog_prob_action_risk.csv
2025-05-14 19:45:08,175 - INFO - [test] Added global outcome scores to embeddings_f0_swin_bas_129_phase_complet_phase_transit_prog_prob_action_risk_glob_outcome.csv
2025-05-14 19:45:08,176 - INFO - [test] Found 2 videos in metadata file
2025-05-14 19:45:08,176 - INFO - [test] Loading data for 2 videos
2025-05-14 19:45:09,506 - INFO - 
[WORLD MODEL] Running inference...
2025-05-14 19:45:09,506 - INFO - [WORLD MODEL] Using best model from pre existing path: logs/2025-05-08_14-14-22/checkpoints/world_model_best_epoch_2.pt
2025-05-14 19:45:10,180 - INFO - Running evaluation in 'full' mode, saving to results/eval_full_20250514_194510
2025-05-14 19:45:10,180 - INFO - [EVAL] Evaluating world model on 2 test videos
2025-05-14 19:45:10,180 - INFO - [EVAL] Video IDs: ['VID02', 'VID06']
2025-05-14 19:45:24,999 - INFO - [EVAL] Video VID02 | State Pred MSE: 0.1612 | Action Pred Accuracy: 0.0000 | Total Loss: 1.0532
2025-05-14 19:45:24,999 - INFO - [EVAL] Video VID02 Rollout | Mean Error: 1.2282 | Growth Rate: 2.8827
2025-05-14 19:45:36,158 - INFO - [EVAL] Video VID06 | State Pred MSE: 0.1563 | Action Pred Accuracy: 0.0000 | Total Loss: 0.7877
2025-05-14 19:45:36,158 - INFO - [EVAL] Video VID06 Rollout | Mean Error: 1.2426 | Growth Rate: 2.4573
2025-05-14 19:45:36,158 - INFO - [EVAL] Overall State MSE: 0.1591
2025-05-14 19:45:36,158 - INFO - [EVAL] Overall Rollout - Mean Error: 1.2354, Growth Rate: 2.6700
2025-05-14 19:45:36,159 - INFO - [EVAL] Horizon 1 - Action Acc: 0.5214, mAP: 0.2184, State MSE: 0.2757
2025-05-14 19:45:36,159 - INFO - [EVAL] Horizon 3 - Action Acc: 0.5252, mAP: 0.2060, State MSE: 0.3193
2025-05-14 19:45:36,159 - INFO - [EVAL] Horizon 5 - Action Acc: 0.5134, mAP: 0.1939, State MSE: 0.3746
2025-05-14 19:45:36,159 - INFO - [EVAL] Horizon 10 - Action Acc: 0.4573, mAP: 0.1557, State MSE: 0.5345
2025-05-14 19:45:36,159 - INFO - [EVAL] Horizon 15 - Action Acc: 0.4147, mAP: 0.1254, State MSE: 0.6626
2025-05-14 19:45:36,166 - INFO - Saved metrics to results/eval_full_20250514_194510/metrics.json
2025-05-14 19:45:36,168 - INFO - Saved generated trajectories to results/eval_full_20250514_194510/generated_trajectories.pt
2025-05-14 19:45:36,676 - INFO - Saved visualizations to results/eval_full_20250514_194510/visualizations
2025-05-14 19:45:36,803 - INFO - Saved figure for video VID02 to results/eval_full_20250514_194510/visualizations/horizon_plots/map_horizon_video_VID02.png
2025-05-14 19:45:36,902 - INFO - Saved figure for video VID06 to results/eval_full_20250514_194510/visualizations/horizon_plots/map_horizon_video_VID06.png
2025-05-14 19:45:36,903 - INFO - Generated mAP vs horizon plots for 2 videos
