2025-05-14 17:02:06,555 - INFO - Log file: logs/2025-05-14_17-02-06/loggings.log
2025-05-14 17:02:06,555 - INFO - Starting CholecT50 experiment for Surgical Actions Prediction
2025-05-14 17:02:06,555 - INFO - Experiment configuration: {'max_videos': 2, 'recognition': {'train': False, 'inference': False, 'best_model_path': './best_checkpoints/best_model_epoch2_map0.5008.pt'}, 'world_model': {'train': False, 'inference': True, 'best_model_path': 'logs/2025-05-08_14-14-22/checkpoints/world_model_best_epoch_2.pt'}, 'pretrain_reward_model': False, 'calculate_action_rewards': False, 'train_action_policy': False, 'run_tdmpc': False, 'analyze_results': False, 'run_evaluation': False}
2025-05-14 17:02:06,555 - INFO - Using device: cuda
2025-05-14 17:02:06,555 - INFO - Loading CholecT50 data...
2025-05-14 17:02:06,555 - INFO - Loading train data from /home/maxboels/datasets/CholecT50 with fold 0
2025-05-14 17:02:06,958 - INFO - [train] Start processing metadata file /home/maxboels/datasets/CholecT50/embeddings_train_set/fold0/embeddings_f0_swin_bas_129_phase_complet_phase_transit_prog_prob_action.csv
2025-05-14 17:02:11,806 - INFO - [train] Added risk scores to embeddings_f0_swin_bas_129_phase_complet_phase_transit_prog_prob_action_risk.csv
2025-05-14 17:02:14,706 - INFO - [train] Added global outcome scores to embeddings_f0_swin_bas_129_phase_complet_phase_transit_prog_prob_action_risk_glob_outcome.csv
2025-05-14 17:02:14,708 - INFO - [train] Found 2 videos in metadata file
2025-05-14 17:02:14,708 - INFO - [train] Loading data for 2 videos
2025-05-14 17:02:14,843 - INFO - Loading test data from /home/maxboels/datasets/CholecT50 with fold 0
2025-05-14 17:02:14,919 - INFO - [test] Start processing metadata file /home/maxboels/datasets/CholecT50/embeddings_test_set/fold0/embeddings_f0_swin_bas_129_phase_complet_phase_transit_prog_prob_action.csv
2025-05-14 17:02:15,924 - INFO - [test] Added risk scores to embeddings_f0_swin_bas_129_phase_complet_phase_transit_prog_prob_action_risk.csv
2025-05-14 17:02:16,330 - INFO - [test] Added global outcome scores to embeddings_f0_swin_bas_129_phase_complet_phase_transit_prog_prob_action_risk_glob_outcome.csv
2025-05-14 17:02:16,331 - INFO - [test] Found 2 videos in metadata file
2025-05-14 17:02:16,331 - INFO - [test] Loading data for 2 videos
2025-05-14 17:02:17,717 - INFO - 
[WORLD MODEL] Running inference...
2025-05-14 17:02:17,717 - INFO - [WORLD MODEL] Using best model from pre existing path: logs/2025-05-08_14-14-22/checkpoints/world_model_best_epoch_2.pt
2025-05-14 17:02:18,528 - INFO - Running evaluation in 'full' mode, saving to results/eval_full_20250514_170218
2025-05-14 17:02:18,528 - INFO - [EVAL] Evaluating world model on 2 test videos
2025-05-14 17:02:18,528 - INFO - [EVAL] Video IDs: ['VID02', 'VID06']
