2025-05-14 16:59:22,182 - INFO - Log file: logs/2025-05-14_16-59-22/loggings.log
2025-05-14 16:59:22,182 - INFO - Starting CholecT50 experiment for Surgical Actions Prediction
2025-05-14 16:59:22,182 - INFO - Experiment configuration: {'max_videos': 2, 'recognition': {'train': False, 'inference': False, 'best_model_path': './best_checkpoints/best_model_epoch2_map0.5008.pt'}, 'world_model': {'train': False, 'inference': True, 'best_model_path': 'logs/2025-05-08_14-14-22/checkpoints/world_model_best_epoch_2.pt'}, 'pretrain_reward_model': False, 'calculate_action_rewards': False, 'train_action_policy': False, 'run_tdmpc': False, 'analyze_results': False, 'run_evaluation': False}
2025-05-14 16:59:22,182 - INFO - Using device: cuda
2025-05-14 16:59:22,182 - INFO - Loading CholecT50 data...
2025-05-14 16:59:22,182 - INFO - Loading train data from /home/maxboels/datasets/CholecT50 with fold 0
2025-05-14 16:59:22,584 - INFO - [train] Start processing metadata file /home/maxboels/datasets/CholecT50/embeddings_train_set/fold0/embeddings_f0_swin_bas_129_phase_complet_phase_transit_prog_prob_action.csv
2025-05-14 16:59:27,412 - INFO - [train] Added risk scores to embeddings_f0_swin_bas_129_phase_complet_phase_transit_prog_prob_action_risk.csv
2025-05-14 16:59:30,402 - INFO - [train] Added global outcome scores to embeddings_f0_swin_bas_129_phase_complet_phase_transit_prog_prob_action_risk_glob_outcome.csv
2025-05-14 16:59:30,404 - INFO - [train] Found 2 videos in metadata file
2025-05-14 16:59:30,404 - INFO - [train] Loading data for 2 videos
2025-05-14 16:59:30,540 - INFO - Loading test data from /home/maxboels/datasets/CholecT50 with fold 0
2025-05-14 16:59:30,618 - INFO - [test] Start processing metadata file /home/maxboels/datasets/CholecT50/embeddings_test_set/fold0/embeddings_f0_swin_bas_129_phase_complet_phase_transit_prog_prob_action.csv
2025-05-14 16:59:31,625 - INFO - [test] Added risk scores to embeddings_f0_swin_bas_129_phase_complet_phase_transit_prog_prob_action_risk.csv
2025-05-14 16:59:32,045 - INFO - [test] Added global outcome scores to embeddings_f0_swin_bas_129_phase_complet_phase_transit_prog_prob_action_risk_glob_outcome.csv
2025-05-14 16:59:32,045 - INFO - [test] Found 2 videos in metadata file
2025-05-14 16:59:32,045 - INFO - [test] Loading data for 2 videos
2025-05-14 16:59:33,476 - INFO - 
[WORLD MODEL] Running inference...
2025-05-14 16:59:33,477 - INFO - [WORLD MODEL] Using best model from pre existing path: logs/2025-05-08_14-14-22/checkpoints/world_model_best_epoch_2.pt
2025-05-14 16:59:34,185 - INFO - Running evaluation in 'full' mode, saving to results/eval_full_20250514_165934
2025-05-14 16:59:34,186 - INFO - [EVAL] Evaluating world model on 2 test videos
2025-05-14 16:59:34,186 - INFO - [EVAL] Video IDs: ['VID02', 'VID06']
