2025-06-04 21:25:09,060 - INFO - SeparateModelsComparison_134031271613296 - 🎯 Experiment: separate_models_comparison_20250604_212509
2025-06-04 21:25:09,060 - INFO - SeparateModelsComparison_134031271613296 - 📁 Results dir: results/separate_models_comparison_20250604_212509
2025-06-04 21:25:09,060 - INFO - SeparateModelsComparison_134031271613296 - 🚀 Starting Complete Separate Models Comparison
2025-06-04 21:25:09,060 - INFO - SeparateModelsComparison_134031271613296 - ============================================================
2025-06-04 21:25:09,060 - INFO - SeparateModelsComparison_134031271613296 - 📂 Loading CholecT50 data...
2025-06-04 21:25:09,060 - INFO - SeparateModelsComparison_134031271613296 - 📂 Loading CholecT50 dataset...
2025-06-04 21:25:09,060 - ERROR - SeparateModelsComparison_134031271613296 - ❌ Data file not found: /home/maxboels/datasets/CholecT50/embeddings_f0_swin_bas_129_with_enhanced_global_metrics.csv
2025-06-04 21:25:09,060 - WARNING - SeparateModelsComparison_134031271613296 - ⚠️ Creating dummy data for testing
2025-06-04 21:25:09,069 - INFO - SeparateModelsComparison_134031271613296 - ✅ Created 2 dummy training and 1 dummy test videos
2025-06-04 21:25:09,069 - INFO - SeparateModelsComparison_134031271613296 - ✅ Data loaded successfully
2025-06-04 21:25:09,069 - INFO - SeparateModelsComparison_134031271613296 -    Training videos: 2
2025-06-04 21:25:09,069 - INFO - SeparateModelsComparison_134031271613296 -    Test videos: 1
2025-06-04 21:25:09,069 - INFO - SeparateModelsComparison_134031271613296 - 🎓 Running Method 1: Autoregressive IL
2025-06-04 21:25:09,069 - INFO - SeparateModelsComparison_134031271613296 - 🎓 Method 1: Autoregressive IL Training
2025-06-04 21:25:09,069 - INFO - SeparateModelsComparison_134031271613296 - ----------------------------------------
2025-06-04 21:25:09,565 - INFO - SeparateModelsComparison_134031271613296 - 🎓 Autoregressive IL Trainer initialized
2025-06-04 21:25:09,565 - INFO - SeparateModelsComparison_134031271613296 -    Device: cuda
2025-06-04 21:25:09,565 - INFO - SeparateModelsComparison_134031271613296 -    Epochs: 1
2025-06-04 21:25:09,565 - INFO - SeparateModelsComparison_134031271613296 -    Learning rate: 0.0001
2025-06-04 21:25:09,565 - INFO - SeparateModelsComparison_134031271613296 -    Focus: Causal frame generation → action prediction
2025-06-04 21:25:09,565 - INFO - SeparateModelsComparison_134031271613296 - 🎓 Starting Autoregressive IL Training...
2025-06-04 21:25:09,565 - INFO - SeparateModelsComparison_134031271613296 - 🎯 Goal: Learn causal frame generation → action prediction
2025-06-04 21:25:09,662 - ERROR - SeparateModelsComparison_134031271613296 - ❌ Method 1 failed: Caught RuntimeError in DataLoader worker process 0.
Original Traceback (most recent call last):
  File "/home/maxboels/.venv/lib/python3.12/site-packages/torch/utils/data/_utils/worker.py", line 351, in _worker_loop
    data = fetcher.fetch(index)  # type: ignore[possibly-undefined]
           ^^^^^^^^^^^^^^^^^^^^
  File "/home/maxboels/.venv/lib/python3.12/site-packages/torch/utils/data/_utils/fetch.py", line 55, in fetch
    return self.collate_fn(data)
           ^^^^^^^^^^^^^^^^^^^^^
  File "/home/maxboels/.venv/lib/python3.12/site-packages/torch/utils/data/_utils/collate.py", line 398, in default_collate
    return collate(batch, collate_fn_map=default_collate_fn_map)
           ^^^^^^^^^^^^^^^^^^^^^^^^^^^^^^^^^^^^^^^^^^^^^^^^^^^^^
  File "/home/maxboels/.venv/lib/python3.12/site-packages/torch/utils/data/_utils/collate.py", line 172, in collate
    key: collate(
         ^^^^^^^^
  File "/home/maxboels/.venv/lib/python3.12/site-packages/torch/utils/data/_utils/collate.py", line 155, in collate
    return collate_fn_map[elem_type](batch, collate_fn_map=collate_fn_map)
           ^^^^^^^^^^^^^^^^^^^^^^^^^^^^^^^^^^^^^^^^^^^^^^^^^^^^^^^^^^^^^^^
  File "/home/maxboels/.venv/lib/python3.12/site-packages/torch/utils/data/_utils/collate.py", line 271, in collate_tensor_fn
    out = elem.new(storage).resize_(len(batch), *list(elem.size()))
          ^^^^^^^^^^^^^^^^^^^^^^^^^^^^^^^^^^^^^^^^^^^^^^^^^^^^^^^^^
RuntimeError: Trying to resize storage that is not resizable

2025-06-04 21:25:09,662 - INFO - SeparateModelsComparison_134031271613296 - 🌍 Running Method 2: Conditional World Model + RL
2025-06-04 21:25:09,662 - INFO - SeparateModelsComparison_134031271613296 - 🌍 Method 2: Conditional World Model + RL
2025-06-04 21:25:09,662 - INFO - SeparateModelsComparison_134031271613296 - ----------------------------------------
2025-06-04 21:25:09,948 - INFO - SeparateModelsComparison_134031271613296 - 🌍 World Model Trainer initialized
2025-06-04 21:25:09,948 - INFO - SeparateModelsComparison_134031271613296 -    Device: cuda
2025-06-04 21:25:09,948 - INFO - SeparateModelsComparison_134031271613296 -    Epochs: 1
2025-06-04 21:25:09,948 - INFO - SeparateModelsComparison_134031271613296 -    Learning rate: 0.0001
2025-06-04 21:25:09,948 - INFO - SeparateModelsComparison_134031271613296 -    Focus: Action-conditioned state-reward prediction
2025-06-04 21:25:09,948 - INFO - SeparateModelsComparison_134031271613296 - 🌍 Starting World Model Training...
2025-06-04 21:25:09,948 - INFO - SeparateModelsComparison_134031271613296 - 🎯 Goal: Learn action-conditioned state-reward prediction
2025-06-04 21:25:10,050 - ERROR - SeparateModelsComparison_134031271613296 - ❌ Method 2 failed: 'actions'
2025-06-04 21:25:10,052 - INFO - SeparateModelsComparison_134031271613296 - 📹 Running Method 3: Direct Video RL
2025-06-04 21:25:10,053 - INFO - SeparateModelsComparison_134031271613296 - 📹 Method 3: Direct Video RL
2025-06-04 21:25:10,053 - INFO - SeparateModelsComparison_134031271613296 - ----------------------------------------
2025-06-04 21:25:10,056 - INFO - SeparateModelsComparison_134031271613296 - 📊 Running Comprehensive Evaluation
2025-06-04 21:25:10,056 - INFO - SeparateModelsComparison_134031271613296 - 📊 Running Comprehensive Cross-Method Evaluation
2025-06-04 21:25:10,056 - INFO - SeparateModelsComparison_134031271613296 - --------------------------------------------------
2025-06-04 21:25:10,056 - INFO - SeparateModelsComparison_134031271613296 - 🔬 Integrated Evaluation Framework initialized
2025-06-04 21:25:10,056 - INFO - SeparateModelsComparison_134031271613296 - 📁 Results will be saved to: results/separate_models_comparison_20250604_212509/integrated_evaluation
2025-06-04 21:25:10,056 - INFO - SeparateModelsComparison_134031271613296 - 📊 Loaded 0 models for integrated evaluation
2025-06-04 21:25:10,056 - ERROR - SeparateModelsComparison_134031271613296 - ❌ No models available for integrated evaluation
2025-06-04 21:25:10,056 - INFO - SeparateModelsComparison_134031271613296 - 🏆 THREE-METHOD COMPARISON RESULTS
2025-06-04 21:25:10,056 - INFO - SeparateModelsComparison_134031271613296 - ============================================================
2025-06-04 21:25:10,056 - INFO - SeparateModelsComparison_134031271613296 - 🎓 Method 1: ❌ Failed - Caught RuntimeError in DataLoader worker process 0.
Original Traceback (most recent call last):
  File "/home/maxboels/.venv/lib/python3.12/site-packages/torch/utils/data/_utils/worker.py", line 351, in _worker_loop
    data = fetcher.fetch(index)  # type: ignore[possibly-undefined]
           ^^^^^^^^^^^^^^^^^^^^
  File "/home/maxboels/.venv/lib/python3.12/site-packages/torch/utils/data/_utils/fetch.py", line 55, in fetch
    return self.collate_fn(data)
           ^^^^^^^^^^^^^^^^^^^^^
  File "/home/maxboels/.venv/lib/python3.12/site-packages/torch/utils/data/_utils/collate.py", line 398, in default_collate
    return collate(batch, collate_fn_map=default_collate_fn_map)
           ^^^^^^^^^^^^^^^^^^^^^^^^^^^^^^^^^^^^^^^^^^^^^^^^^^^^^
  File "/home/maxboels/.venv/lib/python3.12/site-packages/torch/utils/data/_utils/collate.py", line 172, in collate
    key: collate(
         ^^^^^^^^
  File "/home/maxboels/.venv/lib/python3.12/site-packages/torch/utils/data/_utils/collate.py", line 155, in collate
    return collate_fn_map[elem_type](batch, collate_fn_map=collate_fn_map)
           ^^^^^^^^^^^^^^^^^^^^^^^^^^^^^^^^^^^^^^^^^^^^^^^^^^^^^^^^^^^^^^^
  File "/home/maxboels/.venv/lib/python3.12/site-packages/torch/utils/data/_utils/collate.py", line 271, in collate_tensor_fn
    out = elem.new(storage).resize_(len(batch), *list(elem.size()))
          ^^^^^^^^^^^^^^^^^^^^^^^^^^^^^^^^^^^^^^^^^^^^^^^^^^^^^^^^^
RuntimeError: Trying to resize storage that is not resizable

2025-06-04 21:25:10,056 - INFO - SeparateModelsComparison_134031271613296 - 🌍 Method 2: ❌ Failed - 'actions'
2025-06-04 21:25:10,056 - INFO - SeparateModelsComparison_134031271613296 - 📹 Method 3 (Direct Video RL):
2025-06-04 21:25:10,056 - INFO - SeparateModelsComparison_134031271613296 -    Status: ✅ Success
2025-06-04 21:25:10,056 - INFO - SeparateModelsComparison_134031271613296 -    RL Algorithms: []
2025-06-04 21:25:10,056 - INFO - SeparateModelsComparison_134031271613296 -    Approach: Model-free RL on real video frames
2025-06-04 21:25:10,056 - INFO - SeparateModelsComparison_134031271613296 - 
2025-06-04 21:25:10,056 - INFO - SeparateModelsComparison_134031271613296 - 🎯 Successful Methods: ['Method 3 (Direct RL)']
2025-06-04 21:25:10,056 - INFO - SeparateModelsComparison_134031271613296 - 📊 Total Methods Tested: 3
2025-06-04 21:25:10,056 - INFO - SeparateModelsComparison_134031271613296 - ✅ Success Rate: 1/3
2025-06-04 21:25:10,056 - INFO - SeparateModelsComparison_134031271613296 - 
2025-06-04 21:25:10,056 - INFO - SeparateModelsComparison_134031271613296 - 🏗️ ARCHITECTURAL INSIGHTS
2025-06-04 21:25:10,056 - INFO - SeparateModelsComparison_134031271613296 - ==================================================
2025-06-04 21:25:10,056 - INFO - SeparateModelsComparison_134031271613296 - 🎓 Method 1 (Autoregressive IL):
2025-06-04 21:25:10,056 - INFO - SeparateModelsComparison_134031271613296 -    • Pure causal modeling without action conditioning
2025-06-04 21:25:10,056 - INFO - SeparateModelsComparison_134031271613296 -    • Actions emerge from learned frame representations
2025-06-04 21:25:10,056 - INFO - SeparateModelsComparison_134031271613296 -    • Good for capturing temporal patterns in demonstrations
2025-06-04 21:25:10,056 - INFO - SeparateModelsComparison_134031271613296 -    • Limited exploration beyond expert behavior
2025-06-04 21:25:10,056 - INFO - SeparateModelsComparison_134031271613296 - 🌍 Method 2 (Conditional World Model):
2025-06-04 21:25:10,056 - INFO - SeparateModelsComparison_134031271613296 -    • Explicit action conditioning enables true simulation
2025-06-04 21:25:10,056 - INFO - SeparateModelsComparison_134031271613296 -    • Can explore beyond expert demonstrations
2025-06-04 21:25:10,057 - INFO - SeparateModelsComparison_134031271613296 -    • Learns forward dynamics: state + action → next_state
2025-06-04 21:25:10,057 - INFO - SeparateModelsComparison_134031271613296 -    • Enables model-based RL and planning
2025-06-04 21:25:10,057 - INFO - SeparateModelsComparison_134031271613296 - 📹 Method 3 (Direct Video RL):
2025-06-04 21:25:10,057 - INFO - SeparateModelsComparison_134031271613296 -    • Model-free approach using real video frames
2025-06-04 21:25:10,057 - INFO - SeparateModelsComparison_134031271613296 -    • No simulation, limited to existing video sequences
2025-06-04 21:25:10,057 - INFO - SeparateModelsComparison_134031271613296 -    • Direct policy optimization on offline data
2025-06-04 21:25:10,057 - INFO - SeparateModelsComparison_134031271613296 -    • Baseline for comparison with model-based approaches
2025-06-04 21:25:10,057 - INFO - SeparateModelsComparison_134031271613296 - 
2025-06-04 21:25:10,057 - INFO - SeparateModelsComparison_134031271613296 - 🔬 RESEARCH IMPLICATIONS:
2025-06-04 21:25:10,057 - INFO - SeparateModelsComparison_134031271613296 -    Autoregressive IL:
2025-06-04 21:25:10,057 - INFO - SeparateModelsComparison_134031271613296 -      • Simple training objective (supervised learning)
2025-06-04 21:25:10,057 - INFO - SeparateModelsComparison_134031271613296 -      • Leverages pre-trained language model knowledge
2025-06-04 21:25:10,057 - INFO - SeparateModelsComparison_134031271613296 -      • Good for dense action sequence modeling
2025-06-04 21:25:10,057 - INFO - SeparateModelsComparison_134031271613296 -      • Interpretable causal generation process
2025-06-04 21:25:10,057 - INFO - SeparateModelsComparison_134031271613296 -    Conditional World Model:
2025-06-04 21:25:10,057 - INFO - SeparateModelsComparison_134031271613296 -      • Enables true counterfactual simulation
2025-06-04 21:25:10,057 - INFO - SeparateModelsComparison_134031271613296 -      • Can explore beyond expert demonstrations
2025-06-04 21:25:10,057 - INFO - SeparateModelsComparison_134031271613296 -      • Supports model-based planning and control
2025-06-04 21:25:10,057 - INFO - SeparateModelsComparison_134031271613296 -      • Explicit action conditioning for controllability
2025-06-04 21:25:10,057 - INFO - SeparateModelsComparison_134031271613296 -    Direct Video RL:
2025-06-04 21:25:10,057 - INFO - SeparateModelsComparison_134031271613296 -      • No model bias or simulation errors
2025-06-04 21:25:10,057 - INFO - SeparateModelsComparison_134031271613296 -      • Direct optimization on real data
2025-06-04 21:25:10,057 - INFO - SeparateModelsComparison_134031271613296 -      • Simple implementation and debugging
2025-06-04 21:25:10,057 - INFO - SeparateModelsComparison_134031271613296 -      • Good baseline for model-based comparisons
2025-06-04 21:25:10,058 - WARNING - SeparateModelsComparison_134031271613296 - ⚠️ Paper generation failed: generate_research_paper() got an unexpected keyword argument 'results'
2025-06-04 21:25:10,058 - INFO - SeparateModelsComparison_134031271613296 - 💾 All results saved to: results/separate_models_comparison_20250604_212509
2025-06-04 21:25:10,058 - INFO - SeparateModelsComparison_134031271613296 - 📄 Complete results: results/separate_models_comparison_20250604_212509/complete_results.json
2025-06-04 21:25:10,058 - INFO - SeparateModelsComparison_134031271613296 - 📄 Summary: results/separate_models_comparison_20250604_212509/experiment_summary.json
