2025-06-13 16:09:23,485 - INFO - SuRL_FixedRL_123140325127616 - Shared experiment log directory: results/fixed_rl_2025-06-13_16-09-23/logs
2025-06-13 16:09:23,485 - INFO - SuRL_FixedRL_123140325127616 - 🎯 FIXED RL Experiment: fixed_rl_2025-06-13_16-09-23
2025-06-13 16:09:23,485 - INFO - SuRL_FixedRL_123140325127616 - 📁 Results dir: results/fixed_rl_2025-06-13_16-09-23
2025-06-13 16:09:23,485 - INFO - SuRL_FixedRL_123140325127616 - 🚀 Starting Complete FIXED RL Comparison
2025-06-13 16:09:23,485 - INFO - SuRL_FixedRL_123140325127616 - ============================================================
2025-06-13 16:09:23,485 - INFO - SuRL_FixedRL_123140325127616 - 📂 Loading CholecT50 data...
2025-06-13 16:09:23,486 - INFO - SuRL_FixedRL_123140325127616 - Loading train data from /home/maxboels/datasets/CholecT50 with fold 0
2025-06-13 16:09:23,894 - INFO - SuRL_FixedRL_123140325127616 - ✅ Loaded metadata: /home/maxboels/datasets/CholecT50/embeddings_train_set/fold0/embeddings_f0_swin_bas_129_phase_complet_phase_transit_prog_prob_action_risk_glob_outcome.csv - Shape: (78968, 156)
2025-06-13 16:09:23,895 - INFO - SuRL_FixedRL_123140325127616 - [Train] Start processing metadata file /home/maxboels/datasets/CholecT50/embeddings_train_set/fold0/embeddings_f0_swin_bas_129_phase_complet_phase_transit_prog_prob_action_risk_glob_outcome.csv
2025-06-13 16:09:23,895 - INFO - SuRL_FixedRL_123140325127616 - [Train] Rewards extraction skipped, using metadata file /home/maxboels/datasets/CholecT50/embeddings_train_set/fold0/embeddings_f0_swin_bas_129_phase_complet_phase_transit_prog_prob_action_risk_glob_outcome.csv
2025-06-13 16:09:23,897 - INFO - SuRL_FixedRL_123140325127616 - [Train] Found 2 videos in metadata file
2025-06-13 16:09:23,897 - INFO - SuRL_FixedRL_123140325127616 - [Train] Loading data for 2 videos
2025-06-13 16:09:23,981 - INFO - SuRL_FixedRL_123140325127616 - ✅ Loaded video VID01: 1734 frames, 1024D embeddings
2025-06-13 16:09:24,055 - INFO - SuRL_FixedRL_123140325127616 - ✅ Loaded video VID04: 1523 frames, 1024D embeddings
2025-06-13 16:09:24,055 - INFO - SuRL_FixedRL_123140325127616 - ✅ Successfully loaded 2 videos for train
2025-06-13 16:09:24,055 - INFO - SuRL_FixedRL_123140325127616 - Loading test data from /home/maxboels/datasets/CholecT50 with fold 0
2025-06-13 16:09:24,141 - INFO - SuRL_FixedRL_123140325127616 - ✅ Loaded metadata: /home/maxboels/datasets/CholecT50/embeddings_test_set/fold0/embeddings_f0_swin_bas_129_phase_complet_phase_transit_prog_prob_action_risk_glob_outcome.csv - Shape: (21895, 156)
2025-06-13 16:09:24,142 - INFO - SuRL_FixedRL_123140325127616 - [Test] Start processing metadata file /home/maxboels/datasets/CholecT50/embeddings_test_set/fold0/embeddings_f0_swin_bas_129_phase_complet_phase_transit_prog_prob_action_risk_glob_outcome.csv
2025-06-13 16:09:24,142 - INFO - SuRL_FixedRL_123140325127616 - [Test] Rewards extraction skipped, using metadata file /home/maxboels/datasets/CholecT50/embeddings_test_set/fold0/embeddings_f0_swin_bas_129_phase_complet_phase_transit_prog_prob_action_risk_glob_outcome.csv
2025-06-13 16:09:24,142 - INFO - SuRL_FixedRL_123140325127616 - [Test] Found 2 videos in metadata file
2025-06-13 16:09:24,142 - INFO - SuRL_FixedRL_123140325127616 - [Test] Loading data for 2 videos
2025-06-13 16:09:24,254 - INFO - SuRL_FixedRL_123140325127616 - ✅ Loaded video VID02: 2840 frames, 1024D embeddings
2025-06-13 16:09:24,339 - INFO - SuRL_FixedRL_123140325127616 - ✅ Loaded video VID06: 2154 frames, 1024D embeddings
2025-06-13 16:09:24,339 - INFO - SuRL_FixedRL_123140325127616 - ✅ Successfully loaded 2 videos for test
2025-06-13 16:09:24,339 - INFO - SuRL_FixedRL_123140325127616 - ✅ Data loaded successfully
2025-06-13 16:09:24,339 - INFO - SuRL_FixedRL_123140325127616 -    Training videos: 2
2025-06-13 16:09:24,339 - INFO - SuRL_FixedRL_123140325127616 -    Test videos: 2
2025-06-13 16:09:24,339 - INFO - SuRL_FixedRL_123140325127616 - 🎓 Running Method 1: Autoregressive IL
2025-06-13 16:09:29,180 - INFO - SuRL_FixedRL_123140325127616 - 🎓 Method 1: Autoregressive IL
2025-06-13 16:09:29,180 - INFO - SuRL_FixedRL_123140325127616 - ----------------------------------------
2025-06-13 16:09:30,353 - INFO - SuRL_FixedRL_123140325127616 - 📂 Loading pretrained IL model from: results/2025-06-10_19-45-51/logs/checkpoints/autoregressive_il_best_epoch_1.pt
2025-06-13 16:09:30,912 - INFO - SuRL_FixedRL_123140325127616 - ✅ Pretrained IL model loaded successfully
2025-06-13 16:09:35,705 - INFO - SuRL_FixedRL_123140325127616 - 🎓 Autoregressive IL Trainer initialized (FINAL)
2025-06-13 16:09:35,705 - INFO - SuRL_FixedRL_123140325127616 -    Device: cuda
2025-06-13 16:09:35,705 - INFO - SuRL_FixedRL_123140325127616 -    Epochs: 5
2025-06-13 16:09:35,705 - INFO - SuRL_FixedRL_123140325127616 -    Learning rate: 0.0001
2025-06-13 16:09:35,705 - INFO - SuRL_FixedRL_123140325127616 -    ✅ Per-video aggregation + shared metrics + efficient validation
2025-06-13 16:09:35,705 - INFO - SuRL_FixedRL_123140325127616 - 📊 Evaluating pretrained IL model...
2025-06-13 16:09:36,916 - INFO - SuRL_FixedRL_123140325127616 - 📊 Evaluating Autoregressive IL Model (PER-VIDEO)...
2025-06-13 16:09:52,811 - ERROR - SuRL_FixedRL_123140325127616 - ❌ Method 1 failed: 'action_sparsity'
2025-06-13 16:09:52,812 - ERROR - SuRL_FixedRL_123140325127616 - Full traceback: Traceback (most recent call last):
  File "/home/maxboels/projects/surl/run_experiment_v5.py", line 191, in _run_method1_autoregressive_il
    evaluation_results = trainer.evaluate_model(test_loaders)
                         ^^^^^^^^^^^^^^^^^^^^^^^^^^^^^^^^^^^^
  File "/home/maxboels/projects/surl/training/autoregressive_il_trainer.py", line 503, in evaluate_model
    overall_metrics = self._validate_epoch_per_video(test_loaders, epoch=-1)  # Special epoch for final eval
                      ^^^^^^^^^^^^^^^^^^^^^^^^^^^^^^^^^^^^^^^^^^^^^^^^^^^^^^
  File "/home/maxboels/projects/surl/training/autoregressive_il_trainer.py", line 371, in _validate_epoch_per_video
    'action_sparsity': video_action_result['action_sparsity']
                       ~~~~~~~~~~~~~~~~~~~^^^^^^^^^^^^^^^^^^^
KeyError: 'action_sparsity'

2025-06-13 16:09:52,812 - INFO - SuRL_FixedRL_123140325127616 - 🌍 Running Method 2: FIXED Conditional World Model + RL
