2025-04-09 15:53:59,813 - INFO - Log file: logs/2025-04-09_15-53-59/loggings.log
2025-04-09 15:53:59,813 - INFO - Starting CholecT50 experiment for Surgical Actions Prediction
2025-04-09 15:53:59,813 - INFO - Experiment configuration: {'max_videos': 2, 'recognition': {'train': True, 'inference': True, 'best_model_path': 'best_model_epoch1_valloss1.190734.pt'}, 'pretrain_next_frame': {'train': False, 'inference': False, 'best_model_path': 'best_model_epoch1_valloss1.190734.pt'}, 'pretrain_reward_model': False, 'calculate_action_rewards': False, 'train_action_policy': False, 'run_tdmpc': False, 'analyze_results': False, 'run_evaluation': False}
2025-04-09 15:53:59,814 - INFO - Using device: cuda
2025-04-09 15:53:59,814 - INFO - Loading CholecT50 data...
2025-04-09 15:54:07,341 - INFO - Starting model training...
2025-04-09 15:54:07,470 - INFO - [TRAIN] Epoch 1/3, Batch 0/204, Loss: 1.4355
2025-04-09 15:54:08,073 - INFO - [TRAIN] Epoch 1/3, Batch 40/204, Loss: 0.4657
2025-04-09 15:54:08,666 - INFO - [TRAIN] Epoch 1/3, Batch 80/204, Loss: 0.2089
2025-04-09 15:54:09,266 - INFO - [TRAIN] Epoch 1/3, Batch 120/204, Loss: 0.1037
2025-04-09 15:54:09,871 - INFO - [TRAIN] Epoch 1/3, Batch 160/204, Loss: 0.0946
2025-04-09 15:54:10,483 - INFO - [TRAIN] Epoch 1/3, Batch 200/204, Loss: 0.1010
2025-04-09 15:55:10,055 - INFO - Epoch 1/3, Validation mAP Action (sklearn): 0.1005
2025-04-09 15:55:10,056 - INFO - Epoch 1/3, Validation mAP Instrument (sklearn): 0.7665
2025-04-09 15:55:10,057 - INFO - Epoch 1/3, Train Loss: 0.3016
2025-04-09 15:55:10,400 - INFO - [TRAIN] instrument mean AP (ivt_metrics): 0.3153686175708767
2025-04-09 15:55:10,453 - INFO - [TRAIN] action mean AP (ivt_metrics): 0.1004615125463905
2025-04-09 15:55:10,454 - INFO - [TRAIN] Epoch 1/3, Train mAP Instrument (ivt metrics): 0.3154
2025-04-09 15:55:10,454 - INFO - [TRAIN] Epoch 1/3, Train mAP Action (ivt metrics): 0.1005
2025-04-09 15:55:11,190 - INFO - [TEST] Video VID02 | Batch 0/178
2025-04-09 15:55:13,383 - INFO - [TEST] Video VID02 | Batch 40/178
2025-04-09 15:55:13,557 - INFO - [TEST] Video VID02 | Batch 80/178
2025-04-09 15:55:13,717 - INFO - [TEST] Video VID02 | Batch 120/178
2025-04-09 15:55:13,889 - INFO - [TEST] Video VID02 | Batch 160/178
2025-04-09 15:55:53,585 - INFO - [TEST] Video VID02: Test mAP (sklearn) Action: 0.1543
2025-04-09 15:55:53,585 - INFO - [TEST] Video VID02: Test mAP (sklearn) Instrument: 0.8892
2025-04-09 15:55:54,300 - INFO - [TEST] Video VID06 | Batch 0/135
2025-04-09 15:55:56,504 - INFO - [TEST] Video VID06 | Batch 40/135
2025-04-09 15:55:56,669 - INFO - [TEST] Video VID06 | Batch 80/135
2025-04-09 15:55:56,826 - INFO - [TEST] Video VID06 | Batch 120/135
2025-04-09 15:56:17,536 - INFO - [TEST] Video VID06: Test mAP (sklearn) Action: 0.1671
2025-04-09 15:56:17,537 - INFO - [TEST] Video VID06: Test mAP (sklearn) Instrument: 0.9319
