2025-03-11 18:09:09,392 - INFO - Log file: logs/2025-03-11_18-09-09/loggings.log
2025-03-11 18:09:09,393 - INFO - Starting CholecT50 experiment for Surgical Actions Prediction
2025-03-11 18:09:09,393 - INFO - Experiment configuration: {'max_videos': 1, 'pretrain_next_frame': {'train': True, 'inference': True}, 'pretrain_reward_model': False, 'calculate_action_rewards': False, 'train_action_policy': False, 'run_tdmpc': False, 'analyze_results': False, 'run_evaluation': False}
2025-03-11 18:09:09,393 - INFO - Using device: cuda
2025-03-11 18:09:09,393 - INFO - Loading CholecT50 data...
2025-03-11 18:09:18,505 - INFO - Best model path: best_model_epoch1_valloss1.190734.pt
2025-03-11 18:09:18,724 - INFO - Loaded best model from best_model_epoch1_valloss1.190734.pt
2025-03-11 18:09:18,724 - INFO - Skip training and start validation
2025-03-11 18:09:18,724 - INFO - Epoch 1/1 Validation
2025-03-11 18:09:18,724 - INFO - Starting validation
2025-03-11 18:09:18,945 - INFO - Epoch 1/1, Batch 0/178, Loss: 17.0696
2025-03-11 18:09:59,979 - INFO - Epoch 1/1, Batch 40/178, Loss: 18.8383
2025-03-11 18:10:40,121 - INFO - Epoch 1/1, Batch 80/178, Loss: 19.3656
2025-03-11 18:11:19,621 - INFO - Epoch 1/1, Batch 120/178, Loss: 21.6542
2025-03-11 18:12:02,013 - INFO - Epoch 1/1, Batch 160/178, Loss: 18.8364
2025-03-11 18:12:23,902 - INFO - Epoch 1/1, Val Loss: 1.1950
2025-03-11 18:14:04,366 - INFO - 
Comprehensive Evaluation Results:
2025-03-11 18:14:17,207 - INFO - 
--- Prediction Horizon: 1 ---
2025-03-11 18:14:17,208 - INFO - mAP: 0.0000
2025-03-11 18:14:17,208 - INFO - 
Accuracy Metrics:
2025-03-11 18:14:17,208 - INFO - Metric               Value     
2025-03-11 18:14:17,208 - INFO - ------------------------------
2025-03-11 18:14:17,208 - INFO - 
Accuracy Metrics:
2025-03-11 18:14:17,208 - INFO - Metric               Value     
2025-03-11 18:14:17,208 - INFO - ------------------------------
2025-03-11 18:14:17,208 - INFO - top_1_any_match      0.0000
2025-03-11 18:14:17,208 - INFO - top_3_any_match      0.0000
2025-03-11 18:14:17,208 - INFO - top_5_any_match      0.0000
2025-03-11 18:14:17,208 - INFO - top_10_any_match     0.0000
2025-03-11 18:14:17,208 - INFO - top_1_exact_match    0.0000
2025-03-11 18:14:17,208 - INFO - top_3_exact_match    0.0000
2025-03-11 18:14:17,208 - INFO - top_5_exact_match    0.0000
2025-03-11 18:14:17,208 - INFO - top_10_exact_match   0.0000
2025-03-11 18:14:17,208 - INFO - 
Recall Metrics:
2025-03-11 18:14:17,208 - INFO - Metric               Value     
2025-03-11 18:14:17,208 - INFO - ------------------------------
2025-03-11 18:14:17,209 - INFO - top_1_recall         0.0000
2025-03-11 18:14:17,209 - INFO - top_3_recall         0.0000
2025-03-11 18:14:17,209 - INFO - top_5_recall         0.0000
2025-03-11 18:14:17,209 - INFO - top_10_recall        0.0000
2025-03-11 18:14:17,209 - INFO - 
Precision Metrics:
2025-03-11 18:14:17,209 - INFO - Metric               Value     
2025-03-11 18:14:17,209 - INFO - ------------------------------
2025-03-11 18:14:17,209 - INFO - top_1_precision      0.0000
2025-03-11 18:14:17,209 - INFO - top_3_precision      0.0000
2025-03-11 18:14:17,209 - INFO - top_5_precision      0.0000
2025-03-11 18:14:17,209 - INFO - top_10_precision     0.0000
2025-03-11 18:14:17,209 - INFO - 
F1-Score Metrics:
2025-03-11 18:14:17,209 - INFO - Metric               Value     
2025-03-11 18:14:17,209 - INFO - ------------------------------
2025-03-11 18:14:17,209 - INFO - top_1_f1             0.0000
2025-03-11 18:14:17,209 - INFO - top_3_f1             0.0000
2025-03-11 18:14:17,209 - INFO - top_5_f1             0.0000
2025-03-11 18:14:17,209 - INFO - top_10_f1            0.0000
2025-03-11 18:14:17,209 - INFO - 
--- Prediction Horizon: 3 ---
2025-03-11 18:14:17,209 - INFO - mAP: 0.0000
2025-03-11 18:14:17,209 - INFO - 
Accuracy Metrics:
2025-03-11 18:14:17,209 - INFO - Metric               Value     
2025-03-11 18:14:17,209 - INFO - ------------------------------
2025-03-11 18:14:17,209 - INFO - 
Accuracy Metrics:
2025-03-11 18:14:17,209 - INFO - Metric               Value     
2025-03-11 18:14:17,209 - INFO - ------------------------------
2025-03-11 18:14:17,209 - INFO - top_1_any_match      0.0000
2025-03-11 18:14:17,209 - INFO - top_3_any_match      0.0000
2025-03-11 18:14:17,210 - INFO - top_5_any_match      0.0000
2025-03-11 18:14:17,210 - INFO - top_10_any_match     0.0000
2025-03-11 18:14:17,210 - INFO - top_1_exact_match    0.0000
2025-03-11 18:14:17,210 - INFO - top_3_exact_match    0.0000
2025-03-11 18:14:17,210 - INFO - top_5_exact_match    0.0000
2025-03-11 18:14:17,210 - INFO - top_10_exact_match   0.0000
2025-03-11 18:14:17,210 - INFO - 
Recall Metrics:
2025-03-11 18:14:17,210 - INFO - Metric               Value     
2025-03-11 18:14:17,210 - INFO - ------------------------------
2025-03-11 18:14:17,210 - INFO - top_1_recall         0.0000
2025-03-11 18:14:17,210 - INFO - top_3_recall         0.0000
2025-03-11 18:14:17,210 - INFO - top_5_recall         0.0000
2025-03-11 18:14:17,210 - INFO - top_10_recall        0.0000
2025-03-11 18:14:17,210 - INFO - 
Precision Metrics:
2025-03-11 18:14:17,210 - INFO - Metric               Value     
2025-03-11 18:14:17,210 - INFO - ------------------------------
2025-03-11 18:14:17,210 - INFO - top_1_precision      0.0000
2025-03-11 18:14:17,210 - INFO - top_3_precision      0.0000
2025-03-11 18:14:17,210 - INFO - top_5_precision      0.0000
2025-03-11 18:14:17,210 - INFO - top_10_precision     0.0000
2025-03-11 18:14:17,210 - INFO - 
F1-Score Metrics:
2025-03-11 18:14:17,210 - INFO - Metric               Value     
2025-03-11 18:14:17,210 - INFO - ------------------------------
2025-03-11 18:14:17,210 - INFO - top_1_f1             0.0000
2025-03-11 18:14:17,210 - INFO - top_3_f1             0.0000
2025-03-11 18:14:17,210 - INFO - top_5_f1             0.0000
2025-03-11 18:14:17,210 - INFO - top_10_f1            0.0000
2025-03-11 18:14:17,210 - INFO - 
--- Prediction Horizon: 5 ---
2025-03-11 18:14:17,210 - INFO - mAP: 0.0000
2025-03-11 18:14:17,210 - INFO - 
Accuracy Metrics:
2025-03-11 18:14:17,210 - INFO - Metric               Value     
2025-03-11 18:14:17,210 - INFO - ------------------------------
2025-03-11 18:14:17,210 - INFO - 
Accuracy Metrics:
2025-03-11 18:14:17,210 - INFO - Metric               Value     
2025-03-11 18:14:17,210 - INFO - ------------------------------
2025-03-11 18:14:17,210 - INFO - top_1_any_match      0.0000
2025-03-11 18:14:17,210 - INFO - top_3_any_match      0.0000
2025-03-11 18:14:17,211 - INFO - top_5_any_match      0.0000
2025-03-11 18:14:17,211 - INFO - top_10_any_match     0.0000
2025-03-11 18:14:17,211 - INFO - top_1_exact_match    0.0000
2025-03-11 18:14:17,211 - INFO - top_3_exact_match    0.0000
2025-03-11 18:14:17,211 - INFO - top_5_exact_match    0.0000
2025-03-11 18:14:17,211 - INFO - top_10_exact_match   0.0000
2025-03-11 18:14:17,211 - INFO - 
Recall Metrics:
2025-03-11 18:14:17,211 - INFO - Metric               Value     
2025-03-11 18:14:17,211 - INFO - ------------------------------
2025-03-11 18:14:17,211 - INFO - top_1_recall         0.0000
2025-03-11 18:14:17,211 - INFO - top_3_recall         0.0000
2025-03-11 18:14:17,211 - INFO - top_5_recall         0.0000
2025-03-11 18:14:17,211 - INFO - top_10_recall        0.0000
2025-03-11 18:14:17,211 - INFO - 
Precision Metrics:
2025-03-11 18:14:17,211 - INFO - Metric               Value     
2025-03-11 18:14:17,211 - INFO - ------------------------------
2025-03-11 18:14:17,211 - INFO - top_1_precision      0.0000
2025-03-11 18:14:17,211 - INFO - top_3_precision      0.0000
2025-03-11 18:14:17,211 - INFO - top_5_precision      0.0000
2025-03-11 18:14:17,211 - INFO - top_10_precision     0.0000
2025-03-11 18:14:17,211 - INFO - 
F1-Score Metrics:
2025-03-11 18:14:17,211 - INFO - Metric               Value     
2025-03-11 18:14:17,211 - INFO - ------------------------------
2025-03-11 18:14:17,211 - INFO - top_1_f1             0.0000
2025-03-11 18:14:17,211 - INFO - top_3_f1             0.0000
2025-03-11 18:14:17,211 - INFO - top_5_f1             0.0000
2025-03-11 18:14:17,211 - INFO - top_10_f1            0.0000
2025-03-11 18:14:17,211 - INFO - 
--- Prediction Horizon: 10 ---
2025-03-11 18:14:17,211 - INFO - mAP: 0.0000
2025-03-11 18:14:17,211 - INFO - 
Accuracy Metrics:
2025-03-11 18:14:17,211 - INFO - Metric               Value     
2025-03-11 18:14:17,211 - INFO - ------------------------------
2025-03-11 18:14:17,211 - INFO - 
Accuracy Metrics:
2025-03-11 18:14:17,211 - INFO - Metric               Value     
2025-03-11 18:14:17,212 - INFO - ------------------------------
2025-03-11 18:14:17,212 - INFO - top_1_any_match      0.0000
2025-03-11 18:14:17,212 - INFO - top_3_any_match      0.0000
2025-03-11 18:14:17,212 - INFO - top_5_any_match      0.0000
2025-03-11 18:14:17,212 - INFO - top_10_any_match     0.0000
2025-03-11 18:14:17,212 - INFO - top_1_exact_match    0.0000
2025-03-11 18:14:17,212 - INFO - top_3_exact_match    0.0000
2025-03-11 18:14:17,212 - INFO - top_5_exact_match    0.0000
2025-03-11 18:14:17,212 - INFO - top_10_exact_match   0.0000
2025-03-11 18:14:17,212 - INFO - 
Recall Metrics:
2025-03-11 18:14:17,212 - INFO - Metric               Value     
2025-03-11 18:14:17,212 - INFO - ------------------------------
2025-03-11 18:14:17,212 - INFO - top_1_recall         0.0000
2025-03-11 18:14:17,212 - INFO - top_3_recall         0.0000
2025-03-11 18:14:17,212 - INFO - top_5_recall         0.0000
2025-03-11 18:14:17,212 - INFO - top_10_recall        0.0000
2025-03-11 18:14:17,212 - INFO - 
Precision Metrics:
2025-03-11 18:14:17,212 - INFO - Metric               Value     
2025-03-11 18:14:17,212 - INFO - ------------------------------
2025-03-11 18:14:17,212 - INFO - top_1_precision      0.0000
2025-03-11 18:14:17,212 - INFO - top_3_precision      0.0000
2025-03-11 18:14:17,212 - INFO - top_5_precision      0.0000
2025-03-11 18:14:17,212 - INFO - top_10_precision     0.0000
2025-03-11 18:14:17,212 - INFO - 
F1-Score Metrics:
2025-03-11 18:14:17,212 - INFO - Metric               Value     
2025-03-11 18:14:17,212 - INFO - ------------------------------
2025-03-11 18:14:17,212 - INFO - top_1_f1             0.0000
2025-03-11 18:14:17,212 - INFO - top_3_f1             0.0000
2025-03-11 18:14:17,212 - INFO - top_5_f1             0.0000
2025-03-11 18:14:17,212 - INFO - top_10_f1            0.0000
2025-03-11 18:14:17,212 - INFO - 
--- Prediction Horizon: 15 ---
2025-03-11 18:14:17,212 - INFO - mAP: 0.0000
2025-03-11 18:14:17,212 - INFO - 
Accuracy Metrics:
2025-03-11 18:14:17,212 - INFO - Metric               Value     
2025-03-11 18:14:17,212 - INFO - ------------------------------
2025-03-11 18:14:17,212 - INFO - 
Accuracy Metrics:
2025-03-11 18:14:17,212 - INFO - Metric               Value     
2025-03-11 18:14:17,212 - INFO - ------------------------------
2025-03-11 18:14:17,212 - INFO - top_1_any_match      0.0000
2025-03-11 18:14:17,213 - INFO - top_3_any_match      0.0000
2025-03-11 18:14:17,213 - INFO - top_5_any_match      0.0000
2025-03-11 18:14:17,213 - INFO - top_10_any_match     0.0000
2025-03-11 18:14:17,213 - INFO - top_1_exact_match    0.0000
2025-03-11 18:14:17,213 - INFO - top_3_exact_match    0.0000
2025-03-11 18:14:17,213 - INFO - top_5_exact_match    0.0000
2025-03-11 18:14:17,213 - INFO - top_10_exact_match   0.0000
2025-03-11 18:14:17,213 - INFO - 
Recall Metrics:
2025-03-11 18:14:17,213 - INFO - Metric               Value     
2025-03-11 18:14:17,213 - INFO - ------------------------------
2025-03-11 18:14:17,213 - INFO - top_1_recall         0.0000
2025-03-11 18:14:17,213 - INFO - top_3_recall         0.0000
2025-03-11 18:14:17,213 - INFO - top_5_recall         0.0000
2025-03-11 18:14:17,213 - INFO - top_10_recall        0.0000
2025-03-11 18:14:17,213 - INFO - 
Precision Metrics:
2025-03-11 18:14:17,213 - INFO - Metric               Value     
2025-03-11 18:14:17,213 - INFO - ------------------------------
2025-03-11 18:14:17,213 - INFO - top_1_precision      0.0000
2025-03-11 18:14:17,213 - INFO - top_3_precision      0.0000
2025-03-11 18:14:17,213 - INFO - top_5_precision      0.0000
2025-03-11 18:14:17,213 - INFO - top_10_precision     0.0000
2025-03-11 18:14:17,213 - INFO - 
F1-Score Metrics:
2025-03-11 18:14:17,213 - INFO - Metric               Value     
2025-03-11 18:14:17,213 - INFO - ------------------------------
2025-03-11 18:14:17,213 - INFO - top_1_f1             0.0000
2025-03-11 18:14:17,213 - INFO - top_3_f1             0.0000
2025-03-11 18:14:17,213 - INFO - top_5_f1             0.0000
2025-03-11 18:14:17,213 - INFO - top_10_f1            0.0000
2025-03-11 18:15:11,035 - INFO - 
Action Prediction Accuracy:
2025-03-11 18:15:11,035 - INFO - --------------------------------------------------
2025-03-11 18:15:11,035 - INFO - Horizon    Top-k      Accuracy  
2025-03-11 18:15:11,035 - INFO - --------------------------------------------------
2025-03-11 18:15:11,035 - INFO - 1          mAP             0.0000
2025-03-11 18:15:11,036 - INFO - 3          mAP             0.0000
2025-03-11 18:15:11,036 - INFO - 5          mAP             0.0000
2025-03-11 18:15:11,036 - INFO - 10         mAP             0.0000
2025-03-11 18:15:11,036 - INFO - 15         mAP             0.0000
2025-03-11 18:15:54,934 - INFO - --------------------------------------------------
