2025-05-14 18:30:58,617 - INFO - Log file: logs/2025-05-14_18-30-58/loggings.log
2025-05-14 18:30:58,618 - INFO - Starting CholecT50 experiment for Surgical Actions Prediction
2025-05-14 18:30:58,618 - INFO - Experiment configuration: {'max_videos': 2, 'recognition': {'train': False, 'inference': False, 'best_model_path': './best_checkpoints/best_model_epoch2_map0.5008.pt'}, 'world_model': {'train': False, 'inference': True, 'best_model_path': 'logs/2025-05-08_14-14-22/checkpoints/world_model_best_epoch_2.pt'}, 'pretrain_reward_model': False, 'calculate_action_rewards': False, 'train_action_policy': False, 'run_tdmpc': False, 'analyze_results': False, 'run_evaluation': False}
2025-05-14 18:30:58,618 - INFO - Using device: cuda
2025-05-14 18:30:58,618 - INFO - Loading CholecT50 data...
2025-05-14 18:30:58,618 - INFO - Loading train data from /home/maxboels/datasets/CholecT50 with fold 0
2025-05-14 18:30:59,010 - INFO - [train] Start processing metadata file /home/maxboels/datasets/CholecT50/embeddings_train_set/fold0/embeddings_f0_swin_bas_129_phase_complet_phase_transit_prog_prob_action.csv
2025-05-14 18:31:03,838 - INFO - [train] Added risk scores to embeddings_f0_swin_bas_129_phase_complet_phase_transit_prog_prob_action_risk.csv
2025-05-14 18:31:06,826 - INFO - [train] Added global outcome scores to embeddings_f0_swin_bas_129_phase_complet_phase_transit_prog_prob_action_risk_glob_outcome.csv
2025-05-14 18:31:06,828 - INFO - [train] Found 2 videos in metadata file
2025-05-14 18:31:06,828 - INFO - [train] Loading data for 2 videos
2025-05-14 18:31:06,962 - INFO - Loading test data from /home/maxboels/datasets/CholecT50 with fold 0
2025-05-14 18:31:07,041 - INFO - [test] Start processing metadata file /home/maxboels/datasets/CholecT50/embeddings_test_set/fold0/embeddings_f0_swin_bas_129_phase_complet_phase_transit_prog_prob_action.csv
2025-05-14 18:31:08,116 - INFO - [test] Added risk scores to embeddings_f0_swin_bas_129_phase_complet_phase_transit_prog_prob_action_risk.csv
2025-05-14 18:31:08,533 - INFO - [test] Added global outcome scores to embeddings_f0_swin_bas_129_phase_complet_phase_transit_prog_prob_action_risk_glob_outcome.csv
2025-05-14 18:31:08,534 - INFO - [test] Found 2 videos in metadata file
2025-05-14 18:31:08,534 - INFO - [test] Loading data for 2 videos
2025-05-14 18:31:09,922 - INFO - 
[WORLD MODEL] Running inference...
2025-05-14 18:31:09,922 - INFO - [WORLD MODEL] Using best model from pre existing path: logs/2025-05-08_14-14-22/checkpoints/world_model_best_epoch_2.pt
2025-05-14 18:31:10,604 - INFO - Running evaluation in 'full' mode, saving to results/eval_full_20250514_183110
2025-05-14 18:31:10,604 - INFO - [EVAL] Evaluating world model on 2 test videos
2025-05-14 18:31:10,604 - INFO - [EVAL] Video IDs: ['VID02', 'VID06']
2025-05-14 18:31:28,118 - INFO - [EVAL] Video VID02 | State Pred MSE: 0.1612 | Action Pred Accuracy: 0.0000 | Total Loss: 1.0532
2025-05-14 18:31:28,118 - INFO - [EVAL] Video VID02 Rollout | Mean Error: 1.2282 | Growth Rate: 2.8827
2025-05-14 18:31:42,192 - INFO - [EVAL] Video VID06 | State Pred MSE: 0.1563 | Action Pred Accuracy: 0.0000 | Total Loss: 0.7877
2025-05-14 18:31:42,192 - INFO - [EVAL] Video VID06 Rollout | Mean Error: 1.2426 | Growth Rate: 2.4573
2025-05-14 18:31:42,193 - INFO - [EVAL] Overall State MSE: 0.1591
2025-05-14 18:31:42,193 - INFO - [EVAL] Overall Rollout - Mean Error: 1.2354, Growth Rate: 2.6700
2025-05-14 18:31:42,193 - INFO - [EVAL] Horizon 1 - Action Acc: 0.5214, mAP: 0.2184, State MSE: 0.2757
2025-05-14 18:31:42,193 - INFO - [EVAL] Horizon 3 - Action Acc: 0.5252, mAP: 0.2060, State MSE: 0.3193
2025-05-14 18:31:42,193 - INFO - [EVAL] Horizon 5 - Action Acc: 0.5134, mAP: 0.1939, State MSE: 0.3746
2025-05-14 18:31:42,193 - INFO - [EVAL] Horizon 10 - Action Acc: 0.4573, mAP: 0.1557, State MSE: 0.5345
2025-05-14 18:31:42,193 - INFO - [EVAL] Horizon 15 - Action Acc: 0.4147, mAP: 0.1254, State MSE: 0.6626
2025-05-14 18:31:42,204 - INFO - Saved metrics to results/eval_full_20250514_183110/metrics.json
2025-05-14 18:31:42,207 - INFO - Saved generated trajectories to results/eval_full_20250514_183110/generated_trajectories.pt
2025-05-14 18:31:42,810 - INFO - Saved visualizations to results/eval_full_20250514_183110/visualizations
2025-05-14 18:31:43,077 - INFO - Saved rollout visualization to results/eval_full_20250514_183110/VID02_sample_0.png
2025-05-14 18:31:43,251 - INFO - Saved rollout visualization to results/eval_full_20250514_183110/VID02_sample_1.png
2025-05-14 18:31:43,464 - INFO - Saved rollout visualization to results/eval_full_20250514_183110/VID02_sample_2.png
2025-05-14 18:31:43,671 - INFO - Saved rollout visualization to results/eval_full_20250514_183110/VID02_sample_3.png
2025-05-14 18:31:43,888 - INFO - Saved rollout visualization to results/eval_full_20250514_183110/VID06_sample_4.png
2025-05-14 18:31:43,889 - INFO - Saved summary report to results/eval_full_20250514_183110/summary.md
