2025-06-10 19:45:51,611 - INFO - SuRL_FixedRL_139751524955088 - Shared experiment log directory: results/fixed_rl_2025-06-10_19-45-51/logs
2025-06-10 19:45:51,611 - INFO - SuRL_FixedRL_139751524955088 - 🎯 FIXED RL Experiment: fixed_rl_2025-06-10_19-45-51
2025-06-10 19:45:51,612 - INFO - SuRL_FixedRL_139751524955088 - 📁 Results dir: results/fixed_rl_2025-06-10_19-45-51
2025-06-10 19:45:51,612 - INFO - SuRL_FixedRL_139751524955088 - 🔧 RL IMPROVEMENTS APPLIED:
2025-06-10 19:45:51,612 - INFO - SuRL_FixedRL_139751524955088 -    ✅ Fixed RL reward functions with expert demonstration matching
2025-06-10 19:45:51,612 - INFO - SuRL_FixedRL_139751524955088 -    ✅ Enhanced RL environments with proper action spaces
2025-06-10 19:45:51,612 - INFO - SuRL_FixedRL_139751524955088 -    ✅ Comprehensive RL debugging and monitoring
2025-06-10 19:45:51,612 - INFO - SuRL_FixedRL_139751524955088 -    ✅ Optimized hyperparameters for surgical tasks
2025-06-10 19:45:51,612 - INFO - SuRL_FixedRL_139751524955088 - 🚀 Starting Complete FIXED RL Comparison
2025-06-10 19:45:51,612 - INFO - SuRL_FixedRL_139751524955088 - ============================================================
2025-06-10 19:45:51,612 - INFO - SuRL_FixedRL_139751524955088 - 📂 Loading CholecT50 data...
2025-06-10 19:45:51,612 - INFO - SuRL_FixedRL_139751524955088 - Loading train data from /nfs/home/mboels/datasets/CholecT50 with fold 0
2025-06-10 19:45:53,202 - INFO - SuRL_FixedRL_139751524955088 - ✅ Loaded metadata: /nfs/home/mboels/datasets/CholecT50/embeddings_train_set/fold0/embeddings_f0_swin_bas_129_phase_complet_phase_transit_prog_prob_action_risk_glob_outcome.csv - Shape: (78968, 156)
2025-06-10 19:45:53,202 - INFO - SuRL_FixedRL_139751524955088 - [Train] Start processing metadata file /nfs/home/mboels/datasets/CholecT50/embeddings_train_set/fold0/embeddings_f0_swin_bas_129_phase_complet_phase_transit_prog_prob_action_risk_glob_outcome.csv
2025-06-10 19:45:53,202 - INFO - SuRL_FixedRL_139751524955088 - [Train] Rewards extraction skipped, using metadata file /nfs/home/mboels/datasets/CholecT50/embeddings_train_set/fold0/embeddings_f0_swin_bas_129_phase_complet_phase_transit_prog_prob_action_risk_glob_outcome.csv
2025-06-10 19:45:53,206 - INFO - SuRL_FixedRL_139751524955088 - [Train] Found 40 videos in metadata file
2025-06-10 19:45:53,206 - INFO - SuRL_FixedRL_139751524955088 - [Train] Loading data for 40 videos
2025-06-10 19:45:55,465 - INFO - SuRL_FixedRL_139751524955088 - ✅ Loaded video VID01: 1734 frames, 1024D embeddings
2025-06-10 19:45:59,283 - INFO - SuRL_FixedRL_139751524955088 - ✅ Loaded video VID04: 1523 frames, 1024D embeddings
2025-06-10 19:46:02,296 - INFO - SuRL_FixedRL_139751524955088 - ✅ Loaded video VID05: 2345 frames, 1024D embeddings
2025-06-10 19:46:04,325 - INFO - SuRL_FixedRL_139751524955088 - ✅ Loaded video VID08: 1520 frames, 1024D embeddings
2025-06-10 19:46:07,413 - INFO - SuRL_FixedRL_139751524955088 - ✅ Loaded video VID10: 1750 frames, 1024D embeddings
2025-06-10 19:46:11,103 - INFO - SuRL_FixedRL_139751524955088 - ✅ Loaded video VID103: 2220 frames, 1024D embeddings
2025-06-10 19:46:14,899 - INFO - SuRL_FixedRL_139751524955088 - ✅ Loaded video VID110: 2177 frames, 1024D embeddings
2025-06-10 19:46:16,303 - INFO - SuRL_FixedRL_139751524955088 - ✅ Loaded video VID12: 1091 frames, 1024D embeddings
2025-06-10 19:46:18,002 - INFO - SuRL_FixedRL_139751524955088 - ✅ Loaded video VID13: 982 frames, 1024D embeddings
2025-06-10 19:46:20,736 - INFO - SuRL_FixedRL_139751524955088 - ✅ Loaded video VID15: 2059 frames, 1024D embeddings
2025-06-10 19:46:24,087 - INFO - SuRL_FixedRL_139751524955088 - ✅ Loaded video VID18: 1943 frames, 1024D embeddings
2025-06-10 19:46:26,779 - INFO - SuRL_FixedRL_139751524955088 - ✅ Loaded video VID22: 1533 frames, 1024D embeddings
2025-06-10 19:46:29,811 - INFO - SuRL_FixedRL_139751524955088 - ✅ Loaded video VID26: 1774 frames, 1024D embeddings
2025-06-10 19:46:32,513 - INFO - SuRL_FixedRL_139751524955088 - ✅ Loaded video VID27: 2085 frames, 1024D embeddings
2025-06-10 19:46:35,485 - INFO - SuRL_FixedRL_139751524955088 - ✅ Loaded video VID29: 2351 frames, 1024D embeddings
2025-06-10 19:46:40,499 - INFO - SuRL_FixedRL_139751524955088 - ✅ Loaded video VID31: 3946 frames, 1024D embeddings
2025-06-10 19:46:45,505 - INFO - SuRL_FixedRL_139751524955088 - ✅ Loaded video VID32: 2117 frames, 1024D embeddings
2025-06-10 19:46:48,462 - INFO - SuRL_FixedRL_139751524955088 - ✅ Loaded video VID35: 2107 frames, 1024D embeddings
2025-06-10 19:46:51,680 - INFO - SuRL_FixedRL_139751524955088 - ✅ Loaded video VID36: 2388 frames, 1024D embeddings
2025-06-10 19:46:54,697 - INFO - SuRL_FixedRL_139751524955088 - ✅ Loaded video VID40: 2223 frames, 1024D embeddings
2025-06-10 19:47:01,264 - INFO - SuRL_FixedRL_139751524955088 - ✅ Loaded video VID42: 3713 frames, 1024D embeddings
2025-06-10 19:47:05,451 - INFO - SuRL_FixedRL_139751524955088 - ✅ Loaded video VID43: 2363 frames, 1024D embeddings
2025-06-10 19:47:09,340 - INFO - SuRL_FixedRL_139751524955088 - ✅ Loaded video VID47: 2260 frames, 1024D embeddings
2025-06-10 19:47:11,782 - INFO - SuRL_FixedRL_139751524955088 - ✅ Loaded video VID48: 1835 frames, 1024D embeddings
2025-06-10 19:47:14,654 - INFO - SuRL_FixedRL_139751524955088 - ✅ Loaded video VID49: 1672 frames, 1024D embeddings
2025-06-10 19:47:17,166 - INFO - SuRL_FixedRL_139751524955088 - ✅ Loaded video VID52: 1967 frames, 1024D embeddings
2025-06-10 19:47:20,300 - INFO - SuRL_FixedRL_139751524955088 - ✅ Loaded video VID56: 1837 frames, 1024D embeddings
2025-06-10 19:47:24,702 - INFO - SuRL_FixedRL_139751524955088 - ✅ Loaded video VID57: 2633 frames, 1024D embeddings
2025-06-10 19:47:28,907 - INFO - SuRL_FixedRL_139751524955088 - ✅ Loaded video VID60: 2533 frames, 1024D embeddings
2025-06-10 19:47:31,516 - INFO - SuRL_FixedRL_139751524955088 - ✅ Loaded video VID62: 2033 frames, 1024D embeddings
2025-06-10 19:47:33,912 - INFO - SuRL_FixedRL_139751524955088 - ✅ Loaded video VID65: 1874 frames, 1024D embeddings
2025-06-10 19:47:36,423 - INFO - SuRL_FixedRL_139751524955088 - ✅ Loaded video VID68: 1973 frames, 1024D embeddings
2025-06-10 19:47:39,483 - INFO - SuRL_FixedRL_139751524955088 - ✅ Loaded video VID70: 1195 frames, 1024D embeddings
2025-06-10 19:47:41,188 - INFO - SuRL_FixedRL_139751524955088 - ✅ Loaded video VID73: 1357 frames, 1024D embeddings
2025-06-10 19:47:43,628 - INFO - SuRL_FixedRL_139751524955088 - ✅ Loaded video VID74: 1635 frames, 1024D embeddings
2025-06-10 19:47:46,084 - INFO - SuRL_FixedRL_139751524955088 - ✅ Loaded video VID75: 1924 frames, 1024D embeddings
2025-06-10 19:47:47,286 - INFO - SuRL_FixedRL_139751524955088 - ✅ Loaded video VID78: 740 frames, 1024D embeddings
2025-06-10 19:47:50,097 - INFO - SuRL_FixedRL_139751524955088 - ✅ Loaded video VID80: 1725 frames, 1024D embeddings
2025-06-10 19:47:53,486 - INFO - SuRL_FixedRL_139751524955088 - ✅ Loaded video VID92: 2124 frames, 1024D embeddings
2025-06-10 19:47:55,507 - INFO - SuRL_FixedRL_139751524955088 - ✅ Loaded video VID96: 1707 frames, 1024D embeddings
2025-06-10 19:47:55,507 - INFO - SuRL_FixedRL_139751524955088 - ✅ Successfully loaded 40 videos for train
2025-06-10 19:47:55,517 - INFO - SuRL_FixedRL_139751524955088 - Loading test data from /nfs/home/mboels/datasets/CholecT50 with fold 0
2025-06-10 19:47:55,914 - INFO - SuRL_FixedRL_139751524955088 - ✅ Loaded metadata: /nfs/home/mboels/datasets/CholecT50/embeddings_test_set/fold0/embeddings_f0_swin_bas_129_phase_complet_phase_transit_prog_prob_action_risk_glob_outcome.csv - Shape: (21895, 156)
2025-06-10 19:47:55,914 - INFO - SuRL_FixedRL_139751524955088 - [Test] Start processing metadata file /nfs/home/mboels/datasets/CholecT50/embeddings_test_set/fold0/embeddings_f0_swin_bas_129_phase_complet_phase_transit_prog_prob_action_risk_glob_outcome.csv
2025-06-10 19:47:55,914 - INFO - SuRL_FixedRL_139751524955088 - [Test] Rewards extraction skipped, using metadata file /nfs/home/mboels/datasets/CholecT50/embeddings_test_set/fold0/embeddings_f0_swin_bas_129_phase_complet_phase_transit_prog_prob_action_risk_glob_outcome.csv
2025-06-10 19:47:55,915 - INFO - SuRL_FixedRL_139751524955088 - [Test] Found 10 videos in metadata file
2025-06-10 19:47:55,915 - INFO - SuRL_FixedRL_139751524955088 - [Test] Loading data for 10 videos
2025-06-10 19:48:01,684 - INFO - SuRL_FixedRL_139751524955088 - ✅ Loaded video VID02: 2840 frames, 1024D embeddings
2025-06-10 19:48:05,204 - INFO - SuRL_FixedRL_139751524955088 - ✅ Loaded video VID06: 2154 frames, 1024D embeddings
2025-06-10 19:48:08,702 - INFO - SuRL_FixedRL_139751524955088 - ✅ Loaded video VID111: 2146 frames, 1024D embeddings
2025-06-10 19:48:11,455 - INFO - SuRL_FixedRL_139751524955088 - ✅ Loaded video VID14: 1709 frames, 1024D embeddings
2025-06-10 19:48:14,061 - INFO - SuRL_FixedRL_139751524955088 - ✅ Loaded video VID23: 1636 frames, 1024D embeddings
2025-06-10 19:48:16,748 - INFO - SuRL_FixedRL_139751524955088 - ✅ Loaded video VID25: 2130 frames, 1024D embeddings
2025-06-10 19:48:19,540 - INFO - SuRL_FixedRL_139751524955088 - ✅ Loaded video VID50: 1095 frames, 1024D embeddings
2025-06-10 19:48:23,273 - INFO - SuRL_FixedRL_139751524955088 - ✅ Loaded video VID51: 2945 frames, 1024D embeddings
2025-06-10 19:48:25,582 - INFO - SuRL_FixedRL_139751524955088 - ✅ Loaded video VID66: 1825 frames, 1024D embeddings
2025-06-10 19:48:31,056 - INFO - SuRL_FixedRL_139751524955088 - ✅ Loaded video VID79: 3415 frames, 1024D embeddings
2025-06-10 19:48:31,057 - INFO - SuRL_FixedRL_139751524955088 - ✅ Successfully loaded 10 videos for test
2025-06-10 19:48:31,061 - INFO - SuRL_FixedRL_139751524955088 - ✅ Data loaded successfully
2025-06-10 19:48:31,061 - INFO - SuRL_FixedRL_139751524955088 -    Training videos: 40
2025-06-10 19:48:31,061 - INFO - SuRL_FixedRL_139751524955088 -    Test videos: 10
2025-06-10 19:48:31,061 - INFO - SuRL_FixedRL_139751524955088 - 🎓 Running Method 1: Autoregressive IL
2025-06-10 19:48:31,061 - INFO - SuRL_FixedRL_139751524955088 - 🎓 Method 1: Autoregressive IL Training
2025-06-10 19:48:31,061 - INFO - SuRL_FixedRL_139751524955088 - ----------------------------------------
2025-06-10 19:48:43,739 - INFO - SuRL_FixedRL_139751524955088 - 🎓 Autoregressive IL Trainer initialized
2025-06-10 19:48:43,739 - INFO - SuRL_FixedRL_139751524955088 -    Device: cuda
2025-06-10 19:48:43,739 - INFO - SuRL_FixedRL_139751524955088 -    Epochs: 5
2025-06-10 19:48:43,739 - INFO - SuRL_FixedRL_139751524955088 -    Learning rate: 0.0001
2025-06-10 19:48:43,739 - INFO - SuRL_FixedRL_139751524955088 -    Focus: Causal frame generation → action prediction
2025-06-10 19:48:43,739 - INFO - SuRL_FixedRL_139751524955088 - 🎓 Starting Autoregressive IL Training...
2025-06-10 19:48:43,739 - INFO - SuRL_FixedRL_139751524955088 - 🎯 Goal: Learn causal frame generation → action prediction
2025-06-10 19:53:08,452 - INFO - SuRL_FixedRL_139751524955088 - ✅ New best model saved: results/fixed_rl_2025-06-10_19-45-51/logs/checkpoints/autoregressive_il_best_epoch_1.pt
2025-06-10 19:53:08,452 - INFO - SuRL_FixedRL_139751524955088 - Epoch 1/5 | Train Loss: 0.3414 | Val Loss: 0.5858 | Action mAP: 0.4552 | Frame MSE: 0.1682
2025-06-10 19:57:32,512 - INFO - SuRL_FixedRL_139751524955088 - Epoch 2/5 | Train Loss: 0.2065 | Val Loss: 0.6458 | Action mAP: 0.4304 | Frame MSE: 0.1643
2025-06-10 20:01:53,600 - INFO - SuRL_FixedRL_139751524955088 - Epoch 3/5 | Train Loss: 0.1746 | Val Loss: 0.6832 | Action mAP: 0.4153 | Frame MSE: 0.1632
2025-06-10 20:06:14,876 - INFO - SuRL_FixedRL_139751524955088 - Epoch 4/5 | Train Loss: 0.1573 | Val Loss: 0.7078 | Action mAP: 0.4140 | Frame MSE: 0.1620
2025-06-10 20:10:31,576 - INFO - SuRL_FixedRL_139751524955088 - Epoch 5/5 | Train Loss: 0.1486 | Val Loss: 0.7224 | Action mAP: 0.3920 | Frame MSE: 0.1622
2025-06-10 20:10:31,919 - INFO - SuRL_FixedRL_139751524955088 - ✅ Autoregressive IL Training completed!
2025-06-10 20:10:31,919 - INFO - SuRL_FixedRL_139751524955088 - 📄 Best model: results/fixed_rl_2025-06-10_19-45-51/logs/checkpoints/autoregressive_il_best_epoch_1.pt
2025-06-10 20:10:31,919 - INFO - SuRL_FixedRL_139751524955088 - 📄 Final model: results/fixed_rl_2025-06-10_19-45-51/logs/checkpoints/autoregressive_il_final.pt
2025-06-10 20:10:31,919 - INFO - SuRL_FixedRL_139751524955088 - 📊 Evaluating Autoregressive IL Model...
2025-06-10 20:12:21,349 - INFO - SuRL_FixedRL_139751524955088 - 📊 Evaluating generation quality...
2025-06-10 20:12:45,438 - INFO - SuRL_FixedRL_139751524955088 - ✅ Evaluation completed
2025-06-10 20:12:45,439 - INFO - SuRL_FixedRL_139751524955088 - 📊 Action mAP: 0.3920
2025-06-10 20:12:45,439 - INFO - SuRL_FixedRL_139751524955088 - 📊 Frame MSE: 0.1622
2025-06-10 20:12:45,439 - INFO - SuRL_FixedRL_139751524955088 - 📊 Exact Match: 0.4045
2025-06-10 20:12:46,267 - INFO - SuRL_FixedRL_139751524955088 - 🌍 Running Method 2: FIXED Conditional World Model + RL
2025-06-10 20:12:46,267 - INFO - SuRL_FixedRL_139751524955088 - 🌍 Method 2: FIXED Conditional World Model + RL
2025-06-10 20:12:46,267 - INFO - SuRL_FixedRL_139751524955088 - ----------------------------------------
2025-06-10 20:13:20,074 - INFO - SuRL_FixedRL_139751524955088 - ✅ Stored test loaders for evaluation: ['VID02', 'VID06', 'VID111', 'VID14', 'VID23', 'VID25', 'VID50', 'VID51', 'VID66', 'VID79']
2025-06-10 20:13:20,087 - INFO - SuRL_FixedRL_139751524955088 - 🌍 World Model Trainer initialized
2025-06-10 20:13:20,087 - INFO - SuRL_FixedRL_139751524955088 -    Device: cuda
2025-06-10 20:13:20,087 - INFO - SuRL_FixedRL_139751524955088 -    Epochs: 5
2025-06-10 20:13:20,087 - INFO - SuRL_FixedRL_139751524955088 -    Learning rate: 0.0001
2025-06-10 20:13:20,087 - INFO - SuRL_FixedRL_139751524955088 -    Focus: Action-conditioned state-reward prediction
2025-06-10 20:13:20,087 - INFO - SuRL_FixedRL_139751524955088 - 🌍 Training world model...
2025-06-10 20:13:20,087 - INFO - SuRL_FixedRL_139751524955088 - 🌍 Starting World Model Training...
2025-06-10 20:13:20,087 - INFO - SuRL_FixedRL_139751524955088 - 🎯 Goal: Learn action-conditioned state-reward prediction
2025-06-10 20:17:01,075 - INFO - SuRL_FixedRL_139751524955088 - ✅ New best model saved: results/fixed_rl_2025-06-10_19-45-51/logs/checkpoints/world_model_best_epoch_1.pt
2025-06-10 20:17:01,076 - INFO - SuRL_FixedRL_139751524955088 - Epoch 1/5 | Train Loss: 0.9194 | Val Loss: 0.9480 | State MSE: 0.1595 | Reward MSE: 0.0599
2025-06-10 20:20:44,094 - INFO - SuRL_FixedRL_139751524955088 - Epoch 2/5 | Train Loss: 0.4453 | Val Loss: 1.1175 | State MSE: 0.1532 | Reward MSE: 0.0589
2025-06-10 20:24:27,661 - INFO - SuRL_FixedRL_139751524955088 - Epoch 3/5 | Train Loss: 0.3666 | Val Loss: 0.9489 | State MSE: 0.1448 | Reward MSE: 0.0623
2025-06-10 20:28:11,729 - INFO - SuRL_FixedRL_139751524955088 - Epoch 4/5 | Train Loss: 0.3184 | Val Loss: 0.9765 | State MSE: 0.1423 | Reward MSE: 0.0583
2025-06-10 20:31:55,109 - INFO - SuRL_FixedRL_139751524955088 - Epoch 5/5 | Train Loss: 0.2942 | Val Loss: 1.0276 | State MSE: 0.1412 | Reward MSE: 0.0606
2025-06-10 20:31:55,464 - INFO - SuRL_FixedRL_139751524955088 - ✅ World Model Training completed!
2025-06-10 20:31:55,464 - INFO - SuRL_FixedRL_139751524955088 - 📄 Best model: results/fixed_rl_2025-06-10_19-45-51/logs/checkpoints/world_model_best_epoch_1.pt
2025-06-10 20:31:55,464 - INFO - SuRL_FixedRL_139751524955088 - 📄 Final model: results/fixed_rl_2025-06-10_19-45-51/logs/checkpoints/world_model_final.pt
2025-06-10 20:31:55,464 - INFO - SuRL_FixedRL_139751524955088 - 🌍 Evaluating world model...
2025-06-10 20:31:55,464 - INFO - SuRL_FixedRL_139751524955088 - 📊 Evaluating World Model...
2025-06-10 20:32:35,391 - INFO - SuRL_FixedRL_139751524955088 - ✅ Evaluation completed
2025-06-10 20:32:35,392 - INFO - SuRL_FixedRL_139751524955088 - 📊 State Loss: 0.1412
2025-06-10 20:32:35,392 - INFO - SuRL_FixedRL_139751524955088 - 📊 Reward Loss: 0.0606
2025-06-10 20:32:35,392 - INFO - SuRL_FixedRL_139751524955088 - 🚀 Starting FIXED RL training with improved rewards...
2025-06-10 20:32:35,394 - INFO - SuRL_FixedRL_139751524955088 - 🌍 Training World Model RL for 25000 timesteps...
2025-06-10 20:32:35,397 - INFO - SuRL_FixedRL_139751524955088 - 🎬 Training Direct Video RL for 25000 timesteps...
2025-06-10 20:32:36,157 - INFO - SuRL_FixedRL_139751524955088 - 📹 Running Method 3: FIXED Direct Video RL
2025-06-10 20:32:36,157 - INFO - SuRL_FixedRL_139751524955088 - 📹 Method 3: FIXED Direct Video RL
2025-06-10 20:32:36,157 - INFO - SuRL_FixedRL_139751524955088 - ----------------------------------------
2025-06-10 20:32:36,164 - INFO - SuRL_FixedRL_139751524955088 - 🚀 Training FIXED RL algorithms for 25000 timesteps...
2025-06-10 20:34:14,344 - INFO - SuRL_FixedRL_139751524955088 - 📊 Running Comprehensive Evaluation
2025-06-10 20:34:14,346 - INFO - SuRL_FixedRL_139751524955088 - 🔬 Evaluation Framework initialized
2025-06-10 20:34:14,346 - INFO - SuRL_FixedRL_139751524955088 - 📁 Results will be saved to: results/fixed_rl_2025-06-10_19-45-51/integrated_evaluation
2025-06-10 20:34:15,821 - INFO - SuRL_FixedRL_139751524955088 - ✅ Loaded AutoregressiveIL model
2025-06-10 20:34:16,772 - INFO - SuRL_FixedRL_139751524955088 - ✅ Loaded ConditionalWorldModel (for planning analysis)
2025-06-10 20:34:16,834 - INFO - SuRL_FixedRL_139751524955088 - ✅ Loaded ppo RL policy (trained on direct video)
2025-06-10 20:34:16,940 - INFO - SuRL_FixedRL_139751524955088 - ✅ Loaded a2c RL policy (trained on direct video)
2025-06-10 20:34:16,940 - INFO - SuRL_FixedRL_139751524955088 - 📊 Loaded 3 models for comprehensive evaluation
2025-06-10 20:34:16,940 - INFO - SuRL_FixedRL_139751524955088 - 🎯 Evaluation approach:
2025-06-10 20:34:16,940 - INFO - SuRL_FixedRL_139751524955088 -    Primary: Single-step action prediction (fair comparison)
2025-06-10 20:34:16,940 - INFO - SuRL_FixedRL_139751524955088 -    Secondary: Multi-step planning analysis (paradigm-specific)
2025-06-10 20:34:16,941 - INFO - SuRL_FixedRL_139751524955088 - 📊 Loaded models for evaluation:
2025-06-10 20:34:16,941 - INFO - SuRL_FixedRL_139751524955088 -    AutoregressiveIL: supervised_imitation_learning
2025-06-10 20:34:16,941 - INFO - SuRL_FixedRL_139751524955088 -    DirectVideoRL_ppo: rl_with_direct_video_episodes
2025-06-10 20:34:16,941 - INFO - SuRL_FixedRL_139751524955088 -    DirectVideoRL_a2c: rl_with_direct_video_episodes
2025-06-10 20:34:16,941 - INFO - SuRL_FixedRL_139751524955088 - 🚀 Running evaluation on 10 videos...
2025-06-10 20:34:16,941 - INFO - SuRL_FixedRL_139751524955088 - 🚀 Starting FIXED comprehensive evaluation (using proper batches)
2025-06-10 20:34:16,941 - INFO - SuRL_FixedRL_139751524955088 - 📊 Models: 3, Videos: 10
2025-06-10 20:34:16,941 - INFO - SuRL_FixedRL_139751524955088 - 🎯 Evaluation approach:
2025-06-10 20:34:16,941 - INFO - SuRL_FixedRL_139751524955088 -    ✅ Uses DataLoader batches directly (like training)
2025-06-10 20:34:16,941 - INFO - SuRL_FixedRL_139751524955088 -    ✅ Maintains temporal structure for IL model
2025-06-10 20:34:16,942 - INFO - SuRL_FixedRL_139751524955088 -    ✅ Consistent model interfaces
2025-06-10 20:34:16,942 - INFO - SuRL_FixedRL_139751524955088 - 📹 Evaluating video: VID02
2025-06-10 20:34:18,907 - INFO - SuRL_FixedRL_139751524955088 - 📹 Comprehensive evaluation: VID02
2025-06-10 20:34:18,907 - INFO - SuRL_FixedRL_139751524955088 - 🎯 PRIMARY: Single-step action prediction
2025-06-10 20:34:18,907 - INFO - SuRL_FixedRL_139751524955088 -   🤖 AutoregressiveIL: Single-step action prediction
2025-06-10 20:34:23,228 - INFO - SuRL_FixedRL_139751524955088 -   AutoregressiveIL evaluation completed: 178 batches processed
2025-06-10 20:34:26,096 - INFO - SuRL_FixedRL_139751524955088 -     📊 Single-step mAP: 0.3919
2025-06-10 20:34:26,096 - INFO - SuRL_FixedRL_139751524955088 -   🤖 DirectVideoRL_ppo: Single-step action prediction
2025-06-10 20:34:31,219 - INFO - SuRL_FixedRL_139751524955088 -   DirectVideoRL_ppo evaluation completed: 178 batches processed
2025-06-10 20:34:34,033 - INFO - SuRL_FixedRL_139751524955088 -     📊 Single-step mAP: 0.0746
2025-06-10 20:34:34,033 - INFO - SuRL_FixedRL_139751524955088 -   🤖 DirectVideoRL_a2c: Single-step action prediction
2025-06-10 20:34:39,252 - INFO - SuRL_FixedRL_139751524955088 -   DirectVideoRL_a2c evaluation completed: 178 batches processed
2025-06-10 20:34:42,112 - INFO - SuRL_FixedRL_139751524955088 -     📊 Single-step mAP: 0.0442
2025-06-10 20:34:42,113 - INFO - SuRL_FixedRL_139751524955088 - 🚀 SECONDARY: Planning capability analysis
2025-06-10 20:34:42,113 - INFO - SuRL_FixedRL_139751524955088 -   🧠 AutoregressiveIL: Planning capability analysis
2025-06-10 20:34:56,666 - INFO - SuRL_FixedRL_139751524955088 -     📊 Planning stability: 0.9976
2025-06-10 20:34:56,666 - INFO - SuRL_FixedRL_139751524955088 -   🧠 DirectVideoRL_ppo: Planning capability analysis
2025-06-10 20:35:00,329 - INFO - SuRL_FixedRL_139751524955088 -     📊 Planning stability: 0.9988
2025-06-10 20:35:00,330 - INFO - SuRL_FixedRL_139751524955088 -   🧠 DirectVideoRL_a2c: Planning capability analysis
2025-06-10 20:35:04,144 - INFO - SuRL_FixedRL_139751524955088 -     📊 Planning stability: 0.9989
2025-06-10 20:35:04,145 - INFO - SuRL_FixedRL_139751524955088 -   AutoregressiveIL: mAP = 0.3919
2025-06-10 20:35:04,145 - INFO - SuRL_FixedRL_139751524955088 -   DirectVideoRL_ppo: mAP = 0.0746
2025-06-10 20:35:04,145 - INFO - SuRL_FixedRL_139751524955088 -   DirectVideoRL_a2c: mAP = 0.0442
2025-06-10 20:35:04,145 - INFO - SuRL_FixedRL_139751524955088 - 📹 Evaluating video: VID06
2025-06-10 20:35:06,308 - INFO - SuRL_FixedRL_139751524955088 - 📹 Comprehensive evaluation: VID06
2025-06-10 20:35:06,308 - INFO - SuRL_FixedRL_139751524955088 - 🎯 PRIMARY: Single-step action prediction
2025-06-10 20:35:06,308 - INFO - SuRL_FixedRL_139751524955088 -   🤖 AutoregressiveIL: Single-step action prediction
2025-06-10 20:35:10,158 - INFO - SuRL_FixedRL_139751524955088 -   AutoregressiveIL evaluation completed: 135 batches processed
2025-06-10 20:35:12,442 - INFO - SuRL_FixedRL_139751524955088 -     📊 Single-step mAP: 0.5309
2025-06-10 20:35:12,443 - INFO - SuRL_FixedRL_139751524955088 -   🤖 DirectVideoRL_ppo: Single-step action prediction
2025-06-10 20:35:17,149 - INFO - SuRL_FixedRL_139751524955088 -   DirectVideoRL_ppo evaluation completed: 135 batches processed
2025-06-10 20:35:19,414 - INFO - SuRL_FixedRL_139751524955088 -     📊 Single-step mAP: 0.0771
2025-06-10 20:35:19,415 - INFO - SuRL_FixedRL_139751524955088 -   🤖 DirectVideoRL_a2c: Single-step action prediction
2025-06-10 20:35:24,155 - INFO - SuRL_FixedRL_139751524955088 -   DirectVideoRL_a2c evaluation completed: 135 batches processed
2025-06-10 20:35:26,406 - INFO - SuRL_FixedRL_139751524955088 -     📊 Single-step mAP: 0.0732
2025-06-10 20:35:26,407 - INFO - SuRL_FixedRL_139751524955088 - 🚀 SECONDARY: Planning capability analysis
2025-06-10 20:35:26,407 - INFO - SuRL_FixedRL_139751524955088 -   🧠 AutoregressiveIL: Planning capability analysis
2025-06-10 20:35:38,008 - INFO - SuRL_FixedRL_139751524955088 -     📊 Planning stability: 0.9978
2025-06-10 20:35:38,008 - INFO - SuRL_FixedRL_139751524955088 -   🧠 DirectVideoRL_ppo: Planning capability analysis
2025-06-10 20:35:41,692 - INFO - SuRL_FixedRL_139751524955088 -     📊 Planning stability: 0.9987
2025-06-10 20:35:41,692 - INFO - SuRL_FixedRL_139751524955088 -   🧠 DirectVideoRL_a2c: Planning capability analysis
2025-06-10 20:35:45,032 - INFO - SuRL_FixedRL_139751524955088 -     📊 Planning stability: 0.9989
2025-06-10 20:35:45,033 - INFO - SuRL_FixedRL_139751524955088 -   AutoregressiveIL: mAP = 0.5309
2025-06-10 20:35:45,033 - INFO - SuRL_FixedRL_139751524955088 -   DirectVideoRL_ppo: mAP = 0.0771
2025-06-10 20:35:45,033 - INFO - SuRL_FixedRL_139751524955088 -   DirectVideoRL_a2c: mAP = 0.0732
2025-06-10 20:35:45,033 - INFO - SuRL_FixedRL_139751524955088 - 📹 Evaluating video: VID111
2025-06-10 20:35:47,300 - INFO - SuRL_FixedRL_139751524955088 - 📹 Comprehensive evaluation: VID111
2025-06-10 20:35:47,300 - INFO - SuRL_FixedRL_139751524955088 - 🎯 PRIMARY: Single-step action prediction
2025-06-10 20:35:47,300 - INFO - SuRL_FixedRL_139751524955088 -   🤖 AutoregressiveIL: Single-step action prediction
2025-06-10 20:35:51,246 - INFO - SuRL_FixedRL_139751524955088 -   AutoregressiveIL evaluation completed: 135 batches processed
2025-06-10 20:35:53,013 - INFO - SuRL_FixedRL_139751524955088 -     📊 Single-step mAP: 0.4214
2025-06-10 20:35:53,013 - INFO - SuRL_FixedRL_139751524955088 -   🤖 DirectVideoRL_ppo: Single-step action prediction
2025-06-10 20:35:57,640 - INFO - SuRL_FixedRL_139751524955088 -   DirectVideoRL_ppo evaluation completed: 135 batches processed
2025-06-10 20:35:59,418 - INFO - SuRL_FixedRL_139751524955088 -     📊 Single-step mAP: 0.0545
2025-06-10 20:35:59,418 - INFO - SuRL_FixedRL_139751524955088 -   🤖 DirectVideoRL_a2c: Single-step action prediction
2025-06-10 20:36:03,967 - INFO - SuRL_FixedRL_139751524955088 -   DirectVideoRL_a2c evaluation completed: 135 batches processed
2025-06-10 20:36:05,675 - INFO - SuRL_FixedRL_139751524955088 -     📊 Single-step mAP: 0.0452
2025-06-10 20:36:05,675 - INFO - SuRL_FixedRL_139751524955088 - 🚀 SECONDARY: Planning capability analysis
2025-06-10 20:36:05,675 - INFO - SuRL_FixedRL_139751524955088 -   🧠 AutoregressiveIL: Planning capability analysis
2025-06-10 20:36:16,948 - INFO - SuRL_FixedRL_139751524955088 -     📊 Planning stability: 0.9978
2025-06-10 20:36:16,949 - INFO - SuRL_FixedRL_139751524955088 -   🧠 DirectVideoRL_ppo: Planning capability analysis
2025-06-10 20:36:20,132 - INFO - SuRL_FixedRL_139751524955088 -     📊 Planning stability: 0.9987
2025-06-10 20:36:20,132 - INFO - SuRL_FixedRL_139751524955088 -   🧠 DirectVideoRL_a2c: Planning capability analysis
2025-06-10 20:36:23,735 - INFO - SuRL_FixedRL_139751524955088 -     📊 Planning stability: 0.9989
2025-06-10 20:36:23,736 - INFO - SuRL_FixedRL_139751524955088 -   AutoregressiveIL: mAP = 0.4214
2025-06-10 20:36:23,736 - INFO - SuRL_FixedRL_139751524955088 -   DirectVideoRL_ppo: mAP = 0.0545
2025-06-10 20:36:23,736 - INFO - SuRL_FixedRL_139751524955088 -   DirectVideoRL_a2c: mAP = 0.0452
2025-06-10 20:36:23,736 - INFO - SuRL_FixedRL_139751524955088 - 📹 Evaluating video: VID14
2025-06-10 20:36:25,976 - INFO - SuRL_FixedRL_139751524955088 - 📹 Comprehensive evaluation: VID14
2025-06-10 20:36:25,976 - INFO - SuRL_FixedRL_139751524955088 - 🎯 PRIMARY: Single-step action prediction
2025-06-10 20:36:25,976 - INFO - SuRL_FixedRL_139751524955088 -   🤖 AutoregressiveIL: Single-step action prediction
2025-06-10 20:36:29,327 - INFO - SuRL_FixedRL_139751524955088 -   AutoregressiveIL evaluation completed: 107 batches processed
2025-06-10 20:36:30,952 - INFO - SuRL_FixedRL_139751524955088 -     📊 Single-step mAP: 0.3109
2025-06-10 20:36:30,952 - INFO - SuRL_FixedRL_139751524955088 -   🤖 DirectVideoRL_ppo: Single-step action prediction
2025-06-10 20:36:35,020 - INFO - SuRL_FixedRL_139751524955088 -   DirectVideoRL_ppo evaluation completed: 107 batches processed
2025-06-10 20:36:36,681 - INFO - SuRL_FixedRL_139751524955088 -     📊 Single-step mAP: 0.0576
2025-06-10 20:36:36,681 - INFO - SuRL_FixedRL_139751524955088 -   🤖 DirectVideoRL_a2c: Single-step action prediction
2025-06-10 20:36:40,671 - INFO - SuRL_FixedRL_139751524955088 -   DirectVideoRL_a2c evaluation completed: 107 batches processed
2025-06-10 20:36:42,403 - INFO - SuRL_FixedRL_139751524955088 -     📊 Single-step mAP: 0.0510
2025-06-10 20:36:42,403 - INFO - SuRL_FixedRL_139751524955088 - 🚀 SECONDARY: Planning capability analysis
2025-06-10 20:36:42,403 - INFO - SuRL_FixedRL_139751524955088 -   🧠 AutoregressiveIL: Planning capability analysis
2025-06-10 20:36:52,449 - INFO - SuRL_FixedRL_139751524955088 -     📊 Planning stability: 0.9972
2025-06-10 20:36:52,450 - INFO - SuRL_FixedRL_139751524955088 -   🧠 DirectVideoRL_ppo: Planning capability analysis
2025-06-10 20:36:55,697 - INFO - SuRL_FixedRL_139751524955088 -     📊 Planning stability: 0.9988
2025-06-10 20:36:55,698 - INFO - SuRL_FixedRL_139751524955088 -   🧠 DirectVideoRL_a2c: Planning capability analysis
2025-06-10 20:36:58,812 - INFO - SuRL_FixedRL_139751524955088 -     📊 Planning stability: 0.9990
2025-06-10 20:36:58,812 - INFO - SuRL_FixedRL_139751524955088 -   AutoregressiveIL: mAP = 0.3109
2025-06-10 20:36:58,812 - INFO - SuRL_FixedRL_139751524955088 -   DirectVideoRL_ppo: mAP = 0.0576
2025-06-10 20:36:58,812 - INFO - SuRL_FixedRL_139751524955088 -   DirectVideoRL_a2c: mAP = 0.0510
2025-06-10 20:36:58,812 - INFO - SuRL_FixedRL_139751524955088 - 📹 Evaluating video: VID23
2025-06-10 20:37:01,021 - INFO - SuRL_FixedRL_139751524955088 - 📹 Comprehensive evaluation: VID23
2025-06-10 20:37:01,021 - INFO - SuRL_FixedRL_139751524955088 - 🎯 PRIMARY: Single-step action prediction
2025-06-10 20:37:01,021 - INFO - SuRL_FixedRL_139751524955088 -   🤖 AutoregressiveIL: Single-step action prediction
2025-06-10 20:37:04,508 - INFO - SuRL_FixedRL_139751524955088 -   AutoregressiveIL evaluation completed: 103 batches processed
2025-06-10 20:37:06,207 - INFO - SuRL_FixedRL_139751524955088 -     📊 Single-step mAP: 0.3947
2025-06-10 20:37:06,207 - INFO - SuRL_FixedRL_139751524955088 -   🤖 DirectVideoRL_ppo: Single-step action prediction
2025-06-10 20:37:10,286 - INFO - SuRL_FixedRL_139751524955088 -   DirectVideoRL_ppo evaluation completed: 103 batches processed
2025-06-10 20:37:12,005 - INFO - SuRL_FixedRL_139751524955088 -     📊 Single-step mAP: 0.0721
2025-06-10 20:37:12,005 - INFO - SuRL_FixedRL_139751524955088 -   🤖 DirectVideoRL_a2c: Single-step action prediction
2025-06-10 20:37:16,151 - INFO - SuRL_FixedRL_139751524955088 -   DirectVideoRL_a2c evaluation completed: 103 batches processed
2025-06-10 20:37:17,849 - INFO - SuRL_FixedRL_139751524955088 -     📊 Single-step mAP: 0.0497
2025-06-10 20:37:17,850 - INFO - SuRL_FixedRL_139751524955088 - 🚀 SECONDARY: Planning capability analysis
2025-06-10 20:37:17,850 - INFO - SuRL_FixedRL_139751524955088 -   🧠 AutoregressiveIL: Planning capability analysis
2025-06-10 20:37:27,395 - INFO - SuRL_FixedRL_139751524955088 -     📊 Planning stability: 0.9979
2025-06-10 20:37:27,395 - INFO - SuRL_FixedRL_139751524955088 -   🧠 DirectVideoRL_ppo: Planning capability analysis
2025-06-10 20:37:30,413 - INFO - SuRL_FixedRL_139751524955088 -     📊 Planning stability: 0.9988
2025-06-10 20:37:30,413 - INFO - SuRL_FixedRL_139751524955088 -   🧠 DirectVideoRL_a2c: Planning capability analysis
2025-06-10 20:37:33,432 - INFO - SuRL_FixedRL_139751524955088 -     📊 Planning stability: 0.9989
2025-06-10 20:37:33,433 - INFO - SuRL_FixedRL_139751524955088 -   AutoregressiveIL: mAP = 0.3947
2025-06-10 20:37:33,433 - INFO - SuRL_FixedRL_139751524955088 -   DirectVideoRL_ppo: mAP = 0.0721
2025-06-10 20:37:33,433 - INFO - SuRL_FixedRL_139751524955088 -   DirectVideoRL_a2c: mAP = 0.0497
2025-06-10 20:37:33,433 - INFO - SuRL_FixedRL_139751524955088 - 📹 Evaluating video: VID25
2025-06-10 20:37:35,764 - INFO - SuRL_FixedRL_139751524955088 - 📹 Comprehensive evaluation: VID25
2025-06-10 20:37:35,764 - INFO - SuRL_FixedRL_139751524955088 - 🎯 PRIMARY: Single-step action prediction
2025-06-10 20:37:35,764 - INFO - SuRL_FixedRL_139751524955088 -   🤖 AutoregressiveIL: Single-step action prediction
2025-06-10 20:37:39,488 - INFO - SuRL_FixedRL_139751524955088 -   AutoregressiveIL evaluation completed: 134 batches processed
2025-06-10 20:37:41,778 - INFO - SuRL_FixedRL_139751524955088 -     📊 Single-step mAP: 0.5611
2025-06-10 20:37:41,778 - INFO - SuRL_FixedRL_139751524955088 -   🤖 DirectVideoRL_ppo: Single-step action prediction
2025-06-10 20:37:46,343 - INFO - SuRL_FixedRL_139751524955088 -   DirectVideoRL_ppo evaluation completed: 134 batches processed
2025-06-10 20:37:48,577 - INFO - SuRL_FixedRL_139751524955088 -     📊 Single-step mAP: 0.0917
2025-06-10 20:37:48,578 - INFO - SuRL_FixedRL_139751524955088 -   🤖 DirectVideoRL_a2c: Single-step action prediction
2025-06-10 20:37:53,196 - INFO - SuRL_FixedRL_139751524955088 -   DirectVideoRL_a2c evaluation completed: 134 batches processed
2025-06-10 20:37:55,309 - INFO - SuRL_FixedRL_139751524955088 -     📊 Single-step mAP: 0.0731
2025-06-10 20:37:55,309 - INFO - SuRL_FixedRL_139751524955088 - 🚀 SECONDARY: Planning capability analysis
2025-06-10 20:37:55,309 - INFO - SuRL_FixedRL_139751524955088 -   🧠 AutoregressiveIL: Planning capability analysis
2025-06-10 20:38:06,703 - INFO - SuRL_FixedRL_139751524955088 -     📊 Planning stability: 0.9981
2025-06-10 20:38:06,704 - INFO - SuRL_FixedRL_139751524955088 -   🧠 DirectVideoRL_ppo: Planning capability analysis
2025-06-10 20:38:09,815 - INFO - SuRL_FixedRL_139751524955088 -     📊 Planning stability: 0.9988
2025-06-10 20:38:09,815 - INFO - SuRL_FixedRL_139751524955088 -   🧠 DirectVideoRL_a2c: Planning capability analysis
2025-06-10 20:38:13,291 - INFO - SuRL_FixedRL_139751524955088 -     📊 Planning stability: 0.9989
2025-06-10 20:38:13,291 - INFO - SuRL_FixedRL_139751524955088 -   AutoregressiveIL: mAP = 0.5611
2025-06-10 20:38:13,291 - INFO - SuRL_FixedRL_139751524955088 -   DirectVideoRL_ppo: mAP = 0.0917
2025-06-10 20:38:13,292 - INFO - SuRL_FixedRL_139751524955088 -   DirectVideoRL_a2c: mAP = 0.0731
2025-06-10 20:38:13,292 - INFO - SuRL_FixedRL_139751524955088 - 📹 Evaluating video: VID50
2025-06-10 20:38:15,404 - INFO - SuRL_FixedRL_139751524955088 - 📹 Comprehensive evaluation: VID50
2025-06-10 20:38:15,405 - INFO - SuRL_FixedRL_139751524955088 - 🎯 PRIMARY: Single-step action prediction
2025-06-10 20:38:15,405 - INFO - SuRL_FixedRL_139751524955088 -   🤖 AutoregressiveIL: Single-step action prediction
2025-06-10 20:38:18,504 - INFO - SuRL_FixedRL_139751524955088 -   AutoregressiveIL evaluation completed: 69 batches processed
2025-06-10 20:38:19,626 - INFO - SuRL_FixedRL_139751524955088 -     📊 Single-step mAP: 0.5076
2025-06-10 20:38:19,626 - INFO - SuRL_FixedRL_139751524955088 -   🤖 DirectVideoRL_ppo: Single-step action prediction
2025-06-10 20:38:22,859 - INFO - SuRL_FixedRL_139751524955088 -   DirectVideoRL_ppo evaluation completed: 69 batches processed
2025-06-10 20:38:23,953 - INFO - SuRL_FixedRL_139751524955088 -     📊 Single-step mAP: 0.1357
2025-06-10 20:38:23,953 - INFO - SuRL_FixedRL_139751524955088 -   🤖 DirectVideoRL_a2c: Single-step action prediction
2025-06-10 20:38:27,285 - INFO - SuRL_FixedRL_139751524955088 -   DirectVideoRL_a2c evaluation completed: 69 batches processed
2025-06-10 20:38:28,396 - INFO - SuRL_FixedRL_139751524955088 -     📊 Single-step mAP: 0.0894
2025-06-10 20:38:28,396 - INFO - SuRL_FixedRL_139751524955088 - 🚀 SECONDARY: Planning capability analysis
2025-06-10 20:38:28,396 - INFO - SuRL_FixedRL_139751524955088 -   🧠 AutoregressiveIL: Planning capability analysis
2025-06-10 20:38:35,391 - INFO - SuRL_FixedRL_139751524955088 -     📊 Planning stability: 0.9982
2025-06-10 20:38:35,392 - INFO - SuRL_FixedRL_139751524955088 -   🧠 DirectVideoRL_ppo: Planning capability analysis
2025-06-10 20:38:38,022 - INFO - SuRL_FixedRL_139751524955088 -     📊 Planning stability: 0.9988
2025-06-10 20:38:38,022 - INFO - SuRL_FixedRL_139751524955088 -   🧠 DirectVideoRL_a2c: Planning capability analysis
2025-06-10 20:38:40,669 - INFO - SuRL_FixedRL_139751524955088 -     📊 Planning stability: 0.9989
2025-06-10 20:38:40,670 - INFO - SuRL_FixedRL_139751524955088 -   AutoregressiveIL: mAP = 0.5076
2025-06-10 20:38:40,670 - INFO - SuRL_FixedRL_139751524955088 -   DirectVideoRL_ppo: mAP = 0.1357
2025-06-10 20:38:40,670 - INFO - SuRL_FixedRL_139751524955088 -   DirectVideoRL_a2c: mAP = 0.0894
2025-06-10 20:38:40,670 - INFO - SuRL_FixedRL_139751524955088 - 📹 Evaluating video: VID51
2025-06-10 20:38:42,718 - INFO - SuRL_FixedRL_139751524955088 - 📹 Comprehensive evaluation: VID51
2025-06-10 20:38:42,718 - INFO - SuRL_FixedRL_139751524955088 - 🎯 PRIMARY: Single-step action prediction
2025-06-10 20:38:42,718 - INFO - SuRL_FixedRL_139751524955088 -   🤖 AutoregressiveIL: Single-step action prediction
2025-06-10 20:38:47,149 - INFO - SuRL_FixedRL_139751524955088 -   AutoregressiveIL evaluation completed: 184 batches processed
2025-06-10 20:38:49,963 - INFO - SuRL_FixedRL_139751524955088 -     📊 Single-step mAP: 0.4600
2025-06-10 20:38:49,963 - INFO - SuRL_FixedRL_139751524955088 -   🤖 DirectVideoRL_ppo: Single-step action prediction
2025-06-10 20:38:55,643 - INFO - SuRL_FixedRL_139751524955088 -   DirectVideoRL_ppo evaluation completed: 184 batches processed
2025-06-10 20:38:58,821 - INFO - SuRL_FixedRL_139751524955088 -     📊 Single-step mAP: 0.0635
2025-06-10 20:38:58,822 - INFO - SuRL_FixedRL_139751524955088 -   🤖 DirectVideoRL_a2c: Single-step action prediction
2025-06-10 20:39:04,360 - INFO - SuRL_FixedRL_139751524955088 -   DirectVideoRL_a2c evaluation completed: 184 batches processed
2025-06-10 20:39:07,281 - INFO - SuRL_FixedRL_139751524955088 -     📊 Single-step mAP: 0.0626
2025-06-10 20:39:07,281 - INFO - SuRL_FixedRL_139751524955088 - 🚀 SECONDARY: Planning capability analysis
2025-06-10 20:39:07,281 - INFO - SuRL_FixedRL_139751524955088 -   🧠 AutoregressiveIL: Planning capability analysis
2025-06-10 20:39:22,521 - INFO - SuRL_FixedRL_139751524955088 -     📊 Planning stability: 0.9976
2025-06-10 20:39:22,521 - INFO - SuRL_FixedRL_139751524955088 -   🧠 DirectVideoRL_ppo: Planning capability analysis
2025-06-10 20:39:26,294 - INFO - SuRL_FixedRL_139751524955088 -     📊 Planning stability: 0.9987
2025-06-10 20:39:26,294 - INFO - SuRL_FixedRL_139751524955088 -   🧠 DirectVideoRL_a2c: Planning capability analysis
2025-06-10 20:39:29,935 - INFO - SuRL_FixedRL_139751524955088 -     📊 Planning stability: 0.9990
2025-06-10 20:39:29,936 - INFO - SuRL_FixedRL_139751524955088 -   AutoregressiveIL: mAP = 0.4600
2025-06-10 20:39:29,936 - INFO - SuRL_FixedRL_139751524955088 -   DirectVideoRL_ppo: mAP = 0.0635
2025-06-10 20:39:29,936 - INFO - SuRL_FixedRL_139751524955088 -   DirectVideoRL_a2c: mAP = 0.0626
2025-06-10 20:39:29,936 - INFO - SuRL_FixedRL_139751524955088 - 📹 Evaluating video: VID66
2025-06-10 20:39:32,035 - INFO - SuRL_FixedRL_139751524955088 - 📹 Comprehensive evaluation: VID66
2025-06-10 20:39:32,035 - INFO - SuRL_FixedRL_139751524955088 - 🎯 PRIMARY: Single-step action prediction
2025-06-10 20:39:32,035 - INFO - SuRL_FixedRL_139751524955088 -   🤖 AutoregressiveIL: Single-step action prediction
2025-06-10 20:39:35,537 - INFO - SuRL_FixedRL_139751524955088 -   AutoregressiveIL evaluation completed: 114 batches processed
2025-06-10 20:39:37,436 - INFO - SuRL_FixedRL_139751524955088 -     📊 Single-step mAP: 0.5652
2025-06-10 20:39:37,436 - INFO - SuRL_FixedRL_139751524955088 -   🤖 DirectVideoRL_ppo: Single-step action prediction
2025-06-10 20:39:41,619 - INFO - SuRL_FixedRL_139751524955088 -   DirectVideoRL_ppo evaluation completed: 114 batches processed
2025-06-10 20:39:43,472 - INFO - SuRL_FixedRL_139751524955088 -     📊 Single-step mAP: 0.0925
2025-06-10 20:39:43,472 - INFO - SuRL_FixedRL_139751524955088 -   🤖 DirectVideoRL_a2c: Single-step action prediction
2025-06-10 20:39:47,912 - INFO - SuRL_FixedRL_139751524955088 -   DirectVideoRL_a2c evaluation completed: 114 batches processed
2025-06-10 20:39:49,660 - INFO - SuRL_FixedRL_139751524955088 -     📊 Single-step mAP: 0.1058
2025-06-10 20:39:49,660 - INFO - SuRL_FixedRL_139751524955088 - 🚀 SECONDARY: Planning capability analysis
2025-06-10 20:39:49,660 - INFO - SuRL_FixedRL_139751524955088 -   🧠 AutoregressiveIL: Planning capability analysis
2025-06-10 20:39:59,829 - INFO - SuRL_FixedRL_139751524955088 -     📊 Planning stability: 0.9982
2025-06-10 20:39:59,829 - INFO - SuRL_FixedRL_139751524955088 -   🧠 DirectVideoRL_ppo: Planning capability analysis
2025-06-10 20:40:03,040 - INFO - SuRL_FixedRL_139751524955088 -     📊 Planning stability: 0.9988
2025-06-10 20:40:03,040 - INFO - SuRL_FixedRL_139751524955088 -   🧠 DirectVideoRL_a2c: Planning capability analysis
2025-06-10 20:40:06,245 - INFO - SuRL_FixedRL_139751524955088 -     📊 Planning stability: 0.9989
2025-06-10 20:40:06,245 - INFO - SuRL_FixedRL_139751524955088 -   AutoregressiveIL: mAP = 0.5652
2025-06-10 20:40:06,245 - INFO - SuRL_FixedRL_139751524955088 -   DirectVideoRL_ppo: mAP = 0.0925
2025-06-10 20:40:06,245 - INFO - SuRL_FixedRL_139751524955088 -   DirectVideoRL_a2c: mAP = 0.1058
2025-06-10 20:40:06,245 - INFO - SuRL_FixedRL_139751524955088 - 📹 Evaluating video: VID79
2025-06-10 20:40:08,333 - INFO - SuRL_FixedRL_139751524955088 - 📹 Comprehensive evaluation: VID79
2025-06-10 20:40:08,333 - INFO - SuRL_FixedRL_139751524955088 - 🎯 PRIMARY: Single-step action prediction
2025-06-10 20:40:08,333 - INFO - SuRL_FixedRL_139751524955088 -   🤖 AutoregressiveIL: Single-step action prediction
2025-06-10 20:40:13,031 - INFO - SuRL_FixedRL_139751524955088 -   AutoregressiveIL evaluation completed: 214 batches processed
2025-06-10 20:40:16,355 - INFO - SuRL_FixedRL_139751524955088 -     📊 Single-step mAP: 0.3545
2025-06-10 20:40:16,355 - INFO - SuRL_FixedRL_139751524955088 -   🤖 DirectVideoRL_ppo: Single-step action prediction
2025-06-10 20:40:22,560 - INFO - SuRL_FixedRL_139751524955088 -   DirectVideoRL_ppo evaluation completed: 214 batches processed
2025-06-10 20:40:26,145 - INFO - SuRL_FixedRL_139751524955088 -     📊 Single-step mAP: 0.0618
2025-06-10 20:40:26,146 - INFO - SuRL_FixedRL_139751524955088 -   🤖 DirectVideoRL_a2c: Single-step action prediction
2025-06-10 20:40:32,536 - INFO - SuRL_FixedRL_139751524955088 -   DirectVideoRL_a2c evaluation completed: 214 batches processed
2025-06-10 20:40:35,953 - INFO - SuRL_FixedRL_139751524955088 -     📊 Single-step mAP: 0.0491
2025-06-10 20:40:35,953 - INFO - SuRL_FixedRL_139751524955088 - 🚀 SECONDARY: Planning capability analysis
2025-06-10 20:40:35,953 - INFO - SuRL_FixedRL_139751524955088 -   🧠 AutoregressiveIL: Planning capability analysis
2025-06-10 20:40:53,486 - INFO - SuRL_FixedRL_139751524955088 -     📊 Planning stability: 0.9979
2025-06-10 20:40:53,486 - INFO - SuRL_FixedRL_139751524955088 -   🧠 DirectVideoRL_ppo: Planning capability analysis
2025-06-10 20:40:57,603 - INFO - SuRL_FixedRL_139751524955088 -     📊 Planning stability: 0.9988
2025-06-10 20:40:57,603 - INFO - SuRL_FixedRL_139751524955088 -   🧠 DirectVideoRL_a2c: Planning capability analysis
2025-06-10 20:41:01,729 - INFO - SuRL_FixedRL_139751524955088 -     📊 Planning stability: 0.9989
2025-06-10 20:41:01,729 - INFO - SuRL_FixedRL_139751524955088 -   AutoregressiveIL: mAP = 0.3545
2025-06-10 20:41:01,729 - INFO - SuRL_FixedRL_139751524955088 -   DirectVideoRL_ppo: mAP = 0.0618
2025-06-10 20:41:01,729 - INFO - SuRL_FixedRL_139751524955088 -   DirectVideoRL_a2c: mAP = 0.0491
2025-06-10 20:41:01,733 - INFO - SuRL_FixedRL_139751524955088 - 📂 Main video results saved to results/fixed_rl_2025-06-10_19-45-51/integrated_evaluation/main_video_results.json
2025-06-10 20:41:01,739 - INFO - SuRL_FixedRL_139751524955088 - 📂 Video results saved to results/fixed_rl_2025-06-10_19-45-51/integrated_evaluation/videos_results.json
2025-06-10 20:41:01,739 - INFO - SuRL_FixedRL_139751524955088 - 📊 Computing aggregate results...
2025-06-10 20:41:01,740 - INFO - SuRL_FixedRL_139751524955088 - 📈 Performing statistical tests...
2025-06-10 20:41:01,749 - INFO - SuRL_FixedRL_139751524955088 - 
2025-06-10 20:41:01,749 - INFO - SuRL_FixedRL_139751524955088 - 🎉 COMPREHENSIVE EVALUATION COMPLETED!
2025-06-10 20:41:01,749 - INFO - SuRL_FixedRL_139751524955088 - ============================================================
2025-06-10 20:41:01,749 - INFO - SuRL_FixedRL_139751524955088 - 🎯 PRIMARY RESULTS: Single-step Action Prediction (Fair Comparison)
2025-06-10 20:41:01,750 - INFO - SuRL_FixedRL_139751524955088 -    Supervised IL: 0.4498 ± 0.0844 mAP
2025-06-10 20:41:01,750 - INFO - SuRL_FixedRL_139751524955088 -    RL + Direct Video (PPO): 0.0781 ± 0.0228 mAP
2025-06-10 20:41:01,750 - INFO - SuRL_FixedRL_139751524955088 -    RL + Direct Video (A2C): 0.0643 ± 0.0198 mAP
2025-06-10 20:41:01,750 - INFO - SuRL_FixedRL_139751524955088 - 
2025-06-10 20:41:01,750 - INFO - SuRL_FixedRL_139751524955088 - 🚀 SECONDARY RESULTS: Planning Capability Analysis
2025-06-10 20:41:01,750 - INFO - SuRL_FixedRL_139751524955088 - 
2025-06-10 20:41:01,750 - INFO - SuRL_FixedRL_139751524955088 - 🔍 KEY INSIGHTS:
2025-06-10 20:41:01,750 - INFO - SuRL_FixedRL_139751524955088 -    ✅ Fair single-step comparison shows paradigm performance
2025-06-10 20:41:01,750 - INFO - SuRL_FixedRL_139751524955088 -    ✅ Planning analysis reveals paradigm-specific strengths
2025-06-10 20:41:01,750 - INFO - SuRL_FixedRL_139751524955088 -    ✅ No ground truth leakage or environment mismatches
2025-06-10 20:41:01,750 - INFO - SuRL_FixedRL_139751524955088 -    ✅ Each method evaluated according to its training paradigm
2025-06-10 20:41:01,750 - INFO - SuRL_FixedRL_139751524955088 - 
2025-06-10 20:41:01,750 - INFO - SuRL_FixedRL_139751524955088 - ⚖️ EVALUATION FAIRNESS:
2025-06-10 20:41:01,750 - INFO - SuRL_FixedRL_139751524955088 -    Primary task: single_step_action_prediction_with_proper_context
2025-06-10 20:41:01,750 - INFO - SuRL_FixedRL_139751524955088 -    Secondary task: multi_step_planning_analysis
2025-06-10 20:41:01,750 - INFO - SuRL_FixedRL_139751524955088 -    Fairness approach: respects_training_paradigms_and_data_structure
2025-06-10 20:41:01,751 - INFO - SuRL_FixedRL_139751524955088 - 💾 Saving evaluation results...
2025-06-10 20:41:01,751 - INFO - SuRL_FixedRL_139751524955088 - 📊 evaluation results saved
2025-06-10 20:41:01,751 - INFO - SuRL_FixedRL_139751524955088 - 📁 Location: results/fixed_rl_2025-06-10_19-45-51/integrated_evaluation
2025-06-10 20:41:01,753 - INFO - SuRL_FixedRL_139751524955088 - 🏆 Analyzing FIXED Results and Architectural Insights
2025-06-10 20:41:01,753 - INFO - SuRL_FixedRL_139751524955088 - 🏆 THREE-METHOD COMPARISON RESULTS (FIXED RL)
2025-06-10 20:41:01,753 - INFO - SuRL_FixedRL_139751524955088 - ============================================================
2025-06-10 20:41:01,754 - INFO - SuRL_FixedRL_139751524955088 - 🎓 Method 1 (Autoregressive IL):
2025-06-10 20:41:01,754 - INFO - SuRL_FixedRL_139751524955088 -    Status: ✅ Success
2025-06-10 20:41:01,754 - INFO - SuRL_FixedRL_139751524955088 -    Action mAP: 0.3920
2025-06-10 20:41:01,754 - INFO - SuRL_FixedRL_139751524955088 -    Exact Match: 0.4045
2025-06-10 20:41:01,754 - INFO - SuRL_FixedRL_139751524955088 -    Approach: Pure causal generation → actions
2025-06-10 20:41:01,754 - INFO - SuRL_FixedRL_139751524955088 - 🌍 Method 2 (FIXED Conditional World Model + RL):
2025-06-10 20:41:01,754 - INFO - SuRL_FixedRL_139751524955088 -    Status: ✅ Success
2025-06-10 20:41:01,754 - INFO - SuRL_FixedRL_139751524955088 -    World Model State Loss: 0.1412
2025-06-10 20:41:01,754 - INFO - SuRL_FixedRL_139751524955088 -    World Model Reward Loss: 0.0606
2025-06-10 20:41:01,754 - INFO - SuRL_FixedRL_139751524955088 -    FIXED RL Algorithms: []
2025-06-10 20:41:01,754 - INFO - SuRL_FixedRL_139751524955088 -    Approach: FIXED Action-conditioned simulation + RL
2025-06-10 20:41:01,754 - INFO - SuRL_FixedRL_139751524955088 -    🔧 FIXED Issues:
2025-06-10 20:41:01,754 - INFO - SuRL_FixedRL_139751524955088 -      ✅ Expert demonstration matching rewards
2025-06-10 20:41:01,754 - INFO - SuRL_FixedRL_139751524955088 -      ✅ Proper action space handling
2025-06-10 20:41:01,754 - INFO - SuRL_FixedRL_139751524955088 -      ✅ Enhanced monitoring and debugging
2025-06-10 20:41:01,754 - INFO - SuRL_FixedRL_139751524955088 -      ✅ Optimized hyperparameters
2025-06-10 20:41:01,754 - INFO - SuRL_FixedRL_139751524955088 - 📹 Method 3 (FIXED Direct Video RL):
2025-06-10 20:41:01,754 - INFO - SuRL_FixedRL_139751524955088 -    Status: ✅ Success
2025-06-10 20:41:01,754 - INFO - SuRL_FixedRL_139751524955088 -    FIXED RL Algorithms: ['ppo', 'a2c']
2025-06-10 20:41:01,754 - INFO - SuRL_FixedRL_139751524955088 -      ppo: 46.486 reward (IMPROVED)
2025-06-10 20:41:01,754 - INFO - SuRL_FixedRL_139751524955088 -      a2c: 46.203 reward (IMPROVED)
2025-06-10 20:41:01,754 - INFO - SuRL_FixedRL_139751524955088 -    Approach: FIXED Model-free RL on real video frames
2025-06-10 20:41:01,755 - INFO - SuRL_FixedRL_139751524955088 -    🔧 FIXED Issues:
2025-06-10 20:41:01,755 - INFO - SuRL_FixedRL_139751524955088 -      ✅ Expert demonstration matching rewards
2025-06-10 20:41:01,755 - INFO - SuRL_FixedRL_139751524955088 -      ✅ Proper continuous action space [0,1]
2025-06-10 20:41:01,755 - INFO - SuRL_FixedRL_139751524955088 -      ✅ Better episode termination
2025-06-10 20:41:01,755 - INFO - SuRL_FixedRL_139751524955088 -      ✅ Meaningful reward functions
2025-06-10 20:41:01,755 - INFO - SuRL_FixedRL_139751524955088 - 
2025-06-10 20:41:01,755 - INFO - SuRL_FixedRL_139751524955088 - 🎯 Successful Methods: ['Method 1 (IL)', 'Method 2 (FIXED World Model RL)', 'Method 3 (FIXED Direct RL)']
2025-06-10 20:41:01,755 - INFO - SuRL_FixedRL_139751524955088 - 📊 Total Methods Tested: 3
2025-06-10 20:41:01,755 - INFO - SuRL_FixedRL_139751524955088 - ✅ Success Rate: 3/3
2025-06-10 20:41:01,755 - INFO - SuRL_FixedRL_139751524955088 - 
2025-06-10 20:41:01,755 - INFO - SuRL_FixedRL_139751524955088 - 📈 RL PERFORMANCE COMPARISON:
2025-06-10 20:41:01,755 - INFO - SuRL_FixedRL_139751524955088 -    BEFORE (Previous Results):
2025-06-10 20:41:01,755 - INFO - SuRL_FixedRL_139751524955088 -      Method 2 World Model RL: PPO: -400.010, A2C: -404.962
2025-06-10 20:41:01,755 - INFO - SuRL_FixedRL_139751524955088 -      Method 3 Direct Video RL: PPO: 79.488, A2C: 76.512
2025-06-10 20:41:01,755 - INFO - SuRL_FixedRL_139751524955088 -    AFTER (FIXED Results):
2025-06-10 20:41:01,755 - INFO - SuRL_FixedRL_139751524955088 -      Method 3 ppo: 46.486 (FIXED)
2025-06-10 20:41:01,755 - INFO - SuRL_FixedRL_139751524955088 -      Method 3 a2c: 46.203 (FIXED)
2025-06-10 20:41:01,755 - INFO - SuRL_FixedRL_139751524955088 - 
2025-06-10 20:41:01,755 - INFO - SuRL_FixedRL_139751524955088 - 🔧 RL IMPROVEMENTS SUMMARY
2025-06-10 20:41:01,755 - INFO - SuRL_FixedRL_139751524955088 - ==================================================
2025-06-10 20:41:01,755 - INFO - SuRL_FixedRL_139751524955088 - 🚫 PROBLEMS FIXED:
2025-06-10 20:41:01,755 - INFO - SuRL_FixedRL_139751524955088 -    • Negative rewards (-400) → Expert demonstration matching
2025-06-10 20:41:01,755 - INFO - SuRL_FixedRL_139751524955088 -    • Poor action space design → Continuous [0,1] per action
2025-06-10 20:41:01,755 - INFO - SuRL_FixedRL_139751524955088 -    • No learning progress → Enhanced monitoring + debugging
2025-06-10 20:41:01,755 - INFO - SuRL_FixedRL_139751524955088 -    • Poor hyperparameters → Optimized for surgical tasks
2025-06-10 20:41:01,755 - INFO - SuRL_FixedRL_139751524955088 - ✅ IMPROVEMENTS APPLIED:
2025-06-10 20:41:01,756 - INFO - SuRL_FixedRL_139751524955088 -    • Expert demonstration matching rewards (most important)
2025-06-10 20:41:01,756 - INFO - SuRL_FixedRL_139751524955088 -    • Proper action sparsity rewards
2025-06-10 20:41:01,756 - INFO - SuRL_FixedRL_139751524955088 -    • Better episode termination conditions
2025-06-10 20:41:01,756 - INFO - SuRL_FixedRL_139751524955088 -    • Enhanced RL monitoring with RLDebugger
2025-06-10 20:41:01,756 - INFO - SuRL_FixedRL_139751524955088 -    • Optimized hyperparameters (lower LR, larger batches)
2025-06-10 20:41:01,756 - INFO - SuRL_FixedRL_139751524955088 -    • Comprehensive training diagnostics
2025-06-10 20:41:01,756 - INFO - SuRL_FixedRL_139751524955088 - 🔬 DEBUGGING TOOLS ADDED:
2025-06-10 20:41:01,756 - INFO - SuRL_FixedRL_139751524955088 -    • RLDebugger: Real-time training monitoring
2025-06-10 20:41:01,756 - INFO - SuRL_FixedRL_139751524955088 -    • RL Diagnostic Script: Quick problem identification
2025-06-10 20:41:01,756 - INFO - SuRL_FixedRL_139751524955088 -    • Training curve visualization
2025-06-10 20:41:01,756 - INFO - SuRL_FixedRL_139751524955088 -    • Expert matching score tracking
2025-06-10 20:41:01,765 - INFO - SuRL_FixedRL_139751524955088 - 📄 Generating publication-ready conference paper...
2025-06-10 20:41:01,773 - INFO - SuRL_FixedRL_139751524955088 - 📄 Enhanced Research Paper Generator initialized
2025-06-10 20:41:01,774 - INFO - SuRL_FixedRL_139751524955088 - 📁 Publication files will be saved to: results/fixed_rl_2025-06-10_19-45-51/publication_paper
2025-06-10 20:41:01,774 - INFO - SuRL_FixedRL_139751524955088 - 📄 Generating publication-ready conference paper...
2025-06-10 20:41:01,774 - INFO - SuRL_FixedRL_139751524955088 - 📊 Creating publication-quality figures...
2025-06-10 20:41:01,774 - WARNING - SuRL_FixedRL_139751524955088 - No method results found, creating example figure
2025-06-10 20:41:08,857 - INFO - SuRL_FixedRL_139751524955088 - 📋 Generating tables with experimental results...
2025-06-10 20:41:08,859 - INFO - SuRL_FixedRL_139751524955088 - 📄 Writing enhanced paper content...
2025-06-10 20:41:08,862 - INFO - SuRL_FixedRL_139751524955088 - 📚 Creating supplementary materials...
2025-06-10 20:41:08,866 - INFO - SuRL_FixedRL_139751524955088 - 📄 Publication-ready paper generated in: results/fixed_rl_2025-06-10_19-45-51/publication_paper
2025-06-10 20:41:08,866 - INFO - SuRL_FixedRL_139751524955088 - 🔧 Run compile_paper.sh to build the PDF
2025-06-10 20:41:08,866 - INFO - SuRL_FixedRL_139751524955088 - ✨ Paper reflects your actual experimental results!
2025-06-10 20:41:08,866 - INFO - SuRL_FixedRL_139751524955088 - 📄 Research paper generated: results/fixed_rl_2025-06-10_19-45-51/publication_paper
2025-06-10 20:41:08,866 - INFO - SuRL_FixedRL_139751524955088 - 💾 All FIXED RL results saved to: results/fixed_rl_2025-06-10_19-45-51
2025-06-10 20:41:08,866 - INFO - SuRL_FixedRL_139751524955088 - 📄 Complete results: results/fixed_rl_2025-06-10_19-45-51/complete_results_fixed_rl.json
2025-06-10 20:41:08,867 - INFO - SuRL_FixedRL_139751524955088 - 📄 Summary: results/fixed_rl_2025-06-10_19-45-51/experiment_summary_fixed_rl.json
