2025-05-14 15:58:37,256 - INFO - Log file: logs/2025-05-14_15-58-37/loggings.log
2025-05-14 15:58:37,256 - INFO - Starting CholecT50 experiment for Surgical Actions Prediction
2025-05-14 15:58:37,256 - INFO - Experiment configuration: {'max_videos': 5, 'recognition': {'train': False, 'inference': False, 'best_model_path': './best_checkpoints/best_model_epoch2_map0.5008.pt'}, 'world_model': {'train': False, 'inference': True, 'best_model_path': 'logs/2025-05-08_14-14-22/checkpoints/world_model_best_epoch_2.pt'}, 'pretrain_reward_model': False, 'calculate_action_rewards': False, 'train_action_policy': False, 'run_tdmpc': False, 'analyze_results': False, 'run_evaluation': False}
2025-05-14 15:58:37,256 - INFO - Using device: cuda
2025-05-14 15:58:37,256 - INFO - Loading CholecT50 data...
2025-05-14 15:58:37,256 - INFO - Loading train data from /home/maxboels/datasets/CholecT50 with fold 0
2025-05-14 15:58:37,661 - INFO - [train] Start processing metadata file /home/maxboels/datasets/CholecT50/embeddings_train_set/fold0/embeddings_f0_swin_bas_129_phase_complet_phase_transit_prog_prob_action.csv
2025-05-14 15:58:42,617 - INFO - [train] Added risk scores to embeddings_f0_swin_bas_129_phase_complet_phase_transit_prog_prob_action_risk.csv
2025-05-14 15:58:45,676 - INFO - [train] Added global outcome scores to embeddings_f0_swin_bas_129_phase_complet_phase_transit_prog_prob_action_risk_glob_outcome.csv
2025-05-14 15:58:45,678 - INFO - [train] Found 5 videos in metadata file
2025-05-14 15:58:45,678 - INFO - [train] Loading data for 5 videos
2025-05-14 15:58:46,032 - INFO - Loading test data from /home/maxboels/datasets/CholecT50 with fold 0
2025-05-14 15:58:46,109 - INFO - [test] Start processing metadata file /home/maxboels/datasets/CholecT50/embeddings_test_set/fold0/embeddings_f0_swin_bas_129_phase_complet_phase_transit_prog_prob_action.csv
2025-05-14 15:58:47,108 - INFO - [test] Added risk scores to embeddings_f0_swin_bas_129_phase_complet_phase_transit_prog_prob_action_risk.csv
2025-05-14 15:58:47,525 - INFO - [test] Added global outcome scores to embeddings_f0_swin_bas_129_phase_complet_phase_transit_prog_prob_action_risk_glob_outcome.csv
2025-05-14 15:58:47,526 - INFO - [test] Found 5 videos in metadata file
2025-05-14 15:58:47,526 - INFO - [test] Loading data for 5 videos
2025-05-14 15:58:50,330 - INFO - 
[WORLD MODEL] Running inference...
2025-05-14 15:58:50,331 - INFO - [WORLD MODEL] Using best model from pre existing path: logs/2025-05-08_14-14-22/checkpoints/world_model_best_epoch_2.pt
2025-05-14 15:58:51,050 - INFO - Running evaluation in 'full' mode, saving to results/eval_full_20250514_155851
2025-05-14 15:58:51,050 - INFO - [EVAL] Evaluating world model on 5 test videos
2025-05-14 15:58:51,051 - INFO - [EVAL] Video IDs: ['VID02', 'VID06', 'VID111', 'VID14', 'VID23']
