2025-06-03 10:23:47,425 - INFO - Log file: logs/2025-06-03_10-23-47/il_vs_rl_comparison.log
2025-06-03 10:23:47,425 - INFO - 🚀 Starting IL vs RL Comparison Experiment
2025-06-03 10:23:47,425 - INFO - Device: cuda
2025-06-03 10:23:47,425 - INFO - Results will be saved to: logs/2025-06-03_10-23-47/comparison_results
2025-06-03 10:23:47,425 - INFO - 📊 Loading dataset...
2025-06-03 10:23:47,425 - INFO - Loading train data from /home/maxboels/datasets/CholecT50 with fold 0
2025-06-03 10:23:47,821 - INFO - [Train] Start processing metadata file /home/maxboels/datasets/CholecT50/embeddings_train_set/fold0/embeddings_f0_swin_bas_129_phase_complet_phase_transit_prog_prob_action_risk_glob_outcome.csv
2025-06-03 10:23:47,821 - INFO - [Train] Rewards extraction skipped, using metadata file /home/maxboels/datasets/CholecT50/embeddings_train_set/fold0/embeddings_f0_swin_bas_129_phase_complet_phase_transit_prog_prob_action_risk_glob_outcome.csv
2025-06-03 10:23:47,822 - INFO - [Train] Found 2 videos in metadata file
2025-06-03 10:23:47,822 - INFO - [Train] Loading data for 2 videos
2025-06-03 10:23:47,954 - INFO - Loading test data from /home/maxboels/datasets/CholecT50 with fold 0
2025-06-03 10:23:48,043 - INFO - [Test] Start processing metadata file /home/maxboels/datasets/CholecT50/embeddings_test_set/fold0/embeddings_f0_swin_bas_129_phase_complet_phase_transit_prog_prob_action_risk_glob_outcome.csv
2025-06-03 10:23:48,043 - INFO - [Test] Rewards extraction skipped, using metadata file /home/maxboels/datasets/CholecT50/embeddings_test_set/fold0/embeddings_f0_swin_bas_129_phase_complet_phase_transit_prog_prob_action_risk_glob_outcome.csv
2025-06-03 10:23:48,044 - INFO - [Test] Found 2 videos in metadata file
2025-06-03 10:23:48,044 - INFO - [Test] Loading data for 2 videos
2025-06-03 10:23:48,232 - INFO - Loaded 2 training videos and 2 test videos
2025-06-03 10:23:48,232 - INFO - 🎓 Training Imitation Learning Model...
2025-06-03 10:23:48,232 - INFO - Training supervised imitation learning model
2025-06-03 10:23:50,423 - INFO - Model parameters: 48,924,145 total, 48,924,145 trainable
2025-06-03 10:23:50,424 - INFO - Starting supervised training for autoregressive action prediction
2025-06-03 10:23:50,797 - INFO - Batch 0/204 | Loss: 3.3123
2025-06-03 10:23:55,225 - INFO - Batch 100/204 | Loss: 0.5414
2025-06-03 10:23:59,669 - INFO - Batch 200/204 | Loss: 0.3646
2025-06-03 10:25:42,349 - INFO - New best model saved: logs/2025-06-03_10-23-47/checkpoints/supervised_best_epoch_1.pt
2025-06-03 10:25:42,349 - INFO - Epoch 1/1 | Train Loss: 0.7761 | Val Loss: 0.5147 | Val Action Acc: 0.0000
2025-06-03 10:25:42,791 - INFO - Training plots saved to logs/2025-06-03_10-23-47
2025-06-03 10:25:42,897 - INFO - Training completed. Best model: logs/2025-06-03_10-23-47/checkpoints/supervised_best_epoch_1.pt
2025-06-03 10:25:42,897 - INFO - Final model: logs/2025-06-03_10-23-47/checkpoints/final_model.pt
2025-06-03 10:25:42,898 - INFO - ✅ IL training completed. Model saved: logs/2025-06-03_10-23-47/checkpoints/supervised_best_epoch_1.pt
2025-06-03 10:25:42,985 - INFO - 🤖 Training RL Models...
2025-06-03 10:25:43,061 - INFO - ✅ PPO training completed
2025-06-03 10:25:43,064 - INFO - ✅ DQN training completed
2025-06-03 10:25:43,064 - INFO - 📈 Running comprehensive evaluation...
2025-06-03 10:25:43,064 - INFO - 🔍 Starting comprehensive evaluation...
2025-06-03 10:25:43,064 - INFO - 📥 Loading models for evaluation...
2025-06-03 10:25:43,064 - INFO - 📥 Loading IL model from: logs/2025-06-03_10-23-47/checkpoints/supervised_best_epoch_1.pt
2025-06-03 10:25:43,753 - INFO - ✅ IL model loaded successfully
2025-06-03 10:25:43,753 - WARNING - ⚠️ No RL models found to load
2025-06-03 10:25:43,753 - WARNING - ⚠️ No RL models available for comparison
2025-06-03 10:25:43,753 - INFO - 📥 Loading IL model from: logs/2025-06-03_10-23-47/checkpoints/supervised_best_epoch_1.pt
2025-06-03 10:25:44,378 - INFO - ✅ IL model loaded successfully
2025-06-03 10:25:44,384 - INFO - 🔧 Evaluation framework using device: cuda
2025-06-03 10:25:44,384 - INFO - 📊 Starting Comprehensive Dual Evaluation...
2025-06-03 10:25:44,384 - INFO - 🔍 Including BOTH traditional and outcome-based metrics
2025-06-03 10:25:44,384 - INFO - 🎓 Evaluating Imitation Learning...
2025-06-03 10:25:44,384 - INFO - 🔧 Model device: cuda:0
2025-06-03 10:25:44,384 - INFO - 🔧 Evaluating video VID02
2025-06-03 10:25:44,632 - INFO - 🔧 Batch shapes - States: torch.Size([16, 20, 1024]), Actions: torch.Size([16, 20, 100])
2025-06-03 10:25:44,642 - INFO - 🔧 Batch shapes - States: torch.Size([16, 20, 1024]), Actions: torch.Size([16, 20, 100])
2025-06-03 10:25:44,654 - INFO - 🔧 Batch shapes - States: torch.Size([16, 20, 1024]), Actions: torch.Size([16, 20, 100])
2025-06-03 10:25:44,666 - INFO - 🔧 Batch shapes - States: torch.Size([16, 20, 1024]), Actions: torch.Size([16, 20, 100])
2025-06-03 10:25:44,677 - INFO - 🔧 Batch shapes - States: torch.Size([16, 20, 1024]), Actions: torch.Size([16, 20, 100])
2025-06-03 10:25:44,687 - INFO - 🔧 Batch shapes - States: torch.Size([16, 20, 1024]), Actions: torch.Size([16, 20, 100])
2025-06-03 10:25:44,697 - INFO - 🔧 Batch shapes - States: torch.Size([16, 20, 1024]), Actions: torch.Size([16, 20, 100])
2025-06-03 10:25:44,707 - INFO - 🔧 Batch shapes - States: torch.Size([16, 20, 1024]), Actions: torch.Size([16, 20, 100])
2025-06-03 10:25:44,718 - INFO - 🔧 Batch shapes - States: torch.Size([16, 20, 1024]), Actions: torch.Size([16, 20, 100])
2025-06-03 10:25:44,729 - INFO - 🔧 Batch shapes - States: torch.Size([16, 20, 1024]), Actions: torch.Size([16, 20, 100])
2025-06-03 10:25:44,739 - INFO - 🔧 Batch shapes - States: torch.Size([16, 20, 1024]), Actions: torch.Size([16, 20, 100])
2025-06-03 10:25:44,750 - INFO - 🔧 Batch shapes - States: torch.Size([16, 20, 1024]), Actions: torch.Size([16, 20, 100])
2025-06-03 10:25:44,761 - INFO - 🔧 Batch shapes - States: torch.Size([16, 20, 1024]), Actions: torch.Size([16, 20, 100])
2025-06-03 10:25:44,772 - INFO - 🔧 Batch shapes - States: torch.Size([16, 20, 1024]), Actions: torch.Size([16, 20, 100])
2025-06-03 10:25:44,782 - INFO - 🔧 Batch shapes - States: torch.Size([16, 20, 1024]), Actions: torch.Size([16, 20, 100])
2025-06-03 10:25:44,793 - INFO - 🔧 Batch shapes - States: torch.Size([16, 20, 1024]), Actions: torch.Size([16, 20, 100])
2025-06-03 10:25:44,804 - INFO - 🔧 Batch shapes - States: torch.Size([16, 20, 1024]), Actions: torch.Size([16, 20, 100])
2025-06-03 10:25:44,815 - INFO - 🔧 Batch shapes - States: torch.Size([16, 20, 1024]), Actions: torch.Size([16, 20, 100])
2025-06-03 10:25:44,826 - INFO - 🔧 Batch shapes - States: torch.Size([16, 20, 1024]), Actions: torch.Size([16, 20, 100])
2025-06-03 10:25:44,837 - INFO - 🔧 Batch shapes - States: torch.Size([16, 20, 1024]), Actions: torch.Size([16, 20, 100])
2025-06-03 10:25:44,848 - INFO - 🔧 Batch shapes - States: torch.Size([16, 20, 1024]), Actions: torch.Size([16, 20, 100])
2025-06-03 10:25:44,858 - INFO - 🔧 Batch shapes - States: torch.Size([16, 20, 1024]), Actions: torch.Size([16, 20, 100])
2025-06-03 10:25:44,867 - INFO - 🔧 Batch shapes - States: torch.Size([16, 20, 1024]), Actions: torch.Size([16, 20, 100])
2025-06-03 10:25:44,877 - INFO - 🔧 Batch shapes - States: torch.Size([16, 20, 1024]), Actions: torch.Size([16, 20, 100])
2025-06-03 10:25:44,888 - INFO - 🔧 Batch shapes - States: torch.Size([16, 20, 1024]), Actions: torch.Size([16, 20, 100])
2025-06-03 10:25:44,898 - INFO - 🔧 Batch shapes - States: torch.Size([16, 20, 1024]), Actions: torch.Size([16, 20, 100])
2025-06-03 10:25:44,908 - INFO - 🔧 Batch shapes - States: torch.Size([16, 20, 1024]), Actions: torch.Size([16, 20, 100])
2025-06-03 10:25:44,917 - INFO - 🔧 Batch shapes - States: torch.Size([16, 20, 1024]), Actions: torch.Size([16, 20, 100])
2025-06-03 10:25:44,927 - INFO - 🔧 Batch shapes - States: torch.Size([16, 20, 1024]), Actions: torch.Size([16, 20, 100])
2025-06-03 10:25:44,938 - INFO - 🔧 Batch shapes - States: torch.Size([16, 20, 1024]), Actions: torch.Size([16, 20, 100])
2025-06-03 10:25:44,948 - INFO - 🔧 Batch shapes - States: torch.Size([16, 20, 1024]), Actions: torch.Size([16, 20, 100])
2025-06-03 10:25:44,959 - INFO - 🔧 Batch shapes - States: torch.Size([16, 20, 1024]), Actions: torch.Size([16, 20, 100])
2025-06-03 10:25:44,969 - INFO - 🔧 Batch shapes - States: torch.Size([16, 20, 1024]), Actions: torch.Size([16, 20, 100])
2025-06-03 10:25:44,979 - INFO - 🔧 Batch shapes - States: torch.Size([16, 20, 1024]), Actions: torch.Size([16, 20, 100])
2025-06-03 10:25:44,990 - INFO - 🔧 Batch shapes - States: torch.Size([16, 20, 1024]), Actions: torch.Size([16, 20, 100])
2025-06-03 10:25:45,000 - INFO - 🔧 Batch shapes - States: torch.Size([16, 20, 1024]), Actions: torch.Size([16, 20, 100])
2025-06-03 10:25:45,010 - INFO - 🔧 Batch shapes - States: torch.Size([16, 20, 1024]), Actions: torch.Size([16, 20, 100])
2025-06-03 10:25:45,021 - INFO - 🔧 Batch shapes - States: torch.Size([16, 20, 1024]), Actions: torch.Size([16, 20, 100])
2025-06-03 10:25:45,036 - INFO - 🔧 Batch shapes - States: torch.Size([16, 20, 1024]), Actions: torch.Size([16, 20, 100])
2025-06-03 10:25:45,052 - INFO - 🔧 Batch shapes - States: torch.Size([16, 20, 1024]), Actions: torch.Size([16, 20, 100])
2025-06-03 10:25:45,072 - INFO - 🔧 Batch shapes - States: torch.Size([16, 20, 1024]), Actions: torch.Size([16, 20, 100])
2025-06-03 10:25:45,085 - INFO - 🔧 Batch shapes - States: torch.Size([16, 20, 1024]), Actions: torch.Size([16, 20, 100])
2025-06-03 10:25:45,101 - INFO - 🔧 Batch shapes - States: torch.Size([16, 20, 1024]), Actions: torch.Size([16, 20, 100])
2025-06-03 10:25:45,113 - INFO - 🔧 Batch shapes - States: torch.Size([16, 20, 1024]), Actions: torch.Size([16, 20, 100])
2025-06-03 10:25:45,124 - INFO - 🔧 Batch shapes - States: torch.Size([16, 20, 1024]), Actions: torch.Size([16, 20, 100])
2025-06-03 10:25:45,136 - INFO - 🔧 Batch shapes - States: torch.Size([16, 20, 1024]), Actions: torch.Size([16, 20, 100])
2025-06-03 10:25:45,148 - INFO - 🔧 Batch shapes - States: torch.Size([16, 20, 1024]), Actions: torch.Size([16, 20, 100])
2025-06-03 10:25:45,160 - INFO - 🔧 Batch shapes - States: torch.Size([16, 20, 1024]), Actions: torch.Size([16, 20, 100])
2025-06-03 10:25:45,171 - INFO - 🔧 Batch shapes - States: torch.Size([16, 20, 1024]), Actions: torch.Size([16, 20, 100])
2025-06-03 10:25:45,183 - INFO - 🔧 Batch shapes - States: torch.Size([16, 20, 1024]), Actions: torch.Size([16, 20, 100])
2025-06-03 10:25:45,195 - INFO - 🔧 Batch shapes - States: torch.Size([16, 20, 1024]), Actions: torch.Size([16, 20, 100])
2025-06-03 10:25:45,206 - INFO - 🔧 Batch shapes - States: torch.Size([16, 20, 1024]), Actions: torch.Size([16, 20, 100])
2025-06-03 10:25:45,216 - INFO - 🔧 Batch shapes - States: torch.Size([16, 20, 1024]), Actions: torch.Size([16, 20, 100])
2025-06-03 10:25:45,227 - INFO - 🔧 Batch shapes - States: torch.Size([16, 20, 1024]), Actions: torch.Size([16, 20, 100])
2025-06-03 10:25:45,239 - INFO - 🔧 Batch shapes - States: torch.Size([16, 20, 1024]), Actions: torch.Size([16, 20, 100])
2025-06-03 10:25:45,250 - INFO - 🔧 Batch shapes - States: torch.Size([16, 20, 1024]), Actions: torch.Size([16, 20, 100])
2025-06-03 10:25:45,265 - INFO - 🔧 Batch shapes - States: torch.Size([16, 20, 1024]), Actions: torch.Size([16, 20, 100])
2025-06-03 10:25:45,276 - INFO - 🔧 Batch shapes - States: torch.Size([16, 20, 1024]), Actions: torch.Size([16, 20, 100])
2025-06-03 10:25:45,289 - INFO - 🔧 Batch shapes - States: torch.Size([16, 20, 1024]), Actions: torch.Size([16, 20, 100])
2025-06-03 10:25:45,300 - INFO - 🔧 Batch shapes - States: torch.Size([16, 20, 1024]), Actions: torch.Size([16, 20, 100])
2025-06-03 10:25:45,311 - INFO - 🔧 Batch shapes - States: torch.Size([16, 20, 1024]), Actions: torch.Size([16, 20, 100])
2025-06-03 10:25:45,323 - INFO - 🔧 Batch shapes - States: torch.Size([16, 20, 1024]), Actions: torch.Size([16, 20, 100])
2025-06-03 10:25:45,334 - INFO - 🔧 Batch shapes - States: torch.Size([16, 20, 1024]), Actions: torch.Size([16, 20, 100])
2025-06-03 10:25:45,345 - INFO - 🔧 Batch shapes - States: torch.Size([16, 20, 1024]), Actions: torch.Size([16, 20, 100])
2025-06-03 10:25:45,359 - INFO - 🔧 Batch shapes - States: torch.Size([16, 20, 1024]), Actions: torch.Size([16, 20, 100])
2025-06-03 10:25:45,371 - INFO - 🔧 Batch shapes - States: torch.Size([16, 20, 1024]), Actions: torch.Size([16, 20, 100])
2025-06-03 10:25:45,384 - INFO - 🔧 Batch shapes - States: torch.Size([16, 20, 1024]), Actions: torch.Size([16, 20, 100])
2025-06-03 10:25:45,395 - INFO - 🔧 Batch shapes - States: torch.Size([16, 20, 1024]), Actions: torch.Size([16, 20, 100])
2025-06-03 10:25:45,407 - INFO - 🔧 Batch shapes - States: torch.Size([16, 20, 1024]), Actions: torch.Size([16, 20, 100])
2025-06-03 10:25:45,421 - INFO - 🔧 Batch shapes - States: torch.Size([16, 20, 1024]), Actions: torch.Size([16, 20, 100])
2025-06-03 10:25:45,436 - INFO - 🔧 Batch shapes - States: torch.Size([16, 20, 1024]), Actions: torch.Size([16, 20, 100])
2025-06-03 10:25:45,446 - INFO - 🔧 Batch shapes - States: torch.Size([16, 20, 1024]), Actions: torch.Size([16, 20, 100])
2025-06-03 10:25:45,458 - INFO - 🔧 Batch shapes - States: torch.Size([16, 20, 1024]), Actions: torch.Size([16, 20, 100])
2025-06-03 10:25:45,470 - INFO - 🔧 Batch shapes - States: torch.Size([16, 20, 1024]), Actions: torch.Size([16, 20, 100])
2025-06-03 10:25:45,481 - INFO - 🔧 Batch shapes - States: torch.Size([16, 20, 1024]), Actions: torch.Size([16, 20, 100])
2025-06-03 10:25:45,493 - INFO - 🔧 Batch shapes - States: torch.Size([16, 20, 1024]), Actions: torch.Size([16, 20, 100])
2025-06-03 10:25:45,503 - INFO - 🔧 Batch shapes - States: torch.Size([16, 20, 1024]), Actions: torch.Size([16, 20, 100])
2025-06-03 10:25:45,513 - INFO - 🔧 Batch shapes - States: torch.Size([16, 20, 1024]), Actions: torch.Size([16, 20, 100])
2025-06-03 10:25:45,523 - INFO - 🔧 Batch shapes - States: torch.Size([16, 20, 1024]), Actions: torch.Size([16, 20, 100])
2025-06-03 10:25:45,533 - INFO - 🔧 Batch shapes - States: torch.Size([16, 20, 1024]), Actions: torch.Size([16, 20, 100])
2025-06-03 10:25:45,542 - INFO - 🔧 Batch shapes - States: torch.Size([16, 20, 1024]), Actions: torch.Size([16, 20, 100])
2025-06-03 10:25:45,552 - INFO - 🔧 Batch shapes - States: torch.Size([16, 20, 1024]), Actions: torch.Size([16, 20, 100])
2025-06-03 10:25:45,562 - INFO - 🔧 Batch shapes - States: torch.Size([16, 20, 1024]), Actions: torch.Size([16, 20, 100])
2025-06-03 10:25:45,572 - INFO - 🔧 Batch shapes - States: torch.Size([16, 20, 1024]), Actions: torch.Size([16, 20, 100])
2025-06-03 10:25:45,582 - INFO - 🔧 Batch shapes - States: torch.Size([16, 20, 1024]), Actions: torch.Size([16, 20, 100])
2025-06-03 10:25:45,593 - INFO - 🔧 Batch shapes - States: torch.Size([16, 20, 1024]), Actions: torch.Size([16, 20, 100])
2025-06-03 10:25:45,603 - INFO - 🔧 Batch shapes - States: torch.Size([16, 20, 1024]), Actions: torch.Size([16, 20, 100])
2025-06-03 10:25:45,613 - INFO - 🔧 Batch shapes - States: torch.Size([16, 20, 1024]), Actions: torch.Size([16, 20, 100])
2025-06-03 10:25:45,623 - INFO - 🔧 Batch shapes - States: torch.Size([16, 20, 1024]), Actions: torch.Size([16, 20, 100])
2025-06-03 10:25:45,632 - INFO - 🔧 Batch shapes - States: torch.Size([16, 20, 1024]), Actions: torch.Size([16, 20, 100])
2025-06-03 10:25:45,646 - INFO - 🔧 Batch shapes - States: torch.Size([16, 20, 1024]), Actions: torch.Size([16, 20, 100])
2025-06-03 10:25:45,661 - INFO - 🔧 Batch shapes - States: torch.Size([16, 20, 1024]), Actions: torch.Size([16, 20, 100])
2025-06-03 10:25:45,674 - INFO - 🔧 Batch shapes - States: torch.Size([16, 20, 1024]), Actions: torch.Size([16, 20, 100])
2025-06-03 10:25:45,686 - INFO - 🔧 Batch shapes - States: torch.Size([16, 20, 1024]), Actions: torch.Size([16, 20, 100])
2025-06-03 10:25:45,698 - INFO - 🔧 Batch shapes - States: torch.Size([16, 20, 1024]), Actions: torch.Size([16, 20, 100])
2025-06-03 10:25:45,709 - INFO - 🔧 Batch shapes - States: torch.Size([16, 20, 1024]), Actions: torch.Size([16, 20, 100])
2025-06-03 10:25:45,720 - INFO - 🔧 Batch shapes - States: torch.Size([16, 20, 1024]), Actions: torch.Size([16, 20, 100])
2025-06-03 10:25:45,732 - INFO - 🔧 Batch shapes - States: torch.Size([16, 20, 1024]), Actions: torch.Size([16, 20, 100])
2025-06-03 10:25:45,744 - INFO - 🔧 Batch shapes - States: torch.Size([16, 20, 1024]), Actions: torch.Size([16, 20, 100])
2025-06-03 10:25:45,756 - INFO - 🔧 Batch shapes - States: torch.Size([16, 20, 1024]), Actions: torch.Size([16, 20, 100])
2025-06-03 10:25:45,767 - INFO - 🔧 Batch shapes - States: torch.Size([16, 20, 1024]), Actions: torch.Size([16, 20, 100])
2025-06-03 10:25:45,779 - INFO - 🔧 Batch shapes - States: torch.Size([16, 20, 1024]), Actions: torch.Size([16, 20, 100])
2025-06-03 10:25:45,791 - INFO - 🔧 Batch shapes - States: torch.Size([16, 20, 1024]), Actions: torch.Size([16, 20, 100])
2025-06-03 10:25:45,805 - INFO - 🔧 Batch shapes - States: torch.Size([16, 20, 1024]), Actions: torch.Size([16, 20, 100])
2025-06-03 10:25:45,817 - INFO - 🔧 Batch shapes - States: torch.Size([16, 20, 1024]), Actions: torch.Size([16, 20, 100])
2025-06-03 10:25:45,828 - INFO - 🔧 Batch shapes - States: torch.Size([16, 20, 1024]), Actions: torch.Size([16, 20, 100])
2025-06-03 10:25:45,840 - INFO - 🔧 Batch shapes - States: torch.Size([16, 20, 1024]), Actions: torch.Size([16, 20, 100])
2025-06-03 10:25:45,851 - INFO - 🔧 Batch shapes - States: torch.Size([16, 20, 1024]), Actions: torch.Size([16, 20, 100])
2025-06-03 10:25:45,863 - INFO - 🔧 Batch shapes - States: torch.Size([16, 20, 1024]), Actions: torch.Size([16, 20, 100])
2025-06-03 10:25:45,874 - INFO - 🔧 Batch shapes - States: torch.Size([16, 20, 1024]), Actions: torch.Size([16, 20, 100])
2025-06-03 10:25:45,885 - INFO - 🔧 Batch shapes - States: torch.Size([16, 20, 1024]), Actions: torch.Size([16, 20, 100])
2025-06-03 10:25:45,897 - INFO - 🔧 Batch shapes - States: torch.Size([16, 20, 1024]), Actions: torch.Size([16, 20, 100])
2025-06-03 10:25:45,908 - INFO - 🔧 Batch shapes - States: torch.Size([16, 20, 1024]), Actions: torch.Size([16, 20, 100])
2025-06-03 10:25:45,919 - INFO - 🔧 Batch shapes - States: torch.Size([16, 20, 1024]), Actions: torch.Size([16, 20, 100])
2025-06-03 10:25:45,931 - INFO - 🔧 Batch shapes - States: torch.Size([16, 20, 1024]), Actions: torch.Size([16, 20, 100])
2025-06-03 10:25:45,942 - INFO - 🔧 Batch shapes - States: torch.Size([16, 20, 1024]), Actions: torch.Size([16, 20, 100])
2025-06-03 10:25:45,954 - INFO - 🔧 Batch shapes - States: torch.Size([16, 20, 1024]), Actions: torch.Size([16, 20, 100])
2025-06-03 10:25:45,965 - INFO - 🔧 Batch shapes - States: torch.Size([16, 20, 1024]), Actions: torch.Size([16, 20, 100])
2025-06-03 10:25:45,977 - INFO - 🔧 Batch shapes - States: torch.Size([16, 20, 1024]), Actions: torch.Size([16, 20, 100])
2025-06-03 10:25:45,988 - INFO - 🔧 Batch shapes - States: torch.Size([16, 20, 1024]), Actions: torch.Size([16, 20, 100])
2025-06-03 10:25:45,999 - INFO - 🔧 Batch shapes - States: torch.Size([16, 20, 1024]), Actions: torch.Size([16, 20, 100])
2025-06-03 10:25:46,010 - INFO - 🔧 Batch shapes - States: torch.Size([16, 20, 1024]), Actions: torch.Size([16, 20, 100])
2025-06-03 10:25:46,021 - INFO - 🔧 Batch shapes - States: torch.Size([16, 20, 1024]), Actions: torch.Size([16, 20, 100])
2025-06-03 10:25:46,032 - INFO - 🔧 Batch shapes - States: torch.Size([16, 20, 1024]), Actions: torch.Size([16, 20, 100])
2025-06-03 10:25:46,043 - INFO - 🔧 Batch shapes - States: torch.Size([16, 20, 1024]), Actions: torch.Size([16, 20, 100])
2025-06-03 10:25:46,054 - INFO - 🔧 Batch shapes - States: torch.Size([16, 20, 1024]), Actions: torch.Size([16, 20, 100])
2025-06-03 10:25:46,066 - INFO - 🔧 Batch shapes - States: torch.Size([16, 20, 1024]), Actions: torch.Size([16, 20, 100])
2025-06-03 10:25:46,077 - INFO - 🔧 Batch shapes - States: torch.Size([16, 20, 1024]), Actions: torch.Size([16, 20, 100])
2025-06-03 10:25:46,088 - INFO - 🔧 Batch shapes - States: torch.Size([16, 20, 1024]), Actions: torch.Size([16, 20, 100])
2025-06-03 10:25:46,100 - INFO - 🔧 Batch shapes - States: torch.Size([16, 20, 1024]), Actions: torch.Size([16, 20, 100])
2025-06-03 10:25:46,111 - INFO - 🔧 Batch shapes - States: torch.Size([16, 20, 1024]), Actions: torch.Size([16, 20, 100])
2025-06-03 10:25:46,123 - INFO - 🔧 Batch shapes - States: torch.Size([16, 20, 1024]), Actions: torch.Size([16, 20, 100])
2025-06-03 10:25:46,135 - INFO - 🔧 Batch shapes - States: torch.Size([16, 20, 1024]), Actions: torch.Size([16, 20, 100])
2025-06-03 10:25:46,148 - INFO - 🔧 Batch shapes - States: torch.Size([16, 20, 1024]), Actions: torch.Size([16, 20, 100])
2025-06-03 10:25:46,160 - INFO - 🔧 Batch shapes - States: torch.Size([16, 20, 1024]), Actions: torch.Size([16, 20, 100])
2025-06-03 10:25:46,172 - INFO - 🔧 Batch shapes - States: torch.Size([16, 20, 1024]), Actions: torch.Size([16, 20, 100])
2025-06-03 10:25:46,184 - INFO - 🔧 Batch shapes - States: torch.Size([16, 20, 1024]), Actions: torch.Size([16, 20, 100])
2025-06-03 10:25:46,195 - INFO - 🔧 Batch shapes - States: torch.Size([16, 20, 1024]), Actions: torch.Size([16, 20, 100])
2025-06-03 10:25:46,207 - INFO - 🔧 Batch shapes - States: torch.Size([16, 20, 1024]), Actions: torch.Size([16, 20, 100])
2025-06-03 10:25:46,218 - INFO - 🔧 Batch shapes - States: torch.Size([16, 20, 1024]), Actions: torch.Size([16, 20, 100])
2025-06-03 10:25:46,229 - INFO - 🔧 Batch shapes - States: torch.Size([16, 20, 1024]), Actions: torch.Size([16, 20, 100])
2025-06-03 10:25:46,240 - INFO - 🔧 Batch shapes - States: torch.Size([16, 20, 1024]), Actions: torch.Size([16, 20, 100])
2025-06-03 10:25:46,252 - INFO - 🔧 Batch shapes - States: torch.Size([16, 20, 1024]), Actions: torch.Size([16, 20, 100])
2025-06-03 10:25:46,264 - INFO - 🔧 Batch shapes - States: torch.Size([16, 20, 1024]), Actions: torch.Size([16, 20, 100])
2025-06-03 10:25:46,275 - INFO - 🔧 Batch shapes - States: torch.Size([16, 20, 1024]), Actions: torch.Size([16, 20, 100])
2025-06-03 10:25:46,287 - INFO - 🔧 Batch shapes - States: torch.Size([16, 20, 1024]), Actions: torch.Size([16, 20, 100])
2025-06-03 10:25:46,298 - INFO - 🔧 Batch shapes - States: torch.Size([16, 20, 1024]), Actions: torch.Size([16, 20, 100])
2025-06-03 10:25:46,310 - INFO - 🔧 Batch shapes - States: torch.Size([16, 20, 1024]), Actions: torch.Size([16, 20, 100])
2025-06-03 10:25:46,321 - INFO - 🔧 Batch shapes - States: torch.Size([16, 20, 1024]), Actions: torch.Size([16, 20, 100])
2025-06-03 10:25:46,333 - INFO - 🔧 Batch shapes - States: torch.Size([16, 20, 1024]), Actions: torch.Size([16, 20, 100])
2025-06-03 10:25:46,344 - INFO - 🔧 Batch shapes - States: torch.Size([16, 20, 1024]), Actions: torch.Size([16, 20, 100])
2025-06-03 10:25:46,356 - INFO - 🔧 Batch shapes - States: torch.Size([16, 20, 1024]), Actions: torch.Size([16, 20, 100])
2025-06-03 10:25:46,367 - INFO - 🔧 Batch shapes - States: torch.Size([16, 20, 1024]), Actions: torch.Size([16, 20, 100])
2025-06-03 10:25:46,379 - INFO - 🔧 Batch shapes - States: torch.Size([16, 20, 1024]), Actions: torch.Size([16, 20, 100])
2025-06-03 10:25:46,391 - INFO - 🔧 Batch shapes - States: torch.Size([16, 20, 1024]), Actions: torch.Size([16, 20, 100])
2025-06-03 10:25:46,403 - INFO - 🔧 Batch shapes - States: torch.Size([16, 20, 1024]), Actions: torch.Size([16, 20, 100])
2025-06-03 10:25:46,416 - INFO - 🔧 Batch shapes - States: torch.Size([16, 20, 1024]), Actions: torch.Size([16, 20, 100])
2025-06-03 10:25:46,427 - INFO - 🔧 Batch shapes - States: torch.Size([16, 20, 1024]), Actions: torch.Size([16, 20, 100])
2025-06-03 10:25:46,439 - INFO - 🔧 Batch shapes - States: torch.Size([16, 20, 1024]), Actions: torch.Size([16, 20, 100])
2025-06-03 10:25:46,451 - INFO - 🔧 Batch shapes - States: torch.Size([16, 20, 1024]), Actions: torch.Size([16, 20, 100])
2025-06-03 10:25:46,462 - INFO - 🔧 Batch shapes - States: torch.Size([16, 20, 1024]), Actions: torch.Size([16, 20, 100])
2025-06-03 10:25:46,474 - INFO - 🔧 Batch shapes - States: torch.Size([16, 20, 1024]), Actions: torch.Size([16, 20, 100])
2025-06-03 10:25:46,485 - INFO - 🔧 Batch shapes - States: torch.Size([16, 20, 1024]), Actions: torch.Size([16, 20, 100])
2025-06-03 10:25:46,499 - INFO - 🔧 Batch shapes - States: torch.Size([16, 20, 1024]), Actions: torch.Size([16, 20, 100])
2025-06-03 10:25:46,509 - INFO - 🔧 Batch shapes - States: torch.Size([16, 20, 1024]), Actions: torch.Size([16, 20, 100])
2025-06-03 10:25:46,518 - INFO - 🔧 Batch shapes - States: torch.Size([16, 20, 1024]), Actions: torch.Size([16, 20, 100])
2025-06-03 10:25:46,528 - INFO - 🔧 Batch shapes - States: torch.Size([16, 20, 1024]), Actions: torch.Size([16, 20, 100])
2025-06-03 10:25:46,539 - INFO - 🔧 Batch shapes - States: torch.Size([16, 20, 1024]), Actions: torch.Size([16, 20, 100])
2025-06-03 10:25:46,549 - INFO - 🔧 Batch shapes - States: torch.Size([16, 20, 1024]), Actions: torch.Size([16, 20, 100])
2025-06-03 10:25:46,559 - INFO - 🔧 Batch shapes - States: torch.Size([16, 20, 1024]), Actions: torch.Size([16, 20, 100])
2025-06-03 10:25:46,570 - INFO - 🔧 Batch shapes - States: torch.Size([16, 20, 1024]), Actions: torch.Size([16, 20, 100])
2025-06-03 10:25:46,581 - INFO - 🔧 Batch shapes - States: torch.Size([16, 20, 1024]), Actions: torch.Size([16, 20, 100])
2025-06-03 10:25:46,596 - INFO - 🔧 Batch shapes - States: torch.Size([16, 20, 1024]), Actions: torch.Size([16, 20, 100])
2025-06-03 10:25:46,607 - INFO - 🔧 Batch shapes - States: torch.Size([16, 20, 1024]), Actions: torch.Size([16, 20, 100])
2025-06-03 10:25:46,619 - INFO - 🔧 Batch shapes - States: torch.Size([16, 20, 1024]), Actions: torch.Size([16, 20, 100])
2025-06-03 10:25:46,630 - INFO - 🔧 Batch shapes - States: torch.Size([16, 20, 1024]), Actions: torch.Size([16, 20, 100])
2025-06-03 10:25:46,642 - INFO - 🔧 Batch shapes - States: torch.Size([16, 20, 1024]), Actions: torch.Size([16, 20, 100])
2025-06-03 10:25:46,653 - INFO - 🔧 Batch shapes - States: torch.Size([7, 20, 1024]), Actions: torch.Size([7, 20, 100])
2025-06-03 10:25:46,658 - INFO - 🔧 Evaluating video VID06
2025-06-03 10:25:46,946 - INFO - 🔧 Batch shapes - States: torch.Size([16, 20, 1024]), Actions: torch.Size([16, 20, 100])
2025-06-03 10:25:46,955 - INFO - 🔧 Batch shapes - States: torch.Size([16, 20, 1024]), Actions: torch.Size([16, 20, 100])
2025-06-03 10:25:46,964 - INFO - 🔧 Batch shapes - States: torch.Size([16, 20, 1024]), Actions: torch.Size([16, 20, 100])
2025-06-03 10:25:46,974 - INFO - 🔧 Batch shapes - States: torch.Size([16, 20, 1024]), Actions: torch.Size([16, 20, 100])
2025-06-03 10:25:46,986 - INFO - 🔧 Batch shapes - States: torch.Size([16, 20, 1024]), Actions: torch.Size([16, 20, 100])
2025-06-03 10:25:46,998 - INFO - 🔧 Batch shapes - States: torch.Size([16, 20, 1024]), Actions: torch.Size([16, 20, 100])
2025-06-03 10:25:47,009 - INFO - 🔧 Batch shapes - States: torch.Size([16, 20, 1024]), Actions: torch.Size([16, 20, 100])
2025-06-03 10:25:47,021 - INFO - 🔧 Batch shapes - States: torch.Size([16, 20, 1024]), Actions: torch.Size([16, 20, 100])
2025-06-03 10:25:47,032 - INFO - 🔧 Batch shapes - States: torch.Size([16, 20, 1024]), Actions: torch.Size([16, 20, 100])
2025-06-03 10:25:47,044 - INFO - 🔧 Batch shapes - States: torch.Size([16, 20, 1024]), Actions: torch.Size([16, 20, 100])
2025-06-03 10:25:47,056 - INFO - 🔧 Batch shapes - States: torch.Size([16, 20, 1024]), Actions: torch.Size([16, 20, 100])
2025-06-03 10:25:47,067 - INFO - 🔧 Batch shapes - States: torch.Size([16, 20, 1024]), Actions: torch.Size([16, 20, 100])
2025-06-03 10:25:47,078 - INFO - 🔧 Batch shapes - States: torch.Size([16, 20, 1024]), Actions: torch.Size([16, 20, 100])
2025-06-03 10:25:47,089 - INFO - 🔧 Batch shapes - States: torch.Size([16, 20, 1024]), Actions: torch.Size([16, 20, 100])
2025-06-03 10:25:47,101 - INFO - 🔧 Batch shapes - States: torch.Size([16, 20, 1024]), Actions: torch.Size([16, 20, 100])
2025-06-03 10:25:47,112 - INFO - 🔧 Batch shapes - States: torch.Size([16, 20, 1024]), Actions: torch.Size([16, 20, 100])
2025-06-03 10:25:47,123 - INFO - 🔧 Batch shapes - States: torch.Size([16, 20, 1024]), Actions: torch.Size([16, 20, 100])
2025-06-03 10:25:47,135 - INFO - 🔧 Batch shapes - States: torch.Size([16, 20, 1024]), Actions: torch.Size([16, 20, 100])
2025-06-03 10:25:47,146 - INFO - 🔧 Batch shapes - States: torch.Size([16, 20, 1024]), Actions: torch.Size([16, 20, 100])
2025-06-03 10:25:47,158 - INFO - 🔧 Batch shapes - States: torch.Size([16, 20, 1024]), Actions: torch.Size([16, 20, 100])
2025-06-03 10:25:47,169 - INFO - 🔧 Batch shapes - States: torch.Size([16, 20, 1024]), Actions: torch.Size([16, 20, 100])
2025-06-03 10:25:47,180 - INFO - 🔧 Batch shapes - States: torch.Size([16, 20, 1024]), Actions: torch.Size([16, 20, 100])
2025-06-03 10:25:47,192 - INFO - 🔧 Batch shapes - States: torch.Size([16, 20, 1024]), Actions: torch.Size([16, 20, 100])
2025-06-03 10:25:47,203 - INFO - 🔧 Batch shapes - States: torch.Size([16, 20, 1024]), Actions: torch.Size([16, 20, 100])
2025-06-03 10:25:47,215 - INFO - 🔧 Batch shapes - States: torch.Size([16, 20, 1024]), Actions: torch.Size([16, 20, 100])
2025-06-03 10:25:47,227 - INFO - 🔧 Batch shapes - States: torch.Size([16, 20, 1024]), Actions: torch.Size([16, 20, 100])
2025-06-03 10:25:47,238 - INFO - 🔧 Batch shapes - States: torch.Size([16, 20, 1024]), Actions: torch.Size([16, 20, 100])
2025-06-03 10:25:47,248 - INFO - 🔧 Batch shapes - States: torch.Size([16, 20, 1024]), Actions: torch.Size([16, 20, 100])
2025-06-03 10:25:47,258 - INFO - 🔧 Batch shapes - States: torch.Size([16, 20, 1024]), Actions: torch.Size([16, 20, 100])
2025-06-03 10:25:47,267 - INFO - 🔧 Batch shapes - States: torch.Size([16, 20, 1024]), Actions: torch.Size([16, 20, 100])
2025-06-03 10:25:47,278 - INFO - 🔧 Batch shapes - States: torch.Size([16, 20, 1024]), Actions: torch.Size([16, 20, 100])
2025-06-03 10:25:47,287 - INFO - 🔧 Batch shapes - States: torch.Size([16, 20, 1024]), Actions: torch.Size([16, 20, 100])
2025-06-03 10:25:47,298 - INFO - 🔧 Batch shapes - States: torch.Size([16, 20, 1024]), Actions: torch.Size([16, 20, 100])
2025-06-03 10:25:47,308 - INFO - 🔧 Batch shapes - States: torch.Size([16, 20, 1024]), Actions: torch.Size([16, 20, 100])
2025-06-03 10:25:47,317 - INFO - 🔧 Batch shapes - States: torch.Size([16, 20, 1024]), Actions: torch.Size([16, 20, 100])
2025-06-03 10:25:47,327 - INFO - 🔧 Batch shapes - States: torch.Size([16, 20, 1024]), Actions: torch.Size([16, 20, 100])
2025-06-03 10:25:47,337 - INFO - 🔧 Batch shapes - States: torch.Size([16, 20, 1024]), Actions: torch.Size([16, 20, 100])
2025-06-03 10:25:47,350 - INFO - 🔧 Batch shapes - States: torch.Size([16, 20, 1024]), Actions: torch.Size([16, 20, 100])
2025-06-03 10:25:47,360 - INFO - 🔧 Batch shapes - States: torch.Size([16, 20, 1024]), Actions: torch.Size([16, 20, 100])
2025-06-03 10:25:47,371 - INFO - 🔧 Batch shapes - States: torch.Size([16, 20, 1024]), Actions: torch.Size([16, 20, 100])
2025-06-03 10:25:47,380 - INFO - 🔧 Batch shapes - States: torch.Size([16, 20, 1024]), Actions: torch.Size([16, 20, 100])
2025-06-03 10:25:47,390 - INFO - 🔧 Batch shapes - States: torch.Size([16, 20, 1024]), Actions: torch.Size([16, 20, 100])
2025-06-03 10:25:47,399 - INFO - 🔧 Batch shapes - States: torch.Size([16, 20, 1024]), Actions: torch.Size([16, 20, 100])
2025-06-03 10:25:47,409 - INFO - 🔧 Batch shapes - States: torch.Size([16, 20, 1024]), Actions: torch.Size([16, 20, 100])
2025-06-03 10:25:47,419 - INFO - 🔧 Batch shapes - States: torch.Size([16, 20, 1024]), Actions: torch.Size([16, 20, 100])
2025-06-03 10:25:47,428 - INFO - 🔧 Batch shapes - States: torch.Size([16, 20, 1024]), Actions: torch.Size([16, 20, 100])
2025-06-03 10:25:47,439 - INFO - 🔧 Batch shapes - States: torch.Size([16, 20, 1024]), Actions: torch.Size([16, 20, 100])
2025-06-03 10:25:47,449 - INFO - 🔧 Batch shapes - States: torch.Size([16, 20, 1024]), Actions: torch.Size([16, 20, 100])
2025-06-03 10:25:47,462 - INFO - 🔧 Batch shapes - States: torch.Size([16, 20, 1024]), Actions: torch.Size([16, 20, 100])
2025-06-03 10:25:47,472 - INFO - 🔧 Batch shapes - States: torch.Size([16, 20, 1024]), Actions: torch.Size([16, 20, 100])
2025-06-03 10:25:47,483 - INFO - 🔧 Batch shapes - States: torch.Size([16, 20, 1024]), Actions: torch.Size([16, 20, 100])
2025-06-03 10:25:47,492 - INFO - 🔧 Batch shapes - States: torch.Size([16, 20, 1024]), Actions: torch.Size([16, 20, 100])
2025-06-03 10:25:47,502 - INFO - 🔧 Batch shapes - States: torch.Size([16, 20, 1024]), Actions: torch.Size([16, 20, 100])
2025-06-03 10:25:47,514 - INFO - 🔧 Batch shapes - States: torch.Size([16, 20, 1024]), Actions: torch.Size([16, 20, 100])
2025-06-03 10:25:47,529 - INFO - 🔧 Batch shapes - States: torch.Size([16, 20, 1024]), Actions: torch.Size([16, 20, 100])
2025-06-03 10:25:47,543 - INFO - 🔧 Batch shapes - States: torch.Size([16, 20, 1024]), Actions: torch.Size([16, 20, 100])
2025-06-03 10:25:47,556 - INFO - 🔧 Batch shapes - States: torch.Size([16, 20, 1024]), Actions: torch.Size([16, 20, 100])
2025-06-03 10:25:47,569 - INFO - 🔧 Batch shapes - States: torch.Size([16, 20, 1024]), Actions: torch.Size([16, 20, 100])
2025-06-03 10:25:47,581 - INFO - 🔧 Batch shapes - States: torch.Size([16, 20, 1024]), Actions: torch.Size([16, 20, 100])
2025-06-03 10:25:47,592 - INFO - 🔧 Batch shapes - States: torch.Size([16, 20, 1024]), Actions: torch.Size([16, 20, 100])
2025-06-03 10:25:47,602 - INFO - 🔧 Batch shapes - States: torch.Size([16, 20, 1024]), Actions: torch.Size([16, 20, 100])
2025-06-03 10:25:47,612 - INFO - 🔧 Batch shapes - States: torch.Size([16, 20, 1024]), Actions: torch.Size([16, 20, 100])
2025-06-03 10:25:47,623 - INFO - 🔧 Batch shapes - States: torch.Size([16, 20, 1024]), Actions: torch.Size([16, 20, 100])
2025-06-03 10:25:47,632 - INFO - 🔧 Batch shapes - States: torch.Size([16, 20, 1024]), Actions: torch.Size([16, 20, 100])
2025-06-03 10:25:47,641 - INFO - 🔧 Batch shapes - States: torch.Size([16, 20, 1024]), Actions: torch.Size([16, 20, 100])
2025-06-03 10:25:47,651 - INFO - 🔧 Batch shapes - States: torch.Size([16, 20, 1024]), Actions: torch.Size([16, 20, 100])
2025-06-03 10:25:47,661 - INFO - 🔧 Batch shapes - States: torch.Size([16, 20, 1024]), Actions: torch.Size([16, 20, 100])
2025-06-03 10:25:47,671 - INFO - 🔧 Batch shapes - States: torch.Size([16, 20, 1024]), Actions: torch.Size([16, 20, 100])
2025-06-03 10:25:47,682 - INFO - 🔧 Batch shapes - States: torch.Size([16, 20, 1024]), Actions: torch.Size([16, 20, 100])
2025-06-03 10:25:47,695 - INFO - 🔧 Batch shapes - States: torch.Size([16, 20, 1024]), Actions: torch.Size([16, 20, 100])
2025-06-03 10:25:47,706 - INFO - 🔧 Batch shapes - States: torch.Size([16, 20, 1024]), Actions: torch.Size([16, 20, 100])
2025-06-03 10:25:47,720 - INFO - 🔧 Batch shapes - States: torch.Size([16, 20, 1024]), Actions: torch.Size([16, 20, 100])
2025-06-03 10:25:47,731 - INFO - 🔧 Batch shapes - States: torch.Size([16, 20, 1024]), Actions: torch.Size([16, 20, 100])
2025-06-03 10:25:47,740 - INFO - 🔧 Batch shapes - States: torch.Size([16, 20, 1024]), Actions: torch.Size([16, 20, 100])
2025-06-03 10:25:47,750 - INFO - 🔧 Batch shapes - States: torch.Size([16, 20, 1024]), Actions: torch.Size([16, 20, 100])
2025-06-03 10:25:47,761 - INFO - 🔧 Batch shapes - States: torch.Size([16, 20, 1024]), Actions: torch.Size([16, 20, 100])
2025-06-03 10:25:47,774 - INFO - 🔧 Batch shapes - States: torch.Size([16, 20, 1024]), Actions: torch.Size([16, 20, 100])
2025-06-03 10:25:47,785 - INFO - 🔧 Batch shapes - States: torch.Size([16, 20, 1024]), Actions: torch.Size([16, 20, 100])
2025-06-03 10:25:47,795 - INFO - 🔧 Batch shapes - States: torch.Size([16, 20, 1024]), Actions: torch.Size([16, 20, 100])
2025-06-03 10:25:47,805 - INFO - 🔧 Batch shapes - States: torch.Size([16, 20, 1024]), Actions: torch.Size([16, 20, 100])
2025-06-03 10:25:47,815 - INFO - 🔧 Batch shapes - States: torch.Size([16, 20, 1024]), Actions: torch.Size([16, 20, 100])
2025-06-03 10:25:47,831 - INFO - 🔧 Batch shapes - States: torch.Size([16, 20, 1024]), Actions: torch.Size([16, 20, 100])
2025-06-03 10:25:47,843 - INFO - 🔧 Batch shapes - States: torch.Size([16, 20, 1024]), Actions: torch.Size([16, 20, 100])
2025-06-03 10:25:47,855 - INFO - 🔧 Batch shapes - States: torch.Size([16, 20, 1024]), Actions: torch.Size([16, 20, 100])
2025-06-03 10:25:47,867 - INFO - 🔧 Batch shapes - States: torch.Size([16, 20, 1024]), Actions: torch.Size([16, 20, 100])
2025-06-03 10:25:47,879 - INFO - 🔧 Batch shapes - States: torch.Size([16, 20, 1024]), Actions: torch.Size([16, 20, 100])
2025-06-03 10:25:47,890 - INFO - 🔧 Batch shapes - States: torch.Size([16, 20, 1024]), Actions: torch.Size([16, 20, 100])
2025-06-03 10:25:47,902 - INFO - 🔧 Batch shapes - States: torch.Size([16, 20, 1024]), Actions: torch.Size([16, 20, 100])
2025-06-03 10:25:47,914 - INFO - 🔧 Batch shapes - States: torch.Size([16, 20, 1024]), Actions: torch.Size([16, 20, 100])
2025-06-03 10:25:47,926 - INFO - 🔧 Batch shapes - States: torch.Size([16, 20, 1024]), Actions: torch.Size([16, 20, 100])
2025-06-03 10:25:47,938 - INFO - 🔧 Batch shapes - States: torch.Size([16, 20, 1024]), Actions: torch.Size([16, 20, 100])
2025-06-03 10:25:47,950 - INFO - 🔧 Batch shapes - States: torch.Size([16, 20, 1024]), Actions: torch.Size([16, 20, 100])
2025-06-03 10:25:47,962 - INFO - 🔧 Batch shapes - States: torch.Size([16, 20, 1024]), Actions: torch.Size([16, 20, 100])
2025-06-03 10:25:47,975 - INFO - 🔧 Batch shapes - States: torch.Size([16, 20, 1024]), Actions: torch.Size([16, 20, 100])
2025-06-03 10:25:47,985 - INFO - 🔧 Batch shapes - States: torch.Size([16, 20, 1024]), Actions: torch.Size([16, 20, 100])
2025-06-03 10:25:47,995 - INFO - 🔧 Batch shapes - States: torch.Size([16, 20, 1024]), Actions: torch.Size([16, 20, 100])
2025-06-03 10:25:48,007 - INFO - 🔧 Batch shapes - States: torch.Size([16, 20, 1024]), Actions: torch.Size([16, 20, 100])
2025-06-03 10:25:48,018 - INFO - 🔧 Batch shapes - States: torch.Size([16, 20, 1024]), Actions: torch.Size([16, 20, 100])
2025-06-03 10:25:48,031 - INFO - 🔧 Batch shapes - States: torch.Size([16, 20, 1024]), Actions: torch.Size([16, 20, 100])
2025-06-03 10:25:48,042 - INFO - 🔧 Batch shapes - States: torch.Size([16, 20, 1024]), Actions: torch.Size([16, 20, 100])
2025-06-03 10:25:48,057 - INFO - 🔧 Batch shapes - States: torch.Size([16, 20, 1024]), Actions: torch.Size([16, 20, 100])
2025-06-03 10:25:48,069 - INFO - 🔧 Batch shapes - States: torch.Size([16, 20, 1024]), Actions: torch.Size([16, 20, 100])
2025-06-03 10:25:48,080 - INFO - 🔧 Batch shapes - States: torch.Size([16, 20, 1024]), Actions: torch.Size([16, 20, 100])
2025-06-03 10:25:48,090 - INFO - 🔧 Batch shapes - States: torch.Size([16, 20, 1024]), Actions: torch.Size([16, 20, 100])
2025-06-03 10:25:48,099 - INFO - 🔧 Batch shapes - States: torch.Size([16, 20, 1024]), Actions: torch.Size([16, 20, 100])
2025-06-03 10:25:48,109 - INFO - 🔧 Batch shapes - States: torch.Size([16, 20, 1024]), Actions: torch.Size([16, 20, 100])
2025-06-03 10:25:48,119 - INFO - 🔧 Batch shapes - States: torch.Size([16, 20, 1024]), Actions: torch.Size([16, 20, 100])
2025-06-03 10:25:48,129 - INFO - 🔧 Batch shapes - States: torch.Size([16, 20, 1024]), Actions: torch.Size([16, 20, 100])
2025-06-03 10:25:48,142 - INFO - 🔧 Batch shapes - States: torch.Size([16, 20, 1024]), Actions: torch.Size([16, 20, 100])
2025-06-03 10:25:48,154 - INFO - 🔧 Batch shapes - States: torch.Size([16, 20, 1024]), Actions: torch.Size([16, 20, 100])
2025-06-03 10:25:48,165 - INFO - 🔧 Batch shapes - States: torch.Size([16, 20, 1024]), Actions: torch.Size([16, 20, 100])
2025-06-03 10:25:48,177 - INFO - 🔧 Batch shapes - States: torch.Size([16, 20, 1024]), Actions: torch.Size([16, 20, 100])
2025-06-03 10:25:48,189 - INFO - 🔧 Batch shapes - States: torch.Size([16, 20, 1024]), Actions: torch.Size([16, 20, 100])
2025-06-03 10:25:48,200 - INFO - 🔧 Batch shapes - States: torch.Size([16, 20, 1024]), Actions: torch.Size([16, 20, 100])
2025-06-03 10:25:48,212 - INFO - 🔧 Batch shapes - States: torch.Size([16, 20, 1024]), Actions: torch.Size([16, 20, 100])
2025-06-03 10:25:48,224 - INFO - 🔧 Batch shapes - States: torch.Size([16, 20, 1024]), Actions: torch.Size([16, 20, 100])
2025-06-03 10:25:48,235 - INFO - 🔧 Batch shapes - States: torch.Size([16, 20, 1024]), Actions: torch.Size([16, 20, 100])
2025-06-03 10:25:48,247 - INFO - 🔧 Batch shapes - States: torch.Size([16, 20, 1024]), Actions: torch.Size([16, 20, 100])
2025-06-03 10:25:48,258 - INFO - 🔧 Batch shapes - States: torch.Size([16, 20, 1024]), Actions: torch.Size([16, 20, 100])
2025-06-03 10:25:48,269 - INFO - 🔧 Batch shapes - States: torch.Size([16, 20, 1024]), Actions: torch.Size([16, 20, 100])
2025-06-03 10:25:48,281 - INFO - 🔧 Batch shapes - States: torch.Size([16, 20, 1024]), Actions: torch.Size([16, 20, 100])
2025-06-03 10:25:48,294 - INFO - 🔧 Batch shapes - States: torch.Size([16, 20, 1024]), Actions: torch.Size([16, 20, 100])
2025-06-03 10:25:48,306 - INFO - 🔧 Batch shapes - States: torch.Size([16, 20, 1024]), Actions: torch.Size([16, 20, 100])
2025-06-03 10:25:48,318 - INFO - 🔧 Batch shapes - States: torch.Size([16, 20, 1024]), Actions: torch.Size([16, 20, 100])
2025-06-03 10:25:48,330 - INFO - 🔧 Batch shapes - States: torch.Size([16, 20, 1024]), Actions: torch.Size([16, 20, 100])
2025-06-03 10:25:48,341 - INFO - 🔧 Batch shapes - States: torch.Size([16, 20, 1024]), Actions: torch.Size([16, 20, 100])
2025-06-03 10:25:48,353 - INFO - 🔧 Batch shapes - States: torch.Size([16, 20, 1024]), Actions: torch.Size([16, 20, 100])
2025-06-03 10:25:48,364 - INFO - 🔧 Batch shapes - States: torch.Size([16, 20, 1024]), Actions: torch.Size([16, 20, 100])
2025-06-03 10:25:48,376 - INFO - 🔧 Batch shapes - States: torch.Size([16, 20, 1024]), Actions: torch.Size([16, 20, 100])
2025-06-03 10:25:48,387 - INFO - 🔧 Batch shapes - States: torch.Size([16, 20, 1024]), Actions: torch.Size([16, 20, 100])
2025-06-03 10:25:48,399 - INFO - 🔧 Batch shapes - States: torch.Size([16, 20, 1024]), Actions: torch.Size([16, 20, 100])
2025-06-03 10:25:48,414 - INFO - 🔧 Batch shapes - States: torch.Size([16, 20, 1024]), Actions: torch.Size([16, 20, 100])
2025-06-03 10:25:48,425 - INFO - 🔧 Batch shapes - States: torch.Size([16, 20, 1024]), Actions: torch.Size([16, 20, 100])
2025-06-03 10:25:48,438 - INFO - 🔧 Batch shapes - States: torch.Size([16, 20, 1024]), Actions: torch.Size([16, 20, 100])
2025-06-03 10:25:48,451 - INFO - 🔧 Batch shapes - States: torch.Size([9, 20, 1024]), Actions: torch.Size([9, 20, 100])
2025-06-03 10:25:48,478 - INFO - 🔧 Final shapes - Predictions: (4992, 20, 100), Targets: (4992, 20, 100)
2025-06-03 10:25:59,448 - INFO - 🔍 Analyzing evaluation bias...
2025-06-03 10:25:59,448 - INFO - ⚖️ Creating comprehensive comparison...
2025-06-03 10:25:59,448 - INFO - ✅ Dual evaluation completed successfully
2025-06-03 10:25:59,448 - INFO - 🔬 Performing statistical analysis...
2025-06-03 10:25:59,448 - INFO - 📝 Generating reports and visualizations...
2025-06-03 10:25:59,449 - INFO - 📄  comparison report saved to: logs/2025-06-03_10-23-47/comparison_results/fixed_comparison_report.md
2025-06-03 10:25:59,449 - ERROR - ❌ Comparison experiment failed: Object of type ComprehensiveResults is not JSON serializable
