2025-06-16 16:59:31,600 - INFO - SuRL_FixedRL_129343628443376 - Shared experiment log directory: results/fixed_rl_2025-06-16_16-59-31/logs
2025-06-16 16:59:31,601 - INFO - SuRL_FixedRL_129343628443376 - 🎯 FIXED RL Experiment: fixed_rl_2025-06-16_16-59-31
2025-06-16 16:59:31,601 - INFO - SuRL_FixedRL_129343628443376 - 📁 Results dir: results/fixed_rl_2025-06-16_16-59-31
2025-06-16 16:59:31,601 - INFO - SuRL_FixedRL_129343628443376 - 🚀 Starting Complete FIXED RL Comparison
2025-06-16 16:59:31,601 - INFO - SuRL_FixedRL_129343628443376 - ============================================================
2025-06-16 16:59:31,601 - INFO - SuRL_FixedRL_129343628443376 - 📂 Loading CholecT50 data...
2025-06-16 16:59:31,601 - INFO - SuRL_FixedRL_129343628443376 -    Training videos: 40
2025-06-16 16:59:31,601 - INFO - SuRL_FixedRL_129343628443376 -    Test videos: 10
2025-06-16 16:59:31,602 - INFO - SuRL_FixedRL_129343628443376 - Loading train data from /home/maxboels/datasets/CholecT50 with fold 0
2025-06-16 16:59:32,020 - INFO - SuRL_FixedRL_129343628443376 - ✅ Loaded metadata: /home/maxboels/datasets/CholecT50/embeddings_train_set/fold0/embeddings_f0_swin_bas_129_phase_complet_phase_transit_prog_prob_action_risk_glob_outcome.csv - Shape: (78968, 156)
2025-06-16 16:59:32,020 - INFO - SuRL_FixedRL_129343628443376 - [Train] Start processing metadata file /home/maxboels/datasets/CholecT50/embeddings_train_set/fold0/embeddings_f0_swin_bas_129_phase_complet_phase_transit_prog_prob_action_risk_glob_outcome.csv
2025-06-16 16:59:32,020 - INFO - SuRL_FixedRL_129343628443376 - [Train] Rewards extraction skipped, using metadata file /home/maxboels/datasets/CholecT50/embeddings_train_set/fold0/embeddings_f0_swin_bas_129_phase_complet_phase_transit_prog_prob_action_risk_glob_outcome.csv
2025-06-16 16:59:32,022 - INFO - SuRL_FixedRL_129343628443376 - [Train] Found 40 videos in metadata file
2025-06-16 16:59:32,022 - INFO - SuRL_FixedRL_129343628443376 - [Train] Loading data for 40 videos
2025-06-16 16:59:32,210 - INFO - SuRL_FixedRL_129343628443376 - ✅ Loaded video VID01: 1734 frames, 1024-dims embeddings
2025-06-16 16:59:32,363 - INFO - SuRL_FixedRL_129343628443376 - ✅ Loaded video VID04: 1523 frames, 1024-dims embeddings
2025-06-16 16:59:32,593 - INFO - SuRL_FixedRL_129343628443376 - ✅ Loaded video VID05: 2345 frames, 1024-dims embeddings
2025-06-16 16:59:32,747 - INFO - SuRL_FixedRL_129343628443376 - ✅ Loaded video VID08: 1520 frames, 1024-dims embeddings
2025-06-16 16:59:32,920 - INFO - SuRL_FixedRL_129343628443376 - ✅ Loaded video VID10: 1750 frames, 1024-dims embeddings
2025-06-16 16:59:33,135 - INFO - SuRL_FixedRL_129343628443376 - ✅ Loaded video VID103: 2220 frames, 1024-dims embeddings
2025-06-16 16:59:33,347 - INFO - SuRL_FixedRL_129343628443376 - ✅ Loaded video VID110: 2177 frames, 1024-dims embeddings
2025-06-16 16:59:33,462 - INFO - SuRL_FixedRL_129343628443376 - ✅ Loaded video VID12: 1091 frames, 1024-dims embeddings
2025-06-16 16:59:33,566 - INFO - SuRL_FixedRL_129343628443376 - ✅ Loaded video VID13: 982 frames, 1024-dims embeddings
2025-06-16 16:59:33,768 - INFO - SuRL_FixedRL_129343628443376 - ✅ Loaded video VID15: 2059 frames, 1024-dims embeddings
2025-06-16 16:59:33,962 - INFO - SuRL_FixedRL_129343628443376 - ✅ Loaded video VID18: 1943 frames, 1024-dims embeddings
2025-06-16 16:59:34,117 - INFO - SuRL_FixedRL_129343628443376 - ✅ Loaded video VID22: 1533 frames, 1024-dims embeddings
2025-06-16 16:59:34,296 - INFO - SuRL_FixedRL_129343628443376 - ✅ Loaded video VID26: 1774 frames, 1024-dims embeddings
2025-06-16 16:59:34,504 - INFO - SuRL_FixedRL_129343628443376 - ✅ Loaded video VID27: 2085 frames, 1024-dims embeddings
2025-06-16 16:59:34,734 - INFO - SuRL_FixedRL_129343628443376 - ✅ Loaded video VID29: 2351 frames, 1024-dims embeddings
2025-06-16 16:59:35,113 - INFO - SuRL_FixedRL_129343628443376 - ✅ Loaded video VID31: 3946 frames, 1024-dims embeddings
2025-06-16 16:59:35,321 - INFO - SuRL_FixedRL_129343628443376 - ✅ Loaded video VID32: 2117 frames, 1024-dims embeddings
2025-06-16 16:59:35,530 - INFO - SuRL_FixedRL_129343628443376 - ✅ Loaded video VID35: 2107 frames, 1024-dims embeddings
2025-06-16 16:59:35,765 - INFO - SuRL_FixedRL_129343628443376 - ✅ Loaded video VID36: 2388 frames, 1024-dims embeddings
2025-06-16 16:59:35,985 - INFO - SuRL_FixedRL_129343628443376 - ✅ Loaded video VID40: 2223 frames, 1024-dims embeddings
2025-06-16 16:59:36,348 - INFO - SuRL_FixedRL_129343628443376 - ✅ Loaded video VID42: 3713 frames, 1024-dims embeddings
2025-06-16 16:59:36,588 - INFO - SuRL_FixedRL_129343628443376 - ✅ Loaded video VID43: 2363 frames, 1024-dims embeddings
2025-06-16 16:59:36,810 - INFO - SuRL_FixedRL_129343628443376 - ✅ Loaded video VID47: 2260 frames, 1024-dims embeddings
2025-06-16 16:59:36,992 - INFO - SuRL_FixedRL_129343628443376 - ✅ Loaded video VID48: 1835 frames, 1024-dims embeddings
2025-06-16 16:59:37,164 - INFO - SuRL_FixedRL_129343628443376 - ✅ Loaded video VID49: 1672 frames, 1024-dims embeddings
2025-06-16 16:59:37,361 - INFO - SuRL_FixedRL_129343628443376 - ✅ Loaded video VID52: 1967 frames, 1024-dims embeddings
2025-06-16 16:59:37,545 - INFO - SuRL_FixedRL_129343628443376 - ✅ Loaded video VID56: 1837 frames, 1024-dims embeddings
2025-06-16 16:59:37,804 - INFO - SuRL_FixedRL_129343628443376 - ✅ Loaded video VID57: 2633 frames, 1024-dims embeddings
2025-06-16 16:59:38,055 - INFO - SuRL_FixedRL_129343628443376 - ✅ Loaded video VID60: 2533 frames, 1024-dims embeddings
2025-06-16 16:59:38,259 - INFO - SuRL_FixedRL_129343628443376 - ✅ Loaded video VID62: 2033 frames, 1024-dims embeddings
2025-06-16 16:59:38,447 - INFO - SuRL_FixedRL_129343628443376 - ✅ Loaded video VID65: 1874 frames, 1024-dims embeddings
2025-06-16 16:59:38,645 - INFO - SuRL_FixedRL_129343628443376 - ✅ Loaded video VID68: 1973 frames, 1024-dims embeddings
2025-06-16 16:59:38,769 - INFO - SuRL_FixedRL_129343628443376 - ✅ Loaded video VID70: 1195 frames, 1024-dims embeddings
2025-06-16 16:59:38,910 - INFO - SuRL_FixedRL_129343628443376 - ✅ Loaded video VID73: 1357 frames, 1024-dims embeddings
2025-06-16 16:59:39,078 - INFO - SuRL_FixedRL_129343628443376 - ✅ Loaded video VID74: 1635 frames, 1024-dims embeddings
2025-06-16 16:59:39,272 - INFO - SuRL_FixedRL_129343628443376 - ✅ Loaded video VID75: 1924 frames, 1024-dims embeddings
2025-06-16 16:59:39,355 - INFO - SuRL_FixedRL_129343628443376 - ✅ Loaded video VID78: 740 frames, 1024-dims embeddings
2025-06-16 16:59:39,532 - INFO - SuRL_FixedRL_129343628443376 - ✅ Loaded video VID80: 1725 frames, 1024-dims embeddings
2025-06-16 16:59:39,744 - INFO - SuRL_FixedRL_129343628443376 - ✅ Loaded video VID92: 2124 frames, 1024-dims embeddings
2025-06-16 16:59:39,917 - INFO - SuRL_FixedRL_129343628443376 - ✅ Loaded video VID96: 1707 frames, 1024-dims embeddings
2025-06-16 16:59:39,917 - INFO - SuRL_FixedRL_129343628443376 - 📂 Loaded 40 videos from train split
