2025-06-17 21:25:05,680 - INFO - FixedBCRL_139991728798272 - Shared experiment log directory: fixed_behavioral_cloning_final_2025-06-17_21-25-05/logs
2025-06-17 21:25:05,680 - INFO - FixedBCRL_139991728798272 - 🎓 FIXED BEHAVIORAL CLONING + SPARSE ACTION RL
2025-06-17 21:25:05,680 - INFO - FixedBCRL_139991728798272 - ============================================================
2025-06-17 21:25:05,680 - INFO - FixedBCRL_139991728798272 - 🔧 All shape and interface issues fixed
2025-06-17 21:25:05,680 - INFO - FixedBCRL_139991728798272 - 🎯 Optimized for sparse surgical actions (0-3 out of 100)
2025-06-17 21:25:05,680 - INFO - FixedBCRL_139991728798272 - 📂 Step 1: Loading data...
2025-06-17 21:25:05,680 - INFO - FixedBCRL_139991728798272 - Loading train data from /home/maxboels/datasets/CholecT50 with fold 0
2025-06-17 21:25:06,073 - INFO - FixedBCRL_139991728798272 - ✅ Loaded metadata: /home/maxboels/datasets/CholecT50/embeddings_train_set/fold0/embeddings_f0_swin_bas_129_phase_complet_phase_transit_prog_prob_action_risk_glob_outcome.csv - Shape: (78968, 156)
2025-06-17 21:25:06,073 - INFO - FixedBCRL_139991728798272 - [Train] Start processing metadata file /home/maxboels/datasets/CholecT50/embeddings_train_set/fold0/embeddings_f0_swin_bas_129_phase_complet_phase_transit_prog_prob_action_risk_glob_outcome.csv
2025-06-17 21:25:06,073 - INFO - FixedBCRL_139991728798272 - [Train] Rewards extraction skipped, using metadata file /home/maxboels/datasets/CholecT50/embeddings_train_set/fold0/embeddings_f0_swin_bas_129_phase_complet_phase_transit_prog_prob_action_risk_glob_outcome.csv
2025-06-17 21:25:06,075 - INFO - FixedBCRL_139991728798272 - [Train] Found 20 videos in metadata file
2025-06-17 21:25:06,075 - INFO - FixedBCRL_139991728798272 - [Train] Loading data for 20 videos
2025-06-17 21:25:06,148 - INFO - FixedBCRL_139991728798272 - ✅ Loaded video VID01: 1734 frames, 1024-dims embeddings
2025-06-17 21:25:06,209 - INFO - FixedBCRL_139991728798272 - ✅ Loaded video VID04: 1523 frames, 1024-dims embeddings
2025-06-17 21:25:06,301 - INFO - FixedBCRL_139991728798272 - ✅ Loaded video VID05: 2345 frames, 1024-dims embeddings
2025-06-17 21:25:06,364 - INFO - FixedBCRL_139991728798272 - ✅ Loaded video VID08: 1520 frames, 1024-dims embeddings
2025-06-17 21:25:06,435 - INFO - FixedBCRL_139991728798272 - ✅ Loaded video VID10: 1750 frames, 1024-dims embeddings
2025-06-17 21:25:06,523 - INFO - FixedBCRL_139991728798272 - ✅ Loaded video VID103: 2220 frames, 1024-dims embeddings
2025-06-17 21:25:06,609 - INFO - FixedBCRL_139991728798272 - ✅ Loaded video VID110: 2177 frames, 1024-dims embeddings
2025-06-17 21:25:06,655 - INFO - FixedBCRL_139991728798272 - ✅ Loaded video VID12: 1091 frames, 1024-dims embeddings
2025-06-17 21:25:06,696 - INFO - FixedBCRL_139991728798272 - ✅ Loaded video VID13: 982 frames, 1024-dims embeddings
2025-06-17 21:25:06,778 - INFO - FixedBCRL_139991728798272 - ✅ Loaded video VID15: 2059 frames, 1024-dims embeddings
2025-06-17 21:25:06,861 - INFO - FixedBCRL_139991728798272 - ✅ Loaded video VID18: 1943 frames, 1024-dims embeddings
2025-06-17 21:25:06,930 - INFO - FixedBCRL_139991728798272 - ✅ Loaded video VID22: 1533 frames, 1024-dims embeddings
2025-06-17 21:25:07,005 - INFO - FixedBCRL_139991728798272 - ✅ Loaded video VID26: 1774 frames, 1024-dims embeddings
2025-06-17 21:25:07,093 - INFO - FixedBCRL_139991728798272 - ✅ Loaded video VID27: 2085 frames, 1024-dims embeddings
2025-06-17 21:25:07,190 - INFO - FixedBCRL_139991728798272 - ✅ Loaded video VID29: 2351 frames, 1024-dims embeddings
2025-06-17 21:25:07,357 - INFO - FixedBCRL_139991728798272 - ✅ Loaded video VID31: 3946 frames, 1024-dims embeddings
2025-06-17 21:25:07,455 - INFO - FixedBCRL_139991728798272 - ✅ Loaded video VID32: 2117 frames, 1024-dims embeddings
2025-06-17 21:25:07,540 - INFO - FixedBCRL_139991728798272 - ✅ Loaded video VID35: 2107 frames, 1024-dims embeddings
2025-06-17 21:25:07,639 - INFO - FixedBCRL_139991728798272 - ✅ Loaded video VID36: 2388 frames, 1024-dims embeddings
2025-06-17 21:25:07,731 - INFO - FixedBCRL_139991728798272 - ✅ Loaded video VID40: 2223 frames, 1024-dims embeddings
2025-06-17 21:25:07,731 - INFO - FixedBCRL_139991728798272 - 📂 Loaded 20 videos from train split
2025-06-17 21:25:07,733 - INFO - FixedBCRL_139991728798272 - Loading test data from /home/maxboels/datasets/CholecT50 with fold 0
2025-06-17 21:25:07,820 - INFO - FixedBCRL_139991728798272 - ✅ Loaded metadata: /home/maxboels/datasets/CholecT50/embeddings_test_set/fold0/embeddings_f0_swin_bas_129_phase_complet_phase_transit_prog_prob_action_risk_glob_outcome.csv - Shape: (21895, 156)
2025-06-17 21:25:07,820 - INFO - FixedBCRL_139991728798272 - [Test] Start processing metadata file /home/maxboels/datasets/CholecT50/embeddings_test_set/fold0/embeddings_f0_swin_bas_129_phase_complet_phase_transit_prog_prob_action_risk_glob_outcome.csv
2025-06-17 21:25:07,820 - INFO - FixedBCRL_139991728798272 - [Test] Rewards extraction skipped, using metadata file /home/maxboels/datasets/CholecT50/embeddings_test_set/fold0/embeddings_f0_swin_bas_129_phase_complet_phase_transit_prog_prob_action_risk_glob_outcome.csv
2025-06-17 21:25:07,820 - INFO - FixedBCRL_139991728798272 - [Test] Found 8 videos in metadata file
2025-06-17 21:25:07,820 - INFO - FixedBCRL_139991728798272 - [Test] Loading data for 8 videos
2025-06-17 21:25:07,930 - INFO - FixedBCRL_139991728798272 - ✅ Loaded video VID02: 2840 frames, 1024-dims embeddings
2025-06-17 21:25:08,014 - INFO - FixedBCRL_139991728798272 - ✅ Loaded video VID06: 2154 frames, 1024-dims embeddings
2025-06-17 21:25:08,098 - INFO - FixedBCRL_139991728798272 - ✅ Loaded video VID111: 2146 frames, 1024-dims embeddings
2025-06-17 21:25:08,166 - INFO - FixedBCRL_139991728798272 - ✅ Loaded video VID14: 1709 frames, 1024-dims embeddings
2025-06-17 21:25:08,232 - INFO - FixedBCRL_139991728798272 - ✅ Loaded video VID23: 1636 frames, 1024-dims embeddings
2025-06-17 21:25:08,319 - INFO - FixedBCRL_139991728798272 - ✅ Loaded video VID25: 2130 frames, 1024-dims embeddings
2025-06-17 21:25:08,365 - INFO - FixedBCRL_139991728798272 - ✅ Loaded video VID50: 1095 frames, 1024-dims embeddings
2025-06-17 21:25:08,483 - INFO - FixedBCRL_139991728798272 - ✅ Loaded video VID51: 2945 frames, 1024-dims embeddings
2025-06-17 21:25:08,483 - INFO - FixedBCRL_139991728798272 - 📂 Loaded 8 videos from test split
2025-06-17 21:25:08,484 - INFO - FixedBCRL_139991728798272 - ✅ Data loaded: 20 train, 8 test videos
2025-06-17 21:25:08,484 - INFO - FixedBCRL_139991728798272 - 📂 Step 2: Loading trained models...
2025-06-17 21:25:10,187 - INFO - FixedBCRL_139991728798272 - ✅ World model loaded successfully
2025-06-17 21:25:10,187 - INFO - FixedBCRL_139991728798272 - 🔧 Step 3: Creating adapter and collecting demonstrations...
2025-06-17 21:25:10,642 - INFO - FixedBCRL_139991728798272 - ✅ Loaded supervised model for behavioral cloning
2025-06-17 21:25:10,643 - INFO - FixedBCRL_139991728798272 -    Original performance: 48.3% mAP
2025-06-17 21:25:10,643 - INFO - FixedBCRL_139991728798272 -    Model handles sparse actions (0-3 out of 100)
2025-06-17 21:25:10,643 - INFO - FixedBCRL_139991728798272 - 📊 Collecting expert demonstrations...
2025-06-17 21:25:11,099 - INFO - FixedBCRL_139991728798272 - ✅ Collected 200 demonstrations
2025-06-17 21:25:11,099 - INFO - FixedBCRL_139991728798272 -    Average active actions: 1.2
2025-06-17 21:25:11,099 - INFO - FixedBCRL_139991728798272 -    Action sparsity: 98.8%
2025-06-17 21:25:11,099 - INFO - FixedBCRL_139991728798272 - 🎯 Step 4: Creating improved sparse action environment...
2025-06-17 21:25:11,099 - INFO - FixedBCRL_139991728798272 - 🎯 Improved Sparse Action Environment initialized
2025-06-17 21:25:11,099 - INFO - FixedBCRL_139991728798272 -    Max episode steps: 15
2025-06-17 21:25:11,099 - INFO - FixedBCRL_139991728798272 -    Reward weights: {'sparse_expert_f1': 50.0, 'precision_bonus': 30.0, 'recall_bonus': 20.0, 'sparsity_match': 15.0, 'false_positive_penalty': 25.0, 'completion_bonus': 5.0}
2025-06-17 21:25:11,099 - INFO - FixedBCRL_139991728798272 - 🔧 Testing environment...
2025-06-17 21:25:11,106 - INFO - FixedBCRL_139991728798272 - ✅ Environment test successful - Reward: 10.469
2025-06-17 21:25:11,107 - INFO - FixedBCRL_139991728798272 - 🎓 Step 5: Creating and warm-starting RL policy...
2025-06-17 21:25:11,107 - INFO - FixedBCRL_139991728798272 - 🔧 Creating calibrated RL policy from supervised model...
2025-06-17 21:25:11,120 - INFO - FixedBCRL_139991728798272 - 🎓 Performing imitation learning warm start...
2025-06-17 21:25:11,120 - INFO - FixedBCRL_139991728798272 -    Using 200 demonstrations
2025-06-17 21:25:11,120 - INFO - FixedBCRL_139991728798272 -    Training for 3 epochs
2025-06-17 21:25:11,120 - INFO - FixedBCRL_139991728798272 -    State shape: (200, 1024)
2025-06-17 21:25:11,120 - INFO - FixedBCRL_139991728798272 -    Action shape: (200, 100)
2025-06-17 21:25:11,223 - INFO - FixedBCRL_139991728798272 -    Epoch 1/3: Avg action difference = 0.0173
2025-06-17 21:25:11,294 - INFO - FixedBCRL_139991728798272 -    Epoch 2/3: Avg action difference = 0.0184
2025-06-17 21:25:11,379 - INFO - FixedBCRL_139991728798272 -    Epoch 3/3: Avg action difference = 0.0175
2025-06-17 21:25:11,379 - INFO - FixedBCRL_139991728798272 - ✅ Imitation learning warm start completed
2025-06-17 21:25:11,379 - INFO - FixedBCRL_139991728798272 -    Note: Using lightweight approach due to PPO policy constraints
2025-06-17 21:25:11,380 - INFO - FixedBCRL_139991728798272 - 🔍 Step 6: Initial evaluation after warm start...
2025-06-17 21:25:11,400 - INFO - FixedBCRL_139991728798272 -    Sparsity check - Expert: 1.4, Predicted: 0.0
2025-06-17 21:25:11,400 - INFO - FixedBCRL_139991728798272 -    Initial mAP after warm start: 0.1681
2025-06-17 21:25:11,400 - INFO - FixedBCRL_139991728798272 - 🚀 Step 7: RL training with sparse action optimization...
2025-06-17 21:25:11,420 - WARNING - FixedBCRL_139991728798272 - Callback step failed: 'precisions'
2025-06-17 21:25:11,428 - WARNING - FixedBCRL_139991728798272 - Callback step failed: 'precisions'
2025-06-17 21:25:11,444 - WARNING - FixedBCRL_139991728798272 - Callback step failed: 'precisions'
2025-06-17 21:25:11,453 - WARNING - FixedBCRL_139991728798272 - Callback step failed: 'precisions'
2025-06-17 21:25:11,457 - WARNING - FixedBCRL_139991728798272 - Callback step failed: 'precisions'
2025-06-17 21:25:11,461 - WARNING - FixedBCRL_139991728798272 - Callback step failed: 'precisions'
2025-06-17 21:25:11,465 - WARNING - FixedBCRL_139991728798272 - Callback step failed: 'precisions'
2025-06-17 21:25:11,541 - WARNING - FixedBCRL_139991728798272 - Callback step failed: 'precisions'
2025-06-17 21:25:11,562 - WARNING - FixedBCRL_139991728798272 - Callback step failed: 'precisions'
2025-06-17 21:25:11,582 - WARNING - FixedBCRL_139991728798272 - Callback step failed: 'precisions'
2025-06-17 21:25:11,588 - WARNING - FixedBCRL_139991728798272 - Callback step failed: 'precisions'
2025-06-17 21:25:11,592 - WARNING - FixedBCRL_139991728798272 - Callback step failed: 'precisions'
2025-06-17 21:25:11,597 - WARNING - FixedBCRL_139991728798272 - Callback step failed: 'precisions'
2025-06-17 21:25:11,600 - WARNING - FixedBCRL_139991728798272 - Callback step failed: 'precisions'
2025-06-17 21:25:11,618 - WARNING - FixedBCRL_139991728798272 - Callback step failed: 'precisions'
2025-06-17 21:25:11,658 - WARNING - FixedBCRL_139991728798272 - Callback step failed: 'precisions'
2025-06-17 21:25:11,668 - WARNING - FixedBCRL_139991728798272 - Callback step failed: 'precisions'
2025-06-17 21:25:11,676 - WARNING - FixedBCRL_139991728798272 - Callback step failed: 'precisions'
2025-06-17 21:25:11,678 - WARNING - FixedBCRL_139991728798272 - Callback step failed: 'precisions'
2025-06-17 21:25:11,681 - WARNING - FixedBCRL_139991728798272 - Callback step failed: 'precisions'
2025-06-17 21:25:11,688 - WARNING - FixedBCRL_139991728798272 - Callback step failed: 'precisions'
2025-06-17 21:25:11,690 - WARNING - FixedBCRL_139991728798272 - Callback step failed: 'precisions'
2025-06-17 21:25:11,697 - WARNING - FixedBCRL_139991728798272 - Callback step failed: 'precisions'
2025-06-17 21:25:11,700 - WARNING - FixedBCRL_139991728798272 - Callback step failed: 'precisions'
2025-06-17 21:25:11,702 - WARNING - FixedBCRL_139991728798272 - Callback step failed: 'precisions'
2025-06-17 21:25:11,709 - WARNING - FixedBCRL_139991728798272 - Callback step failed: 'precisions'
2025-06-17 21:25:11,716 - WARNING - FixedBCRL_139991728798272 - Callback step failed: 'precisions'
2025-06-17 21:25:11,725 - WARNING - FixedBCRL_139991728798272 - Callback step failed: 'precisions'
2025-06-17 21:25:11,729 - WARNING - FixedBCRL_139991728798272 - Callback step failed: 'precisions'
2025-06-17 21:25:11,841 - WARNING - FixedBCRL_139991728798272 - Callback step failed: 'precisions'
2025-06-17 21:25:11,906 - WARNING - FixedBCRL_139991728798272 - Callback step failed: 'precisions'
2025-06-17 21:25:11,910 - WARNING - FixedBCRL_139991728798272 - Callback step failed: 'precisions'
2025-06-17 21:25:11,919 - WARNING - FixedBCRL_139991728798272 - Callback step failed: 'precisions'
2025-06-17 21:25:11,923 - WARNING - FixedBCRL_139991728798272 - Callback step failed: 'precisions'
2025-06-17 21:25:11,929 - WARNING - FixedBCRL_139991728798272 - Callback step failed: 'precisions'
2025-06-17 21:25:11,932 - WARNING - FixedBCRL_139991728798272 - Callback step failed: 'precisions'
2025-06-17 21:25:11,939 - WARNING - FixedBCRL_139991728798272 - Callback step failed: 'precisions'
2025-06-17 21:25:11,941 - WARNING - FixedBCRL_139991728798272 - Callback step failed: 'precisions'
2025-06-17 21:25:11,943 - WARNING - FixedBCRL_139991728798272 - Callback step failed: 'precisions'
2025-06-17 21:25:11,946 - WARNING - FixedBCRL_139991728798272 - Callback step failed: 'precisions'
2025-06-17 21:25:11,948 - WARNING - FixedBCRL_139991728798272 - Callback step failed: 'precisions'
2025-06-17 21:25:11,952 - WARNING - FixedBCRL_139991728798272 - Callback step failed: 'precisions'
2025-06-17 21:25:11,963 - WARNING - FixedBCRL_139991728798272 - Callback step failed: 'precisions'
2025-06-17 21:25:11,966 - WARNING - FixedBCRL_139991728798272 - Callback step failed: 'precisions'
2025-06-17 21:25:11,968 - WARNING - FixedBCRL_139991728798272 - Callback step failed: 'precisions'
2025-06-17 21:25:11,975 - WARNING - FixedBCRL_139991728798272 - Callback step failed: 'precisions'
2025-06-17 21:25:11,985 - WARNING - FixedBCRL_139991728798272 - Callback step failed: 'precisions'
2025-06-17 21:25:11,995 - WARNING - FixedBCRL_139991728798272 - Callback step failed: 'precisions'
2025-06-17 21:25:11,997 - WARNING - FixedBCRL_139991728798272 - Callback step failed: 'precisions'
2025-06-17 21:25:12,002 - WARNING - FixedBCRL_139991728798272 - Callback step failed: 'precisions'
2025-06-17 21:25:12,004 - WARNING - FixedBCRL_139991728798272 - Callback step failed: 'precisions'
2025-06-17 21:25:12,012 - WARNING - FixedBCRL_139991728798272 - Callback step failed: 'precisions'
2025-06-17 21:25:12,025 - WARNING - FixedBCRL_139991728798272 - Callback step failed: 'precisions'
2025-06-17 21:25:12,041 - WARNING - FixedBCRL_139991728798272 - Callback step failed: 'precisions'
2025-06-17 21:25:12,052 - WARNING - FixedBCRL_139991728798272 - Callback step failed: 'precisions'
2025-06-17 21:25:12,059 - WARNING - FixedBCRL_139991728798272 - Callback step failed: 'precisions'
2025-06-17 21:25:12,063 - WARNING - FixedBCRL_139991728798272 - Callback step failed: 'precisions'
2025-06-17 21:25:12,069 - WARNING - FixedBCRL_139991728798272 - Callback step failed: 'precisions'
2025-06-17 21:25:12,074 - WARNING - FixedBCRL_139991728798272 - Callback step failed: 'precisions'
2025-06-17 21:25:12,084 - WARNING - FixedBCRL_139991728798272 - Callback step failed: 'precisions'
2025-06-17 21:25:12,092 - WARNING - FixedBCRL_139991728798272 - Callback step failed: 'precisions'
2025-06-17 21:25:12,097 - WARNING - FixedBCRL_139991728798272 - Callback step failed: 'precisions'
2025-06-17 21:25:12,105 - WARNING - FixedBCRL_139991728798272 - Callback step failed: 'precisions'
2025-06-17 21:25:12,114 - WARNING - FixedBCRL_139991728798272 - Callback step failed: 'precisions'
2025-06-17 21:25:12,120 - WARNING - FixedBCRL_139991728798272 - Callback step failed: 'precisions'
2025-06-17 21:25:12,134 - WARNING - FixedBCRL_139991728798272 - Callback step failed: 'precisions'
2025-06-17 21:25:12,170 - WARNING - FixedBCRL_139991728798272 - Callback step failed: 'precisions'
2025-06-17 21:25:12,258 - WARNING - FixedBCRL_139991728798272 - Callback step failed: 'precisions'
2025-06-17 21:25:12,265 - WARNING - FixedBCRL_139991728798272 - Callback step failed: 'precisions'
2025-06-17 21:25:12,270 - WARNING - FixedBCRL_139991728798272 - Callback step failed: 'precisions'
2025-06-17 21:25:12,272 - WARNING - FixedBCRL_139991728798272 - Callback step failed: 'precisions'
2025-06-17 21:25:12,274 - WARNING - FixedBCRL_139991728798272 - Callback step failed: 'precisions'
2025-06-17 21:25:12,278 - WARNING - FixedBCRL_139991728798272 - Callback step failed: 'precisions'
2025-06-17 21:25:12,282 - WARNING - FixedBCRL_139991728798272 - Callback step failed: 'precisions'
2025-06-17 21:25:12,286 - WARNING - FixedBCRL_139991728798272 - Callback step failed: 'precisions'
2025-06-17 21:25:12,289 - WARNING - FixedBCRL_139991728798272 - Callback step failed: 'precisions'
2025-06-17 21:25:12,292 - WARNING - FixedBCRL_139991728798272 - Callback step failed: 'precisions'
2025-06-17 21:25:12,294 - WARNING - FixedBCRL_139991728798272 - Callback step failed: 'precisions'
2025-06-17 21:25:12,298 - WARNING - FixedBCRL_139991728798272 - Callback step failed: 'precisions'
2025-06-17 21:25:12,302 - WARNING - FixedBCRL_139991728798272 - Callback step failed: 'precisions'
2025-06-17 21:25:12,323 - WARNING - FixedBCRL_139991728798272 - Callback step failed: 'precisions'
2025-06-17 21:25:12,357 - WARNING - FixedBCRL_139991728798272 - Callback step failed: 'precisions'
2025-06-17 21:25:12,361 - WARNING - FixedBCRL_139991728798272 - Callback step failed: 'precisions'
2025-06-17 21:25:12,366 - WARNING - FixedBCRL_139991728798272 - Callback step failed: 'precisions'
2025-06-17 21:25:12,381 - WARNING - FixedBCRL_139991728798272 - Callback step failed: 'precisions'
2025-06-17 21:25:12,388 - WARNING - FixedBCRL_139991728798272 - Callback step failed: 'precisions'
2025-06-17 21:25:12,395 - WARNING - FixedBCRL_139991728798272 - Callback step failed: 'precisions'
2025-06-17 21:25:12,401 - WARNING - FixedBCRL_139991728798272 - Callback step failed: 'precisions'
2025-06-17 21:25:12,408 - WARNING - FixedBCRL_139991728798272 - Callback step failed: 'precisions'
2025-06-17 21:25:12,411 - WARNING - FixedBCRL_139991728798272 - Callback step failed: 'precisions'
2025-06-17 21:25:12,415 - WARNING - FixedBCRL_139991728798272 - Callback step failed: 'precisions'
2025-06-17 21:25:12,418 - WARNING - FixedBCRL_139991728798272 - Callback step failed: 'precisions'
2025-06-17 21:25:12,420 - WARNING - FixedBCRL_139991728798272 - Callback step failed: 'precisions'
2025-06-17 21:25:12,427 - WARNING - FixedBCRL_139991728798272 - Callback step failed: 'precisions'
2025-06-17 21:25:12,430 - WARNING - FixedBCRL_139991728798272 - Callback step failed: 'precisions'
2025-06-17 21:25:12,432 - WARNING - FixedBCRL_139991728798272 - Callback step failed: 'precisions'
2025-06-17 21:25:12,435 - WARNING - FixedBCRL_139991728798272 - Callback step failed: 'precisions'
2025-06-17 21:25:12,437 - WARNING - FixedBCRL_139991728798272 - Callback step failed: 'precisions'
2025-06-17 21:25:12,443 - WARNING - FixedBCRL_139991728798272 - Callback step failed: 'precisions'
2025-06-17 21:25:12,447 - WARNING - FixedBCRL_139991728798272 - Callback step failed: 'precisions'
2025-06-17 21:25:12,463 - WARNING - FixedBCRL_139991728798272 - Callback step failed: 'precisions'
2025-06-17 21:25:12,467 - WARNING - FixedBCRL_139991728798272 - Callback step failed: 'precisions'
2025-06-17 21:25:12,477 - WARNING - FixedBCRL_139991728798272 - Callback step failed: 'precisions'
2025-06-17 21:25:12,485 - WARNING - FixedBCRL_139991728798272 - Callback step failed: 'precisions'
2025-06-17 21:25:12,486 - WARNING - FixedBCRL_139991728798272 - Callback step failed: 'precisions'
2025-06-17 21:25:12,493 - WARNING - FixedBCRL_139991728798272 - Callback step failed: 'precisions'
2025-06-17 21:25:12,503 - WARNING - FixedBCRL_139991728798272 - Callback step failed: 'precisions'
2025-06-17 21:25:12,507 - WARNING - FixedBCRL_139991728798272 - Callback step failed: 'precisions'
2025-06-17 21:25:12,511 - WARNING - FixedBCRL_139991728798272 - Callback step failed: 'precisions'
2025-06-17 21:25:12,515 - WARNING - FixedBCRL_139991728798272 - Callback step failed: 'precisions'
2025-06-17 21:25:12,523 - WARNING - FixedBCRL_139991728798272 - Callback step failed: 'precisions'
2025-06-17 21:25:12,529 - WARNING - FixedBCRL_139991728798272 - Callback step failed: 'precisions'
2025-06-17 21:25:12,543 - WARNING - FixedBCRL_139991728798272 - Callback step failed: 'precisions'
2025-06-17 21:25:12,551 - WARNING - FixedBCRL_139991728798272 - Callback step failed: 'precisions'
2025-06-17 21:25:12,556 - WARNING - FixedBCRL_139991728798272 - Callback step failed: 'precisions'
2025-06-17 21:25:12,573 - WARNING - FixedBCRL_139991728798272 - Callback step failed: 'precisions'
2025-06-17 21:25:12,575 - WARNING - FixedBCRL_139991728798272 - Callback step failed: 'precisions'
2025-06-17 21:25:12,578 - WARNING - FixedBCRL_139991728798272 - Callback step failed: 'precisions'
2025-06-17 21:25:12,581 - WARNING - FixedBCRL_139991728798272 - Callback step failed: 'precisions'
2025-06-17 21:25:12,585 - WARNING - FixedBCRL_139991728798272 - Callback step failed: 'precisions'
2025-06-17 21:25:12,588 - WARNING - FixedBCRL_139991728798272 - Callback step failed: 'precisions'
2025-06-17 21:25:12,641 - WARNING - FixedBCRL_139991728798272 - Callback step failed: 'precisions'
2025-06-17 21:25:12,650 - WARNING - FixedBCRL_139991728798272 - Callback step failed: 'precisions'
2025-06-17 21:25:12,654 - WARNING - FixedBCRL_139991728798272 - Callback step failed: 'precisions'
2025-06-17 21:25:12,656 - WARNING - FixedBCRL_139991728798272 - Callback step failed: 'precisions'
2025-06-17 21:25:12,659 - WARNING - FixedBCRL_139991728798272 - Callback step failed: 'precisions'
2025-06-17 21:25:12,661 - WARNING - FixedBCRL_139991728798272 - Callback step failed: 'precisions'
2025-06-17 21:25:12,664 - WARNING - FixedBCRL_139991728798272 - Callback step failed: 'precisions'
2025-06-17 21:25:12,666 - WARNING - FixedBCRL_139991728798272 - Callback step failed: 'precisions'
2025-06-17 21:25:12,669 - WARNING - FixedBCRL_139991728798272 - Callback step failed: 'precisions'
2025-06-17 21:25:12,671 - WARNING - FixedBCRL_139991728798272 - Callback step failed: 'precisions'
2025-06-17 21:25:12,673 - WARNING - FixedBCRL_139991728798272 - Callback step failed: 'precisions'
2025-06-17 21:25:12,678 - WARNING - FixedBCRL_139991728798272 - Callback step failed: 'precisions'
2025-06-17 21:25:12,681 - WARNING - FixedBCRL_139991728798272 - Callback step failed: 'precisions'
2025-06-17 21:25:12,683 - WARNING - FixedBCRL_139991728798272 - Callback step failed: 'precisions'
2025-06-17 21:25:12,696 - WARNING - FixedBCRL_139991728798272 - Callback step failed: 'precisions'
2025-06-17 21:25:12,704 - WARNING - FixedBCRL_139991728798272 - Callback step failed: 'precisions'
2025-06-17 21:25:12,709 - WARNING - FixedBCRL_139991728798272 - Callback step failed: 'precisions'
2025-06-17 21:25:12,712 - WARNING - FixedBCRL_139991728798272 - Callback step failed: 'precisions'
2025-06-17 21:25:12,716 - WARNING - FixedBCRL_139991728798272 - Callback step failed: 'precisions'
2025-06-17 21:25:12,726 - WARNING - FixedBCRL_139991728798272 - Callback step failed: 'precisions'
2025-06-17 21:25:12,727 - WARNING - FixedBCRL_139991728798272 - Callback step failed: 'precisions'
2025-06-17 21:25:12,736 - WARNING - FixedBCRL_139991728798272 - Callback step failed: 'precisions'
2025-06-17 21:25:12,743 - WARNING - FixedBCRL_139991728798272 - Callback step failed: 'precisions'
2025-06-17 21:25:12,746 - WARNING - FixedBCRL_139991728798272 - Callback step failed: 'precisions'
2025-06-17 21:25:12,753 - WARNING - FixedBCRL_139991728798272 - Callback step failed: 'precisions'
2025-06-17 21:25:12,768 - WARNING - FixedBCRL_139991728798272 - Callback step failed: 'precisions'
2025-06-17 21:25:12,771 - WARNING - FixedBCRL_139991728798272 - Callback step failed: 'precisions'
2025-06-17 21:25:12,785 - WARNING - FixedBCRL_139991728798272 - Callback step failed: 'precisions'
2025-06-17 21:25:12,792 - WARNING - FixedBCRL_139991728798272 - Callback step failed: 'precisions'
2025-06-17 21:25:12,794 - WARNING - FixedBCRL_139991728798272 - Callback step failed: 'precisions'
2025-06-17 21:25:12,799 - WARNING - FixedBCRL_139991728798272 - Callback step failed: 'precisions'
2025-06-17 21:25:12,802 - WARNING - FixedBCRL_139991728798272 - Callback step failed: 'precisions'
2025-06-17 21:25:12,802 - WARNING - FixedBCRL_139991728798272 - Callback step failed: 'precisions'
2025-06-17 21:25:12,805 - WARNING - FixedBCRL_139991728798272 - Callback step failed: 'precisions'
2025-06-17 21:25:12,808 - WARNING - FixedBCRL_139991728798272 - Callback step failed: 'precisions'
2025-06-17 21:25:12,810 - WARNING - FixedBCRL_139991728798272 - Callback step failed: 'precisions'
2025-06-17 21:25:12,813 - WARNING - FixedBCRL_139991728798272 - Callback step failed: 'precisions'
2025-06-17 21:25:12,820 - WARNING - FixedBCRL_139991728798272 - Callback step failed: 'precisions'
2025-06-17 21:25:12,834 - WARNING - FixedBCRL_139991728798272 - Callback step failed: 'precisions'
2025-06-17 21:25:12,842 - WARNING - FixedBCRL_139991728798272 - Callback step failed: 'precisions'
2025-06-17 21:25:12,849 - WARNING - FixedBCRL_139991728798272 - Callback step failed: 'precisions'
2025-06-17 21:25:12,857 - WARNING - FixedBCRL_139991728798272 - Callback step failed: 'precisions'
2025-06-17 21:25:12,866 - WARNING - FixedBCRL_139991728798272 - Callback step failed: 'precisions'
2025-06-17 21:25:12,881 - WARNING - FixedBCRL_139991728798272 - Callback step failed: 'precisions'
2025-06-17 21:25:12,888 - WARNING - FixedBCRL_139991728798272 - Callback step failed: 'precisions'
2025-06-17 21:25:12,893 - WARNING - FixedBCRL_139991728798272 - Callback step failed: 'precisions'
2025-06-17 21:25:12,898 - WARNING - FixedBCRL_139991728798272 - Callback step failed: 'precisions'
2025-06-17 21:25:12,901 - WARNING - FixedBCRL_139991728798272 - Callback step failed: 'precisions'
2025-06-17 21:25:12,903 - WARNING - FixedBCRL_139991728798272 - Callback step failed: 'precisions'
2025-06-17 21:25:12,908 - WARNING - FixedBCRL_139991728798272 - Callback step failed: 'precisions'
2025-06-17 21:25:12,909 - WARNING - FixedBCRL_139991728798272 - Callback step failed: 'precisions'
2025-06-17 21:25:12,911 - WARNING - FixedBCRL_139991728798272 - Callback step failed: 'precisions'
2025-06-17 21:25:12,932 - INFO - FixedBCRL_139991728798272 - Evaluation - mAP: 0.2090, Episodes: 33
2025-06-17 21:25:12,942 - WARNING - FixedBCRL_139991728798272 - Callback step failed: 'precisions'
2025-06-17 21:25:12,946 - WARNING - FixedBCRL_139991728798272 - Callback step failed: 'precisions'
2025-06-17 21:25:12,952 - WARNING - FixedBCRL_139991728798272 - Callback step failed: 'precisions'
2025-06-17 21:25:12,957 - WARNING - FixedBCRL_139991728798272 - Callback step failed: 'precisions'
2025-06-17 21:25:12,959 - WARNING - FixedBCRL_139991728798272 - Callback step failed: 'precisions'
2025-06-17 21:25:12,962 - WARNING - FixedBCRL_139991728798272 - Callback step failed: 'precisions'
2025-06-17 21:25:13,051 - WARNING - FixedBCRL_139991728798272 - Callback step failed: 'precisions'
2025-06-17 21:25:13,066 - WARNING - FixedBCRL_139991728798272 - Callback step failed: 'precisions'
2025-06-17 21:25:13,070 - WARNING - FixedBCRL_139991728798272 - Callback step failed: 'precisions'
2025-06-17 21:25:13,090 - WARNING - FixedBCRL_139991728798272 - Callback step failed: 'precisions'
2025-06-17 21:25:13,096 - WARNING - FixedBCRL_139991728798272 - Callback step failed: 'precisions'
2025-06-17 21:25:13,098 - WARNING - FixedBCRL_139991728798272 - Callback step failed: 'precisions'
2025-06-17 21:25:13,101 - WARNING - FixedBCRL_139991728798272 - Callback step failed: 'precisions'
2025-06-17 21:25:13,106 - WARNING - FixedBCRL_139991728798272 - Callback step failed: 'precisions'
2025-06-17 21:25:13,108 - WARNING - FixedBCRL_139991728798272 - Callback step failed: 'precisions'
2025-06-17 21:25:13,111 - WARNING - FixedBCRL_139991728798272 - Callback step failed: 'precisions'
2025-06-17 21:25:13,119 - WARNING - FixedBCRL_139991728798272 - Callback step failed: 'precisions'
2025-06-17 21:25:13,121 - WARNING - FixedBCRL_139991728798272 - Callback step failed: 'precisions'
2025-06-17 21:25:13,123 - WARNING - FixedBCRL_139991728798272 - Callback step failed: 'precisions'
2025-06-17 21:25:13,127 - WARNING - FixedBCRL_139991728798272 - Callback step failed: 'precisions'
2025-06-17 21:25:13,131 - WARNING - FixedBCRL_139991728798272 - Callback step failed: 'precisions'
2025-06-17 21:25:13,134 - WARNING - FixedBCRL_139991728798272 - Callback step failed: 'precisions'
2025-06-17 21:25:13,135 - WARNING - FixedBCRL_139991728798272 - Callback step failed: 'precisions'
2025-06-17 21:25:13,141 - WARNING - FixedBCRL_139991728798272 - Callback step failed: 'precisions'
2025-06-17 21:25:13,161 - WARNING - FixedBCRL_139991728798272 - Callback step failed: 'precisions'
2025-06-17 21:25:13,165 - WARNING - FixedBCRL_139991728798272 - Callback step failed: 'precisions'
2025-06-17 21:25:13,169 - WARNING - FixedBCRL_139991728798272 - Callback step failed: 'precisions'
2025-06-17 21:25:13,173 - WARNING - FixedBCRL_139991728798272 - Callback step failed: 'precisions'
2025-06-17 21:25:13,177 - WARNING - FixedBCRL_139991728798272 - Callback step failed: 'precisions'
2025-06-17 21:25:13,189 - WARNING - FixedBCRL_139991728798272 - Callback step failed: 'precisions'
2025-06-17 21:25:13,195 - WARNING - FixedBCRL_139991728798272 - Callback step failed: 'precisions'
2025-06-17 21:25:13,199 - WARNING - FixedBCRL_139991728798272 - Callback step failed: 'precisions'
2025-06-17 21:25:13,207 - WARNING - FixedBCRL_139991728798272 - Callback step failed: 'precisions'
2025-06-17 21:25:13,211 - WARNING - FixedBCRL_139991728798272 - Callback step failed: 'precisions'
2025-06-17 21:25:13,219 - WARNING - FixedBCRL_139991728798272 - Callback step failed: 'precisions'
2025-06-17 21:25:13,224 - WARNING - FixedBCRL_139991728798272 - Callback step failed: 'precisions'
2025-06-17 21:25:13,267 - WARNING - FixedBCRL_139991728798272 - Callback step failed: 'precisions'
2025-06-17 21:25:13,275 - WARNING - FixedBCRL_139991728798272 - Callback step failed: 'precisions'
2025-06-17 21:25:13,279 - WARNING - FixedBCRL_139991728798272 - Callback step failed: 'precisions'
2025-06-17 21:25:13,296 - WARNING - FixedBCRL_139991728798272 - Callback step failed: 'precisions'
2025-06-17 21:25:13,304 - WARNING - FixedBCRL_139991728798272 - Callback step failed: 'precisions'
2025-06-17 21:25:13,308 - WARNING - FixedBCRL_139991728798272 - Callback step failed: 'precisions'
2025-06-17 21:25:13,313 - WARNING - FixedBCRL_139991728798272 - Callback step failed: 'precisions'
2025-06-17 21:25:13,317 - WARNING - FixedBCRL_139991728798272 - Callback step failed: 'precisions'
2025-06-17 21:25:13,322 - WARNING - FixedBCRL_139991728798272 - Callback step failed: 'precisions'
2025-06-17 21:25:13,326 - WARNING - FixedBCRL_139991728798272 - Callback step failed: 'precisions'
2025-06-17 21:25:13,330 - WARNING - FixedBCRL_139991728798272 - Callback step failed: 'precisions'
2025-06-17 21:25:13,338 - WARNING - FixedBCRL_139991728798272 - Callback step failed: 'precisions'
2025-06-17 21:25:13,350 - WARNING - FixedBCRL_139991728798272 - Callback step failed: 'precisions'
2025-06-17 21:25:13,375 - WARNING - FixedBCRL_139991728798272 - Callback step failed: 'precisions'
2025-06-17 21:25:13,376 - WARNING - FixedBCRL_139991728798272 - Callback step failed: 'precisions'
2025-06-17 21:25:13,384 - WARNING - FixedBCRL_139991728798272 - Callback step failed: 'precisions'
2025-06-17 21:25:13,389 - WARNING - FixedBCRL_139991728798272 - Callback step failed: 'precisions'
2025-06-17 21:25:13,393 - WARNING - FixedBCRL_139991728798272 - Callback step failed: 'precisions'
2025-06-17 21:25:13,397 - WARNING - FixedBCRL_139991728798272 - Callback step failed: 'precisions'
2025-06-17 21:25:13,401 - WARNING - FixedBCRL_139991728798272 - Callback step failed: 'precisions'
2025-06-17 21:25:13,405 - WARNING - FixedBCRL_139991728798272 - Callback step failed: 'precisions'
2025-06-17 21:25:13,409 - WARNING - FixedBCRL_139991728798272 - Callback step failed: 'precisions'
2025-06-17 21:25:13,422 - WARNING - FixedBCRL_139991728798272 - Callback step failed: 'precisions'
2025-06-17 21:25:13,433 - WARNING - FixedBCRL_139991728798272 - Callback step failed: 'precisions'
2025-06-17 21:25:13,444 - WARNING - FixedBCRL_139991728798272 - Callback step failed: 'precisions'
2025-06-17 21:25:13,448 - WARNING - FixedBCRL_139991728798272 - Callback step failed: 'precisions'
2025-06-17 21:25:13,457 - WARNING - FixedBCRL_139991728798272 - Callback step failed: 'precisions'
2025-06-17 21:25:13,461 - WARNING - FixedBCRL_139991728798272 - Callback step failed: 'precisions'
2025-06-17 21:25:13,473 - WARNING - FixedBCRL_139991728798272 - Callback step failed: 'precisions'
2025-06-17 21:25:13,477 - WARNING - FixedBCRL_139991728798272 - Callback step failed: 'precisions'
2025-06-17 21:25:13,485 - WARNING - FixedBCRL_139991728798272 - Callback step failed: 'precisions'
2025-06-17 21:25:13,507 - WARNING - FixedBCRL_139991728798272 - Callback step failed: 'precisions'
2025-06-17 21:25:13,519 - WARNING - FixedBCRL_139991728798272 - Callback step failed: 'precisions'
2025-06-17 21:25:13,535 - WARNING - FixedBCRL_139991728798272 - Callback step failed: 'precisions'
2025-06-17 21:25:13,641 - WARNING - FixedBCRL_139991728798272 - Callback step failed: 'precisions'
2025-06-17 21:25:13,649 - WARNING - FixedBCRL_139991728798272 - Callback step failed: 'precisions'
2025-06-17 21:25:13,654 - WARNING - FixedBCRL_139991728798272 - Callback step failed: 'precisions'
2025-06-17 21:25:13,658 - WARNING - FixedBCRL_139991728798272 - Callback step failed: 'precisions'
2025-06-17 21:25:13,662 - WARNING - FixedBCRL_139991728798272 - Callback step failed: 'precisions'
2025-06-17 21:25:13,666 - WARNING - FixedBCRL_139991728798272 - Callback step failed: 'precisions'
2025-06-17 21:25:13,692 - WARNING - FixedBCRL_139991728798272 - Callback step failed: 'precisions'
2025-06-17 21:25:13,700 - WARNING - FixedBCRL_139991728798272 - Callback step failed: 'precisions'
2025-06-17 21:25:13,704 - WARNING - FixedBCRL_139991728798272 - Callback step failed: 'precisions'
2025-06-17 21:25:13,709 - WARNING - FixedBCRL_139991728798272 - Callback step failed: 'precisions'
2025-06-17 21:25:13,718 - WARNING - FixedBCRL_139991728798272 - Callback step failed: 'precisions'
2025-06-17 21:25:13,725 - WARNING - FixedBCRL_139991728798272 - Callback step failed: 'precisions'
2025-06-17 21:25:13,728 - WARNING - FixedBCRL_139991728798272 - Callback step failed: 'precisions'
2025-06-17 21:25:13,730 - WARNING - FixedBCRL_139991728798272 - Callback step failed: 'precisions'
2025-06-17 21:25:13,740 - WARNING - FixedBCRL_139991728798272 - Callback step failed: 'precisions'
2025-06-17 21:25:13,742 - WARNING - FixedBCRL_139991728798272 - Callback step failed: 'precisions'
2025-06-17 21:25:13,750 - WARNING - FixedBCRL_139991728798272 - Callback step failed: 'precisions'
2025-06-17 21:25:13,754 - WARNING - FixedBCRL_139991728798272 - Callback step failed: 'precisions'
2025-06-17 21:25:13,763 - WARNING - FixedBCRL_139991728798272 - Callback step failed: 'precisions'
2025-06-17 21:25:13,767 - WARNING - FixedBCRL_139991728798272 - Callback step failed: 'precisions'
2025-06-17 21:25:13,776 - WARNING - FixedBCRL_139991728798272 - Callback step failed: 'precisions'
2025-06-17 21:25:13,785 - WARNING - FixedBCRL_139991728798272 - Callback step failed: 'precisions'
2025-06-17 21:25:13,789 - WARNING - FixedBCRL_139991728798272 - Callback step failed: 'precisions'
2025-06-17 21:25:13,793 - WARNING - FixedBCRL_139991728798272 - Callback step failed: 'precisions'
2025-06-17 21:25:13,834 - WARNING - FixedBCRL_139991728798272 - Callback step failed: 'precisions'
2025-06-17 21:25:13,837 - WARNING - FixedBCRL_139991728798272 - Callback step failed: 'precisions'
2025-06-17 21:25:13,841 - WARNING - FixedBCRL_139991728798272 - Callback step failed: 'precisions'
2025-06-17 21:25:13,846 - WARNING - FixedBCRL_139991728798272 - Callback step failed: 'precisions'
2025-06-17 21:25:13,850 - WARNING - FixedBCRL_139991728798272 - Callback step failed: 'precisions'
2025-06-17 21:25:13,855 - WARNING - FixedBCRL_139991728798272 - Callback step failed: 'precisions'
2025-06-17 21:25:13,860 - WARNING - FixedBCRL_139991728798272 - Callback step failed: 'precisions'
2025-06-17 21:25:13,874 - WARNING - FixedBCRL_139991728798272 - Callback step failed: 'precisions'
2025-06-17 21:25:13,878 - WARNING - FixedBCRL_139991728798272 - Callback step failed: 'precisions'
2025-06-17 21:25:13,883 - WARNING - FixedBCRL_139991728798272 - Callback step failed: 'precisions'
2025-06-17 21:25:13,891 - WARNING - FixedBCRL_139991728798272 - Callback step failed: 'precisions'
2025-06-17 21:25:13,900 - WARNING - FixedBCRL_139991728798272 - Callback step failed: 'precisions'
2025-06-17 21:25:13,912 - WARNING - FixedBCRL_139991728798272 - Callback step failed: 'precisions'
2025-06-17 21:25:13,916 - WARNING - FixedBCRL_139991728798272 - Callback step failed: 'precisions'
2025-06-17 21:25:13,981 - WARNING - FixedBCRL_139991728798272 - Callback step failed: 'precisions'
2025-06-17 21:25:13,989 - WARNING - FixedBCRL_139991728798272 - Callback step failed: 'precisions'
2025-06-17 21:25:13,997 - WARNING - FixedBCRL_139991728798272 - Callback step failed: 'precisions'
2025-06-17 21:25:14,002 - WARNING - FixedBCRL_139991728798272 - Callback step failed: 'precisions'
2025-06-17 21:25:14,006 - WARNING - FixedBCRL_139991728798272 - Callback step failed: 'precisions'
2025-06-17 21:25:14,018 - WARNING - FixedBCRL_139991728798272 - Callback step failed: 'precisions'
2025-06-17 21:25:14,023 - WARNING - FixedBCRL_139991728798272 - Callback step failed: 'precisions'
2025-06-17 21:25:14,027 - WARNING - FixedBCRL_139991728798272 - Callback step failed: 'precisions'
2025-06-17 21:25:14,032 - WARNING - FixedBCRL_139991728798272 - Callback step failed: 'precisions'
2025-06-17 21:25:14,038 - WARNING - FixedBCRL_139991728798272 - Callback step failed: 'precisions'
2025-06-17 21:25:14,058 - WARNING - FixedBCRL_139991728798272 - Callback step failed: 'precisions'
2025-06-17 21:25:14,066 - WARNING - FixedBCRL_139991728798272 - Callback step failed: 'precisions'
2025-06-17 21:25:14,071 - WARNING - FixedBCRL_139991728798272 - Callback step failed: 'precisions'
2025-06-17 21:25:14,083 - WARNING - FixedBCRL_139991728798272 - Callback step failed: 'precisions'
2025-06-17 21:25:14,101 - WARNING - FixedBCRL_139991728798272 - Callback step failed: 'precisions'
2025-06-17 21:25:14,105 - WARNING - FixedBCRL_139991728798272 - Callback step failed: 'precisions'
2025-06-17 21:25:14,109 - WARNING - FixedBCRL_139991728798272 - Callback step failed: 'precisions'
2025-06-17 21:25:14,114 - WARNING - FixedBCRL_139991728798272 - Callback step failed: 'precisions'
2025-06-17 21:25:14,181 - WARNING - FixedBCRL_139991728798272 - Callback step failed: 'precisions'
2025-06-17 21:25:14,198 - WARNING - FixedBCRL_139991728798272 - Callback step failed: 'precisions'
2025-06-17 21:25:14,202 - WARNING - FixedBCRL_139991728798272 - Callback step failed: 'precisions'
2025-06-17 21:25:14,210 - WARNING - FixedBCRL_139991728798272 - Callback step failed: 'precisions'
2025-06-17 21:25:14,218 - WARNING - FixedBCRL_139991728798272 - Callback step failed: 'precisions'
2025-06-17 21:25:14,224 - WARNING - FixedBCRL_139991728798272 - Callback step failed: 'precisions'
2025-06-17 21:25:14,228 - WARNING - FixedBCRL_139991728798272 - Callback step failed: 'precisions'
2025-06-17 21:25:14,232 - WARNING - FixedBCRL_139991728798272 - Callback step failed: 'precisions'
2025-06-17 21:25:14,245 - WARNING - FixedBCRL_139991728798272 - Callback step failed: 'precisions'
2025-06-17 21:25:14,253 - WARNING - FixedBCRL_139991728798272 - Callback step failed: 'precisions'
2025-06-17 21:25:14,259 - WARNING - FixedBCRL_139991728798272 - Callback step failed: 'precisions'
2025-06-17 21:25:14,283 - WARNING - FixedBCRL_139991728798272 - Callback step failed: 'precisions'
2025-06-17 21:25:14,285 - WARNING - FixedBCRL_139991728798272 - Callback step failed: 'precisions'
2025-06-17 21:25:14,287 - WARNING - FixedBCRL_139991728798272 - Callback step failed: 'precisions'
2025-06-17 21:25:14,294 - WARNING - FixedBCRL_139991728798272 - Callback step failed: 'precisions'
2025-06-17 21:25:14,302 - WARNING - FixedBCRL_139991728798272 - Callback step failed: 'precisions'
2025-06-17 21:25:14,304 - WARNING - FixedBCRL_139991728798272 - Callback step failed: 'precisions'
2025-06-17 21:25:14,309 - WARNING - FixedBCRL_139991728798272 - Callback step failed: 'precisions'
2025-06-17 21:25:14,311 - WARNING - FixedBCRL_139991728798272 - Callback step failed: 'precisions'
2025-06-17 21:25:14,314 - WARNING - FixedBCRL_139991728798272 - Callback step failed: 'precisions'
2025-06-17 21:25:14,317 - WARNING - FixedBCRL_139991728798272 - Callback step failed: 'precisions'
2025-06-17 21:25:14,322 - WARNING - FixedBCRL_139991728798272 - Callback step failed: 'precisions'
2025-06-17 21:25:14,327 - WARNING - FixedBCRL_139991728798272 - Callback step failed: 'precisions'
2025-06-17 21:25:14,329 - WARNING - FixedBCRL_139991728798272 - Callback step failed: 'precisions'
2025-06-17 21:25:14,332 - WARNING - FixedBCRL_139991728798272 - Callback step failed: 'precisions'
2025-06-17 21:25:14,337 - WARNING - FixedBCRL_139991728798272 - Callback step failed: 'precisions'
2025-06-17 21:25:14,339 - WARNING - FixedBCRL_139991728798272 - Callback step failed: 'precisions'
2025-06-17 21:25:14,342 - WARNING - FixedBCRL_139991728798272 - Callback step failed: 'precisions'
2025-06-17 21:25:14,348 - WARNING - FixedBCRL_139991728798272 - Callback step failed: 'precisions'
2025-06-17 21:25:14,351 - WARNING - FixedBCRL_139991728798272 - Callback step failed: 'precisions'
2025-06-17 21:25:14,351 - WARNING - FixedBCRL_139991728798272 - Callback step failed: 'precisions'
2025-06-17 21:25:14,376 - WARNING - FixedBCRL_139991728798272 - Callback step failed: 'precisions'
2025-06-17 21:25:14,392 - WARNING - FixedBCRL_139991728798272 - Callback step failed: 'precisions'
2025-06-17 21:25:14,397 - WARNING - FixedBCRL_139991728798272 - Callback step failed: 'precisions'
2025-06-17 21:25:14,402 - WARNING - FixedBCRL_139991728798272 - Callback step failed: 'precisions'
2025-06-17 21:25:14,414 - WARNING - FixedBCRL_139991728798272 - Callback step failed: 'precisions'
2025-06-17 21:25:14,421 - WARNING - FixedBCRL_139991728798272 - Callback step failed: 'precisions'
2025-06-17 21:25:14,433 - WARNING - FixedBCRL_139991728798272 - Callback step failed: 'precisions'
2025-06-17 21:25:14,441 - WARNING - FixedBCRL_139991728798272 - Callback step failed: 'precisions'
2025-06-17 21:25:14,451 - WARNING - FixedBCRL_139991728798272 - Callback step failed: 'precisions'
2025-06-17 21:25:14,481 - WARNING - FixedBCRL_139991728798272 - Callback step failed: 'precisions'
2025-06-17 21:25:14,497 - WARNING - FixedBCRL_139991728798272 - Callback step failed: 'precisions'
2025-06-17 21:25:14,517 - WARNING - FixedBCRL_139991728798272 - Callback step failed: 'precisions'
2025-06-17 21:25:14,521 - WARNING - FixedBCRL_139991728798272 - Callback step failed: 'precisions'
2025-06-17 21:25:14,529 - WARNING - FixedBCRL_139991728798272 - Callback step failed: 'precisions'
2025-06-17 21:25:14,537 - WARNING - FixedBCRL_139991728798272 - Callback step failed: 'precisions'
2025-06-17 21:25:14,542 - WARNING - FixedBCRL_139991728798272 - Callback step failed: 'precisions'
2025-06-17 21:25:14,546 - WARNING - FixedBCRL_139991728798272 - Callback step failed: 'precisions'
2025-06-17 21:25:14,554 - WARNING - FixedBCRL_139991728798272 - Callback step failed: 'precisions'
2025-06-17 21:25:14,559 - WARNING - FixedBCRL_139991728798272 - Callback step failed: 'precisions'
2025-06-17 21:25:14,565 - WARNING - FixedBCRL_139991728798272 - Callback step failed: 'precisions'
2025-06-17 21:25:14,569 - WARNING - FixedBCRL_139991728798272 - Callback step failed: 'precisions'
2025-06-17 21:25:14,573 - WARNING - FixedBCRL_139991728798272 - Callback step failed: 'precisions'
2025-06-17 21:25:14,574 - WARNING - FixedBCRL_139991728798272 - Callback step failed: 'precisions'
2025-06-17 21:25:14,583 - WARNING - FixedBCRL_139991728798272 - Callback step failed: 'precisions'
2025-06-17 21:25:14,587 - WARNING - FixedBCRL_139991728798272 - Callback step failed: 'precisions'
2025-06-17 21:25:14,596 - WARNING - FixedBCRL_139991728798272 - Callback step failed: 'precisions'
2025-06-17 21:25:14,600 - WARNING - FixedBCRL_139991728798272 - Callback step failed: 'precisions'
2025-06-17 21:25:14,608 - WARNING - FixedBCRL_139991728798272 - Callback step failed: 'precisions'
2025-06-17 21:25:14,620 - WARNING - FixedBCRL_139991728798272 - Callback step failed: 'precisions'
2025-06-17 21:25:14,710 - WARNING - FixedBCRL_139991728798272 - Callback step failed: 'precisions'
2025-06-17 21:25:14,720 - WARNING - FixedBCRL_139991728798272 - Callback step failed: 'precisions'
2025-06-17 21:25:14,729 - WARNING - FixedBCRL_139991728798272 - Callback step failed: 'precisions'
2025-06-17 21:25:14,733 - WARNING - FixedBCRL_139991728798272 - Callback step failed: 'precisions'
2025-06-17 21:25:14,737 - WARNING - FixedBCRL_139991728798272 - Callback step failed: 'precisions'
2025-06-17 21:25:14,741 - WARNING - FixedBCRL_139991728798272 - Callback step failed: 'precisions'
2025-06-17 21:25:14,749 - WARNING - FixedBCRL_139991728798272 - Callback step failed: 'precisions'
2025-06-17 21:25:14,752 - WARNING - FixedBCRL_139991728798272 - Callback step failed: 'precisions'
2025-06-17 21:25:14,754 - WARNING - FixedBCRL_139991728798272 - Callback step failed: 'precisions'
2025-06-17 21:25:14,758 - WARNING - FixedBCRL_139991728798272 - Callback step failed: 'precisions'
2025-06-17 21:25:14,762 - WARNING - FixedBCRL_139991728798272 - Callback step failed: 'precisions'
2025-06-17 21:25:14,767 - WARNING - FixedBCRL_139991728798272 - Callback step failed: 'precisions'
2025-06-17 21:25:14,793 - WARNING - FixedBCRL_139991728798272 - Callback step failed: 'precisions'
2025-06-17 21:25:14,828 - WARNING - FixedBCRL_139991728798272 - Callback step failed: 'precisions'
2025-06-17 21:25:14,831 - WARNING - FixedBCRL_139991728798272 - Callback step failed: 'precisions'
2025-06-17 21:25:14,833 - WARNING - FixedBCRL_139991728798272 - Callback step failed: 'precisions'
2025-06-17 21:25:14,838 - WARNING - FixedBCRL_139991728798272 - Callback step failed: 'precisions'
2025-06-17 21:25:14,840 - WARNING - FixedBCRL_139991728798272 - Callback step failed: 'precisions'
2025-06-17 21:25:14,842 - WARNING - FixedBCRL_139991728798272 - Callback step failed: 'precisions'
2025-06-17 21:25:14,851 - WARNING - FixedBCRL_139991728798272 - Callback step failed: 'precisions'
2025-06-17 21:25:14,868 - WARNING - FixedBCRL_139991728798272 - Callback step failed: 'precisions'
2025-06-17 21:25:14,880 - WARNING - FixedBCRL_139991728798272 - Callback step failed: 'precisions'
2025-06-17 21:25:14,884 - WARNING - FixedBCRL_139991728798272 - Callback step failed: 'precisions'
2025-06-17 21:25:14,888 - WARNING - FixedBCRL_139991728798272 - Callback step failed: 'precisions'
2025-06-17 21:25:14,892 - WARNING - FixedBCRL_139991728798272 - Callback step failed: 'precisions'
2025-06-17 21:25:14,897 - WARNING - FixedBCRL_139991728798272 - Callback step failed: 'precisions'
2025-06-17 21:25:14,913 - WARNING - FixedBCRL_139991728798272 - Callback step failed: 'precisions'
2025-06-17 21:25:14,935 - WARNING - FixedBCRL_139991728798272 - Callback step failed: 'precisions'
2025-06-17 21:25:14,943 - WARNING - FixedBCRL_139991728798272 - Callback step failed: 'precisions'
2025-06-17 21:25:14,947 - WARNING - FixedBCRL_139991728798272 - Callback step failed: 'precisions'
2025-06-17 21:25:14,955 - WARNING - FixedBCRL_139991728798272 - Callback step failed: 'precisions'
2025-06-17 21:25:14,959 - WARNING - FixedBCRL_139991728798272 - Callback step failed: 'precisions'
2025-06-17 21:25:14,964 - WARNING - FixedBCRL_139991728798272 - Callback step failed: 'precisions'
2025-06-17 21:25:14,972 - WARNING - FixedBCRL_139991728798272 - Callback step failed: 'precisions'
2025-06-17 21:25:14,983 - WARNING - FixedBCRL_139991728798272 - Callback step failed: 'precisions'
2025-06-17 21:25:14,991 - WARNING - FixedBCRL_139991728798272 - Callback step failed: 'precisions'
2025-06-17 21:25:14,996 - WARNING - FixedBCRL_139991728798272 - Callback step failed: 'precisions'
2025-06-17 21:25:15,001 - WARNING - FixedBCRL_139991728798272 - Callback step failed: 'precisions'
2025-06-17 21:25:15,008 - WARNING - FixedBCRL_139991728798272 - Callback step failed: 'precisions'
2025-06-17 21:25:15,011 - WARNING - FixedBCRL_139991728798272 - Callback step failed: 'precisions'
2025-06-17 21:25:15,022 - WARNING - FixedBCRL_139991728798272 - Callback step failed: 'precisions'
2025-06-17 21:25:15,025 - WARNING - FixedBCRL_139991728798272 - Callback step failed: 'precisions'
2025-06-17 21:25:15,030 - WARNING - FixedBCRL_139991728798272 - Callback step failed: 'precisions'
2025-06-17 21:25:15,064 - WARNING - FixedBCRL_139991728798272 - Callback step failed: 'precisions'
2025-06-17 21:25:15,068 - WARNING - FixedBCRL_139991728798272 - Callback step failed: 'precisions'
2025-06-17 21:25:15,072 - WARNING - FixedBCRL_139991728798272 - Callback step failed: 'precisions'
2025-06-17 21:25:15,078 - WARNING - FixedBCRL_139991728798272 - Callback step failed: 'precisions'
2025-06-17 21:25:15,081 - WARNING - FixedBCRL_139991728798272 - Callback step failed: 'precisions'
2025-06-17 21:25:15,084 - WARNING - FixedBCRL_139991728798272 - Callback step failed: 'precisions'
2025-06-17 21:25:15,087 - WARNING - FixedBCRL_139991728798272 - Callback step failed: 'precisions'
2025-06-17 21:25:15,092 - WARNING - FixedBCRL_139991728798272 - Callback step failed: 'precisions'
2025-06-17 21:25:15,094 - WARNING - FixedBCRL_139991728798272 - Callback step failed: 'precisions'
2025-06-17 21:25:15,097 - WARNING - FixedBCRL_139991728798272 - Callback step failed: 'precisions'
2025-06-17 21:25:15,104 - WARNING - FixedBCRL_139991728798272 - Callback step failed: 'precisions'
2025-06-17 21:25:15,108 - WARNING - FixedBCRL_139991728798272 - Callback step failed: 'precisions'
2025-06-17 21:25:15,119 - WARNING - FixedBCRL_139991728798272 - Callback step failed: 'precisions'
2025-06-17 21:25:15,122 - WARNING - FixedBCRL_139991728798272 - Callback step failed: 'precisions'
2025-06-17 21:25:15,174 - WARNING - FixedBCRL_139991728798272 - Callback step failed: 'precisions'
2025-06-17 21:25:15,192 - WARNING - FixedBCRL_139991728798272 - Callback step failed: 'precisions'
2025-06-17 21:25:15,197 - WARNING - FixedBCRL_139991728798272 - Callback step failed: 'precisions'
2025-06-17 21:25:15,208 - WARNING - FixedBCRL_139991728798272 - Callback step failed: 'precisions'
2025-06-17 21:25:15,212 - WARNING - FixedBCRL_139991728798272 - Callback step failed: 'precisions'
2025-06-17 21:25:15,216 - WARNING - FixedBCRL_139991728798272 - Callback step failed: 'precisions'
2025-06-17 21:25:15,218 - WARNING - FixedBCRL_139991728798272 - Callback step failed: 'precisions'
2025-06-17 21:25:15,221 - WARNING - FixedBCRL_139991728798272 - Callback step failed: 'precisions'
2025-06-17 21:25:15,237 - WARNING - FixedBCRL_139991728798272 - Callback step failed: 'precisions'
2025-06-17 21:25:15,247 - WARNING - FixedBCRL_139991728798272 - Callback step failed: 'precisions'
2025-06-17 21:25:15,256 - WARNING - FixedBCRL_139991728798272 - Callback step failed: 'precisions'
2025-06-17 21:25:15,261 - WARNING - FixedBCRL_139991728798272 - Callback step failed: 'precisions'
2025-06-17 21:25:15,264 - WARNING - FixedBCRL_139991728798272 - Callback step failed: 'precisions'
2025-06-17 21:25:15,311 - WARNING - FixedBCRL_139991728798272 - Callback step failed: 'precisions'
2025-06-17 21:25:15,314 - WARNING - FixedBCRL_139991728798272 - Callback step failed: 'precisions'
2025-06-17 21:25:15,324 - WARNING - FixedBCRL_139991728798272 - Callback step failed: 'precisions'
2025-06-17 21:25:15,335 - WARNING - FixedBCRL_139991728798272 - Callback step failed: 'precisions'
2025-06-17 21:25:15,338 - WARNING - FixedBCRL_139991728798272 - Callback step failed: 'precisions'
2025-06-17 21:25:15,341 - WARNING - FixedBCRL_139991728798272 - Callback step failed: 'precisions'
2025-06-17 21:25:15,344 - WARNING - FixedBCRL_139991728798272 - Callback step failed: 'precisions'
2025-06-17 21:25:15,363 - WARNING - FixedBCRL_139991728798272 - Callback step failed: 'precisions'
2025-06-17 21:25:15,372 - WARNING - FixedBCRL_139991728798272 - Callback step failed: 'precisions'
2025-06-17 21:25:15,375 - WARNING - FixedBCRL_139991728798272 - Callback step failed: 'precisions'
2025-06-17 21:25:15,378 - WARNING - FixedBCRL_139991728798272 - Callback step failed: 'precisions'
2025-06-17 21:25:15,380 - WARNING - FixedBCRL_139991728798272 - Callback step failed: 'precisions'
2025-06-17 21:25:15,397 - WARNING - FixedBCRL_139991728798272 - Callback step failed: 'precisions'
2025-06-17 21:25:15,409 - WARNING - FixedBCRL_139991728798272 - Callback step failed: 'precisions'
2025-06-17 21:25:15,413 - WARNING - FixedBCRL_139991728798272 - Callback step failed: 'precisions'
2025-06-17 21:25:15,420 - WARNING - FixedBCRL_139991728798272 - Callback step failed: 'precisions'
2025-06-17 21:25:15,422 - WARNING - FixedBCRL_139991728798272 - Callback step failed: 'precisions'
2025-06-17 21:25:15,425 - WARNING - FixedBCRL_139991728798272 - Callback step failed: 'precisions'
2025-06-17 21:25:15,441 - WARNING - FixedBCRL_139991728798272 - Callback step failed: 'precisions'
2025-06-17 21:25:15,446 - WARNING - FixedBCRL_139991728798272 - Callback step failed: 'precisions'
2025-06-17 21:25:15,447 - WARNING - FixedBCRL_139991728798272 - Callback step failed: 'precisions'
2025-06-17 21:25:15,450 - WARNING - FixedBCRL_139991728798272 - Callback step failed: 'precisions'
2025-06-17 21:25:15,462 - WARNING - FixedBCRL_139991728798272 - Callback step failed: 'precisions'
2025-06-17 21:25:15,465 - WARNING - FixedBCRL_139991728798272 - Callback step failed: 'precisions'
2025-06-17 21:25:15,467 - WARNING - FixedBCRL_139991728798272 - Callback step failed: 'precisions'
2025-06-17 21:25:15,470 - WARNING - FixedBCRL_139991728798272 - Callback step failed: 'precisions'
2025-06-17 21:25:15,474 - WARNING - FixedBCRL_139991728798272 - Callback step failed: 'precisions'
2025-06-17 21:25:15,526 - WARNING - FixedBCRL_139991728798272 - Callback step failed: 'precisions'
2025-06-17 21:25:15,529 - WARNING - FixedBCRL_139991728798272 - Callback step failed: 'precisions'
2025-06-17 21:25:15,549 - WARNING - FixedBCRL_139991728798272 - Callback step failed: 'precisions'
2025-06-17 21:25:15,551 - WARNING - FixedBCRL_139991728798272 - Callback step failed: 'precisions'
2025-06-17 21:25:15,554 - WARNING - FixedBCRL_139991728798272 - Callback step failed: 'precisions'
2025-06-17 21:25:15,558 - WARNING - FixedBCRL_139991728798272 - Callback step failed: 'precisions'
2025-06-17 21:25:15,565 - WARNING - FixedBCRL_139991728798272 - Callback step failed: 'precisions'
2025-06-17 21:25:15,574 - WARNING - FixedBCRL_139991728798272 - Callback step failed: 'precisions'
2025-06-17 21:25:15,579 - WARNING - FixedBCRL_139991728798272 - Callback step failed: 'precisions'
2025-06-17 21:25:15,584 - WARNING - FixedBCRL_139991728798272 - Callback step failed: 'precisions'
2025-06-17 21:25:15,588 - WARNING - FixedBCRL_139991728798272 - Callback step failed: 'precisions'
2025-06-17 21:25:15,596 - WARNING - FixedBCRL_139991728798272 - Callback step failed: 'precisions'
2025-06-17 21:25:15,598 - WARNING - FixedBCRL_139991728798272 - Callback step failed: 'precisions'
2025-06-17 21:25:15,601 - WARNING - FixedBCRL_139991728798272 - Callback step failed: 'precisions'
2025-06-17 21:25:15,602 - WARNING - FixedBCRL_139991728798272 - Callback step failed: 'precisions'
2025-06-17 21:25:15,611 - WARNING - FixedBCRL_139991728798272 - Callback step failed: 'precisions'
2025-06-17 21:25:15,616 - WARNING - FixedBCRL_139991728798272 - Callback step failed: 'precisions'
2025-06-17 21:25:15,628 - WARNING - FixedBCRL_139991728798272 - Callback step failed: 'precisions'
2025-06-17 21:25:15,631 - WARNING - FixedBCRL_139991728798272 - Callback step failed: 'precisions'
2025-06-17 21:25:15,633 - WARNING - FixedBCRL_139991728798272 - Callback step failed: 'precisions'
2025-06-17 21:25:15,649 - WARNING - FixedBCRL_139991728798272 - Callback step failed: 'precisions'
2025-06-17 21:25:15,654 - WARNING - FixedBCRL_139991728798272 - Callback step failed: 'precisions'
2025-06-17 21:25:15,656 - WARNING - FixedBCRL_139991728798272 - Callback step failed: 'precisions'
2025-06-17 21:25:15,661 - WARNING - FixedBCRL_139991728798272 - Callback step failed: 'precisions'
2025-06-17 21:25:15,670 - WARNING - FixedBCRL_139991728798272 - Callback step failed: 'precisions'
2025-06-17 21:25:15,673 - WARNING - FixedBCRL_139991728798272 - Callback step failed: 'precisions'
2025-06-17 21:25:15,674 - WARNING - FixedBCRL_139991728798272 - Callback step failed: 'precisions'
2025-06-17 21:25:15,677 - WARNING - FixedBCRL_139991728798272 - Callback step failed: 'precisions'
2025-06-17 21:25:15,679 - WARNING - FixedBCRL_139991728798272 - Callback step failed: 'precisions'
2025-06-17 21:25:15,681 - WARNING - FixedBCRL_139991728798272 - Callback step failed: 'precisions'
2025-06-17 21:25:15,684 - WARNING - FixedBCRL_139991728798272 - Callback step failed: 'precisions'
2025-06-17 21:25:15,692 - WARNING - FixedBCRL_139991728798272 - Callback step failed: 'precisions'
2025-06-17 21:25:15,696 - WARNING - FixedBCRL_139991728798272 - Callback step failed: 'precisions'
2025-06-17 21:25:15,709 - WARNING - FixedBCRL_139991728798272 - Callback step failed: 'precisions'
2025-06-17 21:25:15,713 - WARNING - FixedBCRL_139991728798272 - Callback step failed: 'precisions'
2025-06-17 21:25:15,722 - WARNING - FixedBCRL_139991728798272 - Callback step failed: 'precisions'
2025-06-17 21:25:15,735 - WARNING - FixedBCRL_139991728798272 - Callback step failed: 'precisions'
2025-06-17 21:25:15,737 - WARNING - FixedBCRL_139991728798272 - Callback step failed: 'precisions'
2025-06-17 21:25:15,744 - WARNING - FixedBCRL_139991728798272 - Callback step failed: 'precisions'
2025-06-17 21:25:15,752 - WARNING - FixedBCRL_139991728798272 - Callback step failed: 'precisions'
2025-06-17 21:25:15,754 - WARNING - FixedBCRL_139991728798272 - Callback step failed: 'precisions'
2025-06-17 21:25:15,763 - WARNING - FixedBCRL_139991728798272 - Callback step failed: 'precisions'
2025-06-17 21:25:15,765 - WARNING - FixedBCRL_139991728798272 - Callback step failed: 'precisions'
2025-06-17 21:25:15,768 - WARNING - FixedBCRL_139991728798272 - Callback step failed: 'precisions'
2025-06-17 21:25:15,771 - WARNING - FixedBCRL_139991728798272 - Callback step failed: 'precisions'
2025-06-17 21:25:15,773 - WARNING - FixedBCRL_139991728798272 - Callback step failed: 'precisions'
2025-06-17 21:25:15,776 - WARNING - FixedBCRL_139991728798272 - Callback step failed: 'precisions'
2025-06-17 21:25:15,778 - WARNING - FixedBCRL_139991728798272 - Callback step failed: 'precisions'
2025-06-17 21:25:15,785 - WARNING - FixedBCRL_139991728798272 - Callback step failed: 'precisions'
2025-06-17 21:25:15,788 - WARNING - FixedBCRL_139991728798272 - Callback step failed: 'precisions'
2025-06-17 21:25:15,792 - WARNING - FixedBCRL_139991728798272 - Callback step failed: 'precisions'
2025-06-17 21:25:15,795 - WARNING - FixedBCRL_139991728798272 - Callback step failed: 'precisions'
2025-06-17 21:25:15,801 - WARNING - FixedBCRL_139991728798272 - Callback step failed: 'precisions'
2025-06-17 21:25:15,806 - WARNING - FixedBCRL_139991728798272 - Callback step failed: 'precisions'
2025-06-17 21:25:15,809 - WARNING - FixedBCRL_139991728798272 - Callback step failed: 'precisions'
2025-06-17 21:25:15,818 - WARNING - FixedBCRL_139991728798272 - Callback step failed: 'precisions'
2025-06-17 21:25:15,830 - WARNING - FixedBCRL_139991728798272 - Callback step failed: 'precisions'
2025-06-17 21:25:15,833 - WARNING - FixedBCRL_139991728798272 - Callback step failed: 'precisions'
2025-06-17 21:25:15,837 - WARNING - FixedBCRL_139991728798272 - Callback step failed: 'precisions'
2025-06-17 21:25:15,840 - WARNING - FixedBCRL_139991728798272 - Callback step failed: 'precisions'
2025-06-17 21:25:15,843 - WARNING - FixedBCRL_139991728798272 - Callback step failed: 'precisions'
2025-06-17 21:25:15,850 - WARNING - FixedBCRL_139991728798272 - Callback step failed: 'precisions'
2025-06-17 21:25:15,917 - WARNING - FixedBCRL_139991728798272 - Callback step failed: 'precisions'
2025-06-17 21:25:15,920 - WARNING - FixedBCRL_139991728798272 - Callback step failed: 'precisions'
2025-06-17 21:25:15,922 - WARNING - FixedBCRL_139991728798272 - Callback step failed: 'precisions'
2025-06-17 21:25:15,925 - WARNING - FixedBCRL_139991728798272 - Callback step failed: 'precisions'
2025-06-17 21:25:15,931 - WARNING - FixedBCRL_139991728798272 - Callback step failed: 'precisions'
2025-06-17 21:25:15,936 - WARNING - FixedBCRL_139991728798272 - Callback step failed: 'precisions'
2025-06-17 21:25:15,942 - WARNING - FixedBCRL_139991728798272 - Callback step failed: 'precisions'
2025-06-17 21:25:15,945 - WARNING - FixedBCRL_139991728798272 - Callback step failed: 'precisions'
2025-06-17 21:25:15,946 - WARNING - FixedBCRL_139991728798272 - Callback step failed: 'precisions'
2025-06-17 21:25:15,963 - WARNING - FixedBCRL_139991728798272 - Callback step failed: 'precisions'
2025-06-17 21:25:15,970 - WARNING - FixedBCRL_139991728798272 - Callback step failed: 'precisions'
2025-06-17 21:25:15,993 - WARNING - FixedBCRL_139991728798272 - Callback step failed: 'precisions'
2025-06-17 21:25:15,995 - WARNING - FixedBCRL_139991728798272 - Callback step failed: 'precisions'
2025-06-17 21:25:16,026 - WARNING - FixedBCRL_139991728798272 - Callback step failed: 'precisions'
2025-06-17 21:25:16,040 - WARNING - FixedBCRL_139991728798272 - Callback step failed: 'precisions'
2025-06-17 21:25:16,042 - WARNING - FixedBCRL_139991728798272 - Callback step failed: 'precisions'
2025-06-17 21:25:16,049 - WARNING - FixedBCRL_139991728798272 - Callback step failed: 'precisions'
2025-06-17 21:25:16,056 - WARNING - FixedBCRL_139991728798272 - Callback step failed: 'precisions'
2025-06-17 21:25:16,074 - WARNING - FixedBCRL_139991728798272 - Callback step failed: 'precisions'
2025-06-17 21:25:16,077 - WARNING - FixedBCRL_139991728798272 - Callback step failed: 'precisions'
2025-06-17 21:25:16,086 - WARNING - FixedBCRL_139991728798272 - Callback step failed: 'precisions'
2025-06-17 21:25:16,106 - WARNING - FixedBCRL_139991728798272 - Callback step failed: 'precisions'
2025-06-17 21:25:16,121 - WARNING - FixedBCRL_139991728798272 - Callback step failed: 'precisions'
2025-06-17 21:25:16,123 - WARNING - FixedBCRL_139991728798272 - Callback step failed: 'precisions'
2025-06-17 21:25:16,126 - WARNING - FixedBCRL_139991728798272 - Callback step failed: 'precisions'
2025-06-17 21:25:16,133 - WARNING - FixedBCRL_139991728798272 - Callback step failed: 'precisions'
2025-06-17 21:25:16,135 - WARNING - FixedBCRL_139991728798272 - Callback step failed: 'precisions'
2025-06-17 21:25:16,146 - WARNING - FixedBCRL_139991728798272 - Callback step failed: 'precisions'
2025-06-17 21:25:16,154 - WARNING - FixedBCRL_139991728798272 - Callback step failed: 'precisions'
2025-06-17 21:25:16,156 - WARNING - FixedBCRL_139991728798272 - Callback step failed: 'precisions'
2025-06-17 21:25:16,171 - WARNING - FixedBCRL_139991728798272 - Callback step failed: 'precisions'
2025-06-17 21:25:16,235 - WARNING - FixedBCRL_139991728798272 - Callback step failed: 'precisions'
2025-06-17 21:25:16,239 - WARNING - FixedBCRL_139991728798272 - Callback step failed: 'precisions'
2025-06-17 21:25:16,243 - WARNING - FixedBCRL_139991728798272 - Callback step failed: 'precisions'
2025-06-17 21:25:16,247 - WARNING - FixedBCRL_139991728798272 - Callback step failed: 'precisions'
2025-06-17 21:25:16,251 - WARNING - FixedBCRL_139991728798272 - Callback step failed: 'precisions'
2025-06-17 21:25:16,260 - WARNING - FixedBCRL_139991728798272 - Callback step failed: 'precisions'
2025-06-17 21:25:16,268 - WARNING - FixedBCRL_139991728798272 - Callback step failed: 'precisions'
2025-06-17 21:25:16,272 - WARNING - FixedBCRL_139991728798272 - Callback step failed: 'precisions'
2025-06-17 21:25:16,276 - WARNING - FixedBCRL_139991728798272 - Callback step failed: 'precisions'
2025-06-17 21:25:16,280 - WARNING - FixedBCRL_139991728798272 - Callback step failed: 'precisions'
2025-06-17 21:25:16,285 - WARNING - FixedBCRL_139991728798272 - Callback step failed: 'precisions'
2025-06-17 21:25:16,359 - WARNING - FixedBCRL_139991728798272 - Callback step failed: 'precisions'
2025-06-17 21:25:16,366 - WARNING - FixedBCRL_139991728798272 - Callback step failed: 'precisions'
2025-06-17 21:25:16,375 - WARNING - FixedBCRL_139991728798272 - Callback step failed: 'precisions'
2025-06-17 21:25:16,383 - WARNING - FixedBCRL_139991728798272 - Callback step failed: 'precisions'
2025-06-17 21:25:16,387 - WARNING - FixedBCRL_139991728798272 - Callback step failed: 'precisions'
2025-06-17 21:25:16,392 - WARNING - FixedBCRL_139991728798272 - Callback step failed: 'precisions'
2025-06-17 21:25:16,396 - WARNING - FixedBCRL_139991728798272 - Callback step failed: 'precisions'
2025-06-17 21:25:16,400 - WARNING - FixedBCRL_139991728798272 - Callback step failed: 'precisions'
2025-06-17 21:25:16,412 - WARNING - FixedBCRL_139991728798272 - Callback step failed: 'precisions'
2025-06-17 21:25:16,420 - WARNING - FixedBCRL_139991728798272 - Callback step failed: 'precisions'
2025-06-17 21:25:16,424 - WARNING - FixedBCRL_139991728798272 - Callback step failed: 'precisions'
2025-06-17 21:25:16,430 - WARNING - FixedBCRL_139991728798272 - Callback step failed: 'precisions'
2025-06-17 21:25:16,438 - WARNING - FixedBCRL_139991728798272 - Callback step failed: 'precisions'
2025-06-17 21:25:16,447 - WARNING - FixedBCRL_139991728798272 - Callback step failed: 'precisions'
2025-06-17 21:25:16,455 - WARNING - FixedBCRL_139991728798272 - Callback step failed: 'precisions'
2025-06-17 21:25:16,464 - WARNING - FixedBCRL_139991728798272 - Callback step failed: 'precisions'
2025-06-17 21:25:16,468 - WARNING - FixedBCRL_139991728798272 - Callback step failed: 'precisions'
2025-06-17 21:25:16,477 - WARNING - FixedBCRL_139991728798272 - Callback step failed: 'precisions'
2025-06-17 21:25:16,480 - WARNING - FixedBCRL_139991728798272 - Callback step failed: 'precisions'
2025-06-17 21:25:16,486 - WARNING - FixedBCRL_139991728798272 - Callback step failed: 'precisions'
2025-06-17 21:25:16,498 - WARNING - FixedBCRL_139991728798272 - Callback step failed: 'precisions'
2025-06-17 21:25:16,500 - WARNING - FixedBCRL_139991728798272 - Callback step failed: 'precisions'
2025-06-17 21:25:16,505 - WARNING - FixedBCRL_139991728798272 - Callback step failed: 'precisions'
2025-06-17 21:25:16,509 - WARNING - FixedBCRL_139991728798272 - Callback step failed: 'precisions'
2025-06-17 21:25:16,512 - WARNING - FixedBCRL_139991728798272 - Callback step failed: 'precisions'
2025-06-17 21:25:16,514 - WARNING - FixedBCRL_139991728798272 - Callback step failed: 'precisions'
2025-06-17 21:25:16,517 - WARNING - FixedBCRL_139991728798272 - Callback step failed: 'precisions'
2025-06-17 21:25:16,519 - WARNING - FixedBCRL_139991728798272 - Callback step failed: 'precisions'
2025-06-17 21:25:16,520 - WARNING - FixedBCRL_139991728798272 - Callback step failed: 'precisions'
2025-06-17 21:25:16,523 - WARNING - FixedBCRL_139991728798272 - Callback step failed: 'precisions'
2025-06-17 21:25:16,525 - WARNING - FixedBCRL_139991728798272 - Callback step failed: 'precisions'
2025-06-17 21:25:16,528 - WARNING - FixedBCRL_139991728798272 - Callback step failed: 'precisions'
2025-06-17 21:25:16,537 - WARNING - FixedBCRL_139991728798272 - Callback step failed: 'precisions'
2025-06-17 21:25:16,543 - WARNING - FixedBCRL_139991728798272 - Callback step failed: 'precisions'
2025-06-17 21:25:16,547 - WARNING - FixedBCRL_139991728798272 - Callback step failed: 'precisions'
2025-06-17 21:25:16,553 - WARNING - FixedBCRL_139991728798272 - Callback step failed: 'precisions'
2025-06-17 21:25:16,560 - WARNING - FixedBCRL_139991728798272 - Callback step failed: 'precisions'
2025-06-17 21:25:16,561 - WARNING - FixedBCRL_139991728798272 - Callback step failed: 'precisions'
2025-06-17 21:25:16,564 - WARNING - FixedBCRL_139991728798272 - Callback step failed: 'precisions'
2025-06-17 21:25:16,574 - WARNING - FixedBCRL_139991728798272 - Callback step failed: 'precisions'
2025-06-17 21:25:16,584 - WARNING - FixedBCRL_139991728798272 - Callback step failed: 'precisions'
2025-06-17 21:25:16,586 - WARNING - FixedBCRL_139991728798272 - Callback step failed: 'precisions'
2025-06-17 21:25:16,606 - WARNING - FixedBCRL_139991728798272 - Callback step failed: 'precisions'
2025-06-17 21:25:16,608 - WARNING - FixedBCRL_139991728798272 - Callback step failed: 'precisions'
2025-06-17 21:25:16,612 - WARNING - FixedBCRL_139991728798272 - Callback step failed: 'precisions'
2025-06-17 21:25:16,632 - WARNING - FixedBCRL_139991728798272 - Callback step failed: 'precisions'
2025-06-17 21:25:16,635 - WARNING - FixedBCRL_139991728798272 - Callback step failed: 'precisions'
2025-06-17 21:25:16,642 - WARNING - FixedBCRL_139991728798272 - Callback step failed: 'precisions'
2025-06-17 21:25:16,644 - WARNING - FixedBCRL_139991728798272 - Callback step failed: 'precisions'
2025-06-17 21:25:16,647 - WARNING - FixedBCRL_139991728798272 - Callback step failed: 'precisions'
2025-06-17 21:25:16,649 - WARNING - FixedBCRL_139991728798272 - Callback step failed: 'precisions'
2025-06-17 21:25:16,652 - WARNING - FixedBCRL_139991728798272 - Callback step failed: 'precisions'
2025-06-17 21:25:16,666 - WARNING - FixedBCRL_139991728798272 - Callback step failed: 'precisions'
2025-06-17 21:25:16,670 - WARNING - FixedBCRL_139991728798272 - Callback step failed: 'precisions'
2025-06-17 21:25:16,678 - WARNING - FixedBCRL_139991728798272 - Callback step failed: 'precisions'
2025-06-17 21:25:16,702 - WARNING - FixedBCRL_139991728798272 - Callback step failed: 'precisions'
2025-06-17 21:25:16,707 - WARNING - FixedBCRL_139991728798272 - Callback step failed: 'precisions'
2025-06-17 21:25:16,713 - WARNING - FixedBCRL_139991728798272 - Callback step failed: 'precisions'
2025-06-17 21:25:16,717 - WARNING - FixedBCRL_139991728798272 - Callback step failed: 'precisions'
2025-06-17 21:25:16,719 - WARNING - FixedBCRL_139991728798272 - Callback step failed: 'precisions'
2025-06-17 21:25:16,724 - WARNING - FixedBCRL_139991728798272 - Callback step failed: 'precisions'
2025-06-17 21:25:16,726 - WARNING - FixedBCRL_139991728798272 - Callback step failed: 'precisions'
2025-06-17 21:25:16,731 - WARNING - FixedBCRL_139991728798272 - Callback step failed: 'precisions'
2025-06-17 21:25:16,770 - WARNING - FixedBCRL_139991728798272 - Callback step failed: 'precisions'
2025-06-17 21:25:16,779 - WARNING - FixedBCRL_139991728798272 - Callback step failed: 'precisions'
2025-06-17 21:25:16,786 - WARNING - FixedBCRL_139991728798272 - Callback step failed: 'precisions'
2025-06-17 21:25:16,791 - WARNING - FixedBCRL_139991728798272 - Callback step failed: 'precisions'
2025-06-17 21:25:16,794 - WARNING - FixedBCRL_139991728798272 - Callback step failed: 'precisions'
2025-06-17 21:25:16,797 - WARNING - FixedBCRL_139991728798272 - Callback step failed: 'precisions'
2025-06-17 21:25:16,799 - WARNING - FixedBCRL_139991728798272 - Callback step failed: 'precisions'
2025-06-17 21:25:16,806 - WARNING - FixedBCRL_139991728798272 - Callback step failed: 'precisions'
2025-06-17 21:25:16,811 - WARNING - FixedBCRL_139991728798272 - Callback step failed: 'precisions'
2025-06-17 21:25:16,815 - WARNING - FixedBCRL_139991728798272 - Callback step failed: 'precisions'
2025-06-17 21:25:16,818 - WARNING - FixedBCRL_139991728798272 - Callback step failed: 'precisions'
2025-06-17 21:25:16,828 - WARNING - FixedBCRL_139991728798272 - Callback step failed: 'precisions'
2025-06-17 21:25:16,831 - WARNING - FixedBCRL_139991728798272 - Callback step failed: 'precisions'
2025-06-17 21:25:16,833 - WARNING - FixedBCRL_139991728798272 - Callback step failed: 'precisions'
2025-06-17 21:25:16,838 - WARNING - FixedBCRL_139991728798272 - Callback step failed: 'precisions'
2025-06-17 21:25:16,852 - WARNING - FixedBCRL_139991728798272 - Callback step failed: 'precisions'
2025-06-17 21:25:16,873 - WARNING - FixedBCRL_139991728798272 - Callback step failed: 'precisions'
2025-06-17 21:25:16,875 - WARNING - FixedBCRL_139991728798272 - Callback step failed: 'precisions'
2025-06-17 21:25:16,878 - WARNING - FixedBCRL_139991728798272 - Callback step failed: 'precisions'
2025-06-17 21:25:16,883 - WARNING - FixedBCRL_139991728798272 - Callback step failed: 'precisions'
2025-06-17 21:25:16,888 - WARNING - FixedBCRL_139991728798272 - Callback step failed: 'precisions'
2025-06-17 21:25:16,894 - WARNING - FixedBCRL_139991728798272 - Callback step failed: 'precisions'
2025-06-17 21:25:16,905 - WARNING - FixedBCRL_139991728798272 - Callback step failed: 'precisions'
2025-06-17 21:25:16,908 - WARNING - FixedBCRL_139991728798272 - Callback step failed: 'precisions'
2025-06-17 21:25:16,911 - WARNING - FixedBCRL_139991728798272 - Callback step failed: 'precisions'
2025-06-17 21:25:16,922 - WARNING - FixedBCRL_139991728798272 - Callback step failed: 'precisions'
2025-06-17 21:25:16,926 - WARNING - FixedBCRL_139991728798272 - Callback step failed: 'precisions'
2025-06-17 21:25:16,931 - WARNING - FixedBCRL_139991728798272 - Callback step failed: 'precisions'
2025-06-17 21:25:16,933 - WARNING - FixedBCRL_139991728798272 - Callback step failed: 'precisions'
2025-06-17 21:25:16,936 - WARNING - FixedBCRL_139991728798272 - Callback step failed: 'precisions'
2025-06-17 21:25:16,938 - WARNING - FixedBCRL_139991728798272 - Callback step failed: 'precisions'
2025-06-17 21:25:16,940 - WARNING - FixedBCRL_139991728798272 - Callback step failed: 'precisions'
2025-06-17 21:25:16,943 - WARNING - FixedBCRL_139991728798272 - Callback step failed: 'precisions'
2025-06-17 21:25:16,944 - WARNING - FixedBCRL_139991728798272 - Callback step failed: 'precisions'
2025-06-17 21:25:16,946 - WARNING - FixedBCRL_139991728798272 - Callback step failed: 'precisions'
2025-06-17 21:25:16,951 - WARNING - FixedBCRL_139991728798272 - Callback step failed: 'precisions'
2025-06-17 21:25:16,966 - WARNING - FixedBCRL_139991728798272 - Callback step failed: 'precisions'
2025-06-17 21:25:16,976 - WARNING - FixedBCRL_139991728798272 - Callback step failed: 'precisions'
2025-06-17 21:25:16,979 - WARNING - FixedBCRL_139991728798272 - Callback step failed: 'precisions'
2025-06-17 21:25:16,980 - WARNING - FixedBCRL_139991728798272 - Callback step failed: 'precisions'
2025-06-17 21:25:16,982 - WARNING - FixedBCRL_139991728798272 - Callback step failed: 'precisions'
2025-06-17 21:25:16,984 - WARNING - FixedBCRL_139991728798272 - Callback step failed: 'precisions'
2025-06-17 21:25:16,987 - WARNING - FixedBCRL_139991728798272 - Callback step failed: 'precisions'
2025-06-17 21:25:16,989 - WARNING - FixedBCRL_139991728798272 - Callback step failed: 'precisions'
2025-06-17 21:25:16,992 - WARNING - FixedBCRL_139991728798272 - Callback step failed: 'precisions'
2025-06-17 21:25:16,994 - WARNING - FixedBCRL_139991728798272 - Callback step failed: 'precisions'
2025-06-17 21:25:17,009 - WARNING - FixedBCRL_139991728798272 - Callback step failed: 'precisions'
2025-06-17 21:25:17,011 - WARNING - FixedBCRL_139991728798272 - Callback step failed: 'precisions'
2025-06-17 21:25:17,015 - WARNING - FixedBCRL_139991728798272 - Callback step failed: 'precisions'
2025-06-17 21:25:17,022 - WARNING - FixedBCRL_139991728798272 - Callback step failed: 'precisions'
2025-06-17 21:25:17,027 - WARNING - FixedBCRL_139991728798272 - Callback step failed: 'precisions'
2025-06-17 21:25:17,042 - WARNING - FixedBCRL_139991728798272 - Callback step failed: 'precisions'
2025-06-17 21:25:17,056 - WARNING - FixedBCRL_139991728798272 - Callback step failed: 'precisions'
2025-06-17 21:25:17,059 - WARNING - FixedBCRL_139991728798272 - Callback step failed: 'precisions'
2025-06-17 21:25:17,064 - WARNING - FixedBCRL_139991728798272 - Callback step failed: 'precisions'
2025-06-17 21:25:17,069 - WARNING - FixedBCRL_139991728798272 - Callback step failed: 'precisions'
2025-06-17 21:25:17,074 - WARNING - FixedBCRL_139991728798272 - Callback step failed: 'precisions'
2025-06-17 21:25:17,078 - WARNING - FixedBCRL_139991728798272 - Callback step failed: 'precisions'
2025-06-17 21:25:17,083 - WARNING - FixedBCRL_139991728798272 - Callback step failed: 'precisions'
2025-06-17 21:25:17,086 - WARNING - FixedBCRL_139991728798272 - Callback step failed: 'precisions'
2025-06-17 21:25:17,088 - WARNING - FixedBCRL_139991728798272 - Callback step failed: 'precisions'
2025-06-17 21:25:17,091 - WARNING - FixedBCRL_139991728798272 - Callback step failed: 'precisions'
2025-06-17 21:25:17,128 - WARNING - FixedBCRL_139991728798272 - Callback step failed: 'precisions'
2025-06-17 21:25:17,135 - WARNING - FixedBCRL_139991728798272 - Callback step failed: 'precisions'
2025-06-17 21:25:17,138 - WARNING - FixedBCRL_139991728798272 - Callback step failed: 'precisions'
2025-06-17 21:25:17,140 - WARNING - FixedBCRL_139991728798272 - Callback step failed: 'precisions'
2025-06-17 21:25:17,143 - WARNING - FixedBCRL_139991728798272 - Callback step failed: 'precisions'
2025-06-17 21:25:17,146 - WARNING - FixedBCRL_139991728798272 - Callback step failed: 'precisions'
2025-06-17 21:25:17,151 - WARNING - FixedBCRL_139991728798272 - Callback step failed: 'precisions'
2025-06-17 21:25:17,156 - WARNING - FixedBCRL_139991728798272 - Callback step failed: 'precisions'
2025-06-17 21:25:17,158 - WARNING - FixedBCRL_139991728798272 - Callback step failed: 'precisions'
2025-06-17 21:25:17,163 - WARNING - FixedBCRL_139991728798272 - Callback step failed: 'precisions'
2025-06-17 21:25:17,164 - WARNING - FixedBCRL_139991728798272 - Callback step failed: 'precisions'
