2025-04-08 14:21:39,436 - INFO - Log file: logs/2025-04-08_14-21-39/loggings.log
2025-04-08 14:21:39,436 - INFO - Starting CholecT50 experiment for Surgical Actions Prediction
2025-04-08 14:21:39,436 - INFO - Experiment configuration: {'max_videos': 1, 'recognition': {'train': True, 'inference': False, 'best_model_path': 'best_model_epoch1_valloss1.190734.pt'}, 'pretrain_next_frame': {'train': False, 'inference': True, 'best_model_path': 'best_model_epoch1_valloss1.190734.pt'}, 'pretrain_reward_model': False, 'calculate_action_rewards': False, 'train_action_policy': False, 'run_tdmpc': False, 'analyze_results': False, 'run_evaluation': False}
2025-04-08 14:21:39,436 - INFO - Using device: cuda
2025-04-08 14:21:39,436 - INFO - Loading CholecT50 data...
2025-04-08 14:21:46,498 - INFO - Created Recognition Head model with:
2025-04-08 14:21:46,498 - INFO -   - Input dimension: 1024
2025-04-08 14:21:46,498 - INFO -   - Hidden dimension: 512
2025-04-08 14:21:46,498 - INFO -   - Action classes: 100
2025-04-08 14:21:46,498 - INFO -   - Instrument classes: 6
2025-04-08 14:21:46,498 - INFO - Starting model training...
2025-04-08 14:23:05,280 - INFO - Epoch 1/3, Batch 0/109, Loss: 1.3990
2025-04-08 14:28:26,734 - INFO - Epoch 1/3, Batch 40/109, Loss: 0.8142
2025-04-08 14:28:26,854 - INFO - Epoch 1/3, Batch 80/109, Loss: 0.3584
2025-04-08 14:28:26,937 - INFO - Epoch 1/3, Train Loss: 0.7322
2025-04-08 14:28:26,955 - INFO - Epoch 1/3, Batch 0/178, Validation Loss: 0.2076
2025-04-08 14:28:27,033 - INFO - Epoch 1/3, Batch 40/178, Validation Loss: 0.2668
2025-04-08 14:28:27,110 - INFO - Epoch 1/3, Batch 80/178, Validation Loss: 0.4742
2025-04-08 14:28:27,178 - INFO - Epoch 1/3, Batch 120/178, Validation Loss: 0.3453
2025-04-08 14:28:27,247 - INFO - Epoch 1/3, Batch 160/178, Validation Loss: 0.2056
2025-04-08 14:28:27,276 - INFO - Epoch 1/3, Validation Loss: 0.3623
