2025-03-11 17:22:16,125 - INFO - Log file: logs/2025-03-11_17-22-16/loggings.log
2025-03-11 17:22:16,125 - INFO - Starting CholecT50 experiment for Surgical Actions Prediction
2025-03-11 17:22:16,126 - INFO - Experiment configuration: {'max_videos': 1, 'pretrain_next_frame': {'train': True, 'inference': True}, 'pretrain_reward_model': False, 'calculate_action_rewards': False, 'train_action_policy': False, 'run_tdmpc': False, 'analyze_results': False, 'run_evaluation': False}
2025-03-11 17:22:16,126 - INFO - Using device: cuda
2025-03-11 17:22:16,126 - INFO - Loading CholecT50 data...
2025-03-11 17:22:23,545 - INFO - Epoch 1/1 Training
2025-03-11 17:22:23,858 - INFO - Epoch 1/1, Batch 0/109, Loss: 2.4942
2025-03-11 17:22:24,886 - INFO - Epoch 1/1, Batch 40/109, Loss: 0.9035
2025-03-11 17:22:25,927 - INFO - Epoch 1/1, Batch 80/109, Loss: 0.6033
2025-03-11 17:22:26,655 - INFO - Epoch 1/1, Train Loss: 0.8828
2025-03-11 17:22:26,655 - INFO - Epoch 1/1 Validation
2025-03-11 17:22:26,655 - INFO - Starting validation
2025-03-11 17:24:58,673 - INFO - Epoch 1/1, Batch 0/178, Loss: 23.6648
2025-03-11 17:37:39,256 - INFO - Epoch 1/1, Batch 40/178, Loss: 23.9425
2025-03-11 17:38:15,229 - INFO - Epoch 1/1, Batch 80/178, Loss: 24.8443
2025-03-11 17:38:50,671 - INFO - Epoch 1/1, Batch 120/178, Loss: 24.9634
2025-03-11 17:39:29,361 - INFO - Epoch 1/1, Batch 160/178, Loss: 23.7662
2025-03-11 17:39:48,012 - INFO - Epoch 1/1, Val Loss: 1.5537
2025-03-11 17:40:12,290 - INFO - 
Comprehensive Evaluation Results:
2025-03-11 17:40:12,290 - INFO - 
--- Prediction Horizon: 1 ---
2025-03-11 17:40:12,290 - INFO - mAP: 0.0000
2025-03-11 17:40:12,291 - INFO - 
Accuracy Metrics:
2025-03-11 17:40:12,291 - INFO - Metric               Value     
2025-03-11 17:40:12,291 - INFO - ------------------------------
2025-03-11 17:40:12,291 - INFO - 
Accuracy Metrics:
2025-03-11 17:40:12,291 - INFO - Metric               Value     
2025-03-11 17:40:12,291 - INFO - ------------------------------
2025-03-11 17:40:12,291 - INFO - top_1_any_match      0.0000
2025-03-11 17:40:12,291 - INFO - top_3_any_match      0.0000
2025-03-11 17:40:12,291 - INFO - top_5_any_match      0.0000
2025-03-11 17:40:12,291 - INFO - top_10_any_match     0.0000
2025-03-11 17:40:12,291 - INFO - top_1_exact_match    0.0000
2025-03-11 17:40:12,291 - INFO - top_3_exact_match    0.0000
2025-03-11 17:40:12,291 - INFO - top_5_exact_match    0.0000
2025-03-11 17:40:12,291 - INFO - top_10_exact_match   0.0000
2025-03-11 17:40:12,291 - INFO - 
Recall Metrics:
2025-03-11 17:40:12,291 - INFO - Metric               Value     
2025-03-11 17:40:12,291 - INFO - ------------------------------
2025-03-11 17:40:12,291 - INFO - top_1_recall         0.0000
2025-03-11 17:40:12,291 - INFO - top_3_recall         0.0000
2025-03-11 17:40:12,291 - INFO - top_5_recall         0.0000
2025-03-11 17:40:12,291 - INFO - top_10_recall        0.0000
2025-03-11 17:40:12,291 - INFO - 
Precision Metrics:
2025-03-11 17:40:12,291 - INFO - Metric               Value     
2025-03-11 17:40:12,291 - INFO - ------------------------------
2025-03-11 17:40:12,291 - INFO - top_1_precision      0.0000
2025-03-11 17:40:12,291 - INFO - top_3_precision      0.0000
2025-03-11 17:40:12,291 - INFO - top_5_precision      0.0000
2025-03-11 17:40:12,291 - INFO - top_10_precision     0.0000
2025-03-11 17:40:12,291 - INFO - 
F1-Score Metrics:
2025-03-11 17:40:12,291 - INFO - Metric               Value     
2025-03-11 17:40:12,291 - INFO - ------------------------------
2025-03-11 17:40:12,291 - INFO - top_1_f1             0.0000
2025-03-11 17:40:12,291 - INFO - top_3_f1             0.0000
2025-03-11 17:40:12,291 - INFO - top_5_f1             0.0000
2025-03-11 17:40:12,292 - INFO - top_10_f1            0.0000
2025-03-11 17:40:12,292 - INFO - 
--- Prediction Horizon: 3 ---
2025-03-11 17:40:12,292 - INFO - mAP: 0.0000
2025-03-11 17:40:12,292 - INFO - 
Accuracy Metrics:
2025-03-11 17:40:12,292 - INFO - Metric               Value     
2025-03-11 17:40:12,292 - INFO - ------------------------------
2025-03-11 17:40:12,292 - INFO - 
Accuracy Metrics:
2025-03-11 17:40:12,292 - INFO - Metric               Value     
2025-03-11 17:40:12,292 - INFO - ------------------------------
2025-03-11 17:40:12,292 - INFO - top_1_any_match      0.0000
2025-03-11 17:40:12,292 - INFO - top_3_any_match      0.0000
2025-03-11 17:40:12,292 - INFO - top_5_any_match      0.0000
2025-03-11 17:40:12,292 - INFO - top_10_any_match     0.0000
2025-03-11 17:40:12,292 - INFO - top_1_exact_match    0.0000
2025-03-11 17:40:12,292 - INFO - top_3_exact_match    0.0000
2025-03-11 17:40:12,292 - INFO - top_5_exact_match    0.0000
2025-03-11 17:40:12,292 - INFO - top_10_exact_match   0.0000
2025-03-11 17:40:12,292 - INFO - 
Recall Metrics:
2025-03-11 17:40:12,292 - INFO - Metric               Value     
2025-03-11 17:40:12,292 - INFO - ------------------------------
2025-03-11 17:40:12,292 - INFO - top_1_recall         0.0000
2025-03-11 17:40:12,292 - INFO - top_3_recall         0.0000
2025-03-11 17:40:12,292 - INFO - top_5_recall         0.0000
2025-03-11 17:40:12,292 - INFO - top_10_recall        0.0000
2025-03-11 17:40:12,292 - INFO - 
Precision Metrics:
2025-03-11 17:40:12,292 - INFO - Metric               Value     
2025-03-11 17:40:12,292 - INFO - ------------------------------
2025-03-11 17:40:12,292 - INFO - top_1_precision      0.0000
2025-03-11 17:40:12,292 - INFO - top_3_precision      0.0000
2025-03-11 17:40:12,292 - INFO - top_5_precision      0.0000
2025-03-11 17:40:12,292 - INFO - top_10_precision     0.0000
2025-03-11 17:40:12,292 - INFO - 
F1-Score Metrics:
2025-03-11 17:40:12,292 - INFO - Metric               Value     
2025-03-11 17:40:12,292 - INFO - ------------------------------
2025-03-11 17:40:12,292 - INFO - top_1_f1             0.0000
2025-03-11 17:40:12,292 - INFO - top_3_f1             0.0000
2025-03-11 17:40:12,292 - INFO - top_5_f1             0.0000
2025-03-11 17:40:12,292 - INFO - top_10_f1            0.0000
2025-03-11 17:40:12,292 - INFO - 
--- Prediction Horizon: 5 ---
2025-03-11 17:40:12,292 - INFO - mAP: 0.0000
2025-03-11 17:40:12,292 - INFO - 
Accuracy Metrics:
2025-03-11 17:40:12,292 - INFO - Metric               Value     
2025-03-11 17:40:12,292 - INFO - ------------------------------
2025-03-11 17:40:12,293 - INFO - 
Accuracy Metrics:
2025-03-11 17:40:12,293 - INFO - Metric               Value     
2025-03-11 17:40:12,293 - INFO - ------------------------------
2025-03-11 17:40:12,293 - INFO - top_1_any_match      0.0000
2025-03-11 17:40:12,293 - INFO - top_3_any_match      0.0000
2025-03-11 17:40:12,293 - INFO - top_5_any_match      0.0000
2025-03-11 17:40:12,293 - INFO - top_10_any_match     0.0000
2025-03-11 17:40:12,293 - INFO - top_1_exact_match    0.0000
2025-03-11 17:40:12,293 - INFO - top_3_exact_match    0.0000
2025-03-11 17:40:12,293 - INFO - top_5_exact_match    0.0000
2025-03-11 17:40:12,293 - INFO - top_10_exact_match   0.0000
2025-03-11 17:40:12,293 - INFO - 
Recall Metrics:
2025-03-11 17:40:12,293 - INFO - Metric               Value     
2025-03-11 17:40:12,293 - INFO - ------------------------------
2025-03-11 17:40:12,293 - INFO - top_1_recall         0.0000
2025-03-11 17:40:12,293 - INFO - top_3_recall         0.0000
2025-03-11 17:40:12,293 - INFO - top_5_recall         0.0000
2025-03-11 17:40:12,293 - INFO - top_10_recall        0.0000
2025-03-11 17:40:12,293 - INFO - 
Precision Metrics:
2025-03-11 17:40:12,293 - INFO - Metric               Value     
2025-03-11 17:40:12,293 - INFO - ------------------------------
2025-03-11 17:40:12,293 - INFO - top_1_precision      0.0000
2025-03-11 17:40:12,293 - INFO - top_3_precision      0.0000
2025-03-11 17:40:12,293 - INFO - top_5_precision      0.0000
2025-03-11 17:40:12,293 - INFO - top_10_precision     0.0000
2025-03-11 17:40:12,293 - INFO - 
F1-Score Metrics:
2025-03-11 17:40:12,293 - INFO - Metric               Value     
2025-03-11 17:40:12,293 - INFO - ------------------------------
2025-03-11 17:40:12,293 - INFO - top_1_f1             0.0000
2025-03-11 17:40:12,293 - INFO - top_3_f1             0.0000
2025-03-11 17:40:12,293 - INFO - top_5_f1             0.0000
2025-03-11 17:40:12,293 - INFO - top_10_f1            0.0000
2025-03-11 17:40:12,293 - INFO - 
--- Prediction Horizon: 10 ---
2025-03-11 17:40:12,293 - INFO - mAP: 0.0000
2025-03-11 17:40:12,293 - INFO - 
Accuracy Metrics:
2025-03-11 17:40:12,293 - INFO - Metric               Value     
2025-03-11 17:40:12,293 - INFO - ------------------------------
2025-03-11 17:40:12,293 - INFO - 
Accuracy Metrics:
2025-03-11 17:40:12,293 - INFO - Metric               Value     
2025-03-11 17:40:12,293 - INFO - ------------------------------
2025-03-11 17:40:12,293 - INFO - top_1_any_match      0.0000
2025-03-11 17:40:12,293 - INFO - top_3_any_match      0.0000
2025-03-11 17:40:12,294 - INFO - top_5_any_match      0.0000
2025-03-11 17:40:12,294 - INFO - top_10_any_match     0.0000
2025-03-11 17:40:12,294 - INFO - top_1_exact_match    0.0000
2025-03-11 17:40:12,294 - INFO - top_3_exact_match    0.0000
2025-03-11 17:40:12,294 - INFO - top_5_exact_match    0.0000
2025-03-11 17:40:12,294 - INFO - top_10_exact_match   0.0000
2025-03-11 17:40:12,294 - INFO - 
Recall Metrics:
2025-03-11 17:40:12,294 - INFO - Metric               Value     
2025-03-11 17:40:12,294 - INFO - ------------------------------
2025-03-11 17:40:12,294 - INFO - top_1_recall         0.0000
2025-03-11 17:40:12,294 - INFO - top_3_recall         0.0000
2025-03-11 17:40:12,294 - INFO - top_5_recall         0.0000
2025-03-11 17:40:12,294 - INFO - top_10_recall        0.0000
2025-03-11 17:40:12,294 - INFO - 
Precision Metrics:
2025-03-11 17:40:12,294 - INFO - Metric               Value     
2025-03-11 17:40:12,294 - INFO - ------------------------------
2025-03-11 17:40:12,294 - INFO - top_1_precision      0.0000
2025-03-11 17:40:12,294 - INFO - top_3_precision      0.0000
2025-03-11 17:40:12,294 - INFO - top_5_precision      0.0000
2025-03-11 17:40:12,294 - INFO - top_10_precision     0.0000
2025-03-11 17:40:12,294 - INFO - 
F1-Score Metrics:
2025-03-11 17:40:12,294 - INFO - Metric               Value     
2025-03-11 17:40:12,294 - INFO - ------------------------------
2025-03-11 17:40:12,294 - INFO - top_1_f1             0.0000
2025-03-11 17:40:12,294 - INFO - top_3_f1             0.0000
2025-03-11 17:40:12,294 - INFO - top_5_f1             0.0000
2025-03-11 17:40:12,294 - INFO - top_10_f1            0.0000
2025-03-11 17:40:12,294 - INFO - 
--- Prediction Horizon: 15 ---
2025-03-11 17:40:12,294 - INFO - mAP: 0.0000
2025-03-11 17:40:12,294 - INFO - 
Accuracy Metrics:
2025-03-11 17:40:12,294 - INFO - Metric               Value     
2025-03-11 17:40:12,294 - INFO - ------------------------------
2025-03-11 17:40:12,294 - INFO - 
Accuracy Metrics:
2025-03-11 17:40:12,294 - INFO - Metric               Value     
2025-03-11 17:40:12,294 - INFO - ------------------------------
2025-03-11 17:40:12,294 - INFO - top_1_any_match      0.0000
2025-03-11 17:40:12,294 - INFO - top_3_any_match      0.0000
2025-03-11 17:40:12,294 - INFO - top_5_any_match      0.0000
2025-03-11 17:40:12,294 - INFO - top_10_any_match     0.0000
2025-03-11 17:40:12,294 - INFO - top_1_exact_match    0.0000
2025-03-11 17:40:12,294 - INFO - top_3_exact_match    0.0000
2025-03-11 17:40:12,294 - INFO - top_5_exact_match    0.0000
2025-03-11 17:40:12,294 - INFO - top_10_exact_match   0.0000
2025-03-11 17:40:12,294 - INFO - 
Recall Metrics:
2025-03-11 17:40:12,294 - INFO - Metric               Value     
2025-03-11 17:40:12,294 - INFO - ------------------------------
2025-03-11 17:40:12,294 - INFO - top_1_recall         0.0000
2025-03-11 17:40:12,294 - INFO - top_3_recall         0.0000
2025-03-11 17:40:12,295 - INFO - top_5_recall         0.0000
2025-03-11 17:40:12,295 - INFO - top_10_recall        0.0000
2025-03-11 17:40:12,295 - INFO - 
Precision Metrics:
2025-03-11 17:40:12,295 - INFO - Metric               Value     
2025-03-11 17:40:12,295 - INFO - ------------------------------
2025-03-11 17:40:12,295 - INFO - top_1_precision      0.0000
2025-03-11 17:40:12,295 - INFO - top_3_precision      0.0000
2025-03-11 17:40:12,295 - INFO - top_5_precision      0.0000
2025-03-11 17:40:12,295 - INFO - top_10_precision     0.0000
2025-03-11 17:40:12,295 - INFO - 
F1-Score Metrics:
2025-03-11 17:40:12,295 - INFO - Metric               Value     
2025-03-11 17:40:12,295 - INFO - ------------------------------
2025-03-11 17:40:12,295 - INFO - top_1_f1             0.0000
2025-03-11 17:40:12,295 - INFO - top_3_f1             0.0000
2025-03-11 17:40:12,295 - INFO - top_5_f1             0.0000
2025-03-11 17:40:12,295 - INFO - top_10_f1            0.0000
2025-03-11 17:56:00,424 - INFO - 
Action Prediction Accuracy:
2025-03-11 17:56:00,425 - INFO - --------------------------------------------------
2025-03-11 17:56:00,425 - INFO - Horizon    Top-k      Accuracy  
2025-03-11 17:56:00,425 - INFO - --------------------------------------------------
2025-03-11 17:56:00,425 - INFO - 1          mAP             0.0000
2025-03-11 17:56:00,425 - INFO - 3          mAP             0.0000
2025-03-11 17:56:00,425 - INFO - 5          mAP             0.0000
2025-03-11 17:56:00,425 - INFO - 10         mAP             0.0000
2025-03-11 17:56:00,425 - INFO - 15         mAP             0.0000
2025-03-11 17:56:00,426 - INFO - --------------------------------------------------
