2025-03-11 20:13:38,898 - INFO - Log file: logs/2025-03-11_20-13-38/loggings.log
2025-03-11 20:13:38,898 - INFO - Starting CholecT50 experiment for Surgical Actions Prediction
2025-03-11 20:13:38,898 - INFO - Experiment configuration: {'max_videos': 1, 'pretrain_next_frame': {'train': True, 'inference': True}, 'pretrain_reward_model': False, 'calculate_action_rewards': False, 'train_action_policy': False, 'run_tdmpc': False, 'analyze_results': False, 'run_evaluation': False}
2025-03-11 20:13:38,898 - INFO - Using device: cuda
2025-03-11 20:13:38,898 - INFO - Loading CholecT50 data...
2025-03-11 20:13:45,089 - INFO - Best model path: best_model_epoch1_valloss1.190734.pt
2025-03-11 20:13:45,260 - INFO - Loaded best model from best_model_epoch1_valloss1.190734.pt
2025-03-11 20:13:45,260 - INFO - Skip training and start validation
2025-03-11 20:13:45,260 - INFO - Epoch 1/1 Validation
2025-03-11 20:13:45,260 - INFO - Starting validation
2025-03-11 20:13:45,439 - INFO - Epoch 1/1, Batch 0/178, Loss: 17.0696
2025-03-11 20:14:20,311 - INFO - Epoch 1/1, Batch 40/178, Loss: 18.8383
2025-03-11 20:14:55,108 - INFO - Epoch 1/1, Batch 80/178, Loss: 19.3656
2025-03-11 20:15:29,155 - INFO - Epoch 1/1, Batch 120/178, Loss: 21.6542
2025-03-11 20:16:06,663 - INFO - Epoch 1/1, Batch 160/178, Loss: 18.8364
2025-03-11 20:16:24,639 - INFO - Epoch 1/1, Val Loss: 1.1950
2025-03-11 20:16:24,644 - INFO - 
Comprehensive Evaluation Results:
2025-03-11 20:16:24,644 - INFO - 
--- Prediction Horizon: 1 ---
2025-03-11 20:16:24,644 - INFO - mAP: 1.0000
2025-03-11 20:16:24,644 - INFO - 
Accuracy Metrics:
2025-03-11 20:16:24,644 - INFO - Metric               Value     
2025-03-11 20:16:24,644 - INFO - ------------------------------
2025-03-11 20:16:24,644 - INFO - 
Accuracy Metrics:
2025-03-11 20:16:24,644 - INFO - Metric               Value     
2025-03-11 20:16:24,644 - INFO - ------------------------------
2025-03-11 20:16:24,644 - INFO - top_1_any_match      1.0000
2025-03-11 20:16:24,644 - INFO - top_3_any_match      1.0000
2025-03-11 20:16:24,644 - INFO - top_5_any_match      1.0000
2025-03-11 20:16:24,644 - INFO - top_10_any_match     1.0000
2025-03-11 20:16:24,644 - INFO - top_1_exact_match    1.0000
2025-03-11 20:16:24,644 - INFO - top_3_exact_match    1.0000
2025-03-11 20:16:24,644 - INFO - top_5_exact_match    1.0000
2025-03-11 20:16:24,644 - INFO - top_10_exact_match   1.0000
2025-03-11 20:16:24,644 - INFO - 
Recall Metrics:
2025-03-11 20:16:24,644 - INFO - Metric               Value     
2025-03-11 20:16:24,644 - INFO - ------------------------------
2025-03-11 20:16:24,644 - INFO - top_1_recall         1.0000
2025-03-11 20:16:24,644 - INFO - top_3_recall         1.0000
2025-03-11 20:16:24,644 - INFO - top_5_recall         1.0000
2025-03-11 20:16:24,644 - INFO - top_10_recall        1.0000
2025-03-11 20:16:24,644 - INFO - 
Precision Metrics:
2025-03-11 20:16:24,644 - INFO - Metric               Value     
2025-03-11 20:16:24,645 - INFO - ------------------------------
2025-03-11 20:16:24,645 - INFO - top_1_precision      1.0000
2025-03-11 20:16:24,645 - INFO - top_3_precision      0.3333
2025-03-11 20:16:24,645 - INFO - top_5_precision      0.2000
2025-03-11 20:16:24,645 - INFO - top_10_precision     0.1000
2025-03-11 20:16:24,645 - INFO - 
F1-Score Metrics:
2025-03-11 20:16:24,645 - INFO - Metric               Value     
2025-03-11 20:16:24,645 - INFO - ------------------------------
2025-03-11 20:16:24,645 - INFO - top_1_f1             1.0000
2025-03-11 20:16:24,645 - INFO - top_3_f1             0.5000
2025-03-11 20:16:24,645 - INFO - top_5_f1             0.3333
2025-03-11 20:16:24,645 - INFO - top_10_f1            0.1818
2025-03-11 20:16:24,645 - INFO - 
--- Prediction Horizon: 3 ---
2025-03-11 20:16:24,645 - INFO - mAP: 1.0000
2025-03-11 20:16:24,645 - INFO - 
Accuracy Metrics:
2025-03-11 20:16:24,645 - INFO - Metric               Value     
2025-03-11 20:16:24,645 - INFO - ------------------------------
2025-03-11 20:16:24,645 - INFO - 
Accuracy Metrics:
2025-03-11 20:16:24,645 - INFO - Metric               Value     
2025-03-11 20:16:24,645 - INFO - ------------------------------
2025-03-11 20:16:24,645 - INFO - top_1_any_match      1.0000
2025-03-11 20:16:24,645 - INFO - top_3_any_match      1.0000
2025-03-11 20:16:24,645 - INFO - top_5_any_match      1.0000
2025-03-11 20:16:24,645 - INFO - top_10_any_match     1.0000
2025-03-11 20:16:24,645 - INFO - top_1_exact_match    1.0000
2025-03-11 20:16:24,645 - INFO - top_3_exact_match    1.0000
2025-03-11 20:16:24,645 - INFO - top_5_exact_match    1.0000
2025-03-11 20:16:24,645 - INFO - top_10_exact_match   1.0000
2025-03-11 20:16:24,645 - INFO - 
Recall Metrics:
2025-03-11 20:16:24,645 - INFO - Metric               Value     
2025-03-11 20:16:24,645 - INFO - ------------------------------
2025-03-11 20:16:24,645 - INFO - top_1_recall         1.0000
2025-03-11 20:16:24,645 - INFO - top_3_recall         1.0000
2025-03-11 20:16:24,645 - INFO - top_5_recall         1.0000
2025-03-11 20:16:24,645 - INFO - top_10_recall        1.0000
2025-03-11 20:16:24,645 - INFO - 
Precision Metrics:
2025-03-11 20:16:24,645 - INFO - Metric               Value     
2025-03-11 20:16:24,645 - INFO - ------------------------------
2025-03-11 20:16:24,645 - INFO - top_1_precision      1.0000
2025-03-11 20:16:24,645 - INFO - top_3_precision      0.3333
2025-03-11 20:16:24,645 - INFO - top_5_precision      0.2000
2025-03-11 20:16:24,645 - INFO - top_10_precision     0.1000
2025-03-11 20:16:24,645 - INFO - 
F1-Score Metrics:
2025-03-11 20:16:24,645 - INFO - Metric               Value     
2025-03-11 20:16:24,645 - INFO - ------------------------------
2025-03-11 20:16:24,645 - INFO - top_1_f1             1.0000
2025-03-11 20:16:24,645 - INFO - top_3_f1             0.5000
2025-03-11 20:16:24,645 - INFO - top_5_f1             0.3333
2025-03-11 20:16:24,645 - INFO - top_10_f1            0.1818
2025-03-11 20:16:24,645 - INFO - 
--- Prediction Horizon: 5 ---
2025-03-11 20:16:24,645 - INFO - mAP: 1.0000
2025-03-11 20:16:24,645 - INFO - 
Accuracy Metrics:
2025-03-11 20:16:24,645 - INFO - Metric               Value     
2025-03-11 20:16:24,645 - INFO - ------------------------------
2025-03-11 20:16:24,645 - INFO - 
Accuracy Metrics:
2025-03-11 20:16:24,645 - INFO - Metric               Value     
2025-03-11 20:16:24,645 - INFO - ------------------------------
2025-03-11 20:16:24,645 - INFO - top_1_any_match      1.0000
2025-03-11 20:16:24,645 - INFO - top_3_any_match      1.0000
2025-03-11 20:16:24,646 - INFO - top_5_any_match      1.0000
2025-03-11 20:16:24,646 - INFO - top_10_any_match     1.0000
2025-03-11 20:16:24,646 - INFO - top_1_exact_match    1.0000
2025-03-11 20:16:24,646 - INFO - top_3_exact_match    1.0000
2025-03-11 20:16:24,646 - INFO - top_5_exact_match    1.0000
2025-03-11 20:16:24,646 - INFO - top_10_exact_match   1.0000
2025-03-11 20:16:24,646 - INFO - 
Recall Metrics:
2025-03-11 20:16:24,646 - INFO - Metric               Value     
2025-03-11 20:16:24,646 - INFO - ------------------------------
2025-03-11 20:16:24,646 - INFO - top_1_recall         1.0000
2025-03-11 20:16:24,646 - INFO - top_3_recall         1.0000
2025-03-11 20:16:24,646 - INFO - top_5_recall         1.0000
2025-03-11 20:16:24,646 - INFO - top_10_recall        1.0000
2025-03-11 20:16:24,646 - INFO - 
Precision Metrics:
2025-03-11 20:16:24,646 - INFO - Metric               Value     
2025-03-11 20:16:24,646 - INFO - ------------------------------
2025-03-11 20:16:24,646 - INFO - top_1_precision      1.0000
2025-03-11 20:16:24,646 - INFO - top_3_precision      0.3333
2025-03-11 20:16:24,646 - INFO - top_5_precision      0.2000
2025-03-11 20:16:24,646 - INFO - top_10_precision     0.1000
2025-03-11 20:16:24,646 - INFO - 
F1-Score Metrics:
2025-03-11 20:16:24,646 - INFO - Metric               Value     
2025-03-11 20:16:24,646 - INFO - ------------------------------
2025-03-11 20:16:24,646 - INFO - top_1_f1             1.0000
2025-03-11 20:16:24,646 - INFO - top_3_f1             0.5000
2025-03-11 20:16:24,646 - INFO - top_5_f1             0.3333
2025-03-11 20:16:24,646 - INFO - top_10_f1            0.1818
2025-03-11 20:16:24,646 - INFO - 
--- Prediction Horizon: 10 ---
2025-03-11 20:16:24,646 - INFO - mAP: 1.0000
2025-03-11 20:16:24,646 - INFO - 
Accuracy Metrics:
2025-03-11 20:16:24,646 - INFO - Metric               Value     
2025-03-11 20:16:24,646 - INFO - ------------------------------
2025-03-11 20:16:24,646 - INFO - 
Accuracy Metrics:
2025-03-11 20:16:24,646 - INFO - Metric               Value     
2025-03-11 20:16:24,646 - INFO - ------------------------------
2025-03-11 20:16:24,646 - INFO - top_1_any_match      1.0000
2025-03-11 20:16:24,646 - INFO - top_3_any_match      1.0000
2025-03-11 20:16:24,646 - INFO - top_5_any_match      1.0000
2025-03-11 20:16:24,646 - INFO - top_10_any_match     1.0000
2025-03-11 20:16:24,646 - INFO - top_1_exact_match    1.0000
2025-03-11 20:16:24,646 - INFO - top_3_exact_match    1.0000
2025-03-11 20:16:24,646 - INFO - top_5_exact_match    1.0000
2025-03-11 20:16:24,646 - INFO - top_10_exact_match   1.0000
2025-03-11 20:16:24,646 - INFO - 
Recall Metrics:
2025-03-11 20:16:24,646 - INFO - Metric               Value     
2025-03-11 20:16:24,646 - INFO - ------------------------------
2025-03-11 20:16:24,646 - INFO - top_1_recall         1.0000
2025-03-11 20:16:24,646 - INFO - top_3_recall         1.0000
2025-03-11 20:16:24,646 - INFO - top_5_recall         1.0000
2025-03-11 20:16:24,646 - INFO - top_10_recall        1.0000
2025-03-11 20:16:24,646 - INFO - 
Precision Metrics:
2025-03-11 20:16:24,646 - INFO - Metric               Value     
2025-03-11 20:16:24,646 - INFO - ------------------------------
2025-03-11 20:16:24,646 - INFO - top_1_precision      1.0000
2025-03-11 20:16:24,646 - INFO - top_3_precision      0.3333
2025-03-11 20:16:24,646 - INFO - top_5_precision      0.2000
2025-03-11 20:16:24,646 - INFO - top_10_precision     0.1000
2025-03-11 20:16:24,646 - INFO - 
F1-Score Metrics:
2025-03-11 20:16:24,646 - INFO - Metric               Value     
2025-03-11 20:16:24,646 - INFO - ------------------------------
2025-03-11 20:16:24,646 - INFO - top_1_f1             1.0000
2025-03-11 20:16:24,646 - INFO - top_3_f1             0.5000
2025-03-11 20:16:24,646 - INFO - top_5_f1             0.3333
2025-03-11 20:16:24,646 - INFO - top_10_f1            0.1818
2025-03-11 20:16:24,646 - INFO - 
--- Prediction Horizon: 15 ---
2025-03-11 20:16:24,646 - INFO - mAP: 1.0000
2025-03-11 20:16:24,646 - INFO - 
Accuracy Metrics:
2025-03-11 20:16:24,646 - INFO - Metric               Value     
2025-03-11 20:16:24,646 - INFO - ------------------------------
2025-03-11 20:16:24,646 - INFO - 
Accuracy Metrics:
2025-03-11 20:16:24,646 - INFO - Metric               Value     
2025-03-11 20:16:24,646 - INFO - ------------------------------
2025-03-11 20:16:24,647 - INFO - top_1_any_match      1.0000
2025-03-11 20:16:24,647 - INFO - top_3_any_match      1.0000
2025-03-11 20:16:24,647 - INFO - top_5_any_match      1.0000
2025-03-11 20:16:24,647 - INFO - top_10_any_match     1.0000
2025-03-11 20:16:24,647 - INFO - top_1_exact_match    1.0000
2025-03-11 20:16:24,647 - INFO - top_3_exact_match    1.0000
2025-03-11 20:16:24,647 - INFO - top_5_exact_match    1.0000
2025-03-11 20:16:24,647 - INFO - top_10_exact_match   1.0000
2025-03-11 20:16:24,647 - INFO - 
Recall Metrics:
2025-03-11 20:16:24,647 - INFO - Metric               Value     
2025-03-11 20:16:24,647 - INFO - ------------------------------
2025-03-11 20:16:24,647 - INFO - top_1_recall         1.0000
2025-03-11 20:16:24,647 - INFO - top_3_recall         1.0000
2025-03-11 20:16:24,647 - INFO - top_5_recall         1.0000
2025-03-11 20:16:24,647 - INFO - top_10_recall        1.0000
2025-03-11 20:16:24,647 - INFO - 
Precision Metrics:
2025-03-11 20:16:24,647 - INFO - Metric               Value     
2025-03-11 20:16:24,647 - INFO - ------------------------------
2025-03-11 20:16:24,647 - INFO - top_1_precision      1.0000
2025-03-11 20:16:24,647 - INFO - top_3_precision      0.3333
2025-03-11 20:16:24,647 - INFO - top_5_precision      0.2000
2025-03-11 20:16:24,647 - INFO - top_10_precision     0.1000
2025-03-11 20:16:24,647 - INFO - 
F1-Score Metrics:
2025-03-11 20:16:24,647 - INFO - Metric               Value     
2025-03-11 20:16:24,647 - INFO - ------------------------------
2025-03-11 20:16:24,647 - INFO - top_1_f1             1.0000
2025-03-11 20:16:24,647 - INFO - top_3_f1             0.5000
2025-03-11 20:16:24,647 - INFO - top_5_f1             0.3333
2025-03-11 20:16:24,647 - INFO - top_10_f1            0.1818
2025-03-11 20:16:25,913 - INFO - 
Action Prediction Accuracy:
2025-03-11 20:16:25,913 - INFO - --------------------------------------------------
2025-03-11 20:16:25,913 - INFO - Horizon    Top-k      Accuracy  
2025-03-11 20:16:25,913 - INFO - --------------------------------------------------
2025-03-11 20:16:25,913 - INFO - 1          mAP             1.0000
