2025-05-14 19:54:52,256 - INFO - Log file: logs/2025-05-14_19-54-52/loggings.log
2025-05-14 19:54:52,256 - INFO - Starting CholecT50 experiment for Surgical Actions Prediction
2025-05-14 19:54:52,256 - INFO - Experiment configuration: {'max_videos': 2, 'recognition': {'train': False, 'inference': False, 'best_model_path': './best_checkpoints/best_model_epoch2_map0.5008.pt'}, 'world_model': {'train': False, 'inference': True, 'best_model_path': 'logs/2025-05-08_14-14-22/checkpoints/world_model_best_epoch_2.pt'}, 'pretrain_reward_model': False, 'calculate_action_rewards': False, 'train_action_policy': False, 'run_tdmpc': False, 'analyze_results': False, 'run_evaluation': False}
2025-05-14 19:54:52,256 - INFO - Using device: cuda
2025-05-14 19:54:52,256 - INFO - Loading CholecT50 data...
2025-05-14 19:54:52,257 - INFO - Loading train data from /home/maxboels/datasets/CholecT50 with fold 0
2025-05-14 19:54:52,648 - INFO - [train] Start processing metadata file /home/maxboels/datasets/CholecT50/embeddings_train_set/fold0/embeddings_f0_swin_bas_129_phase_complet_phase_transit_prog_prob_action.csv
2025-05-14 19:54:56,499 - INFO - [train] Added risk scores to embeddings_f0_swin_bas_129_phase_complet_phase_transit_prog_prob_action_risk.csv
2025-05-14 19:54:59,311 - INFO - [train] Added global outcome scores to embeddings_f0_swin_bas_129_phase_complet_phase_transit_prog_prob_action_risk_glob_outcome.csv
2025-05-14 19:54:59,313 - INFO - [train] Found 2 videos in metadata file
2025-05-14 19:54:59,313 - INFO - [train] Loading data for 2 videos
2025-05-14 19:54:59,447 - INFO - Loading test data from /home/maxboels/datasets/CholecT50 with fold 0
2025-05-14 19:54:59,529 - INFO - [test] Start processing metadata file /home/maxboels/datasets/CholecT50/embeddings_test_set/fold0/embeddings_f0_swin_bas_129_phase_complet_phase_transit_prog_prob_action.csv
2025-05-14 19:55:00,245 - INFO - [test] Added risk scores to embeddings_f0_swin_bas_129_phase_complet_phase_transit_prog_prob_action_risk.csv
2025-05-14 19:55:00,640 - INFO - [test] Added global outcome scores to embeddings_f0_swin_bas_129_phase_complet_phase_transit_prog_prob_action_risk_glob_outcome.csv
2025-05-14 19:55:00,640 - INFO - [test] Found 2 videos in metadata file
2025-05-14 19:55:00,640 - INFO - [test] Loading data for 2 videos
2025-05-14 19:55:01,961 - INFO - 
[WORLD MODEL] Running inference...
2025-05-14 19:55:01,962 - INFO - [WORLD MODEL] Using best model from pre existing path: logs/2025-05-08_14-14-22/checkpoints/world_model_best_epoch_2.pt
2025-05-14 19:55:02,587 - INFO - Running evaluation in 'full' mode, saving to results/eval_full_20250514_195502
2025-05-14 19:55:02,587 - INFO - [EVAL] Evaluating world model on 2 test videos
2025-05-14 19:55:02,587 - INFO - [EVAL] Video IDs: ['VID02', 'VID06']
