2025-05-14 20:23:44,724 - INFO - Log file: logs/2025-05-14_20-23-44/loggings.log
2025-05-14 20:23:44,724 - INFO - Starting CholecT50 experiment for Surgical Actions Prediction
2025-05-14 20:23:44,724 - INFO - Experiment configuration: {'max_videos': 2, 'recognition': {'train': False, 'inference': False, 'best_model_path': './best_checkpoints/best_model_epoch2_map0.5008.pt'}, 'world_model': {'train': False, 'inference': True, 'best_model_path': 'logs/2025-05-08_14-14-22/checkpoints/world_model_best_epoch_2.pt'}, 'pretrain_reward_model': False, 'calculate_action_rewards': False, 'train_action_policy': False, 'run_tdmpc': False, 'analyze_results': False, 'run_evaluation': False}
2025-05-14 20:23:44,724 - INFO - Using device: cuda
2025-05-14 20:23:44,724 - INFO - Loading CholecT50 data...
2025-05-14 20:23:44,724 - INFO - Loading train data from /home/maxboels/datasets/CholecT50 with fold 0
2025-05-14 20:23:45,108 - INFO - [train] Start processing metadata file /home/maxboels/datasets/CholecT50/embeddings_train_set/fold0/embeddings_f0_swin_bas_129_phase_complet_phase_transit_prog_prob_action.csv
2025-05-14 20:23:49,003 - INFO - [train] Added risk scores to embeddings_f0_swin_bas_129_phase_complet_phase_transit_prog_prob_action_risk.csv
2025-05-14 20:23:52,022 - INFO - [train] Added global outcome scores to embeddings_f0_swin_bas_129_phase_complet_phase_transit_prog_prob_action_risk_glob_outcome.csv
2025-05-14 20:23:52,025 - INFO - [train] Found 2 videos in metadata file
2025-05-14 20:23:52,025 - INFO - [train] Loading data for 2 videos
2025-05-14 20:23:52,159 - INFO - Loading test data from /home/maxboels/datasets/CholecT50 with fold 0
2025-05-14 20:23:52,247 - INFO - [test] Start processing metadata file /home/maxboels/datasets/CholecT50/embeddings_test_set/fold0/embeddings_f0_swin_bas_129_phase_complet_phase_transit_prog_prob_action.csv
2025-05-14 20:23:52,971 - INFO - [test] Added risk scores to embeddings_f0_swin_bas_129_phase_complet_phase_transit_prog_prob_action_risk.csv
2025-05-14 20:23:53,379 - INFO - [test] Added global outcome scores to embeddings_f0_swin_bas_129_phase_complet_phase_transit_prog_prob_action_risk_glob_outcome.csv
2025-05-14 20:23:53,380 - INFO - [test] Found 2 videos in metadata file
2025-05-14 20:23:53,380 - INFO - [test] Loading data for 2 videos
2025-05-14 20:23:54,855 - INFO - 
[WORLD MODEL] Running inference...
2025-05-14 20:23:54,855 - INFO - [WORLD MODEL] Using best model from pre existing path: logs/2025-05-08_14-14-22/checkpoints/world_model_best_epoch_2.pt
2025-05-14 20:23:55,636 - INFO - Running evaluation in 'full' mode, saving to results/eval_full_20250514_202355
2025-05-14 20:23:55,636 - INFO - [EVAL] Evaluating world model on 2 test videos
2025-05-14 20:23:55,636 - INFO - [EVAL] Video IDs: ['VID02', 'VID06']
2025-05-14 20:24:25,490 - INFO - [EVAL] Video VID02 | State Pred MSE: 0.1612 | Action Pred Accuracy: 0.0000 | Total Loss: 1.0532
2025-05-14 20:24:25,490 - INFO - [EVAL] Video VID02 Rollout | Mean Error: 1.2282 | Growth Rate: 2.8827
2025-05-14 20:24:49,563 - INFO - [EVAL] Video VID06 | State Pred MSE: 0.1563 | Action Pred Accuracy: 0.0000 | Total Loss: 0.7877
2025-05-14 20:24:49,563 - INFO - [EVAL] Video VID06 Rollout | Mean Error: 1.2426 | Growth Rate: 2.4573
2025-05-14 20:24:49,563 - INFO - [EVAL] Overall State MSE: 0.1591
2025-05-14 20:24:49,563 - INFO - [EVAL] Overall Rollout - Mean Error: 1.2354, Growth Rate: 2.6700
2025-05-14 20:24:49,563 - INFO - [EVAL] Horizon 1 - Action Acc: 0.5214, mAP: 0.2184, State MSE: 0.2757
2025-05-14 20:24:49,563 - INFO - [EVAL] Horizon 3 - Action Acc: 0.5252, mAP: 0.2060, State MSE: 0.3193
2025-05-14 20:24:49,564 - INFO - [EVAL] Horizon 5 - Action Acc: 0.5134, mAP: 0.1939, State MSE: 0.3746
2025-05-14 20:24:49,564 - INFO - [EVAL] Horizon 10 - Action Acc: 0.4573, mAP: 0.1557, State MSE: 0.5345
2025-05-14 20:24:49,564 - INFO - [EVAL] Horizon 15 - Action Acc: 0.4147, mAP: 0.1254, State MSE: 0.6626
2025-05-14 20:24:49,571 - INFO - Saved metrics to results/eval_full_20250514_202355/metrics.json
2025-05-14 20:24:49,573 - INFO - Saved generated trajectories to results/eval_full_20250514_202355/generated_trajectories.pt
2025-05-14 20:24:50,073 - INFO - Saved visualizations to results/eval_full_20250514_202355/visualizations
2025-05-14 20:24:50,276 - INFO - Saved anticipation heatmap for video VID02 to results/eval_full_20250514_202355/visualizations/anticipation_heatmaps/map_anticipation_heatmap_VID02.png
2025-05-14 20:24:50,460 - INFO - Saved anticipation heatmap for video VID06 to results/eval_full_20250514_202355/visualizations/anticipation_heatmaps/map_anticipation_heatmap_VID06.png
2025-05-14 20:24:50,460 - INFO - Generated anticipation heatmaps for 2 videos
2025-05-14 20:24:50,668 - INFO - Saved rollout visualization to results/eval_full_20250514_202355/VID02_sample_0.png
2025-05-14 20:24:50,847 - INFO - Saved rollout visualization to results/eval_full_20250514_202355/VID02_sample_1.png
2025-05-14 20:24:51,076 - INFO - Saved rollout visualization to results/eval_full_20250514_202355/VID02_sample_2.png
2025-05-14 20:24:51,292 - INFO - Saved rollout visualization to results/eval_full_20250514_202355/VID02_sample_3.png
2025-05-14 20:24:51,509 - INFO - Saved rollout visualization to results/eval_full_20250514_202355/VID06_sample_4.png
2025-05-14 20:24:51,510 - INFO - Saved summary report to results/eval_full_20250514_202355/summary.md
2025-05-14 20:24:51,513 - INFO - [WORLD MODEL] Inference evaluation completed!
