2025-06-23 10:01:52,919 - INFO - SuRL_FixedRL_129777332748016 - Shared experiment log directory: results/2025-06-23_10-01-52/logs
2025-06-23 10:01:52,919 - INFO - SuRL_FixedRL_129777332748016 - 🎯 RL Experiment: 2025-06-23_10-01-52
2025-06-23 10:01:52,919 - INFO - SuRL_FixedRL_129777332748016 - 📁 Results dir: results/2025-06-23_10-01-52
2025-06-23 10:01:52,919 - INFO - SuRL_FixedRL_129777332748016 - 🚀 Starting Complete RL Comparison
2025-06-23 10:01:52,919 - INFO - SuRL_FixedRL_129777332748016 - ============================================================
2025-06-23 10:01:52,919 - INFO - SuRL_FixedRL_129777332748016 - 📂 Loading CholecT50 data...
2025-06-23 10:01:52,919 - INFO - SuRL_FixedRL_129777332748016 -    Training videos: 40
2025-06-23 10:01:52,919 - INFO - SuRL_FixedRL_129777332748016 -    Test videos: 10
2025-06-23 10:01:52,920 - INFO - SuRL_FixedRL_129777332748016 - Loading train data from /home/maxboels/datasets/CholecT50 with fold 1
2025-06-23 10:02:22,276 - INFO - SuRL_FixedRL_129777332748016 - ✅ Loaded metadata: /home/maxboels/datasets/CholecT50/embeddings_train_set/fold1/embeddings_f1_swin_bas_129.csv - Shape: (81623, 144)
2025-06-23 10:02:22,276 - INFO - SuRL_FixedRL_129777332748016 - [Train] Start processing metadata file /home/maxboels/datasets/CholecT50/embeddings_train_set/fold1/embeddings_f1_swin_bas_129.csv
2025-06-23 10:03:21,062 - INFO - SuRL_FixedRL_129777332748016 - [Train] Cleaned metadata file paths in /home/maxboels/datasets/CholecT50/embeddings_train_set/fold1/embeddings_f1_swin_bas_129.csv
2025-06-23 10:03:23,118 - INFO - SuRL_FixedRL_129777332748016 - [Train] Rewards extraction skipped, using metadata file /home/maxboels/datasets/CholecT50/embeddings_train_set/fold1/embeddings_f1_swin_bas_129.csv
2025-06-23 10:03:23,120 - INFO - SuRL_FixedRL_129777332748016 - [Train] Found 40 videos in metadata file
2025-06-23 10:03:23,121 - INFO - SuRL_FixedRL_129777332748016 - [Train] Loading data for 40 videos
2025-06-23 10:04:19,497 - WARNING - SuRL_FixedRL_129777332748016 - Reward column risk_score_max not found for VID01
2025-06-23 10:04:19,498 - WARNING - SuRL_FixedRL_129777332748016 - Reward column phase_completion_reward not found for VID01
2025-06-23 10:04:19,498 - WARNING - SuRL_FixedRL_129777332748016 - Reward column phase_initiation_reward not found for VID01
2025-06-23 10:04:19,498 - WARNING - SuRL_FixedRL_129777332748016 - Reward column phase_prog not found for VID01
2025-06-23 10:04:19,498 - WARNING - SuRL_FixedRL_129777332748016 - Reward column global_prog not found for VID01
2025-06-23 10:04:19,498 - WARNING - SuRL_FixedRL_129777332748016 - Reward column action_reward not found for VID01
2025-06-23 10:04:19,498 - WARNING - SuRL_FixedRL_129777332748016 - Outcome column glob_avg_risk not found for VID01
2025-06-23 10:04:19,498 - WARNING - SuRL_FixedRL_129777332748016 - Outcome column glob_critical_risk_events not found for VID01
2025-06-23 10:04:19,498 - WARNING - SuRL_FixedRL_129777332748016 - Outcome column glob_global_outcome_score not found for VID01
2025-06-23 10:04:19,511 - INFO - SuRL_FixedRL_129777332748016 - ✅ Loaded video VID01: 1734 frames, 1024-dims embeddings
