2025-05-28 14:57:26,329 - INFO - Log file: logs/2025-05-28_14-57-26/il_vs_rl_comparison.log
2025-05-28 14:57:26,330 - INFO - 🚀 Starting IL vs RL Comparison Experiment
2025-05-28 14:57:26,330 - INFO - Device: cuda
2025-05-28 14:57:26,330 - INFO - Results will be saved to: logs/2025-05-28_14-57-26/comparison_results
2025-05-28 14:57:26,330 - INFO - 📊 Loading dataset...
2025-05-28 14:57:26,330 - INFO - Loading train data from /home/maxboels/datasets/CholecT50 with fold 0
2025-05-28 14:57:26,765 - INFO - [Train] Start processing metadata file /home/maxboels/datasets/CholecT50/embeddings_train_set/fold0/embeddings_f0_swin_bas_129_phase_complet_phase_transit_prog_prob_action_risk_glob_outcome.csv
2025-05-28 14:57:26,765 - INFO - [Train] Rewards extraction skipped, using metadata file /home/maxboels/datasets/CholecT50/embeddings_train_set/fold0/embeddings_f0_swin_bas_129_phase_complet_phase_transit_prog_prob_action_risk_glob_outcome.csv
2025-05-28 14:57:26,767 - INFO - [Train] Found 2 videos in metadata file
2025-05-28 14:57:26,767 - INFO - [Train] Loading data for 2 videos
2025-05-28 14:57:26,913 - INFO - Loading test data from /home/maxboels/datasets/CholecT50 with fold 0
2025-05-28 14:57:27,017 - INFO - [Test] Start processing metadata file /home/maxboels/datasets/CholecT50/embeddings_test_set/fold0/embeddings_f0_swin_bas_129_phase_complet_phase_transit_prog_prob_action_risk_glob_outcome.csv
2025-05-28 14:57:27,017 - INFO - [Test] Rewards extraction skipped, using metadata file /home/maxboels/datasets/CholecT50/embeddings_test_set/fold0/embeddings_f0_swin_bas_129_phase_complet_phase_transit_prog_prob_action_risk_glob_outcome.csv
2025-05-28 14:57:27,018 - INFO - [Test] Found 2 videos in metadata file
2025-05-28 14:57:27,018 - INFO - [Test] Loading data for 2 videos
2025-05-28 14:57:27,204 - INFO - Loaded 2 training videos and 2 test videos
2025-05-28 14:57:27,204 - INFO - 🎓 Training Imitation Learning Model...
2025-05-28 14:57:27,204 - INFO - Training supervised imitation learning model
2025-05-28 14:57:29,194 - INFO - Model parameters: 48,924,145 total, 48,924,145 trainable
2025-05-28 14:57:29,196 - INFO - Starting supervised training for autoregressive action prediction
2025-05-28 14:57:29,594 - INFO - Batch 0/204 | Loss: 3.3123
2025-05-28 14:57:34,076 - INFO - Batch 100/204 | Loss: 0.5440
2025-05-28 14:57:38,487 - INFO - Batch 200/204 | Loss: 0.3635
2025-05-28 14:59:19,553 - INFO - New best model saved: logs/2025-05-28_14-57-26/checkpoints/supervised_best_epoch_1.pt
2025-05-28 14:59:19,553 - INFO - Epoch 1/3 | Train Loss: 0.7883 | Val Loss: 0.5163 | Val Action Acc: 0.0000
2025-05-28 14:59:19,735 - INFO - Batch 0/204 | Loss: 0.2939
2025-05-28 14:59:24,223 - INFO - Batch 100/204 | Loss: 0.2733
2025-05-28 14:59:28,645 - INFO - Batch 200/204 | Loss: 0.2519
2025-05-28 15:01:13,343 - INFO - New best model saved: logs/2025-05-28_14-57-26/checkpoints/supervised_best_epoch_2.pt
2025-05-28 15:01:13,343 - INFO - Epoch 2/3 | Train Loss: 0.2955 | Val Loss: 0.4450 | Val Action Acc: 0.0000
2025-05-28 15:01:13,561 - INFO - Batch 0/204 | Loss: 0.2230
2025-05-28 15:01:19,030 - INFO - Batch 100/204 | Loss: 0.2206
2025-05-28 15:01:24,507 - INFO - Batch 200/204 | Loss: 0.1837
2025-05-28 15:03:15,414 - INFO - New best model saved: logs/2025-05-28_14-57-26/checkpoints/supervised_best_epoch_3.pt
2025-05-28 15:03:15,414 - INFO - Epoch 3/3 | Train Loss: 0.2272 | Val Loss: 0.4137 | Val Action Acc: 0.0000
2025-05-28 15:03:16,137 - INFO - Training plots saved to logs/2025-05-28_14-57-26
2025-05-28 15:03:16,311 - INFO - Training completed. Best model: logs/2025-05-28_14-57-26/checkpoints/supervised_best_epoch_3.pt
2025-05-28 15:03:16,311 - INFO - Final model: logs/2025-05-28_14-57-26/checkpoints/final_model.pt
2025-05-28 15:03:16,312 - INFO - ✅ IL training completed. Model saved: logs/2025-05-28_14-57-26/checkpoints/supervised_best_epoch_3.pt
2025-05-28 15:03:16,462 - INFO - 🤖 Training RL Models...
2025-05-28 15:03:17,286 - INFO - Loaded world model for RL training: logs/2025-05-28_14-57-26/checkpoints/supervised_best_epoch_3.pt
2025-05-28 15:03:17,286 - INFO - 🔥 Training PPO agent...
2025-05-28 15:03:17,338 - ERROR - ❌ PPO training failed: a Tensor with 20 elements cannot be converted to Scalar
2025-05-28 15:03:17,338 - INFO - 🔥 Training SAC agent...
2025-05-28 15:03:17,365 - ERROR - ❌ SAC training failed: a Tensor with 20 elements cannot be converted to Scalar
2025-05-28 15:03:17,366 - INFO - 📈 Running comprehensive evaluation...
2025-05-28 15:03:17,366 - INFO - 📊 Evaluating Imitation Learning model...
2025-05-28 15:03:19,116 - INFO - Starting comprehensive evaluation of both modes
2025-05-28 15:03:19,116 - INFO - Starting supervised mode evaluation (autoregressive action prediction)
2025-05-28 15:03:19,117 - INFO - Evaluating 2 videos with horizons [1, 3, 5, 10, 15] and top-k [1, 3, 5, 10]
2025-05-28 15:03:19,117 - INFO - Evaluating video: VID02 (1/2)
2025-05-28 15:05:07,611 - INFO - Evaluating video: VID06 (2/2)
2025-05-28 15:06:20,432 - INFO - Supervised evaluation completed. Processed 4992 samples from 2 videos.
2025-05-28 15:06:20,433 - INFO - Starting RL mode evaluation (state and reward prediction)
2025-05-28 15:06:20,434 - INFO - Evaluating RL mode on video: VID02
2025-05-28 15:06:24,673 - INFO - Evaluating RL mode on video: VID06
2025-05-28 15:06:28,090 - INFO - RL evaluation completed. Processed 4992 samples from 2 videos.
2025-05-28 15:06:29,078 - INFO - Supervised evaluation results saved to logs/2025-05-28_14-57-26/comparison_results/il_evaluation
2025-05-28 15:06:29,392 - INFO - RL evaluation results saved to logs/2025-05-28_14-57-26/comparison_results/il_evaluation
2025-05-28 15:06:29,713 - INFO - Comparison visualizations saved to logs/2025-05-28_14-57-26/comparison_results/il_evaluation
2025-05-28 15:06:29,714 - INFO - Comprehensive evaluation completed
2025-05-28 15:06:29,714 - INFO - ✅ IL evaluation completed
2025-05-28 15:06:29,823 - INFO - 🔬 Performing statistical analysis...
2025-05-28 15:06:29,824 - INFO - 📝 Generating reports and visualizations...
2025-05-28 15:06:29,824 - INFO - 📄 Final report saved to: logs/2025-05-28_14-57-26/comparison_results/comparison_report.md
2025-05-28 15:06:29,827 - INFO - 💾 Complete results saved to: logs/2025-05-28_14-57-26/comparison_results/complete_comparison_results.json
2025-05-28 15:06:29,827 - INFO - 📋 Experiment summary saved to: logs/2025-05-28_14-57-26/comparison_results/experiment_summary.json
2025-05-28 15:06:29,827 - INFO - ✅ Complete IL vs RL comparison finished successfully!
