2025-06-02 14:00:03,373 - INFO - Log file: logs/2025-06-02_14-00-03/il_vs_rl_comparison.log
2025-06-02 14:00:03,373 - INFO - 🚀 Starting IL vs RL Comparison Experiment
2025-06-02 14:00:03,373 - INFO - Device: cuda
2025-06-02 14:00:03,373 - INFO - Results will be saved to: logs/2025-06-02_14-00-03/comparison_results
2025-06-02 14:00:03,374 - INFO - 📊 Loading dataset...
2025-06-02 14:00:03,374 - INFO - Loading train data from /home/maxboels/datasets/CholecT50 with fold 0
2025-06-02 14:00:03,785 - INFO - [Train] Start processing metadata file /home/maxboels/datasets/CholecT50/embeddings_train_set/fold0/embeddings_f0_swin_bas_129_phase_complet_phase_transit_prog_prob_action_risk_glob_outcome.csv
2025-06-02 14:00:03,785 - INFO - [Train] Rewards extraction skipped, using metadata file /home/maxboels/datasets/CholecT50/embeddings_train_set/fold0/embeddings_f0_swin_bas_129_phase_complet_phase_transit_prog_prob_action_risk_glob_outcome.csv
2025-06-02 14:00:03,788 - INFO - [Train] Found 2 videos in metadata file
2025-06-02 14:00:03,788 - INFO - [Train] Loading data for 2 videos
2025-06-02 14:00:04,057 - INFO - Loading test data from /home/maxboels/datasets/CholecT50 with fold 0
2025-06-02 14:00:04,139 - INFO - [Test] Start processing metadata file /home/maxboels/datasets/CholecT50/embeddings_test_set/fold0/embeddings_f0_swin_bas_129_phase_complet_phase_transit_prog_prob_action_risk_glob_outcome.csv
2025-06-02 14:00:04,139 - INFO - [Test] Rewards extraction skipped, using metadata file /home/maxboels/datasets/CholecT50/embeddings_test_set/fold0/embeddings_f0_swin_bas_129_phase_complet_phase_transit_prog_prob_action_risk_glob_outcome.csv
2025-06-02 14:00:04,140 - INFO - [Test] Found 2 videos in metadata file
2025-06-02 14:00:04,140 - INFO - [Test] Loading data for 2 videos
2025-06-02 14:00:04,645 - INFO - Loaded 2 training videos and 2 test videos
2025-06-02 14:00:04,645 - INFO - 🎓 Training Imitation Learning Model...
2025-06-02 14:00:16,337 - INFO - Training supervised imitation learning model
2025-06-02 14:00:18,320 - INFO - Model parameters: 48,924,145 total, 48,924,145 trainable
2025-06-02 14:00:18,325 - INFO - Starting supervised training for autoregressive action prediction
2025-06-02 14:00:19,576 - INFO - Batch 0/204 | Loss: 3.3123
2025-06-02 14:00:25,870 - INFO - Batch 100/204 | Loss: 0.5482
2025-06-02 14:00:30,271 - INFO - Batch 200/204 | Loss: 0.3687
2025-06-02 14:02:19,512 - INFO - New best model saved: logs/2025-06-02_14-00-03/checkpoints/supervised_best_epoch_1.pt
2025-06-02 14:02:19,512 - INFO - Epoch 1/2 | Train Loss: 0.7822 | Val Loss: 0.5162 | Val Action Acc: 0.0000
2025-06-02 14:02:20,389 - INFO - Batch 0/204 | Loss: 0.2909
2025-06-02 14:02:27,090 - INFO - Batch 100/204 | Loss: 0.2716
2025-06-02 14:02:31,496 - INFO - Batch 200/204 | Loss: 0.2435
2025-06-02 14:04:21,357 - INFO - New best model saved: logs/2025-06-02_14-00-03/checkpoints/supervised_best_epoch_2.pt
2025-06-02 14:04:21,357 - INFO - Epoch 2/2 | Train Loss: 0.2925 | Val Loss: 0.4452 | Val Action Acc: 0.0000
2025-06-02 14:04:21,809 - INFO - Training plots saved to logs/2025-06-02_14-00-03
2025-06-02 14:04:21,941 - INFO - Training completed. Best model: logs/2025-06-02_14-00-03/checkpoints/supervised_best_epoch_2.pt
2025-06-02 14:04:21,941 - INFO - Final model: logs/2025-06-02_14-00-03/checkpoints/final_model.pt
2025-06-02 14:04:21,941 - INFO - ✅ IL training completed. Model saved: logs/2025-06-02_14-00-03/checkpoints/supervised_best_epoch_2.pt
2025-06-02 14:05:02,444 - INFO - 🤖 Training RL Models...
2025-06-02 14:05:58,567 - INFO - 📈 Running comprehensive evaluation...
2025-06-02 14:05:58,577 - ERROR - ❌ Comparison experiment failed: 'ComparisonExperiment' object has no attribute '_load_il_model'
