2025-04-09 16:47:04,653 - INFO - Log file: logs/2025-04-09_16-47-04/loggings.log
2025-04-09 16:47:04,653 - INFO - Starting CholecT50 experiment for Surgical Actions Prediction
2025-04-09 16:47:04,653 - INFO - Experiment configuration: {'max_videos': None, 'recognition': {'train': False, 'inference': True, 'best_model_path': 'best_model_epoch2_map0.5008.pt'}, 'pretrain_next_frame': {'train': False, 'inference': False, 'best_model_path': 'best_model_epoch1_valloss1.190734.pt'}, 'pretrain_reward_model': False, 'calculate_action_rewards': False, 'train_action_policy': False, 'run_tdmpc': False, 'analyze_results': False, 'run_evaluation': False}
2025-04-09 16:47:04,653 - INFO - Using device: cuda
2025-04-09 16:47:04,653 - INFO - Loading CholecT50 data...
2025-04-09 16:47:16,399 - INFO - Loading pre-trained model from best_model_epoch2_map0.5008.pt
2025-04-09 16:47:16,466 - INFO - Running inference and evaluation...
2025-04-09 16:47:16,722 - INFO - [TEST] Video VID02 | Batch 0/178
2025-04-09 16:47:16,890 - INFO - [TEST] Video VID02 | Batch 40/178
2025-04-09 16:47:17,068 - INFO - [TEST] Video VID02 | Batch 80/178
2025-04-09 16:47:17,223 - INFO - [TEST] Video VID02 | Batch 120/178
2025-04-09 16:47:17,379 - INFO - [TEST] Video VID02 | Batch 160/178
2025-04-09 16:47:17,516 - INFO - [TEST] Video VID02: Test mAP (sklearn) Action: 0.4723
2025-04-09 16:47:17,516 - INFO - [TEST] Video VID02: Test mAP (sklearn) Instrument: 0.9214
2025-04-09 16:47:17,692 - INFO - [TEST] Video VID06 | Batch 0/135
2025-04-09 16:47:17,838 - INFO - [TEST] Video VID06 | Batch 40/135
2025-04-09 16:47:17,985 - INFO - [TEST] Video VID06 | Batch 80/135
2025-04-09 16:47:18,147 - INFO - [TEST] Video VID06 | Batch 120/135
2025-04-09 16:47:18,271 - INFO - [TEST] Video VID06: Test mAP (sklearn) Action: 0.5409
2025-04-09 16:47:18,271 - INFO - [TEST] Video VID06: Test mAP (sklearn) Instrument: 0.9493
2025-04-09 16:47:18,442 - INFO - [TEST] Video VID111 | Batch 0/135
2025-04-09 16:47:18,581 - INFO - [TEST] Video VID111 | Batch 40/135
2025-04-09 16:47:18,730 - INFO - [TEST] Video VID111 | Batch 80/135
2025-04-09 16:47:18,885 - INFO - [TEST] Video VID111 | Batch 120/135
2025-04-09 16:47:19,006 - INFO - [TEST] Video VID111: Test mAP (sklearn) Action: 0.5217
2025-04-09 16:47:19,006 - INFO - [TEST] Video VID111: Test mAP (sklearn) Instrument: 0.9498
2025-04-09 16:47:19,184 - INFO - [TEST] Video VID14 | Batch 0/107
2025-04-09 16:47:19,344 - INFO - [TEST] Video VID14 | Batch 40/107
2025-04-09 16:47:19,493 - INFO - [TEST] Video VID14 | Batch 80/107
2025-04-09 16:47:19,676 - INFO - [TEST] Video VID14: Test mAP (sklearn) Action: 0.3740
2025-04-09 16:47:19,677 - INFO - [TEST] Video VID14: Test mAP (sklearn) Instrument: 0.8406
2025-04-09 16:47:19,850 - INFO - [TEST] Video VID23 | Batch 0/103
2025-04-09 16:47:19,989 - INFO - [TEST] Video VID23 | Batch 40/103
2025-04-09 16:47:20,142 - INFO - [TEST] Video VID23 | Batch 80/103
2025-04-09 16:47:20,298 - INFO - [TEST] Video VID23: Test mAP (sklearn) Action: 0.4474
2025-04-09 16:47:20,298 - INFO - [TEST] Video VID23: Test mAP (sklearn) Instrument: 0.8777
2025-04-09 16:47:20,475 - INFO - [TEST] Video VID25 | Batch 0/134
2025-04-09 16:47:20,619 - INFO - [TEST] Video VID25 | Batch 40/134
2025-04-09 16:47:20,770 - INFO - [TEST] Video VID25 | Batch 80/134
2025-04-09 16:47:20,927 - INFO - [TEST] Video VID25 | Batch 120/134
2025-04-09 16:47:21,042 - INFO - [TEST] Video VID25: Test mAP (sklearn) Action: 0.5763
2025-04-09 16:47:21,042 - INFO - [TEST] Video VID25: Test mAP (sklearn) Instrument: 0.9426
2025-04-09 16:47:21,215 - INFO - [TEST] Video VID50 | Batch 0/69
2025-04-09 16:47:21,359 - INFO - [TEST] Video VID50 | Batch 40/69
2025-04-09 16:47:21,517 - INFO - [TEST] Video VID50: Test mAP (sklearn) Action: 0.5496
2025-04-09 16:47:21,517 - INFO - [TEST] Video VID50: Test mAP (sklearn) Instrument: 0.9759
2025-04-09 16:47:21,693 - INFO - [TEST] Video VID51 | Batch 0/184
2025-04-09 16:47:21,838 - INFO - [TEST] Video VID51 | Batch 40/184
2025-04-09 16:47:22,001 - INFO - [TEST] Video VID51 | Batch 80/184
2025-04-09 16:47:22,157 - INFO - [TEST] Video VID51 | Batch 120/184
2025-04-09 16:47:22,312 - INFO - [TEST] Video VID51 | Batch 160/184
2025-04-09 16:47:22,487 - INFO - [TEST] Video VID51: Test mAP (sklearn) Action: 0.4941
2025-04-09 16:47:22,487 - INFO - [TEST] Video VID51: Test mAP (sklearn) Instrument: 0.9628
2025-04-09 16:47:22,660 - INFO - [TEST] Video VID66 | Batch 0/114
2025-04-09 16:47:22,801 - INFO - [TEST] Video VID66 | Batch 40/114
2025-04-09 16:47:22,952 - INFO - [TEST] Video VID66 | Batch 80/114
2025-04-09 16:47:23,146 - INFO - [TEST] Video VID66: Test mAP (sklearn) Action: 0.6118
2025-04-09 16:47:23,146 - INFO - [TEST] Video VID66: Test mAP (sklearn) Instrument: 0.9365
2025-04-09 16:47:23,324 - INFO - [TEST] Video VID79 | Batch 0/214
2025-04-09 16:47:23,465 - INFO - [TEST] Video VID79 | Batch 40/214
2025-04-09 16:47:23,626 - INFO - [TEST] Video VID79 | Batch 80/214
2025-04-09 16:47:23,778 - INFO - [TEST] Video VID79 | Batch 120/214
2025-04-09 16:47:23,932 - INFO - [TEST] Video VID79 | Batch 160/214
2025-04-09 16:47:24,096 - INFO - [TEST] Video VID79 | Batch 200/214
2025-04-09 16:47:24,232 - INFO - [TEST] Video VID79: Test mAP (sklearn) Action: 0.4196
2025-04-09 16:47:24,232 - INFO - [TEST] Video VID79: Test mAP (sklearn) Instrument: 0.9746
2025-04-09 16:47:26,864 - INFO - [TEST] Overall action mAP (sklearn): 0.5008
2025-04-09 16:47:26,864 - INFO - [TEST] Overall instrument mAP (sklearn): 0.9331
2025-04-09 16:47:26,864 - INFO - [TEST] Overall action mAP (ivt): 0.3886
2025-04-09 16:47:26,864 - INFO - [TEST] Overall instrument mAP (ivt): 0.9215
2025-04-09 16:47:26,864 - INFO - [TEST] Test mAP Action (sklearn): 0.5008
2025-04-09 16:47:26,865 - INFO - [TEST] Test mAP Instrument (sklearn): 0.9331
2025-04-09 16:47:26,865 - INFO - [TEST] Test mAP Action (ivt): 0.3886
2025-04-09 16:47:26,865 - INFO - [TEST] Test mAP Instrument (ivt): 0.9215
2025-04-09 16:47:26,865 - INFO - Results: {'sklearn_mAP_a': 0.5008, 'sklearn_mAP_i': 0.9331, 'ivt_mAP_a': 0.3886, 'ivt_mAP_i': 0.9215}
