2025-06-16 16:50:44,560 - INFO - SuRL_FixedRL_128201375302096 - Shared experiment log directory: results/fixed_rl_2025-06-16_16-50-44/logs
2025-06-16 16:50:44,560 - INFO - SuRL_FixedRL_128201375302096 - 🎯 FIXED RL Experiment: fixed_rl_2025-06-16_16-50-44
2025-06-16 16:50:44,561 - INFO - SuRL_FixedRL_128201375302096 - 📁 Results dir: results/fixed_rl_2025-06-16_16-50-44
2025-06-16 16:50:44,561 - INFO - SuRL_FixedRL_128201375302096 - 🚀 Starting Complete FIXED RL Comparison
2025-06-16 16:50:44,561 - INFO - SuRL_FixedRL_128201375302096 - ============================================================
2025-06-16 16:50:44,561 - INFO - SuRL_FixedRL_128201375302096 - 📂 Loading CholecT50 data...
2025-06-16 16:50:44,561 - INFO - SuRL_FixedRL_128201375302096 -    Training videos: 40
2025-06-16 16:50:44,561 - INFO - SuRL_FixedRL_128201375302096 -    Test videos: 10
2025-06-16 16:50:44,561 - INFO - SuRL_FixedRL_128201375302096 - Loading train data from /home/maxboels/datasets/CholecT50 with fold 0
2025-06-16 16:50:44,973 - INFO - SuRL_FixedRL_128201375302096 - ✅ Loaded metadata: /home/maxboels/datasets/CholecT50/embeddings_train_set/fold0/embeddings_f0_swin_bas_129_phase_complet_phase_transit_prog_prob_action_risk_glob_outcome.csv - Shape: (78968, 156)
2025-06-16 16:50:44,973 - INFO - SuRL_FixedRL_128201375302096 - [Train] Start processing metadata file /home/maxboels/datasets/CholecT50/embeddings_train_set/fold0/embeddings_f0_swin_bas_129_phase_complet_phase_transit_prog_prob_action_risk_glob_outcome.csv
2025-06-16 16:50:44,973 - INFO - SuRL_FixedRL_128201375302096 - [Train] Rewards extraction skipped, using metadata file /home/maxboels/datasets/CholecT50/embeddings_train_set/fold0/embeddings_f0_swin_bas_129_phase_complet_phase_transit_prog_prob_action_risk_glob_outcome.csv
2025-06-16 16:50:44,975 - INFO - SuRL_FixedRL_128201375302096 - [Train] Found 40 videos in metadata file
2025-06-16 16:50:44,975 - INFO - SuRL_FixedRL_128201375302096 - [Train] Loading data for 40 videos
2025-06-16 16:50:45,061 - INFO - SuRL_FixedRL_128201375302096 - ✅ Loaded video VID01: 1734 frames, 1024D embeddings
2025-06-16 16:50:45,130 - INFO - SuRL_FixedRL_128201375302096 - ✅ Loaded video VID04: 1523 frames, 1024D embeddings
2025-06-16 16:50:45,229 - INFO - SuRL_FixedRL_128201375302096 - ✅ Loaded video VID05: 2345 frames, 1024D embeddings
2025-06-16 16:50:45,295 - INFO - SuRL_FixedRL_128201375302096 - ✅ Loaded video VID08: 1520 frames, 1024D embeddings
2025-06-16 16:50:45,369 - INFO - SuRL_FixedRL_128201375302096 - ✅ Loaded video VID10: 1750 frames, 1024D embeddings
2025-06-16 16:50:45,464 - INFO - SuRL_FixedRL_128201375302096 - ✅ Loaded video VID103: 2220 frames, 1024D embeddings
2025-06-16 16:50:45,555 - INFO - SuRL_FixedRL_128201375302096 - ✅ Loaded video VID110: 2177 frames, 1024D embeddings
2025-06-16 16:50:45,603 - INFO - SuRL_FixedRL_128201375302096 - ✅ Loaded video VID12: 1091 frames, 1024D embeddings
2025-06-16 16:50:45,646 - INFO - SuRL_FixedRL_128201375302096 - ✅ Loaded video VID13: 982 frames, 1024D embeddings
2025-06-16 16:50:45,734 - INFO - SuRL_FixedRL_128201375302096 - ✅ Loaded video VID15: 2059 frames, 1024D embeddings
2025-06-16 16:50:45,819 - INFO - SuRL_FixedRL_128201375302096 - ✅ Loaded video VID18: 1943 frames, 1024D embeddings
2025-06-16 16:50:45,885 - INFO - SuRL_FixedRL_128201375302096 - ✅ Loaded video VID22: 1533 frames, 1024D embeddings
2025-06-16 16:50:45,970 - INFO - SuRL_FixedRL_128201375302096 - ✅ Loaded video VID26: 1774 frames, 1024D embeddings
2025-06-16 16:50:46,063 - INFO - SuRL_FixedRL_128201375302096 - ✅ Loaded video VID27: 2085 frames, 1024D embeddings
2025-06-16 16:50:46,168 - INFO - SuRL_FixedRL_128201375302096 - ✅ Loaded video VID29: 2351 frames, 1024D embeddings
2025-06-16 16:50:46,343 - INFO - SuRL_FixedRL_128201375302096 - ✅ Loaded video VID31: 3946 frames, 1024D embeddings
2025-06-16 16:50:46,435 - INFO - SuRL_FixedRL_128201375302096 - ✅ Loaded video VID32: 2117 frames, 1024D embeddings
2025-06-16 16:50:46,528 - INFO - SuRL_FixedRL_128201375302096 - ✅ Loaded video VID35: 2107 frames, 1024D embeddings
2025-06-16 16:50:46,634 - INFO - SuRL_FixedRL_128201375302096 - ✅ Loaded video VID36: 2388 frames, 1024D embeddings
2025-06-16 16:50:46,731 - INFO - SuRL_FixedRL_128201375302096 - ✅ Loaded video VID40: 2223 frames, 1024D embeddings
2025-06-16 16:50:46,894 - INFO - SuRL_FixedRL_128201375302096 - ✅ Loaded video VID42: 3713 frames, 1024D embeddings
2025-06-16 16:50:46,998 - INFO - SuRL_FixedRL_128201375302096 - ✅ Loaded video VID43: 2363 frames, 1024D embeddings
2025-06-16 16:50:47,095 - INFO - SuRL_FixedRL_128201375302096 - ✅ Loaded video VID47: 2260 frames, 1024D embeddings
2025-06-16 16:50:47,174 - INFO - SuRL_FixedRL_128201375302096 - ✅ Loaded video VID48: 1835 frames, 1024D embeddings
2025-06-16 16:50:47,247 - INFO - SuRL_FixedRL_128201375302096 - ✅ Loaded video VID49: 1672 frames, 1024D embeddings
2025-06-16 16:50:47,334 - INFO - SuRL_FixedRL_128201375302096 - ✅ Loaded video VID52: 1967 frames, 1024D embeddings
2025-06-16 16:50:47,417 - INFO - SuRL_FixedRL_128201375302096 - ✅ Loaded video VID56: 1837 frames, 1024D embeddings
2025-06-16 16:50:47,532 - INFO - SuRL_FixedRL_128201375302096 - ✅ Loaded video VID57: 2633 frames, 1024D embeddings
2025-06-16 16:50:47,642 - INFO - SuRL_FixedRL_128201375302096 - ✅ Loaded video VID60: 2533 frames, 1024D embeddings
2025-06-16 16:50:47,732 - INFO - SuRL_FixedRL_128201375302096 - ✅ Loaded video VID62: 2033 frames, 1024D embeddings
2025-06-16 16:50:47,816 - INFO - SuRL_FixedRL_128201375302096 - ✅ Loaded video VID65: 1874 frames, 1024D embeddings
2025-06-16 16:50:47,902 - INFO - SuRL_FixedRL_128201375302096 - ✅ Loaded video VID68: 1973 frames, 1024D embeddings
2025-06-16 16:50:47,955 - INFO - SuRL_FixedRL_128201375302096 - ✅ Loaded video VID70: 1195 frames, 1024D embeddings
2025-06-16 16:50:48,039 - INFO - SuRL_FixedRL_128201375302096 - ✅ Loaded video VID73: 1357 frames, 1024D embeddings
2025-06-16 16:50:48,113 - INFO - SuRL_FixedRL_128201375302096 - ✅ Loaded video VID74: 1635 frames, 1024D embeddings
2025-06-16 16:50:48,201 - INFO - SuRL_FixedRL_128201375302096 - ✅ Loaded video VID75: 1924 frames, 1024D embeddings
2025-06-16 16:50:48,238 - INFO - SuRL_FixedRL_128201375302096 - ✅ Loaded video VID78: 740 frames, 1024D embeddings
2025-06-16 16:50:48,314 - INFO - SuRL_FixedRL_128201375302096 - ✅ Loaded video VID80: 1725 frames, 1024D embeddings
2025-06-16 16:50:48,409 - INFO - SuRL_FixedRL_128201375302096 - ✅ Loaded video VID92: 2124 frames, 1024D embeddings
2025-06-16 16:50:48,487 - INFO - SuRL_FixedRL_128201375302096 - ✅ Loaded video VID96: 1707 frames, 1024D embeddings
2025-06-16 16:50:48,487 - INFO - SuRL_FixedRL_128201375302096 - ✅ Successfully loaded 40 videos for train
2025-06-16 16:50:48,487 - INFO - SuRL_FixedRL_128201375302096 - Loading test data from /home/maxboels/datasets/CholecT50 with fold 0
2025-06-16 16:50:48,581 - INFO - SuRL_FixedRL_128201375302096 - ✅ Loaded metadata: /home/maxboels/datasets/CholecT50/embeddings_test_set/fold0/embeddings_f0_swin_bas_129_phase_complet_phase_transit_prog_prob_action_risk_glob_outcome.csv - Shape: (21895, 156)
2025-06-16 16:50:48,581 - INFO - SuRL_FixedRL_128201375302096 - [Test] Start processing metadata file /home/maxboels/datasets/CholecT50/embeddings_test_set/fold0/embeddings_f0_swin_bas_129_phase_complet_phase_transit_prog_prob_action_risk_glob_outcome.csv
2025-06-16 16:50:48,581 - INFO - SuRL_FixedRL_128201375302096 - [Test] Rewards extraction skipped, using metadata file /home/maxboels/datasets/CholecT50/embeddings_test_set/fold0/embeddings_f0_swin_bas_129_phase_complet_phase_transit_prog_prob_action_risk_glob_outcome.csv
2025-06-16 16:50:48,581 - INFO - SuRL_FixedRL_128201375302096 - [Test] Found 10 videos in metadata file
2025-06-16 16:50:48,581 - INFO - SuRL_FixedRL_128201375302096 - [Test] Loading data for 10 videos
2025-06-16 16:50:48,698 - INFO - SuRL_FixedRL_128201375302096 - ✅ Loaded video VID02: 2840 frames, 1024D embeddings
2025-06-16 16:50:48,789 - INFO - SuRL_FixedRL_128201375302096 - ✅ Loaded video VID06: 2154 frames, 1024D embeddings
2025-06-16 16:50:48,878 - INFO - SuRL_FixedRL_128201375302096 - ✅ Loaded video VID111: 2146 frames, 1024D embeddings
2025-06-16 16:50:48,951 - INFO - SuRL_FixedRL_128201375302096 - ✅ Loaded video VID14: 1709 frames, 1024D embeddings
2025-06-16 16:50:49,021 - INFO - SuRL_FixedRL_128201375302096 - ✅ Loaded video VID23: 1636 frames, 1024D embeddings
2025-06-16 16:50:49,112 - INFO - SuRL_FixedRL_128201375302096 - ✅ Loaded video VID25: 2130 frames, 1024D embeddings
2025-06-16 16:50:49,160 - INFO - SuRL_FixedRL_128201375302096 - ✅ Loaded video VID50: 1095 frames, 1024D embeddings
2025-06-16 16:50:49,290 - INFO - SuRL_FixedRL_128201375302096 - ✅ Loaded video VID51: 2945 frames, 1024D embeddings
2025-06-16 16:50:49,369 - INFO - SuRL_FixedRL_128201375302096 - ✅ Loaded video VID66: 1825 frames, 1024D embeddings
2025-06-16 16:50:49,516 - INFO - SuRL_FixedRL_128201375302096 - ✅ Loaded video VID79: 3415 frames, 1024D embeddings
2025-06-16 16:50:49,516 - INFO - SuRL_FixedRL_128201375302096 - ✅ Successfully loaded 10 videos for test
2025-06-16 16:50:49,516 - INFO - SuRL_FixedRL_128201375302096 - ✅ Data loaded successfully
2025-06-16 16:50:49,516 - INFO - SuRL_FixedRL_128201375302096 -    Training videos: 40
2025-06-16 16:50:49,516 - INFO - SuRL_FixedRL_128201375302096 -    Test videos: 10
2025-06-16 16:50:49,516 - INFO - SuRL_FixedRL_128201375302096 - 🎓 Method 1: Autoregressive IL is disabled in config, skipping...
2025-06-16 16:50:49,516 - INFO - SuRL_FixedRL_128201375302096 - 🌍 Running Method 2: FIXED Conditional World Model + RL
2025-06-16 16:50:49,516 - INFO - SuRL_FixedRL_128201375302096 - ----------------------------------------
2025-06-16 16:50:49,516 - INFO - SuRL_FixedRL_128201375302096 - ----------------------------------------
2025-06-16 16:50:49,516 - INFO - SuRL_FixedRL_128201375302096 - 🌍 Method 2: Conditional World Model + RL
2025-06-16 16:50:49,516 - INFO - SuRL_FixedRL_128201375302096 - ----------------------------------------
2025-06-16 16:50:49,516 - INFO - SuRL_FixedRL_128201375302096 - ----------------------------------------
2025-06-16 16:50:49,516 - INFO - SuRL_FixedRL_128201375302096 - 📂 Using pretrained world model from: results/fixed_rl_2025-06-13_19-22-25/logs/checkpoints/world_model_best_epoch_1.pt
2025-06-16 16:50:49,890 - INFO - SuRL_FixedRL_128201375302096 - ✅ Pretrained world model loaded successfully
2025-06-16 16:50:52,636 - INFO - SuRL_FixedRL_128201375302096 - ✅ Stored test loaders for evaluation: ['VID02', 'VID06', 'VID111', 'VID14', 'VID23', 'VID25', 'VID50', 'VID51', 'VID66', 'VID79']
2025-06-16 16:50:52,640 - INFO - SuRL_FixedRL_128201375302096 - 🌍 World Model Trainer initialized
2025-06-16 16:50:52,640 - INFO - SuRL_FixedRL_128201375302096 -    Device: cuda
2025-06-16 16:50:52,640 - INFO - SuRL_FixedRL_128201375302096 -    Epochs: 1
2025-06-16 16:50:52,640 - INFO - SuRL_FixedRL_128201375302096 -    Learning rate: 3e-05
2025-06-16 16:50:52,640 - INFO - SuRL_FixedRL_128201375302096 -    Focus: Action-conditioned state-reward prediction
2025-06-16 16:50:52,640 - INFO - SuRL_FixedRL_128201375302096 - 📊 Evaluating pretrained world model...
2025-06-16 16:50:52,640 - INFO - SuRL_FixedRL_128201375302096 - 📊 Evaluating World Model...
