2025-04-09 18:30:39,591 - INFO - Log file: logs/2025-04-09_18-30-39/loggings.log
2025-04-09 18:30:39,591 - INFO - Starting CholecT50 experiment for Surgical Actions Prediction
2025-04-09 18:30:39,591 - INFO - Experiment configuration: {'max_videos': None, 'recognition': {'train': False, 'inference': True, 'best_model_path': 'best_model_epoch2_map0.5008.pt'}, 'pretrain_next_frame': {'train': False, 'inference': False, 'best_model_path': 'best_model_epoch1_valloss1.190734.pt'}, 'pretrain_reward_model': False, 'calculate_action_rewards': False, 'train_action_policy': False, 'run_tdmpc': False, 'analyze_results': False, 'run_evaluation': False}
2025-04-09 18:30:39,591 - INFO - Using device: cuda
2025-04-09 18:30:39,591 - INFO - Loading CholecT50 data...
2025-04-09 18:30:51,588 - INFO - Loading pre-trained model from best_model_epoch2_map0.5008.pt
2025-04-09 18:30:51,649 - INFO - Running inference and evaluation...
2025-04-09 18:30:51,887 - INFO - [TEST] Video VID02 | Batch 0/178
2025-04-09 18:30:52,046 - INFO - [TEST] Video VID02 | Batch 40/178
2025-04-09 18:30:52,226 - INFO - [TEST] Video VID02 | Batch 80/178
2025-04-09 18:30:52,381 - INFO - [TEST] Video VID02 | Batch 120/178
2025-04-09 18:30:52,536 - INFO - [TEST] Video VID02 | Batch 160/178
2025-04-09 18:30:52,668 - INFO - [TEST] Video VID02: Test mAP (sklearn) Action: 0.4723
2025-04-09 18:30:52,668 - INFO - [TEST] Video VID02: Test mAP (sklearn) Instrument: 0.9214
2025-04-09 18:30:52,833 - INFO - [TEST] Video VID06 | Batch 0/135
2025-04-09 18:30:52,985 - INFO - [TEST] Video VID06 | Batch 40/135
2025-04-09 18:30:53,136 - INFO - [TEST] Video VID06 | Batch 80/135
2025-04-09 18:30:53,305 - INFO - [TEST] Video VID06 | Batch 120/135
2025-04-09 18:30:53,443 - INFO - [TEST] Video VID06: Test mAP (sklearn) Action: 0.5409
2025-04-09 18:30:53,444 - INFO - [TEST] Video VID06: Test mAP (sklearn) Instrument: 0.9493
2025-04-09 18:30:53,602 - INFO - [TEST] Video VID111 | Batch 0/135
2025-04-09 18:30:53,750 - INFO - [TEST] Video VID111 | Batch 40/135
2025-04-09 18:30:53,900 - INFO - [TEST] Video VID111 | Batch 80/135
2025-04-09 18:30:54,066 - INFO - [TEST] Video VID111 | Batch 120/135
2025-04-09 18:30:54,200 - INFO - [TEST] Video VID111: Test mAP (sklearn) Action: 0.5217
2025-04-09 18:30:54,200 - INFO - [TEST] Video VID111: Test mAP (sklearn) Instrument: 0.9498
2025-04-09 18:30:54,360 - INFO - [TEST] Video VID14 | Batch 0/107
2025-04-09 18:30:54,500 - INFO - [TEST] Video VID14 | Batch 40/107
2025-04-09 18:30:54,642 - INFO - [TEST] Video VID14 | Batch 80/107
2025-04-09 18:30:54,806 - INFO - [TEST] Video VID14: Test mAP (sklearn) Action: 0.3740
2025-04-09 18:30:54,807 - INFO - [TEST] Video VID14: Test mAP (sklearn) Instrument: 0.8406
2025-04-09 18:30:54,965 - INFO - [TEST] Video VID23 | Batch 0/103
2025-04-09 18:30:55,115 - INFO - [TEST] Video VID23 | Batch 40/103
2025-04-09 18:30:55,262 - INFO - [TEST] Video VID23 | Batch 80/103
2025-04-09 18:30:55,406 - INFO - [TEST] Video VID23: Test mAP (sklearn) Action: 0.4474
2025-04-09 18:30:55,406 - INFO - [TEST] Video VID23: Test mAP (sklearn) Instrument: 0.8777
2025-04-09 18:30:55,568 - INFO - [TEST] Video VID25 | Batch 0/134
2025-04-09 18:30:55,710 - INFO - [TEST] Video VID25 | Batch 40/134
2025-04-09 18:30:55,857 - INFO - [TEST] Video VID25 | Batch 80/134
2025-04-09 18:30:56,010 - INFO - [TEST] Video VID25 | Batch 120/134
2025-04-09 18:30:56,121 - INFO - [TEST] Video VID25: Test mAP (sklearn) Action: 0.5763
2025-04-09 18:30:56,121 - INFO - [TEST] Video VID25: Test mAP (sklearn) Instrument: 0.9426
2025-04-09 18:30:56,284 - INFO - [TEST] Video VID50 | Batch 0/69
2025-04-09 18:30:56,429 - INFO - [TEST] Video VID50 | Batch 40/69
2025-04-09 18:30:56,587 - INFO - [TEST] Video VID50: Test mAP (sklearn) Action: 0.5496
2025-04-09 18:30:56,587 - INFO - [TEST] Video VID50: Test mAP (sklearn) Instrument: 0.9759
2025-04-09 18:30:56,751 - INFO - [TEST] Video VID51 | Batch 0/184
2025-04-09 18:30:56,892 - INFO - [TEST] Video VID51 | Batch 40/184
2025-04-09 18:30:57,043 - INFO - [TEST] Video VID51 | Batch 80/184
2025-04-09 18:30:57,207 - INFO - [TEST] Video VID51 | Batch 120/184
2025-04-09 18:30:57,364 - INFO - [TEST] Video VID51 | Batch 160/184
2025-04-09 18:30:57,535 - INFO - [TEST] Video VID51: Test mAP (sklearn) Action: 0.4941
2025-04-09 18:30:57,535 - INFO - [TEST] Video VID51: Test mAP (sklearn) Instrument: 0.9628
2025-04-09 18:30:57,718 - INFO - [TEST] Video VID66 | Batch 0/114
2025-04-09 18:30:57,860 - INFO - [TEST] Video VID66 | Batch 40/114
2025-04-09 18:30:58,011 - INFO - [TEST] Video VID66 | Batch 80/114
2025-04-09 18:30:58,206 - INFO - [TEST] Video VID66: Test mAP (sklearn) Action: 0.6118
2025-04-09 18:30:58,206 - INFO - [TEST] Video VID66: Test mAP (sklearn) Instrument: 0.9365
2025-04-09 18:30:58,369 - INFO - [TEST] Video VID79 | Batch 0/214
2025-04-09 18:30:58,510 - INFO - [TEST] Video VID79 | Batch 40/214
2025-04-09 18:30:58,665 - INFO - [TEST] Video VID79 | Batch 80/214
2025-04-09 18:30:58,821 - INFO - [TEST] Video VID79 | Batch 120/214
2025-04-09 18:30:58,980 - INFO - [TEST] Video VID79 | Batch 160/214
2025-04-09 18:30:59,138 - INFO - [TEST] Video VID79 | Batch 200/214
2025-04-09 18:30:59,268 - INFO - [TEST] Video VID79: Test mAP (sklearn) Action: 0.4196
2025-04-09 18:30:59,268 - INFO - [TEST] Video VID79: Test mAP (sklearn) Instrument: 0.9746
2025-04-09 18:31:01,904 - INFO - [TEST] Overall action mAP (sklearn): 0.5008
2025-04-09 18:31:01,904 - INFO - [TEST] Overall instrument mAP (sklearn): 0.9331
2025-04-09 18:31:01,904 - INFO - [TEST] Overall action mAP (ivt): 0.3772
2025-04-09 18:31:01,905 - INFO - [TEST] Overall instrument mAP (ivt): 0.9215
2025-04-09 18:31:01,905 - INFO - [TEST] Test mAP Action (sklearn): 0.5008
2025-04-09 18:31:01,905 - INFO - [TEST] Test mAP Instrument (sklearn): 0.9331
2025-04-09 18:31:01,905 - INFO - [TEST] Test mAP Action (ivt): 0.3772
2025-04-09 18:31:01,905 - INFO - [TEST] Test mAP Instrument (ivt): 0.9215
2025-04-09 18:31:01,906 - INFO - Results: {'sklearn_mAP_a_from_vid_ap': 0.37716987287657194, 'sklearn_mAP_a': 0.5008, 'sklearn_mAP_i': 0.9331, 'ivt_mAP_a_from_vid_ap': 0.37716987287657194, 'ivt_mAP_a': 0.3772, 'ivt_mAP_i': 0.9215}
