2025-04-08 14:32:51,416 - INFO - Log file: logs/2025-04-08_14-32-51/loggings.log
2025-04-08 14:32:51,416 - INFO - Starting CholecT50 experiment for Surgical Actions Prediction
2025-04-08 14:32:51,416 - INFO - Experiment configuration: {'max_videos': 1, 'recognition': {'train': True, 'inference': False, 'best_model_path': 'best_model_epoch1_valloss1.190734.pt'}, 'pretrain_next_frame': {'train': False, 'inference': True, 'best_model_path': 'best_model_epoch1_valloss1.190734.pt'}, 'pretrain_reward_model': False, 'calculate_action_rewards': False, 'train_action_policy': False, 'run_tdmpc': False, 'analyze_results': False, 'run_evaluation': False}
2025-04-08 14:32:51,416 - INFO - Using device: cuda
2025-04-08 14:32:51,416 - INFO - Loading CholecT50 data...
2025-04-08 14:32:58,505 - INFO - Created Recognition Head model with:
2025-04-08 14:32:58,505 - INFO -   - Input dimension: 1024
2025-04-08 14:32:58,505 - INFO -   - Hidden dimension: 512
2025-04-08 14:32:58,505 - INFO -   - Action classes: 100
2025-04-08 14:32:58,505 - INFO -   - Instrument classes: 6
2025-04-08 14:32:58,505 - INFO - Starting model training...
2025-04-08 14:32:58,639 - INFO - Epoch 1/3, Batch 0/109, Loss: 1.3990
2025-04-08 14:32:58,771 - INFO - Epoch 1/3, Batch 40/109, Loss: 0.8142
2025-04-08 14:32:58,895 - INFO - Epoch 1/3, Batch 80/109, Loss: 0.3584
2025-04-08 14:32:58,991 - INFO - Epoch 1/3, Train Loss: 0.7322
2025-04-08 14:32:59,000 - INFO - Epoch 1/3, Batch 0/178, Validation Loss: 0.2076
2025-04-08 14:32:59,084 - INFO - Epoch 1/3, Batch 40/178, Validation Loss: 0.2668
2025-04-08 14:32:59,160 - INFO - Epoch 1/3, Batch 80/178, Validation Loss: 0.4742
2025-04-08 14:32:59,235 - INFO - Epoch 1/3, Batch 120/178, Validation Loss: 0.3453
2025-04-08 14:32:59,313 - INFO - Epoch 1/3, Batch 160/178, Validation Loss: 0.2056
2025-04-08 14:32:59,346 - INFO - Epoch 1/3, Validation Loss: 0.3623
2025-04-08 14:32:59,396 - INFO - Epoch 1/3, Validation mAP: 0.0432
