2025-06-17 21:11:11,656 - INFO - FixedBC_129389159931376 - Shared experiment log directory: fixed_behavioral_cloning_2025-06-17_21-11-11/logs
2025-06-17 21:11:11,656 - INFO - FixedBC_129389159931376 - 🎓 FIXED BEHAVIORAL CLONING WARM-START + SPARSE ACTION RL
2025-06-17 21:11:11,656 - INFO - FixedBC_129389159931376 - ============================================================
2025-06-17 21:11:11,656 - INFO - FixedBC_129389159931376 - Goal: Fix overfitting and optimize for sparse actions (0-3 out of 100)
2025-06-17 21:11:11,656 - INFO - FixedBC_129389159931376 - Key insight: Most predictions should be near zero for this domain!
2025-06-17 21:11:11,656 - INFO - FixedBC_129389159931376 - 📂 Loading data...
2025-06-17 21:11:11,656 - INFO - FixedBC_129389159931376 - Loading train data from /home/maxboels/datasets/CholecT50 with fold 0
2025-06-17 21:11:12,059 - INFO - FixedBC_129389159931376 - ✅ Loaded metadata: /home/maxboels/datasets/CholecT50/embeddings_train_set/fold0/embeddings_f0_swin_bas_129_phase_complet_phase_transit_prog_prob_action_risk_glob_outcome.csv - Shape: (78968, 156)
2025-06-17 21:11:12,059 - INFO - FixedBC_129389159931376 - [Train] Start processing metadata file /home/maxboels/datasets/CholecT50/embeddings_train_set/fold0/embeddings_f0_swin_bas_129_phase_complet_phase_transit_prog_prob_action_risk_glob_outcome.csv
2025-06-17 21:11:12,059 - INFO - FixedBC_129389159931376 - [Train] Rewards extraction skipped, using metadata file /home/maxboels/datasets/CholecT50/embeddings_train_set/fold0/embeddings_f0_swin_bas_129_phase_complet_phase_transit_prog_prob_action_risk_glob_outcome.csv
2025-06-17 21:11:12,061 - INFO - FixedBC_129389159931376 - [Train] Found 15 videos in metadata file
2025-06-17 21:11:12,061 - INFO - FixedBC_129389159931376 - [Train] Loading data for 15 videos
2025-06-17 21:11:12,134 - INFO - FixedBC_129389159931376 - ✅ Loaded video VID01: 1734 frames, 1024-dims embeddings
2025-06-17 21:11:12,198 - INFO - FixedBC_129389159931376 - ✅ Loaded video VID04: 1523 frames, 1024-dims embeddings
2025-06-17 21:11:12,292 - INFO - FixedBC_129389159931376 - ✅ Loaded video VID05: 2345 frames, 1024-dims embeddings
2025-06-17 21:11:12,354 - INFO - FixedBC_129389159931376 - ✅ Loaded video VID08: 1520 frames, 1024-dims embeddings
2025-06-17 21:11:12,425 - INFO - FixedBC_129389159931376 - ✅ Loaded video VID10: 1750 frames, 1024-dims embeddings
2025-06-17 21:11:12,515 - INFO - FixedBC_129389159931376 - ✅ Loaded video VID103: 2220 frames, 1024-dims embeddings
2025-06-17 21:11:12,601 - INFO - FixedBC_129389159931376 - ✅ Loaded video VID110: 2177 frames, 1024-dims embeddings
2025-06-17 21:11:12,647 - INFO - FixedBC_129389159931376 - ✅ Loaded video VID12: 1091 frames, 1024-dims embeddings
2025-06-17 21:11:12,689 - INFO - FixedBC_129389159931376 - ✅ Loaded video VID13: 982 frames, 1024-dims embeddings
2025-06-17 21:11:12,775 - INFO - FixedBC_129389159931376 - ✅ Loaded video VID15: 2059 frames, 1024-dims embeddings
2025-06-17 21:11:12,855 - INFO - FixedBC_129389159931376 - ✅ Loaded video VID18: 1943 frames, 1024-dims embeddings
2025-06-17 21:11:12,920 - INFO - FixedBC_129389159931376 - ✅ Loaded video VID22: 1533 frames, 1024-dims embeddings
2025-06-17 21:11:12,996 - INFO - FixedBC_129389159931376 - ✅ Loaded video VID26: 1774 frames, 1024-dims embeddings
2025-06-17 21:11:13,085 - INFO - FixedBC_129389159931376 - ✅ Loaded video VID27: 2085 frames, 1024-dims embeddings
2025-06-17 21:11:13,185 - INFO - FixedBC_129389159931376 - ✅ Loaded video VID29: 2351 frames, 1024-dims embeddings
2025-06-17 21:11:13,185 - INFO - FixedBC_129389159931376 - 📂 Loaded 15 videos from train split
2025-06-17 21:11:13,187 - INFO - FixedBC_129389159931376 - Loading test data from /home/maxboels/datasets/CholecT50 with fold 0
2025-06-17 21:11:13,276 - INFO - FixedBC_129389159931376 - ✅ Loaded metadata: /home/maxboels/datasets/CholecT50/embeddings_test_set/fold0/embeddings_f0_swin_bas_129_phase_complet_phase_transit_prog_prob_action_risk_glob_outcome.csv - Shape: (21895, 156)
2025-06-17 21:11:13,276 - INFO - FixedBC_129389159931376 - [Test] Start processing metadata file /home/maxboels/datasets/CholecT50/embeddings_test_set/fold0/embeddings_f0_swin_bas_129_phase_complet_phase_transit_prog_prob_action_risk_glob_outcome.csv
2025-06-17 21:11:13,276 - INFO - FixedBC_129389159931376 - [Test] Rewards extraction skipped, using metadata file /home/maxboels/datasets/CholecT50/embeddings_test_set/fold0/embeddings_f0_swin_bas_129_phase_complet_phase_transit_prog_prob_action_risk_glob_outcome.csv
2025-06-17 21:11:13,276 - INFO - FixedBC_129389159931376 - [Test] Found 10 videos in metadata file
2025-06-17 21:11:13,276 - INFO - FixedBC_129389159931376 - [Test] Loading data for 10 videos
2025-06-17 21:11:13,388 - INFO - FixedBC_129389159931376 - ✅ Loaded video VID02: 2840 frames, 1024-dims embeddings
2025-06-17 21:11:13,475 - INFO - FixedBC_129389159931376 - ✅ Loaded video VID06: 2154 frames, 1024-dims embeddings
2025-06-17 21:11:13,561 - INFO - FixedBC_129389159931376 - ✅ Loaded video VID111: 2146 frames, 1024-dims embeddings
2025-06-17 21:11:13,631 - INFO - FixedBC_129389159931376 - ✅ Loaded video VID14: 1709 frames, 1024-dims embeddings
2025-06-17 21:11:13,698 - INFO - FixedBC_129389159931376 - ✅ Loaded video VID23: 1636 frames, 1024-dims embeddings
2025-06-17 21:11:13,788 - INFO - FixedBC_129389159931376 - ✅ Loaded video VID25: 2130 frames, 1024-dims embeddings
2025-06-17 21:11:13,834 - INFO - FixedBC_129389159931376 - ✅ Loaded video VID50: 1095 frames, 1024-dims embeddings
2025-06-17 21:11:13,956 - INFO - FixedBC_129389159931376 - ✅ Loaded video VID51: 2945 frames, 1024-dims embeddings
2025-06-17 21:11:14,030 - INFO - FixedBC_129389159931376 - ✅ Loaded video VID66: 1825 frames, 1024-dims embeddings
2025-06-17 21:11:14,170 - INFO - FixedBC_129389159931376 - ✅ Loaded video VID79: 3415 frames, 1024-dims embeddings
2025-06-17 21:11:14,171 - INFO - FixedBC_129389159931376 - 📂 Loaded 10 videos from test split
2025-06-17 21:11:14,171 - INFO - FixedBC_129389159931376 - 📂 Loading trained models...
2025-06-17 21:11:15,925 - INFO - FixedBC_129389159931376 - ✅ World model loaded successfully
2025-06-17 21:11:15,925 - INFO - FixedBC_129389159931376 - 🔧 Step 1: Creating supervised-to-RL adapter...
2025-06-17 21:11:16,400 - INFO - FixedBC_129389159931376 - ✅ Loaded supervised model for behavioral cloning
2025-06-17 21:11:16,400 - INFO - FixedBC_129389159931376 -    Original performance: 48.3% mAP
2025-06-17 21:11:16,400 - INFO - FixedBC_129389159931376 -    Model handles sparse actions (0-3 out of 100)
2025-06-17 21:11:16,400 - INFO - FixedBC_129389159931376 - 🎯 Step 2: Creating sparse action environment...
2025-06-17 21:11:16,400 - INFO - FixedBC_129389159931376 - 🎯 Sparse Action Environment initialized
2025-06-17 21:11:16,400 - INFO - FixedBC_129389159931376 -    Optimized for 0-3 actions out of 100
2025-06-17 21:11:16,400 - INFO - FixedBC_129389159931376 -    Reward weights: {'sparse_expert_matching': 100.0, 'sparsity_reward': 20.0, 'false_positive_penalty': 30.0, 'completion_bonus': 5.0}
2025-06-17 21:11:16,400 - INFO - FixedBC_129389159931376 - 🎓 Step 3: Creating calibrated RL policy...
2025-06-17 21:11:16,400 - INFO - FixedBC_129389159931376 - 🔧 Creating calibrated RL policy from supervised model...
2025-06-17 21:11:16,415 - INFO - FixedBC_129389159931376 - 🎓 Step 4: Behavioral cloning pre-training...
2025-06-17 21:11:16,415 - INFO - FixedBC_129389159931376 - 🎓 Pre-training RL policy with behavioral cloning...
2025-06-17 21:11:16,416 - INFO - FixedBC_129389159931376 -    Handling sparse action space (0-3 actions out of 100)
2025-06-17 21:11:16,691 - INFO - FixedBC_129389159931376 - ✅ Collected 100 behavioral cloning samples
2025-06-17 21:11:16,692 - INFO - FixedBC_129389159931376 -    Average active actions per frame: 1.2
2025-06-17 21:11:16,692 - INFO - FixedBC_129389159931376 -    Action sparsity: 98.8%
2025-06-17 21:11:16,692 - WARNING - FixedBC_129389159931376 - BC training batch failed: mat1 and mat2 shapes cannot be multiplied (8x1024 and 64x100)
2025-06-17 21:11:16,693 - WARNING - FixedBC_129389159931376 - BC training batch failed: mat1 and mat2 shapes cannot be multiplied (8x1024 and 64x100)
2025-06-17 21:11:16,693 - WARNING - FixedBC_129389159931376 - BC training batch failed: mat1 and mat2 shapes cannot be multiplied (8x1024 and 64x100)
2025-06-17 21:11:16,693 - WARNING - FixedBC_129389159931376 - BC training batch failed: mat1 and mat2 shapes cannot be multiplied (8x1024 and 64x100)
2025-06-17 21:11:16,693 - WARNING - FixedBC_129389159931376 - BC training batch failed: mat1 and mat2 shapes cannot be multiplied (8x1024 and 64x100)
2025-06-17 21:11:16,693 - WARNING - FixedBC_129389159931376 - BC training batch failed: mat1 and mat2 shapes cannot be multiplied (8x1024 and 64x100)
2025-06-17 21:11:16,693 - WARNING - FixedBC_129389159931376 - BC training batch failed: mat1 and mat2 shapes cannot be multiplied (8x1024 and 64x100)
2025-06-17 21:11:16,693 - WARNING - FixedBC_129389159931376 - BC training batch failed: mat1 and mat2 shapes cannot be multiplied (8x1024 and 64x100)
2025-06-17 21:11:16,693 - WARNING - FixedBC_129389159931376 - BC training batch failed: mat1 and mat2 shapes cannot be multiplied (8x1024 and 64x100)
2025-06-17 21:11:16,693 - WARNING - FixedBC_129389159931376 - BC training batch failed: mat1 and mat2 shapes cannot be multiplied (8x1024 and 64x100)
2025-06-17 21:11:16,693 - WARNING - FixedBC_129389159931376 - BC training batch failed: mat1 and mat2 shapes cannot be multiplied (8x1024 and 64x100)
2025-06-17 21:11:16,694 - WARNING - FixedBC_129389159931376 - BC training batch failed: mat1 and mat2 shapes cannot be multiplied (8x1024 and 64x100)
2025-06-17 21:11:16,694 - WARNING - FixedBC_129389159931376 - BC training batch failed: mat1 and mat2 shapes cannot be multiplied (4x1024 and 64x100)
2025-06-17 21:11:16,694 - ERROR - FixedBC_129389159931376 - ❌ No successful batches in epoch 1
2025-06-17 21:11:16,694 - WARNING - FixedBC_129389159931376 - BC training batch failed: mat1 and mat2 shapes cannot be multiplied (8x1024 and 64x100)
2025-06-17 21:11:16,694 - WARNING - FixedBC_129389159931376 - BC training batch failed: mat1 and mat2 shapes cannot be multiplied (8x1024 and 64x100)
2025-06-17 21:11:16,694 - WARNING - FixedBC_129389159931376 - BC training batch failed: mat1 and mat2 shapes cannot be multiplied (8x1024 and 64x100)
2025-06-17 21:11:16,694 - WARNING - FixedBC_129389159931376 - BC training batch failed: mat1 and mat2 shapes cannot be multiplied (8x1024 and 64x100)
2025-06-17 21:11:16,694 - WARNING - FixedBC_129389159931376 - BC training batch failed: mat1 and mat2 shapes cannot be multiplied (8x1024 and 64x100)
2025-06-17 21:11:16,694 - WARNING - FixedBC_129389159931376 - BC training batch failed: mat1 and mat2 shapes cannot be multiplied (8x1024 and 64x100)
2025-06-17 21:11:16,694 - WARNING - FixedBC_129389159931376 - BC training batch failed: mat1 and mat2 shapes cannot be multiplied (8x1024 and 64x100)
2025-06-17 21:11:16,694 - WARNING - FixedBC_129389159931376 - BC training batch failed: mat1 and mat2 shapes cannot be multiplied (8x1024 and 64x100)
2025-06-17 21:11:16,694 - WARNING - FixedBC_129389159931376 - BC training batch failed: mat1 and mat2 shapes cannot be multiplied (8x1024 and 64x100)
2025-06-17 21:11:16,695 - WARNING - FixedBC_129389159931376 - BC training batch failed: mat1 and mat2 shapes cannot be multiplied (8x1024 and 64x100)
2025-06-17 21:11:16,695 - WARNING - FixedBC_129389159931376 - BC training batch failed: mat1 and mat2 shapes cannot be multiplied (8x1024 and 64x100)
2025-06-17 21:11:16,695 - WARNING - FixedBC_129389159931376 - BC training batch failed: mat1 and mat2 shapes cannot be multiplied (8x1024 and 64x100)
2025-06-17 21:11:16,695 - WARNING - FixedBC_129389159931376 - BC training batch failed: mat1 and mat2 shapes cannot be multiplied (4x1024 and 64x100)
2025-06-17 21:11:16,695 - ERROR - FixedBC_129389159931376 - ❌ No successful batches in epoch 2
2025-06-17 21:11:16,695 - INFO - FixedBC_129389159931376 - ✅ Behavioral cloning pre-training completed
2025-06-17 21:11:16,695 - INFO - FixedBC_129389159931376 - 🔍 Step 5: Testing initial calibration...
2025-06-17 21:11:16,709 - INFO - FixedBC_129389159931376 -    Sparsity analysis: Expert 1.4, Predicted 0.0
2025-06-17 21:11:16,709 - INFO - FixedBC_129389159931376 -    Initial test mAP after BC: 0.1749
2025-06-17 21:11:16,709 - INFO - FixedBC_129389159931376 - 🚀 Step 6: Sparse action optimized RL training...
