2025-04-08 14:50:47,641 - INFO - Log file: logs/2025-04-08_14-50-47/loggings.log
2025-04-08 14:50:47,641 - INFO - Starting CholecT50 experiment for Surgical Actions Prediction
2025-04-08 14:50:47,641 - INFO - Experiment configuration: {'max_videos': 1, 'recognition': {'train': True, 'inference': True, 'best_model_path': 'best_model_epoch1_valloss1.190734.pt'}, 'pretrain_next_frame': {'train': False, 'inference': True, 'best_model_path': 'best_model_epoch1_valloss1.190734.pt'}, 'pretrain_reward_model': False, 'calculate_action_rewards': False, 'train_action_policy': False, 'run_tdmpc': False, 'analyze_results': False, 'run_evaluation': False}
2025-04-08 14:50:47,641 - INFO - Using device: cuda
2025-04-08 14:50:47,641 - INFO - Loading CholecT50 data...
2025-04-08 14:50:53,453 - INFO - Created Recognition Head model with:
2025-04-08 14:50:53,453 - INFO -   - Input dimension: 1024
2025-04-08 14:50:53,453 - INFO -   - Hidden dimension: 512
2025-04-08 14:50:53,453 - INFO -   - Action classes: 100
2025-04-08 14:50:53,453 - INFO -   - Instrument classes: 6
2025-04-08 14:50:53,453 - INFO - Starting model training...
2025-04-08 14:50:53,585 - INFO - Epoch 1/3, Batch 0/109, Loss: 1.3990
2025-04-08 14:50:53,718 - INFO - Epoch 1/3, Batch 40/109, Loss: 0.8142
2025-04-08 14:50:53,839 - INFO - Epoch 1/3, Batch 80/109, Loss: 0.3584
2025-04-08 14:50:53,929 - INFO - Epoch 1/3, Train Loss: 0.7322
2025-04-08 14:50:53,939 - INFO - Epoch 1/3, Batch 0/178, Validation Loss: 0.2076
2025-04-08 14:50:54,015 - INFO - Epoch 1/3, Batch 40/178, Validation Loss: 0.2668
2025-04-08 14:50:54,089 - INFO - Epoch 1/3, Batch 80/178, Validation Loss: 0.4742
2025-04-08 14:50:54,162 - INFO - Epoch 1/3, Batch 120/178, Validation Loss: 0.3453
2025-04-08 14:50:54,234 - INFO - Epoch 1/3, Batch 160/178, Validation Loss: 0.2056
2025-04-08 14:50:54,265 - INFO - Epoch 1/3, Validation Loss: 0.3623
2025-04-08 14:50:54,315 - INFO - Epoch 1/3, Validation mAP Action: 0.0432
2025-04-08 14:50:54,316 - INFO - Epoch 1/3, Validation mAP Instrument: 0.6416
2025-04-08 14:50:54,329 - INFO - Saved new best model with mAP: 0.0432
2025-04-08 14:50:54,334 - INFO - Epoch 2/3, Batch 0/109, Loss: 0.2696
2025-04-08 14:50:54,454 - INFO - Epoch 2/3, Batch 40/109, Loss: 0.1342
2025-04-08 14:50:54,578 - INFO - Epoch 2/3, Batch 80/109, Loss: 0.2646
2025-04-08 14:50:54,667 - INFO - Epoch 2/3, Train Loss: 0.1957
2025-04-08 14:50:54,676 - INFO - Epoch 2/3, Batch 0/178, Validation Loss: 0.0931
2025-04-08 14:50:54,749 - INFO - Epoch 2/3, Batch 40/178, Validation Loss: 0.1086
2025-04-08 14:50:54,821 - INFO - Epoch 2/3, Batch 80/178, Validation Loss: 0.3095
2025-04-08 14:50:54,898 - INFO - Epoch 2/3, Batch 120/178, Validation Loss: 0.3362
2025-04-08 14:50:54,970 - INFO - Epoch 2/3, Batch 160/178, Validation Loss: 0.1315
2025-04-08 14:50:55,002 - INFO - Epoch 2/3, Validation Loss: 0.2723
2025-04-08 14:50:55,052 - INFO - Epoch 2/3, Validation mAP Action: 0.0425
2025-04-08 14:50:55,052 - INFO - Epoch 2/3, Validation mAP Instrument: 0.6922
2025-04-08 14:50:55,057 - INFO - Epoch 3/3, Batch 0/109, Loss: 0.1977
2025-04-08 14:50:55,185 - INFO - Epoch 3/3, Batch 40/109, Loss: 0.2054
2025-04-08 14:50:55,305 - INFO - Epoch 3/3, Batch 80/109, Loss: 0.0574
2025-04-08 14:50:55,405 - INFO - Epoch 3/3, Train Loss: 0.1516
2025-04-08 14:50:55,417 - INFO - Epoch 3/3, Batch 0/178, Validation Loss: 0.0474
2025-04-08 14:50:55,492 - INFO - Epoch 3/3, Batch 40/178, Validation Loss: 0.0897
2025-04-08 14:50:55,565 - INFO - Epoch 3/3, Batch 80/178, Validation Loss: 0.2332
2025-04-08 14:50:55,638 - INFO - Epoch 3/3, Batch 120/178, Validation Loss: 0.3334
2025-04-08 14:50:55,711 - INFO - Epoch 3/3, Batch 160/178, Validation Loss: 0.1055
2025-04-08 14:50:55,742 - INFO - Epoch 3/3, Validation Loss: 0.2627
2025-04-08 14:50:55,792 - INFO - Epoch 3/3, Validation mAP Action: 0.0455
2025-04-08 14:50:55,792 - INFO - Epoch 3/3, Validation mAP Instrument: 0.7159
2025-04-08 14:50:55,805 - INFO - Saved new best model with mAP: 0.0455
2025-04-08 14:50:55,815 - INFO - Loaded best model with mAP: 0.0455
2025-04-08 14:50:55,820 - INFO - Saved trained model to saved_models/recognition_head_20250408_145055.pt
2025-04-08 14:50:55,820 - INFO - Running inference and evaluation...
