2025-04-10 09:11:32,345 - INFO - Log file: logs/2025-04-10_09-11-32/loggings.log
2025-04-10 09:11:32,345 - INFO - Starting CholecT50 experiment for Surgical Actions Prediction
2025-04-10 09:11:32,345 - INFO - Experiment configuration: {'max_videos': None, 'recognition': {'train': True, 'inference': True, 'best_model_path': 'best_model_epoch2_map0.5008.pt'}, 'pretrain_next_frame': {'train': False, 'inference': False, 'best_model_path': 'best_model_epoch1_valloss1.190734.pt'}, 'pretrain_reward_model': False, 'calculate_action_rewards': False, 'train_action_policy': False, 'run_tdmpc': False, 'analyze_results': False, 'run_evaluation': False}
2025-04-10 09:11:32,345 - INFO - Using device: cuda
2025-04-10 09:11:32,345 - INFO - Loading CholecT50 data...
2025-04-10 09:11:44,168 - INFO - Starting model training...
2025-04-10 09:11:44,169 - INFO - Initialized OneCycleLR scheduler with warmup steps: 100
2025-04-10 09:11:44,296 - INFO - [TRAIN] Epoch 1/5, Batch 0/4933, Loss: 1.4304
2025-04-10 09:11:45,510 - INFO - [TRAIN] Epoch 1/5, Batch 80/4933, Loss: 0.5659
2025-04-10 09:11:46,738 - INFO - [TRAIN] Epoch 1/5, Batch 160/4933, Loss: 0.1726
2025-04-10 09:11:47,994 - INFO - [TRAIN] Epoch 1/5, Batch 240/4933, Loss: 0.1877
2025-04-10 09:11:49,276 - INFO - [TRAIN] Epoch 1/5, Batch 320/4933, Loss: 0.1024
2025-04-10 09:11:50,567 - INFO - [TRAIN] Epoch 1/5, Batch 400/4933, Loss: 0.1420
2025-04-10 09:11:51,884 - INFO - [TRAIN] Epoch 1/5, Batch 480/4933, Loss: 0.0423
2025-04-10 09:11:53,239 - INFO - [TRAIN] Epoch 1/5, Batch 560/4933, Loss: 0.0457
2025-04-10 09:11:54,590 - INFO - [TRAIN] Epoch 1/5, Batch 640/4933, Loss: 0.0379
2025-04-10 09:11:55,962 - INFO - [TRAIN] Epoch 1/5, Batch 720/4933, Loss: 0.0674
2025-04-10 09:11:57,350 - INFO - [TRAIN] Epoch 1/5, Batch 800/4933, Loss: 0.0547
2025-04-10 09:11:58,747 - INFO - [TRAIN] Epoch 1/5, Batch 880/4933, Loss: 0.0234
2025-04-10 09:12:00,170 - INFO - [TRAIN] Epoch 1/5, Batch 960/4933, Loss: 0.0293
2025-04-10 09:12:01,635 - INFO - [TRAIN] Epoch 1/5, Batch 1040/4933, Loss: 0.0918
2025-04-10 09:12:03,018 - INFO - [TRAIN] Epoch 1/5, Batch 1120/4933, Loss: 0.0326
2025-04-10 09:12:04,383 - INFO - [TRAIN] Epoch 1/5, Batch 1200/4933, Loss: 0.0844
2025-04-10 09:12:05,771 - INFO - [TRAIN] Epoch 1/5, Batch 1280/4933, Loss: 0.1157
2025-04-10 09:12:07,164 - INFO - [TRAIN] Epoch 1/5, Batch 1360/4933, Loss: 0.0983
2025-04-10 09:12:08,570 - INFO - [TRAIN] Epoch 1/5, Batch 1440/4933, Loss: 0.0490
2025-04-10 09:12:09,985 - INFO - [TRAIN] Epoch 1/5, Batch 1520/4933, Loss: 0.0292
2025-04-10 09:12:11,411 - INFO - [TRAIN] Epoch 1/5, Batch 1600/4933, Loss: 0.0262
2025-04-10 09:12:12,833 - INFO - [TRAIN] Epoch 1/5, Batch 1680/4933, Loss: 0.0222
2025-04-10 09:12:14,288 - INFO - [TRAIN] Epoch 1/5, Batch 1760/4933, Loss: 0.0249
2025-04-10 09:12:15,751 - INFO - [TRAIN] Epoch 1/5, Batch 1840/4933, Loss: 0.0757
2025-04-10 09:12:17,207 - INFO - [TRAIN] Epoch 1/5, Batch 1920/4933, Loss: 0.0567
2025-04-10 09:12:18,693 - INFO - [TRAIN] Epoch 1/5, Batch 2000/4933, Loss: 0.0394
2025-04-10 09:12:20,169 - INFO - [TRAIN] Epoch 1/5, Batch 2080/4933, Loss: 0.0521
2025-04-10 09:12:21,675 - INFO - [TRAIN] Epoch 1/5, Batch 2160/4933, Loss: 0.0509
2025-04-10 09:12:23,185 - INFO - [TRAIN] Epoch 1/5, Batch 2240/4933, Loss: 0.0266
2025-04-10 09:12:24,885 - INFO - [TRAIN] Epoch 1/5, Batch 2320/4933, Loss: 0.0842
2025-04-10 09:12:27,022 - INFO - [TRAIN] Epoch 1/5, Batch 2400/4933, Loss: 0.0269
2025-04-10 09:12:29,345 - INFO - [TRAIN] Epoch 1/5, Batch 2480/4933, Loss: 0.0845
2025-04-10 09:12:31,753 - INFO - [TRAIN] Epoch 1/5, Batch 2560/4933, Loss: 0.0339
2025-04-10 09:12:34,056 - INFO - [TRAIN] Epoch 1/5, Batch 2640/4933, Loss: 0.0655
2025-04-10 09:12:36,324 - INFO - [TRAIN] Epoch 1/5, Batch 2720/4933, Loss: 0.0372
2025-04-10 09:12:38,625 - INFO - [TRAIN] Epoch 1/5, Batch 2800/4933, Loss: 0.0503
2025-04-10 09:12:40,964 - INFO - [TRAIN] Epoch 1/5, Batch 2880/4933, Loss: 0.0884
2025-04-10 09:12:43,372 - INFO - [TRAIN] Epoch 1/5, Batch 2960/4933, Loss: 0.0651
2025-04-10 09:12:45,795 - INFO - [TRAIN] Epoch 1/5, Batch 3040/4933, Loss: 0.0557
2025-04-10 09:12:48,264 - INFO - [TRAIN] Epoch 1/5, Batch 3120/4933, Loss: 0.1592
2025-04-10 09:12:50,751 - INFO - [TRAIN] Epoch 1/5, Batch 3200/4933, Loss: 0.0272
2025-04-10 09:12:53,309 - INFO - [TRAIN] Epoch 1/5, Batch 3280/4933, Loss: 0.0509
2025-04-10 09:12:55,891 - INFO - [TRAIN] Epoch 1/5, Batch 3360/4933, Loss: 0.0911
2025-04-10 09:12:58,546 - INFO - [TRAIN] Epoch 1/5, Batch 3440/4933, Loss: 0.1220
2025-04-10 09:13:01,225 - INFO - [TRAIN] Epoch 1/5, Batch 3520/4933, Loss: 0.0491
2025-04-10 09:13:03,937 - INFO - [TRAIN] Epoch 1/5, Batch 3600/4933, Loss: 0.0265
2025-04-10 09:13:06,737 - INFO - [TRAIN] Epoch 1/5, Batch 3680/4933, Loss: 0.0998
2025-04-10 09:13:09,599 - INFO - [TRAIN] Epoch 1/5, Batch 3760/4933, Loss: 0.0246
2025-04-10 09:13:12,482 - INFO - [TRAIN] Epoch 1/5, Batch 3840/4933, Loss: 0.0800
2025-04-10 09:13:15,357 - INFO - [TRAIN] Epoch 1/5, Batch 3920/4933, Loss: 0.0894
2025-04-10 09:13:18,271 - INFO - [TRAIN] Epoch 1/5, Batch 4000/4933, Loss: 0.0359
2025-04-10 09:13:21,203 - INFO - [TRAIN] Epoch 1/5, Batch 4080/4933, Loss: 0.0774
2025-04-10 09:13:24,181 - INFO - [TRAIN] Epoch 1/5, Batch 4160/4933, Loss: 0.0589
2025-04-10 09:13:27,178 - INFO - [TRAIN] Epoch 1/5, Batch 4240/4933, Loss: 0.0160
2025-04-10 09:13:30,180 - INFO - [TRAIN] Epoch 1/5, Batch 4320/4933, Loss: 0.0156
2025-04-10 09:13:33,213 - INFO - [TRAIN] Epoch 1/5, Batch 4400/4933, Loss: 0.0562
2025-04-10 09:13:36,434 - INFO - [TRAIN] Epoch 1/5, Batch 4480/4933, Loss: 0.0270
2025-04-10 09:13:39,638 - INFO - [TRAIN] Epoch 1/5, Batch 4560/4933, Loss: 0.0262
2025-04-10 09:13:42,846 - INFO - [TRAIN] Epoch 1/5, Batch 4640/4933, Loss: 0.0582
2025-04-10 09:13:46,294 - INFO - [TRAIN] Epoch 1/5, Batch 4720/4933, Loss: 0.0157
2025-04-10 09:13:49,580 - INFO - [TRAIN] Epoch 1/5, Batch 4800/4933, Loss: 0.0491
2025-04-10 09:13:52,828 - INFO - [TRAIN] Epoch 1/5, Batch 4880/4933, Loss: 0.0056
2025-04-10 09:13:56,614 - INFO - [TRAIN] Epoch 1/5, Train mAP Action (sklearn): 0.1835
2025-04-10 09:13:56,614 - INFO - [TRAIN] Epoch 1/5, Train mAP Instrument (sklearn): 0.9591
2025-04-10 09:13:56,614 - INFO - [TRAIN] Epoch 1/5, Train Loss: 0.0816
2025-04-10 09:14:05,563 - INFO - [TRAIN] instrument mean AP (ivt_metrics): 0.7705638874559928
2025-04-10 09:14:06,917 - INFO - [TRAIN] action mean AP (ivt_metrics): 0.1834940207758149
2025-04-10 09:14:06,917 - INFO - [TRAIN] Epoch 1/5, Train mAP Instrument (ivt metrics): 0.7706
2025-04-10 09:14:06,918 - INFO - [TRAIN] Epoch 1/5, Train mAP Action (ivt metrics): 0.1835
2025-04-10 09:14:07,099 - INFO - [VALIDATION] Video VID02 | Batch 0/178
2025-04-10 09:14:09,777 - INFO - [VALIDATION] Video VID02 | Batch 80/178
2025-04-10 09:14:10,146 - INFO - [VALIDATION] Video VID02 | Batch 160/178
2025-04-10 09:14:10,321 - INFO - [VALIDATION] Video VID02: Test mAP (sklearn) Action: 0.4433
2025-04-10 09:14:10,322 - INFO - [VALIDATION] Video VID02: Test mAP (sklearn) Instrument: 0.9251
2025-04-10 09:14:10,516 - INFO - [VALIDATION] Video VID06 | Batch 0/135
2025-04-10 09:14:10,876 - INFO - [VALIDATION] Video VID06 | Batch 80/135
2025-04-10 09:14:11,224 - INFO - [VALIDATION] Video VID06: Test mAP (sklearn) Action: 0.4491
2025-04-10 09:14:11,224 - INFO - [VALIDATION] Video VID06: Test mAP (sklearn) Instrument: 0.9446
2025-04-10 09:14:11,453 - INFO - [VALIDATION] Video VID111 | Batch 0/135
2025-04-10 09:14:11,883 - INFO - [VALIDATION] Video VID111 | Batch 80/135
2025-04-10 09:14:12,266 - INFO - [VALIDATION] Video VID111: Test mAP (sklearn) Action: 0.5223
2025-04-10 09:14:12,266 - INFO - [VALIDATION] Video VID111: Test mAP (sklearn) Instrument: 0.9598
2025-04-10 09:14:12,499 - INFO - [VALIDATION] Video VID14 | Batch 0/107
2025-04-10 09:14:12,895 - INFO - [VALIDATION] Video VID14 | Batch 80/107
2025-04-10 09:14:13,146 - INFO - [VALIDATION] Video VID14: Test mAP (sklearn) Action: 0.3548
2025-04-10 09:14:13,146 - INFO - [VALIDATION] Video VID14: Test mAP (sklearn) Instrument: 0.8404
2025-04-10 09:14:13,385 - INFO - [VALIDATION] Video VID23 | Batch 0/103
2025-04-10 09:14:13,821 - INFO - [VALIDATION] Video VID23 | Batch 80/103
2025-04-10 09:14:14,043 - INFO - [VALIDATION] Video VID23: Test mAP (sklearn) Action: 0.4567
2025-04-10 09:14:14,043 - INFO - [VALIDATION] Video VID23: Test mAP (sklearn) Instrument: 0.8932
2025-04-10 09:14:14,268 - INFO - [VALIDATION] Video VID25 | Batch 0/134
2025-04-10 09:14:14,683 - INFO - [VALIDATION] Video VID25 | Batch 80/134
2025-04-10 09:14:15,054 - INFO - [VALIDATION] Video VID25: Test mAP (sklearn) Action: 0.5866
2025-04-10 09:14:15,055 - INFO - [VALIDATION] Video VID25: Test mAP (sklearn) Instrument: 0.9091
2025-04-10 09:14:15,292 - INFO - [VALIDATION] Video VID50 | Batch 0/69
2025-04-10 09:14:15,716 - INFO - [VALIDATION] Video VID50: Test mAP (sklearn) Action: 0.5452
2025-04-10 09:14:15,716 - INFO - [VALIDATION] Video VID50: Test mAP (sklearn) Instrument: 0.9846
2025-04-10 09:14:15,966 - INFO - [VALIDATION] Video VID51 | Batch 0/184
2025-04-10 09:14:16,382 - INFO - [VALIDATION] Video VID51 | Batch 80/184
2025-04-10 09:14:16,795 - INFO - [VALIDATION] Video VID51 | Batch 160/184
2025-04-10 09:14:17,023 - INFO - [VALIDATION] Video VID51: Test mAP (sklearn) Action: 0.4937
2025-04-10 09:14:17,023 - INFO - [VALIDATION] Video VID51: Test mAP (sklearn) Instrument: 0.9590
2025-04-10 09:14:17,237 - INFO - [VALIDATION] Video VID66 | Batch 0/114
2025-04-10 09:14:17,653 - INFO - [VALIDATION] Video VID66 | Batch 80/114
2025-04-10 09:14:17,928 - INFO - [VALIDATION] Video VID66: Test mAP (sklearn) Action: 0.6092
2025-04-10 09:14:17,928 - INFO - [VALIDATION] Video VID66: Test mAP (sklearn) Instrument: 0.9284
2025-04-10 09:14:18,171 - INFO - [VALIDATION] Video VID79 | Batch 0/214
2025-04-10 09:14:18,608 - INFO - [VALIDATION] Video VID79 | Batch 80/214
2025-04-10 09:14:19,047 - INFO - [VALIDATION] Video VID79 | Batch 160/214
2025-04-10 09:14:19,492 - INFO - [VALIDATION] Video VID79: Test mAP (sklearn) Action: 0.4096
2025-04-10 09:14:19,492 - INFO - [VALIDATION] Video VID79: Test mAP (sklearn) Instrument: 0.9810
2025-04-10 09:14:22,893 - INFO - [VALIDATION] Overall action mAP (sklearn): 0.4871
2025-04-10 09:14:22,893 - INFO - [VALIDATION] Overall instrument mAP (sklearn): 0.9325
2025-04-10 09:14:22,893 - INFO - [VALIDATION] Overall action mAP (ivt): 0.3537
2025-04-10 09:14:22,894 - INFO - [VALIDATION] Overall instrument mAP (ivt): 0.9209
2025-04-10 09:14:22,894 - INFO - [VALIDATION] Epoch 1: mAP Action (sklearn): 0.4871
2025-04-10 09:14:22,894 - INFO - [VALIDATION] Epoch 1: mAP Instrument (sklearn): 0.9325
2025-04-10 09:14:22,894 - INFO - [VALIDATION] Epoch 1: mAP Action (ivt): 0.3537
2025-04-10 09:14:22,894 - INFO - [VALIDATION] Epoch 1: mAP Instrument (ivt): 0.9209
2025-04-10 09:14:23,021 - INFO - Saved new best model with mAP: 0.3537
2025-04-10 09:14:23,043 - INFO - [TRAIN] Epoch 2/5, Batch 0/4933, Loss: 0.0092
2025-04-10 09:14:24,320 - INFO - [TRAIN] Epoch 2/5, Batch 80/4933, Loss: 0.0259
2025-04-10 09:14:25,625 - INFO - [TRAIN] Epoch 2/5, Batch 160/4933, Loss: 0.0801
2025-04-10 09:14:26,955 - INFO - [TRAIN] Epoch 2/5, Batch 240/4933, Loss: 0.0176
2025-04-10 09:14:28,326 - INFO - [TRAIN] Epoch 2/5, Batch 320/4933, Loss: 0.0888
2025-04-10 09:14:29,703 - INFO - [TRAIN] Epoch 2/5, Batch 400/4933, Loss: 0.0667
2025-04-10 09:14:31,117 - INFO - [TRAIN] Epoch 2/5, Batch 480/4933, Loss: 0.0610
2025-04-10 09:14:32,542 - INFO - [TRAIN] Epoch 2/5, Batch 560/4933, Loss: 0.0496
2025-04-10 09:14:34,005 - INFO - [TRAIN] Epoch 2/5, Batch 640/4933, Loss: 0.0342
2025-04-10 09:14:35,445 - INFO - [TRAIN] Epoch 2/5, Batch 720/4933, Loss: 0.0120
2025-04-10 09:14:36,925 - INFO - [TRAIN] Epoch 2/5, Batch 800/4933, Loss: 0.1267
2025-04-10 09:14:38,447 - INFO - [TRAIN] Epoch 2/5, Batch 880/4933, Loss: 0.0279
2025-04-10 09:14:39,993 - INFO - [TRAIN] Epoch 2/5, Batch 960/4933, Loss: 0.0168
2025-04-10 09:14:41,515 - INFO - [TRAIN] Epoch 2/5, Batch 1040/4933, Loss: 0.0444
2025-04-10 09:14:42,970 - INFO - [TRAIN] Epoch 2/5, Batch 1120/4933, Loss: 0.0575
2025-04-10 09:14:44,439 - INFO - [TRAIN] Epoch 2/5, Batch 1200/4933, Loss: 0.0288
2025-04-10 09:14:45,926 - INFO - [TRAIN] Epoch 2/5, Batch 1280/4933, Loss: 0.0107
2025-04-10 09:14:47,440 - INFO - [TRAIN] Epoch 2/5, Batch 1360/4933, Loss: 0.0560
2025-04-10 09:14:49,078 - INFO - [TRAIN] Epoch 2/5, Batch 1440/4933, Loss: 0.0105
2025-04-10 09:14:50,599 - INFO - [TRAIN] Epoch 2/5, Batch 1520/4933, Loss: 0.0564
2025-04-10 09:14:52,089 - INFO - [TRAIN] Epoch 2/5, Batch 1600/4933, Loss: 0.1206
2025-04-10 09:14:53,578 - INFO - [TRAIN] Epoch 2/5, Batch 1680/4933, Loss: 0.0548
2025-04-10 09:14:55,099 - INFO - [TRAIN] Epoch 2/5, Batch 1760/4933, Loss: 0.0163
2025-04-10 09:14:56,647 - INFO - [TRAIN] Epoch 2/5, Batch 1840/4933, Loss: 0.0341
2025-04-10 09:14:58,238 - INFO - [TRAIN] Epoch 2/5, Batch 1920/4933, Loss: 0.0323
2025-04-10 09:14:59,775 - INFO - [TRAIN] Epoch 2/5, Batch 2000/4933, Loss: 0.0387
2025-04-10 09:15:01,327 - INFO - [TRAIN] Epoch 2/5, Batch 2080/4933, Loss: 0.0661
2025-04-10 09:15:02,884 - INFO - [TRAIN] Epoch 2/5, Batch 2160/4933, Loss: 0.0414
2025-04-10 09:15:04,436 - INFO - [TRAIN] Epoch 2/5, Batch 2240/4933, Loss: 0.0401
2025-04-10 09:15:05,996 - INFO - [TRAIN] Epoch 2/5, Batch 2320/4933, Loss: 0.0307
2025-04-10 09:15:07,560 - INFO - [TRAIN] Epoch 2/5, Batch 2400/4933, Loss: 0.0582
2025-04-10 09:15:09,130 - INFO - [TRAIN] Epoch 2/5, Batch 2480/4933, Loss: 0.0609
2025-04-10 09:15:10,744 - INFO - [TRAIN] Epoch 2/5, Batch 2560/4933, Loss: 0.0231
2025-04-10 09:15:12,522 - INFO - [TRAIN] Epoch 2/5, Batch 2640/4933, Loss: 0.0545
2025-04-10 09:15:14,576 - INFO - [TRAIN] Epoch 2/5, Batch 2720/4933, Loss: 0.0367
2025-04-10 09:15:16,660 - INFO - [TRAIN] Epoch 2/5, Batch 2800/4933, Loss: 0.0601
2025-04-10 09:15:18,859 - INFO - [TRAIN] Epoch 2/5, Batch 2880/4933, Loss: 0.0465
2025-04-10 09:15:21,033 - INFO - [TRAIN] Epoch 2/5, Batch 2960/4933, Loss: 0.0297
2025-04-10 09:15:23,210 - INFO - [TRAIN] Epoch 2/5, Batch 3040/4933, Loss: 0.0370
2025-04-10 09:15:25,460 - INFO - [TRAIN] Epoch 2/5, Batch 3120/4933, Loss: 0.0505
2025-04-10 09:15:27,820 - INFO - [TRAIN] Epoch 2/5, Batch 3200/4933, Loss: 0.0381
2025-04-10 09:15:30,193 - INFO - [TRAIN] Epoch 2/5, Batch 3280/4933, Loss: 0.0317
2025-04-10 09:15:32,568 - INFO - [TRAIN] Epoch 2/5, Batch 3360/4933, Loss: 0.0363
2025-04-10 09:15:35,043 - INFO - [TRAIN] Epoch 2/5, Batch 3440/4933, Loss: 0.0473
2025-04-10 09:15:37,558 - INFO - [TRAIN] Epoch 2/5, Batch 3520/4933, Loss: 0.0331
2025-04-10 09:15:40,159 - INFO - [TRAIN] Epoch 2/5, Batch 3600/4933, Loss: 0.0422
2025-04-10 09:15:42,793 - INFO - [TRAIN] Epoch 2/5, Batch 3680/4933, Loss: 0.0701
2025-04-10 09:15:45,391 - INFO - [TRAIN] Epoch 2/5, Batch 3760/4933, Loss: 0.0172
2025-04-10 09:15:47,941 - INFO - [TRAIN] Epoch 2/5, Batch 3840/4933, Loss: 0.0240
2025-04-10 09:15:50,909 - INFO - [TRAIN] Epoch 2/5, Batch 3920/4933, Loss: 0.0287
2025-04-10 09:15:53,964 - INFO - [TRAIN] Epoch 2/5, Batch 4000/4933, Loss: 0.0394
2025-04-10 09:15:57,127 - INFO - [TRAIN] Epoch 2/5, Batch 4080/4933, Loss: 0.1538
2025-04-10 09:16:00,182 - INFO - [TRAIN] Epoch 2/5, Batch 4160/4933, Loss: 0.0616
2025-04-10 09:16:03,254 - INFO - [TRAIN] Epoch 2/5, Batch 4240/4933, Loss: 0.0124
2025-04-10 09:16:06,415 - INFO - [TRAIN] Epoch 2/5, Batch 4320/4933, Loss: 0.0296
2025-04-10 09:16:09,620 - INFO - [TRAIN] Epoch 2/5, Batch 4400/4933, Loss: 0.0120
2025-04-10 09:16:13,005 - INFO - [TRAIN] Epoch 2/5, Batch 4480/4933, Loss: 0.0577
2025-04-10 09:16:16,262 - INFO - [TRAIN] Epoch 2/5, Batch 4560/4933, Loss: 0.0532
2025-04-10 09:16:19,615 - INFO - [TRAIN] Epoch 2/5, Batch 4640/4933, Loss: 0.0430
2025-04-10 09:16:23,044 - INFO - [TRAIN] Epoch 2/5, Batch 4720/4933, Loss: 0.0297
2025-04-10 09:16:26,311 - INFO - [TRAIN] Epoch 2/5, Batch 4800/4933, Loss: 0.0222
2025-04-10 09:16:29,776 - INFO - [TRAIN] Epoch 2/5, Batch 4880/4933, Loss: 0.0679
2025-04-10 09:16:34,071 - INFO - [TRAIN] Epoch 2/5, Train mAP Action (sklearn): 0.5525
2025-04-10 09:16:34,071 - INFO - [TRAIN] Epoch 2/5, Train mAP Instrument (sklearn): 0.9830
2025-04-10 09:16:34,071 - INFO - [TRAIN] Epoch 2/5, Train Loss: 0.0466
2025-04-10 09:16:43,303 - INFO - [TRAIN] instrument mean AP (ivt_metrics): 0.9742088793714648
2025-04-10 09:16:44,677 - INFO - [TRAIN] action mean AP (ivt_metrics): 0.5525036227395004
2025-04-10 09:16:44,678 - INFO - [TRAIN] Epoch 2/5, Train mAP Instrument (ivt metrics): 0.9742
2025-04-10 09:16:44,678 - INFO - [TRAIN] Epoch 2/5, Train mAP Action (ivt metrics): 0.5525
2025-04-10 09:16:44,858 - INFO - [VALIDATION] Video VID02 | Batch 0/178
2025-04-10 09:16:45,203 - INFO - [VALIDATION] Video VID02 | Batch 80/178
2025-04-10 09:16:45,529 - INFO - [VALIDATION] Video VID02 | Batch 160/178
2025-04-10 09:16:45,676 - INFO - [VALIDATION] Video VID02: Test mAP (sklearn) Action: 0.4764
2025-04-10 09:16:45,676 - INFO - [VALIDATION] Video VID02: Test mAP (sklearn) Instrument: 0.9204
2025-04-10 09:16:45,852 - INFO - [VALIDATION] Video VID06 | Batch 0/135
2025-04-10 09:16:46,174 - INFO - [VALIDATION] Video VID06 | Batch 80/135
2025-04-10 09:16:46,478 - INFO - [VALIDATION] Video VID06: Test mAP (sklearn) Action: 0.5197
2025-04-10 09:16:46,478 - INFO - [VALIDATION] Video VID06: Test mAP (sklearn) Instrument: 0.9481
2025-04-10 09:16:46,669 - INFO - [VALIDATION] Video VID111 | Batch 0/135
2025-04-10 09:16:47,023 - INFO - [VALIDATION] Video VID111 | Batch 80/135
2025-04-10 09:16:47,342 - INFO - [VALIDATION] Video VID111: Test mAP (sklearn) Action: 0.5235
2025-04-10 09:16:47,342 - INFO - [VALIDATION] Video VID111: Test mAP (sklearn) Instrument: 0.9530
2025-04-10 09:16:47,554 - INFO - [VALIDATION] Video VID14 | Batch 0/107
2025-04-10 09:16:47,947 - INFO - [VALIDATION] Video VID14 | Batch 80/107
2025-04-10 09:16:48,184 - INFO - [VALIDATION] Video VID14: Test mAP (sklearn) Action: 0.3736
2025-04-10 09:16:48,184 - INFO - [VALIDATION] Video VID14: Test mAP (sklearn) Instrument: 0.8401
2025-04-10 09:16:48,417 - INFO - [VALIDATION] Video VID23 | Batch 0/103
2025-04-10 09:16:48,801 - INFO - [VALIDATION] Video VID23 | Batch 80/103
2025-04-10 09:16:49,021 - INFO - [VALIDATION] Video VID23: Test mAP (sklearn) Action: 0.4414
2025-04-10 09:16:49,021 - INFO - [VALIDATION] Video VID23: Test mAP (sklearn) Instrument: 0.8790
2025-04-10 09:16:49,240 - INFO - [VALIDATION] Video VID25 | Batch 0/134
2025-04-10 09:16:49,642 - INFO - [VALIDATION] Video VID25 | Batch 80/134
2025-04-10 09:16:50,015 - INFO - [VALIDATION] Video VID25: Test mAP (sklearn) Action: 0.5833
2025-04-10 09:16:50,016 - INFO - [VALIDATION] Video VID25: Test mAP (sklearn) Instrument: 0.9358
2025-04-10 09:16:50,229 - INFO - [VALIDATION] Video VID50 | Batch 0/69
2025-04-10 09:16:50,633 - INFO - [VALIDATION] Video VID50: Test mAP (sklearn) Action: 0.5475
2025-04-10 09:16:50,634 - INFO - [VALIDATION] Video VID50: Test mAP (sklearn) Instrument: 0.9761
2025-04-10 09:16:50,849 - INFO - [VALIDATION] Video VID51 | Batch 0/184
2025-04-10 09:16:51,228 - INFO - [VALIDATION] Video VID51 | Batch 80/184
2025-04-10 09:16:51,605 - INFO - [VALIDATION] Video VID51 | Batch 160/184
2025-04-10 09:16:51,819 - INFO - [VALIDATION] Video VID51: Test mAP (sklearn) Action: 0.4971
2025-04-10 09:16:51,820 - INFO - [VALIDATION] Video VID51: Test mAP (sklearn) Instrument: 0.9643
2025-04-10 09:16:52,038 - INFO - [VALIDATION] Video VID66 | Batch 0/114
2025-04-10 09:16:52,423 - INFO - [VALIDATION] Video VID66 | Batch 80/114
2025-04-10 09:16:52,672 - INFO - [VALIDATION] Video VID66: Test mAP (sklearn) Action: 0.6145
2025-04-10 09:16:52,672 - INFO - [VALIDATION] Video VID66: Test mAP (sklearn) Instrument: 0.9361
2025-04-10 09:16:52,891 - INFO - [VALIDATION] Video VID79 | Batch 0/214
2025-04-10 09:16:53,279 - INFO - [VALIDATION] Video VID79 | Batch 80/214
2025-04-10 09:16:53,681 - INFO - [VALIDATION] Video VID79 | Batch 160/214
2025-04-10 09:16:54,068 - INFO - [VALIDATION] Video VID79: Test mAP (sklearn) Action: 0.4238
2025-04-10 09:16:54,068 - INFO - [VALIDATION] Video VID79: Test mAP (sklearn) Instrument: 0.9759
2025-04-10 09:16:57,245 - INFO - [VALIDATION] Overall action mAP (sklearn): 0.5001
2025-04-10 09:16:57,245 - INFO - [VALIDATION] Overall instrument mAP (sklearn): 0.9329
2025-04-10 09:16:57,245 - INFO - [VALIDATION] Overall action mAP (ivt): 0.3712
2025-04-10 09:16:57,245 - INFO - [VALIDATION] Overall instrument mAP (ivt): 0.9198
2025-04-10 09:16:57,245 - INFO - [VALIDATION] Epoch 2: mAP Action (sklearn): 0.5001
2025-04-10 09:16:57,245 - INFO - [VALIDATION] Epoch 2: mAP Instrument (sklearn): 0.9329
2025-04-10 09:16:57,246 - INFO - [VALIDATION] Epoch 2: mAP Action (ivt): 0.3712
2025-04-10 09:16:57,246 - INFO - [VALIDATION] Epoch 2: mAP Instrument (ivt): 0.9198
2025-04-10 09:16:57,372 - INFO - Saved new best model with mAP: 0.3712
2025-04-10 09:16:57,396 - INFO - [TRAIN] Epoch 3/5, Batch 0/4933, Loss: 0.0225
2025-04-10 09:16:58,646 - INFO - [TRAIN] Epoch 3/5, Batch 80/4933, Loss: 0.0131
2025-04-10 09:16:59,964 - INFO - [TRAIN] Epoch 3/5, Batch 160/4933, Loss: 0.0645
2025-04-10 09:17:01,295 - INFO - [TRAIN] Epoch 3/5, Batch 240/4933, Loss: 0.0321
2025-04-10 09:17:02,651 - INFO - [TRAIN] Epoch 3/5, Batch 320/4933, Loss: 0.0525
2025-04-10 09:17:04,014 - INFO - [TRAIN] Epoch 3/5, Batch 400/4933, Loss: 0.0711
2025-04-10 09:17:05,408 - INFO - [TRAIN] Epoch 3/5, Batch 480/4933, Loss: 0.0457
2025-04-10 09:17:06,811 - INFO - [TRAIN] Epoch 3/5, Batch 560/4933, Loss: 0.0367
2025-04-10 09:17:08,231 - INFO - [TRAIN] Epoch 3/5, Batch 640/4933, Loss: 0.0741
2025-04-10 09:17:09,691 - INFO - [TRAIN] Epoch 3/5, Batch 720/4933, Loss: 0.0479
2025-04-10 09:17:11,218 - INFO - [TRAIN] Epoch 3/5, Batch 800/4933, Loss: 0.0354
2025-04-10 09:17:12,723 - INFO - [TRAIN] Epoch 3/5, Batch 880/4933, Loss: 0.0178
2025-04-10 09:17:14,248 - INFO - [TRAIN] Epoch 3/5, Batch 960/4933, Loss: 0.0166
2025-04-10 09:17:15,782 - INFO - [TRAIN] Epoch 3/5, Batch 1040/4933, Loss: 0.0241
2025-04-10 09:17:17,234 - INFO - [TRAIN] Epoch 3/5, Batch 1120/4933, Loss: 0.0446
2025-04-10 09:17:18,676 - INFO - [TRAIN] Epoch 3/5, Batch 1200/4933, Loss: 0.1107
2025-04-10 09:17:20,125 - INFO - [TRAIN] Epoch 3/5, Batch 1280/4933, Loss: 0.0421
2025-04-10 09:17:21,622 - INFO - [TRAIN] Epoch 3/5, Batch 1360/4933, Loss: 0.0422
2025-04-10 09:17:23,118 - INFO - [TRAIN] Epoch 3/5, Batch 1440/4933, Loss: 0.0222
2025-04-10 09:17:24,589 - INFO - [TRAIN] Epoch 3/5, Batch 1520/4933, Loss: 0.0166
2025-04-10 09:17:26,071 - INFO - [TRAIN] Epoch 3/5, Batch 1600/4933, Loss: 0.0410
2025-04-10 09:17:27,563 - INFO - [TRAIN] Epoch 3/5, Batch 1680/4933, Loss: 0.0421
2025-04-10 09:17:29,056 - INFO - [TRAIN] Epoch 3/5, Batch 1760/4933, Loss: 0.0610
2025-04-10 09:17:30,592 - INFO - [TRAIN] Epoch 3/5, Batch 1840/4933, Loss: 0.0419
2025-04-10 09:17:32,108 - INFO - [TRAIN] Epoch 3/5, Batch 1920/4933, Loss: 0.0452
2025-04-10 09:17:33,647 - INFO - [TRAIN] Epoch 3/5, Batch 2000/4933, Loss: 0.0473
2025-04-10 09:17:35,177 - INFO - [TRAIN] Epoch 3/5, Batch 2080/4933, Loss: 0.0184
2025-04-10 09:17:36,741 - INFO - [TRAIN] Epoch 3/5, Batch 2160/4933, Loss: 0.0145
2025-04-10 09:17:38,308 - INFO - [TRAIN] Epoch 3/5, Batch 2240/4933, Loss: 0.0354
2025-04-10 09:17:39,871 - INFO - [TRAIN] Epoch 3/5, Batch 2320/4933, Loss: 0.0213
2025-04-10 09:17:41,435 - INFO - [TRAIN] Epoch 3/5, Batch 2400/4933, Loss: 0.0227
2025-04-10 09:17:43,018 - INFO - [TRAIN] Epoch 3/5, Batch 2480/4933, Loss: 0.0519
2025-04-10 09:17:44,693 - INFO - [TRAIN] Epoch 3/5, Batch 2560/4933, Loss: 0.0278
2025-04-10 09:17:46,462 - INFO - [TRAIN] Epoch 3/5, Batch 2640/4933, Loss: 0.0746
2025-04-10 09:17:48,616 - INFO - [TRAIN] Epoch 3/5, Batch 2720/4933, Loss: 0.1146
2025-04-10 09:17:50,765 - INFO - [TRAIN] Epoch 3/5, Batch 2800/4933, Loss: 0.0077
2025-04-10 09:17:52,924 - INFO - [TRAIN] Epoch 3/5, Batch 2880/4933, Loss: 0.0603
2025-04-10 09:17:55,163 - INFO - [TRAIN] Epoch 3/5, Batch 2960/4933, Loss: 0.0095
2025-04-10 09:17:57,383 - INFO - [TRAIN] Epoch 3/5, Batch 3040/4933, Loss: 0.0235
2025-04-10 09:17:59,662 - INFO - [TRAIN] Epoch 3/5, Batch 3120/4933, Loss: 0.0117
2025-04-10 09:18:01,942 - INFO - [TRAIN] Epoch 3/5, Batch 3200/4933, Loss: 0.0323
2025-04-10 09:18:04,251 - INFO - [TRAIN] Epoch 3/5, Batch 3280/4933, Loss: 0.0404
2025-04-10 09:18:06,574 - INFO - [TRAIN] Epoch 3/5, Batch 3360/4933, Loss: 0.0209
2025-04-10 09:18:08,945 - INFO - [TRAIN] Epoch 3/5, Batch 3440/4933, Loss: 0.0596
2025-04-10 09:18:11,423 - INFO - [TRAIN] Epoch 3/5, Batch 3520/4933, Loss: 0.0220
2025-04-10 09:18:13,926 - INFO - [TRAIN] Epoch 3/5, Batch 3600/4933, Loss: 0.0221
2025-04-10 09:18:16,411 - INFO - [TRAIN] Epoch 3/5, Batch 3680/4933, Loss: 0.0858
2025-04-10 09:18:18,901 - INFO - [TRAIN] Epoch 3/5, Batch 3760/4933, Loss: 0.0177
2025-04-10 09:18:21,453 - INFO - [TRAIN] Epoch 3/5, Batch 3840/4933, Loss: 0.0124
2025-04-10 09:18:24,196 - INFO - [TRAIN] Epoch 3/5, Batch 3920/4933, Loss: 0.0147
2025-04-10 09:18:27,149 - INFO - [TRAIN] Epoch 3/5, Batch 4000/4933, Loss: 0.0423
2025-04-10 09:18:30,349 - INFO - [TRAIN] Epoch 3/5, Batch 4080/4933, Loss: 0.0284
2025-04-10 09:18:33,395 - INFO - [TRAIN] Epoch 3/5, Batch 4160/4933, Loss: 0.0380
2025-04-10 09:18:36,437 - INFO - [TRAIN] Epoch 3/5, Batch 4240/4933, Loss: 0.0340
2025-04-10 09:18:39,537 - INFO - [TRAIN] Epoch 3/5, Batch 4320/4933, Loss: 0.0374
2025-04-10 09:18:42,638 - INFO - [TRAIN] Epoch 3/5, Batch 4400/4933, Loss: 0.0370
2025-04-10 09:18:45,741 - INFO - [TRAIN] Epoch 3/5, Batch 4480/4933, Loss: 0.0257
2025-04-10 09:18:48,931 - INFO - [TRAIN] Epoch 3/5, Batch 4560/4933, Loss: 0.0385
2025-04-10 09:18:52,090 - INFO - [TRAIN] Epoch 3/5, Batch 4640/4933, Loss: 0.0665
2025-04-10 09:18:55,423 - INFO - [TRAIN] Epoch 3/5, Batch 4720/4933, Loss: 0.0273
2025-04-10 09:18:58,675 - INFO - [TRAIN] Epoch 3/5, Batch 4800/4933, Loss: 0.0310
2025-04-10 09:19:02,177 - INFO - [TRAIN] Epoch 3/5, Batch 4880/4933, Loss: 0.0174
2025-04-10 09:19:06,481 - INFO - [TRAIN] Epoch 3/5, Train mAP Action (sklearn): 0.6589
2025-04-10 09:19:06,482 - INFO - [TRAIN] Epoch 3/5, Train mAP Instrument (sklearn): 0.9878
2025-04-10 09:19:06,482 - INFO - [TRAIN] Epoch 3/5, Train Loss: 0.0400
2025-04-10 09:19:16,569 - INFO - [TRAIN] instrument mean AP (ivt_metrics): 0.9806541639910136
2025-04-10 09:19:18,276 - INFO - [TRAIN] action mean AP (ivt_metrics): 0.6589016202660435
2025-04-10 09:19:18,276 - INFO - [TRAIN] Epoch 3/5, Train mAP Instrument (ivt metrics): 0.9807
2025-04-10 09:19:18,276 - INFO - [TRAIN] Epoch 3/5, Train mAP Action (ivt metrics): 0.6589
2025-04-10 09:19:18,467 - INFO - [VALIDATION] Video VID02 | Batch 0/178
2025-04-10 09:19:18,845 - INFO - [VALIDATION] Video VID02 | Batch 80/178
2025-04-10 09:19:19,203 - INFO - [VALIDATION] Video VID02 | Batch 160/178
2025-04-10 09:19:19,375 - INFO - [VALIDATION] Video VID02: Test mAP (sklearn) Action: 0.4694
2025-04-10 09:19:19,375 - INFO - [VALIDATION] Video VID02: Test mAP (sklearn) Instrument: 0.9387
2025-04-10 09:19:19,575 - INFO - [VALIDATION] Video VID06 | Batch 0/135
2025-04-10 09:19:19,926 - INFO - [VALIDATION] Video VID06 | Batch 80/135
2025-04-10 09:19:20,263 - INFO - [VALIDATION] Video VID06: Test mAP (sklearn) Action: 0.5277
2025-04-10 09:19:20,263 - INFO - [VALIDATION] Video VID06: Test mAP (sklearn) Instrument: 0.9504
2025-04-10 09:19:20,502 - INFO - [VALIDATION] Video VID111 | Batch 0/135
2025-04-10 09:19:20,912 - INFO - [VALIDATION] Video VID111 | Batch 80/135
2025-04-10 09:19:21,266 - INFO - [VALIDATION] Video VID111: Test mAP (sklearn) Action: 0.5150
2025-04-10 09:19:21,266 - INFO - [VALIDATION] Video VID111: Test mAP (sklearn) Instrument: 0.9590
2025-04-10 09:19:21,504 - INFO - [VALIDATION] Video VID14 | Batch 0/107
2025-04-10 09:19:21,914 - INFO - [VALIDATION] Video VID14 | Batch 80/107
2025-04-10 09:19:22,158 - INFO - [VALIDATION] Video VID14: Test mAP (sklearn) Action: 0.3564
2025-04-10 09:19:22,158 - INFO - [VALIDATION] Video VID14: Test mAP (sklearn) Instrument: 0.8413
2025-04-10 09:19:22,375 - INFO - [VALIDATION] Video VID23 | Batch 0/103
2025-04-10 09:19:22,767 - INFO - [VALIDATION] Video VID23 | Batch 80/103
2025-04-10 09:19:22,995 - INFO - [VALIDATION] Video VID23: Test mAP (sklearn) Action: 0.4504
2025-04-10 09:19:22,996 - INFO - [VALIDATION] Video VID23: Test mAP (sklearn) Instrument: 0.8800
2025-04-10 09:19:23,248 - INFO - [VALIDATION] Video VID25 | Batch 0/134
2025-04-10 09:19:23,658 - INFO - [VALIDATION] Video VID25 | Batch 80/134
2025-04-10 09:19:24,061 - INFO - [VALIDATION] Video VID25: Test mAP (sklearn) Action: 0.5804
2025-04-10 09:19:24,061 - INFO - [VALIDATION] Video VID25: Test mAP (sklearn) Instrument: 0.9510
2025-04-10 09:19:24,292 - INFO - [VALIDATION] Video VID50 | Batch 0/69
2025-04-10 09:19:24,704 - INFO - [VALIDATION] Video VID50: Test mAP (sklearn) Action: 0.5502
2025-04-10 09:19:24,704 - INFO - [VALIDATION] Video VID50: Test mAP (sklearn) Instrument: 0.9832
2025-04-10 09:19:24,919 - INFO - [VALIDATION] Video VID51 | Batch 0/184
2025-04-10 09:19:25,324 - INFO - [VALIDATION] Video VID51 | Batch 80/184
2025-04-10 09:19:25,717 - INFO - [VALIDATION] Video VID51 | Batch 160/184
2025-04-10 09:19:25,931 - INFO - [VALIDATION] Video VID51: Test mAP (sklearn) Action: 0.4894
2025-04-10 09:19:25,931 - INFO - [VALIDATION] Video VID51: Test mAP (sklearn) Instrument: 0.9633
2025-04-10 09:19:26,142 - INFO - [VALIDATION] Video VID66 | Batch 0/114
2025-04-10 09:19:26,527 - INFO - [VALIDATION] Video VID66 | Batch 80/114
2025-04-10 09:19:26,769 - INFO - [VALIDATION] Video VID66: Test mAP (sklearn) Action: 0.6107
2025-04-10 09:19:26,769 - INFO - [VALIDATION] Video VID66: Test mAP (sklearn) Instrument: 0.9473
2025-04-10 09:19:26,978 - INFO - [VALIDATION] Video VID79 | Batch 0/214
2025-04-10 09:19:27,345 - INFO - [VALIDATION] Video VID79 | Batch 80/214
2025-04-10 09:19:27,733 - INFO - [VALIDATION] Video VID79 | Batch 160/214
2025-04-10 09:19:28,098 - INFO - [VALIDATION] Video VID79: Test mAP (sklearn) Action: 0.4037
2025-04-10 09:19:28,098 - INFO - [VALIDATION] Video VID79: Test mAP (sklearn) Instrument: 0.9789
2025-04-10 09:19:31,280 - INFO - [VALIDATION] Overall action mAP (sklearn): 0.4953
2025-04-10 09:19:31,280 - INFO - [VALIDATION] Overall instrument mAP (sklearn): 0.9393
2025-04-10 09:19:31,280 - INFO - [VALIDATION] Overall action mAP (ivt): 0.3619
2025-04-10 09:19:31,280 - INFO - [VALIDATION] Overall instrument mAP (ivt): 0.9260
2025-04-10 09:19:31,280 - INFO - [VALIDATION] Epoch 3: mAP Action (sklearn): 0.4953
2025-04-10 09:19:31,280 - INFO - [VALIDATION] Epoch 3: mAP Instrument (sklearn): 0.9393
2025-04-10 09:19:31,280 - INFO - [VALIDATION] Epoch 3: mAP Action (ivt): 0.3619
2025-04-10 09:19:31,280 - INFO - [VALIDATION] Epoch 3: mAP Instrument (ivt): 0.9260
2025-04-10 09:19:31,303 - INFO - [TRAIN] Epoch 4/5, Batch 0/4933, Loss: 0.0729
2025-04-10 09:19:32,569 - INFO - [TRAIN] Epoch 4/5, Batch 80/4933, Loss: 0.0685
2025-04-10 09:19:33,870 - INFO - [TRAIN] Epoch 4/5, Batch 160/4933, Loss: 0.0246
2025-04-10 09:19:35,225 - INFO - [TRAIN] Epoch 4/5, Batch 240/4933, Loss: 0.0447
2025-04-10 09:19:36,601 - INFO - [TRAIN] Epoch 4/5, Batch 320/4933, Loss: 0.0196
2025-04-10 09:19:37,992 - INFO - [TRAIN] Epoch 4/5, Batch 400/4933, Loss: 0.0118
2025-04-10 09:19:39,414 - INFO - [TRAIN] Epoch 4/5, Batch 480/4933, Loss: 0.0494
2025-04-10 09:19:40,861 - INFO - [TRAIN] Epoch 4/5, Batch 560/4933, Loss: 0.0211
2025-04-10 09:19:42,294 - INFO - [TRAIN] Epoch 4/5, Batch 640/4933, Loss: 0.0206
2025-04-10 09:19:43,768 - INFO - [TRAIN] Epoch 4/5, Batch 720/4933, Loss: 0.0140
2025-04-10 09:19:45,240 - INFO - [TRAIN] Epoch 4/5, Batch 800/4933, Loss: 0.0246
2025-04-10 09:19:46,734 - INFO - [TRAIN] Epoch 4/5, Batch 880/4933, Loss: 0.0187
2025-04-10 09:19:48,243 - INFO - [TRAIN] Epoch 4/5, Batch 960/4933, Loss: 0.0744
2025-04-10 09:19:49,767 - INFO - [TRAIN] Epoch 4/5, Batch 1040/4933, Loss: 0.0341
2025-04-10 09:19:51,206 - INFO - [TRAIN] Epoch 4/5, Batch 1120/4933, Loss: 0.0508
2025-04-10 09:19:52,653 - INFO - [TRAIN] Epoch 4/5, Batch 1200/4933, Loss: 0.0263
2025-04-10 09:19:54,109 - INFO - [TRAIN] Epoch 4/5, Batch 1280/4933, Loss: 0.0261
2025-04-10 09:19:55,583 - INFO - [TRAIN] Epoch 4/5, Batch 1360/4933, Loss: 0.0825
2025-04-10 09:19:57,099 - INFO - [TRAIN] Epoch 4/5, Batch 1440/4933, Loss: 0.0442
2025-04-10 09:19:58,652 - INFO - [TRAIN] Epoch 4/5, Batch 1520/4933, Loss: 0.0309
2025-04-10 09:20:00,143 - INFO - [TRAIN] Epoch 4/5, Batch 1600/4933, Loss: 0.0626
2025-04-10 09:20:01,621 - INFO - [TRAIN] Epoch 4/5, Batch 1680/4933, Loss: 0.0175
2025-04-10 09:20:03,137 - INFO - [TRAIN] Epoch 4/5, Batch 1760/4933, Loss: 0.0520
2025-04-10 09:20:04,678 - INFO - [TRAIN] Epoch 4/5, Batch 1840/4933, Loss: 0.0268
2025-04-10 09:20:06,206 - INFO - [TRAIN] Epoch 4/5, Batch 1920/4933, Loss: 0.0158
2025-04-10 09:20:07,760 - INFO - [TRAIN] Epoch 4/5, Batch 2000/4933, Loss: 0.0165
2025-04-10 09:20:09,297 - INFO - [TRAIN] Epoch 4/5, Batch 2080/4933, Loss: 0.0443
2025-04-10 09:20:10,868 - INFO - [TRAIN] Epoch 4/5, Batch 2160/4933, Loss: 0.0123
2025-04-10 09:20:12,475 - INFO - [TRAIN] Epoch 4/5, Batch 2240/4933, Loss: 0.0258
2025-04-10 09:20:14,064 - INFO - [TRAIN] Epoch 4/5, Batch 2320/4933, Loss: 0.0402
2025-04-10 09:20:15,733 - INFO - [TRAIN] Epoch 4/5, Batch 2400/4933, Loss: 0.0153
2025-04-10 09:20:17,405 - INFO - [TRAIN] Epoch 4/5, Batch 2480/4933, Loss: 0.0220
2025-04-10 09:20:19,051 - INFO - [TRAIN] Epoch 4/5, Batch 2560/4933, Loss: 0.0624
2025-04-10 09:20:20,792 - INFO - [TRAIN] Epoch 4/5, Batch 2640/4933, Loss: 0.0204
2025-04-10 09:20:22,936 - INFO - [TRAIN] Epoch 4/5, Batch 2720/4933, Loss: 0.0149
2025-04-10 09:20:25,144 - INFO - [TRAIN] Epoch 4/5, Batch 2800/4933, Loss: 0.0142
2025-04-10 09:20:27,351 - INFO - [TRAIN] Epoch 4/5, Batch 2880/4933, Loss: 0.0662
2025-04-10 09:20:29,596 - INFO - [TRAIN] Epoch 4/5, Batch 2960/4933, Loss: 0.0139
2025-04-10 09:20:31,826 - INFO - [TRAIN] Epoch 4/5, Batch 3040/4933, Loss: 0.0228
2025-04-10 09:20:34,140 - INFO - [TRAIN] Epoch 4/5, Batch 3120/4933, Loss: 0.0165
2025-04-10 09:20:36,508 - INFO - [TRAIN] Epoch 4/5, Batch 3200/4933, Loss: 0.0956
2025-04-10 09:20:38,903 - INFO - [TRAIN] Epoch 4/5, Batch 3280/4933, Loss: 0.0324
2025-04-10 09:20:41,338 - INFO - [TRAIN] Epoch 4/5, Batch 3360/4933, Loss: 0.0347
2025-04-10 09:20:43,790 - INFO - [TRAIN] Epoch 4/5, Batch 3440/4933, Loss: 0.0476
2025-04-10 09:20:46,311 - INFO - [TRAIN] Epoch 4/5, Batch 3520/4933, Loss: 0.0524
2025-04-10 09:20:49,002 - INFO - [TRAIN] Epoch 4/5, Batch 3600/4933, Loss: 0.0204
2025-04-10 09:20:51,557 - INFO - [TRAIN] Epoch 4/5, Batch 3680/4933, Loss: 0.1216
2025-04-10 09:20:53,994 - INFO - [TRAIN] Epoch 4/5, Batch 3760/4933, Loss: 0.0395
2025-04-10 09:20:56,430 - INFO - [TRAIN] Epoch 4/5, Batch 3840/4933, Loss: 0.0581
2025-04-10 09:20:59,243 - INFO - [TRAIN] Epoch 4/5, Batch 3920/4933, Loss: 0.0580
2025-04-10 09:21:02,090 - INFO - [TRAIN] Epoch 4/5, Batch 4000/4933, Loss: 0.0730
2025-04-10 09:21:05,220 - INFO - [TRAIN] Epoch 4/5, Batch 4080/4933, Loss: 0.0597
2025-04-10 09:21:08,154 - INFO - [TRAIN] Epoch 4/5, Batch 4160/4933, Loss: 0.0153
2025-04-10 09:21:11,310 - INFO - [TRAIN] Epoch 4/5, Batch 4240/4933, Loss: 0.0078
2025-04-10 09:21:14,273 - INFO - [TRAIN] Epoch 4/5, Batch 4320/4933, Loss: 0.0254
2025-04-10 09:21:17,404 - INFO - [TRAIN] Epoch 4/5, Batch 4400/4933, Loss: 0.0443
2025-04-10 09:21:20,623 - INFO - [TRAIN] Epoch 4/5, Batch 4480/4933, Loss: 0.0554
2025-04-10 09:21:23,666 - INFO - [TRAIN] Epoch 4/5, Batch 4560/4933, Loss: 0.0334
2025-04-10 09:21:26,708 - INFO - [TRAIN] Epoch 4/5, Batch 4640/4933, Loss: 0.0225
2025-04-10 09:21:29,808 - INFO - [TRAIN] Epoch 4/5, Batch 4720/4933, Loss: 0.0588
2025-04-10 09:21:32,961 - INFO - [TRAIN] Epoch 4/5, Batch 4800/4933, Loss: 0.0189
2025-04-10 09:21:36,161 - INFO - [TRAIN] Epoch 4/5, Batch 4880/4933, Loss: 0.0283
2025-04-10 09:21:39,907 - INFO - [TRAIN] Epoch 4/5, Train mAP Action (sklearn): 0.7205
2025-04-10 09:21:39,907 - INFO - [TRAIN] Epoch 4/5, Train mAP Instrument (sklearn): 0.9910
2025-04-10 09:21:39,907 - INFO - [TRAIN] Epoch 4/5, Train Loss: 0.0347
2025-04-10 09:21:49,360 - INFO - [TRAIN] instrument mean AP (ivt_metrics): 0.9842289162100989
2025-04-10 09:21:50,739 - INFO - [TRAIN] action mean AP (ivt_metrics): 0.7205333559415399
2025-04-10 09:21:50,739 - INFO - [TRAIN] Epoch 4/5, Train mAP Instrument (ivt metrics): 0.9842
2025-04-10 09:21:50,739 - INFO - [TRAIN] Epoch 4/5, Train mAP Action (ivt metrics): 0.7205
2025-04-10 09:21:50,921 - INFO - [VALIDATION] Video VID02 | Batch 0/178
2025-04-10 09:21:51,267 - INFO - [VALIDATION] Video VID02 | Batch 80/178
2025-04-10 09:21:51,599 - INFO - [VALIDATION] Video VID02 | Batch 160/178
2025-04-10 09:21:51,746 - INFO - [VALIDATION] Video VID02: Test mAP (sklearn) Action: 0.4752
2025-04-10 09:21:51,747 - INFO - [VALIDATION] Video VID02: Test mAP (sklearn) Instrument: 0.9360
2025-04-10 09:21:51,929 - INFO - [VALIDATION] Video VID06 | Batch 0/135
2025-04-10 09:21:52,255 - INFO - [VALIDATION] Video VID06 | Batch 80/135
2025-04-10 09:21:52,548 - INFO - [VALIDATION] Video VID06: Test mAP (sklearn) Action: 0.5402
2025-04-10 09:21:52,548 - INFO - [VALIDATION] Video VID06: Test mAP (sklearn) Instrument: 0.9499
2025-04-10 09:21:52,734 - INFO - [VALIDATION] Video VID111 | Batch 0/135
2025-04-10 09:21:53,077 - INFO - [VALIDATION] Video VID111 | Batch 80/135
2025-04-10 09:21:53,405 - INFO - [VALIDATION] Video VID111: Test mAP (sklearn) Action: 0.5117
2025-04-10 09:21:53,405 - INFO - [VALIDATION] Video VID111: Test mAP (sklearn) Instrument: 0.9571
2025-04-10 09:21:53,613 - INFO - [VALIDATION] Video VID14 | Batch 0/107
2025-04-10 09:21:54,002 - INFO - [VALIDATION] Video VID14 | Batch 80/107
2025-04-10 09:21:54,229 - INFO - [VALIDATION] Video VID14: Test mAP (sklearn) Action: 0.3564
2025-04-10 09:21:54,230 - INFO - [VALIDATION] Video VID14: Test mAP (sklearn) Instrument: 0.8437
2025-04-10 09:21:54,471 - INFO - [VALIDATION] Video VID23 | Batch 0/103
2025-04-10 09:21:54,849 - INFO - [VALIDATION] Video VID23 | Batch 80/103
2025-04-10 09:21:55,050 - INFO - [VALIDATION] Video VID23: Test mAP (sklearn) Action: 0.4563
2025-04-10 09:21:55,051 - INFO - [VALIDATION] Video VID23: Test mAP (sklearn) Instrument: 0.8943
2025-04-10 09:21:55,264 - INFO - [VALIDATION] Video VID25 | Batch 0/134
2025-04-10 09:21:55,648 - INFO - [VALIDATION] Video VID25 | Batch 80/134
2025-04-10 09:21:55,993 - INFO - [VALIDATION] Video VID25: Test mAP (sklearn) Action: 0.5779
2025-04-10 09:21:55,993 - INFO - [VALIDATION] Video VID25: Test mAP (sklearn) Instrument: 0.9362
2025-04-10 09:21:56,213 - INFO - [VALIDATION] Video VID50 | Batch 0/69
2025-04-10 09:21:56,618 - INFO - [VALIDATION] Video VID50: Test mAP (sklearn) Action: 0.5534
2025-04-10 09:21:56,618 - INFO - [VALIDATION] Video VID50: Test mAP (sklearn) Instrument: 0.9850
2025-04-10 09:21:56,837 - INFO - [VALIDATION] Video VID51 | Batch 0/184
2025-04-10 09:21:57,240 - INFO - [VALIDATION] Video VID51 | Batch 80/184
2025-04-10 09:21:57,631 - INFO - [VALIDATION] Video VID51 | Batch 160/184
2025-04-10 09:21:57,873 - INFO - [VALIDATION] Video VID51: Test mAP (sklearn) Action: 0.4956
2025-04-10 09:21:57,874 - INFO - [VALIDATION] Video VID51: Test mAP (sklearn) Instrument: 0.9659
2025-04-10 09:21:58,094 - INFO - [VALIDATION] Video VID66 | Batch 0/114
2025-04-10 09:21:58,493 - INFO - [VALIDATION] Video VID66 | Batch 80/114
2025-04-10 09:21:58,748 - INFO - [VALIDATION] Video VID66: Test mAP (sklearn) Action: 0.6087
2025-04-10 09:21:58,748 - INFO - [VALIDATION] Video VID66: Test mAP (sklearn) Instrument: 0.9390
2025-04-10 09:21:58,973 - INFO - [VALIDATION] Video VID79 | Batch 0/214
2025-04-10 09:21:59,364 - INFO - [VALIDATION] Video VID79 | Batch 80/214
2025-04-10 09:21:59,756 - INFO - [VALIDATION] Video VID79 | Batch 160/214
2025-04-10 09:22:00,143 - INFO - [VALIDATION] Video VID79: Test mAP (sklearn) Action: 0.4152
2025-04-10 09:22:00,143 - INFO - [VALIDATION] Video VID79: Test mAP (sklearn) Instrument: 0.9797
2025-04-10 09:22:03,233 - INFO - [VALIDATION] Overall action mAP (sklearn): 0.4991
2025-04-10 09:22:03,233 - INFO - [VALIDATION] Overall instrument mAP (sklearn): 0.9387
2025-04-10 09:22:03,233 - INFO - [VALIDATION] Overall action mAP (ivt): 0.3636
2025-04-10 09:22:03,233 - INFO - [VALIDATION] Overall instrument mAP (ivt): 0.9255
2025-04-10 09:22:03,233 - INFO - [VALIDATION] Epoch 4: mAP Action (sklearn): 0.4991
2025-04-10 09:22:03,234 - INFO - [VALIDATION] Epoch 4: mAP Instrument (sklearn): 0.9387
2025-04-10 09:22:03,234 - INFO - [VALIDATION] Epoch 4: mAP Action (ivt): 0.3636
2025-04-10 09:22:03,234 - INFO - [VALIDATION] Epoch 4: mAP Instrument (ivt): 0.9255
2025-04-10 09:22:03,255 - INFO - [TRAIN] Epoch 5/5, Batch 0/4933, Loss: 0.0278
2025-04-10 09:22:04,498 - INFO - [TRAIN] Epoch 5/5, Batch 80/4933, Loss: 0.0278
2025-04-10 09:22:05,758 - INFO - [TRAIN] Epoch 5/5, Batch 160/4933, Loss: 0.0108
2025-04-10 09:22:07,046 - INFO - [TRAIN] Epoch 5/5, Batch 240/4933, Loss: 0.0677
2025-04-10 09:22:08,364 - INFO - [TRAIN] Epoch 5/5, Batch 320/4933, Loss: 0.0285
2025-04-10 09:22:09,692 - INFO - [TRAIN] Epoch 5/5, Batch 400/4933, Loss: 0.0685
2025-04-10 09:22:11,035 - INFO - [TRAIN] Epoch 5/5, Batch 480/4933, Loss: 0.0185
2025-04-10 09:22:12,410 - INFO - [TRAIN] Epoch 5/5, Batch 560/4933, Loss: 0.0079
2025-04-10 09:22:13,808 - INFO - [TRAIN] Epoch 5/5, Batch 640/4933, Loss: 0.0377
2025-04-10 09:22:15,204 - INFO - [TRAIN] Epoch 5/5, Batch 720/4933, Loss: 0.0101
2025-04-10 09:22:16,627 - INFO - [TRAIN] Epoch 5/5, Batch 800/4933, Loss: 0.0153
2025-04-10 09:22:18,101 - INFO - [TRAIN] Epoch 5/5, Batch 880/4933, Loss: 0.0298
2025-04-10 09:22:19,555 - INFO - [TRAIN] Epoch 5/5, Batch 960/4933, Loss: 0.0122
2025-04-10 09:22:21,036 - INFO - [TRAIN] Epoch 5/5, Batch 1040/4933, Loss: 0.0170
2025-04-10 09:22:22,482 - INFO - [TRAIN] Epoch 5/5, Batch 1120/4933, Loss: 0.0140
2025-04-10 09:22:23,914 - INFO - [TRAIN] Epoch 5/5, Batch 1200/4933, Loss: 0.0138
2025-04-10 09:22:25,433 - INFO - [TRAIN] Epoch 5/5, Batch 1280/4933, Loss: 0.0180
2025-04-10 09:22:26,888 - INFO - [TRAIN] Epoch 5/5, Batch 1360/4933, Loss: 0.0279
2025-04-10 09:22:28,322 - INFO - [TRAIN] Epoch 5/5, Batch 1440/4933, Loss: 0.0341
2025-04-10 09:22:29,756 - INFO - [TRAIN] Epoch 5/5, Batch 1520/4933, Loss: 0.0451
2025-04-10 09:22:31,189 - INFO - [TRAIN] Epoch 5/5, Batch 1600/4933, Loss: 0.1130
2025-04-10 09:22:32,656 - INFO - [TRAIN] Epoch 5/5, Batch 1680/4933, Loss: 0.0247
2025-04-10 09:22:34,163 - INFO - [TRAIN] Epoch 5/5, Batch 1760/4933, Loss: 0.0233
2025-04-10 09:22:35,642 - INFO - [TRAIN] Epoch 5/5, Batch 1840/4933, Loss: 0.0311
2025-04-10 09:22:37,109 - INFO - [TRAIN] Epoch 5/5, Batch 1920/4933, Loss: 0.0165
2025-04-10 09:22:38,620 - INFO - [TRAIN] Epoch 5/5, Batch 2000/4933, Loss: 0.0651
2025-04-10 09:22:40,123 - INFO - [TRAIN] Epoch 5/5, Batch 2080/4933, Loss: 0.0091
2025-04-10 09:22:41,610 - INFO - [TRAIN] Epoch 5/5, Batch 2160/4933, Loss: 0.0847
2025-04-10 09:22:43,109 - INFO - [TRAIN] Epoch 5/5, Batch 2240/4933, Loss: 0.0477
2025-04-10 09:22:44,628 - INFO - [TRAIN] Epoch 5/5, Batch 2320/4933, Loss: 0.0316
2025-04-10 09:22:46,135 - INFO - [TRAIN] Epoch 5/5, Batch 2400/4933, Loss: 0.0297
2025-04-10 09:22:47,674 - INFO - [TRAIN] Epoch 5/5, Batch 2480/4933, Loss: 0.0168
2025-04-10 09:22:49,222 - INFO - [TRAIN] Epoch 5/5, Batch 2560/4933, Loss: 0.0286
2025-04-10 09:22:50,845 - INFO - [TRAIN] Epoch 5/5, Batch 2640/4933, Loss: 0.0244
2025-04-10 09:22:52,831 - INFO - [TRAIN] Epoch 5/5, Batch 2720/4933, Loss: 0.0241
2025-04-10 09:22:54,855 - INFO - [TRAIN] Epoch 5/5, Batch 2800/4933, Loss: 0.0242
2025-04-10 09:22:56,888 - INFO - [TRAIN] Epoch 5/5, Batch 2880/4933, Loss: 0.0092
2025-04-10 09:22:58,985 - INFO - [TRAIN] Epoch 5/5, Batch 2960/4933, Loss: 0.0619
2025-04-10 09:23:01,105 - INFO - [TRAIN] Epoch 5/5, Batch 3040/4933, Loss: 0.0503
2025-04-10 09:23:03,233 - INFO - [TRAIN] Epoch 5/5, Batch 3120/4933, Loss: 0.0962
2025-04-10 09:23:05,368 - INFO - [TRAIN] Epoch 5/5, Batch 3200/4933, Loss: 0.0524
2025-04-10 09:23:07,568 - INFO - [TRAIN] Epoch 5/5, Batch 3280/4933, Loss: 0.0058
2025-04-10 09:23:09,745 - INFO - [TRAIN] Epoch 5/5, Batch 3360/4933, Loss: 0.0266
2025-04-10 09:23:11,957 - INFO - [TRAIN] Epoch 5/5, Batch 3440/4933, Loss: 0.0197
2025-04-10 09:23:14,242 - INFO - [TRAIN] Epoch 5/5, Batch 3520/4933, Loss: 0.0135
2025-04-10 09:23:16,527 - INFO - [TRAIN] Epoch 5/5, Batch 3600/4933, Loss: 0.0293
2025-04-10 09:23:19,009 - INFO - [TRAIN] Epoch 5/5, Batch 3680/4933, Loss: 0.0258
2025-04-10 09:23:21,743 - INFO - [TRAIN] Epoch 5/5, Batch 3760/4933, Loss: 0.0133
2025-04-10 09:23:24,521 - INFO - [TRAIN] Epoch 5/5, Batch 3840/4933, Loss: 0.0463
2025-04-10 09:23:27,332 - INFO - [TRAIN] Epoch 5/5, Batch 3920/4933, Loss: 0.0182
2025-04-10 09:23:30,157 - INFO - [TRAIN] Epoch 5/5, Batch 4000/4933, Loss: 0.0206
2025-04-10 09:23:33,114 - INFO - [TRAIN] Epoch 5/5, Batch 4080/4933, Loss: 0.0104
2025-04-10 09:23:35,956 - INFO - [TRAIN] Epoch 5/5, Batch 4160/4933, Loss: 0.0522
2025-04-10 09:23:38,903 - INFO - [TRAIN] Epoch 5/5, Batch 4240/4933, Loss: 0.0187
2025-04-10 09:23:41,834 - INFO - [TRAIN] Epoch 5/5, Batch 4320/4933, Loss: 0.0490
2025-04-10 09:23:44,807 - INFO - [TRAIN] Epoch 5/5, Batch 4400/4933, Loss: 0.0091
2025-04-10 09:23:47,803 - INFO - [TRAIN] Epoch 5/5, Batch 4480/4933, Loss: 0.0152
2025-04-10 09:23:50,817 - INFO - [TRAIN] Epoch 5/5, Batch 4560/4933, Loss: 0.0526
2025-04-10 09:23:53,963 - INFO - [TRAIN] Epoch 5/5, Batch 4640/4933, Loss: 0.0326
2025-04-10 09:23:57,220 - INFO - [TRAIN] Epoch 5/5, Batch 4720/4933, Loss: 0.0173
2025-04-10 09:24:00,566 - INFO - [TRAIN] Epoch 5/5, Batch 4800/4933, Loss: 0.0660
2025-04-10 09:24:03,735 - INFO - [TRAIN] Epoch 5/5, Batch 4880/4933, Loss: 0.0232
2025-04-10 09:24:07,649 - INFO - [TRAIN] Epoch 5/5, Train mAP Action (sklearn): 0.7464
2025-04-10 09:24:07,649 - INFO - [TRAIN] Epoch 5/5, Train mAP Instrument (sklearn): 0.9930
2025-04-10 09:24:07,649 - INFO - [TRAIN] Epoch 5/5, Train Loss: 0.0315
2025-04-10 09:24:17,143 - INFO - [TRAIN] instrument mean AP (ivt_metrics): 0.9864185291135391
2025-04-10 09:24:18,587 - INFO - [TRAIN] action mean AP (ivt_metrics): 0.7464010926693335
2025-04-10 09:24:18,587 - INFO - [TRAIN] Epoch 5/5, Train mAP Instrument (ivt metrics): 0.9864
2025-04-10 09:24:18,587 - INFO - [TRAIN] Epoch 5/5, Train mAP Action (ivt metrics): 0.7464
2025-04-10 09:24:18,807 - INFO - [VALIDATION] Video VID02 | Batch 0/178
2025-04-10 09:24:19,242 - INFO - [VALIDATION] Video VID02 | Batch 80/178
2025-04-10 09:24:19,681 - INFO - [VALIDATION] Video VID02 | Batch 160/178
2025-04-10 09:24:19,879 - INFO - [VALIDATION] Video VID02: Test mAP (sklearn) Action: 0.4777
2025-04-10 09:24:19,879 - INFO - [VALIDATION] Video VID02: Test mAP (sklearn) Instrument: 0.9358
2025-04-10 09:24:20,096 - INFO - [VALIDATION] Video VID06 | Batch 0/135
2025-04-10 09:24:20,495 - INFO - [VALIDATION] Video VID06 | Batch 80/135
2025-04-10 09:24:20,944 - INFO - [VALIDATION] Video VID06: Test mAP (sklearn) Action: 0.5431
2025-04-10 09:24:20,945 - INFO - [VALIDATION] Video VID06: Test mAP (sklearn) Instrument: 0.9495
2025-04-10 09:24:21,180 - INFO - [VALIDATION] Video VID111 | Batch 0/135
2025-04-10 09:24:21,592 - INFO - [VALIDATION] Video VID111 | Batch 80/135
2025-04-10 09:24:21,959 - INFO - [VALIDATION] Video VID111: Test mAP (sklearn) Action: 0.5138
2025-04-10 09:24:21,959 - INFO - [VALIDATION] Video VID111: Test mAP (sklearn) Instrument: 0.9568
2025-04-10 09:24:22,213 - INFO - [VALIDATION] Video VID14 | Batch 0/107
2025-04-10 09:24:22,676 - INFO - [VALIDATION] Video VID14 | Batch 80/107
2025-04-10 09:24:22,957 - INFO - [VALIDATION] Video VID14: Test mAP (sklearn) Action: 0.3548
2025-04-10 09:24:22,957 - INFO - [VALIDATION] Video VID14: Test mAP (sklearn) Instrument: 0.8443
2025-04-10 09:24:23,186 - INFO - [VALIDATION] Video VID23 | Batch 0/103
2025-04-10 09:24:23,617 - INFO - [VALIDATION] Video VID23 | Batch 80/103
2025-04-10 09:24:23,843 - INFO - [VALIDATION] Video VID23: Test mAP (sklearn) Action: 0.4547
2025-04-10 09:24:23,843 - INFO - [VALIDATION] Video VID23: Test mAP (sklearn) Instrument: 0.8934
2025-04-10 09:24:24,099 - INFO - [VALIDATION] Video VID25 | Batch 0/134
2025-04-10 09:24:24,572 - INFO - [VALIDATION] Video VID25 | Batch 80/134
2025-04-10 09:24:24,993 - INFO - [VALIDATION] Video VID25: Test mAP (sklearn) Action: 0.5742
2025-04-10 09:24:24,993 - INFO - [VALIDATION] Video VID25: Test mAP (sklearn) Instrument: 0.9480
2025-04-10 09:24:25,237 - INFO - [VALIDATION] Video VID50 | Batch 0/69
2025-04-10 09:24:25,668 - INFO - [VALIDATION] Video VID50: Test mAP (sklearn) Action: 0.5528
2025-04-10 09:24:25,668 - INFO - [VALIDATION] Video VID50: Test mAP (sklearn) Instrument: 0.9840
2025-04-10 09:24:25,900 - INFO - [VALIDATION] Video VID51 | Batch 0/184
2025-04-10 09:24:26,321 - INFO - [VALIDATION] Video VID51 | Batch 80/184
2025-04-10 09:24:26,741 - INFO - [VALIDATION] Video VID51 | Batch 160/184
2025-04-10 09:24:26,981 - INFO - [VALIDATION] Video VID51: Test mAP (sklearn) Action: 0.4917
2025-04-10 09:24:26,981 - INFO - [VALIDATION] Video VID51: Test mAP (sklearn) Instrument: 0.9647
2025-04-10 09:24:27,245 - INFO - [VALIDATION] Video VID66 | Batch 0/114
2025-04-10 09:24:27,708 - INFO - [VALIDATION] Video VID66 | Batch 80/114
2025-04-10 09:24:28,021 - INFO - [VALIDATION] Video VID66: Test mAP (sklearn) Action: 0.6076
2025-04-10 09:24:28,021 - INFO - [VALIDATION] Video VID66: Test mAP (sklearn) Instrument: 0.9393
2025-04-10 09:24:28,280 - INFO - [VALIDATION] Video VID79 | Batch 0/214
2025-04-10 09:24:28,767 - INFO - [VALIDATION] Video VID79 | Batch 80/214
2025-04-10 09:24:29,215 - INFO - [VALIDATION] Video VID79 | Batch 160/214
2025-04-10 09:24:29,639 - INFO - [VALIDATION] Video VID79: Test mAP (sklearn) Action: 0.4172
2025-04-10 09:24:29,639 - INFO - [VALIDATION] Video VID79: Test mAP (sklearn) Instrument: 0.9799
2025-04-10 09:24:32,930 - INFO - [VALIDATION] Overall action mAP (sklearn): 0.4988
2025-04-10 09:24:32,930 - INFO - [VALIDATION] Overall instrument mAP (sklearn): 0.9396
2025-04-10 09:24:32,930 - INFO - [VALIDATION] Overall action mAP (ivt): 0.3640
2025-04-10 09:24:32,930 - INFO - [VALIDATION] Overall instrument mAP (ivt): 0.9257
2025-04-10 09:24:32,931 - INFO - [VALIDATION] Epoch 5: mAP Action (sklearn): 0.4988
2025-04-10 09:24:32,931 - INFO - [VALIDATION] Epoch 5: mAP Instrument (sklearn): 0.9396
2025-04-10 09:24:32,931 - INFO - [VALIDATION] Epoch 5: mAP Action (ivt): 0.3640
2025-04-10 09:24:32,931 - INFO - [VALIDATION] Epoch 5: mAP Instrument (ivt): 0.9257
2025-04-10 09:24:32,993 - INFO - Loaded best model with mAP: 0.3712
2025-04-10 09:24:33,035 - INFO - Saved trained model to saved_models/recognition_head_20250410_092432.pt
2025-04-10 09:24:33,035 - INFO - Running inference and evaluation...
2025-04-10 09:24:33,217 - INFO - [TEST] Video VID02 | Batch 0/178
2025-04-10 09:24:33,593 - INFO - [TEST] Video VID02 | Batch 80/178
2025-04-10 09:24:33,952 - INFO - [TEST] Video VID02 | Batch 160/178
2025-04-10 09:24:34,122 - INFO - [TEST] Video VID02: Test mAP (sklearn) Action: 0.4764
2025-04-10 09:24:34,122 - INFO - [TEST] Video VID02: Test mAP (sklearn) Instrument: 0.9204
2025-04-10 09:24:34,350 - INFO - [TEST] Video VID06 | Batch 0/135
2025-04-10 09:24:34,722 - INFO - [TEST] Video VID06 | Batch 80/135
2025-04-10 09:24:35,119 - INFO - [TEST] Video VID06: Test mAP (sklearn) Action: 0.5197
2025-04-10 09:24:35,119 - INFO - [TEST] Video VID06: Test mAP (sklearn) Instrument: 0.9481
2025-04-10 09:24:35,357 - INFO - [TEST] Video VID111 | Batch 0/135
2025-04-10 09:24:35,783 - INFO - [TEST] Video VID111 | Batch 80/135
2025-04-10 09:24:36,208 - INFO - [TEST] Video VID111: Test mAP (sklearn) Action: 0.5235
2025-04-10 09:24:36,208 - INFO - [TEST] Video VID111: Test mAP (sklearn) Instrument: 0.9530
2025-04-10 09:24:36,437 - INFO - [TEST] Video VID14 | Batch 0/107
2025-04-10 09:24:36,872 - INFO - [TEST] Video VID14 | Batch 80/107
2025-04-10 09:24:37,120 - INFO - [TEST] Video VID14: Test mAP (sklearn) Action: 0.3736
2025-04-10 09:24:37,120 - INFO - [TEST] Video VID14: Test mAP (sklearn) Instrument: 0.8401
2025-04-10 09:24:37,349 - INFO - [TEST] Video VID23 | Batch 0/103
2025-04-10 09:24:37,782 - INFO - [TEST] Video VID23 | Batch 80/103
2025-04-10 09:24:38,027 - INFO - [TEST] Video VID23: Test mAP (sklearn) Action: 0.4414
2025-04-10 09:24:38,027 - INFO - [TEST] Video VID23: Test mAP (sklearn) Instrument: 0.8790
2025-04-10 09:24:38,281 - INFO - [TEST] Video VID25 | Batch 0/134
2025-04-10 09:24:38,769 - INFO - [TEST] Video VID25 | Batch 80/134
2025-04-10 09:24:39,176 - INFO - [TEST] Video VID25: Test mAP (sklearn) Action: 0.5833
2025-04-10 09:24:39,177 - INFO - [TEST] Video VID25: Test mAP (sklearn) Instrument: 0.9358
2025-04-10 09:24:39,412 - INFO - [TEST] Video VID50 | Batch 0/69
2025-04-10 09:24:39,861 - INFO - [TEST] Video VID50: Test mAP (sklearn) Action: 0.5475
2025-04-10 09:24:39,861 - INFO - [TEST] Video VID50: Test mAP (sklearn) Instrument: 0.9761
2025-04-10 09:24:40,087 - INFO - [TEST] Video VID51 | Batch 0/184
2025-04-10 09:24:40,543 - INFO - [TEST] Video VID51 | Batch 80/184
2025-04-10 09:24:40,996 - INFO - [TEST] Video VID51 | Batch 160/184
2025-04-10 09:24:41,230 - INFO - [TEST] Video VID51: Test mAP (sklearn) Action: 0.4971
2025-04-10 09:24:41,230 - INFO - [TEST] Video VID51: Test mAP (sklearn) Instrument: 0.9643
2025-04-10 09:24:41,452 - INFO - [TEST] Video VID66 | Batch 0/114
2025-04-10 09:24:41,902 - INFO - [TEST] Video VID66 | Batch 80/114
2025-04-10 09:24:42,188 - INFO - [TEST] Video VID66: Test mAP (sklearn) Action: 0.6145
2025-04-10 09:24:42,189 - INFO - [TEST] Video VID66: Test mAP (sklearn) Instrument: 0.9361
2025-04-10 09:24:42,420 - INFO - [TEST] Video VID79 | Batch 0/214
2025-04-10 09:24:42,842 - INFO - [TEST] Video VID79 | Batch 80/214
2025-04-10 09:24:43,356 - INFO - [TEST] Video VID79 | Batch 160/214
2025-04-10 09:24:43,838 - INFO - [TEST] Video VID79: Test mAP (sklearn) Action: 0.4238
2025-04-10 09:24:43,838 - INFO - [TEST] Video VID79: Test mAP (sklearn) Instrument: 0.9759
2025-04-10 09:24:47,688 - INFO - [TEST] Overall action mAP (sklearn): 0.5001
2025-04-10 09:24:47,688 - INFO - [TEST] Overall instrument mAP (sklearn): 0.9329
2025-04-10 09:24:47,688 - INFO - [TEST] Overall action mAP (ivt): 0.3712
2025-04-10 09:24:47,688 - INFO - [TEST] Overall instrument mAP (ivt): 0.9198
2025-04-10 09:24:47,688 - INFO - [TEST] Test mAP Action (sklearn): 0.5001
2025-04-10 09:24:47,689 - INFO - [TEST] Test mAP Instrument (sklearn): 0.9329
2025-04-10 09:24:47,689 - INFO - [TEST] Test mAP Action (ivt): 0.3712
2025-04-10 09:24:47,689 - INFO - [TEST] Test mAP Instrument (ivt): 0.9198
2025-04-10 09:24:47,690 - INFO - Results: {'sklearn_mAP_a_from_vid_ap': 0.37117369982490955, 'sklearn_mAP_a': 0.5001, 'sklearn_mAP_i': 0.9329, 'ivt_mAP_a_from_vid_ap': 0.37117369982490955, 'ivt_mAP_a': 0.3712, 'ivt_mAP_i': 0.9198}
