2025-06-16 16:56:50,329 - INFO - SuRL_FixedRL_125678162126672 - Shared experiment log directory: results/fixed_rl_2025-06-16_16-56-50/logs
2025-06-16 16:56:50,330 - INFO - SuRL_FixedRL_125678162126672 - 🎯 FIXED RL Experiment: fixed_rl_2025-06-16_16-56-50
2025-06-16 16:56:50,330 - INFO - SuRL_FixedRL_125678162126672 - 📁 Results dir: results/fixed_rl_2025-06-16_16-56-50
2025-06-16 16:56:50,330 - INFO - SuRL_FixedRL_125678162126672 - 🚀 Starting Complete FIXED RL Comparison
2025-06-16 16:56:50,330 - INFO - SuRL_FixedRL_125678162126672 - ============================================================
2025-06-16 16:56:50,330 - INFO - SuRL_FixedRL_125678162126672 - 📂 Loading CholecT50 data...
2025-06-16 16:56:50,330 - INFO - SuRL_FixedRL_125678162126672 -    Training videos: 40
2025-06-16 16:56:50,330 - INFO - SuRL_FixedRL_125678162126672 -    Test videos: 10
2025-06-16 16:56:50,330 - INFO - SuRL_FixedRL_125678162126672 - Loading train data from /home/maxboels/datasets/CholecT50 with fold 0
2025-06-16 16:56:50,750 - INFO - SuRL_FixedRL_125678162126672 - ✅ Loaded metadata: /home/maxboels/datasets/CholecT50/embeddings_train_set/fold0/embeddings_f0_swin_bas_129_phase_complet_phase_transit_prog_prob_action_risk_glob_outcome.csv - Shape: (78968, 156)
2025-06-16 16:56:50,751 - INFO - SuRL_FixedRL_125678162126672 - [Train] Start processing metadata file /home/maxboels/datasets/CholecT50/embeddings_train_set/fold0/embeddings_f0_swin_bas_129_phase_complet_phase_transit_prog_prob_action_risk_glob_outcome.csv
2025-06-16 16:56:50,751 - INFO - SuRL_FixedRL_125678162126672 - [Train] Rewards extraction skipped, using metadata file /home/maxboels/datasets/CholecT50/embeddings_train_set/fold0/embeddings_f0_swin_bas_129_phase_complet_phase_transit_prog_prob_action_risk_glob_outcome.csv
2025-06-16 16:56:50,753 - INFO - SuRL_FixedRL_125678162126672 - [Train] Found 40 videos in metadata file
2025-06-16 16:56:50,753 - INFO - SuRL_FixedRL_125678162126672 - [Train] Loading data for 40 videos
2025-06-16 16:56:50,938 - INFO - SuRL_FixedRL_125678162126672 - ✅ Loaded video VID01: 1734 frames, 1024-dims embeddings
2025-06-16 16:56:51,111 - INFO - SuRL_FixedRL_125678162126672 - ✅ Loaded video VID04: 1523 frames, 1024-dims embeddings
2025-06-16 16:56:51,343 - INFO - SuRL_FixedRL_125678162126672 - ✅ Loaded video VID05: 2345 frames, 1024-dims embeddings
2025-06-16 16:56:51,496 - INFO - SuRL_FixedRL_125678162126672 - ✅ Loaded video VID08: 1520 frames, 1024-dims embeddings
2025-06-16 16:56:51,669 - INFO - SuRL_FixedRL_125678162126672 - ✅ Loaded video VID10: 1750 frames, 1024-dims embeddings
2025-06-16 16:56:51,883 - INFO - SuRL_FixedRL_125678162126672 - ✅ Loaded video VID103: 2220 frames, 1024-dims embeddings
2025-06-16 16:56:52,093 - INFO - SuRL_FixedRL_125678162126672 - ✅ Loaded video VID110: 2177 frames, 1024-dims embeddings
2025-06-16 16:56:52,207 - INFO - SuRL_FixedRL_125678162126672 - ✅ Loaded video VID12: 1091 frames, 1024-dims embeddings
2025-06-16 16:56:52,311 - INFO - SuRL_FixedRL_125678162126672 - ✅ Loaded video VID13: 982 frames, 1024-dims embeddings
2025-06-16 16:56:52,513 - INFO - SuRL_FixedRL_125678162126672 - ✅ Loaded video VID15: 2059 frames, 1024-dims embeddings
2025-06-16 16:56:52,706 - INFO - SuRL_FixedRL_125678162126672 - ✅ Loaded video VID18: 1943 frames, 1024-dims embeddings
2025-06-16 16:56:52,862 - INFO - SuRL_FixedRL_125678162126672 - ✅ Loaded video VID22: 1533 frames, 1024-dims embeddings
2025-06-16 16:56:53,041 - INFO - SuRL_FixedRL_125678162126672 - ✅ Loaded video VID26: 1774 frames, 1024-dims embeddings
2025-06-16 16:56:53,251 - INFO - SuRL_FixedRL_125678162126672 - ✅ Loaded video VID27: 2085 frames, 1024-dims embeddings
2025-06-16 16:56:53,484 - INFO - SuRL_FixedRL_125678162126672 - ✅ Loaded video VID29: 2351 frames, 1024-dims embeddings
2025-06-16 16:56:53,866 - INFO - SuRL_FixedRL_125678162126672 - ✅ Loaded video VID31: 3946 frames, 1024-dims embeddings
2025-06-16 16:56:54,074 - INFO - SuRL_FixedRL_125678162126672 - ✅ Loaded video VID32: 2117 frames, 1024-dims embeddings
2025-06-16 16:56:54,282 - INFO - SuRL_FixedRL_125678162126672 - ✅ Loaded video VID35: 2107 frames, 1024-dims embeddings
2025-06-16 16:56:54,518 - INFO - SuRL_FixedRL_125678162126672 - ✅ Loaded video VID36: 2388 frames, 1024-dims embeddings
2025-06-16 16:56:54,738 - INFO - SuRL_FixedRL_125678162126672 - ✅ Loaded video VID40: 2223 frames, 1024-dims embeddings
2025-06-16 16:56:55,101 - INFO - SuRL_FixedRL_125678162126672 - ✅ Loaded video VID42: 3713 frames, 1024-dims embeddings
2025-06-16 16:56:55,334 - INFO - SuRL_FixedRL_125678162126672 - ✅ Loaded video VID43: 2363 frames, 1024-dims embeddings
2025-06-16 16:56:55,558 - INFO - SuRL_FixedRL_125678162126672 - ✅ Loaded video VID47: 2260 frames, 1024-dims embeddings
2025-06-16 16:56:55,743 - INFO - SuRL_FixedRL_125678162126672 - ✅ Loaded video VID48: 1835 frames, 1024-dims embeddings
2025-06-16 16:56:55,914 - INFO - SuRL_FixedRL_125678162126672 - ✅ Loaded video VID49: 1672 frames, 1024-dims embeddings
2025-06-16 16:56:56,112 - INFO - SuRL_FixedRL_125678162126672 - ✅ Loaded video VID52: 1967 frames, 1024-dims embeddings
2025-06-16 16:56:56,299 - INFO - SuRL_FixedRL_125678162126672 - ✅ Loaded video VID56: 1837 frames, 1024-dims embeddings
2025-06-16 16:56:56,556 - INFO - SuRL_FixedRL_125678162126672 - ✅ Loaded video VID57: 2633 frames, 1024-dims embeddings
2025-06-16 16:56:56,803 - INFO - SuRL_FixedRL_125678162126672 - ✅ Loaded video VID60: 2533 frames, 1024-dims embeddings
2025-06-16 16:56:57,003 - INFO - SuRL_FixedRL_125678162126672 - ✅ Loaded video VID62: 2033 frames, 1024-dims embeddings
2025-06-16 16:56:57,190 - INFO - SuRL_FixedRL_125678162126672 - ✅ Loaded video VID65: 1874 frames, 1024-dims embeddings
2025-06-16 16:56:57,386 - INFO - SuRL_FixedRL_125678162126672 - ✅ Loaded video VID68: 1973 frames, 1024-dims embeddings
2025-06-16 16:56:57,511 - INFO - SuRL_FixedRL_125678162126672 - ✅ Loaded video VID70: 1195 frames, 1024-dims embeddings
2025-06-16 16:56:57,652 - INFO - SuRL_FixedRL_125678162126672 - ✅ Loaded video VID73: 1357 frames, 1024-dims embeddings
2025-06-16 16:56:57,819 - INFO - SuRL_FixedRL_125678162126672 - ✅ Loaded video VID74: 1635 frames, 1024-dims embeddings
2025-06-16 16:56:58,015 - INFO - SuRL_FixedRL_125678162126672 - ✅ Loaded video VID75: 1924 frames, 1024-dims embeddings
2025-06-16 16:56:58,097 - INFO - SuRL_FixedRL_125678162126672 - ✅ Loaded video VID78: 740 frames, 1024-dims embeddings
2025-06-16 16:56:58,272 - INFO - SuRL_FixedRL_125678162126672 - ✅ Loaded video VID80: 1725 frames, 1024-dims embeddings
2025-06-16 16:56:58,485 - INFO - SuRL_FixedRL_125678162126672 - ✅ Loaded video VID92: 2124 frames, 1024-dims embeddings
2025-06-16 16:56:58,657 - INFO - SuRL_FixedRL_125678162126672 - ✅ Loaded video VID96: 1707 frames, 1024-dims embeddings
2025-06-16 16:56:58,658 - INFO - SuRL_FixedRL_125678162126672 - 📂 Loaded 40 videos from train split
2025-06-16 16:56:58,658 - INFO - SuRL_FixedRL_125678162126672 - Loading test data from /home/maxboels/datasets/CholecT50 with fold 0
2025-06-16 16:56:58,754 - INFO - SuRL_FixedRL_125678162126672 - ✅ Loaded metadata: /home/maxboels/datasets/CholecT50/embeddings_test_set/fold0/embeddings_f0_swin_bas_129_phase_complet_phase_transit_prog_prob_action_risk_glob_outcome.csv - Shape: (21895, 156)
2025-06-16 16:56:58,754 - INFO - SuRL_FixedRL_125678162126672 - [Test] Start processing metadata file /home/maxboels/datasets/CholecT50/embeddings_test_set/fold0/embeddings_f0_swin_bas_129_phase_complet_phase_transit_prog_prob_action_risk_glob_outcome.csv
2025-06-16 16:56:58,754 - INFO - SuRL_FixedRL_125678162126672 - [Test] Rewards extraction skipped, using metadata file /home/maxboels/datasets/CholecT50/embeddings_test_set/fold0/embeddings_f0_swin_bas_129_phase_complet_phase_transit_prog_prob_action_risk_glob_outcome.csv
2025-06-16 16:56:58,755 - INFO - SuRL_FixedRL_125678162126672 - [Test] Found 10 videos in metadata file
2025-06-16 16:56:58,755 - INFO - SuRL_FixedRL_125678162126672 - [Test] Loading data for 10 videos
2025-06-16 16:56:59,023 - INFO - SuRL_FixedRL_125678162126672 - ✅ Loaded video VID02: 2840 frames, 1024-dims embeddings
2025-06-16 16:56:59,232 - INFO - SuRL_FixedRL_125678162126672 - ✅ Loaded video VID06: 2154 frames, 1024-dims embeddings
2025-06-16 16:56:59,443 - INFO - SuRL_FixedRL_125678162126672 - ✅ Loaded video VID111: 2146 frames, 1024-dims embeddings
2025-06-16 16:56:59,611 - INFO - SuRL_FixedRL_125678162126672 - ✅ Loaded video VID14: 1709 frames, 1024-dims embeddings
2025-06-16 16:56:59,776 - INFO - SuRL_FixedRL_125678162126672 - ✅ Loaded video VID23: 1636 frames, 1024-dims embeddings
2025-06-16 16:56:59,982 - INFO - SuRL_FixedRL_125678162126672 - ✅ Loaded video VID25: 2130 frames, 1024-dims embeddings
2025-06-16 16:57:00,096 - INFO - SuRL_FixedRL_125678162126672 - ✅ Loaded video VID50: 1095 frames, 1024-dims embeddings
2025-06-16 16:57:00,379 - INFO - SuRL_FixedRL_125678162126672 - ✅ Loaded video VID51: 2945 frames, 1024-dims embeddings
2025-06-16 16:57:00,558 - INFO - SuRL_FixedRL_125678162126672 - ✅ Loaded video VID66: 1825 frames, 1024-dims embeddings
2025-06-16 16:57:00,884 - INFO - SuRL_FixedRL_125678162126672 - ✅ Loaded video VID79: 3415 frames, 1024-dims embeddings
2025-06-16 16:57:00,885 - INFO - SuRL_FixedRL_125678162126672 - 📂 Loaded 10 videos from test split
2025-06-16 16:57:00,885 - INFO - SuRL_FixedRL_125678162126672 - ✅ Data loaded successfully
2025-06-16 16:57:00,885 - INFO - SuRL_FixedRL_125678162126672 -    Training videos: 40
2025-06-16 16:57:00,885 - INFO - SuRL_FixedRL_125678162126672 -    Test videos: 10
2025-06-16 16:57:00,885 - INFO - SuRL_FixedRL_125678162126672 - 🎓 Method 1: Autoregressive IL is disabled in config, skipping...
2025-06-16 16:57:00,885 - INFO - SuRL_FixedRL_125678162126672 - 🌍 Running Method 2: FIXED Conditional World Model + RL
2025-06-16 16:57:00,885 - INFO - SuRL_FixedRL_125678162126672 - ----------------------------------------
2025-06-16 16:57:00,885 - INFO - SuRL_FixedRL_125678162126672 - ----------------------------------------
2025-06-16 16:57:00,885 - INFO - SuRL_FixedRL_125678162126672 - 🌍 Method 2: Conditional World Model + RL
2025-06-16 16:57:00,885 - INFO - SuRL_FixedRL_125678162126672 - ----------------------------------------
2025-06-16 16:57:00,885 - INFO - SuRL_FixedRL_125678162126672 - ----------------------------------------
2025-06-16 16:57:00,885 - INFO - SuRL_FixedRL_125678162126672 - 📂 Using pretrained world model from: results/fixed_rl_2025-06-13_19-22-25/logs/checkpoints/world_model_best_epoch_1.pt
2025-06-16 16:57:01,261 - INFO - SuRL_FixedRL_125678162126672 - ✅ Pretrained world model loaded successfully
2025-06-16 16:57:03,947 - INFO - SuRL_FixedRL_125678162126672 - ✅ Stored test loaders for evaluation: ['VID02', 'VID06', 'VID111', 'VID14', 'VID23', 'VID25', 'VID50', 'VID51', 'VID66', 'VID79']
2025-06-16 16:57:03,952 - INFO - SuRL_FixedRL_125678162126672 - 🌍 World Model Trainer initialized
2025-06-16 16:57:03,952 - INFO - SuRL_FixedRL_125678162126672 -    Device: cuda
2025-06-16 16:57:03,952 - INFO - SuRL_FixedRL_125678162126672 -    Epochs: 1
2025-06-16 16:57:03,952 - INFO - SuRL_FixedRL_125678162126672 -    Learning rate: 3e-05
2025-06-16 16:57:03,952 - INFO - SuRL_FixedRL_125678162126672 -    Focus: Action-conditioned state-reward prediction
2025-06-16 16:57:03,952 - INFO - SuRL_FixedRL_125678162126672 - 📊 Evaluating pretrained world model...
2025-06-16 16:57:03,952 - INFO - SuRL_FixedRL_125678162126672 - 📊 Evaluating World Model...
