2025-06-23 10:34:09,145 - INFO - SuRL_FixedRL_137455308043232 - Shared experiment log directory: results/2025-06-23_10-34-09/logs
2025-06-23 10:34:09,146 - INFO - SuRL_FixedRL_137455308043232 - 🎯 RL Experiment: 2025-06-23_10-34-09
2025-06-23 10:34:09,146 - INFO - SuRL_FixedRL_137455308043232 - 📁 Results dir: results/2025-06-23_10-34-09
2025-06-23 10:34:09,146 - INFO - SuRL_FixedRL_137455308043232 - 🚀 Starting Complete RL Comparison
2025-06-23 10:34:09,146 - INFO - SuRL_FixedRL_137455308043232 - ============================================================
2025-06-23 10:34:09,146 - INFO - SuRL_FixedRL_137455308043232 - 📂 Loading CholecT50 data...
2025-06-23 10:34:09,146 - INFO - SuRL_FixedRL_137455308043232 -    Training videos: 40
2025-06-23 10:34:09,146 - INFO - SuRL_FixedRL_137455308043232 -    Test videos: 10
2025-06-23 10:34:09,146 - INFO - SuRL_FixedRL_137455308043232 - Loading train data from /home/maxboels/datasets/CholecT50 with fold 2
2025-06-23 10:34:09,475 - INFO - SuRL_FixedRL_137455308043232 - ✅ Loaded metadata: /home/maxboels/datasets/CholecT50/embeddings_train_set/fold2/embeddings_f2_swin_bas_129.csv - Shape: (79166, 144)
2025-06-23 10:34:09,475 - INFO - SuRL_FixedRL_137455308043232 - [Train] Start processing metadata file /home/maxboels/datasets/CholecT50/embeddings_train_set/fold2/embeddings_f2_swin_bas_129.csv
2025-06-23 10:35:01,552 - INFO - SuRL_FixedRL_137455308043232 - [Train] Rewards extraction skipped, using metadata file /home/maxboels/datasets/CholecT50/embeddings_train_set/fold2/embeddings_f2_swin_bas_129.csv
2025-06-23 10:35:01,557 - INFO - SuRL_FixedRL_137455308043232 - [Train] Found 40 videos in metadata file
2025-06-23 10:35:01,557 - INFO - SuRL_FixedRL_137455308043232 - [Train] Loading data for 40 videos
2025-06-23 10:35:01,725 - WARNING - SuRL_FixedRL_137455308043232 - Reward column risk_score_max not found for VID01
2025-06-23 10:35:01,725 - WARNING - SuRL_FixedRL_137455308043232 - Reward column phase_completion_reward not found for VID01
2025-06-23 10:35:01,725 - WARNING - SuRL_FixedRL_137455308043232 - Reward column phase_initiation_reward not found for VID01
2025-06-23 10:35:01,725 - WARNING - SuRL_FixedRL_137455308043232 - Reward column phase_prog not found for VID01
2025-06-23 10:35:01,725 - WARNING - SuRL_FixedRL_137455308043232 - Reward column global_prog not found for VID01
2025-06-23 10:35:01,725 - WARNING - SuRL_FixedRL_137455308043232 - Reward column action_reward not found for VID01
2025-06-23 10:35:01,725 - WARNING - SuRL_FixedRL_137455308043232 - Outcome column glob_avg_risk not found for VID01
2025-06-23 10:35:01,726 - WARNING - SuRL_FixedRL_137455308043232 - Outcome column glob_critical_risk_events not found for VID01
2025-06-23 10:35:01,726 - WARNING - SuRL_FixedRL_137455308043232 - Outcome column glob_global_outcome_score not found for VID01
2025-06-23 10:35:01,739 - INFO - SuRL_FixedRL_137455308043232 - ✅ Loaded video VID01: 1734 frames, 1024-dims embeddings
2025-06-23 10:35:02,068 - WARNING - SuRL_FixedRL_137455308043232 - Reward column risk_score_max not found for VID02
2025-06-23 10:35:02,068 - WARNING - SuRL_FixedRL_137455308043232 - Reward column phase_completion_reward not found for VID02
2025-06-23 10:35:02,068 - WARNING - SuRL_FixedRL_137455308043232 - Reward column phase_initiation_reward not found for VID02
2025-06-23 10:35:02,068 - WARNING - SuRL_FixedRL_137455308043232 - Reward column phase_prog not found for VID02
2025-06-23 10:35:02,068 - WARNING - SuRL_FixedRL_137455308043232 - Reward column global_prog not found for VID02
2025-06-23 10:35:02,068 - WARNING - SuRL_FixedRL_137455308043232 - Reward column action_reward not found for VID02
2025-06-23 10:35:02,069 - WARNING - SuRL_FixedRL_137455308043232 - Outcome column glob_avg_risk not found for VID02
2025-06-23 10:35:02,069 - WARNING - SuRL_FixedRL_137455308043232 - Outcome column glob_critical_risk_events not found for VID02
2025-06-23 10:35:02,069 - WARNING - SuRL_FixedRL_137455308043232 - Outcome column glob_global_outcome_score not found for VID02
2025-06-23 10:35:02,081 - INFO - SuRL_FixedRL_137455308043232 - ✅ Loaded video VID02: 2840 frames, 1024-dims embeddings
2025-06-23 10:35:02,255 - WARNING - SuRL_FixedRL_137455308043232 - Reward column risk_score_max not found for VID04
2025-06-23 10:35:02,255 - WARNING - SuRL_FixedRL_137455308043232 - Reward column phase_completion_reward not found for VID04
2025-06-23 10:35:02,255 - WARNING - SuRL_FixedRL_137455308043232 - Reward column phase_initiation_reward not found for VID04
2025-06-23 10:35:02,255 - WARNING - SuRL_FixedRL_137455308043232 - Reward column phase_prog not found for VID04
2025-06-23 10:35:02,255 - WARNING - SuRL_FixedRL_137455308043232 - Reward column global_prog not found for VID04
2025-06-23 10:35:02,255 - WARNING - SuRL_FixedRL_137455308043232 - Reward column action_reward not found for VID04
2025-06-23 10:35:02,255 - WARNING - SuRL_FixedRL_137455308043232 - Outcome column glob_avg_risk not found for VID04
2025-06-23 10:35:02,255 - WARNING - SuRL_FixedRL_137455308043232 - Outcome column glob_critical_risk_events not found for VID04
2025-06-23 10:35:02,256 - WARNING - SuRL_FixedRL_137455308043232 - Outcome column glob_global_outcome_score not found for VID04
2025-06-23 10:35:02,267 - INFO - SuRL_FixedRL_137455308043232 - ✅ Loaded video VID04: 1523 frames, 1024-dims embeddings
2025-06-23 10:35:02,537 - WARNING - SuRL_FixedRL_137455308043232 - Reward column risk_score_max not found for VID05
2025-06-23 10:35:02,537 - WARNING - SuRL_FixedRL_137455308043232 - Reward column phase_completion_reward not found for VID05
2025-06-23 10:35:02,537 - WARNING - SuRL_FixedRL_137455308043232 - Reward column phase_initiation_reward not found for VID05
2025-06-23 10:35:02,537 - WARNING - SuRL_FixedRL_137455308043232 - Reward column phase_prog not found for VID05
2025-06-23 10:35:02,537 - WARNING - SuRL_FixedRL_137455308043232 - Reward column global_prog not found for VID05
2025-06-23 10:35:02,537 - WARNING - SuRL_FixedRL_137455308043232 - Reward column action_reward not found for VID05
2025-06-23 10:35:02,537 - WARNING - SuRL_FixedRL_137455308043232 - Outcome column glob_avg_risk not found for VID05
2025-06-23 10:35:02,537 - WARNING - SuRL_FixedRL_137455308043232 - Outcome column glob_critical_risk_events not found for VID05
2025-06-23 10:35:02,537 - WARNING - SuRL_FixedRL_137455308043232 - Outcome column glob_global_outcome_score not found for VID05
2025-06-23 10:35:02,549 - INFO - SuRL_FixedRL_137455308043232 - ✅ Loaded video VID05: 2345 frames, 1024-dims embeddings
2025-06-23 10:35:02,800 - WARNING - SuRL_FixedRL_137455308043232 - Reward column risk_score_max not found for VID06
2025-06-23 10:35:02,800 - WARNING - SuRL_FixedRL_137455308043232 - Reward column phase_completion_reward not found for VID06
2025-06-23 10:35:02,800 - WARNING - SuRL_FixedRL_137455308043232 - Reward column phase_initiation_reward not found for VID06
2025-06-23 10:35:02,800 - WARNING - SuRL_FixedRL_137455308043232 - Reward column phase_prog not found for VID06
2025-06-23 10:35:02,800 - WARNING - SuRL_FixedRL_137455308043232 - Reward column global_prog not found for VID06
2025-06-23 10:35:02,801 - WARNING - SuRL_FixedRL_137455308043232 - Reward column action_reward not found for VID06
2025-06-23 10:35:02,801 - WARNING - SuRL_FixedRL_137455308043232 - Outcome column glob_avg_risk not found for VID06
2025-06-23 10:35:02,801 - WARNING - SuRL_FixedRL_137455308043232 - Outcome column glob_critical_risk_events not found for VID06
2025-06-23 10:35:02,801 - WARNING - SuRL_FixedRL_137455308043232 - Outcome column glob_global_outcome_score not found for VID06
2025-06-23 10:35:02,812 - INFO - SuRL_FixedRL_137455308043232 - ✅ Loaded video VID06: 2154 frames, 1024-dims embeddings
2025-06-23 10:35:03,062 - WARNING - SuRL_FixedRL_137455308043232 - Reward column risk_score_max not found for VID110
2025-06-23 10:35:03,062 - WARNING - SuRL_FixedRL_137455308043232 - Reward column phase_completion_reward not found for VID110
2025-06-23 10:35:03,062 - WARNING - SuRL_FixedRL_137455308043232 - Reward column phase_initiation_reward not found for VID110
2025-06-23 10:35:03,062 - WARNING - SuRL_FixedRL_137455308043232 - Reward column phase_prog not found for VID110
2025-06-23 10:35:03,062 - WARNING - SuRL_FixedRL_137455308043232 - Reward column global_prog not found for VID110
2025-06-23 10:35:03,062 - WARNING - SuRL_FixedRL_137455308043232 - Reward column action_reward not found for VID110
2025-06-23 10:35:03,062 - WARNING - SuRL_FixedRL_137455308043232 - Outcome column glob_avg_risk not found for VID110
2025-06-23 10:35:03,062 - WARNING - SuRL_FixedRL_137455308043232 - Outcome column glob_critical_risk_events not found for VID110
2025-06-23 10:35:03,062 - WARNING - SuRL_FixedRL_137455308043232 - Outcome column glob_global_outcome_score not found for VID110
2025-06-23 10:35:03,074 - INFO - SuRL_FixedRL_137455308043232 - ✅ Loaded video VID110: 2177 frames, 1024-dims embeddings
2025-06-23 10:35:03,320 - WARNING - SuRL_FixedRL_137455308043232 - Reward column risk_score_max not found for VID111
2025-06-23 10:35:03,320 - WARNING - SuRL_FixedRL_137455308043232 - Reward column phase_completion_reward not found for VID111
2025-06-23 10:35:03,320 - WARNING - SuRL_FixedRL_137455308043232 - Reward column phase_initiation_reward not found for VID111
2025-06-23 10:35:03,320 - WARNING - SuRL_FixedRL_137455308043232 - Reward column phase_prog not found for VID111
2025-06-23 10:35:03,320 - WARNING - SuRL_FixedRL_137455308043232 - Reward column global_prog not found for VID111
2025-06-23 10:35:03,321 - WARNING - SuRL_FixedRL_137455308043232 - Reward column action_reward not found for VID111
2025-06-23 10:35:03,321 - WARNING - SuRL_FixedRL_137455308043232 - Outcome column glob_avg_risk not found for VID111
2025-06-23 10:35:03,321 - WARNING - SuRL_FixedRL_137455308043232 - Outcome column glob_critical_risk_events not found for VID111
2025-06-23 10:35:03,321 - WARNING - SuRL_FixedRL_137455308043232 - Outcome column glob_global_outcome_score not found for VID111
2025-06-23 10:35:03,334 - INFO - SuRL_FixedRL_137455308043232 - ✅ Loaded video VID111: 2146 frames, 1024-dims embeddings
2025-06-23 10:35:03,457 - WARNING - SuRL_FixedRL_137455308043232 - Reward column risk_score_max not found for VID12
2025-06-23 10:35:03,457 - WARNING - SuRL_FixedRL_137455308043232 - Reward column phase_completion_reward not found for VID12
2025-06-23 10:35:03,457 - WARNING - SuRL_FixedRL_137455308043232 - Reward column phase_initiation_reward not found for VID12
2025-06-23 10:35:03,457 - WARNING - SuRL_FixedRL_137455308043232 - Reward column phase_prog not found for VID12
2025-06-23 10:35:03,457 - WARNING - SuRL_FixedRL_137455308043232 - Reward column global_prog not found for VID12
2025-06-23 10:35:03,457 - WARNING - SuRL_FixedRL_137455308043232 - Reward column action_reward not found for VID12
2025-06-23 10:35:03,458 - WARNING - SuRL_FixedRL_137455308043232 - Outcome column glob_avg_risk not found for VID12
2025-06-23 10:35:03,458 - WARNING - SuRL_FixedRL_137455308043232 - Outcome column glob_critical_risk_events not found for VID12
2025-06-23 10:35:03,458 - WARNING - SuRL_FixedRL_137455308043232 - Outcome column glob_global_outcome_score not found for VID12
2025-06-23 10:35:03,470 - INFO - SuRL_FixedRL_137455308043232 - ✅ Loaded video VID12: 1091 frames, 1024-dims embeddings
2025-06-23 10:35:03,583 - WARNING - SuRL_FixedRL_137455308043232 - Reward column risk_score_max not found for VID13
2025-06-23 10:35:03,583 - WARNING - SuRL_FixedRL_137455308043232 - Reward column phase_completion_reward not found for VID13
2025-06-23 10:35:03,583 - WARNING - SuRL_FixedRL_137455308043232 - Reward column phase_initiation_reward not found for VID13
2025-06-23 10:35:03,583 - WARNING - SuRL_FixedRL_137455308043232 - Reward column phase_prog not found for VID13
2025-06-23 10:35:03,583 - WARNING - SuRL_FixedRL_137455308043232 - Reward column global_prog not found for VID13
2025-06-23 10:35:03,583 - WARNING - SuRL_FixedRL_137455308043232 - Reward column action_reward not found for VID13
2025-06-23 10:35:03,583 - WARNING - SuRL_FixedRL_137455308043232 - Outcome column glob_avg_risk not found for VID13
2025-06-23 10:35:03,583 - WARNING - SuRL_FixedRL_137455308043232 - Outcome column glob_critical_risk_events not found for VID13
2025-06-23 10:35:03,583 - WARNING - SuRL_FixedRL_137455308043232 - Outcome column glob_global_outcome_score not found for VID13
2025-06-23 10:35:03,595 - INFO - SuRL_FixedRL_137455308043232 - ✅ Loaded video VID13: 982 frames, 1024-dims embeddings
2025-06-23 10:35:03,790 - WARNING - SuRL_FixedRL_137455308043232 - Reward column risk_score_max not found for VID14
2025-06-23 10:35:03,790 - WARNING - SuRL_FixedRL_137455308043232 - Reward column phase_completion_reward not found for VID14
2025-06-23 10:35:03,790 - WARNING - SuRL_FixedRL_137455308043232 - Reward column phase_initiation_reward not found for VID14
2025-06-23 10:35:03,790 - WARNING - SuRL_FixedRL_137455308043232 - Reward column phase_prog not found for VID14
2025-06-23 10:35:03,790 - WARNING - SuRL_FixedRL_137455308043232 - Reward column global_prog not found for VID14
2025-06-23 10:35:03,790 - WARNING - SuRL_FixedRL_137455308043232 - Reward column action_reward not found for VID14
2025-06-23 10:35:03,791 - WARNING - SuRL_FixedRL_137455308043232 - Outcome column glob_avg_risk not found for VID14
2025-06-23 10:35:03,791 - WARNING - SuRL_FixedRL_137455308043232 - Outcome column glob_critical_risk_events not found for VID14
2025-06-23 10:35:03,791 - WARNING - SuRL_FixedRL_137455308043232 - Outcome column glob_global_outcome_score not found for VID14
2025-06-23 10:35:03,803 - INFO - SuRL_FixedRL_137455308043232 - ✅ Loaded video VID14: 1709 frames, 1024-dims embeddings
2025-06-23 10:35:04,035 - WARNING - SuRL_FixedRL_137455308043232 - Reward column risk_score_max not found for VID15
2025-06-23 10:35:04,035 - WARNING - SuRL_FixedRL_137455308043232 - Reward column phase_completion_reward not found for VID15
2025-06-23 10:35:04,035 - WARNING - SuRL_FixedRL_137455308043232 - Reward column phase_initiation_reward not found for VID15
2025-06-23 10:35:04,035 - WARNING - SuRL_FixedRL_137455308043232 - Reward column phase_prog not found for VID15
2025-06-23 10:35:04,035 - WARNING - SuRL_FixedRL_137455308043232 - Reward column global_prog not found for VID15
2025-06-23 10:35:04,035 - WARNING - SuRL_FixedRL_137455308043232 - Reward column action_reward not found for VID15
2025-06-23 10:35:04,036 - WARNING - SuRL_FixedRL_137455308043232 - Outcome column glob_avg_risk not found for VID15
2025-06-23 10:35:04,036 - WARNING - SuRL_FixedRL_137455308043232 - Outcome column glob_critical_risk_events not found for VID15
2025-06-23 10:35:04,036 - WARNING - SuRL_FixedRL_137455308043232 - Outcome column glob_global_outcome_score not found for VID15
2025-06-23 10:35:04,048 - INFO - SuRL_FixedRL_137455308043232 - ✅ Loaded video VID15: 2059 frames, 1024-dims embeddings
2025-06-23 10:35:04,225 - WARNING - SuRL_FixedRL_137455308043232 - Reward column risk_score_max not found for VID22
2025-06-23 10:35:04,225 - WARNING - SuRL_FixedRL_137455308043232 - Reward column phase_completion_reward not found for VID22
2025-06-23 10:35:04,225 - WARNING - SuRL_FixedRL_137455308043232 - Reward column phase_initiation_reward not found for VID22
2025-06-23 10:35:04,225 - WARNING - SuRL_FixedRL_137455308043232 - Reward column phase_prog not found for VID22
2025-06-23 10:35:04,225 - WARNING - SuRL_FixedRL_137455308043232 - Reward column global_prog not found for VID22
2025-06-23 10:35:04,225 - WARNING - SuRL_FixedRL_137455308043232 - Reward column action_reward not found for VID22
2025-06-23 10:35:04,225 - WARNING - SuRL_FixedRL_137455308043232 - Outcome column glob_avg_risk not found for VID22
2025-06-23 10:35:04,225 - WARNING - SuRL_FixedRL_137455308043232 - Outcome column glob_critical_risk_events not found for VID22
2025-06-23 10:35:04,225 - WARNING - SuRL_FixedRL_137455308043232 - Outcome column glob_global_outcome_score not found for VID22
2025-06-23 10:35:04,237 - INFO - SuRL_FixedRL_137455308043232 - ✅ Loaded video VID22: 1533 frames, 1024-dims embeddings
2025-06-23 10:35:04,424 - WARNING - SuRL_FixedRL_137455308043232 - Reward column risk_score_max not found for VID23
2025-06-23 10:35:04,424 - WARNING - SuRL_FixedRL_137455308043232 - Reward column phase_completion_reward not found for VID23
2025-06-23 10:35:04,425 - WARNING - SuRL_FixedRL_137455308043232 - Reward column phase_initiation_reward not found for VID23
2025-06-23 10:35:04,425 - WARNING - SuRL_FixedRL_137455308043232 - Reward column phase_prog not found for VID23
2025-06-23 10:35:04,425 - WARNING - SuRL_FixedRL_137455308043232 - Reward column global_prog not found for VID23
2025-06-23 10:35:04,425 - WARNING - SuRL_FixedRL_137455308043232 - Reward column action_reward not found for VID23
2025-06-23 10:35:04,425 - WARNING - SuRL_FixedRL_137455308043232 - Outcome column glob_avg_risk not found for VID23
2025-06-23 10:35:04,425 - WARNING - SuRL_FixedRL_137455308043232 - Outcome column glob_critical_risk_events not found for VID23
2025-06-23 10:35:04,425 - WARNING - SuRL_FixedRL_137455308043232 - Outcome column glob_global_outcome_score not found for VID23
2025-06-23 10:35:04,437 - INFO - SuRL_FixedRL_137455308043232 - ✅ Loaded video VID23: 1636 frames, 1024-dims embeddings
2025-06-23 10:35:04,678 - WARNING - SuRL_FixedRL_137455308043232 - Reward column risk_score_max not found for VID25
2025-06-23 10:35:04,678 - WARNING - SuRL_FixedRL_137455308043232 - Reward column phase_completion_reward not found for VID25
2025-06-23 10:35:04,678 - WARNING - SuRL_FixedRL_137455308043232 - Reward column phase_initiation_reward not found for VID25
2025-06-23 10:35:04,678 - WARNING - SuRL_FixedRL_137455308043232 - Reward column phase_prog not found for VID25
2025-06-23 10:35:04,678 - WARNING - SuRL_FixedRL_137455308043232 - Reward column global_prog not found for VID25
2025-06-23 10:35:04,678 - WARNING - SuRL_FixedRL_137455308043232 - Reward column action_reward not found for VID25
2025-06-23 10:35:04,678 - WARNING - SuRL_FixedRL_137455308043232 - Outcome column glob_avg_risk not found for VID25
2025-06-23 10:35:04,678 - WARNING - SuRL_FixedRL_137455308043232 - Outcome column glob_critical_risk_events not found for VID25
2025-06-23 10:35:04,678 - WARNING - SuRL_FixedRL_137455308043232 - Outcome column glob_global_outcome_score not found for VID25
2025-06-23 10:35:04,691 - INFO - SuRL_FixedRL_137455308043232 - ✅ Loaded video VID25: 2130 frames, 1024-dims embeddings
2025-06-23 10:35:04,896 - WARNING - SuRL_FixedRL_137455308043232 - Reward column risk_score_max not found for VID26
2025-06-23 10:35:04,896 - WARNING - SuRL_FixedRL_137455308043232 - Reward column phase_completion_reward not found for VID26
2025-06-23 10:35:04,896 - WARNING - SuRL_FixedRL_137455308043232 - Reward column phase_initiation_reward not found for VID26
2025-06-23 10:35:04,896 - WARNING - SuRL_FixedRL_137455308043232 - Reward column phase_prog not found for VID26
2025-06-23 10:35:04,896 - WARNING - SuRL_FixedRL_137455308043232 - Reward column global_prog not found for VID26
2025-06-23 10:35:04,897 - WARNING - SuRL_FixedRL_137455308043232 - Reward column action_reward not found for VID26
2025-06-23 10:35:04,897 - WARNING - SuRL_FixedRL_137455308043232 - Outcome column glob_avg_risk not found for VID26
2025-06-23 10:35:04,897 - WARNING - SuRL_FixedRL_137455308043232 - Outcome column glob_critical_risk_events not found for VID26
2025-06-23 10:35:04,897 - WARNING - SuRL_FixedRL_137455308043232 - Outcome column glob_global_outcome_score not found for VID26
2025-06-23 10:35:04,908 - INFO - SuRL_FixedRL_137455308043232 - ✅ Loaded video VID26: 1774 frames, 1024-dims embeddings
2025-06-23 10:35:05,147 - WARNING - SuRL_FixedRL_137455308043232 - Reward column risk_score_max not found for VID27
2025-06-23 10:35:05,147 - WARNING - SuRL_FixedRL_137455308043232 - Reward column phase_completion_reward not found for VID27
2025-06-23 10:35:05,147 - WARNING - SuRL_FixedRL_137455308043232 - Reward column phase_initiation_reward not found for VID27
2025-06-23 10:35:05,147 - WARNING - SuRL_FixedRL_137455308043232 - Reward column phase_prog not found for VID27
2025-06-23 10:35:05,147 - WARNING - SuRL_FixedRL_137455308043232 - Reward column global_prog not found for VID27
2025-06-23 10:35:05,147 - WARNING - SuRL_FixedRL_137455308043232 - Reward column action_reward not found for VID27
2025-06-23 10:35:05,147 - WARNING - SuRL_FixedRL_137455308043232 - Outcome column glob_avg_risk not found for VID27
2025-06-23 10:35:05,147 - WARNING - SuRL_FixedRL_137455308043232 - Outcome column glob_critical_risk_events not found for VID27
2025-06-23 10:35:05,147 - WARNING - SuRL_FixedRL_137455308043232 - Outcome column glob_global_outcome_score not found for VID27
2025-06-23 10:35:05,159 - INFO - SuRL_FixedRL_137455308043232 - ✅ Loaded video VID27: 2085 frames, 1024-dims embeddings
2025-06-23 10:35:05,424 - WARNING - SuRL_FixedRL_137455308043232 - Reward column risk_score_max not found for VID29
2025-06-23 10:35:05,425 - WARNING - SuRL_FixedRL_137455308043232 - Reward column phase_completion_reward not found for VID29
2025-06-23 10:35:05,425 - WARNING - SuRL_FixedRL_137455308043232 - Reward column phase_initiation_reward not found for VID29
2025-06-23 10:35:05,425 - WARNING - SuRL_FixedRL_137455308043232 - Reward column phase_prog not found for VID29
2025-06-23 10:35:05,425 - WARNING - SuRL_FixedRL_137455308043232 - Reward column global_prog not found for VID29
2025-06-23 10:35:05,425 - WARNING - SuRL_FixedRL_137455308043232 - Reward column action_reward not found for VID29
2025-06-23 10:35:05,425 - WARNING - SuRL_FixedRL_137455308043232 - Outcome column glob_avg_risk not found for VID29
2025-06-23 10:35:05,425 - WARNING - SuRL_FixedRL_137455308043232 - Outcome column glob_critical_risk_events not found for VID29
2025-06-23 10:35:05,425 - WARNING - SuRL_FixedRL_137455308043232 - Outcome column glob_global_outcome_score not found for VID29
2025-06-23 10:35:05,437 - INFO - SuRL_FixedRL_137455308043232 - ✅ Loaded video VID29: 2351 frames, 1024-dims embeddings
2025-06-23 10:35:05,674 - WARNING - SuRL_FixedRL_137455308043232 - Reward column risk_score_max not found for VID32
2025-06-23 10:35:05,674 - WARNING - SuRL_FixedRL_137455308043232 - Reward column phase_completion_reward not found for VID32
2025-06-23 10:35:05,674 - WARNING - SuRL_FixedRL_137455308043232 - Reward column phase_initiation_reward not found for VID32
2025-06-23 10:35:05,674 - WARNING - SuRL_FixedRL_137455308043232 - Reward column phase_prog not found for VID32
2025-06-23 10:35:05,674 - WARNING - SuRL_FixedRL_137455308043232 - Reward column global_prog not found for VID32
2025-06-23 10:35:05,674 - WARNING - SuRL_FixedRL_137455308043232 - Reward column action_reward not found for VID32
2025-06-23 10:35:05,675 - WARNING - SuRL_FixedRL_137455308043232 - Outcome column glob_avg_risk not found for VID32
2025-06-23 10:35:05,675 - WARNING - SuRL_FixedRL_137455308043232 - Outcome column glob_critical_risk_events not found for VID32
2025-06-23 10:35:05,675 - WARNING - SuRL_FixedRL_137455308043232 - Outcome column glob_global_outcome_score not found for VID32
2025-06-23 10:35:05,689 - INFO - SuRL_FixedRL_137455308043232 - ✅ Loaded video VID32: 2117 frames, 1024-dims embeddings
2025-06-23 10:35:05,926 - WARNING - SuRL_FixedRL_137455308043232 - Reward column risk_score_max not found for VID35
2025-06-23 10:35:05,926 - WARNING - SuRL_FixedRL_137455308043232 - Reward column phase_completion_reward not found for VID35
2025-06-23 10:35:05,926 - WARNING - SuRL_FixedRL_137455308043232 - Reward column phase_initiation_reward not found for VID35
2025-06-23 10:35:05,927 - WARNING - SuRL_FixedRL_137455308043232 - Reward column phase_prog not found for VID35
2025-06-23 10:35:05,927 - WARNING - SuRL_FixedRL_137455308043232 - Reward column global_prog not found for VID35
2025-06-23 10:35:05,927 - WARNING - SuRL_FixedRL_137455308043232 - Reward column action_reward not found for VID35
2025-06-23 10:35:05,927 - WARNING - SuRL_FixedRL_137455308043232 - Outcome column glob_avg_risk not found for VID35
2025-06-23 10:35:05,927 - WARNING - SuRL_FixedRL_137455308043232 - Outcome column glob_critical_risk_events not found for VID35
2025-06-23 10:35:05,927 - WARNING - SuRL_FixedRL_137455308043232 - Outcome column glob_global_outcome_score not found for VID35
2025-06-23 10:35:05,939 - INFO - SuRL_FixedRL_137455308043232 - ✅ Loaded video VID35: 2107 frames, 1024-dims embeddings
2025-06-23 10:35:06,190 - WARNING - SuRL_FixedRL_137455308043232 - Reward column risk_score_max not found for VID40
2025-06-23 10:35:06,190 - WARNING - SuRL_FixedRL_137455308043232 - Reward column phase_completion_reward not found for VID40
2025-06-23 10:35:06,190 - WARNING - SuRL_FixedRL_137455308043232 - Reward column phase_initiation_reward not found for VID40
2025-06-23 10:35:06,190 - WARNING - SuRL_FixedRL_137455308043232 - Reward column phase_prog not found for VID40
2025-06-23 10:35:06,190 - WARNING - SuRL_FixedRL_137455308043232 - Reward column global_prog not found for VID40
2025-06-23 10:35:06,190 - WARNING - SuRL_FixedRL_137455308043232 - Reward column action_reward not found for VID40
2025-06-23 10:35:06,190 - WARNING - SuRL_FixedRL_137455308043232 - Outcome column glob_avg_risk not found for VID40
2025-06-23 10:35:06,190 - WARNING - SuRL_FixedRL_137455308043232 - Outcome column glob_critical_risk_events not found for VID40
2025-06-23 10:35:06,190 - WARNING - SuRL_FixedRL_137455308043232 - Outcome column glob_global_outcome_score not found for VID40
2025-06-23 10:35:06,202 - INFO - SuRL_FixedRL_137455308043232 - ✅ Loaded video VID40: 2223 frames, 1024-dims embeddings
2025-06-23 10:35:06,619 - WARNING - SuRL_FixedRL_137455308043232 - Reward column risk_score_max not found for VID42
2025-06-23 10:35:06,620 - WARNING - SuRL_FixedRL_137455308043232 - Reward column phase_completion_reward not found for VID42
2025-06-23 10:35:06,620 - WARNING - SuRL_FixedRL_137455308043232 - Reward column phase_initiation_reward not found for VID42
2025-06-23 10:35:06,620 - WARNING - SuRL_FixedRL_137455308043232 - Reward column phase_prog not found for VID42
2025-06-23 10:35:06,620 - WARNING - SuRL_FixedRL_137455308043232 - Reward column global_prog not found for VID42
2025-06-23 10:35:06,620 - WARNING - SuRL_FixedRL_137455308043232 - Reward column action_reward not found for VID42
2025-06-23 10:35:06,620 - WARNING - SuRL_FixedRL_137455308043232 - Outcome column glob_avg_risk not found for VID42
2025-06-23 10:35:06,620 - WARNING - SuRL_FixedRL_137455308043232 - Outcome column glob_critical_risk_events not found for VID42
2025-06-23 10:35:06,620 - WARNING - SuRL_FixedRL_137455308043232 - Outcome column glob_global_outcome_score not found for VID42
2025-06-23 10:35:06,632 - INFO - SuRL_FixedRL_137455308043232 - ✅ Loaded video VID42: 3713 frames, 1024-dims embeddings
2025-06-23 10:35:06,900 - WARNING - SuRL_FixedRL_137455308043232 - Reward column risk_score_max not found for VID43
2025-06-23 10:35:06,900 - WARNING - SuRL_FixedRL_137455308043232 - Reward column phase_completion_reward not found for VID43
2025-06-23 10:35:06,900 - WARNING - SuRL_FixedRL_137455308043232 - Reward column phase_initiation_reward not found for VID43
2025-06-23 10:35:06,900 - WARNING - SuRL_FixedRL_137455308043232 - Reward column phase_prog not found for VID43
2025-06-23 10:35:06,900 - WARNING - SuRL_FixedRL_137455308043232 - Reward column global_prog not found for VID43
2025-06-23 10:35:06,900 - WARNING - SuRL_FixedRL_137455308043232 - Reward column action_reward not found for VID43
2025-06-23 10:35:06,900 - WARNING - SuRL_FixedRL_137455308043232 - Outcome column glob_avg_risk not found for VID43
2025-06-23 10:35:06,900 - WARNING - SuRL_FixedRL_137455308043232 - Outcome column glob_critical_risk_events not found for VID43
2025-06-23 10:35:06,900 - WARNING - SuRL_FixedRL_137455308043232 - Outcome column glob_global_outcome_score not found for VID43
2025-06-23 10:35:06,922 - INFO - SuRL_FixedRL_137455308043232 - ✅ Loaded video VID43: 2363 frames, 1024-dims embeddings
2025-06-23 10:35:07,189 - WARNING - SuRL_FixedRL_137455308043232 - Reward column risk_score_max not found for VID47
2025-06-23 10:35:07,189 - WARNING - SuRL_FixedRL_137455308043232 - Reward column phase_completion_reward not found for VID47
2025-06-23 10:35:07,189 - WARNING - SuRL_FixedRL_137455308043232 - Reward column phase_initiation_reward not found for VID47
2025-06-23 10:35:07,189 - WARNING - SuRL_FixedRL_137455308043232 - Reward column phase_prog not found for VID47
2025-06-23 10:35:07,189 - WARNING - SuRL_FixedRL_137455308043232 - Reward column global_prog not found for VID47
2025-06-23 10:35:07,189 - WARNING - SuRL_FixedRL_137455308043232 - Reward column action_reward not found for VID47
2025-06-23 10:35:07,189 - WARNING - SuRL_FixedRL_137455308043232 - Outcome column glob_avg_risk not found for VID47
2025-06-23 10:35:07,189 - WARNING - SuRL_FixedRL_137455308043232 - Outcome column glob_critical_risk_events not found for VID47
2025-06-23 10:35:07,189 - WARNING - SuRL_FixedRL_137455308043232 - Outcome column glob_global_outcome_score not found for VID47
2025-06-23 10:35:07,202 - INFO - SuRL_FixedRL_137455308043232 - ✅ Loaded video VID47: 2260 frames, 1024-dims embeddings
2025-06-23 10:35:07,407 - WARNING - SuRL_FixedRL_137455308043232 - Reward column risk_score_max not found for VID48
2025-06-23 10:35:07,407 - WARNING - SuRL_FixedRL_137455308043232 - Reward column phase_completion_reward not found for VID48
2025-06-23 10:35:07,407 - WARNING - SuRL_FixedRL_137455308043232 - Reward column phase_initiation_reward not found for VID48
2025-06-23 10:35:07,407 - WARNING - SuRL_FixedRL_137455308043232 - Reward column phase_prog not found for VID48
2025-06-23 10:35:07,407 - WARNING - SuRL_FixedRL_137455308043232 - Reward column global_prog not found for VID48
2025-06-23 10:35:07,407 - WARNING - SuRL_FixedRL_137455308043232 - Reward column action_reward not found for VID48
2025-06-23 10:35:07,407 - WARNING - SuRL_FixedRL_137455308043232 - Outcome column glob_avg_risk not found for VID48
2025-06-23 10:35:07,407 - WARNING - SuRL_FixedRL_137455308043232 - Outcome column glob_critical_risk_events not found for VID48
2025-06-23 10:35:07,407 - WARNING - SuRL_FixedRL_137455308043232 - Outcome column glob_global_outcome_score not found for VID48
2025-06-23 10:35:07,419 - INFO - SuRL_FixedRL_137455308043232 - ✅ Loaded video VID48: 1835 frames, 1024-dims embeddings
2025-06-23 10:35:07,610 - WARNING - SuRL_FixedRL_137455308043232 - Reward column risk_score_max not found for VID49
2025-06-23 10:35:07,610 - WARNING - SuRL_FixedRL_137455308043232 - Reward column phase_completion_reward not found for VID49
2025-06-23 10:35:07,610 - WARNING - SuRL_FixedRL_137455308043232 - Reward column phase_initiation_reward not found for VID49
2025-06-23 10:35:07,610 - WARNING - SuRL_FixedRL_137455308043232 - Reward column phase_prog not found for VID49
2025-06-23 10:35:07,610 - WARNING - SuRL_FixedRL_137455308043232 - Reward column global_prog not found for VID49
2025-06-23 10:35:07,611 - WARNING - SuRL_FixedRL_137455308043232 - Reward column action_reward not found for VID49
2025-06-23 10:35:07,611 - WARNING - SuRL_FixedRL_137455308043232 - Outcome column glob_avg_risk not found for VID49
2025-06-23 10:35:07,611 - WARNING - SuRL_FixedRL_137455308043232 - Outcome column glob_critical_risk_events not found for VID49
2025-06-23 10:35:07,611 - WARNING - SuRL_FixedRL_137455308043232 - Outcome column glob_global_outcome_score not found for VID49
2025-06-23 10:35:07,622 - INFO - SuRL_FixedRL_137455308043232 - ✅ Loaded video VID49: 1672 frames, 1024-dims embeddings
2025-06-23 10:35:07,749 - WARNING - SuRL_FixedRL_137455308043232 - Reward column risk_score_max not found for VID50
2025-06-23 10:35:07,749 - WARNING - SuRL_FixedRL_137455308043232 - Reward column phase_completion_reward not found for VID50
2025-06-23 10:35:07,749 - WARNING - SuRL_FixedRL_137455308043232 - Reward column phase_initiation_reward not found for VID50
2025-06-23 10:35:07,749 - WARNING - SuRL_FixedRL_137455308043232 - Reward column phase_prog not found for VID50
2025-06-23 10:35:07,749 - WARNING - SuRL_FixedRL_137455308043232 - Reward column global_prog not found for VID50
2025-06-23 10:35:07,750 - WARNING - SuRL_FixedRL_137455308043232 - Reward column action_reward not found for VID50
2025-06-23 10:35:07,750 - WARNING - SuRL_FixedRL_137455308043232 - Outcome column glob_avg_risk not found for VID50
2025-06-23 10:35:07,750 - WARNING - SuRL_FixedRL_137455308043232 - Outcome column glob_critical_risk_events not found for VID50
2025-06-23 10:35:07,750 - WARNING - SuRL_FixedRL_137455308043232 - Outcome column glob_global_outcome_score not found for VID50
2025-06-23 10:35:07,762 - INFO - SuRL_FixedRL_137455308043232 - ✅ Loaded video VID50: 1095 frames, 1024-dims embeddings
2025-06-23 10:35:08,103 - WARNING - SuRL_FixedRL_137455308043232 - Reward column risk_score_max not found for VID51
2025-06-23 10:35:08,103 - WARNING - SuRL_FixedRL_137455308043232 - Reward column phase_completion_reward not found for VID51
2025-06-23 10:35:08,103 - WARNING - SuRL_FixedRL_137455308043232 - Reward column phase_initiation_reward not found for VID51
2025-06-23 10:35:08,103 - WARNING - SuRL_FixedRL_137455308043232 - Reward column phase_prog not found for VID51
2025-06-23 10:35:08,103 - WARNING - SuRL_FixedRL_137455308043232 - Reward column global_prog not found for VID51
2025-06-23 10:35:08,104 - WARNING - SuRL_FixedRL_137455308043232 - Reward column action_reward not found for VID51
2025-06-23 10:35:08,104 - WARNING - SuRL_FixedRL_137455308043232 - Outcome column glob_avg_risk not found for VID51
2025-06-23 10:35:08,104 - WARNING - SuRL_FixedRL_137455308043232 - Outcome column glob_critical_risk_events not found for VID51
2025-06-23 10:35:08,104 - WARNING - SuRL_FixedRL_137455308043232 - Outcome column glob_global_outcome_score not found for VID51
2025-06-23 10:35:08,116 - INFO - SuRL_FixedRL_137455308043232 - ✅ Loaded video VID51: 2945 frames, 1024-dims embeddings
2025-06-23 10:35:08,355 - WARNING - SuRL_FixedRL_137455308043232 - Reward column risk_score_max not found for VID56
2025-06-23 10:35:08,356 - WARNING - SuRL_FixedRL_137455308043232 - Reward column phase_completion_reward not found for VID56
2025-06-23 10:35:08,356 - WARNING - SuRL_FixedRL_137455308043232 - Reward column phase_initiation_reward not found for VID56
2025-06-23 10:35:08,356 - WARNING - SuRL_FixedRL_137455308043232 - Reward column phase_prog not found for VID56
2025-06-23 10:35:08,356 - WARNING - SuRL_FixedRL_137455308043232 - Reward column global_prog not found for VID56
2025-06-23 10:35:08,356 - WARNING - SuRL_FixedRL_137455308043232 - Reward column action_reward not found for VID56
2025-06-23 10:35:08,356 - WARNING - SuRL_FixedRL_137455308043232 - Outcome column glob_avg_risk not found for VID56
2025-06-23 10:35:08,356 - WARNING - SuRL_FixedRL_137455308043232 - Outcome column glob_critical_risk_events not found for VID56
2025-06-23 10:35:08,356 - WARNING - SuRL_FixedRL_137455308043232 - Outcome column glob_global_outcome_score not found for VID56
2025-06-23 10:35:08,368 - INFO - SuRL_FixedRL_137455308043232 - ✅ Loaded video VID56: 1837 frames, 1024-dims embeddings
2025-06-23 10:35:08,657 - WARNING - SuRL_FixedRL_137455308043232 - Reward column risk_score_max not found for VID60
2025-06-23 10:35:08,657 - WARNING - SuRL_FixedRL_137455308043232 - Reward column phase_completion_reward not found for VID60
2025-06-23 10:35:08,658 - WARNING - SuRL_FixedRL_137455308043232 - Reward column phase_initiation_reward not found for VID60
2025-06-23 10:35:08,658 - WARNING - SuRL_FixedRL_137455308043232 - Reward column phase_prog not found for VID60
2025-06-23 10:35:08,658 - WARNING - SuRL_FixedRL_137455308043232 - Reward column global_prog not found for VID60
2025-06-23 10:35:08,658 - WARNING - SuRL_FixedRL_137455308043232 - Reward column action_reward not found for VID60
2025-06-23 10:35:08,658 - WARNING - SuRL_FixedRL_137455308043232 - Outcome column glob_avg_risk not found for VID60
2025-06-23 10:35:08,658 - WARNING - SuRL_FixedRL_137455308043232 - Outcome column glob_critical_risk_events not found for VID60
2025-06-23 10:35:08,658 - WARNING - SuRL_FixedRL_137455308043232 - Outcome column glob_global_outcome_score not found for VID60
2025-06-23 10:35:08,670 - INFO - SuRL_FixedRL_137455308043232 - ✅ Loaded video VID60: 2533 frames, 1024-dims embeddings
2025-06-23 10:35:08,903 - WARNING - SuRL_FixedRL_137455308043232 - Reward column risk_score_max not found for VID62
2025-06-23 10:35:08,903 - WARNING - SuRL_FixedRL_137455308043232 - Reward column phase_completion_reward not found for VID62
2025-06-23 10:35:08,903 - WARNING - SuRL_FixedRL_137455308043232 - Reward column phase_initiation_reward not found for VID62
2025-06-23 10:35:08,903 - WARNING - SuRL_FixedRL_137455308043232 - Reward column phase_prog not found for VID62
2025-06-23 10:35:08,903 - WARNING - SuRL_FixedRL_137455308043232 - Reward column global_prog not found for VID62
2025-06-23 10:35:08,903 - WARNING - SuRL_FixedRL_137455308043232 - Reward column action_reward not found for VID62
2025-06-23 10:35:08,904 - WARNING - SuRL_FixedRL_137455308043232 - Outcome column glob_avg_risk not found for VID62
2025-06-23 10:35:08,904 - WARNING - SuRL_FixedRL_137455308043232 - Outcome column glob_critical_risk_events not found for VID62
2025-06-23 10:35:08,904 - WARNING - SuRL_FixedRL_137455308043232 - Outcome column glob_global_outcome_score not found for VID62
2025-06-23 10:35:08,915 - INFO - SuRL_FixedRL_137455308043232 - ✅ Loaded video VID62: 2033 frames, 1024-dims embeddings
2025-06-23 10:35:09,129 - WARNING - SuRL_FixedRL_137455308043232 - Reward column risk_score_max not found for VID65
2025-06-23 10:35:09,129 - WARNING - SuRL_FixedRL_137455308043232 - Reward column phase_completion_reward not found for VID65
2025-06-23 10:35:09,129 - WARNING - SuRL_FixedRL_137455308043232 - Reward column phase_initiation_reward not found for VID65
2025-06-23 10:35:09,129 - WARNING - SuRL_FixedRL_137455308043232 - Reward column phase_prog not found for VID65
2025-06-23 10:35:09,129 - WARNING - SuRL_FixedRL_137455308043232 - Reward column global_prog not found for VID65
2025-06-23 10:35:09,129 - WARNING - SuRL_FixedRL_137455308043232 - Reward column action_reward not found for VID65
2025-06-23 10:35:09,129 - WARNING - SuRL_FixedRL_137455308043232 - Outcome column glob_avg_risk not found for VID65
2025-06-23 10:35:09,129 - WARNING - SuRL_FixedRL_137455308043232 - Outcome column glob_critical_risk_events not found for VID65
2025-06-23 10:35:09,129 - WARNING - SuRL_FixedRL_137455308043232 - Outcome column glob_global_outcome_score not found for VID65
2025-06-23 10:35:09,141 - INFO - SuRL_FixedRL_137455308043232 - ✅ Loaded video VID65: 1874 frames, 1024-dims embeddings
2025-06-23 10:35:09,353 - WARNING - SuRL_FixedRL_137455308043232 - Reward column risk_score_max not found for VID66
2025-06-23 10:35:09,353 - WARNING - SuRL_FixedRL_137455308043232 - Reward column phase_completion_reward not found for VID66
2025-06-23 10:35:09,353 - WARNING - SuRL_FixedRL_137455308043232 - Reward column phase_initiation_reward not found for VID66
2025-06-23 10:35:09,353 - WARNING - SuRL_FixedRL_137455308043232 - Reward column phase_prog not found for VID66
2025-06-23 10:35:09,353 - WARNING - SuRL_FixedRL_137455308043232 - Reward column global_prog not found for VID66
2025-06-23 10:35:09,353 - WARNING - SuRL_FixedRL_137455308043232 - Reward column action_reward not found for VID66
2025-06-23 10:35:09,353 - WARNING - SuRL_FixedRL_137455308043232 - Outcome column glob_avg_risk not found for VID66
2025-06-23 10:35:09,353 - WARNING - SuRL_FixedRL_137455308043232 - Outcome column glob_critical_risk_events not found for VID66
2025-06-23 10:35:09,353 - WARNING - SuRL_FixedRL_137455308043232 - Outcome column glob_global_outcome_score not found for VID66
2025-06-23 10:35:09,365 - INFO - SuRL_FixedRL_137455308043232 - ✅ Loaded video VID66: 1825 frames, 1024-dims embeddings
2025-06-23 10:35:09,509 - WARNING - SuRL_FixedRL_137455308043232 - Reward column risk_score_max not found for VID70
2025-06-23 10:35:09,509 - WARNING - SuRL_FixedRL_137455308043232 - Reward column phase_completion_reward not found for VID70
2025-06-23 10:35:09,509 - WARNING - SuRL_FixedRL_137455308043232 - Reward column phase_initiation_reward not found for VID70
2025-06-23 10:35:09,509 - WARNING - SuRL_FixedRL_137455308043232 - Reward column phase_prog not found for VID70
2025-06-23 10:35:09,509 - WARNING - SuRL_FixedRL_137455308043232 - Reward column global_prog not found for VID70
2025-06-23 10:35:09,509 - WARNING - SuRL_FixedRL_137455308043232 - Reward column action_reward not found for VID70
2025-06-23 10:35:09,509 - WARNING - SuRL_FixedRL_137455308043232 - Outcome column glob_avg_risk not found for VID70
2025-06-23 10:35:09,509 - WARNING - SuRL_FixedRL_137455308043232 - Outcome column glob_critical_risk_events not found for VID70
2025-06-23 10:35:09,509 - WARNING - SuRL_FixedRL_137455308043232 - Outcome column glob_global_outcome_score not found for VID70
2025-06-23 10:35:09,521 - INFO - SuRL_FixedRL_137455308043232 - ✅ Loaded video VID70: 1195 frames, 1024-dims embeddings
2025-06-23 10:35:09,711 - WARNING - SuRL_FixedRL_137455308043232 - Reward column risk_score_max not found for VID74
2025-06-23 10:35:09,711 - WARNING - SuRL_FixedRL_137455308043232 - Reward column phase_completion_reward not found for VID74
2025-06-23 10:35:09,711 - WARNING - SuRL_FixedRL_137455308043232 - Reward column phase_initiation_reward not found for VID74
2025-06-23 10:35:09,712 - WARNING - SuRL_FixedRL_137455308043232 - Reward column phase_prog not found for VID74
2025-06-23 10:35:09,712 - WARNING - SuRL_FixedRL_137455308043232 - Reward column global_prog not found for VID74
2025-06-23 10:35:09,712 - WARNING - SuRL_FixedRL_137455308043232 - Reward column action_reward not found for VID74
2025-06-23 10:35:09,712 - WARNING - SuRL_FixedRL_137455308043232 - Outcome column glob_avg_risk not found for VID74
2025-06-23 10:35:09,712 - WARNING - SuRL_FixedRL_137455308043232 - Outcome column glob_critical_risk_events not found for VID74
2025-06-23 10:35:09,712 - WARNING - SuRL_FixedRL_137455308043232 - Outcome column glob_global_outcome_score not found for VID74
2025-06-23 10:35:09,724 - INFO - SuRL_FixedRL_137455308043232 - ✅ Loaded video VID74: 1635 frames, 1024-dims embeddings
2025-06-23 10:35:09,941 - WARNING - SuRL_FixedRL_137455308043232 - Reward column risk_score_max not found for VID75
2025-06-23 10:35:09,941 - WARNING - SuRL_FixedRL_137455308043232 - Reward column phase_completion_reward not found for VID75
2025-06-23 10:35:09,941 - WARNING - SuRL_FixedRL_137455308043232 - Reward column phase_initiation_reward not found for VID75
2025-06-23 10:35:09,942 - WARNING - SuRL_FixedRL_137455308043232 - Reward column phase_prog not found for VID75
2025-06-23 10:35:09,942 - WARNING - SuRL_FixedRL_137455308043232 - Reward column global_prog not found for VID75
2025-06-23 10:35:09,942 - WARNING - SuRL_FixedRL_137455308043232 - Reward column action_reward not found for VID75
2025-06-23 10:35:09,942 - WARNING - SuRL_FixedRL_137455308043232 - Outcome column glob_avg_risk not found for VID75
2025-06-23 10:35:09,942 - WARNING - SuRL_FixedRL_137455308043232 - Outcome column glob_critical_risk_events not found for VID75
2025-06-23 10:35:09,942 - WARNING - SuRL_FixedRL_137455308043232 - Outcome column glob_global_outcome_score not found for VID75
2025-06-23 10:35:09,954 - INFO - SuRL_FixedRL_137455308043232 - ✅ Loaded video VID75: 1924 frames, 1024-dims embeddings
2025-06-23 10:35:10,039 - WARNING - SuRL_FixedRL_137455308043232 - Reward column risk_score_max not found for VID78
2025-06-23 10:35:10,039 - WARNING - SuRL_FixedRL_137455308043232 - Reward column phase_completion_reward not found for VID78
2025-06-23 10:35:10,039 - WARNING - SuRL_FixedRL_137455308043232 - Reward column phase_initiation_reward not found for VID78
2025-06-23 10:35:10,039 - WARNING - SuRL_FixedRL_137455308043232 - Reward column phase_prog not found for VID78
2025-06-23 10:35:10,039 - WARNING - SuRL_FixedRL_137455308043232 - Reward column global_prog not found for VID78
2025-06-23 10:35:10,039 - WARNING - SuRL_FixedRL_137455308043232 - Reward column action_reward not found for VID78
2025-06-23 10:35:10,039 - WARNING - SuRL_FixedRL_137455308043232 - Outcome column glob_avg_risk not found for VID78
2025-06-23 10:35:10,039 - WARNING - SuRL_FixedRL_137455308043232 - Outcome column glob_critical_risk_events not found for VID78
2025-06-23 10:35:10,039 - WARNING - SuRL_FixedRL_137455308043232 - Outcome column glob_global_outcome_score not found for VID78
2025-06-23 10:35:10,051 - INFO - SuRL_FixedRL_137455308043232 - ✅ Loaded video VID78: 740 frames, 1024-dims embeddings
2025-06-23 10:35:10,439 - WARNING - SuRL_FixedRL_137455308043232 - Reward column risk_score_max not found for VID79
2025-06-23 10:35:10,439 - WARNING - SuRL_FixedRL_137455308043232 - Reward column phase_completion_reward not found for VID79
2025-06-23 10:35:10,439 - WARNING - SuRL_FixedRL_137455308043232 - Reward column phase_initiation_reward not found for VID79
2025-06-23 10:35:10,439 - WARNING - SuRL_FixedRL_137455308043232 - Reward column phase_prog not found for VID79
2025-06-23 10:35:10,439 - WARNING - SuRL_FixedRL_137455308043232 - Reward column global_prog not found for VID79
2025-06-23 10:35:10,439 - WARNING - SuRL_FixedRL_137455308043232 - Reward column action_reward not found for VID79
2025-06-23 10:35:10,440 - WARNING - SuRL_FixedRL_137455308043232 - Outcome column glob_avg_risk not found for VID79
2025-06-23 10:35:10,440 - WARNING - SuRL_FixedRL_137455308043232 - Outcome column glob_critical_risk_events not found for VID79
2025-06-23 10:35:10,440 - WARNING - SuRL_FixedRL_137455308043232 - Outcome column glob_global_outcome_score not found for VID79
2025-06-23 10:35:10,453 - INFO - SuRL_FixedRL_137455308043232 - ✅ Loaded video VID79: 3415 frames, 1024-dims embeddings
2025-06-23 10:35:10,649 - WARNING - SuRL_FixedRL_137455308043232 - Reward column risk_score_max not found for VID80
2025-06-23 10:35:10,649 - WARNING - SuRL_FixedRL_137455308043232 - Reward column phase_completion_reward not found for VID80
2025-06-23 10:35:10,649 - WARNING - SuRL_FixedRL_137455308043232 - Reward column phase_initiation_reward not found for VID80
2025-06-23 10:35:10,649 - WARNING - SuRL_FixedRL_137455308043232 - Reward column phase_prog not found for VID80
2025-06-23 10:35:10,649 - WARNING - SuRL_FixedRL_137455308043232 - Reward column global_prog not found for VID80
2025-06-23 10:35:10,649 - WARNING - SuRL_FixedRL_137455308043232 - Reward column action_reward not found for VID80
2025-06-23 10:35:10,649 - WARNING - SuRL_FixedRL_137455308043232 - Outcome column glob_avg_risk not found for VID80
2025-06-23 10:35:10,649 - WARNING - SuRL_FixedRL_137455308043232 - Outcome column glob_critical_risk_events not found for VID80
2025-06-23 10:35:10,649 - WARNING - SuRL_FixedRL_137455308043232 - Outcome column glob_global_outcome_score not found for VID80
2025-06-23 10:35:10,662 - INFO - SuRL_FixedRL_137455308043232 - ✅ Loaded video VID80: 1725 frames, 1024-dims embeddings
2025-06-23 10:35:10,933 - WARNING - SuRL_FixedRL_137455308043232 - Reward column risk_score_max not found for VID92
2025-06-23 10:35:10,933 - WARNING - SuRL_FixedRL_137455308043232 - Reward column phase_completion_reward not found for VID92
2025-06-23 10:35:10,933 - WARNING - SuRL_FixedRL_137455308043232 - Reward column phase_initiation_reward not found for VID92
2025-06-23 10:35:10,933 - WARNING - SuRL_FixedRL_137455308043232 - Reward column phase_prog not found for VID92
2025-06-23 10:35:10,933 - WARNING - SuRL_FixedRL_137455308043232 - Reward column global_prog not found for VID92
2025-06-23 10:35:10,933 - WARNING - SuRL_FixedRL_137455308043232 - Reward column action_reward not found for VID92
2025-06-23 10:35:10,934 - WARNING - SuRL_FixedRL_137455308043232 - Outcome column glob_avg_risk not found for VID92
2025-06-23 10:35:10,934 - WARNING - SuRL_FixedRL_137455308043232 - Outcome column glob_critical_risk_events not found for VID92
2025-06-23 10:35:10,934 - WARNING - SuRL_FixedRL_137455308043232 - Outcome column glob_global_outcome_score not found for VID92
2025-06-23 10:35:10,945 - INFO - SuRL_FixedRL_137455308043232 - ✅ Loaded video VID92: 2124 frames, 1024-dims embeddings
2025-06-23 10:35:11,140 - WARNING - SuRL_FixedRL_137455308043232 - Reward column risk_score_max not found for VID96
2025-06-23 10:35:11,140 - WARNING - SuRL_FixedRL_137455308043232 - Reward column phase_completion_reward not found for VID96
2025-06-23 10:35:11,140 - WARNING - SuRL_FixedRL_137455308043232 - Reward column phase_initiation_reward not found for VID96
2025-06-23 10:35:11,140 - WARNING - SuRL_FixedRL_137455308043232 - Reward column phase_prog not found for VID96
2025-06-23 10:35:11,140 - WARNING - SuRL_FixedRL_137455308043232 - Reward column global_prog not found for VID96
2025-06-23 10:35:11,140 - WARNING - SuRL_FixedRL_137455308043232 - Reward column action_reward not found for VID96
2025-06-23 10:35:11,140 - WARNING - SuRL_FixedRL_137455308043232 - Outcome column glob_avg_risk not found for VID96
2025-06-23 10:35:11,141 - WARNING - SuRL_FixedRL_137455308043232 - Outcome column glob_critical_risk_events not found for VID96
2025-06-23 10:35:11,141 - WARNING - SuRL_FixedRL_137455308043232 - Outcome column glob_global_outcome_score not found for VID96
2025-06-23 10:35:11,153 - INFO - SuRL_FixedRL_137455308043232 - ✅ Loaded video VID96: 1707 frames, 1024-dims embeddings
2025-06-23 10:35:11,153 - INFO - SuRL_FixedRL_137455308043232 - 📂 Loaded 40 videos from train split
2025-06-23 10:35:23,095 - INFO - SuRL_FixedRL_137455308043232 - Loading test data from /home/maxboels/datasets/CholecT50 with fold 2
2025-06-23 10:35:23,215 - INFO - SuRL_FixedRL_137455308043232 - ✅ Loaded metadata: /home/maxboels/datasets/CholecT50/embeddings_test_set/fold2/embeddings_f2_swin_bas_129.csv - Shape: (21697, 144)
2025-06-23 10:35:23,215 - INFO - SuRL_FixedRL_137455308043232 - [Test] Start processing metadata file /home/maxboels/datasets/CholecT50/embeddings_test_set/fold2/embeddings_f2_swin_bas_129.csv
2025-06-23 10:35:26,505 - INFO - SuRL_FixedRL_137455308043232 - [Test] Cleaned metadata file paths in /home/maxboels/datasets/CholecT50/embeddings_test_set/fold2/embeddings_f2_swin_bas_129.csv
2025-06-23 10:35:27,021 - INFO - SuRL_FixedRL_137455308043232 - [Test] Saved cleaned metadata to /home/maxboels/datasets/CholecT50/embeddings_test_set/fold2/embeddings_f2_swin_bas_129.csv
2025-06-23 10:35:41,366 - INFO - SuRL_FixedRL_137455308043232 - [Test] Rewards extraction skipped, using metadata file /home/maxboels/datasets/CholecT50/embeddings_test_set/fold2/embeddings_f2_swin_bas_129.csv
2025-06-23 10:35:41,368 - INFO - SuRL_FixedRL_137455308043232 - [Test] Found 10 videos in metadata file
2025-06-23 10:35:41,368 - INFO - SuRL_FixedRL_137455308043232 - [Test] Loading data for 10 videos
2025-06-23 10:35:41,568 - WARNING - SuRL_FixedRL_137455308043232 - Reward column risk_score_max not found for VID08
2025-06-23 10:35:41,568 - WARNING - SuRL_FixedRL_137455308043232 - Reward column phase_completion_reward not found for VID08
2025-06-23 10:35:41,568 - WARNING - SuRL_FixedRL_137455308043232 - Reward column phase_initiation_reward not found for VID08
2025-06-23 10:35:41,568 - WARNING - SuRL_FixedRL_137455308043232 - Reward column phase_prog not found for VID08
2025-06-23 10:35:41,568 - WARNING - SuRL_FixedRL_137455308043232 - Reward column global_prog not found for VID08
2025-06-23 10:35:41,568 - WARNING - SuRL_FixedRL_137455308043232 - Reward column action_reward not found for VID08
2025-06-23 10:35:41,568 - WARNING - SuRL_FixedRL_137455308043232 - Outcome column glob_avg_risk not found for VID08
2025-06-23 10:35:41,568 - WARNING - SuRL_FixedRL_137455308043232 - Outcome column glob_critical_risk_events not found for VID08
2025-06-23 10:35:41,568 - WARNING - SuRL_FixedRL_137455308043232 - Outcome column glob_global_outcome_score not found for VID08
2025-06-23 10:35:41,580 - INFO - SuRL_FixedRL_137455308043232 - ✅ Loaded video VID08: 1520 frames, 1024-dims embeddings
2025-06-23 10:35:41,803 - WARNING - SuRL_FixedRL_137455308043232 - Reward column risk_score_max not found for VID10
2025-06-23 10:35:41,803 - WARNING - SuRL_FixedRL_137455308043232 - Reward column phase_completion_reward not found for VID10
2025-06-23 10:35:41,803 - WARNING - SuRL_FixedRL_137455308043232 - Reward column phase_initiation_reward not found for VID10
2025-06-23 10:35:41,803 - WARNING - SuRL_FixedRL_137455308043232 - Reward column phase_prog not found for VID10
2025-06-23 10:35:41,803 - WARNING - SuRL_FixedRL_137455308043232 - Reward column global_prog not found for VID10
2025-06-23 10:35:41,803 - WARNING - SuRL_FixedRL_137455308043232 - Reward column action_reward not found for VID10
2025-06-23 10:35:41,803 - WARNING - SuRL_FixedRL_137455308043232 - Outcome column glob_avg_risk not found for VID10
2025-06-23 10:35:41,803 - WARNING - SuRL_FixedRL_137455308043232 - Outcome column glob_critical_risk_events not found for VID10
2025-06-23 10:35:41,803 - WARNING - SuRL_FixedRL_137455308043232 - Outcome column glob_global_outcome_score not found for VID10
2025-06-23 10:35:41,815 - INFO - SuRL_FixedRL_137455308043232 - ✅ Loaded video VID10: 1750 frames, 1024-dims embeddings
2025-06-23 10:35:42,102 - WARNING - SuRL_FixedRL_137455308043232 - Reward column risk_score_max not found for VID103
2025-06-23 10:35:42,102 - WARNING - SuRL_FixedRL_137455308043232 - Reward column phase_completion_reward not found for VID103
2025-06-23 10:35:42,102 - WARNING - SuRL_FixedRL_137455308043232 - Reward column phase_initiation_reward not found for VID103
2025-06-23 10:35:42,102 - WARNING - SuRL_FixedRL_137455308043232 - Reward column phase_prog not found for VID103
2025-06-23 10:35:42,102 - WARNING - SuRL_FixedRL_137455308043232 - Reward column global_prog not found for VID103
2025-06-23 10:35:42,102 - WARNING - SuRL_FixedRL_137455308043232 - Reward column action_reward not found for VID103
2025-06-23 10:35:42,102 - WARNING - SuRL_FixedRL_137455308043232 - Outcome column glob_avg_risk not found for VID103
2025-06-23 10:35:42,102 - WARNING - SuRL_FixedRL_137455308043232 - Outcome column glob_critical_risk_events not found for VID103
2025-06-23 10:35:42,102 - WARNING - SuRL_FixedRL_137455308043232 - Outcome column glob_global_outcome_score not found for VID103
2025-06-23 10:35:42,114 - INFO - SuRL_FixedRL_137455308043232 - ✅ Loaded video VID103: 2220 frames, 1024-dims embeddings
2025-06-23 10:35:42,355 - WARNING - SuRL_FixedRL_137455308043232 - Reward column risk_score_max not found for VID18
2025-06-23 10:35:42,355 - WARNING - SuRL_FixedRL_137455308043232 - Reward column phase_completion_reward not found for VID18
2025-06-23 10:35:42,355 - WARNING - SuRL_FixedRL_137455308043232 - Reward column phase_initiation_reward not found for VID18
2025-06-23 10:35:42,355 - WARNING - SuRL_FixedRL_137455308043232 - Reward column phase_prog not found for VID18
2025-06-23 10:35:42,355 - WARNING - SuRL_FixedRL_137455308043232 - Reward column global_prog not found for VID18
2025-06-23 10:35:42,355 - WARNING - SuRL_FixedRL_137455308043232 - Reward column action_reward not found for VID18
2025-06-23 10:35:42,355 - WARNING - SuRL_FixedRL_137455308043232 - Outcome column glob_avg_risk not found for VID18
2025-06-23 10:35:42,355 - WARNING - SuRL_FixedRL_137455308043232 - Outcome column glob_critical_risk_events not found for VID18
2025-06-23 10:35:42,356 - WARNING - SuRL_FixedRL_137455308043232 - Outcome column glob_global_outcome_score not found for VID18
2025-06-23 10:35:42,367 - INFO - SuRL_FixedRL_137455308043232 - ✅ Loaded video VID18: 1943 frames, 1024-dims embeddings
2025-06-23 10:35:42,862 - WARNING - SuRL_FixedRL_137455308043232 - Reward column risk_score_max not found for VID31
2025-06-23 10:35:42,862 - WARNING - SuRL_FixedRL_137455308043232 - Reward column phase_completion_reward not found for VID31
2025-06-23 10:35:42,862 - WARNING - SuRL_FixedRL_137455308043232 - Reward column phase_initiation_reward not found for VID31
2025-06-23 10:35:42,862 - WARNING - SuRL_FixedRL_137455308043232 - Reward column phase_prog not found for VID31
2025-06-23 10:35:42,862 - WARNING - SuRL_FixedRL_137455308043232 - Reward column global_prog not found for VID31
2025-06-23 10:35:42,862 - WARNING - SuRL_FixedRL_137455308043232 - Reward column action_reward not found for VID31
2025-06-23 10:35:42,863 - WARNING - SuRL_FixedRL_137455308043232 - Outcome column glob_avg_risk not found for VID31
2025-06-23 10:35:42,863 - WARNING - SuRL_FixedRL_137455308043232 - Outcome column glob_critical_risk_events not found for VID31
2025-06-23 10:35:42,863 - WARNING - SuRL_FixedRL_137455308043232 - Outcome column glob_global_outcome_score not found for VID31
2025-06-23 10:35:42,875 - INFO - SuRL_FixedRL_137455308043232 - ✅ Loaded video VID31: 3946 frames, 1024-dims embeddings
2025-06-23 10:35:43,186 - WARNING - SuRL_FixedRL_137455308043232 - Reward column risk_score_max not found for VID36
2025-06-23 10:35:43,186 - WARNING - SuRL_FixedRL_137455308043232 - Reward column phase_completion_reward not found for VID36
2025-06-23 10:35:43,186 - WARNING - SuRL_FixedRL_137455308043232 - Reward column phase_initiation_reward not found for VID36
2025-06-23 10:35:43,186 - WARNING - SuRL_FixedRL_137455308043232 - Reward column phase_prog not found for VID36
2025-06-23 10:35:43,186 - WARNING - SuRL_FixedRL_137455308043232 - Reward column global_prog not found for VID36
2025-06-23 10:35:43,186 - WARNING - SuRL_FixedRL_137455308043232 - Reward column action_reward not found for VID36
2025-06-23 10:35:43,186 - WARNING - SuRL_FixedRL_137455308043232 - Outcome column glob_avg_risk not found for VID36
2025-06-23 10:35:43,186 - WARNING - SuRL_FixedRL_137455308043232 - Outcome column glob_critical_risk_events not found for VID36
2025-06-23 10:35:43,186 - WARNING - SuRL_FixedRL_137455308043232 - Outcome column glob_global_outcome_score not found for VID36
2025-06-23 10:35:43,198 - INFO - SuRL_FixedRL_137455308043232 - ✅ Loaded video VID36: 2388 frames, 1024-dims embeddings
2025-06-23 10:35:43,443 - WARNING - SuRL_FixedRL_137455308043232 - Reward column risk_score_max not found for VID52
2025-06-23 10:35:43,443 - WARNING - SuRL_FixedRL_137455308043232 - Reward column phase_completion_reward not found for VID52
2025-06-23 10:35:43,443 - WARNING - SuRL_FixedRL_137455308043232 - Reward column phase_initiation_reward not found for VID52
2025-06-23 10:35:43,443 - WARNING - SuRL_FixedRL_137455308043232 - Reward column phase_prog not found for VID52
2025-06-23 10:35:43,443 - WARNING - SuRL_FixedRL_137455308043232 - Reward column global_prog not found for VID52
2025-06-23 10:35:43,444 - WARNING - SuRL_FixedRL_137455308043232 - Reward column action_reward not found for VID52
2025-06-23 10:35:43,444 - WARNING - SuRL_FixedRL_137455308043232 - Outcome column glob_avg_risk not found for VID52
2025-06-23 10:35:43,444 - WARNING - SuRL_FixedRL_137455308043232 - Outcome column glob_critical_risk_events not found for VID52
2025-06-23 10:35:43,444 - WARNING - SuRL_FixedRL_137455308043232 - Outcome column glob_global_outcome_score not found for VID52
2025-06-23 10:35:43,455 - INFO - SuRL_FixedRL_137455308043232 - ✅ Loaded video VID52: 1967 frames, 1024-dims embeddings
2025-06-23 10:35:43,783 - WARNING - SuRL_FixedRL_137455308043232 - Reward column risk_score_max not found for VID57
2025-06-23 10:35:43,784 - WARNING - SuRL_FixedRL_137455308043232 - Reward column phase_completion_reward not found for VID57
2025-06-23 10:35:43,784 - WARNING - SuRL_FixedRL_137455308043232 - Reward column phase_initiation_reward not found for VID57
2025-06-23 10:35:43,784 - WARNING - SuRL_FixedRL_137455308043232 - Reward column phase_prog not found for VID57
2025-06-23 10:35:43,784 - WARNING - SuRL_FixedRL_137455308043232 - Reward column global_prog not found for VID57
2025-06-23 10:35:43,784 - WARNING - SuRL_FixedRL_137455308043232 - Reward column action_reward not found for VID57
2025-06-23 10:35:43,784 - WARNING - SuRL_FixedRL_137455308043232 - Outcome column glob_avg_risk not found for VID57
2025-06-23 10:35:43,784 - WARNING - SuRL_FixedRL_137455308043232 - Outcome column glob_critical_risk_events not found for VID57
2025-06-23 10:35:43,784 - WARNING - SuRL_FixedRL_137455308043232 - Outcome column glob_global_outcome_score not found for VID57
2025-06-23 10:35:43,796 - INFO - SuRL_FixedRL_137455308043232 - ✅ Loaded video VID57: 2633 frames, 1024-dims embeddings
2025-06-23 10:35:44,074 - WARNING - SuRL_FixedRL_137455308043232 - Reward column risk_score_max not found for VID68
2025-06-23 10:35:44,074 - WARNING - SuRL_FixedRL_137455308043232 - Reward column phase_completion_reward not found for VID68
2025-06-23 10:35:44,074 - WARNING - SuRL_FixedRL_137455308043232 - Reward column phase_initiation_reward not found for VID68
2025-06-23 10:35:44,074 - WARNING - SuRL_FixedRL_137455308043232 - Reward column phase_prog not found for VID68
2025-06-23 10:35:44,074 - WARNING - SuRL_FixedRL_137455308043232 - Reward column global_prog not found for VID68
2025-06-23 10:35:44,075 - WARNING - SuRL_FixedRL_137455308043232 - Reward column action_reward not found for VID68
2025-06-23 10:35:44,075 - WARNING - SuRL_FixedRL_137455308043232 - Outcome column glob_avg_risk not found for VID68
2025-06-23 10:35:44,075 - WARNING - SuRL_FixedRL_137455308043232 - Outcome column glob_critical_risk_events not found for VID68
2025-06-23 10:35:44,075 - WARNING - SuRL_FixedRL_137455308043232 - Outcome column glob_global_outcome_score not found for VID68
2025-06-23 10:35:44,088 - INFO - SuRL_FixedRL_137455308043232 - ✅ Loaded video VID68: 1973 frames, 1024-dims embeddings
2025-06-23 10:35:44,256 - WARNING - SuRL_FixedRL_137455308043232 - Reward column risk_score_max not found for VID73
2025-06-23 10:35:44,256 - WARNING - SuRL_FixedRL_137455308043232 - Reward column phase_completion_reward not found for VID73
2025-06-23 10:35:44,256 - WARNING - SuRL_FixedRL_137455308043232 - Reward column phase_initiation_reward not found for VID73
2025-06-23 10:35:44,256 - WARNING - SuRL_FixedRL_137455308043232 - Reward column phase_prog not found for VID73
2025-06-23 10:35:44,257 - WARNING - SuRL_FixedRL_137455308043232 - Reward column global_prog not found for VID73
2025-06-23 10:35:44,257 - WARNING - SuRL_FixedRL_137455308043232 - Reward column action_reward not found for VID73
2025-06-23 10:35:44,257 - WARNING - SuRL_FixedRL_137455308043232 - Outcome column glob_avg_risk not found for VID73
2025-06-23 10:35:44,257 - WARNING - SuRL_FixedRL_137455308043232 - Outcome column glob_critical_risk_events not found for VID73
2025-06-23 10:35:44,257 - WARNING - SuRL_FixedRL_137455308043232 - Outcome column glob_global_outcome_score not found for VID73
2025-06-23 10:35:44,269 - INFO - SuRL_FixedRL_137455308043232 - ✅ Loaded video VID73: 1357 frames, 1024-dims embeddings
2025-06-23 10:35:44,269 - INFO - SuRL_FixedRL_137455308043232 - 📂 Loaded 10 videos from test split
