2025-03-11 12:27:39,978 - INFO - Log file: logs/2025-03-11_12-27-39/my_application.log
2025-03-11 12:27:39,979 - INFO - Starting CholecT50 experiment for Surgical Actions Prediction
2025-03-11 12:27:39,979 - INFO - Experiment configuration: {'max_videos': 1, 'pretrain_next_frame': True, 'pretrain_reward_model': False, 'calculate_action_rewards': False, 'train_action_policy': False, 'run_tdmpc': False, 'analyze_results': False, 'run_evaluation': False}
2025-03-11 12:27:39,979 - INFO - Using device: cuda
2025-03-11 12:27:39,979 - INFO - Loading CholecT50 data...
2025-03-11 12:27:47,411 - INFO - Epoch 1/2 Training
2025-03-11 12:27:47,591 - INFO - Epoch 1/2, Batch 0/109, Loss: 2.4942
2025-03-11 12:27:48,131 - INFO - Epoch 1/2, Batch 20/109, Loss: 0.7545
2025-03-11 12:27:48,651 - INFO - Epoch 1/2, Batch 40/109, Loss: 0.4678
2025-03-11 12:27:49,176 - INFO - Epoch 1/2, Batch 60/109, Loss: 0.3118
2025-03-11 12:27:49,698 - INFO - Epoch 1/2, Batch 80/109, Loss: 0.2550
2025-03-11 12:27:50,221 - INFO - Epoch 1/2, Batch 100/109, Loss: 0.2192
2025-03-11 12:27:50,428 - INFO - Epoch 1/2, Train Loss: 0.5052
2025-03-11 12:27:50,429 - INFO - Starting validation
2025-03-11 12:32:41,015 - INFO - Epoch 1/2, Batch 0/178, Loss: 19.8636
2025-03-11 12:34:55,743 - INFO - Epoch 1/2, Batch 20/178, Loss: 489.7964
2025-03-11 12:35:17,935 - INFO - Epoch 1/2, Batch 40/178, Loss: 975.2267
2025-03-11 12:35:39,688 - INFO - Epoch 1/2, Batch 60/178, Loss: 1429.3059
2025-03-11 12:35:58,159 - INFO - Epoch 1/2, Batch 80/178, Loss: 1892.2497
2025-03-11 12:36:18,818 - INFO - Epoch 1/2, Batch 100/178, Loss: 2353.7939
2025-03-11 12:36:38,549 - INFO - Epoch 1/2, Batch 120/178, Loss: 2765.4970
2025-03-11 12:36:59,728 - INFO - Epoch 1/2, Batch 140/178, Loss: 3169.8669
2025-03-11 12:37:21,569 - INFO - Epoch 1/2, Batch 160/178, Loss: 3614.7169
2025-03-11 12:37:41,936 - INFO - Epoch 1/2, Val Loss: 1.3991
2025-03-11 12:37:41,936 - INFO - 
Action Prediction Accuracy:
2025-03-11 12:37:41,936 - INFO - --------------------------------------------------
2025-03-11 12:37:41,936 - INFO - Horizon    Top-k      Accuracy  
2025-03-11 12:37:41,936 - INFO - --------------------------------------------------
2025-03-11 12:37:41,937 - INFO - 1          mAP             0.0000
2025-03-11 12:37:41,937 - INFO - 1          1          0.4462
2025-03-11 12:37:41,937 - INFO - 1          3          0.6917
2025-03-11 12:37:41,937 - INFO - 1          5          0.7660
2025-03-11 12:37:41,937 - INFO - 1          10         0.8129
2025-03-11 12:37:41,938 - INFO - 3          mAP             0.0000
2025-03-11 12:37:41,938 - INFO - 3          1          0.4326
2025-03-11 12:37:41,938 - INFO - 3          3          0.6212
2025-03-11 12:37:41,938 - INFO - 3          5          0.7389
2025-03-11 12:37:41,938 - INFO - 3          10         0.8001
2025-03-11 12:37:41,938 - INFO - 5          mAP             0.0000
2025-03-11 12:37:41,938 - INFO - 5          1          0.4254
2025-03-11 12:37:41,938 - INFO - 5          3          0.5958
2025-03-11 12:37:41,938 - INFO - 5          5          0.7252
2025-03-11 12:37:41,938 - INFO - 5          10         0.7930
2025-03-11 12:37:41,938 - INFO - 10         mAP             0.0000
2025-03-11 12:37:41,938 - INFO - 10         1          0.4126
2025-03-11 12:37:41,938 - INFO - 10         3          0.5638
2025-03-11 12:37:41,939 - INFO - 10         5          0.7004
2025-03-11 12:37:41,939 - INFO - 10         10         0.7823
2025-03-11 12:37:41,939 - INFO - 15         mAP             0.0000
2025-03-11 12:37:41,939 - INFO - 15         1          0.4038
2025-03-11 12:37:41,939 - INFO - 15         3          0.5499
2025-03-11 12:37:41,939 - INFO - 15         5          0.6955
2025-03-11 12:37:41,939 - INFO - 15         10         0.7790
2025-03-11 12:37:41,940 - INFO - --------------------------------------------------
2025-03-11 12:39:57,167 - INFO - Model saved to: logs/2025-03-11_12-27-39/checkpoints/best_model_epoch1_valloss1.399096.pt
2025-03-11 12:39:57,168 - INFO - Saved new best model at epoch 1 with validation loss: 1.399096
2025-03-11 12:40:14,211 - INFO - Saved periodic checkpoint at epoch 1
2025-03-11 12:40:14,212 - INFO - Epoch 2/2 Training
2025-03-11 12:40:14,241 - INFO - Epoch 2/2, Batch 0/109, Loss: 0.1900
2025-03-11 12:40:14,763 - INFO - Epoch 2/2, Batch 20/109, Loss: 0.1670
2025-03-11 12:40:15,283 - INFO - Epoch 2/2, Batch 40/109, Loss: 0.1477
2025-03-11 12:40:15,803 - INFO - Epoch 2/2, Batch 60/109, Loss: 0.1764
2025-03-11 12:40:16,326 - INFO - Epoch 2/2, Batch 80/109, Loss: 0.1297
2025-03-11 12:40:16,844 - INFO - Epoch 2/2, Batch 100/109, Loss: 0.1137
2025-03-11 12:40:17,052 - INFO - Epoch 2/2, Train Loss: 0.1652
2025-03-11 12:40:17,053 - INFO - Starting validation
2025-03-11 12:40:17,219 - INFO - Epoch 2/2, Batch 0/178, Loss: 18.9526
2025-03-11 12:40:35,685 - INFO - Epoch 2/2, Batch 20/178, Loss: 476.1606
2025-03-11 12:40:58,032 - INFO - Epoch 2/2, Batch 40/178, Loss: 939.7422
2025-03-11 12:41:19,781 - INFO - Epoch 2/2, Batch 60/178, Loss: 1374.8841
2025-03-11 12:41:38,209 - INFO - Epoch 2/2, Batch 80/178, Loss: 1812.1078
2025-03-11 12:41:58,856 - INFO - Epoch 2/2, Batch 100/178, Loss: 2254.7752
2025-03-11 12:42:18,516 - INFO - Epoch 2/2, Batch 120/178, Loss: 2650.3298
2025-03-11 12:42:39,584 - INFO - Epoch 2/2, Batch 140/178, Loss: 3042.1704
2025-03-11 12:43:01,362 - INFO - Epoch 2/2, Batch 160/178, Loss: 3468.8507
2025-03-11 12:43:21,522 - INFO - Epoch 2/2, Val Loss: 1.3439
2025-03-11 12:43:21,523 - INFO - 
Action Prediction Accuracy:
2025-03-11 12:43:21,523 - INFO - --------------------------------------------------
2025-03-11 12:43:21,523 - INFO - Horizon    Top-k      Accuracy  
2025-03-11 12:43:21,523 - INFO - --------------------------------------------------
2025-03-11 12:43:21,523 - INFO - 1          mAP             0.0000
2025-03-11 12:43:21,523 - INFO - 1          1          0.4884
2025-03-11 12:43:21,523 - INFO - 1          3          0.7508
2025-03-11 12:43:21,523 - INFO - 1          5          0.7953
2025-03-11 12:43:21,523 - INFO - 1          10         0.8075
2025-03-11 12:43:21,523 - INFO - 3          mAP             0.0000
2025-03-11 12:43:21,523 - INFO - 3          1          0.4545
2025-03-11 12:43:21,523 - INFO - 3          3          0.7162
2025-03-11 12:43:21,523 - INFO - 3          5          0.7755
2025-03-11 12:43:21,524 - INFO - 3          10         0.8054
2025-03-11 12:43:21,524 - INFO - 5          mAP             0.0000
2025-03-11 12:43:21,524 - INFO - 5          1          0.4401
2025-03-11 12:43:21,524 - INFO - 5          3          0.6929
2025-03-11 12:43:21,524 - INFO - 5          5          0.7595
2025-03-11 12:43:21,524 - INFO - 5          10         0.8024
2025-03-11 12:43:21,524 - INFO - 10         mAP             0.0000
2025-03-11 12:43:21,524 - INFO - 10         1          0.4174
2025-03-11 12:43:21,524 - INFO - 10         3          0.6567
2025-03-11 12:43:21,524 - INFO - 10         5          0.7299
2025-03-11 12:43:21,524 - INFO - 10         10         0.7916
2025-03-11 12:43:21,525 - INFO - 15         mAP             0.0000
2025-03-11 12:43:21,525 - INFO - 15         1          0.4067
2025-03-11 12:43:21,525 - INFO - 15         3          0.6302
2025-03-11 12:43:21,525 - INFO - 15         5          0.7111
2025-03-11 12:43:21,525 - INFO - 15         10         0.7838
2025-03-11 12:43:21,525 - INFO - --------------------------------------------------
2025-03-11 12:44:10,892 - INFO - Model saved to: logs/2025-03-11_12-27-39/checkpoints/best_model_epoch2_valloss1.343891.pt
2025-03-11 12:44:10,892 - INFO - Saved new best model at epoch 2 with validation loss: 1.343891
2025-03-11 12:44:13,900 - INFO - Saved periodic checkpoint at epoch 2
