2025-06-13 14:54:03,464 - INFO - SuRL_FixedRL_138136718212848 - Shared experiment log directory: results/fixed_rl_2025-06-13_14-54-03/logs
2025-06-13 14:54:03,464 - INFO - SuRL_FixedRL_138136718212848 - 🎯 FIXED RL Experiment: fixed_rl_2025-06-13_14-54-03
2025-06-13 14:54:03,464 - INFO - SuRL_FixedRL_138136718212848 - 📁 Results dir: results/fixed_rl_2025-06-13_14-54-03
2025-06-13 14:54:03,465 - INFO - SuRL_FixedRL_138136718212848 - 🚀 Starting Complete FIXED RL Comparison
2025-06-13 14:54:03,465 - INFO - SuRL_FixedRL_138136718212848 - ============================================================
2025-06-13 14:54:03,465 - INFO - SuRL_FixedRL_138136718212848 - 📂 Loading CholecT50 data...
2025-06-13 14:54:03,465 - INFO - SuRL_FixedRL_138136718212848 - Loading train data from /home/maxboels/datasets/CholecT50 with fold 0
2025-06-13 14:54:03,864 - INFO - SuRL_FixedRL_138136718212848 - ✅ Loaded metadata: /home/maxboels/datasets/CholecT50/embeddings_train_set/fold0/embeddings_f0_swin_bas_129_phase_complet_phase_transit_prog_prob_action_risk_glob_outcome.csv - Shape: (78968, 156)
2025-06-13 14:54:03,864 - INFO - SuRL_FixedRL_138136718212848 - [Train] Start processing metadata file /home/maxboels/datasets/CholecT50/embeddings_train_set/fold0/embeddings_f0_swin_bas_129_phase_complet_phase_transit_prog_prob_action_risk_glob_outcome.csv
2025-06-13 14:54:03,864 - INFO - SuRL_FixedRL_138136718212848 - [Train] Rewards extraction skipped, using metadata file /home/maxboels/datasets/CholecT50/embeddings_train_set/fold0/embeddings_f0_swin_bas_129_phase_complet_phase_transit_prog_prob_action_risk_glob_outcome.csv
2025-06-13 14:54:03,866 - INFO - SuRL_FixedRL_138136718212848 - [Train] Found 2 videos in metadata file
2025-06-13 14:54:03,866 - INFO - SuRL_FixedRL_138136718212848 - [Train] Loading data for 2 videos
2025-06-13 14:54:03,946 - INFO - SuRL_FixedRL_138136718212848 - ✅ Loaded video VID01: 1734 frames, 1024D embeddings
2025-06-13 14:54:04,015 - INFO - SuRL_FixedRL_138136718212848 - ✅ Loaded video VID04: 1523 frames, 1024D embeddings
2025-06-13 14:54:04,016 - INFO - SuRL_FixedRL_138136718212848 - ✅ Successfully loaded 2 videos for train
2025-06-13 14:54:04,016 - INFO - SuRL_FixedRL_138136718212848 - Loading test data from /home/maxboels/datasets/CholecT50 with fold 0
2025-06-13 14:54:04,100 - INFO - SuRL_FixedRL_138136718212848 - ✅ Loaded metadata: /home/maxboels/datasets/CholecT50/embeddings_test_set/fold0/embeddings_f0_swin_bas_129_phase_complet_phase_transit_prog_prob_action_risk_glob_outcome.csv - Shape: (21895, 156)
2025-06-13 14:54:04,100 - INFO - SuRL_FixedRL_138136718212848 - [Test] Start processing metadata file /home/maxboels/datasets/CholecT50/embeddings_test_set/fold0/embeddings_f0_swin_bas_129_phase_complet_phase_transit_prog_prob_action_risk_glob_outcome.csv
2025-06-13 14:54:04,100 - INFO - SuRL_FixedRL_138136718212848 - [Test] Rewards extraction skipped, using metadata file /home/maxboels/datasets/CholecT50/embeddings_test_set/fold0/embeddings_f0_swin_bas_129_phase_complet_phase_transit_prog_prob_action_risk_glob_outcome.csv
2025-06-13 14:54:04,101 - INFO - SuRL_FixedRL_138136718212848 - [Test] Found 2 videos in metadata file
2025-06-13 14:54:04,101 - INFO - SuRL_FixedRL_138136718212848 - [Test] Loading data for 2 videos
2025-06-13 14:54:04,215 - INFO - SuRL_FixedRL_138136718212848 - ✅ Loaded video VID02: 2840 frames, 1024D embeddings
2025-06-13 14:54:04,303 - INFO - SuRL_FixedRL_138136718212848 - ✅ Loaded video VID06: 2154 frames, 1024D embeddings
2025-06-13 14:54:04,304 - INFO - SuRL_FixedRL_138136718212848 - ✅ Successfully loaded 2 videos for test
2025-06-13 14:54:04,304 - INFO - SuRL_FixedRL_138136718212848 - ✅ Data loaded successfully
2025-06-13 14:54:04,304 - INFO - SuRL_FixedRL_138136718212848 -    Training videos: 2
2025-06-13 14:54:04,304 - INFO - SuRL_FixedRL_138136718212848 -    Test videos: 2
2025-06-13 14:54:04,304 - INFO - SuRL_FixedRL_138136718212848 - 🎓 Running Method 1: Autoregressive IL
2025-06-13 14:54:51,641 - INFO - SuRL_FixedRL_138136718212848 - 🎓 Method 1: Autoregressive IL
2025-06-13 14:54:51,642 - INFO - SuRL_FixedRL_138136718212848 - ----------------------------------------
2025-06-13 14:54:54,005 - INFO - SuRL_FixedRL_138136718212848 - 📂 Loading pretrained IL model from: results/2025-06-10_19-45-51/logs/checkpoints/autoregressive_il_best_epoch_1.pt
2025-06-13 14:54:54,591 - INFO - SuRL_FixedRL_138136718212848 - ✅ Pretrained IL model loaded successfully
2025-06-13 14:55:04,643 - INFO - SuRL_FixedRL_138136718212848 - 🎓 Autoregressive IL Trainer initialized
2025-06-13 14:55:04,643 - INFO - SuRL_FixedRL_138136718212848 -    Device: cuda
2025-06-13 14:55:04,643 - INFO - SuRL_FixedRL_138136718212848 -    Epochs: 5
2025-06-13 14:55:04,643 - INFO - SuRL_FixedRL_138136718212848 -    Learning rate: 0.0001
2025-06-13 14:55:04,643 - INFO - SuRL_FixedRL_138136718212848 -    Focus: Causal frame generation → action prediction
2025-06-13 14:55:04,643 - INFO - SuRL_FixedRL_138136718212848 - 🎓 Autoregressive IL Trainer initialized with SHARED METRICS MODULE
2025-06-13 14:55:04,643 - INFO - SuRL_FixedRL_138136718212848 -    ✅ Using utils.evaluation_metrics for consistency
2025-06-13 14:55:04,643 - INFO - SuRL_FixedRL_138136718212848 - 📊 Evaluating pretrained IL model...
2025-06-13 14:55:07,499 - INFO - SuRL_FixedRL_138136718212848 - 📊 Evaluating Autoregressive IL Model...
