2025-03-11 14:11:21,386 - INFO - Log file: logs/2025-03-11_14-11-21/loggings.log
2025-03-11 14:11:21,386 - INFO - Starting CholecT50 experiment for Surgical Actions Prediction
2025-03-11 14:11:21,386 - INFO - Experiment configuration: {'max_videos': None, 'pretrain_next_frame': True, 'pretrain_reward_model': False, 'calculate_action_rewards': False, 'train_action_policy': False, 'run_tdmpc': False, 'analyze_results': False, 'run_evaluation': False}
2025-03-11 14:11:21,386 - INFO - Using device: cuda
2025-03-11 14:11:21,386 - INFO - Loading CholecT50 data...
2025-03-11 14:15:48,944 - INFO - Epoch 1/10 Training
2025-03-11 14:15:49,711 - INFO - Epoch 1/10, Batch 0/4933, Loss: 2.3489
2025-03-11 14:15:50,915 - INFO - Epoch 1/10, Batch 40/4933, Loss: 0.9361
2025-03-11 14:15:52,076 - INFO - Epoch 1/10, Batch 80/4933, Loss: 0.7142
2025-03-11 14:15:53,218 - INFO - Epoch 1/10, Batch 120/4933, Loss: 0.5698
2025-03-11 14:15:54,388 - INFO - Epoch 1/10, Batch 160/4933, Loss: 0.4752
2025-03-11 14:15:55,550 - INFO - Epoch 1/10, Batch 200/4933, Loss: 0.3570
2025-03-11 14:15:56,713 - INFO - Epoch 1/10, Batch 240/4933, Loss: 0.3313
2025-03-11 14:15:57,881 - INFO - Epoch 1/10, Batch 280/4933, Loss: 0.3294
2025-03-11 14:15:59,047 - INFO - Epoch 1/10, Batch 320/4933, Loss: 0.2515
2025-03-11 14:16:00,256 - INFO - Epoch 1/10, Batch 360/4933, Loss: 0.3285
2025-03-11 14:16:01,397 - INFO - Epoch 1/10, Batch 400/4933, Loss: 0.2451
2025-03-11 14:16:02,502 - INFO - Epoch 1/10, Batch 440/4933, Loss: 0.2659
2025-03-11 14:16:03,680 - INFO - Epoch 1/10, Batch 480/4933, Loss: 0.2648
2025-03-11 14:16:04,893 - INFO - Epoch 1/10, Batch 520/4933, Loss: 0.2229
2025-03-11 14:16:06,042 - INFO - Epoch 1/10, Batch 560/4933, Loss: 0.2148
2025-03-11 14:16:07,173 - INFO - Epoch 1/10, Batch 600/4933, Loss: 0.2495
2025-03-11 14:16:08,309 - INFO - Epoch 1/10, Batch 640/4933, Loss: 0.2203
2025-03-11 14:16:09,431 - INFO - Epoch 1/10, Batch 680/4933, Loss: 0.1900
2025-03-11 14:16:10,570 - INFO - Epoch 1/10, Batch 720/4933, Loss: 0.2044
2025-03-11 14:16:11,747 - INFO - Epoch 1/10, Batch 760/4933, Loss: 0.1915
2025-03-11 14:16:12,914 - INFO - Epoch 1/10, Batch 800/4933, Loss: 0.1758
2025-03-11 14:16:14,053 - INFO - Epoch 1/10, Batch 840/4933, Loss: 0.1855
2025-03-11 14:16:15,210 - INFO - Epoch 1/10, Batch 880/4933, Loss: 0.1755
2025-03-11 14:16:16,438 - INFO - Epoch 1/10, Batch 920/4933, Loss: 0.1572
2025-03-11 14:16:17,640 - INFO - Epoch 1/10, Batch 960/4933, Loss: 0.1862
2025-03-11 14:16:18,842 - INFO - Epoch 1/10, Batch 1000/4933, Loss: 0.1814
2025-03-11 14:16:19,974 - INFO - Epoch 1/10, Batch 1040/4933, Loss: 0.1418
2025-03-11 14:16:21,130 - INFO - Epoch 1/10, Batch 1080/4933, Loss: 0.1576
2025-03-11 14:16:22,263 - INFO - Epoch 1/10, Batch 1120/4933, Loss: 0.1707
2025-03-11 14:16:23,381 - INFO - Epoch 1/10, Batch 1160/4933, Loss: 0.1755
2025-03-11 14:16:24,490 - INFO - Epoch 1/10, Batch 1200/4933, Loss: 0.2011
2025-03-11 14:16:25,637 - INFO - Epoch 1/10, Batch 1240/4933, Loss: 0.1499
2025-03-11 14:16:26,785 - INFO - Epoch 1/10, Batch 1280/4933, Loss: 0.1654
2025-03-11 14:16:27,906 - INFO - Epoch 1/10, Batch 1320/4933, Loss: 0.1544
2025-03-11 14:16:29,043 - INFO - Epoch 1/10, Batch 1360/4933, Loss: 0.1733
2025-03-11 14:16:30,186 - INFO - Epoch 1/10, Batch 1400/4933, Loss: 0.1523
2025-03-11 14:16:31,369 - INFO - Epoch 1/10, Batch 1440/4933, Loss: 0.1450
2025-03-11 14:16:32,511 - INFO - Epoch 1/10, Batch 1480/4933, Loss: 0.1604
2025-03-11 14:16:33,644 - INFO - Epoch 1/10, Batch 1520/4933, Loss: 0.1697
2025-03-11 14:16:34,769 - INFO - Epoch 1/10, Batch 1560/4933, Loss: 0.1574
2025-03-11 14:16:35,894 - INFO - Epoch 1/10, Batch 1600/4933, Loss: 0.1490
2025-03-11 14:16:37,059 - INFO - Epoch 1/10, Batch 1640/4933, Loss: 0.1599
2025-03-11 14:16:38,255 - INFO - Epoch 1/10, Batch 1680/4933, Loss: 0.1588
2025-03-11 14:16:39,387 - INFO - Epoch 1/10, Batch 1720/4933, Loss: 0.1409
2025-03-11 14:16:40,535 - INFO - Epoch 1/10, Batch 1760/4933, Loss: 0.1518
2025-03-11 14:16:41,714 - INFO - Epoch 1/10, Batch 1800/4933, Loss: 0.1524
2025-03-11 14:16:42,865 - INFO - Epoch 1/10, Batch 1840/4933, Loss: 0.1334
2025-03-11 14:16:44,031 - INFO - Epoch 1/10, Batch 1880/4933, Loss: 0.1260
2025-03-11 14:16:45,176 - INFO - Epoch 1/10, Batch 1920/4933, Loss: 0.1183
2025-03-11 14:16:46,377 - INFO - Epoch 1/10, Batch 1960/4933, Loss: 0.1411
2025-03-11 14:16:47,481 - INFO - Epoch 1/10, Batch 2000/4933, Loss: 0.1302
2025-03-11 14:16:48,672 - INFO - Epoch 1/10, Batch 2040/4933, Loss: 0.1335
2025-03-11 14:16:49,812 - INFO - Epoch 1/10, Batch 2080/4933, Loss: 0.1365
2025-03-11 14:16:50,953 - INFO - Epoch 1/10, Batch 2120/4933, Loss: 0.1257
2025-03-11 14:16:52,089 - INFO - Epoch 1/10, Batch 2160/4933, Loss: 0.1607
2025-03-11 14:16:53,219 - INFO - Epoch 1/10, Batch 2200/4933, Loss: 0.1314
2025-03-11 14:16:54,345 - INFO - Epoch 1/10, Batch 2240/4933, Loss: 0.1357
2025-03-11 14:16:55,578 - INFO - Epoch 1/10, Batch 2280/4933, Loss: 0.1409
2025-03-11 14:16:56,713 - INFO - Epoch 1/10, Batch 2320/4933, Loss: 0.0951
2025-03-11 14:16:57,838 - INFO - Epoch 1/10, Batch 2360/4933, Loss: 0.1410
2025-03-11 14:16:58,926 - INFO - Epoch 1/10, Batch 2400/4933, Loss: 0.1281
2025-03-11 14:17:00,121 - INFO - Epoch 1/10, Batch 2440/4933, Loss: 0.1289
2025-03-11 14:17:01,269 - INFO - Epoch 1/10, Batch 2480/4933, Loss: 0.1528
2025-03-11 14:17:02,420 - INFO - Epoch 1/10, Batch 2520/4933, Loss: 0.1212
2025-03-11 14:17:03,545 - INFO - Epoch 1/10, Batch 2560/4933, Loss: 0.1204
2025-03-11 14:17:04,711 - INFO - Epoch 1/10, Batch 2600/4933, Loss: 0.1303
2025-03-11 14:17:05,829 - INFO - Epoch 1/10, Batch 2640/4933, Loss: 0.1227
2025-03-11 14:17:06,988 - INFO - Epoch 1/10, Batch 2680/4933, Loss: 0.1326
2025-03-11 14:17:08,092 - INFO - Epoch 1/10, Batch 2720/4933, Loss: 0.1180
2025-03-11 14:17:09,240 - INFO - Epoch 1/10, Batch 2760/4933, Loss: 0.1523
2025-03-11 14:17:10,357 - INFO - Epoch 1/10, Batch 2800/4933, Loss: 0.1284
2025-03-11 14:17:11,642 - INFO - Epoch 1/10, Batch 2840/4933, Loss: 0.1192
2025-03-11 14:17:12,791 - INFO - Epoch 1/10, Batch 2880/4933, Loss: 0.1666
2025-03-11 14:17:13,914 - INFO - Epoch 1/10, Batch 2920/4933, Loss: 0.1383
2025-03-11 14:17:15,052 - INFO - Epoch 1/10, Batch 2960/4933, Loss: 0.1468
2025-03-11 14:17:16,223 - INFO - Epoch 1/10, Batch 3000/4933, Loss: 0.1425
2025-03-11 14:17:17,452 - INFO - Epoch 1/10, Batch 3040/4933, Loss: 0.1332
2025-03-11 14:17:18,609 - INFO - Epoch 1/10, Batch 3080/4933, Loss: 0.1325
2025-03-11 14:17:19,735 - INFO - Epoch 1/10, Batch 3120/4933, Loss: 0.1433
2025-03-11 14:17:20,965 - INFO - Epoch 1/10, Batch 3160/4933, Loss: 0.1129
2025-03-11 14:17:22,108 - INFO - Epoch 1/10, Batch 3200/4933, Loss: 0.1159
2025-03-11 14:17:23,206 - INFO - Epoch 1/10, Batch 3240/4933, Loss: 0.1314
2025-03-11 14:17:24,340 - INFO - Epoch 1/10, Batch 3280/4933, Loss: 0.1435
2025-03-11 14:17:25,456 - INFO - Epoch 1/10, Batch 3320/4933, Loss: 0.1238
2025-03-11 14:17:26,612 - INFO - Epoch 1/10, Batch 3360/4933, Loss: 0.1401
2025-03-11 14:17:27,769 - INFO - Epoch 1/10, Batch 3400/4933, Loss: 0.1099
2025-03-11 14:17:28,866 - INFO - Epoch 1/10, Batch 3440/4933, Loss: 0.1174
2025-03-11 14:17:30,021 - INFO - Epoch 1/10, Batch 3480/4933, Loss: 0.1273
2025-03-11 14:17:31,134 - INFO - Epoch 1/10, Batch 3520/4933, Loss: 0.1344
2025-03-11 14:17:32,246 - INFO - Epoch 1/10, Batch 3560/4933, Loss: 0.1112
2025-03-11 14:17:33,404 - INFO - Epoch 1/10, Batch 3600/4933, Loss: 0.1076
2025-03-11 14:17:34,499 - INFO - Epoch 1/10, Batch 3640/4933, Loss: 0.1187
2025-03-11 14:17:35,623 - INFO - Epoch 1/10, Batch 3680/4933, Loss: 0.1298
2025-03-11 14:17:36,723 - INFO - Epoch 1/10, Batch 3720/4933, Loss: 0.1204
2025-03-11 14:17:37,912 - INFO - Epoch 1/10, Batch 3760/4933, Loss: 0.1070
2025-03-11 14:17:39,019 - INFO - Epoch 1/10, Batch 3800/4933, Loss: 0.1350
2025-03-11 14:17:40,100 - INFO - Epoch 1/10, Batch 3840/4933, Loss: 0.1541
2025-03-11 14:17:41,210 - INFO - Epoch 1/10, Batch 3880/4933, Loss: 0.1254
2025-03-11 14:17:42,425 - INFO - Epoch 1/10, Batch 3920/4933, Loss: 0.1133
2025-03-11 14:17:43,581 - INFO - Epoch 1/10, Batch 3960/4933, Loss: 0.1241
2025-03-11 14:17:44,806 - INFO - Epoch 1/10, Batch 4000/4933, Loss: 0.1124
2025-03-11 14:17:46,037 - INFO - Epoch 1/10, Batch 4040/4933, Loss: 0.1509
2025-03-11 14:17:47,251 - INFO - Epoch 1/10, Batch 4080/4933, Loss: 0.1041
2025-03-11 14:17:48,406 - INFO - Epoch 1/10, Batch 4120/4933, Loss: 0.1227
2025-03-11 14:17:49,659 - INFO - Epoch 1/10, Batch 4160/4933, Loss: 0.1267
2025-03-11 14:17:50,864 - INFO - Epoch 1/10, Batch 4200/4933, Loss: 0.1254
2025-03-11 14:17:52,056 - INFO - Epoch 1/10, Batch 4240/4933, Loss: 0.1158
2025-03-11 14:17:53,161 - INFO - Epoch 1/10, Batch 4280/4933, Loss: 0.1168
2025-03-11 14:17:54,272 - INFO - Epoch 1/10, Batch 4320/4933, Loss: 0.1111
2025-03-11 14:17:55,395 - INFO - Epoch 1/10, Batch 4360/4933, Loss: 0.1037
2025-03-11 14:17:56,550 - INFO - Epoch 1/10, Batch 4400/4933, Loss: 0.1074
2025-03-11 14:17:57,647 - INFO - Epoch 1/10, Batch 4440/4933, Loss: 0.1327
2025-03-11 14:17:58,779 - INFO - Epoch 1/10, Batch 4480/4933, Loss: 0.1075
2025-03-11 14:17:59,879 - INFO - Epoch 1/10, Batch 4520/4933, Loss: 0.1038
2025-03-11 14:18:01,013 - INFO - Epoch 1/10, Batch 4560/4933, Loss: 0.1263
2025-03-11 14:18:02,192 - INFO - Epoch 1/10, Batch 4600/4933, Loss: 0.1122
2025-03-11 14:18:03,445 - INFO - Epoch 1/10, Batch 4640/4933, Loss: 0.1421
2025-03-11 14:18:04,573 - INFO - Epoch 1/10, Batch 4680/4933, Loss: 0.1101
2025-03-11 14:18:05,657 - INFO - Epoch 1/10, Batch 4720/4933, Loss: 0.1315
2025-03-11 14:18:06,749 - INFO - Epoch 1/10, Batch 4760/4933, Loss: 0.1103
2025-03-11 14:18:07,833 - INFO - Epoch 1/10, Batch 4800/4933, Loss: 0.1273
2025-03-11 14:18:08,976 - INFO - Epoch 1/10, Batch 4840/4933, Loss: 0.1105
2025-03-11 14:18:10,103 - INFO - Epoch 1/10, Batch 4880/4933, Loss: 0.1211
2025-03-11 14:18:11,226 - INFO - Epoch 1/10, Batch 4920/4933, Loss: 0.1122
2025-03-11 14:18:11,569 - INFO - Epoch 1/10, Train Loss: 0.1729
2025-03-11 14:18:11,569 - INFO - Epoch 1/10 Validation
2025-03-11 14:18:11,570 - INFO - Starting validation
2025-03-11 14:18:12,028 - INFO - Epoch 1/10, Batch 0/1368, Loss: 17.1853
2025-03-11 14:20:08,928 - INFO - Epoch 1/10, Batch 40/1368, Loss: 18.7400
2025-03-11 14:22:10,066 - INFO - Epoch 1/10, Batch 80/1368, Loss: 18.7992
2025-03-11 14:24:09,471 - INFO - Epoch 1/10, Batch 120/1368, Loss: 21.6253
2025-03-11 14:26:15,785 - INFO - Epoch 1/10, Batch 160/1368, Loss: 19.1687
2025-03-11 14:28:31,680 - INFO - Epoch 1/10, Batch 200/1368, Loss: 20.1065
2025-03-11 14:30:47,054 - INFO - Epoch 1/10, Batch 240/1368, Loss: 19.4330
2025-03-11 14:32:51,618 - INFO - Epoch 1/10, Batch 280/1368, Loss: 20.2732
2025-03-11 14:34:50,111 - INFO - Epoch 1/10, Batch 320/1368, Loss: 18.0023
2025-03-11 14:36:50,185 - INFO - Epoch 1/10, Batch 360/1368, Loss: 18.2719
2025-03-11 14:39:14,843 - INFO - Epoch 1/10, Batch 400/1368, Loss: 20.7646
2025-03-11 14:40:57,703 - INFO - Epoch 1/10, Batch 440/1368, Loss: 16.0811
2025-03-11 14:42:50,366 - INFO - Epoch 1/10, Batch 480/1368, Loss: 20.1857
2025-03-11 14:44:56,392 - INFO - Epoch 1/10, Batch 520/1368, Loss: 19.3206
2025-03-11 14:47:21,218 - INFO - Epoch 1/10, Batch 560/1368, Loss: 18.4200
2025-03-11 14:49:19,190 - INFO - Epoch 1/10, Batch 600/1368, Loss: 16.8880
2025-03-11 14:51:22,484 - INFO - Epoch 1/10, Batch 640/1368, Loss: 22.2116
2025-03-11 14:53:19,222 - INFO - Epoch 1/10, Batch 680/1368, Loss: 20.5408
2025-03-11 14:55:08,677 - INFO - Epoch 1/10, Batch 720/1368, Loss: 18.5039
2025-03-11 14:57:13,348 - INFO - Epoch 1/10, Batch 760/1368, Loss: 17.1340
2025-03-11 14:59:30,148 - INFO - Epoch 1/10, Batch 800/1368, Loss: 17.7555
2025-03-11 15:01:36,101 - INFO - Epoch 1/10, Batch 840/1368, Loss: 18.7945
2025-03-11 15:03:26,086 - INFO - Epoch 1/10, Batch 880/1368, Loss: 19.0695
2025-03-11 15:05:34,479 - INFO - Epoch 1/10, Batch 920/1368, Loss: 18.3657
2025-03-11 15:07:30,087 - INFO - Epoch 1/10, Batch 960/1368, Loss: 19.5383
2025-03-11 15:09:16,312 - INFO - Epoch 1/10, Batch 1000/1368, Loss: 18.3470
2025-03-11 15:11:16,440 - INFO - Epoch 1/10, Batch 1040/1368, Loss: 20.7325
2025-03-11 15:13:22,297 - INFO - Epoch 1/10, Batch 1080/1368, Loss: 18.6500
2025-03-11 15:15:10,262 - INFO - Epoch 1/10, Batch 1120/1368, Loss: 17.5806
2025-03-11 15:16:58,293 - INFO - Epoch 1/10, Batch 1160/1368, Loss: 20.4153
2025-03-11 15:19:08,433 - INFO - Epoch 1/10, Batch 1200/1368, Loss: 17.5380
2025-03-11 15:21:01,353 - INFO - Epoch 1/10, Batch 1240/1368, Loss: 19.6637
2025-03-11 15:22:50,513 - INFO - Epoch 1/10, Batch 1280/1368, Loss: 20.8335
2025-03-11 15:25:09,755 - INFO - Epoch 1/10, Batch 1320/1368, Loss: 20.2280
2025-03-11 15:27:21,515 - INFO - Epoch 1/10, Batch 1360/1368, Loss: 19.7570
2025-03-11 15:27:39,423 - INFO - Epoch 1/10, Val Loss: 1.1907
2025-03-11 15:27:39,423 - INFO - 
Action Prediction Accuracy:
2025-03-11 15:27:39,423 - INFO - --------------------------------------------------
2025-03-11 15:27:39,423 - INFO - Horizon    Top-k      Accuracy  
2025-03-11 15:27:39,424 - INFO - --------------------------------------------------
2025-03-11 15:27:39,424 - INFO - 1          mAP             0.8077
2025-03-11 15:27:39,424 - INFO - 1          1          0.7584
2025-03-11 15:27:39,425 - INFO - 1          3          0.9024
2025-03-11 15:27:39,425 - INFO - 1          5          0.9403
2025-03-11 15:27:39,425 - INFO - 1          10         0.9707
2025-03-11 15:27:39,425 - INFO - 3          mAP             0.8472
2025-03-11 15:27:39,426 - INFO - 3          1          0.7385
2025-03-11 15:27:39,426 - INFO - 3          3          0.8928
2025-03-11 15:27:39,426 - INFO - 3          5          0.9357
2025-03-11 15:27:39,426 - INFO - 3          10         0.9672
2025-03-11 15:27:39,426 - INFO - 5          mAP             0.8455
2025-03-11 15:27:39,427 - INFO - 5          1          0.7231
2025-03-11 15:27:39,427 - INFO - 5          3          0.8864
2025-03-11 15:27:39,428 - INFO - 5          5          0.9322
2025-03-11 15:27:39,428 - INFO - 5          10         0.9654
2025-03-11 15:27:39,429 - INFO - 10         mAP             0.8235
2025-03-11 15:27:39,429 - INFO - 10         1          0.6941
2025-03-11 15:27:39,430 - INFO - 10         3          0.8724
2025-03-11 15:27:39,431 - INFO - 10         5          0.9234
2025-03-11 15:27:39,432 - INFO - 10         10         0.9606
2025-03-11 15:27:39,433 - INFO - 15         mAP             0.8242
2025-03-11 15:27:39,433 - INFO - 15         1          0.6739
2025-03-11 15:27:39,433 - INFO - 15         3          0.8613
2025-03-11 15:27:39,434 - INFO - 15         5          0.9169
2025-03-11 15:27:39,435 - INFO - 15         10         0.9581
2025-03-11 15:27:39,436 - INFO - --------------------------------------------------
2025-03-11 15:27:53,595 - INFO - Model saved to: logs/2025-03-11_14-11-21/checkpoints/best_model_epoch1_valloss1.190734.pt
2025-03-11 15:27:53,595 - INFO - Saved new best model at epoch 1 with validation loss: 1.190734
2025-03-11 15:27:53,596 - INFO - Epoch 2/10 Training
2025-03-11 15:27:53,659 - INFO - Epoch 2/10, Batch 0/4933, Loss: 0.1268
2025-03-11 15:27:55,045 - INFO - Epoch 2/10, Batch 40/4933, Loss: 0.1233
2025-03-11 15:27:56,528 - INFO - Epoch 2/10, Batch 80/4933, Loss: 0.1423
2025-03-11 15:27:58,206 - INFO - Epoch 2/10, Batch 120/4933, Loss: 0.1335
2025-03-11 15:28:00,504 - INFO - Epoch 2/10, Batch 160/4933, Loss: 0.1006
2025-03-11 15:28:02,900 - INFO - Epoch 2/10, Batch 200/4933, Loss: 0.1241
2025-03-11 15:28:05,176 - INFO - Epoch 2/10, Batch 240/4933, Loss: 0.1097
2025-03-11 15:28:07,514 - INFO - Epoch 2/10, Batch 280/4933, Loss: 0.1113
2025-03-11 15:28:09,924 - INFO - Epoch 2/10, Batch 320/4933, Loss: 0.1160
2025-03-11 15:28:12,134 - INFO - Epoch 2/10, Batch 360/4933, Loss: 0.1181
2025-03-11 15:28:13,717 - INFO - Epoch 2/10, Batch 400/4933, Loss: 0.1186
2025-03-11 15:28:15,230 - INFO - Epoch 2/10, Batch 440/4933, Loss: 0.1134
2025-03-11 15:28:16,766 - INFO - Epoch 2/10, Batch 480/4933, Loss: 0.1218
2025-03-11 15:28:18,244 - INFO - Epoch 2/10, Batch 520/4933, Loss: 0.1541
2025-03-11 15:28:20,003 - INFO - Epoch 2/10, Batch 560/4933, Loss: 0.1106
2025-03-11 15:28:21,622 - INFO - Epoch 2/10, Batch 600/4933, Loss: 0.1378
2025-03-11 15:28:23,142 - INFO - Epoch 2/10, Batch 640/4933, Loss: 0.1153
2025-03-11 15:28:24,771 - INFO - Epoch 2/10, Batch 680/4933, Loss: 0.1061
2025-03-11 15:28:26,753 - INFO - Epoch 2/10, Batch 720/4933, Loss: 0.1046
2025-03-11 15:28:28,661 - INFO - Epoch 2/10, Batch 760/4933, Loss: 0.1331
2025-03-11 15:28:30,420 - INFO - Epoch 2/10, Batch 800/4933, Loss: 0.1091
2025-03-11 15:28:32,105 - INFO - Epoch 2/10, Batch 840/4933, Loss: 0.1235
2025-03-11 15:28:33,470 - INFO - Epoch 2/10, Batch 880/4933, Loss: 0.1118
2025-03-11 15:28:34,836 - INFO - Epoch 2/10, Batch 920/4933, Loss: 0.1257
2025-03-11 15:28:36,262 - INFO - Epoch 2/10, Batch 960/4933, Loss: 0.1130
2025-03-11 15:28:37,729 - INFO - Epoch 2/10, Batch 1000/4933, Loss: 0.1234
2025-03-11 15:28:39,278 - INFO - Epoch 2/10, Batch 1040/4933, Loss: 0.1099
2025-03-11 15:28:40,765 - INFO - Epoch 2/10, Batch 1080/4933, Loss: 0.1099
2025-03-11 15:28:42,121 - INFO - Epoch 2/10, Batch 1120/4933, Loss: 0.1243
2025-03-11 15:28:43,553 - INFO - Epoch 2/10, Batch 1160/4933, Loss: 0.1239
2025-03-11 15:28:45,189 - INFO - Epoch 2/10, Batch 1200/4933, Loss: 0.1008
2025-03-11 15:28:46,720 - INFO - Epoch 2/10, Batch 1240/4933, Loss: 0.1331
2025-03-11 15:28:48,295 - INFO - Epoch 2/10, Batch 1280/4933, Loss: 0.1057
2025-03-11 15:28:49,699 - INFO - Epoch 2/10, Batch 1320/4933, Loss: 0.1345
2025-03-11 15:28:51,107 - INFO - Epoch 2/10, Batch 1360/4933, Loss: 0.1420
2025-03-11 15:28:52,451 - INFO - Epoch 2/10, Batch 1400/4933, Loss: 0.1021
2025-03-11 15:28:53,856 - INFO - Epoch 2/10, Batch 1440/4933, Loss: 0.1113
2025-03-11 15:28:55,316 - INFO - Epoch 2/10, Batch 1480/4933, Loss: 0.1032
2025-03-11 15:28:56,822 - INFO - Epoch 2/10, Batch 1520/4933, Loss: 0.1014
2025-03-11 15:28:58,258 - INFO - Epoch 2/10, Batch 1560/4933, Loss: 0.0882
2025-03-11 15:28:59,559 - INFO - Epoch 2/10, Batch 1600/4933, Loss: 0.0981
2025-03-11 15:29:00,804 - INFO - Epoch 2/10, Batch 1640/4933, Loss: 0.1262
2025-03-11 15:29:02,131 - INFO - Epoch 2/10, Batch 1680/4933, Loss: 0.1470
2025-03-11 15:29:03,591 - INFO - Epoch 2/10, Batch 1720/4933, Loss: 0.1013
2025-03-11 15:29:05,053 - INFO - Epoch 2/10, Batch 1760/4933, Loss: 0.0949
2025-03-11 15:29:06,735 - INFO - Epoch 2/10, Batch 1800/4933, Loss: 0.1148
2025-03-11 15:29:08,350 - INFO - Epoch 2/10, Batch 1840/4933, Loss: 0.1079
2025-03-11 15:29:09,859 - INFO - Epoch 2/10, Batch 1880/4933, Loss: 0.1037
2025-03-11 15:29:11,607 - INFO - Epoch 2/10, Batch 1920/4933, Loss: 0.0924
2025-03-11 15:29:13,337 - INFO - Epoch 2/10, Batch 1960/4933, Loss: 0.1090
2025-03-11 15:29:15,030 - INFO - Epoch 2/10, Batch 2000/4933, Loss: 0.1040
2025-03-11 15:29:16,638 - INFO - Epoch 2/10, Batch 2040/4933, Loss: 0.1088
2025-03-11 15:29:18,196 - INFO - Epoch 2/10, Batch 2080/4933, Loss: 0.1142
2025-03-11 15:29:19,707 - INFO - Epoch 2/10, Batch 2120/4933, Loss: 0.1157
2025-03-11 15:29:21,235 - INFO - Epoch 2/10, Batch 2160/4933, Loss: 0.0958
2025-03-11 15:29:22,705 - INFO - Epoch 2/10, Batch 2200/4933, Loss: 0.0974
2025-03-11 15:29:24,156 - INFO - Epoch 2/10, Batch 2240/4933, Loss: 0.1036
2025-03-11 15:29:25,561 - INFO - Epoch 2/10, Batch 2280/4933, Loss: 0.0911
2025-03-11 15:29:27,021 - INFO - Epoch 2/10, Batch 2320/4933, Loss: 0.1008
2025-03-11 15:29:28,525 - INFO - Epoch 2/10, Batch 2360/4933, Loss: 0.1110
2025-03-11 15:29:29,999 - INFO - Epoch 2/10, Batch 2400/4933, Loss: 0.1026
2025-03-11 15:29:31,590 - INFO - Epoch 2/10, Batch 2440/4933, Loss: 0.0987
2025-03-11 15:29:33,190 - INFO - Epoch 2/10, Batch 2480/4933, Loss: 0.1094
2025-03-11 15:29:34,833 - INFO - Epoch 2/10, Batch 2520/4933, Loss: 0.0756
2025-03-11 15:29:36,442 - INFO - Epoch 2/10, Batch 2560/4933, Loss: 0.1022
2025-03-11 15:29:38,094 - INFO - Epoch 2/10, Batch 2600/4933, Loss: 0.1030
2025-03-11 15:29:39,780 - INFO - Epoch 2/10, Batch 2640/4933, Loss: 0.1267
2025-03-11 15:29:41,444 - INFO - Epoch 2/10, Batch 2680/4933, Loss: 0.0834
2025-03-11 15:29:43,042 - INFO - Epoch 2/10, Batch 2720/4933, Loss: 0.0921
2025-03-11 15:29:44,809 - INFO - Epoch 2/10, Batch 2760/4933, Loss: 0.1290
2025-03-11 15:29:46,365 - INFO - Epoch 2/10, Batch 2800/4933, Loss: 0.1097
2025-03-11 15:29:47,976 - INFO - Epoch 2/10, Batch 2840/4933, Loss: 0.1185
2025-03-11 15:29:49,458 - INFO - Epoch 2/10, Batch 2880/4933, Loss: 0.1004
2025-03-11 15:29:50,953 - INFO - Epoch 2/10, Batch 2920/4933, Loss: 0.1189
2025-03-11 15:29:52,436 - INFO - Epoch 2/10, Batch 2960/4933, Loss: 0.1063
2025-03-11 15:29:53,920 - INFO - Epoch 2/10, Batch 3000/4933, Loss: 0.1049
2025-03-11 15:29:55,309 - INFO - Epoch 2/10, Batch 3040/4933, Loss: 0.0965
2025-03-11 15:29:56,921 - INFO - Epoch 2/10, Batch 3080/4933, Loss: 0.0974
2025-03-11 15:29:58,362 - INFO - Epoch 2/10, Batch 3120/4933, Loss: 0.1103
2025-03-11 15:29:59,777 - INFO - Epoch 2/10, Batch 3160/4933, Loss: 0.1071
2025-03-11 15:30:01,213 - INFO - Epoch 2/10, Batch 3200/4933, Loss: 0.1041
2025-03-11 15:30:02,716 - INFO - Epoch 2/10, Batch 3240/4933, Loss: 0.0947
2025-03-11 15:30:04,208 - INFO - Epoch 2/10, Batch 3280/4933, Loss: 0.0917
2025-03-11 15:30:05,606 - INFO - Epoch 2/10, Batch 3320/4933, Loss: 0.0986
2025-03-11 15:30:07,047 - INFO - Epoch 2/10, Batch 3360/4933, Loss: 0.1057
2025-03-11 15:30:08,627 - INFO - Epoch 2/10, Batch 3400/4933, Loss: 0.0934
2025-03-11 15:30:10,076 - INFO - Epoch 2/10, Batch 3440/4933, Loss: 0.1163
2025-03-11 15:30:11,578 - INFO - Epoch 2/10, Batch 3480/4933, Loss: 0.1209
2025-03-11 15:30:13,023 - INFO - Epoch 2/10, Batch 3520/4933, Loss: 0.1018
2025-03-11 15:30:14,413 - INFO - Epoch 2/10, Batch 3560/4933, Loss: 0.0932
2025-03-11 15:30:15,865 - INFO - Epoch 2/10, Batch 3600/4933, Loss: 0.0885
2025-03-11 15:30:17,268 - INFO - Epoch 2/10, Batch 3640/4933, Loss: 0.0917
2025-03-11 15:30:18,604 - INFO - Epoch 2/10, Batch 3680/4933, Loss: 0.0860
2025-03-11 15:30:19,987 - INFO - Epoch 2/10, Batch 3720/4933, Loss: 0.1017
2025-03-11 15:30:21,420 - INFO - Epoch 2/10, Batch 3760/4933, Loss: 0.1065
2025-03-11 15:30:22,723 - INFO - Epoch 2/10, Batch 3800/4933, Loss: 0.1145
2025-03-11 15:30:24,177 - INFO - Epoch 2/10, Batch 3840/4933, Loss: 0.1107
2025-03-11 15:30:25,545 - INFO - Epoch 2/10, Batch 3880/4933, Loss: 0.0915
2025-03-11 15:30:26,988 - INFO - Epoch 2/10, Batch 3920/4933, Loss: 0.0990
2025-03-11 15:30:28,420 - INFO - Epoch 2/10, Batch 3960/4933, Loss: 0.1001
2025-03-11 15:30:29,836 - INFO - Epoch 2/10, Batch 4000/4933, Loss: 0.0985
2025-03-11 15:30:31,201 - INFO - Epoch 2/10, Batch 4040/4933, Loss: 0.0918
2025-03-11 15:30:32,619 - INFO - Epoch 2/10, Batch 4080/4933, Loss: 0.1008
2025-03-11 15:30:33,889 - INFO - Epoch 2/10, Batch 4120/4933, Loss: 0.1053
2025-03-11 15:30:35,263 - INFO - Epoch 2/10, Batch 4160/4933, Loss: 0.1080
2025-03-11 15:30:36,605 - INFO - Epoch 2/10, Batch 4200/4933, Loss: 0.0999
2025-03-11 15:30:37,970 - INFO - Epoch 2/10, Batch 4240/4933, Loss: 0.1041
2025-03-11 15:30:39,280 - INFO - Epoch 2/10, Batch 4280/4933, Loss: 0.1071
2025-03-11 15:30:40,469 - INFO - Epoch 2/10, Batch 4320/4933, Loss: 0.1109
2025-03-11 15:30:41,647 - INFO - Epoch 2/10, Batch 4360/4933, Loss: 0.0893
2025-03-11 15:30:42,805 - INFO - Epoch 2/10, Batch 4400/4933, Loss: 0.1082
2025-03-11 15:30:43,949 - INFO - Epoch 2/10, Batch 4440/4933, Loss: 0.1032
2025-03-11 15:30:45,149 - INFO - Epoch 2/10, Batch 4480/4933, Loss: 0.0758
2025-03-11 15:30:46,334 - INFO - Epoch 2/10, Batch 4520/4933, Loss: 0.1127
2025-03-11 15:30:47,859 - INFO - Epoch 2/10, Batch 4560/4933, Loss: 0.0960
2025-03-11 15:30:49,040 - INFO - Epoch 2/10, Batch 4600/4933, Loss: 0.1135
2025-03-11 15:30:50,237 - INFO - Epoch 2/10, Batch 4640/4933, Loss: 0.0954
2025-03-11 15:30:51,423 - INFO - Epoch 2/10, Batch 4680/4933, Loss: 0.1273
2025-03-11 15:30:52,575 - INFO - Epoch 2/10, Batch 4720/4933, Loss: 0.0875
2025-03-11 15:30:53,723 - INFO - Epoch 2/10, Batch 4760/4933, Loss: 0.1008
2025-03-11 15:30:54,883 - INFO - Epoch 2/10, Batch 4800/4933, Loss: 0.1184
2025-03-11 15:30:56,030 - INFO - Epoch 2/10, Batch 4840/4933, Loss: 0.1067
2025-03-11 15:30:57,153 - INFO - Epoch 2/10, Batch 4880/4933, Loss: 0.1083
2025-03-11 15:30:58,553 - INFO - Epoch 2/10, Batch 4920/4933, Loss: 0.1150
2025-03-11 15:30:58,959 - INFO - Epoch 2/10, Train Loss: 0.1080
2025-03-11 15:30:58,959 - INFO - Epoch 2/10 Validation
2025-03-11 15:30:58,960 - INFO - Starting validation
2025-03-11 15:30:59,469 - INFO - Epoch 2/10, Batch 0/1368, Loss: 17.4059
2025-03-11 15:33:15,174 - INFO - Epoch 2/10, Batch 40/1368, Loss: 18.4454
2025-03-11 15:35:15,941 - INFO - Epoch 2/10, Batch 80/1368, Loss: 19.2880
2025-03-11 15:37:09,255 - INFO - Epoch 2/10, Batch 120/1368, Loss: 21.6224
2025-03-11 15:39:25,899 - INFO - Epoch 2/10, Batch 160/1368, Loss: 18.9695
2025-03-11 15:41:42,886 - INFO - Epoch 2/10, Batch 200/1368, Loss: 19.6954
2025-03-11 15:43:42,049 - INFO - Epoch 2/10, Batch 240/1368, Loss: 19.7048
2025-03-11 15:45:52,686 - INFO - Epoch 2/10, Batch 280/1368, Loss: 20.6270
2025-03-11 15:47:52,692 - INFO - Epoch 2/10, Batch 320/1368, Loss: 18.4299
2025-03-11 15:49:51,963 - INFO - Epoch 2/10, Batch 360/1368, Loss: 18.6379
2025-03-11 15:52:29,452 - INFO - Epoch 2/10, Batch 400/1368, Loss: 20.1157
2025-03-11 15:54:22,903 - INFO - Epoch 2/10, Batch 440/1368, Loss: 16.1746
2025-03-11 15:56:27,816 - INFO - Epoch 2/10, Batch 480/1368, Loss: 20.6094
2025-03-11 15:58:49,297 - INFO - Epoch 2/10, Batch 520/1368, Loss: 20.0226
2025-03-11 16:00:51,675 - INFO - Epoch 2/10, Batch 560/1368, Loss: 18.1368
2025-03-11 16:02:53,416 - INFO - Epoch 2/10, Batch 600/1368, Loss: 16.8388
2025-03-11 16:05:12,472 - INFO - Epoch 2/10, Batch 640/1368, Loss: 22.8926
2025-03-11 16:07:21,256 - INFO - Epoch 2/10, Batch 680/1368, Loss: 20.5125
2025-03-11 16:09:23,699 - INFO - Epoch 2/10, Batch 720/1368, Loss: 19.9195
2025-03-11 16:11:41,094 - INFO - Epoch 2/10, Batch 760/1368, Loss: 17.3883
2025-03-11 16:14:03,565 - INFO - Epoch 2/10, Batch 800/1368, Loss: 17.6465
2025-03-11 16:16:34,635 - INFO - Epoch 2/10, Batch 840/1368, Loss: 18.2245
2025-03-11 16:18:39,473 - INFO - Epoch 2/10, Batch 880/1368, Loss: 19.4071
2025-03-11 16:20:56,106 - INFO - Epoch 2/10, Batch 920/1368, Loss: 18.5713
2025-03-11 16:23:10,467 - INFO - Epoch 2/10, Batch 960/1368, Loss: 19.9735
2025-03-11 16:25:09,832 - INFO - Epoch 2/10, Batch 1000/1368, Loss: 18.8352
2025-03-11 16:27:33,586 - INFO - Epoch 2/10, Batch 1040/1368, Loss: 21.2295
2025-03-11 16:29:48,506 - INFO - Epoch 2/10, Batch 1080/1368, Loss: 18.5760
2025-03-11 16:31:45,328 - INFO - Epoch 2/10, Batch 1120/1368, Loss: 18.1190
2025-03-11 16:33:46,065 - INFO - Epoch 2/10, Batch 1160/1368, Loss: 20.7690
2025-03-11 16:36:05,563 - INFO - Epoch 2/10, Batch 1200/1368, Loss: 17.0103
2025-03-11 16:38:19,238 - INFO - Epoch 2/10, Batch 1240/1368, Loss: 19.4964
2025-03-11 16:40:19,951 - INFO - Epoch 2/10, Batch 1280/1368, Loss: 20.8583
2025-03-11 16:42:49,604 - INFO - Epoch 2/10, Batch 1320/1368, Loss: 19.7224
2025-03-11 16:45:04,550 - INFO - Epoch 2/10, Batch 1360/1368, Loss: 20.0158
2025-03-11 16:45:23,239 - INFO - Epoch 2/10, Val Loss: 1.1986
2025-03-11 16:45:23,240 - INFO - 
Action Prediction Accuracy:
2025-03-11 16:45:23,240 - INFO - --------------------------------------------------
2025-03-11 16:45:23,240 - INFO - Horizon    Top-k      Accuracy  
2025-03-11 16:45:23,240 - INFO - --------------------------------------------------
2025-03-11 16:45:23,240 - INFO - 1          mAP             0.7308
2025-03-11 16:45:23,241 - INFO - 1          1          0.7385
2025-03-11 16:45:23,241 - INFO - 1          3          0.8959
2025-03-11 16:45:23,242 - INFO - 1          5          0.9360
2025-03-11 16:45:23,242 - INFO - 1          10         0.9693
2025-03-11 16:45:23,243 - INFO - 3          mAP             0.6944
2025-03-11 16:45:23,243 - INFO - 3          1          0.7155
2025-03-11 16:45:23,243 - INFO - 3          3          0.8859
2025-03-11 16:45:23,244 - INFO - 3          5          0.9303
2025-03-11 16:45:23,244 - INFO - 3          10         0.9671
2025-03-11 16:45:23,244 - INFO - 5          mAP             0.6439
2025-03-11 16:45:23,245 - INFO - 5          1          0.6953
2025-03-11 16:45:23,245 - INFO - 5          3          0.8769
2025-03-11 16:45:23,246 - INFO - 5          5          0.9254
2025-03-11 16:45:23,248 - INFO - 5          10         0.9645
2025-03-11 16:45:23,249 - INFO - 10         mAP             0.6108
2025-03-11 16:45:23,249 - INFO - 10         1          0.6622
2025-03-11 16:45:23,250 - INFO - 10         3          0.8610
2025-03-11 16:45:23,250 - INFO - 10         5          0.9151
2025-03-11 16:45:23,252 - INFO - 10         10         0.9603
2025-03-11 16:45:23,253 - INFO - 15         mAP             0.6029
2025-03-11 16:45:23,254 - INFO - 15         1          0.6407
2025-03-11 16:45:23,254 - INFO - 15         3          0.8490
2025-03-11 16:45:23,255 - INFO - 15         5          0.9067
2025-03-11 16:45:23,256 - INFO - 15         10         0.9566
2025-03-11 16:45:23,256 - INFO - --------------------------------------------------
2025-03-11 16:45:24,512 - INFO - Saved periodic checkpoint at epoch 2
2025-03-11 16:45:24,514 - INFO - Epoch 3/10 Training
2025-03-11 16:45:24,575 - INFO - Epoch 3/10, Batch 0/4933, Loss: 0.0922
2025-03-11 16:45:25,925 - INFO - Epoch 3/10, Batch 40/4933, Loss: 0.1289
2025-03-11 16:45:27,295 - INFO - Epoch 3/10, Batch 80/4933, Loss: 0.0858
2025-03-11 16:45:28,692 - INFO - Epoch 3/10, Batch 120/4933, Loss: 0.0958
2025-03-11 16:45:29,857 - INFO - Epoch 3/10, Batch 160/4933, Loss: 0.0934
2025-03-11 16:45:31,106 - INFO - Epoch 3/10, Batch 200/4933, Loss: 0.1003
2025-03-11 16:45:32,518 - INFO - Epoch 3/10, Batch 240/4933, Loss: 0.0865
2025-03-11 16:45:33,987 - INFO - Epoch 3/10, Batch 280/4933, Loss: 0.0971
2025-03-11 16:45:35,527 - INFO - Epoch 3/10, Batch 320/4933, Loss: 0.0991
2025-03-11 16:45:37,139 - INFO - Epoch 3/10, Batch 360/4933, Loss: 0.1062
2025-03-11 16:45:38,607 - INFO - Epoch 3/10, Batch 400/4933, Loss: 0.0928
2025-03-11 16:45:40,190 - INFO - Epoch 3/10, Batch 440/4933, Loss: 0.0847
2025-03-11 16:45:41,709 - INFO - Epoch 3/10, Batch 480/4933, Loss: 0.0907
2025-03-11 16:45:43,295 - INFO - Epoch 3/10, Batch 520/4933, Loss: 0.1061
2025-03-11 16:45:44,774 - INFO - Epoch 3/10, Batch 560/4933, Loss: 0.0822
2025-03-11 16:45:46,192 - INFO - Epoch 3/10, Batch 600/4933, Loss: 0.0950
2025-03-11 16:45:47,575 - INFO - Epoch 3/10, Batch 640/4933, Loss: 0.0957
2025-03-11 16:45:48,905 - INFO - Epoch 3/10, Batch 680/4933, Loss: 0.1024
2025-03-11 16:45:50,228 - INFO - Epoch 3/10, Batch 720/4933, Loss: 0.1072
2025-03-11 16:45:51,491 - INFO - Epoch 3/10, Batch 760/4933, Loss: 0.0758
2025-03-11 16:45:52,802 - INFO - Epoch 3/10, Batch 800/4933, Loss: 0.1208
2025-03-11 16:45:54,138 - INFO - Epoch 3/10, Batch 840/4933, Loss: 0.0947
2025-03-11 16:45:55,512 - INFO - Epoch 3/10, Batch 880/4933, Loss: 0.0900
2025-03-11 16:45:56,677 - INFO - Epoch 3/10, Batch 920/4933, Loss: 0.1046
2025-03-11 16:45:57,877 - INFO - Epoch 3/10, Batch 960/4933, Loss: 0.0991
2025-03-11 16:45:59,122 - INFO - Epoch 3/10, Batch 1000/4933, Loss: 0.0769
2025-03-11 16:46:00,364 - INFO - Epoch 3/10, Batch 1040/4933, Loss: 0.1129
2025-03-11 16:46:01,535 - INFO - Epoch 3/10, Batch 1080/4933, Loss: 0.1039
2025-03-11 16:46:02,727 - INFO - Epoch 3/10, Batch 1120/4933, Loss: 0.0834
2025-03-11 16:46:03,930 - INFO - Epoch 3/10, Batch 1160/4933, Loss: 0.0972
2025-03-11 16:46:05,079 - INFO - Epoch 3/10, Batch 1200/4933, Loss: 0.1122
2025-03-11 16:46:06,165 - INFO - Epoch 3/10, Batch 1240/4933, Loss: 0.0943
2025-03-11 16:46:07,254 - INFO - Epoch 3/10, Batch 1280/4933, Loss: 0.0880
2025-03-11 16:46:08,356 - INFO - Epoch 3/10, Batch 1320/4933, Loss: 0.0881
2025-03-11 16:46:09,461 - INFO - Epoch 3/10, Batch 1360/4933, Loss: 0.0813
2025-03-11 16:46:10,536 - INFO - Epoch 3/10, Batch 1400/4933, Loss: 0.0858
2025-03-11 16:46:11,615 - INFO - Epoch 3/10, Batch 1440/4933, Loss: 0.0898
2025-03-11 16:46:12,700 - INFO - Epoch 3/10, Batch 1480/4933, Loss: 0.1082
2025-03-11 16:46:13,764 - INFO - Epoch 3/10, Batch 1520/4933, Loss: 0.1086
2025-03-11 16:46:14,813 - INFO - Epoch 3/10, Batch 1560/4933, Loss: 0.1214
2025-03-11 16:46:15,882 - INFO - Epoch 3/10, Batch 1600/4933, Loss: 0.0857
2025-03-11 16:46:16,939 - INFO - Epoch 3/10, Batch 1640/4933, Loss: 0.0969
2025-03-11 16:46:17,989 - INFO - Epoch 3/10, Batch 1680/4933, Loss: 0.0997
2025-03-11 16:46:19,034 - INFO - Epoch 3/10, Batch 1720/4933, Loss: 0.0863
2025-03-11 16:46:20,076 - INFO - Epoch 3/10, Batch 1760/4933, Loss: 0.1048
2025-03-11 16:46:21,095 - INFO - Epoch 3/10, Batch 1800/4933, Loss: 0.1035
2025-03-11 16:46:22,132 - INFO - Epoch 3/10, Batch 1840/4933, Loss: 0.0939
2025-03-11 16:46:23,184 - INFO - Epoch 3/10, Batch 1880/4933, Loss: 0.0899
2025-03-11 16:46:24,248 - INFO - Epoch 3/10, Batch 1920/4933, Loss: 0.0942
2025-03-11 16:46:25,320 - INFO - Epoch 3/10, Batch 1960/4933, Loss: 0.1137
2025-03-11 16:46:26,352 - INFO - Epoch 3/10, Batch 2000/4933, Loss: 0.1062
2025-03-11 16:46:27,362 - INFO - Epoch 3/10, Batch 2040/4933, Loss: 0.1125
2025-03-11 16:46:28,358 - INFO - Epoch 3/10, Batch 2080/4933, Loss: 0.0846
2025-03-11 16:46:29,362 - INFO - Epoch 3/10, Batch 2120/4933, Loss: 0.0901
2025-03-11 16:46:30,385 - INFO - Epoch 3/10, Batch 2160/4933, Loss: 0.0882
2025-03-11 16:46:31,387 - INFO - Epoch 3/10, Batch 2200/4933, Loss: 0.0913
2025-03-11 16:46:32,371 - INFO - Epoch 3/10, Batch 2240/4933, Loss: 0.0764
2025-03-11 16:46:33,366 - INFO - Epoch 3/10, Batch 2280/4933, Loss: 0.0844
2025-03-11 16:46:34,388 - INFO - Epoch 3/10, Batch 2320/4933, Loss: 0.0991
2025-03-11 16:46:35,402 - INFO - Epoch 3/10, Batch 2360/4933, Loss: 0.1178
2025-03-11 16:46:36,387 - INFO - Epoch 3/10, Batch 2400/4933, Loss: 0.0771
2025-03-11 16:46:37,380 - INFO - Epoch 3/10, Batch 2440/4933, Loss: 0.0828
2025-03-11 16:46:38,400 - INFO - Epoch 3/10, Batch 2480/4933, Loss: 0.1145
2025-03-11 16:46:40,627 - INFO - Epoch 3/10, Batch 2520/4933, Loss: 0.0841
2025-03-11 16:46:43,226 - INFO - Epoch 3/10, Batch 2560/4933, Loss: 0.0922
2025-03-11 16:46:45,346 - INFO - Epoch 3/10, Batch 2600/4933, Loss: 0.0962
2025-03-11 16:46:47,300 - INFO - Epoch 3/10, Batch 2640/4933, Loss: 0.0885
2025-03-11 16:46:49,232 - INFO - Epoch 3/10, Batch 2680/4933, Loss: 0.0975
2025-03-11 16:46:51,404 - INFO - Epoch 3/10, Batch 2720/4933, Loss: 0.1002
2025-03-11 16:46:53,548 - INFO - Epoch 3/10, Batch 2760/4933, Loss: 0.0768
2025-03-11 16:46:55,606 - INFO - Epoch 3/10, Batch 2800/4933, Loss: 0.0852
2025-03-11 16:46:57,081 - INFO - Epoch 3/10, Batch 2840/4933, Loss: 0.0941
2025-03-11 16:46:58,937 - INFO - Epoch 3/10, Batch 2880/4933, Loss: 0.0976
2025-03-11 16:47:01,038 - INFO - Epoch 3/10, Batch 2920/4933, Loss: 0.0903
2025-03-11 16:47:03,439 - INFO - Epoch 3/10, Batch 2960/4933, Loss: 0.0848
2025-03-11 16:47:05,339 - INFO - Epoch 3/10, Batch 3000/4933, Loss: 0.0941
2025-03-11 16:47:06,780 - INFO - Epoch 3/10, Batch 3040/4933, Loss: 0.0932
2025-03-11 16:47:08,433 - INFO - Epoch 3/10, Batch 3080/4933, Loss: 0.0901
2025-03-11 16:47:09,947 - INFO - Epoch 3/10, Batch 3120/4933, Loss: 0.0873
2025-03-11 16:47:11,608 - INFO - Epoch 3/10, Batch 3160/4933, Loss: 0.0872
2025-03-11 16:47:13,106 - INFO - Epoch 3/10, Batch 3200/4933, Loss: 0.0861
2025-03-11 16:47:14,486 - INFO - Epoch 3/10, Batch 3240/4933, Loss: 0.0953
2025-03-11 16:47:16,089 - INFO - Epoch 3/10, Batch 3280/4933, Loss: 0.0879
2025-03-11 16:47:17,516 - INFO - Epoch 3/10, Batch 3320/4933, Loss: 0.0894
2025-03-11 16:47:18,914 - INFO - Epoch 3/10, Batch 3360/4933, Loss: 0.0886
2025-03-11 16:47:20,187 - INFO - Epoch 3/10, Batch 3400/4933, Loss: 0.0873
2025-03-11 16:47:21,513 - INFO - Epoch 3/10, Batch 3440/4933, Loss: 0.0839
2025-03-11 16:47:22,852 - INFO - Epoch 3/10, Batch 3480/4933, Loss: 0.0719
2025-03-11 16:47:24,199 - INFO - Epoch 3/10, Batch 3520/4933, Loss: 0.0985
2025-03-11 16:47:25,548 - INFO - Epoch 3/10, Batch 3560/4933, Loss: 0.1062
2025-03-11 16:47:26,877 - INFO - Epoch 3/10, Batch 3600/4933, Loss: 0.1000
2025-03-11 16:47:28,287 - INFO - Epoch 3/10, Batch 3640/4933, Loss: 0.0984
2025-03-11 16:47:29,736 - INFO - Epoch 3/10, Batch 3680/4933, Loss: 0.1043
2025-03-11 16:47:31,047 - INFO - Epoch 3/10, Batch 3720/4933, Loss: 0.0750
2025-03-11 16:47:32,343 - INFO - Epoch 3/10, Batch 3760/4933, Loss: 0.0899
2025-03-11 16:47:33,821 - INFO - Epoch 3/10, Batch 3800/4933, Loss: 0.0975
2025-03-11 16:47:35,332 - INFO - Epoch 3/10, Batch 3840/4933, Loss: 0.1033
2025-03-11 16:47:37,011 - INFO - Epoch 3/10, Batch 3880/4933, Loss: 0.0739
2025-03-11 16:47:38,679 - INFO - Epoch 3/10, Batch 3920/4933, Loss: 0.0765
2025-03-11 16:47:40,322 - INFO - Epoch 3/10, Batch 3960/4933, Loss: 0.0944
2025-03-11 16:47:41,946 - INFO - Epoch 3/10, Batch 4000/4933, Loss: 0.0965
2025-03-11 16:47:43,646 - INFO - Epoch 3/10, Batch 4040/4933, Loss: 0.0712
2025-03-11 16:47:45,175 - INFO - Epoch 3/10, Batch 4080/4933, Loss: 0.0757
2025-03-11 16:47:46,689 - INFO - Epoch 3/10, Batch 4120/4933, Loss: 0.0821
2025-03-11 16:47:48,078 - INFO - Epoch 3/10, Batch 4160/4933, Loss: 0.0938
2025-03-11 16:47:49,466 - INFO - Epoch 3/10, Batch 4200/4933, Loss: 0.0941
2025-03-11 16:47:50,905 - INFO - Epoch 3/10, Batch 4240/4933, Loss: 0.0988
2025-03-11 16:47:52,356 - INFO - Epoch 3/10, Batch 4280/4933, Loss: 0.0910
2025-03-11 16:47:53,711 - INFO - Epoch 3/10, Batch 4320/4933, Loss: 0.0830
2025-03-11 16:47:55,170 - INFO - Epoch 3/10, Batch 4360/4933, Loss: 0.1000
2025-03-11 16:47:56,618 - INFO - Epoch 3/10, Batch 4400/4933, Loss: 0.0890
2025-03-11 16:47:58,072 - INFO - Epoch 3/10, Batch 4440/4933, Loss: 0.0853
2025-03-11 16:47:59,539 - INFO - Epoch 3/10, Batch 4480/4933, Loss: 0.0829
2025-03-11 16:48:00,963 - INFO - Epoch 3/10, Batch 4520/4933, Loss: 0.0882
2025-03-11 16:48:02,451 - INFO - Epoch 3/10, Batch 4560/4933, Loss: 0.0826
2025-03-11 16:48:04,095 - INFO - Epoch 3/10, Batch 4600/4933, Loss: 0.1109
2025-03-11 16:48:05,668 - INFO - Epoch 3/10, Batch 4640/4933, Loss: 0.0874
2025-03-11 16:48:07,330 - INFO - Epoch 3/10, Batch 4680/4933, Loss: 0.0902
2025-03-11 16:48:09,077 - INFO - Epoch 3/10, Batch 4720/4933, Loss: 0.0854
2025-03-11 16:48:10,790 - INFO - Epoch 3/10, Batch 4760/4933, Loss: 0.0884
2025-03-11 16:48:12,463 - INFO - Epoch 3/10, Batch 4800/4933, Loss: 0.0677
2025-03-11 16:48:14,124 - INFO - Epoch 3/10, Batch 4840/4933, Loss: 0.0880
2025-03-11 16:48:15,707 - INFO - Epoch 3/10, Batch 4880/4933, Loss: 0.0846
2025-03-11 16:48:17,223 - INFO - Epoch 3/10, Batch 4920/4933, Loss: 0.0928
2025-03-11 16:48:17,697 - INFO - Epoch 3/10, Train Loss: 0.0931
2025-03-11 16:48:17,698 - INFO - Epoch 3/10 Validation
2025-03-11 16:48:17,699 - INFO - Starting validation
2025-03-11 16:48:18,155 - INFO - Epoch 3/10, Batch 0/1368, Loss: 17.5643
2025-03-11 16:50:22,055 - INFO - Epoch 3/10, Batch 40/1368, Loss: 18.9201
