2025-04-09 17:14:01,840 - INFO - Log file: logs/2025-04-09_17-14-01/loggings.log
2025-04-09 17:14:01,840 - INFO - Starting CholecT50 experiment for Surgical Actions Prediction
2025-04-09 17:14:01,840 - INFO - Experiment configuration: {'max_videos': None, 'recognition': {'train': False, 'inference': True, 'best_model_path': 'best_model_epoch2_map0.5008.pt'}, 'pretrain_next_frame': {'train': False, 'inference': False, 'best_model_path': 'best_model_epoch1_valloss1.190734.pt'}, 'pretrain_reward_model': False, 'calculate_action_rewards': False, 'train_action_policy': False, 'run_tdmpc': False, 'analyze_results': False, 'run_evaluation': False}
2025-04-09 17:14:01,840 - INFO - Using device: cuda
2025-04-09 17:14:01,840 - INFO - Loading CholecT50 data...
2025-04-09 17:14:13,574 - INFO - Loading pre-trained model from best_model_epoch2_map0.5008.pt
2025-04-09 17:14:13,644 - INFO - Running inference and evaluation...
2025-04-09 17:14:13,893 - INFO - [TEST] Video VID02 | Batch 0/178
2025-04-09 17:14:14,052 - INFO - [TEST] Video VID02 | Batch 40/178
2025-04-09 17:14:14,208 - INFO - [TEST] Video VID02 | Batch 80/178
2025-04-09 17:14:14,362 - INFO - [TEST] Video VID02 | Batch 120/178
2025-04-09 17:14:14,518 - INFO - [TEST] Video VID02 | Batch 160/178
2025-04-09 17:14:14,654 - INFO - [TEST] Video VID02: Test mAP (sklearn) Action: 0.4723
2025-04-09 17:14:14,654 - INFO - [TEST] Video VID02: Test mAP (sklearn) Instrument: 0.9214
2025-04-09 17:14:14,820 - INFO - [TEST] Video VID06 | Batch 0/135
2025-04-09 17:14:14,971 - INFO - [TEST] Video VID06 | Batch 40/135
2025-04-09 17:14:15,120 - INFO - [TEST] Video VID06 | Batch 80/135
2025-04-09 17:14:15,273 - INFO - [TEST] Video VID06 | Batch 120/135
2025-04-09 17:14:15,395 - INFO - [TEST] Video VID06: Test mAP (sklearn) Action: 0.5409
2025-04-09 17:14:15,395 - INFO - [TEST] Video VID06: Test mAP (sklearn) Instrument: 0.9493
2025-04-09 17:14:15,556 - INFO - [TEST] Video VID111 | Batch 0/135
2025-04-09 17:14:15,704 - INFO - [TEST] Video VID111 | Batch 40/135
2025-04-09 17:14:15,859 - INFO - [TEST] Video VID111 | Batch 80/135
2025-04-09 17:14:16,011 - INFO - [TEST] Video VID111 | Batch 120/135
2025-04-09 17:14:16,137 - INFO - [TEST] Video VID111: Test mAP (sklearn) Action: 0.5217
2025-04-09 17:14:16,137 - INFO - [TEST] Video VID111: Test mAP (sklearn) Instrument: 0.9498
2025-04-09 17:14:16,300 - INFO - [TEST] Video VID14 | Batch 0/107
2025-04-09 17:14:16,448 - INFO - [TEST] Video VID14 | Batch 40/107
2025-04-09 17:14:16,596 - INFO - [TEST] Video VID14 | Batch 80/107
2025-04-09 17:14:16,761 - INFO - [TEST] Video VID14: Test mAP (sklearn) Action: 0.3740
2025-04-09 17:14:16,761 - INFO - [TEST] Video VID14: Test mAP (sklearn) Instrument: 0.8406
2025-04-09 17:14:16,928 - INFO - [TEST] Video VID23 | Batch 0/103
2025-04-09 17:14:17,068 - INFO - [TEST] Video VID23 | Batch 40/103
2025-04-09 17:14:17,217 - INFO - [TEST] Video VID23 | Batch 80/103
2025-04-09 17:14:17,365 - INFO - [TEST] Video VID23: Test mAP (sklearn) Action: 0.4474
2025-04-09 17:14:17,365 - INFO - [TEST] Video VID23: Test mAP (sklearn) Instrument: 0.8777
2025-04-09 17:14:17,538 - INFO - [TEST] Video VID25 | Batch 0/134
2025-04-09 17:14:17,680 - INFO - [TEST] Video VID25 | Batch 40/134
2025-04-09 17:14:17,827 - INFO - [TEST] Video VID25 | Batch 80/134
2025-04-09 17:14:17,979 - INFO - [TEST] Video VID25 | Batch 120/134
2025-04-09 17:14:18,091 - INFO - [TEST] Video VID25: Test mAP (sklearn) Action: 0.5763
2025-04-09 17:14:18,091 - INFO - [TEST] Video VID25: Test mAP (sklearn) Instrument: 0.9426
2025-04-09 17:14:18,262 - INFO - [TEST] Video VID50 | Batch 0/69
2025-04-09 17:14:18,406 - INFO - [TEST] Video VID50 | Batch 40/69
2025-04-09 17:14:18,567 - INFO - [TEST] Video VID50: Test mAP (sklearn) Action: 0.5496
2025-04-09 17:14:18,567 - INFO - [TEST] Video VID50: Test mAP (sklearn) Instrument: 0.9759
2025-04-09 17:14:18,768 - INFO - [TEST] Video VID51 | Batch 0/184
2025-04-09 17:14:18,934 - INFO - [TEST] Video VID51 | Batch 40/184
2025-04-09 17:14:19,088 - INFO - [TEST] Video VID51 | Batch 80/184
2025-04-09 17:14:19,243 - INFO - [TEST] Video VID51 | Batch 120/184
2025-04-09 17:14:19,403 - INFO - [TEST] Video VID51 | Batch 160/184
2025-04-09 17:14:19,567 - INFO - [TEST] Video VID51: Test mAP (sklearn) Action: 0.4941
2025-04-09 17:14:19,567 - INFO - [TEST] Video VID51: Test mAP (sklearn) Instrument: 0.9628
2025-04-09 17:14:19,740 - INFO - [TEST] Video VID66 | Batch 0/114
2025-04-09 17:14:19,882 - INFO - [TEST] Video VID66 | Batch 40/114
2025-04-09 17:14:20,032 - INFO - [TEST] Video VID66 | Batch 80/114
2025-04-09 17:14:20,227 - INFO - [TEST] Video VID66: Test mAP (sklearn) Action: 0.6118
2025-04-09 17:14:20,227 - INFO - [TEST] Video VID66: Test mAP (sklearn) Instrument: 0.9365
2025-04-09 17:14:20,399 - INFO - [TEST] Video VID79 | Batch 0/214
2025-04-09 17:14:20,544 - INFO - [TEST] Video VID79 | Batch 40/214
2025-04-09 17:14:20,691 - INFO - [TEST] Video VID79 | Batch 80/214
2025-04-09 17:14:20,846 - INFO - [TEST] Video VID79 | Batch 120/214
2025-04-09 17:14:21,007 - INFO - [TEST] Video VID79 | Batch 160/214
2025-04-09 17:14:21,175 - INFO - [TEST] Video VID79 | Batch 200/214
2025-04-09 17:14:21,305 - INFO - [TEST] Video VID79: Test mAP (sklearn) Action: 0.4196
2025-04-09 17:14:21,305 - INFO - [TEST] Video VID79: Test mAP (sklearn) Instrument: 0.9746
2025-04-09 17:14:23,940 - INFO - [TEST] Overall action mAP (sklearn): 0.5008
2025-04-09 17:14:23,940 - INFO - [TEST] Overall instrument mAP (sklearn): 0.9331
2025-04-09 17:14:23,940 - INFO - [TEST] Overall action mAP (ivt): 0.3772
2025-04-09 17:14:23,940 - INFO - [TEST] Overall instrument mAP (ivt): 0.9215
2025-04-09 17:14:23,940 - INFO - [TEST] Test mAP Action (sklearn): 0.5008
2025-04-09 17:14:23,940 - INFO - [TEST] Test mAP Instrument (sklearn): 0.9331
2025-04-09 17:14:23,940 - INFO - [TEST] Test mAP Action (ivt): 0.3772
2025-04-09 17:14:23,940 - INFO - [TEST] Test mAP Instrument (ivt): 0.9215
2025-04-09 17:14:23,941 - INFO - Results: {'sklearn_mAP_a': 0.5008, 'sklearn_mAP_i': 0.9331, 'ivt_mAP_a': 0.3772, 'ivt_mAP_i': 0.9215}
