2025-06-23 10:05:32,424 - INFO - SuRL_FixedRL_123924191720896 - Shared experiment log directory: results/2025-06-23_10-05-32/logs
2025-06-23 10:05:32,425 - INFO - SuRL_FixedRL_123924191720896 - 🎯 RL Experiment: 2025-06-23_10-05-32
2025-06-23 10:05:32,425 - INFO - SuRL_FixedRL_123924191720896 - 📁 Results dir: results/2025-06-23_10-05-32
2025-06-23 10:05:32,425 - INFO - SuRL_FixedRL_123924191720896 - 🚀 Starting Complete RL Comparison
2025-06-23 10:05:32,425 - INFO - SuRL_FixedRL_123924191720896 - ============================================================
2025-06-23 10:05:32,425 - INFO - SuRL_FixedRL_123924191720896 - 📂 Loading CholecT50 data...
2025-06-23 10:05:32,425 - INFO - SuRL_FixedRL_123924191720896 -    Training videos: 40
2025-06-23 10:05:32,425 - INFO - SuRL_FixedRL_123924191720896 -    Test videos: 10
2025-06-23 10:05:32,425 - INFO - SuRL_FixedRL_123924191720896 - Loading train data from /home/maxboels/datasets/CholecT50 with fold 2
2025-06-23 10:05:54,826 - INFO - SuRL_FixedRL_123924191720896 - ✅ Loaded metadata: /home/maxboels/datasets/CholecT50/embeddings_train_set/fold2/embeddings_f2_swin_bas_129.csv - Shape: (79166, 144)
2025-06-23 10:05:54,826 - INFO - SuRL_FixedRL_123924191720896 - [Train] Start processing metadata file /home/maxboels/datasets/CholecT50/embeddings_train_set/fold2/embeddings_f2_swin_bas_129.csv
2025-06-23 10:06:04,138 - INFO - SuRL_FixedRL_123924191720896 - [Train] Cleaned metadata file paths in /home/maxboels/datasets/CholecT50/embeddings_train_set/fold2/embeddings_f2_swin_bas_129.csv
2025-06-23 10:06:06,084 - INFO - SuRL_FixedRL_123924191720896 - [Train] Saved cleaned metadata to /home/maxboels/datasets/CholecT50/embeddings_train_set/fold2/embeddings_f2_swin_bas_129.csv
2025-06-23 10:06:13,455 - INFO - SuRL_FixedRL_123924191720896 - [Train] Rewards extraction skipped, using metadata file /home/maxboels/datasets/CholecT50/embeddings_train_set/fold2/embeddings_f2_swin_bas_129.csv
2025-06-23 10:06:13,459 - INFO - SuRL_FixedRL_123924191720896 - [Train] Found 40 videos in metadata file
2025-06-23 10:06:13,459 - INFO - SuRL_FixedRL_123924191720896 - [Train] Loading data for 40 videos
2025-06-23 10:06:20,362 - WARNING - SuRL_FixedRL_123924191720896 - Reward column risk_score_max not found for VID01
2025-06-23 10:06:20,362 - WARNING - SuRL_FixedRL_123924191720896 - Reward column phase_completion_reward not found for VID01
2025-06-23 10:06:20,362 - WARNING - SuRL_FixedRL_123924191720896 - Reward column phase_initiation_reward not found for VID01
2025-06-23 10:06:20,363 - WARNING - SuRL_FixedRL_123924191720896 - Reward column phase_prog not found for VID01
2025-06-23 10:06:20,363 - WARNING - SuRL_FixedRL_123924191720896 - Reward column global_prog not found for VID01
2025-06-23 10:06:20,363 - WARNING - SuRL_FixedRL_123924191720896 - Reward column action_reward not found for VID01
2025-06-23 10:06:20,363 - WARNING - SuRL_FixedRL_123924191720896 - Outcome column glob_avg_risk not found for VID01
2025-06-23 10:06:20,363 - WARNING - SuRL_FixedRL_123924191720896 - Outcome column glob_critical_risk_events not found for VID01
2025-06-23 10:06:20,363 - WARNING - SuRL_FixedRL_123924191720896 - Outcome column glob_global_outcome_score not found for VID01
2025-06-23 10:06:20,376 - INFO - SuRL_FixedRL_123924191720896 - ✅ Loaded video VID01: 1734 frames, 1024-dims embeddings
