2025-06-06 19:41:17,276 - INFO - SuRL_132419139039312 - Shared experiment log directory: results/2025-06-06_19-41-17/2025-06-06_19-41
2025-06-06 19:41:17,276 - INFO - SuRL_132419139039312 - 🎯 Experiment: 2025-06-06_19-41-17
2025-06-06 19:41:17,276 - INFO - SuRL_132419139039312 - 📁 Results dir: results/2025-06-06_19-41-17
2025-06-06 19:41:17,276 - INFO - SuRL_132419139039312 - 🚀 Starting Complete Separate Models Comparison
2025-06-06 19:41:17,276 - INFO - SuRL_132419139039312 - ============================================================
2025-06-06 19:41:17,276 - INFO - SuRL_132419139039312 - 📂 Loading CholecT50 data...
2025-06-06 19:41:17,276 - INFO - SuRL_132419139039312 - Loading train data from /home/maxboels/datasets/CholecT50 with fold 0
2025-06-06 19:41:17,676 - INFO - SuRL_132419139039312 - ✅ Loaded metadata: /home/maxboels/datasets/CholecT50/embeddings_train_set/fold0/embeddings_f0_swin_bas_129_phase_complet_phase_transit_prog_prob_action_risk_glob_outcome.csv - Shape: (78968, 156)
2025-06-06 19:41:17,676 - INFO - SuRL_132419139039312 - [Train] Start processing metadata file /home/maxboels/datasets/CholecT50/embeddings_train_set/fold0/embeddings_f0_swin_bas_129_phase_complet_phase_transit_prog_prob_action_risk_glob_outcome.csv
2025-06-06 19:41:17,676 - INFO - SuRL_132419139039312 - [Train] Rewards extraction skipped, using metadata file /home/maxboels/datasets/CholecT50/embeddings_train_set/fold0/embeddings_f0_swin_bas_129_phase_complet_phase_transit_prog_prob_action_risk_glob_outcome.csv
2025-06-06 19:41:17,678 - INFO - SuRL_132419139039312 - [Train] Found 2 videos in metadata file
2025-06-06 19:41:17,678 - INFO - SuRL_132419139039312 - [Train] Loading data for 2 videos
2025-06-06 19:41:17,748 - INFO - SuRL_132419139039312 - ✅ Loaded video VID01: 1734 frames, 1024D embeddings
2025-06-06 19:41:17,811 - INFO - SuRL_132419139039312 - ✅ Loaded video VID04: 1523 frames, 1024D embeddings
2025-06-06 19:41:17,811 - INFO - SuRL_132419139039312 - ✅ Successfully loaded 2 videos for train
2025-06-06 19:41:17,813 - INFO - SuRL_132419139039312 - Loading test data from /home/maxboels/datasets/CholecT50 with fold 0
2025-06-06 19:41:17,892 - INFO - SuRL_132419139039312 - ✅ Loaded metadata: /home/maxboels/datasets/CholecT50/embeddings_test_set/fold0/embeddings_f0_swin_bas_129_phase_complet_phase_transit_prog_prob_action_risk_glob_outcome.csv - Shape: (21895, 156)
2025-06-06 19:41:17,892 - INFO - SuRL_132419139039312 - [Test] Start processing metadata file /home/maxboels/datasets/CholecT50/embeddings_test_set/fold0/embeddings_f0_swin_bas_129_phase_complet_phase_transit_prog_prob_action_risk_glob_outcome.csv
2025-06-06 19:41:17,892 - INFO - SuRL_132419139039312 - [Test] Rewards extraction skipped, using metadata file /home/maxboels/datasets/CholecT50/embeddings_test_set/fold0/embeddings_f0_swin_bas_129_phase_complet_phase_transit_prog_prob_action_risk_glob_outcome.csv
2025-06-06 19:41:17,893 - INFO - SuRL_132419139039312 - [Test] Found 2 videos in metadata file
2025-06-06 19:41:17,893 - INFO - SuRL_132419139039312 - [Test] Loading data for 2 videos
2025-06-06 19:41:18,002 - INFO - SuRL_132419139039312 - ✅ Loaded video VID02: 2840 frames, 1024D embeddings
2025-06-06 19:41:18,201 - INFO - SuRL_132419139039312 - ✅ Loaded video VID06: 2154 frames, 1024D embeddings
2025-06-06 19:41:18,201 - INFO - SuRL_132419139039312 - ✅ Successfully loaded 2 videos for test
2025-06-06 19:41:18,202 - INFO - SuRL_132419139039312 - ✅ Data loaded successfully
2025-06-06 19:41:18,202 - INFO - SuRL_132419139039312 -    Training videos: 2
2025-06-06 19:41:18,202 - INFO - SuRL_132419139039312 -    Test videos: 2
2025-06-06 19:41:18,202 - INFO - SuRL_132419139039312 - 🎓 Running Method 1: Autoregressive IL
2025-06-06 19:41:18,202 - INFO - SuRL_132419139039312 - 🎓 Method 1: Autoregressive IL Training
2025-06-06 19:41:18,202 - INFO - SuRL_132419139039312 - ----------------------------------------
2025-06-06 19:41:18,890 - INFO - SuRL_132419139039312 - 🎓 Autoregressive IL Trainer initialized
2025-06-06 19:41:18,891 - INFO - SuRL_132419139039312 -    Device: cuda
2025-06-06 19:41:18,891 - INFO - SuRL_132419139039312 -    Epochs: 1
2025-06-06 19:41:18,891 - INFO - SuRL_132419139039312 -    Learning rate: 0.0001
2025-06-06 19:41:18,891 - INFO - SuRL_132419139039312 -    Focus: Causal frame generation → action prediction
2025-06-06 19:41:18,891 - INFO - SuRL_132419139039312 - 🎓 Starting Autoregressive IL Training...
2025-06-06 19:41:18,891 - INFO - SuRL_132419139039312 - 🎯 Goal: Learn causal frame generation → action prediction
2025-06-06 19:41:40,173 - INFO - SuRL_132419139039312 - ✅ New best model saved: results/2025-06-06_19-41-17/2025-06-06_19-41/checkpoints/autoregressive_il_best_epoch_1.pt
2025-06-06 19:41:40,173 - INFO - SuRL_132419139039312 - Epoch 1/1 | Train Loss: 0.6869 | Val Loss: 1.3324 | Action mAP: 0.6611 | Frame MSE: 0.4446
2025-06-06 19:41:40,277 - INFO - SuRL_132419139039312 - ✅ Autoregressive IL Training completed!
2025-06-06 19:41:40,277 - INFO - SuRL_132419139039312 - 📄 Best model: results/2025-06-06_19-41-17/2025-06-06_19-41/checkpoints/autoregressive_il_best_epoch_1.pt
2025-06-06 19:41:40,277 - INFO - SuRL_132419139039312 - 📄 Final model: results/2025-06-06_19-41-17/2025-06-06_19-41/checkpoints/autoregressive_il_final.pt
2025-06-06 19:41:40,277 - INFO - SuRL_132419139039312 - 📊 Evaluating Autoregressive IL Model...
2025-06-06 19:41:52,467 - INFO - SuRL_132419139039312 - 📊 Evaluating generation quality...
2025-06-06 19:41:56,036 - INFO - SuRL_132419139039312 - ✅ Evaluation completed
2025-06-06 19:41:56,037 - INFO - SuRL_132419139039312 - 📊 Action mAP: 0.6611
2025-06-06 19:41:56,037 - INFO - SuRL_132419139039312 - 📊 Frame MSE: 0.4446
2025-06-06 19:41:56,037 - INFO - SuRL_132419139039312 - 📊 Exact Match: 0.3278
2025-06-06 19:41:56,066 - INFO - SuRL_132419139039312 - 🌍 Running Method 2: Conditional World Model + RL
2025-06-06 19:41:56,066 - INFO - SuRL_132419139039312 - 🌍 Method 2: Conditional World Model + RL
2025-06-06 19:41:56,066 - INFO - SuRL_132419139039312 - ----------------------------------------
2025-06-06 19:41:57,296 - INFO - SuRL_132419139039312 - ✅ Stored test loaders for evaluation: ['VID02', 'VID06']
2025-06-06 19:41:57,298 - INFO - SuRL_132419139039312 - 🌍 World Model Trainer initialized
2025-06-06 19:41:57,298 - INFO - SuRL_132419139039312 -    Device: cuda
2025-06-06 19:41:57,298 - INFO - SuRL_132419139039312 -    Epochs: 1
2025-06-06 19:41:57,298 - INFO - SuRL_132419139039312 -    Learning rate: 0.0001
2025-06-06 19:41:57,298 - INFO - SuRL_132419139039312 -    Focus: Action-conditioned state-reward prediction
2025-06-06 19:41:57,298 - INFO - SuRL_132419139039312 - 🌍 Training world model...
2025-06-06 19:41:57,298 - INFO - SuRL_132419139039312 - 🌍 Starting World Model Training...
2025-06-06 19:41:57,298 - INFO - SuRL_132419139039312 - 🎯 Goal: Learn action-conditioned state-reward prediction
2025-06-06 19:42:09,427 - INFO - SuRL_132419139039312 - ✅ New best model saved: results/2025-06-06_19-41-17/2025-06-06_19-41/checkpoints/world_model_best_epoch_1.pt
2025-06-06 19:42:09,427 - INFO - SuRL_132419139039312 - Epoch 1/1 | Train Loss: 5.1476 | Val Loss: 2.7881 | State MSE: 0.4866 | Reward MSE: 0.3097
2025-06-06 19:42:09,537 - INFO - SuRL_132419139039312 - ✅ World Model Training completed!
2025-06-06 19:42:09,537 - INFO - SuRL_132419139039312 - 📄 Best model: results/2025-06-06_19-41-17/2025-06-06_19-41/checkpoints/world_model_best_epoch_1.pt
2025-06-06 19:42:09,537 - INFO - SuRL_132419139039312 - 📄 Final model: results/2025-06-06_19-41-17/2025-06-06_19-41/checkpoints/world_model_final.pt
2025-06-06 19:42:09,537 - INFO - SuRL_132419139039312 - 🌍 Evaluating world model...
2025-06-06 19:42:09,537 - INFO - SuRL_132419139039312 - 📊 Evaluating World Model...
2025-06-06 19:42:12,776 - INFO - SuRL_132419139039312 - ✅ Evaluation completed
2025-06-06 19:42:12,776 - INFO - SuRL_132419139039312 - 📊 State Loss: 0.4866
2025-06-06 19:42:12,776 - INFO - SuRL_132419139039312 - 📊 Reward Loss: 0.3097
2025-06-06 19:42:25,418 - INFO - SuRL_132419139039312 - 📹 Running Method 3: Direct Video RL
2025-06-06 19:42:25,418 - INFO - SuRL_132419139039312 - 📹 Method 3: Direct Video RL
2025-06-06 19:42:25,418 - INFO - SuRL_132419139039312 - ----------------------------------------
2025-06-06 19:42:27,949 - INFO - SuRL_132419139039312 - 📊 Running Comprehensive Evaluation
2025-06-06 19:42:27,950 - INFO - SuRL_132419139039312 - 🎯 FIXED INTEGRATED EVALUATION
2025-06-06 19:42:27,950 - INFO - SuRL_132419139039312 - ==================================================
2025-06-06 19:42:27,950 - INFO - SuRL_132419139039312 - 🔧 Fixed Issues:
2025-06-06 19:42:27,950 - INFO - SuRL_132419139039312 -    ✅ Eliminated ground truth future state leakage
2025-06-06 19:42:27,950 - INFO - SuRL_132419139039312 -    ✅ Proper world model usage for Method 2
2025-06-06 19:42:27,950 - INFO - SuRL_132419139039312 -    ✅ Fair single-step comparison as primary evaluation
2025-06-06 19:42:27,950 - INFO - SuRL_132419139039312 -    ✅ Method-specific planning analysis as secondary
2025-06-06 19:42:27,950 - INFO - SuRL_132419139039312 -    ✅ Respects each paradigm's training environment
2025-06-06 19:42:27,950 - INFO - SuRL_132419139039312 -    ✅ Fixed action shape mismatches in planning evaluation
2025-06-06 19:42:27,950 - INFO - SuRL_132419139039312 -    ✅ Fixed world model trainer test loader handling
2025-06-06 19:42:27,951 - INFO - SuRL_132419139039312 - 🔬 Corrected Evaluation Framework initialized
2025-06-06 19:42:27,951 - INFO - SuRL_132419139039312 - 📁 Results will be saved to: results/2025-06-06_19-41-17/corrected_integrated_evaluation
2025-06-06 19:42:28,444 - INFO - SuRL_132419139039312 - ✅ Loaded AutoregressiveIL model
2025-06-06 19:42:28,731 - INFO - SuRL_132419139039312 - ✅ Loaded ConditionalWorldModel (for planning analysis)
2025-06-06 19:42:28,742 - INFO - SuRL_132419139039312 - ✅ Loaded ppo RL policy (trained with world model)
2025-06-06 19:42:28,751 - INFO - SuRL_132419139039312 - ✅ Loaded a2c RL policy (trained with world model)
2025-06-06 19:42:28,761 - INFO - SuRL_132419139039312 - ✅ Loaded ppo RL policy (trained on direct video)
2025-06-06 19:42:28,770 - INFO - SuRL_132419139039312 - ✅ Loaded a2c RL policy (trained on direct video)
2025-06-06 19:42:28,771 - INFO - SuRL_132419139039312 - 📊 Loaded 5 models for comprehensive evaluation
2025-06-06 19:42:28,771 - INFO - SuRL_132419139039312 - 🎯 Evaluation approach:
2025-06-06 19:42:28,771 - INFO - SuRL_132419139039312 -    Primary: Single-step action prediction (fair comparison)
2025-06-06 19:42:28,771 - INFO - SuRL_132419139039312 -    Secondary: Multi-step planning analysis (paradigm-specific)
2025-06-06 19:42:28,771 - INFO - SuRL_132419139039312 - 📊 Loaded models for corrected evaluation:
2025-06-06 19:42:28,771 - INFO - SuRL_132419139039312 -    AutoregressiveIL: supervised_imitation_learning
2025-06-06 19:42:28,771 - INFO - SuRL_132419139039312 -    WorldModelRL_ppo: rl_with_world_model_simulation
2025-06-06 19:42:28,771 - INFO - SuRL_132419139039312 -    WorldModelRL_a2c: rl_with_world_model_simulation
2025-06-06 19:42:28,771 - INFO - SuRL_132419139039312 -    DirectVideoRL_ppo: rl_with_direct_video_episodes
2025-06-06 19:42:28,771 - INFO - SuRL_132419139039312 -    DirectVideoRL_a2c: rl_with_direct_video_episodes
2025-06-06 19:42:28,771 - INFO - SuRL_132419139039312 - 🚀 Running corrected evaluation on 2 videos...
2025-06-06 19:42:28,771 - INFO - SuRL_132419139039312 - 🚀 Starting comprehensive fair evaluation
2025-06-06 19:42:28,771 - INFO - SuRL_132419139039312 - 📊 Models: 5, Videos: 2
2025-06-06 19:42:28,771 - INFO - SuRL_132419139039312 - 🎯 Two-tier evaluation approach:
2025-06-06 19:42:28,771 - INFO - SuRL_132419139039312 -    1️⃣ Primary: Single-step action prediction (fair)
2025-06-06 19:42:28,771 - INFO - SuRL_132419139039312 -    2️⃣ Secondary: Planning capability analysis (paradigm-specific)
2025-06-06 19:42:28,771 - INFO - SuRL_132419139039312 - 📹 Evaluating video: VID02
2025-06-06 19:42:29,590 - INFO - SuRL_132419139039312 - 📹 Comprehensive evaluation: VID02 (2839 frames)
2025-06-06 19:42:29,591 - INFO - SuRL_132419139039312 - 🎯 PRIMARY: Single-step action prediction (fair comparison)
2025-06-06 19:42:29,591 - INFO - SuRL_132419139039312 -   🤖 AutoregressiveIL: Single-step action prediction
2025-06-06 19:42:35,776 - INFO - SuRL_132419139039312 -     📊 Single-step mAP: 0.7168
2025-06-06 19:42:35,776 - INFO - SuRL_132419139039312 -   🤖 WorldModelRL_ppo: Single-step action prediction
2025-06-06 19:42:36,630 - INFO - SuRL_132419139039312 -     📊 Single-step mAP: 0.6799
2025-06-06 19:42:36,630 - INFO - SuRL_132419139039312 -   🤖 WorldModelRL_a2c: Single-step action prediction
2025-06-06 19:42:37,466 - INFO - SuRL_132419139039312 -     📊 Single-step mAP: 0.6805
2025-06-06 19:42:37,466 - INFO - SuRL_132419139039312 -   🤖 DirectVideoRL_ppo: Single-step action prediction
2025-06-06 19:42:38,325 - INFO - SuRL_132419139039312 -     📊 Single-step mAP: 0.6836
2025-06-06 19:42:38,325 - INFO - SuRL_132419139039312 -   🤖 DirectVideoRL_a2c: Single-step action prediction
2025-06-06 19:42:39,176 - INFO - SuRL_132419139039312 -     📊 Single-step mAP: 0.6794
2025-06-06 19:42:39,176 - INFO - SuRL_132419139039312 - 🚀 SECONDARY: Planning capability analysis
2025-06-06 19:42:39,176 - INFO - SuRL_132419139039312 -   🧠 AutoregressiveIL: Planning capability analysis
2025-06-06 19:42:39,395 - INFO - SuRL_132419139039312 -     📊 Planning stability: 0.9986
2025-06-06 19:42:39,395 - INFO - SuRL_132419139039312 -   🧠 WorldModelRL_ppo: Planning capability analysis
2025-06-06 19:42:39,641 - INFO - SuRL_132419139039312 -     📊 Planning stability: 0.9999
2025-06-06 19:42:39,641 - INFO - SuRL_132419139039312 -   🧠 WorldModelRL_a2c: Planning capability analysis
2025-06-06 19:42:39,884 - INFO - SuRL_132419139039312 -     📊 Planning stability: 1.0000
2025-06-06 19:42:39,884 - INFO - SuRL_132419139039312 -   🧠 DirectVideoRL_ppo: Planning capability analysis
2025-06-06 19:42:39,912 - INFO - SuRL_132419139039312 -     📊 Planning stability: 1.0000
2025-06-06 19:42:39,912 - INFO - SuRL_132419139039312 -   🧠 DirectVideoRL_a2c: Planning capability analysis
2025-06-06 19:42:39,939 - INFO - SuRL_132419139039312 -     📊 Planning stability: 1.0000
2025-06-06 19:42:39,939 - INFO - SuRL_132419139039312 -   AutoregressiveIL: Single-step mAP = 0.7168
2025-06-06 19:42:39,939 - INFO - SuRL_132419139039312 -   WorldModelRL_ppo: Single-step mAP = 0.6799
2025-06-06 19:42:39,939 - INFO - SuRL_132419139039312 -   WorldModelRL_a2c: Single-step mAP = 0.6805
2025-06-06 19:42:39,939 - INFO - SuRL_132419139039312 -   DirectVideoRL_ppo: Single-step mAP = 0.6836
2025-06-06 19:42:39,939 - INFO - SuRL_132419139039312 -   DirectVideoRL_a2c: Single-step mAP = 0.6794
2025-06-06 19:42:39,939 - INFO - SuRL_132419139039312 - 📹 Evaluating video: VID06
2025-06-06 19:42:40,520 - INFO - SuRL_132419139039312 - 📹 Comprehensive evaluation: VID06 (2153 frames)
2025-06-06 19:42:40,520 - INFO - SuRL_132419139039312 - 🎯 PRIMARY: Single-step action prediction (fair comparison)
2025-06-06 19:42:40,520 - INFO - SuRL_132419139039312 -   🤖 AutoregressiveIL: Single-step action prediction
2025-06-06 19:42:45,169 - INFO - SuRL_132419139039312 -     📊 Single-step mAP: 0.7568
2025-06-06 19:42:45,169 - INFO - SuRL_132419139039312 -   🤖 WorldModelRL_ppo: Single-step action prediction
2025-06-06 19:42:45,801 - INFO - SuRL_132419139039312 -     📊 Single-step mAP: 0.7239
2025-06-06 19:42:45,801 - INFO - SuRL_132419139039312 -   🤖 WorldModelRL_a2c: Single-step action prediction
2025-06-06 19:42:46,438 - INFO - SuRL_132419139039312 -     📊 Single-step mAP: 0.7220
2025-06-06 19:42:46,438 - INFO - SuRL_132419139039312 -   🤖 DirectVideoRL_ppo: Single-step action prediction
2025-06-06 19:42:47,076 - INFO - SuRL_132419139039312 -     📊 Single-step mAP: 0.7255
2025-06-06 19:42:47,076 - INFO - SuRL_132419139039312 -   🤖 DirectVideoRL_a2c: Single-step action prediction
2025-06-06 19:42:47,725 - INFO - SuRL_132419139039312 -     📊 Single-step mAP: 0.7257
2025-06-06 19:42:47,725 - INFO - SuRL_132419139039312 - 🚀 SECONDARY: Planning capability analysis
2025-06-06 19:42:47,725 - INFO - SuRL_132419139039312 -   🧠 AutoregressiveIL: Planning capability analysis
2025-06-06 19:42:47,951 - INFO - SuRL_132419139039312 -     📊 Planning stability: 0.9977
2025-06-06 19:42:47,951 - INFO - SuRL_132419139039312 -   🧠 WorldModelRL_ppo: Planning capability analysis
2025-06-06 19:42:48,207 - INFO - SuRL_132419139039312 -     📊 Planning stability: 0.9999
2025-06-06 19:42:48,207 - INFO - SuRL_132419139039312 -   🧠 WorldModelRL_a2c: Planning capability analysis
2025-06-06 19:42:48,453 - INFO - SuRL_132419139039312 -     📊 Planning stability: 1.0000
2025-06-06 19:42:48,454 - INFO - SuRL_132419139039312 -   🧠 DirectVideoRL_ppo: Planning capability analysis
2025-06-06 19:42:48,489 - INFO - SuRL_132419139039312 -     📊 Planning stability: 1.0000
2025-06-06 19:42:48,489 - INFO - SuRL_132419139039312 -   🧠 DirectVideoRL_a2c: Planning capability analysis
2025-06-06 19:42:48,524 - INFO - SuRL_132419139039312 -     📊 Planning stability: 1.0000
2025-06-06 19:42:48,524 - INFO - SuRL_132419139039312 -   AutoregressiveIL: Single-step mAP = 0.7568
2025-06-06 19:42:48,524 - INFO - SuRL_132419139039312 -   WorldModelRL_ppo: Single-step mAP = 0.7239
2025-06-06 19:42:48,524 - INFO - SuRL_132419139039312 -   WorldModelRL_a2c: Single-step mAP = 0.7220
2025-06-06 19:42:48,524 - INFO - SuRL_132419139039312 -   DirectVideoRL_ppo: Single-step mAP = 0.7255
2025-06-06 19:42:48,524 - INFO - SuRL_132419139039312 -   DirectVideoRL_a2c: Single-step mAP = 0.7257
2025-06-06 19:42:48,524 - INFO - SuRL_132419139039312 - 📊 Computing aggregate results...
2025-06-06 19:42:48,525 - INFO - SuRL_132419139039312 - 📈 Performing statistical tests...
2025-06-06 19:42:48,533 - INFO - SuRL_132419139039312 - 
2025-06-06 19:42:48,533 - INFO - SuRL_132419139039312 - 🎉 COMPREHENSIVE EVALUATION COMPLETED!
2025-06-06 19:42:48,533 - INFO - SuRL_132419139039312 - ============================================================
2025-06-06 19:42:48,533 - INFO - SuRL_132419139039312 - 🎯 PRIMARY RESULTS: Single-step Action Prediction (Fair Comparison)
2025-06-06 19:42:48,533 - INFO - SuRL_132419139039312 -    Supervised IL: 0.7368 ± 0.0200 mAP
2025-06-06 19:42:48,533 - INFO - SuRL_132419139039312 -    RL + Direct Video (PPO): 0.7045 ± 0.0209 mAP
2025-06-06 19:42:48,533 - INFO - SuRL_132419139039312 -    RL + Direct Video (A2C): 0.7026 ± 0.0231 mAP
2025-06-06 19:42:48,533 - INFO - SuRL_132419139039312 -    RL + World Model (PPO): 0.7019 ± 0.0220 mAP
2025-06-06 19:42:48,533 - INFO - SuRL_132419139039312 -    RL + World Model (A2C): 0.7012 ± 0.0208 mAP
2025-06-06 19:42:48,533 - INFO - SuRL_132419139039312 - 
2025-06-06 19:42:48,533 - INFO - SuRL_132419139039312 - 🚀 SECONDARY RESULTS: Planning Capability Analysis
2025-06-06 19:42:48,533 - INFO - SuRL_132419139039312 -    RL + Direct Video (PPO): 1.0000 stability (rl_with_direct_video_episodes)
2025-06-06 19:42:48,533 - INFO - SuRL_132419139039312 -    RL + Direct Video (A2C): 1.0000 stability (rl_with_direct_video_episodes)
2025-06-06 19:42:48,534 - INFO - SuRL_132419139039312 -    RL + World Model (A2C): 1.0000 stability (rl_with_world_model_simulation)
2025-06-06 19:42:48,534 - INFO - SuRL_132419139039312 -    RL + World Model (PPO): 0.9999 stability (rl_with_world_model_simulation)
2025-06-06 19:42:48,534 - INFO - SuRL_132419139039312 -    Supervised IL: 0.9981 stability (supervised_imitation_learning)
2025-06-06 19:42:48,534 - INFO - SuRL_132419139039312 - 
2025-06-06 19:42:48,534 - INFO - SuRL_132419139039312 - 🔍 KEY INSIGHTS:
2025-06-06 19:42:48,534 - INFO - SuRL_132419139039312 -    ✅ Fair single-step comparison shows paradigm performance
2025-06-06 19:42:48,534 - INFO - SuRL_132419139039312 -    ✅ Planning analysis reveals paradigm-specific strengths
2025-06-06 19:42:48,534 - INFO - SuRL_132419139039312 -    ✅ No ground truth leakage or environment mismatches
2025-06-06 19:42:48,534 - INFO - SuRL_132419139039312 -    ✅ Each method evaluated according to its training paradigm
2025-06-06 19:42:48,534 - INFO - SuRL_132419139039312 - 
2025-06-06 19:42:48,534 - INFO - SuRL_132419139039312 - ⚖️ EVALUATION FAIRNESS:
2025-06-06 19:42:48,534 - INFO - SuRL_132419139039312 -    Primary task: single_step_action_prediction
2025-06-06 19:42:48,534 - INFO - SuRL_132419139039312 -    Primary purpose: fair_comparison_across_paradigms
2025-06-06 19:42:48,534 - INFO - SuRL_132419139039312 -    Secondary task: multi_step_planning_analysis
2025-06-06 19:42:48,534 - INFO - SuRL_132419139039312 -    Fairness approach: respects_training_paradigms
2025-06-06 19:42:48,534 - INFO - SuRL_132419139039312 - 💾 Saving corrected evaluation results...
2025-06-06 19:42:48,534 - INFO - SuRL_132419139039312 - 📊 Corrected evaluation results saved
2025-06-06 19:42:48,534 - INFO - SuRL_132419139039312 - 📁 Location: results/2025-06-06_19-41-17/corrected_integrated_evaluation
2025-06-06 19:42:48,534 - INFO - SuRL_132419139039312 - 🎉 FIXED EVALUATION COMPLETED!
2025-06-06 19:42:48,534 - INFO - SuRL_132419139039312 - ==================================================
2025-06-06 19:42:48,534 - INFO - SuRL_132419139039312 - 📊 Key Improvements:
2025-06-06 19:42:48,534 - INFO - SuRL_132419139039312 -   ✅ Fair primary comparison: Single-step action prediction
2025-06-06 19:42:48,534 - INFO - SuRL_132419139039312 -   ✅ Insightful secondary analysis: Planning capabilities
2025-06-06 19:42:48,534 - INFO - SuRL_132419139039312 -   ✅ No ground truth leakage or environment mismatches
2025-06-06 19:42:48,534 - INFO - SuRL_132419139039312 -   ✅ Each paradigm evaluated according to its strengths
2025-06-06 19:42:48,534 - INFO - SuRL_132419139039312 -   ✅ Fixed all technical issues (shapes, loaders, etc.)
2025-06-06 19:42:48,534 - INFO - SuRL_132419139039312 - 
2025-06-06 19:42:48,534 - INFO - SuRL_132419139039312 - 📄 Results Structure:
2025-06-06 19:42:48,534 - INFO - SuRL_132419139039312 -   • Primary: single_step_evaluation (fair comparison)
2025-06-06 19:42:48,534 - INFO - SuRL_132419139039312 -   • Secondary: planning_evaluation (paradigm analysis)
2025-06-06 19:42:48,534 - INFO - SuRL_132419139039312 -   • Aggregate: combined statistical analysis
2025-06-06 19:42:48,534 - INFO - SuRL_132419139039312 -   • Fairness: evaluation validity reporting
2025-06-06 19:42:48,536 - INFO - SuRL_132419139039312 - 🏆 Analyzing Results and Architectural Insights
2025-06-06 19:42:48,536 - INFO - SuRL_132419139039312 - 🏆 THREE-METHOD COMPARISON RESULTS
2025-06-06 19:42:48,536 - INFO - SuRL_132419139039312 - ============================================================
2025-06-06 19:42:48,536 - INFO - SuRL_132419139039312 - 🎓 Method 1 (Autoregressive IL):
2025-06-06 19:42:48,536 - INFO - SuRL_132419139039312 -    Status: ✅ Success
2025-06-06 19:42:48,536 - INFO - SuRL_132419139039312 -    Action mAP: 0.6611
2025-06-06 19:42:48,536 - INFO - SuRL_132419139039312 -    Exact Match: 0.3278
2025-06-06 19:42:48,536 - INFO - SuRL_132419139039312 -    Approach: Pure causal generation → actions
2025-06-06 19:42:48,536 - INFO - SuRL_132419139039312 - 🌍 Method 2 (Conditional World Model + RL):
2025-06-06 19:42:48,536 - INFO - SuRL_132419139039312 -    Status: ✅ Success
2025-06-06 19:42:48,536 - INFO - SuRL_132419139039312 -    World Model State Loss: 0.4866
2025-06-06 19:42:48,536 - INFO - SuRL_132419139039312 -    World Model Reward Loss: 0.3097
2025-06-06 19:42:48,536 - INFO - SuRL_132419139039312 -    RL Algorithms: ['ppo', 'a2c']
2025-06-06 19:42:48,536 - INFO - SuRL_132419139039312 -      ppo: -483.859 reward
2025-06-06 19:42:48,536 - INFO - SuRL_132419139039312 -      a2c: -485.000 reward
2025-06-06 19:42:48,536 - INFO - SuRL_132419139039312 -    Approach: Action-conditioned simulation + RL
2025-06-06 19:42:48,536 - INFO - SuRL_132419139039312 - 📹 Method 3 (Direct Video RL):
2025-06-06 19:42:48,536 - INFO - SuRL_132419139039312 -    Status: ✅ Success
2025-06-06 19:42:48,536 - INFO - SuRL_132419139039312 -    RL Algorithms: ['ppo', 'a2c']
2025-06-06 19:42:48,536 - INFO - SuRL_132419139039312 -      ppo: 78.515 reward
2025-06-06 19:42:48,536 - INFO - SuRL_132419139039312 -      a2c: 73.260 reward
2025-06-06 19:42:48,536 - INFO - SuRL_132419139039312 -    Approach: Model-free RL on real video frames
2025-06-06 19:42:48,536 - INFO - SuRL_132419139039312 - 
2025-06-06 19:42:48,536 - INFO - SuRL_132419139039312 - 🎯 Successful Methods: ['Method 1 (IL)', 'Method 2 (World Model RL)', 'Method 3 (Direct RL)']
2025-06-06 19:42:48,536 - INFO - SuRL_132419139039312 - 📊 Total Methods Tested: 3
2025-06-06 19:42:48,536 - INFO - SuRL_132419139039312 - ✅ Success Rate: 3/3
2025-06-06 19:42:48,536 - INFO - SuRL_132419139039312 - 
2025-06-06 19:42:48,536 - INFO - SuRL_132419139039312 - 🏗️ ARCHITECTURAL INSIGHTS
2025-06-06 19:42:48,536 - INFO - SuRL_132419139039312 - ==================================================
2025-06-06 19:42:48,536 - INFO - SuRL_132419139039312 - 🎓 Method 1 (Autoregressive IL):
2025-06-06 19:42:48,536 - INFO - SuRL_132419139039312 -    • Pure causal modeling without action conditioning
2025-06-06 19:42:48,536 - INFO - SuRL_132419139039312 -    • Actions emerge from learned frame representations
2025-06-06 19:42:48,536 - INFO - SuRL_132419139039312 -    • Good for capturing temporal patterns in demonstrations
2025-06-06 19:42:48,536 - INFO - SuRL_132419139039312 -    • Limited exploration beyond expert behavior
2025-06-06 19:42:48,536 - INFO - SuRL_132419139039312 - 🌍 Method 2 (Conditional World Model):
2025-06-06 19:42:48,536 - INFO - SuRL_132419139039312 -    • Explicit action conditioning enables true simulation
2025-06-06 19:42:48,536 - INFO - SuRL_132419139039312 -    • Can explore beyond expert demonstrations
2025-06-06 19:42:48,536 - INFO - SuRL_132419139039312 -    • Learns forward dynamics: state + action → next_state
2025-06-06 19:42:48,536 - INFO - SuRL_132419139039312 -    • Enables model-based RL and planning
2025-06-06 19:42:48,536 - INFO - SuRL_132419139039312 - 📹 Method 3 (Direct Video RL):
2025-06-06 19:42:48,536 - INFO - SuRL_132419139039312 -    • Model-free approach using real video frames
2025-06-06 19:42:48,536 - INFO - SuRL_132419139039312 -    • No simulation, limited to existing video sequences
2025-06-06 19:42:48,536 - INFO - SuRL_132419139039312 -    • Direct policy optimization on offline data
2025-06-06 19:42:48,536 - INFO - SuRL_132419139039312 -    • Baseline for comparison with model-based approaches
2025-06-06 19:42:48,536 - INFO - SuRL_132419139039312 - 
2025-06-06 19:42:48,536 - INFO - SuRL_132419139039312 - 🔬 RESEARCH IMPLICATIONS:
2025-06-06 19:42:48,536 - INFO - SuRL_132419139039312 -    Autoregressive IL:
2025-06-06 19:42:48,536 - INFO - SuRL_132419139039312 -      • Simple training objective (supervised learning)
2025-06-06 19:42:48,536 - INFO - SuRL_132419139039312 -      • Leverages pre-trained language model knowledge
2025-06-06 19:42:48,536 - INFO - SuRL_132419139039312 -      • Good for dense action sequence modeling
2025-06-06 19:42:48,536 - INFO - SuRL_132419139039312 -      • Interpretable causal generation process
2025-06-06 19:42:48,536 - INFO - SuRL_132419139039312 -    Conditional World Model:
2025-06-06 19:42:48,536 - INFO - SuRL_132419139039312 -      • Enables true counterfactual simulation
2025-06-06 19:42:48,536 - INFO - SuRL_132419139039312 -      • Can explore beyond expert demonstrations
2025-06-06 19:42:48,536 - INFO - SuRL_132419139039312 -      • Supports model-based planning and control
2025-06-06 19:42:48,536 - INFO - SuRL_132419139039312 -      • Explicit action conditioning for controllability
2025-06-06 19:42:48,536 - INFO - SuRL_132419139039312 -    Direct Video RL:
2025-06-06 19:42:48,536 - INFO - SuRL_132419139039312 -      • No model bias or simulation errors
2025-06-06 19:42:48,536 - INFO - SuRL_132419139039312 -      • Direct optimization on real data
2025-06-06 19:42:48,536 - INFO - SuRL_132419139039312 -      • Simple implementation and debugging
2025-06-06 19:42:48,536 - INFO - SuRL_132419139039312 -      • Good baseline for model-based comparisons
2025-06-06 19:42:50,949 - INFO - SuRL_132419139039312 - 📄 Generating publication-ready conference paper...
2025-06-06 19:42:50,949 - WARNING - SuRL_132419139039312 - ⚠️ Paper generation failed: name 'EnhancedResearchPaperGenerator' is not defined
2025-06-06 19:42:50,949 - INFO - SuRL_132419139039312 - 💾 All results saved to: results/2025-06-06_19-41-17
2025-06-06 19:42:50,949 - INFO - SuRL_132419139039312 - 📄 Complete results: results/2025-06-06_19-41-17/complete_results.json
2025-06-06 19:42:50,949 - INFO - SuRL_132419139039312 - 📄 Summary: results/2025-06-06_19-41-17/experiment_summary.json
