2025-06-03 12:29:45,576 - INFO - Log file: logs/2025-06-03_12-29-45/fixed_il_vs_rl_comparison.log
2025-06-03 12:29:45,577 - INFO - 🚀 Starting FIXED IL vs RL Comparison Experiment
2025-06-03 12:29:45,577 - INFO - Device: cuda
2025-06-03 12:29:45,577 - INFO - Action Space: Continuous Box(0,1,(100,)) with binary thresholding
2025-06-03 12:29:45,577 - INFO - Results will be saved to: logs/2025-06-03_12-29-45/comparison_results
2025-06-03 12:29:45,577 - INFO - 📊 Loading dataset...
2025-06-03 12:29:45,577 - INFO - Loading train data from /home/maxboels/datasets/CholecT50 with fold 0
2025-06-03 12:29:45,973 - INFO - [Train] Start processing metadata file /home/maxboels/datasets/CholecT50/embeddings_train_set/fold0/embeddings_f0_swin_bas_129_phase_complet_phase_transit_prog_prob_action_risk_glob_outcome.csv
2025-06-03 12:29:45,973 - INFO - [Train] Rewards extraction skipped, using metadata file /home/maxboels/datasets/CholecT50/embeddings_train_set/fold0/embeddings_f0_swin_bas_129_phase_complet_phase_transit_prog_prob_action_risk_glob_outcome.csv
2025-06-03 12:29:45,975 - INFO - [Train] Found 2 videos in metadata file
2025-06-03 12:29:45,975 - INFO - [Train] Loading data for 2 videos
2025-06-03 12:29:46,101 - INFO - Loading test data from /home/maxboels/datasets/CholecT50 with fold 0
2025-06-03 12:29:46,174 - INFO - [Test] Start processing metadata file /home/maxboels/datasets/CholecT50/embeddings_test_set/fold0/embeddings_f0_swin_bas_129_phase_complet_phase_transit_prog_prob_action_risk_glob_outcome.csv
2025-06-03 12:29:46,174 - INFO - [Test] Rewards extraction skipped, using metadata file /home/maxboels/datasets/CholecT50/embeddings_test_set/fold0/embeddings_f0_swin_bas_129_phase_complet_phase_transit_prog_prob_action_risk_glob_outcome.csv
2025-06-03 12:29:46,175 - INFO - [Test] Found 1 videos in metadata file
2025-06-03 12:29:46,175 - INFO - [Test] Loading data for 1 videos
2025-06-03 12:29:46,278 - INFO - Loaded 2 training videos and 1 test videos
2025-06-03 12:29:46,278 - INFO - 🎓 Training Imitation Learning Model...
2025-06-03 12:29:46,279 - INFO - Training supervised imitation learning model
2025-06-03 12:29:47,962 - INFO - Model parameters: 48,924,145 total, 48,924,145 trainable
2025-06-03 12:29:47,964 - INFO - Starting supervised training for autoregressive action prediction
2025-06-03 12:29:48,355 - INFO - Batch 0/204 | Loss: 3.3123
2025-06-03 12:29:52,793 - INFO - Batch 100/204 | Loss: 0.5414
2025-06-03 12:29:57,197 - INFO - Batch 200/204 | Loss: 0.3646
2025-06-03 12:30:15,158 - ERROR - ❌ Comparison experiment failed: [Errno 2] No such file or directory
