2025-05-14 17:32:17,438 - INFO - Log file: logs/2025-05-14_17-32-17/loggings.log
2025-05-14 17:32:17,438 - INFO - Starting CholecT50 experiment for Surgical Actions Prediction
2025-05-14 17:32:17,438 - INFO - Experiment configuration: {'max_videos': 2, 'recognition': {'train': False, 'inference': False, 'best_model_path': './best_checkpoints/best_model_epoch2_map0.5008.pt'}, 'world_model': {'train': False, 'inference': True, 'best_model_path': 'logs/2025-05-08_14-14-22/checkpoints/world_model_best_epoch_2.pt'}, 'pretrain_reward_model': False, 'calculate_action_rewards': False, 'train_action_policy': False, 'run_tdmpc': False, 'analyze_results': False, 'run_evaluation': False}
2025-05-14 17:32:17,438 - INFO - Using device: cuda
2025-05-14 17:32:17,438 - INFO - Loading CholecT50 data...
2025-05-14 17:32:17,438 - INFO - Loading train data from /home/maxboels/datasets/CholecT50 with fold 0
2025-05-14 17:32:17,828 - INFO - [train] Start processing metadata file /home/maxboels/datasets/CholecT50/embeddings_train_set/fold0/embeddings_f0_swin_bas_129_phase_complet_phase_transit_prog_prob_action.csv
2025-05-14 17:32:22,656 - INFO - [train] Added risk scores to embeddings_f0_swin_bas_129_phase_complet_phase_transit_prog_prob_action_risk.csv
2025-05-14 17:32:25,538 - INFO - [train] Added global outcome scores to embeddings_f0_swin_bas_129_phase_complet_phase_transit_prog_prob_action_risk_glob_outcome.csv
2025-05-14 17:32:25,540 - INFO - [train] Found 2 videos in metadata file
2025-05-14 17:32:25,541 - INFO - [train] Loading data for 2 videos
2025-05-14 17:32:25,675 - INFO - Loading test data from /home/maxboels/datasets/CholecT50 with fold 0
2025-05-14 17:32:25,753 - INFO - [test] Start processing metadata file /home/maxboels/datasets/CholecT50/embeddings_test_set/fold0/embeddings_f0_swin_bas_129_phase_complet_phase_transit_prog_prob_action.csv
2025-05-14 17:32:26,742 - INFO - [test] Added risk scores to embeddings_f0_swin_bas_129_phase_complet_phase_transit_prog_prob_action_risk.csv
2025-05-14 17:32:27,142 - INFO - [test] Added global outcome scores to embeddings_f0_swin_bas_129_phase_complet_phase_transit_prog_prob_action_risk_glob_outcome.csv
2025-05-14 17:32:27,143 - INFO - [test] Found 2 videos in metadata file
2025-05-14 17:32:27,143 - INFO - [test] Loading data for 2 videos
2025-05-14 17:32:28,509 - INFO - 
[WORLD MODEL] Running inference...
2025-05-14 17:32:28,510 - INFO - [WORLD MODEL] Using best model from pre existing path: logs/2025-05-08_14-14-22/checkpoints/world_model_best_epoch_2.pt
2025-05-14 17:32:29,185 - INFO - Running evaluation in 'full' mode, saving to results/eval_full_20250514_173229
2025-05-14 17:32:29,185 - INFO - [EVAL] Evaluating world model on 2 test videos
2025-05-14 17:32:29,185 - INFO - [EVAL] Video IDs: ['VID02', 'VID06']
