2025-06-16 10:10:37,312 - INFO - SuRL_FixedRL_130012819207616 - Shared experiment log directory: results/fixed_rl_2025-06-16_10-10-37/logs
2025-06-16 10:10:37,313 - INFO - SuRL_FixedRL_130012819207616 - 🎯 FIXED RL Experiment: fixed_rl_2025-06-16_10-10-37
2025-06-16 10:10:37,313 - INFO - SuRL_FixedRL_130012819207616 - 📁 Results dir: results/fixed_rl_2025-06-16_10-10-37
2025-06-16 10:10:37,313 - INFO - SuRL_FixedRL_130012819207616 - 🚀 Starting Complete FIXED RL Comparison
2025-06-16 10:10:37,313 - INFO - SuRL_FixedRL_130012819207616 - ============================================================
2025-06-16 10:10:37,313 - INFO - SuRL_FixedRL_130012819207616 - 📂 Loading CholecT50 data...
2025-06-16 10:10:37,313 - INFO - SuRL_FixedRL_130012819207616 -    Training videos: 2
2025-06-16 10:10:37,313 - INFO - SuRL_FixedRL_130012819207616 -    Test videos: 2
2025-06-16 10:10:37,313 - INFO - SuRL_FixedRL_130012819207616 - Loading train data from /home/maxboels/datasets/CholecT50 with fold 0
2025-06-16 10:10:37,712 - INFO - SuRL_FixedRL_130012819207616 - ✅ Loaded metadata: /home/maxboels/datasets/CholecT50/embeddings_train_set/fold0/embeddings_f0_swin_bas_129_phase_complet_phase_transit_prog_prob_action_risk_glob_outcome.csv - Shape: (78968, 156)
2025-06-16 10:10:37,712 - INFO - SuRL_FixedRL_130012819207616 - [Train] Start processing metadata file /home/maxboels/datasets/CholecT50/embeddings_train_set/fold0/embeddings_f0_swin_bas_129_phase_complet_phase_transit_prog_prob_action_risk_glob_outcome.csv
2025-06-16 10:10:37,713 - INFO - SuRL_FixedRL_130012819207616 - [Train] Rewards extraction skipped, using metadata file /home/maxboels/datasets/CholecT50/embeddings_train_set/fold0/embeddings_f0_swin_bas_129_phase_complet_phase_transit_prog_prob_action_risk_glob_outcome.csv
2025-06-16 10:10:37,715 - INFO - SuRL_FixedRL_130012819207616 - [Train] Found 2 videos in metadata file
2025-06-16 10:10:37,715 - INFO - SuRL_FixedRL_130012819207616 - [Train] Loading data for 2 videos
2025-06-16 10:10:45,300 - INFO - SuRL_FixedRL_130012819207616 - ✅ Loaded video VID01: 1734 frames, 1024D embeddings
2025-06-16 10:10:52,551 - INFO - SuRL_FixedRL_130012819207616 - ✅ Loaded video VID04: 1523 frames, 1024D embeddings
2025-06-16 10:11:16,858 - INFO - SuRL_FixedRL_130012819207616 - ✅ Successfully loaded 2 videos for train
2025-06-16 10:11:16,859 - INFO - SuRL_FixedRL_130012819207616 - 📊 Analyzing reward values for 2 videos...
2025-06-16 10:11:16,859 - WARNING - SuRL_FixedRL_130012819207616 - ⚠️ Reward analysis failed: name 'original_split' is not defined
2025-06-16 10:11:16,859 - INFO - SuRL_FixedRL_130012819207616 - Loading test data from /home/maxboels/datasets/CholecT50 with fold 0
2025-06-16 10:11:16,953 - INFO - SuRL_FixedRL_130012819207616 - ✅ Loaded metadata: /home/maxboels/datasets/CholecT50/embeddings_test_set/fold0/embeddings_f0_swin_bas_129_phase_complet_phase_transit_prog_prob_action_risk_glob_outcome.csv - Shape: (21895, 156)
2025-06-16 10:11:16,953 - INFO - SuRL_FixedRL_130012819207616 - [Test] Start processing metadata file /home/maxboels/datasets/CholecT50/embeddings_test_set/fold0/embeddings_f0_swin_bas_129_phase_complet_phase_transit_prog_prob_action_risk_glob_outcome.csv
2025-06-16 10:11:16,953 - INFO - SuRL_FixedRL_130012819207616 - [Test] Rewards extraction skipped, using metadata file /home/maxboels/datasets/CholecT50/embeddings_test_set/fold0/embeddings_f0_swin_bas_129_phase_complet_phase_transit_prog_prob_action_risk_glob_outcome.csv
2025-06-16 10:11:16,954 - INFO - SuRL_FixedRL_130012819207616 - [Test] Found 2 videos in metadata file
2025-06-16 10:11:16,954 - INFO - SuRL_FixedRL_130012819207616 - [Test] Loading data for 2 videos
