2025-04-08 14:44:38,160 - INFO - Log file: logs/2025-04-08_14-44-38/loggings.log
2025-04-08 14:44:38,161 - INFO - Starting CholecT50 experiment for Surgical Actions Prediction
2025-04-08 14:44:38,161 - INFO - Experiment configuration: {'max_videos': 1, 'recognition': {'train': True, 'inference': True, 'best_model_path': 'best_model_epoch1_valloss1.190734.pt'}, 'pretrain_next_frame': {'train': False, 'inference': True, 'best_model_path': 'best_model_epoch1_valloss1.190734.pt'}, 'pretrain_reward_model': False, 'calculate_action_rewards': False, 'train_action_policy': False, 'run_tdmpc': False, 'analyze_results': False, 'run_evaluation': False}
2025-04-08 14:44:38,161 - INFO - Using device: cuda
2025-04-08 14:44:38,161 - INFO - Loading CholecT50 data...
2025-04-08 14:44:45,188 - INFO - Created Recognition Head model with:
2025-04-08 14:44:45,188 - INFO -   - Input dimension: 1024
2025-04-08 14:44:45,188 - INFO -   - Hidden dimension: 512
2025-04-08 14:44:45,188 - INFO -   - Action classes: 100
2025-04-08 14:44:45,188 - INFO -   - Instrument classes: 6
2025-04-08 14:44:45,189 - INFO - Starting model training...
2025-04-08 14:44:45,324 - INFO - Epoch 1/3, Batch 0/109, Loss: 1.3990
2025-04-08 14:44:45,448 - INFO - Epoch 1/3, Batch 40/109, Loss: 0.8142
2025-04-08 14:44:45,578 - INFO - Epoch 1/3, Batch 80/109, Loss: 0.3584
2025-04-08 14:44:45,669 - INFO - Epoch 1/3, Train Loss: 0.7322
2025-04-08 14:44:45,678 - INFO - Epoch 1/3, Batch 0/178, Validation Loss: 0.2076
2025-04-08 14:44:45,755 - INFO - Epoch 1/3, Batch 40/178, Validation Loss: 0.2668
2025-04-08 14:44:45,832 - INFO - Epoch 1/3, Batch 80/178, Validation Loss: 0.4742
2025-04-08 14:44:45,908 - INFO - Epoch 1/3, Batch 120/178, Validation Loss: 0.3453
2025-04-08 14:44:45,982 - INFO - Epoch 1/3, Batch 160/178, Validation Loss: 0.2056
2025-04-08 14:44:46,016 - INFO - Epoch 1/3, Validation Loss: 0.3623
2025-04-08 14:44:46,067 - INFO - Epoch 1/3, Validation mAP Action: 0.0432
2025-04-08 14:44:46,067 - INFO - Epoch 1/3, Validation mAP Instrument: 0.6416
2025-04-08 14:44:46,083 - INFO - Saved new best model with mAP: 0.0432
2025-04-08 14:44:46,088 - INFO - Epoch 2/3, Batch 0/109, Loss: 0.2696
2025-04-08 14:44:46,213 - INFO - Epoch 2/3, Batch 40/109, Loss: 0.1342
2025-04-08 14:44:46,336 - INFO - Epoch 2/3, Batch 80/109, Loss: 0.2646
2025-04-08 14:44:46,428 - INFO - Epoch 2/3, Train Loss: 0.1957
2025-04-08 14:44:46,438 - INFO - Epoch 2/3, Batch 0/178, Validation Loss: 0.0931
2025-04-08 14:44:46,515 - INFO - Epoch 2/3, Batch 40/178, Validation Loss: 0.1086
2025-04-08 14:44:46,591 - INFO - Epoch 2/3, Batch 80/178, Validation Loss: 0.3095
2025-04-08 14:44:46,670 - INFO - Epoch 2/3, Batch 120/178, Validation Loss: 0.3362
2025-04-08 14:44:46,747 - INFO - Epoch 2/3, Batch 160/178, Validation Loss: 0.1315
2025-04-08 14:44:46,781 - INFO - Epoch 2/3, Validation Loss: 0.2723
2025-04-08 14:44:46,831 - INFO - Epoch 2/3, Validation mAP Action: 0.0425
2025-04-08 14:44:46,832 - INFO - Epoch 2/3, Validation mAP Instrument: 0.6922
2025-04-08 14:44:46,837 - INFO - Epoch 3/3, Batch 0/109, Loss: 0.1977
2025-04-08 14:44:46,967 - INFO - Epoch 3/3, Batch 40/109, Loss: 0.2054
2025-04-08 14:44:47,098 - INFO - Epoch 3/3, Batch 80/109, Loss: 0.0574
2025-04-08 14:44:47,209 - INFO - Epoch 3/3, Train Loss: 0.1516
2025-04-08 14:44:47,221 - INFO - Epoch 3/3, Batch 0/178, Validation Loss: 0.0474
2025-04-08 14:44:47,309 - INFO - Epoch 3/3, Batch 40/178, Validation Loss: 0.0897
2025-04-08 14:44:47,384 - INFO - Epoch 3/3, Batch 80/178, Validation Loss: 0.2332
2025-04-08 14:44:47,460 - INFO - Epoch 3/3, Batch 120/178, Validation Loss: 0.3334
2025-04-08 14:44:47,537 - INFO - Epoch 3/3, Batch 160/178, Validation Loss: 0.1055
2025-04-08 14:44:47,571 - INFO - Epoch 3/3, Validation Loss: 0.2627
2025-04-08 14:44:47,619 - INFO - Epoch 3/3, Validation mAP Action: 0.0455
2025-04-08 14:44:47,619 - INFO - Epoch 3/3, Validation mAP Instrument: 0.7159
2025-04-08 14:44:47,634 - INFO - Saved new best model with mAP: 0.0455
2025-04-08 14:44:47,646 - INFO - Loaded best model with mAP: 0.0455
2025-04-08 14:44:47,650 - INFO - Saved trained model to saved_models/recognition_head_20250408_144447.pt
2025-04-08 14:44:47,650 - INFO - Running inference and evaluation...
