2025-05-13 19:30:12,195 - INFO - Log file: logs/2025-05-13_19-30-12/loggings.log
2025-05-13 19:30:12,196 - INFO - Starting CholecT50 experiment for Surgical Actions Prediction
2025-05-13 19:30:12,196 - INFO - Experiment configuration: {'max_videos': 5, 'recognition': {'train': False, 'inference': False, 'best_model_path': './best_checkpoints/best_model_epoch2_map0.5008.pt'}, 'world_model': {'train': False, 'inference': True, 'best_model_path': 'logs/2025-05-08_14-14-22/checkpoints/world_model_best_epoch_2.pt'}, 'pretrain_reward_model': False, 'calculate_action_rewards': False, 'train_action_policy': False, 'run_tdmpc': False, 'analyze_results': False, 'run_evaluation': False}
2025-05-13 19:30:12,196 - INFO - Using device: cuda
2025-05-13 19:30:12,196 - INFO - Loading CholecT50 data...
2025-05-13 19:30:12,196 - INFO - Loading train data from /home/maxboels/datasets/CholecT50 with fold 0
2025-05-13 19:30:12,574 - INFO - [train] Start processing metadata file /home/maxboels/datasets/CholecT50/embeddings_train_set/fold0/embeddings_f0_swin_bas_129_phase_complet_phase_transit_prog_prob_action.csv
2025-05-13 19:30:17,351 - INFO - [train] Added risk scores to embeddings_f0_swin_bas_129_phase_complet_phase_transit_prog_prob_action_risk.csv
2025-05-13 19:30:20,269 - INFO - [train] Added global outcome scores to embeddings_f0_swin_bas_129_phase_complet_phase_transit_prog_prob_action_risk_glob_outcome.csv
2025-05-13 19:30:20,271 - INFO - [train] Found 5 videos in metadata file
2025-05-13 19:30:20,271 - INFO - [train] Loading data for 5 videos
2025-05-13 19:30:20,631 - INFO - Loading test data from /home/maxboels/datasets/CholecT50 with fold 0
2025-05-13 19:30:20,717 - INFO - [test] Start processing metadata file /home/maxboels/datasets/CholecT50/embeddings_test_set/fold0/embeddings_f0_swin_bas_129_phase_complet_phase_transit_prog_prob_action.csv
2025-05-13 19:30:21,744 - INFO - [test] Added risk scores to embeddings_f0_swin_bas_129_phase_complet_phase_transit_prog_prob_action_risk.csv
2025-05-13 19:30:22,145 - INFO - [test] Added global outcome scores to embeddings_f0_swin_bas_129_phase_complet_phase_transit_prog_prob_action_risk_glob_outcome.csv
2025-05-13 19:30:22,146 - INFO - [test] Found 5 videos in metadata file
2025-05-13 19:30:22,146 - INFO - [test] Loading data for 5 videos
2025-05-13 19:30:25,009 - INFO - 
[WORLD MODEL] Running inference...
2025-05-13 19:30:25,009 - INFO - [WORLD MODEL] Using best model from pre existing path: logs/2025-05-08_14-14-22/checkpoints/world_model_best_epoch_2.pt
2025-05-13 19:30:25,686 - INFO - Generating 5 trajectories of length 20
