2025-06-17 21:10:21,408 - INFO - FixedBC_133529181355280 - Shared experiment log directory: fixed_behavioral_cloning_2025-06-17_21-10-21/logs
2025-06-17 21:10:21,409 - INFO - FixedBC_133529181355280 - 🎓 FIXED BEHAVIORAL CLONING WARM-START + SPARSE ACTION RL
2025-06-17 21:10:21,409 - INFO - FixedBC_133529181355280 - ============================================================
2025-06-17 21:10:21,409 - INFO - FixedBC_133529181355280 - Goal: Fix overfitting and optimize for sparse actions (0-3 out of 100)
2025-06-17 21:10:21,409 - INFO - FixedBC_133529181355280 - Key insight: Most predictions should be near zero for this domain!
2025-06-17 21:10:21,409 - INFO - FixedBC_133529181355280 - 📂 Loading data...
2025-06-17 21:10:21,409 - INFO - FixedBC_133529181355280 - Loading train data from /home/maxboels/datasets/CholecT50 with fold 0
2025-06-17 21:10:21,821 - INFO - FixedBC_133529181355280 - ✅ Loaded metadata: /home/maxboels/datasets/CholecT50/embeddings_train_set/fold0/embeddings_f0_swin_bas_129_phase_complet_phase_transit_prog_prob_action_risk_glob_outcome.csv - Shape: (78968, 156)
2025-06-17 21:10:21,821 - INFO - FixedBC_133529181355280 - [Train] Start processing metadata file /home/maxboels/datasets/CholecT50/embeddings_train_set/fold0/embeddings_f0_swin_bas_129_phase_complet_phase_transit_prog_prob_action_risk_glob_outcome.csv
2025-06-17 21:10:21,821 - INFO - FixedBC_133529181355280 - [Train] Rewards extraction skipped, using metadata file /home/maxboels/datasets/CholecT50/embeddings_train_set/fold0/embeddings_f0_swin_bas_129_phase_complet_phase_transit_prog_prob_action_risk_glob_outcome.csv
2025-06-17 21:10:21,823 - INFO - FixedBC_133529181355280 - [Train] Found 15 videos in metadata file
2025-06-17 21:10:21,823 - INFO - FixedBC_133529181355280 - [Train] Loading data for 15 videos
2025-06-17 21:10:22,102 - INFO - FixedBC_133529181355280 - ✅ Loaded video VID01: 1734 frames, 1024-dims embeddings
2025-06-17 21:10:22,168 - INFO - FixedBC_133529181355280 - ✅ Loaded video VID04: 1523 frames, 1024-dims embeddings
2025-06-17 21:10:22,270 - INFO - FixedBC_133529181355280 - ✅ Loaded video VID05: 2345 frames, 1024-dims embeddings
2025-06-17 21:10:22,336 - INFO - FixedBC_133529181355280 - ✅ Loaded video VID08: 1520 frames, 1024-dims embeddings
2025-06-17 21:10:22,411 - INFO - FixedBC_133529181355280 - ✅ Loaded video VID10: 1750 frames, 1024-dims embeddings
2025-06-17 21:10:22,505 - INFO - FixedBC_133529181355280 - ✅ Loaded video VID103: 2220 frames, 1024-dims embeddings
2025-06-17 21:10:22,597 - INFO - FixedBC_133529181355280 - ✅ Loaded video VID110: 2177 frames, 1024-dims embeddings
2025-06-17 21:10:22,645 - INFO - FixedBC_133529181355280 - ✅ Loaded video VID12: 1091 frames, 1024-dims embeddings
2025-06-17 21:10:22,689 - INFO - FixedBC_133529181355280 - ✅ Loaded video VID13: 982 frames, 1024-dims embeddings
2025-06-17 21:10:22,776 - INFO - FixedBC_133529181355280 - ✅ Loaded video VID15: 2059 frames, 1024-dims embeddings
2025-06-17 21:10:22,888 - INFO - FixedBC_133529181355280 - ✅ Loaded video VID18: 1943 frames, 1024-dims embeddings
2025-06-17 21:10:22,957 - INFO - FixedBC_133529181355280 - ✅ Loaded video VID22: 1533 frames, 1024-dims embeddings
2025-06-17 21:10:23,035 - INFO - FixedBC_133529181355280 - ✅ Loaded video VID26: 1774 frames, 1024-dims embeddings
2025-06-17 21:10:23,127 - INFO - FixedBC_133529181355280 - ✅ Loaded video VID27: 2085 frames, 1024-dims embeddings
2025-06-17 21:10:23,230 - INFO - FixedBC_133529181355280 - ✅ Loaded video VID29: 2351 frames, 1024-dims embeddings
2025-06-17 21:10:23,231 - INFO - FixedBC_133529181355280 - 📂 Loaded 15 videos from train split
2025-06-17 21:10:23,231 - INFO - FixedBC_133529181355280 - Loading test data from /home/maxboels/datasets/CholecT50 with fold 0
2025-06-17 21:10:23,332 - INFO - FixedBC_133529181355280 - ✅ Loaded metadata: /home/maxboels/datasets/CholecT50/embeddings_test_set/fold0/embeddings_f0_swin_bas_129_phase_complet_phase_transit_prog_prob_action_risk_glob_outcome.csv - Shape: (21895, 156)
2025-06-17 21:10:23,332 - INFO - FixedBC_133529181355280 - [Test] Start processing metadata file /home/maxboels/datasets/CholecT50/embeddings_test_set/fold0/embeddings_f0_swin_bas_129_phase_complet_phase_transit_prog_prob_action_risk_glob_outcome.csv
2025-06-17 21:10:23,332 - INFO - FixedBC_133529181355280 - [Test] Rewards extraction skipped, using metadata file /home/maxboels/datasets/CholecT50/embeddings_test_set/fold0/embeddings_f0_swin_bas_129_phase_complet_phase_transit_prog_prob_action_risk_glob_outcome.csv
2025-06-17 21:10:23,333 - INFO - FixedBC_133529181355280 - [Test] Found 10 videos in metadata file
2025-06-17 21:10:23,333 - INFO - FixedBC_133529181355280 - [Test] Loading data for 10 videos
2025-06-17 21:10:23,451 - INFO - FixedBC_133529181355280 - ✅ Loaded video VID02: 2840 frames, 1024-dims embeddings
2025-06-17 21:10:23,541 - INFO - FixedBC_133529181355280 - ✅ Loaded video VID06: 2154 frames, 1024-dims embeddings
2025-06-17 21:10:23,630 - INFO - FixedBC_133529181355280 - ✅ Loaded video VID111: 2146 frames, 1024-dims embeddings
2025-06-17 21:10:23,702 - INFO - FixedBC_133529181355280 - ✅ Loaded video VID14: 1709 frames, 1024-dims embeddings
2025-06-17 21:10:23,772 - INFO - FixedBC_133529181355280 - ✅ Loaded video VID23: 1636 frames, 1024-dims embeddings
2025-06-17 21:10:23,863 - INFO - FixedBC_133529181355280 - ✅ Loaded video VID25: 2130 frames, 1024-dims embeddings
2025-06-17 21:10:23,910 - INFO - FixedBC_133529181355280 - ✅ Loaded video VID50: 1095 frames, 1024-dims embeddings
2025-06-17 21:10:24,036 - INFO - FixedBC_133529181355280 - ✅ Loaded video VID51: 2945 frames, 1024-dims embeddings
2025-06-17 21:10:24,112 - INFO - FixedBC_133529181355280 - ✅ Loaded video VID66: 1825 frames, 1024-dims embeddings
2025-06-17 21:10:24,255 - INFO - FixedBC_133529181355280 - ✅ Loaded video VID79: 3415 frames, 1024-dims embeddings
2025-06-17 21:10:24,255 - INFO - FixedBC_133529181355280 - 📂 Loaded 10 videos from test split
2025-06-17 21:10:24,255 - INFO - FixedBC_133529181355280 - 📂 Loading trained models...
2025-06-17 21:10:25,983 - INFO - FixedBC_133529181355280 - ✅ World model loaded successfully
2025-06-17 21:10:25,983 - INFO - FixedBC_133529181355280 - 🔧 Step 1: Creating supervised-to-RL adapter...
2025-06-17 21:10:26,494 - INFO - FixedBC_133529181355280 - ✅ Loaded supervised model for behavioral cloning
2025-06-17 21:10:26,494 - INFO - FixedBC_133529181355280 -    Original performance: 48.3% mAP
2025-06-17 21:10:26,494 - INFO - FixedBC_133529181355280 -    Model handles sparse actions (0-3 out of 100)
2025-06-17 21:10:26,494 - INFO - FixedBC_133529181355280 - 🎯 Step 2: Creating sparse action environment...
2025-06-17 21:10:26,495 - INFO - FixedBC_133529181355280 - 🎯 Sparse Action Environment initialized
2025-06-17 21:10:26,495 - INFO - FixedBC_133529181355280 -    Optimized for 0-3 actions out of 100
2025-06-17 21:10:26,495 - INFO - FixedBC_133529181355280 -    Reward weights: {'sparse_expert_matching': 100.0, 'sparsity_reward': 20.0, 'false_positive_penalty': 30.0, 'completion_bonus': 5.0}
2025-06-17 21:10:26,495 - INFO - FixedBC_133529181355280 - 🎓 Step 3: Creating calibrated RL policy...
2025-06-17 21:10:26,495 - INFO - FixedBC_133529181355280 - 🔧 Creating calibrated RL policy from supervised model...
2025-06-17 21:10:26,514 - INFO - FixedBC_133529181355280 - 🎓 Step 4: Behavioral cloning pre-training...
2025-06-17 21:10:26,514 - INFO - FixedBC_133529181355280 - 🎓 Pre-training RL policy with behavioral cloning...
2025-06-17 21:10:26,515 - INFO - FixedBC_133529181355280 -    Handling sparse action space (0-3 actions out of 100)
2025-06-17 21:10:26,812 - INFO - FixedBC_133529181355280 - ✅ Collected 100 behavioral cloning samples
2025-06-17 21:10:26,812 - INFO - FixedBC_133529181355280 -    Average active actions per frame: 1.2
2025-06-17 21:10:26,812 - INFO - FixedBC_133529181355280 -    Action sparsity: 98.8%
2025-06-17 21:10:31,976 - WARNING - FixedBC_133529181355280 - BC training batch failed: mat1 and mat2 shapes cannot be multiplied (8x1024 and 64x100)
2025-06-17 21:10:42,563 - WARNING - FixedBC_133529181355280 - BC training batch failed: mat1 and mat2 shapes cannot be multiplied (8x1024 and 64x100)
2025-06-17 21:10:52,164 - WARNING - FixedBC_133529181355280 - BC training batch failed: mat1 and mat2 shapes cannot be multiplied (8x1024 and 64x100)
