2025-06-17 19:12:14,254 - INFO - FixedRL_Continue_132400296930256 - Shared experiment log directory: results/fixed_rl_continue_2025-06-17_19-12-14/logs
2025-06-17 19:12:14,255 - INFO - FixedRL_Continue_132400296930256 - Loading train data from /home/maxboels/datasets/CholecT50 with fold 0
2025-06-17 19:12:14,690 - INFO - FixedRL_Continue_132400296930256 - ✅ Loaded metadata: /home/maxboels/datasets/CholecT50/embeddings_train_set/fold0/embeddings_f0_swin_bas_129_phase_complet_phase_transit_prog_prob_action_risk_glob_outcome.csv - Shape: (78968, 156)
2025-06-17 19:12:14,690 - INFO - FixedRL_Continue_132400296930256 - [Train] Start processing metadata file /home/maxboels/datasets/CholecT50/embeddings_train_set/fold0/embeddings_f0_swin_bas_129_phase_complet_phase_transit_prog_prob_action_risk_glob_outcome.csv
2025-06-17 19:12:14,690 - INFO - FixedRL_Continue_132400296930256 - [Train] Rewards extraction skipped, using metadata file /home/maxboels/datasets/CholecT50/embeddings_train_set/fold0/embeddings_f0_swin_bas_129_phase_complet_phase_transit_prog_prob_action_risk_glob_outcome.csv
2025-06-17 19:12:14,692 - INFO - FixedRL_Continue_132400296930256 - [Train] Found 40 videos in metadata file
2025-06-17 19:12:14,692 - INFO - FixedRL_Continue_132400296930256 - [Train] Loading data for 40 videos
2025-06-17 19:12:14,776 - INFO - FixedRL_Continue_132400296930256 - ✅ Loaded video VID01: 1734 frames, 1024-dims embeddings
2025-06-17 19:12:14,842 - INFO - FixedRL_Continue_132400296930256 - ✅ Loaded video VID04: 1523 frames, 1024-dims embeddings
2025-06-17 19:12:14,940 - INFO - FixedRL_Continue_132400296930256 - ✅ Loaded video VID05: 2345 frames, 1024-dims embeddings
2025-06-17 19:12:15,005 - INFO - FixedRL_Continue_132400296930256 - ✅ Loaded video VID08: 1520 frames, 1024-dims embeddings
2025-06-17 19:12:15,078 - INFO - FixedRL_Continue_132400296930256 - ✅ Loaded video VID10: 1750 frames, 1024-dims embeddings
2025-06-17 19:12:15,171 - INFO - FixedRL_Continue_132400296930256 - ✅ Loaded video VID103: 2220 frames, 1024-dims embeddings
2025-06-17 19:12:15,261 - INFO - FixedRL_Continue_132400296930256 - ✅ Loaded video VID110: 2177 frames, 1024-dims embeddings
2025-06-17 19:12:15,309 - INFO - FixedRL_Continue_132400296930256 - ✅ Loaded video VID12: 1091 frames, 1024-dims embeddings
2025-06-17 19:12:15,353 - INFO - FixedRL_Continue_132400296930256 - ✅ Loaded video VID13: 982 frames, 1024-dims embeddings
2025-06-17 19:12:15,441 - INFO - FixedRL_Continue_132400296930256 - ✅ Loaded video VID15: 2059 frames, 1024-dims embeddings
2025-06-17 19:12:15,524 - INFO - FixedRL_Continue_132400296930256 - ✅ Loaded video VID18: 1943 frames, 1024-dims embeddings
2025-06-17 19:12:15,592 - INFO - FixedRL_Continue_132400296930256 - ✅ Loaded video VID22: 1533 frames, 1024-dims embeddings
2025-06-17 19:12:15,670 - INFO - FixedRL_Continue_132400296930256 - ✅ Loaded video VID26: 1774 frames, 1024-dims embeddings
2025-06-17 19:12:15,762 - INFO - FixedRL_Continue_132400296930256 - ✅ Loaded video VID27: 2085 frames, 1024-dims embeddings
2025-06-17 19:12:15,864 - INFO - FixedRL_Continue_132400296930256 - ✅ Loaded video VID29: 2351 frames, 1024-dims embeddings
2025-06-17 19:12:16,034 - INFO - FixedRL_Continue_132400296930256 - ✅ Loaded video VID31: 3946 frames, 1024-dims embeddings
2025-06-17 19:12:16,123 - INFO - FixedRL_Continue_132400296930256 - ✅ Loaded video VID32: 2117 frames, 1024-dims embeddings
2025-06-17 19:12:16,214 - INFO - FixedRL_Continue_132400296930256 - ✅ Loaded video VID35: 2107 frames, 1024-dims embeddings
2025-06-17 19:12:16,316 - INFO - FixedRL_Continue_132400296930256 - ✅ Loaded video VID36: 2388 frames, 1024-dims embeddings
2025-06-17 19:12:16,411 - INFO - FixedRL_Continue_132400296930256 - ✅ Loaded video VID40: 2223 frames, 1024-dims embeddings
2025-06-17 19:12:16,569 - INFO - FixedRL_Continue_132400296930256 - ✅ Loaded video VID42: 3713 frames, 1024-dims embeddings
2025-06-17 19:12:16,667 - INFO - FixedRL_Continue_132400296930256 - ✅ Loaded video VID43: 2363 frames, 1024-dims embeddings
2025-06-17 19:12:16,763 - INFO - FixedRL_Continue_132400296930256 - ✅ Loaded video VID47: 2260 frames, 1024-dims embeddings
2025-06-17 19:12:16,841 - INFO - FixedRL_Continue_132400296930256 - ✅ Loaded video VID48: 1835 frames, 1024-dims embeddings
2025-06-17 19:12:16,914 - INFO - FixedRL_Continue_132400296930256 - ✅ Loaded video VID49: 1672 frames, 1024-dims embeddings
2025-06-17 19:12:16,999 - INFO - FixedRL_Continue_132400296930256 - ✅ Loaded video VID52: 1967 frames, 1024-dims embeddings
2025-06-17 19:12:17,079 - INFO - FixedRL_Continue_132400296930256 - ✅ Loaded video VID56: 1837 frames, 1024-dims embeddings
2025-06-17 19:12:17,192 - INFO - FixedRL_Continue_132400296930256 - ✅ Loaded video VID57: 2633 frames, 1024-dims embeddings
2025-06-17 19:12:17,299 - INFO - FixedRL_Continue_132400296930256 - ✅ Loaded video VID60: 2533 frames, 1024-dims embeddings
2025-06-17 19:12:17,387 - INFO - FixedRL_Continue_132400296930256 - ✅ Loaded video VID62: 2033 frames, 1024-dims embeddings
2025-06-17 19:12:17,468 - INFO - FixedRL_Continue_132400296930256 - ✅ Loaded video VID65: 1874 frames, 1024-dims embeddings
2025-06-17 19:12:17,553 - INFO - FixedRL_Continue_132400296930256 - ✅ Loaded video VID68: 1973 frames, 1024-dims embeddings
2025-06-17 19:12:17,604 - INFO - FixedRL_Continue_132400296930256 - ✅ Loaded video VID70: 1195 frames, 1024-dims embeddings
2025-06-17 19:12:17,664 - INFO - FixedRL_Continue_132400296930256 - ✅ Loaded video VID73: 1357 frames, 1024-dims embeddings
2025-06-17 19:12:17,736 - INFO - FixedRL_Continue_132400296930256 - ✅ Loaded video VID74: 1635 frames, 1024-dims embeddings
2025-06-17 19:12:17,819 - INFO - FixedRL_Continue_132400296930256 - ✅ Loaded video VID75: 1924 frames, 1024-dims embeddings
2025-06-17 19:12:17,854 - INFO - FixedRL_Continue_132400296930256 - ✅ Loaded video VID78: 740 frames, 1024-dims embeddings
2025-06-17 19:12:17,930 - INFO - FixedRL_Continue_132400296930256 - ✅ Loaded video VID80: 1725 frames, 1024-dims embeddings
2025-06-17 19:12:18,022 - INFO - FixedRL_Continue_132400296930256 - ✅ Loaded video VID92: 2124 frames, 1024-dims embeddings
2025-06-17 19:12:18,095 - INFO - FixedRL_Continue_132400296930256 - ✅ Loaded video VID96: 1707 frames, 1024-dims embeddings
2025-06-17 19:12:18,095 - INFO - FixedRL_Continue_132400296930256 - 📂 Loaded 40 videos from train split
2025-06-17 19:12:18,095 - INFO - FixedRL_Continue_132400296930256 - Loading test data from /home/maxboels/datasets/CholecT50 with fold 0
2025-06-17 19:12:18,186 - INFO - FixedRL_Continue_132400296930256 - ✅ Loaded metadata: /home/maxboels/datasets/CholecT50/embeddings_test_set/fold0/embeddings_f0_swin_bas_129_phase_complet_phase_transit_prog_prob_action_risk_glob_outcome.csv - Shape: (21895, 156)
2025-06-17 19:12:18,186 - INFO - FixedRL_Continue_132400296930256 - [Test] Start processing metadata file /home/maxboels/datasets/CholecT50/embeddings_test_set/fold0/embeddings_f0_swin_bas_129_phase_complet_phase_transit_prog_prob_action_risk_glob_outcome.csv
2025-06-17 19:12:18,186 - INFO - FixedRL_Continue_132400296930256 - [Test] Rewards extraction skipped, using metadata file /home/maxboels/datasets/CholecT50/embeddings_test_set/fold0/embeddings_f0_swin_bas_129_phase_complet_phase_transit_prog_prob_action_risk_glob_outcome.csv
2025-06-17 19:12:18,187 - INFO - FixedRL_Continue_132400296930256 - [Test] Found 10 videos in metadata file
2025-06-17 19:12:18,187 - INFO - FixedRL_Continue_132400296930256 - [Test] Loading data for 10 videos
2025-06-17 19:12:18,301 - INFO - FixedRL_Continue_132400296930256 - ✅ Loaded video VID02: 2840 frames, 1024-dims embeddings
2025-06-17 19:12:18,389 - INFO - FixedRL_Continue_132400296930256 - ✅ Loaded video VID06: 2154 frames, 1024-dims embeddings
2025-06-17 19:12:18,476 - INFO - FixedRL_Continue_132400296930256 - ✅ Loaded video VID111: 2146 frames, 1024-dims embeddings
2025-06-17 19:12:18,546 - INFO - FixedRL_Continue_132400296930256 - ✅ Loaded video VID14: 1709 frames, 1024-dims embeddings
2025-06-17 19:12:18,614 - INFO - FixedRL_Continue_132400296930256 - ✅ Loaded video VID23: 1636 frames, 1024-dims embeddings
2025-06-17 19:12:18,702 - INFO - FixedRL_Continue_132400296930256 - ✅ Loaded video VID25: 2130 frames, 1024-dims embeddings
2025-06-17 19:12:18,749 - INFO - FixedRL_Continue_132400296930256 - ✅ Loaded video VID50: 1095 frames, 1024-dims embeddings
2025-06-17 19:12:18,873 - INFO - FixedRL_Continue_132400296930256 - ✅ Loaded video VID51: 2945 frames, 1024-dims embeddings
2025-06-17 19:12:18,947 - INFO - FixedRL_Continue_132400296930256 - ✅ Loaded video VID66: 1825 frames, 1024-dims embeddings
2025-06-17 19:12:19,089 - INFO - FixedRL_Continue_132400296930256 - ✅ Loaded video VID79: 3415 frames, 1024-dims embeddings
2025-06-17 19:12:19,089 - INFO - FixedRL_Continue_132400296930256 - 📂 Loaded 10 videos from test split
2025-06-17 19:12:19,089 - INFO - FixedRL_Continue_132400296930256 - 📂 Loading trained models from previous run...
2025-06-17 19:12:19,616 - INFO - FixedRL_Continue_132400296930256 - ✅ Loaded IL model: results/debug_rl_2025-06-17_17-59-26/logs/checkpoints/autoregressive_il_best_epoch_1.pt
2025-06-17 19:12:19,617 - INFO - FixedRL_Continue_132400296930256 -    Performance: 48.3% mAP on surgical actions
2025-06-17 19:12:19,730 - INFO - FixedRL_Continue_132400296930256 - ✅ Loaded World Model: results/debug_rl_2025-06-17_17-59-26/logs/checkpoints/world_model_best_epoch_2.pt
2025-06-17 19:12:19,731 - INFO - FixedRL_Continue_132400296930256 -    Performance: State Loss 0.1421, Reward Loss 0.0594
2025-06-17 19:12:19,731 - INFO - FixedRL_Continue_132400296930256 - 🎯 Training Fixed Simplified RL
2025-06-17 19:12:19,731 - INFO - FixedRL_Continue_132400296930256 - --------------------------------------------------
2025-06-17 19:12:19,731 - INFO - FixedRL_Continue_132400296930256 - 🎯 FixedSimplifiedExpertMatchingEnv initialized
2025-06-17 19:12:19,732 - INFO - FixedRL_Continue_132400296930256 - 🔧 Testing fixed environment...
2025-06-17 19:12:19,786 - INFO - FixedRL_Continue_132400296930256 - ✅ Environment test successful - Reward: -15.500
2025-06-17 19:12:19,820 - INFO - FixedRL_Continue_132400296930256 - 🚀 Training for 30000 timesteps with expert matching focus...
2025-06-17 19:14:43,544 - INFO - FixedRL_Continue_132400296930256 - 📊 Final evaluation...
2025-06-17 19:14:43,594 - INFO - FixedRL_Continue_132400296930256 - ✅ Fixed RL training completed!
2025-06-17 19:14:43,594 - INFO - FixedRL_Continue_132400296930256 - 📊 Final mAP: 0.1143
2025-06-17 19:14:43,594 - INFO - FixedRL_Continue_132400296930256 - 📊 Training metrics: 1510 episodes
