2025-06-23 09:32:44,871 - INFO - SuRL_FixedRL_138985297601520 - Shared experiment log directory: results/2025-06-23_09-32-44/logs
2025-06-23 09:32:44,872 - INFO - SuRL_FixedRL_138985297601520 - 🎯 RL Experiment: 2025-06-23_09-32-44
2025-06-23 09:32:44,872 - INFO - SuRL_FixedRL_138985297601520 - 📁 Results dir: results/2025-06-23_09-32-44
2025-06-23 09:32:44,872 - INFO - SuRL_FixedRL_138985297601520 - 🚀 Starting Complete RL Comparison
2025-06-23 09:32:44,872 - INFO - SuRL_FixedRL_138985297601520 - ============================================================
2025-06-23 09:32:44,872 - INFO - SuRL_FixedRL_138985297601520 - 📂 Loading CholecT50 data...
2025-06-23 09:32:44,872 - INFO - SuRL_FixedRL_138985297601520 -    Training videos: 40
2025-06-23 09:32:44,872 - INFO - SuRL_FixedRL_138985297601520 -    Test videos: 10
2025-06-23 09:32:44,872 - INFO - SuRL_FixedRL_138985297601520 - Loading train data from /home/maxboels/datasets/CholecT50 with fold 0
2025-06-23 09:32:45,290 - INFO - SuRL_FixedRL_138985297601520 - ✅ Loaded metadata: /home/maxboels/datasets/CholecT50/embeddings_train_set/fold0/embeddings_f0_swin_bas_129_phase_complet_phase_transit_prog_prob_action_risk_glob_outcome.csv - Shape: (78968, 156)
2025-06-23 09:32:45,290 - INFO - SuRL_FixedRL_138985297601520 - [Train] Start processing metadata file /home/maxboels/datasets/CholecT50/embeddings_train_set/fold0/embeddings_f0_swin_bas_129_phase_complet_phase_transit_prog_prob_action_risk_glob_outcome.csv
2025-06-23 09:32:45,290 - INFO - SuRL_FixedRL_138985297601520 - [Train] Rewards extraction skipped, using metadata file /home/maxboels/datasets/CholecT50/embeddings_train_set/fold0/embeddings_f0_swin_bas_129_phase_complet_phase_transit_prog_prob_action_risk_glob_outcome.csv
2025-06-23 09:32:45,293 - INFO - SuRL_FixedRL_138985297601520 - [Train] Found 40 videos in metadata file
2025-06-23 09:32:45,293 - INFO - SuRL_FixedRL_138985297601520 - [Train] Loading data for 40 videos
2025-06-23 09:32:45,418 - INFO - SuRL_FixedRL_138985297601520 - ✅ Loaded video VID01: 1734 frames, 1024-dims embeddings
2025-06-23 09:32:45,532 - INFO - SuRL_FixedRL_138985297601520 - ✅ Loaded video VID04: 1523 frames, 1024-dims embeddings
2025-06-23 09:32:45,695 - INFO - SuRL_FixedRL_138985297601520 - ✅ Loaded video VID05: 2345 frames, 1024-dims embeddings
2025-06-23 09:32:45,851 - INFO - SuRL_FixedRL_138985297601520 - ✅ Loaded video VID08: 1520 frames, 1024-dims embeddings
2025-06-23 09:32:45,975 - INFO - SuRL_FixedRL_138985297601520 - ✅ Loaded video VID10: 1750 frames, 1024-dims embeddings
2025-06-23 09:32:46,117 - INFO - SuRL_FixedRL_138985297601520 - ✅ Loaded video VID103: 2220 frames, 1024-dims embeddings
2025-06-23 09:32:46,268 - INFO - SuRL_FixedRL_138985297601520 - ✅ Loaded video VID110: 2177 frames, 1024-dims embeddings
2025-06-23 09:32:46,352 - INFO - SuRL_FixedRL_138985297601520 - ✅ Loaded video VID12: 1091 frames, 1024-dims embeddings
2025-06-23 09:32:46,417 - INFO - SuRL_FixedRL_138985297601520 - ✅ Loaded video VID13: 982 frames, 1024-dims embeddings
2025-06-23 09:32:46,554 - INFO - SuRL_FixedRL_138985297601520 - ✅ Loaded video VID15: 2059 frames, 1024-dims embeddings
2025-06-23 09:32:46,678 - INFO - SuRL_FixedRL_138985297601520 - ✅ Loaded video VID18: 1943 frames, 1024-dims embeddings
2025-06-23 09:32:46,801 - INFO - SuRL_FixedRL_138985297601520 - ✅ Loaded video VID22: 1533 frames, 1024-dims embeddings
2025-06-23 09:32:46,915 - INFO - SuRL_FixedRL_138985297601520 - ✅ Loaded video VID26: 1774 frames, 1024-dims embeddings
2025-06-23 09:32:47,058 - INFO - SuRL_FixedRL_138985297601520 - ✅ Loaded video VID27: 2085 frames, 1024-dims embeddings
2025-06-23 09:32:47,208 - INFO - SuRL_FixedRL_138985297601520 - ✅ Loaded video VID29: 2351 frames, 1024-dims embeddings
2025-06-23 09:32:47,469 - INFO - SuRL_FixedRL_138985297601520 - ✅ Loaded video VID31: 3946 frames, 1024-dims embeddings
2025-06-23 09:32:47,603 - INFO - SuRL_FixedRL_138985297601520 - ✅ Loaded video VID32: 2117 frames, 1024-dims embeddings
2025-06-23 09:32:47,751 - INFO - SuRL_FixedRL_138985297601520 - ✅ Loaded video VID35: 2107 frames, 1024-dims embeddings
2025-06-23 09:32:47,904 - INFO - SuRL_FixedRL_138985297601520 - ✅ Loaded video VID36: 2388 frames, 1024-dims embeddings
2025-06-23 09:32:48,054 - INFO - SuRL_FixedRL_138985297601520 - ✅ Loaded video VID40: 2223 frames, 1024-dims embeddings
2025-06-23 09:32:48,317 - INFO - SuRL_FixedRL_138985297601520 - ✅ Loaded video VID42: 3713 frames, 1024-dims embeddings
2025-06-23 09:32:48,474 - INFO - SuRL_FixedRL_138985297601520 - ✅ Loaded video VID43: 2363 frames, 1024-dims embeddings
2025-06-23 09:32:48,625 - INFO - SuRL_FixedRL_138985297601520 - ✅ Loaded video VID47: 2260 frames, 1024-dims embeddings
2025-06-23 09:32:48,748 - INFO - SuRL_FixedRL_138985297601520 - ✅ Loaded video VID48: 1835 frames, 1024-dims embeddings
2025-06-23 09:32:48,858 - INFO - SuRL_FixedRL_138985297601520 - ✅ Loaded video VID49: 1672 frames, 1024-dims embeddings
2025-06-23 09:32:48,986 - INFO - SuRL_FixedRL_138985297601520 - ✅ Loaded video VID52: 1967 frames, 1024-dims embeddings
2025-06-23 09:32:49,112 - INFO - SuRL_FixedRL_138985297601520 - ✅ Loaded video VID56: 1837 frames, 1024-dims embeddings
2025-06-23 09:32:49,283 - INFO - SuRL_FixedRL_138985297601520 - ✅ Loaded video VID57: 2633 frames, 1024-dims embeddings
2025-06-23 09:32:49,449 - INFO - SuRL_FixedRL_138985297601520 - ✅ Loaded video VID60: 2533 frames, 1024-dims embeddings
2025-06-23 09:32:49,583 - INFO - SuRL_FixedRL_138985297601520 - ✅ Loaded video VID62: 2033 frames, 1024-dims embeddings
2025-06-23 09:32:49,718 - INFO - SuRL_FixedRL_138985297601520 - ✅ Loaded video VID65: 1874 frames, 1024-dims embeddings
2025-06-23 09:32:49,847 - INFO - SuRL_FixedRL_138985297601520 - ✅ Loaded video VID68: 1973 frames, 1024-dims embeddings
2025-06-23 09:32:49,928 - INFO - SuRL_FixedRL_138985297601520 - ✅ Loaded video VID70: 1195 frames, 1024-dims embeddings
2025-06-23 09:32:50,018 - INFO - SuRL_FixedRL_138985297601520 - ✅ Loaded video VID73: 1357 frames, 1024-dims embeddings
2025-06-23 09:32:50,127 - INFO - SuRL_FixedRL_138985297601520 - ✅ Loaded video VID74: 1635 frames, 1024-dims embeddings
2025-06-23 09:32:50,255 - INFO - SuRL_FixedRL_138985297601520 - ✅ Loaded video VID75: 1924 frames, 1024-dims embeddings
2025-06-23 09:32:50,308 - INFO - SuRL_FixedRL_138985297601520 - ✅ Loaded video VID78: 740 frames, 1024-dims embeddings
2025-06-23 09:32:50,424 - INFO - SuRL_FixedRL_138985297601520 - ✅ Loaded video VID80: 1725 frames, 1024-dims embeddings
2025-06-23 09:32:50,567 - INFO - SuRL_FixedRL_138985297601520 - ✅ Loaded video VID92: 2124 frames, 1024-dims embeddings
2025-06-23 09:32:50,679 - INFO - SuRL_FixedRL_138985297601520 - ✅ Loaded video VID96: 1707 frames, 1024-dims embeddings
2025-06-23 09:32:50,680 - INFO - SuRL_FixedRL_138985297601520 - 📂 Loaded 40 videos from train split
2025-06-23 09:32:50,680 - INFO - SuRL_FixedRL_138985297601520 - Loading test data from /home/maxboels/datasets/CholecT50 with fold 0
2025-06-23 09:32:50,776 - INFO - SuRL_FixedRL_138985297601520 - ✅ Loaded metadata: /home/maxboels/datasets/CholecT50/embeddings_test_set/fold0/embeddings_f0_swin_bas_129_phase_complet_phase_transit_prog_prob_action_risk_glob_outcome.csv - Shape: (21895, 156)
2025-06-23 09:32:50,776 - INFO - SuRL_FixedRL_138985297601520 - [Test] Start processing metadata file /home/maxboels/datasets/CholecT50/embeddings_test_set/fold0/embeddings_f0_swin_bas_129_phase_complet_phase_transit_prog_prob_action_risk_glob_outcome.csv
2025-06-23 09:32:50,776 - INFO - SuRL_FixedRL_138985297601520 - [Test] Rewards extraction skipped, using metadata file /home/maxboels/datasets/CholecT50/embeddings_test_set/fold0/embeddings_f0_swin_bas_129_phase_complet_phase_transit_prog_prob_action_risk_glob_outcome.csv
2025-06-23 09:32:50,776 - INFO - SuRL_FixedRL_138985297601520 - [Test] Found 10 videos in metadata file
2025-06-23 09:32:50,776 - INFO - SuRL_FixedRL_138985297601520 - [Test] Loading data for 10 videos
2025-06-23 09:32:51,049 - INFO - SuRL_FixedRL_138985297601520 - ✅ Loaded video VID02: 2840 frames, 1024-dims embeddings
2025-06-23 09:32:51,282 - INFO - SuRL_FixedRL_138985297601520 - ✅ Loaded video VID06: 2154 frames, 1024-dims embeddings
2025-06-23 09:32:51,446 - INFO - SuRL_FixedRL_138985297601520 - ✅ Loaded video VID111: 2146 frames, 1024-dims embeddings
2025-06-23 09:32:51,580 - INFO - SuRL_FixedRL_138985297601520 - ✅ Loaded video VID14: 1709 frames, 1024-dims embeddings
2025-06-23 09:32:51,757 - INFO - SuRL_FixedRL_138985297601520 - ✅ Loaded video VID23: 1636 frames, 1024-dims embeddings
2025-06-23 09:32:51,971 - INFO - SuRL_FixedRL_138985297601520 - ✅ Loaded video VID25: 2130 frames, 1024-dims embeddings
2025-06-23 09:32:52,078 - INFO - SuRL_FixedRL_138985297601520 - ✅ Loaded video VID50: 1095 frames, 1024-dims embeddings
2025-06-23 09:32:52,307 - INFO - SuRL_FixedRL_138985297601520 - ✅ Loaded video VID51: 2945 frames, 1024-dims embeddings
2025-06-23 09:32:52,476 - INFO - SuRL_FixedRL_138985297601520 - ✅ Loaded video VID66: 1825 frames, 1024-dims embeddings
2025-06-23 09:32:52,789 - INFO - SuRL_FixedRL_138985297601520 - ✅ Loaded video VID79: 3415 frames, 1024-dims embeddings
2025-06-23 09:32:52,789 - INFO - SuRL_FixedRL_138985297601520 - 📂 Loaded 10 videos from test split
2025-06-23 09:32:52,789 - INFO - SuRL_FixedRL_138985297601520 - ✅ Data loaded successfully
2025-06-23 09:32:52,789 - INFO - SuRL_FixedRL_138985297601520 -    Training videos: 40
2025-06-23 09:32:52,789 - INFO - SuRL_FixedRL_138985297601520 -    Test videos: 10
2025-06-23 09:32:52,789 - INFO - SuRL_FixedRL_138985297601520 - 🎓 Running Method 1: Autoregressive IL
2025-06-23 09:32:52,789 - INFO - SuRL_FixedRL_138985297601520 - 🎓 Method 1: Autoregressive IL
2025-06-23 09:32:52,789 - INFO - SuRL_FixedRL_138985297601520 - ----------------------------------------
2025-06-23 09:32:57,110 - WARNING - SuRL_FixedRL_138985297601520 - ⚠️ Pretrained model enabled but no path specified
2025-06-23 09:32:57,111 - INFO - SuRL_FixedRL_138985297601520 - 🔄 Falling back to training from scratch...
2025-06-23 09:33:02,023 - INFO - SuRL_FixedRL_138985297601520 - 🎓 Autoregressive IL Trainer initialized (FINAL)
2025-06-23 09:33:02,023 - INFO - SuRL_FixedRL_138985297601520 -    Device: cuda
2025-06-23 09:33:02,023 - INFO - SuRL_FixedRL_138985297601520 -    Epochs: 1
2025-06-23 09:33:02,023 - INFO - SuRL_FixedRL_138985297601520 -    Learning rate: 3e-05
2025-06-23 09:33:02,023 - INFO - SuRL_FixedRL_138985297601520 -    ✅ Per-video aggregation + shared metrics + efficient validation
2025-06-23 09:33:02,023 - INFO - SuRL_FixedRL_138985297601520 - 🎓 Starting Autoregressive IL Training...
2025-06-23 09:33:02,023 - INFO - SuRL_FixedRL_138985297601520 - 🎯 Goal: Learn causal frame generation → action prediction
2025-06-23 09:33:02,023 - INFO - SuRL_FixedRL_138985297601520 - 📊 Evaluation: Per-video aggregation for robust metrics
