2025-04-08 14:58:06,491 - INFO - Log file: logs/2025-04-08_14-58-06/loggings.log
2025-04-08 14:58:06,491 - INFO - Starting CholecT50 experiment for Surgical Actions Prediction
2025-04-08 14:58:06,491 - INFO - Experiment configuration: {'max_videos': 1, 'recognition': {'train': True, 'inference': True, 'best_model_path': 'best_model_epoch1_valloss1.190734.pt'}, 'pretrain_next_frame': {'train': False, 'inference': True, 'best_model_path': 'best_model_epoch1_valloss1.190734.pt'}, 'pretrain_reward_model': False, 'calculate_action_rewards': False, 'train_action_policy': False, 'run_tdmpc': False, 'analyze_results': False, 'run_evaluation': False}
2025-04-08 14:58:06,491 - INFO - Using device: cuda
2025-04-08 14:58:06,491 - INFO - Loading CholecT50 data...
2025-04-08 14:58:12,167 - INFO - Created Recognition Head model with:
2025-04-08 14:58:12,167 - INFO -   - Input dimension: 1024
2025-04-08 14:58:12,167 - INFO -   - Hidden dimension: 512
2025-04-08 14:58:12,167 - INFO -   - Action classes: 100
2025-04-08 14:58:12,167 - INFO -   - Instrument classes: 6
2025-04-08 14:58:12,167 - INFO - Starting model training...
2025-04-08 14:58:12,303 - INFO - Epoch 1/3, Batch 0/109, Loss: 1.3990
2025-04-08 14:58:12,432 - INFO - Epoch 1/3, Batch 40/109, Loss: 0.8142
2025-04-08 14:58:12,571 - INFO - Epoch 1/3, Batch 80/109, Loss: 0.3584
2025-04-08 14:58:12,665 - INFO - Epoch 1/3, Train Loss: 0.7322
2025-04-08 14:58:12,675 - INFO - Epoch 1/3, Batch 0/178, Validation Loss: 0.2076
2025-04-08 14:58:12,751 - INFO - Epoch 1/3, Batch 40/178, Validation Loss: 0.2668
2025-04-08 14:58:12,827 - INFO - Epoch 1/3, Batch 80/178, Validation Loss: 0.4742
2025-04-08 14:58:12,902 - INFO - Epoch 1/3, Batch 120/178, Validation Loss: 0.3453
2025-04-08 14:58:12,973 - INFO - Epoch 1/3, Batch 160/178, Validation Loss: 0.2056
2025-04-08 14:58:13,009 - INFO - Epoch 1/3, Validation Loss: 0.3623
2025-04-08 14:58:13,059 - INFO - Epoch 1/3, Validation mAP Action: 0.0432
2025-04-08 14:58:13,060 - INFO - Epoch 1/3, Validation mAP Instrument: 0.6416
2025-04-08 14:58:13,073 - INFO - Saved new best model with mAP: 0.0432
2025-04-08 14:58:13,078 - INFO - Epoch 2/3, Batch 0/109, Loss: 0.2696
2025-04-08 14:58:13,203 - INFO - Epoch 2/3, Batch 40/109, Loss: 0.1342
2025-04-08 14:58:13,322 - INFO - Epoch 2/3, Batch 80/109, Loss: 0.2646
2025-04-08 14:58:13,404 - INFO - Epoch 2/3, Train Loss: 0.1957
2025-04-08 14:58:13,415 - INFO - Epoch 2/3, Batch 0/178, Validation Loss: 0.0931
2025-04-08 14:58:13,490 - INFO - Epoch 2/3, Batch 40/178, Validation Loss: 0.1086
2025-04-08 14:58:13,567 - INFO - Epoch 2/3, Batch 80/178, Validation Loss: 0.3095
2025-04-08 14:58:13,661 - INFO - Epoch 2/3, Batch 120/178, Validation Loss: 0.3362
2025-04-08 14:58:13,734 - INFO - Epoch 2/3, Batch 160/178, Validation Loss: 0.1315
2025-04-08 14:58:13,767 - INFO - Epoch 2/3, Validation Loss: 0.2723
2025-04-08 14:58:13,815 - INFO - Epoch 2/3, Validation mAP Action: 0.0425
2025-04-08 14:58:13,815 - INFO - Epoch 2/3, Validation mAP Instrument: 0.6922
2025-04-08 14:58:13,820 - INFO - Epoch 3/3, Batch 0/109, Loss: 0.1977
2025-04-08 14:58:13,943 - INFO - Epoch 3/3, Batch 40/109, Loss: 0.2054
2025-04-08 14:58:14,062 - INFO - Epoch 3/3, Batch 80/109, Loss: 0.0574
2025-04-08 14:58:14,143 - INFO - Epoch 3/3, Train Loss: 0.1516
2025-04-08 14:58:14,154 - INFO - Epoch 3/3, Batch 0/178, Validation Loss: 0.0474
2025-04-08 14:58:14,231 - INFO - Epoch 3/3, Batch 40/178, Validation Loss: 0.0897
2025-04-08 14:58:14,302 - INFO - Epoch 3/3, Batch 80/178, Validation Loss: 0.2332
2025-04-08 14:58:14,375 - INFO - Epoch 3/3, Batch 120/178, Validation Loss: 0.3334
2025-04-08 14:58:14,447 - INFO - Epoch 3/3, Batch 160/178, Validation Loss: 0.1055
2025-04-08 14:58:14,477 - INFO - Epoch 3/3, Validation Loss: 0.2627
2025-04-08 14:58:14,527 - INFO - Epoch 3/3, Validation mAP Action: 0.0455
2025-04-08 14:58:14,527 - INFO - Epoch 3/3, Validation mAP Instrument: 0.7159
2025-04-08 14:58:14,540 - INFO - Saved new best model with mAP: 0.0455
2025-04-08 14:58:14,551 - INFO - Loaded best model with mAP: 0.0455
2025-04-08 14:58:14,555 - INFO - Saved trained model to saved_models/recognition_head_20250408_145814.pt
2025-04-08 14:58:14,555 - INFO - Running inference and evaluation...
