2025-06-16 16:18:21,857 - INFO - SuRL_FixedRL_136776388280048 - Shared experiment log directory: results/fixed_rl_2025-06-16_16-18-21/logs
2025-06-16 16:18:21,858 - INFO - SuRL_FixedRL_136776388280048 - 🎯 FIXED RL Experiment: fixed_rl_2025-06-16_16-18-21
2025-06-16 16:18:21,858 - INFO - SuRL_FixedRL_136776388280048 - 📁 Results dir: results/fixed_rl_2025-06-16_16-18-21
2025-06-16 16:18:21,858 - INFO - SuRL_FixedRL_136776388280048 - 🚀 Starting Complete FIXED RL Comparison
2025-06-16 16:18:21,858 - INFO - SuRL_FixedRL_136776388280048 - ============================================================
2025-06-16 16:18:21,858 - INFO - SuRL_FixedRL_136776388280048 - 📂 Loading CholecT50 data...
2025-06-16 16:18:21,858 - INFO - SuRL_FixedRL_136776388280048 -    Training videos: 40
2025-06-16 16:18:21,858 - INFO - SuRL_FixedRL_136776388280048 -    Test videos: 10
2025-06-16 16:18:21,858 - INFO - SuRL_FixedRL_136776388280048 - Loading train data from /home/maxboels/datasets/CholecT50 with fold 0
2025-06-16 16:18:22,297 - INFO - SuRL_FixedRL_136776388280048 - ✅ Loaded metadata: /home/maxboels/datasets/CholecT50/embeddings_train_set/fold0/embeddings_f0_swin_bas_129_phase_complet_phase_transit_prog_prob_action_risk_glob_outcome.csv - Shape: (78968, 156)
2025-06-16 16:18:22,297 - INFO - SuRL_FixedRL_136776388280048 - [Train] Start processing metadata file /home/maxboels/datasets/CholecT50/embeddings_train_set/fold0/embeddings_f0_swin_bas_129_phase_complet_phase_transit_prog_prob_action_risk_glob_outcome.csv
2025-06-16 16:18:22,297 - INFO - SuRL_FixedRL_136776388280048 - [Train] Rewards extraction skipped, using metadata file /home/maxboels/datasets/CholecT50/embeddings_train_set/fold0/embeddings_f0_swin_bas_129_phase_complet_phase_transit_prog_prob_action_risk_glob_outcome.csv
2025-06-16 16:18:22,299 - INFO - SuRL_FixedRL_136776388280048 - [Train] Found 40 videos in metadata file
2025-06-16 16:18:22,299 - INFO - SuRL_FixedRL_136776388280048 - [Train] Loading data for 40 videos
2025-06-16 16:18:22,385 - INFO - SuRL_FixedRL_136776388280048 - ✅ Loaded video VID01: 1734 frames, 1024D embeddings
2025-06-16 16:18:22,452 - INFO - SuRL_FixedRL_136776388280048 - ✅ Loaded video VID04: 1523 frames, 1024D embeddings
2025-06-16 16:18:22,552 - INFO - SuRL_FixedRL_136776388280048 - ✅ Loaded video VID05: 2345 frames, 1024D embeddings
2025-06-16 16:18:22,617 - INFO - SuRL_FixedRL_136776388280048 - ✅ Loaded video VID08: 1520 frames, 1024D embeddings
2025-06-16 16:18:22,692 - INFO - SuRL_FixedRL_136776388280048 - ✅ Loaded video VID10: 1750 frames, 1024D embeddings
2025-06-16 16:18:22,786 - INFO - SuRL_FixedRL_136776388280048 - ✅ Loaded video VID103: 2220 frames, 1024D embeddings
2025-06-16 16:18:22,877 - INFO - SuRL_FixedRL_136776388280048 - ✅ Loaded video VID110: 2177 frames, 1024D embeddings
2025-06-16 16:18:22,926 - INFO - SuRL_FixedRL_136776388280048 - ✅ Loaded video VID12: 1091 frames, 1024D embeddings
2025-06-16 16:18:22,970 - INFO - SuRL_FixedRL_136776388280048 - ✅ Loaded video VID13: 982 frames, 1024D embeddings
2025-06-16 16:18:23,057 - INFO - SuRL_FixedRL_136776388280048 - ✅ Loaded video VID15: 2059 frames, 1024D embeddings
2025-06-16 16:18:23,140 - INFO - SuRL_FixedRL_136776388280048 - ✅ Loaded video VID18: 1943 frames, 1024D embeddings
2025-06-16 16:18:23,207 - INFO - SuRL_FixedRL_136776388280048 - ✅ Loaded video VID22: 1533 frames, 1024D embeddings
2025-06-16 16:18:23,285 - INFO - SuRL_FixedRL_136776388280048 - ✅ Loaded video VID26: 1774 frames, 1024D embeddings
2025-06-16 16:18:23,378 - INFO - SuRL_FixedRL_136776388280048 - ✅ Loaded video VID27: 2085 frames, 1024D embeddings
2025-06-16 16:18:23,481 - INFO - SuRL_FixedRL_136776388280048 - ✅ Loaded video VID29: 2351 frames, 1024D embeddings
2025-06-16 16:18:23,652 - INFO - SuRL_FixedRL_136776388280048 - ✅ Loaded video VID31: 3946 frames, 1024D embeddings
2025-06-16 16:18:23,741 - INFO - SuRL_FixedRL_136776388280048 - ✅ Loaded video VID32: 2117 frames, 1024D embeddings
2025-06-16 16:18:23,832 - INFO - SuRL_FixedRL_136776388280048 - ✅ Loaded video VID35: 2107 frames, 1024D embeddings
2025-06-16 16:18:23,936 - INFO - SuRL_FixedRL_136776388280048 - ✅ Loaded video VID36: 2388 frames, 1024D embeddings
2025-06-16 16:18:24,033 - INFO - SuRL_FixedRL_136776388280048 - ✅ Loaded video VID40: 2223 frames, 1024D embeddings
2025-06-16 16:18:24,193 - INFO - SuRL_FixedRL_136776388280048 - ✅ Loaded video VID42: 3713 frames, 1024D embeddings
2025-06-16 16:18:24,293 - INFO - SuRL_FixedRL_136776388280048 - ✅ Loaded video VID43: 2363 frames, 1024D embeddings
2025-06-16 16:18:24,392 - INFO - SuRL_FixedRL_136776388280048 - ✅ Loaded video VID47: 2260 frames, 1024D embeddings
2025-06-16 16:18:24,472 - INFO - SuRL_FixedRL_136776388280048 - ✅ Loaded video VID48: 1835 frames, 1024D embeddings
2025-06-16 16:18:24,551 - INFO - SuRL_FixedRL_136776388280048 - ✅ Loaded video VID49: 1672 frames, 1024D embeddings
2025-06-16 16:18:24,638 - INFO - SuRL_FixedRL_136776388280048 - ✅ Loaded video VID52: 1967 frames, 1024D embeddings
2025-06-16 16:18:24,719 - INFO - SuRL_FixedRL_136776388280048 - ✅ Loaded video VID56: 1837 frames, 1024D embeddings
2025-06-16 16:18:24,832 - INFO - SuRL_FixedRL_136776388280048 - ✅ Loaded video VID57: 2633 frames, 1024D embeddings
2025-06-16 16:18:24,940 - INFO - SuRL_FixedRL_136776388280048 - ✅ Loaded video VID60: 2533 frames, 1024D embeddings
2025-06-16 16:18:25,027 - INFO - SuRL_FixedRL_136776388280048 - ✅ Loaded video VID62: 2033 frames, 1024D embeddings
2025-06-16 16:18:25,108 - INFO - SuRL_FixedRL_136776388280048 - ✅ Loaded video VID65: 1874 frames, 1024D embeddings
2025-06-16 16:18:25,193 - INFO - SuRL_FixedRL_136776388280048 - ✅ Loaded video VID68: 1973 frames, 1024D embeddings
2025-06-16 16:18:25,246 - INFO - SuRL_FixedRL_136776388280048 - ✅ Loaded video VID70: 1195 frames, 1024D embeddings
2025-06-16 16:18:25,312 - INFO - SuRL_FixedRL_136776388280048 - ✅ Loaded video VID73: 1357 frames, 1024D embeddings
2025-06-16 16:18:25,383 - INFO - SuRL_FixedRL_136776388280048 - ✅ Loaded video VID74: 1635 frames, 1024D embeddings
2025-06-16 16:18:25,467 - INFO - SuRL_FixedRL_136776388280048 - ✅ Loaded video VID75: 1924 frames, 1024D embeddings
2025-06-16 16:18:25,502 - INFO - SuRL_FixedRL_136776388280048 - ✅ Loaded video VID78: 740 frames, 1024D embeddings
2025-06-16 16:18:25,579 - INFO - SuRL_FixedRL_136776388280048 - ✅ Loaded video VID80: 1725 frames, 1024D embeddings
2025-06-16 16:18:25,671 - INFO - SuRL_FixedRL_136776388280048 - ✅ Loaded video VID92: 2124 frames, 1024D embeddings
2025-06-16 16:18:25,746 - INFO - SuRL_FixedRL_136776388280048 - ✅ Loaded video VID96: 1707 frames, 1024D embeddings
2025-06-16 16:18:25,747 - INFO - SuRL_FixedRL_136776388280048 - ✅ Successfully loaded 40 videos for train
2025-06-16 16:18:25,747 - INFO - SuRL_FixedRL_136776388280048 - Loading test data from /home/maxboels/datasets/CholecT50 with fold 0
2025-06-16 16:18:25,840 - INFO - SuRL_FixedRL_136776388280048 - ✅ Loaded metadata: /home/maxboels/datasets/CholecT50/embeddings_test_set/fold0/embeddings_f0_swin_bas_129_phase_complet_phase_transit_prog_prob_action_risk_glob_outcome.csv - Shape: (21895, 156)
2025-06-16 16:18:25,840 - INFO - SuRL_FixedRL_136776388280048 - [Test] Start processing metadata file /home/maxboels/datasets/CholecT50/embeddings_test_set/fold0/embeddings_f0_swin_bas_129_phase_complet_phase_transit_prog_prob_action_risk_glob_outcome.csv
2025-06-16 16:18:25,840 - INFO - SuRL_FixedRL_136776388280048 - [Test] Rewards extraction skipped, using metadata file /home/maxboels/datasets/CholecT50/embeddings_test_set/fold0/embeddings_f0_swin_bas_129_phase_complet_phase_transit_prog_prob_action_risk_glob_outcome.csv
2025-06-16 16:18:25,840 - INFO - SuRL_FixedRL_136776388280048 - [Test] Found 10 videos in metadata file
2025-06-16 16:18:25,840 - INFO - SuRL_FixedRL_136776388280048 - [Test] Loading data for 10 videos
2025-06-16 16:18:25,958 - INFO - SuRL_FixedRL_136776388280048 - ✅ Loaded video VID02: 2840 frames, 1024D embeddings
2025-06-16 16:18:26,049 - INFO - SuRL_FixedRL_136776388280048 - ✅ Loaded video VID06: 2154 frames, 1024D embeddings
2025-06-16 16:18:26,140 - INFO - SuRL_FixedRL_136776388280048 - ✅ Loaded video VID111: 2146 frames, 1024D embeddings
2025-06-16 16:18:26,213 - INFO - SuRL_FixedRL_136776388280048 - ✅ Loaded video VID14: 1709 frames, 1024D embeddings
2025-06-16 16:18:26,283 - INFO - SuRL_FixedRL_136776388280048 - ✅ Loaded video VID23: 1636 frames, 1024D embeddings
2025-06-16 16:18:26,375 - INFO - SuRL_FixedRL_136776388280048 - ✅ Loaded video VID25: 2130 frames, 1024D embeddings
2025-06-16 16:18:26,425 - INFO - SuRL_FixedRL_136776388280048 - ✅ Loaded video VID50: 1095 frames, 1024D embeddings
2025-06-16 16:18:26,546 - INFO - SuRL_FixedRL_136776388280048 - ✅ Loaded video VID51: 2945 frames, 1024D embeddings
2025-06-16 16:18:26,621 - INFO - SuRL_FixedRL_136776388280048 - ✅ Loaded video VID66: 1825 frames, 1024D embeddings
2025-06-16 16:18:26,763 - INFO - SuRL_FixedRL_136776388280048 - ✅ Loaded video VID79: 3415 frames, 1024D embeddings
2025-06-16 16:18:26,763 - INFO - SuRL_FixedRL_136776388280048 - ✅ Successfully loaded 10 videos for test
2025-06-16 16:18:26,763 - INFO - SuRL_FixedRL_136776388280048 - ✅ Data loaded successfully
2025-06-16 16:18:26,763 - INFO - SuRL_FixedRL_136776388280048 -    Training videos: 40
2025-06-16 16:18:26,763 - INFO - SuRL_FixedRL_136776388280048 -    Test videos: 10
2025-06-16 16:18:26,763 - INFO - SuRL_FixedRL_136776388280048 - 🎓 Method 1: Autoregressive IL is disabled in config, skipping...
2025-06-16 16:18:26,763 - INFO - SuRL_FixedRL_136776388280048 - 🌍 Running Method 2: FIXED Conditional World Model + RL
2025-06-16 16:18:26,764 - INFO - SuRL_FixedRL_136776388280048 - 🌍 Method 2: FIXED Conditional World Model + RL
2025-06-16 16:18:26,764 - INFO - SuRL_FixedRL_136776388280048 - ----------------------------------------
2025-06-16 16:18:26,764 - INFO - SuRL_FixedRL_136776388280048 - 🏋️ Will train world model from scratch
2025-06-16 16:18:26,920 - INFO - SuRL_FixedRL_136776388280048 - ✅ World model initialized for training
2025-06-16 16:18:40,156 - INFO - SuRL_FixedRL_136776388280048 - ✅ Stored test loaders for evaluation: ['VID02', 'VID06', 'VID111', 'VID14', 'VID23', 'VID25', 'VID50', 'VID51', 'VID66', 'VID79']
2025-06-16 16:18:40,161 - INFO - SuRL_FixedRL_136776388280048 - 🌍 World Model Trainer initialized
2025-06-16 16:18:40,161 - INFO - SuRL_FixedRL_136776388280048 -    Device: cuda
2025-06-16 16:18:40,161 - INFO - SuRL_FixedRL_136776388280048 -    Epochs: 1
2025-06-16 16:18:40,161 - INFO - SuRL_FixedRL_136776388280048 -    Learning rate: 3e-05
2025-06-16 16:18:40,161 - INFO - SuRL_FixedRL_136776388280048 -    Focus: Action-conditioned state-reward prediction
2025-06-16 16:18:40,161 - INFO - SuRL_FixedRL_136776388280048 - 🌍 Training world model from scratch...
2025-06-16 16:18:40,161 - INFO - SuRL_FixedRL_136776388280048 - 🌍 Starting World Model Training...
2025-06-16 16:18:40,161 - INFO - SuRL_FixedRL_136776388280048 - 🎯 Goal: Learn action-conditioned state-reward prediction
