2025-06-16 16:36:24,020 - INFO - SuRL_FixedRL_125327002269072 - Shared experiment log directory: results/fixed_rl_2025-06-16_16-36-24/logs
2025-06-16 16:36:24,021 - INFO - SuRL_FixedRL_125327002269072 - 🎯 FIXED RL Experiment: fixed_rl_2025-06-16_16-36-24
2025-06-16 16:36:24,021 - INFO - SuRL_FixedRL_125327002269072 - 📁 Results dir: results/fixed_rl_2025-06-16_16-36-24
2025-06-16 16:36:24,021 - INFO - SuRL_FixedRL_125327002269072 - 🚀 Starting Complete FIXED RL Comparison
2025-06-16 16:36:24,021 - INFO - SuRL_FixedRL_125327002269072 - ============================================================
2025-06-16 16:36:24,021 - INFO - SuRL_FixedRL_125327002269072 - 📂 Loading CholecT50 data...
2025-06-16 16:36:24,021 - INFO - SuRL_FixedRL_125327002269072 -    Training videos: 40
2025-06-16 16:36:24,021 - INFO - SuRL_FixedRL_125327002269072 -    Test videos: 10
2025-06-16 16:36:24,021 - INFO - SuRL_FixedRL_125327002269072 - Loading train data from /home/maxboels/datasets/CholecT50 with fold 0
2025-06-16 16:36:24,462 - INFO - SuRL_FixedRL_125327002269072 - ✅ Loaded metadata: /home/maxboels/datasets/CholecT50/embeddings_train_set/fold0/embeddings_f0_swin_bas_129_phase_complet_phase_transit_prog_prob_action_risk_glob_outcome.csv - Shape: (78968, 156)
2025-06-16 16:36:24,462 - INFO - SuRL_FixedRL_125327002269072 - [Train] Start processing metadata file /home/maxboels/datasets/CholecT50/embeddings_train_set/fold0/embeddings_f0_swin_bas_129_phase_complet_phase_transit_prog_prob_action_risk_glob_outcome.csv
2025-06-16 16:36:24,462 - INFO - SuRL_FixedRL_125327002269072 - [Train] Rewards extraction skipped, using metadata file /home/maxboels/datasets/CholecT50/embeddings_train_set/fold0/embeddings_f0_swin_bas_129_phase_complet_phase_transit_prog_prob_action_risk_glob_outcome.csv
2025-06-16 16:36:24,464 - INFO - SuRL_FixedRL_125327002269072 - [Train] Found 40 videos in metadata file
2025-06-16 16:36:24,464 - INFO - SuRL_FixedRL_125327002269072 - [Train] Loading data for 40 videos
2025-06-16 16:36:24,591 - INFO - SuRL_FixedRL_125327002269072 - ✅ Loaded video VID01: 1734 frames, 1024D embeddings
2025-06-16 16:36:24,702 - INFO - SuRL_FixedRL_125327002269072 - ✅ Loaded video VID04: 1523 frames, 1024D embeddings
2025-06-16 16:36:24,867 - INFO - SuRL_FixedRL_125327002269072 - ✅ Loaded video VID05: 2345 frames, 1024D embeddings
2025-06-16 16:36:25,037 - INFO - SuRL_FixedRL_125327002269072 - ✅ Loaded video VID08: 1520 frames, 1024D embeddings
2025-06-16 16:36:25,167 - INFO - SuRL_FixedRL_125327002269072 - ✅ Loaded video VID10: 1750 frames, 1024D embeddings
2025-06-16 16:36:25,314 - INFO - SuRL_FixedRL_125327002269072 - ✅ Loaded video VID103: 2220 frames, 1024D embeddings
2025-06-16 16:36:25,468 - INFO - SuRL_FixedRL_125327002269072 - ✅ Loaded video VID110: 2177 frames, 1024D embeddings
2025-06-16 16:36:25,555 - INFO - SuRL_FixedRL_125327002269072 - ✅ Loaded video VID12: 1091 frames, 1024D embeddings
2025-06-16 16:36:25,622 - INFO - SuRL_FixedRL_125327002269072 - ✅ Loaded video VID13: 982 frames, 1024D embeddings
2025-06-16 16:36:25,760 - INFO - SuRL_FixedRL_125327002269072 - ✅ Loaded video VID15: 2059 frames, 1024D embeddings
2025-06-16 16:36:25,883 - INFO - SuRL_FixedRL_125327002269072 - ✅ Loaded video VID18: 1943 frames, 1024D embeddings
2025-06-16 16:36:26,015 - INFO - SuRL_FixedRL_125327002269072 - ✅ Loaded video VID22: 1533 frames, 1024D embeddings
2025-06-16 16:36:26,153 - INFO - SuRL_FixedRL_125327002269072 - ✅ Loaded video VID26: 1774 frames, 1024D embeddings
2025-06-16 16:36:26,291 - INFO - SuRL_FixedRL_125327002269072 - ✅ Loaded video VID27: 2085 frames, 1024D embeddings
2025-06-16 16:36:26,442 - INFO - SuRL_FixedRL_125327002269072 - ✅ Loaded video VID29: 2351 frames, 1024D embeddings
2025-06-16 16:36:26,688 - INFO - SuRL_FixedRL_125327002269072 - ✅ Loaded video VID31: 3946 frames, 1024D embeddings
2025-06-16 16:36:26,821 - INFO - SuRL_FixedRL_125327002269072 - ✅ Loaded video VID32: 2117 frames, 1024D embeddings
2025-06-16 16:36:26,966 - INFO - SuRL_FixedRL_125327002269072 - ✅ Loaded video VID35: 2107 frames, 1024D embeddings
2025-06-16 16:36:27,116 - INFO - SuRL_FixedRL_125327002269072 - ✅ Loaded video VID36: 2388 frames, 1024D embeddings
2025-06-16 16:36:27,263 - INFO - SuRL_FixedRL_125327002269072 - ✅ Loaded video VID40: 2223 frames, 1024D embeddings
2025-06-16 16:36:27,523 - INFO - SuRL_FixedRL_125327002269072 - ✅ Loaded video VID42: 3713 frames, 1024D embeddings
2025-06-16 16:36:27,683 - INFO - SuRL_FixedRL_125327002269072 - ✅ Loaded video VID43: 2363 frames, 1024D embeddings
2025-06-16 16:36:27,829 - INFO - SuRL_FixedRL_125327002269072 - ✅ Loaded video VID47: 2260 frames, 1024D embeddings
2025-06-16 16:36:27,948 - INFO - SuRL_FixedRL_125327002269072 - ✅ Loaded video VID48: 1835 frames, 1024D embeddings
2025-06-16 16:36:28,054 - INFO - SuRL_FixedRL_125327002269072 - ✅ Loaded video VID49: 1672 frames, 1024D embeddings
2025-06-16 16:36:28,182 - INFO - SuRL_FixedRL_125327002269072 - ✅ Loaded video VID52: 1967 frames, 1024D embeddings
2025-06-16 16:36:28,310 - INFO - SuRL_FixedRL_125327002269072 - ✅ Loaded video VID56: 1837 frames, 1024D embeddings
2025-06-16 16:36:28,469 - INFO - SuRL_FixedRL_125327002269072 - ✅ Loaded video VID57: 2633 frames, 1024D embeddings
2025-06-16 16:36:28,622 - INFO - SuRL_FixedRL_125327002269072 - ✅ Loaded video VID60: 2533 frames, 1024D embeddings
2025-06-16 16:36:28,750 - INFO - SuRL_FixedRL_125327002269072 - ✅ Loaded video VID62: 2033 frames, 1024D embeddings
2025-06-16 16:36:28,882 - INFO - SuRL_FixedRL_125327002269072 - ✅ Loaded video VID65: 1874 frames, 1024D embeddings
2025-06-16 16:36:29,010 - INFO - SuRL_FixedRL_125327002269072 - ✅ Loaded video VID68: 1973 frames, 1024D embeddings
2025-06-16 16:36:29,089 - INFO - SuRL_FixedRL_125327002269072 - ✅ Loaded video VID70: 1195 frames, 1024D embeddings
2025-06-16 16:36:29,177 - INFO - SuRL_FixedRL_125327002269072 - ✅ Loaded video VID73: 1357 frames, 1024D embeddings
2025-06-16 16:36:29,286 - INFO - SuRL_FixedRL_125327002269072 - ✅ Loaded video VID74: 1635 frames, 1024D embeddings
2025-06-16 16:36:29,410 - INFO - SuRL_FixedRL_125327002269072 - ✅ Loaded video VID75: 1924 frames, 1024D embeddings
2025-06-16 16:36:29,462 - INFO - SuRL_FixedRL_125327002269072 - ✅ Loaded video VID78: 740 frames, 1024D embeddings
2025-06-16 16:36:29,576 - INFO - SuRL_FixedRL_125327002269072 - ✅ Loaded video VID80: 1725 frames, 1024D embeddings
2025-06-16 16:36:29,713 - INFO - SuRL_FixedRL_125327002269072 - ✅ Loaded video VID92: 2124 frames, 1024D embeddings
2025-06-16 16:36:29,820 - INFO - SuRL_FixedRL_125327002269072 - ✅ Loaded video VID96: 1707 frames, 1024D embeddings
2025-06-16 16:36:29,820 - INFO - SuRL_FixedRL_125327002269072 - ✅ Successfully loaded 40 videos for train
2025-06-16 16:36:29,820 - INFO - SuRL_FixedRL_125327002269072 - Loading test data from /home/maxboels/datasets/CholecT50 with fold 0
2025-06-16 16:36:29,917 - INFO - SuRL_FixedRL_125327002269072 - ✅ Loaded metadata: /home/maxboels/datasets/CholecT50/embeddings_test_set/fold0/embeddings_f0_swin_bas_129_phase_complet_phase_transit_prog_prob_action_risk_glob_outcome.csv - Shape: (21895, 156)
2025-06-16 16:36:29,918 - INFO - SuRL_FixedRL_125327002269072 - [Test] Start processing metadata file /home/maxboels/datasets/CholecT50/embeddings_test_set/fold0/embeddings_f0_swin_bas_129_phase_complet_phase_transit_prog_prob_action_risk_glob_outcome.csv
2025-06-16 16:36:29,918 - INFO - SuRL_FixedRL_125327002269072 - [Test] Rewards extraction skipped, using metadata file /home/maxboels/datasets/CholecT50/embeddings_test_set/fold0/embeddings_f0_swin_bas_129_phase_complet_phase_transit_prog_prob_action_risk_glob_outcome.csv
2025-06-16 16:36:29,918 - INFO - SuRL_FixedRL_125327002269072 - [Test] Found 10 videos in metadata file
2025-06-16 16:36:29,918 - INFO - SuRL_FixedRL_125327002269072 - [Test] Loading data for 10 videos
2025-06-16 16:36:30,164 - INFO - SuRL_FixedRL_125327002269072 - ✅ Loaded video VID02: 2840 frames, 1024D embeddings
2025-06-16 16:36:30,371 - INFO - SuRL_FixedRL_125327002269072 - ✅ Loaded video VID06: 2154 frames, 1024D embeddings
2025-06-16 16:36:30,510 - INFO - SuRL_FixedRL_125327002269072 - ✅ Loaded video VID111: 2146 frames, 1024D embeddings
2025-06-16 16:36:30,621 - INFO - SuRL_FixedRL_125327002269072 - ✅ Loaded video VID14: 1709 frames, 1024D embeddings
2025-06-16 16:36:30,763 - INFO - SuRL_FixedRL_125327002269072 - ✅ Loaded video VID23: 1636 frames, 1024D embeddings
2025-06-16 16:36:30,951 - INFO - SuRL_FixedRL_125327002269072 - ✅ Loaded video VID25: 2130 frames, 1024D embeddings
2025-06-16 16:36:31,019 - INFO - SuRL_FixedRL_125327002269072 - ✅ Loaded video VID50: 1095 frames, 1024D embeddings
2025-06-16 16:36:31,208 - INFO - SuRL_FixedRL_125327002269072 - ✅ Loaded video VID51: 2945 frames, 1024D embeddings
2025-06-16 16:36:31,354 - INFO - SuRL_FixedRL_125327002269072 - ✅ Loaded video VID66: 1825 frames, 1024D embeddings
2025-06-16 16:36:31,617 - INFO - SuRL_FixedRL_125327002269072 - ✅ Loaded video VID79: 3415 frames, 1024D embeddings
2025-06-16 16:36:31,618 - INFO - SuRL_FixedRL_125327002269072 - ✅ Successfully loaded 10 videos for test
2025-06-16 16:36:31,618 - INFO - SuRL_FixedRL_125327002269072 - ✅ Data loaded successfully
2025-06-16 16:36:31,618 - INFO - SuRL_FixedRL_125327002269072 -    Training videos: 40
2025-06-16 16:36:31,618 - INFO - SuRL_FixedRL_125327002269072 -    Test videos: 10
2025-06-16 16:36:31,618 - INFO - SuRL_FixedRL_125327002269072 - 🎓 Method 1: Autoregressive IL is disabled in config, skipping...
2025-06-16 16:36:31,618 - INFO - SuRL_FixedRL_125327002269072 - 🌍 Running Method 2: FIXED Conditional World Model + RL
2025-06-16 16:36:31,618 - INFO - SuRL_FixedRL_125327002269072 - 🌍 Method 2: FIXED Conditional World Model + RL
2025-06-16 16:36:31,618 - INFO - SuRL_FixedRL_125327002269072 - ----------------------------------------
2025-06-16 16:36:31,618 - INFO - SuRL_FixedRL_125327002269072 - 🏋️ Will train world model from scratch
2025-06-16 16:36:31,779 - INFO - SuRL_FixedRL_125327002269072 - ✅ World model initialized for training
